Log file open, 10/16/20 13:55:44
LogWindows: Failed to load 'aqProf.dll' (GetLastError=126)
LogWindows: File 'aqProf.dll' does not exist
LogWindows: Failed to load 'VtuneApi.dll' (GetLastError=126)
LogWindows: File 'VtuneApi.dll' does not exist
LogWindows: Failed to load 'VtuneApi32e.dll' (GetLastError=126)
LogWindows: File 'VtuneApi32e.dll' does not exist
LogConsoleResponse: Display: Failed to find resolution value strings in scalability ini. Falling back to default.
LogInit: Display: Running engine for game: AdvGamesProgramming
LogPlatformFile: Not using cached read wrapper
LogTaskGraph: Started task graph with 5 named threads and 23 total threads with 3 sets of task threads.
LogStats: Stats thread started at 0.164369
LogD3D11RHI: Loaded GFSDK_Aftermath_Lib.x64.dll
LogICUInternationalization: ICU TimeZone Detection - Raw Offset: +10:00, Platform Override: ''
LogPluginManager: Mounting plugin Paper2D
LogPluginManager: Mounting plugin AISupport
LogPluginManager: Mounting plugin LightPropagationVolume
LogPluginManager: Mounting plugin ActorLayerUtilities
LogPluginManager: Mounting plugin AnimationSharing
LogPluginManager: Mounting plugin CLionSourceCodeAccess
LogPluginManager: Mounting plugin CodeLiteSourceCodeAccess
LogPluginManager: Mounting plugin GitSourceControl
LogPluginManager: Mounting plugin KDevelopSourceCodeAccess
LogPluginManager: Mounting plugin NullSourceCodeAccess
LogPluginManager: Mounting plugin PerforceSourceControl
LogPluginManager: Mounting plugin PlasticSourceControl
LogPluginManager: Mounting plugin SubversionSourceControl
LogPluginManager: Mounting plugin UObjectPlugin
LogPluginManager: Mounting plugin VisualStudioCodeSourceCodeAccess
LogPluginManager: Mounting plugin VisualStudioSourceCodeAccess
LogPluginManager: Mounting plugin XCodeSourceCodeAccess
LogPluginManager: Mounting plugin AssetManagerEditor
LogPluginManager: Mounting plugin CryptoKeys
LogPluginManager: Mounting plugin CurveEditorTools
LogPluginManager: Mounting plugin DataValidation
LogPluginManager: Mounting plugin FacialAnimation
LogPluginManager: Mounting plugin GameplayTagsEditor
LogPluginManager: Mounting plugin MacGraphicsSwitching
LogPluginManager: Mounting plugin MaterialAnalyzer
LogPluginManager: Mounting plugin MobileLauncherProfileWizard
LogPluginManager: Mounting plugin PluginBrowser
LogPluginManager: Mounting plugin SpeedTreeImporter
LogPluginManager: Mounting plugin DatasmithContent
LogPluginManager: Mounting plugin VariantManagerContent
LogPluginManager: Mounting plugin AlembicImporter
LogPluginManager: Mounting plugin AutomationUtils
LogPluginManager: Mounting plugin BackChannel
LogPluginManager: Mounting plugin CharacterAI
LogPluginManager: Mounting plugin GeometryCache
LogPluginManager: Mounting plugin PlatformCrypto
LogPluginManager: Mounting plugin ProxyLODPlugin
LogPluginManager: Mounting plugin SkeletalReduction
LogPluginManager: Mounting plugin MagicLeap
LogPluginManager: Mounting plugin MagicLeapMedia
LogPluginManager: Mounting plugin MLSDK
LogPluginManager: Mounting plugin AndroidMedia
LogPluginManager: Mounting plugin AvfMedia
LogPluginManager: Mounting plugin ImgMedia
LogPluginManager: Mounting plugin MediaCompositing
LogPluginManager: Mounting plugin MediaPlayerEditor
LogPluginManager: Mounting plugin WebMMedia
LogPluginManager: Mounting plugin WmfMedia
LogPluginManager: Mounting plugin TcpMessaging
LogPluginManager: Mounting plugin UdpMessaging
LogPluginManager: Mounting plugin ActorSequence
LogPluginManager: Mounting plugin LevelSequenceEditor
LogPluginManager: Mounting plugin MatineeToLevelSequence
LogPluginManager: Mounting plugin NetcodeUnitTest
LogPluginManager: Mounting plugin NUTUnrealEngine4
LogPluginManager: Mounting plugin OnlineSubsystemGooglePlay
LogPluginManager: Mounting plugin OnlineSubsystemIOS
LogPluginManager: Mounting plugin OnlineSubsystem
LogPluginManager: Mounting plugin OnlineSubsystemNull
LogPluginManager: Mounting plugin OnlineSubsystemUtils
LogPluginManager: Mounting plugin LauncherChunkInstaller
LogPluginManager: Mounting plugin AndroidDeviceProfileSelector
LogPluginManager: Mounting plugin AndroidMoviePlayer
LogPluginManager: Mounting plugin AndroidPermission
LogPluginManager: Mounting plugin AppleImageUtils
LogPluginManager: Mounting plugin AppleMoviePlayer
LogPluginManager: Mounting plugin ArchVisCharacter
LogPluginManager: Mounting plugin AssetTags
LogPluginManager: Mounting plugin AudioCapture
LogPluginManager: Mounting plugin CableComponent
LogPluginManager: Mounting plugin CustomMeshComponent
LogPluginManager: Mounting plugin EditableMesh
LogPluginManager: Mounting plugin ExampleDeviceProfileSelector
LogPluginManager: Mounting plugin GoogleCloudMessaging
LogPluginManager: Mounting plugin IOSDeviceProfileSelector
LogPluginManager: Mounting plugin LinuxDeviceProfileSelector
LogPluginManager: Mounting plugin LocationServicesBPLibrary
LogPluginManager: Mounting plugin MobilePatchingUtils
LogPluginManager: Mounting plugin PhysXVehicles
LogPluginManager: Mounting plugin PostSplashScreen
LogPluginManager: Mounting plugin ProceduralMeshComponent
LogPluginManager: Mounting plugin RuntimePhysXCooking
LogPluginManager: Mounting plugin SignificanceManager
LogPluginManager: Mounting plugin WebMMoviePlayer
LogPluginManager: Mounting plugin WindowsMoviePlayer
LogPluginManager: Mounting plugin ScreenshotTools
LogInit: Using libcurl 7.55.1-DEV
LogInit:  - built for x86_64-pc-win32
LogInit:  - supports SSL with OpenSSL/1.1.1
LogInit:  - supports HTTP deflate (compression) using libz 1.2.8
LogInit:  - other features:
LogInit:      CURL_VERSION_SSL
LogInit:      CURL_VERSION_LIBZ
LogInit:      CURL_VERSION_IPV6
LogInit:      CURL_VERSION_ASYNCHDNS
LogInit:      CURL_VERSION_LARGEFILE
LogInit:      CURL_VERSION_IDN
LogInit:  CurlRequestOptions (configurable via config and command line):
LogInit:  - bVerifyPeer = true  - Libcurl will verify peer certificate
LogInit:  - bUseHttpProxy = false  - Libcurl will NOT use HTTP proxy
LogInit:  - bDontReuseConnections = false  - Libcurl will reuse connections
LogInit:  - MaxHostConnections = 16  - Libcurl will limit the number of connections to a host
LogInit:  - LocalHostAddr = Default
LogInit:  - BufferSize = 65536
LogOnline: OSS: Creating online subsystem instance for: NULL
LogInit: WinSock: version 1.1 (2.2), MaxSocks=32767, MaxUdp=65467
LogOnline: OSS: TryLoadSubsystemAndSetDefault: Loaded subsystem for module [NULL]
LogInit: Build: ++UE4+Release-4.24-CL-11590370
LogInit: Engine Version: 4.24.3-11590370+++UE4+Release-4.24
LogInit: Compatible Engine Version: 4.24.0-10570792+++UE4+Release-4.24
LogInit: Net CL: 10570792
LogInit: OS: Windows 10 (Release 1903) (), CPU: Intel(R) Core(TM) i7-6700HQ CPU @ 2.60GHz, GPU: Intel(R) HD Graphics 530
LogInit: Compiled (64-bit): Feb 24 2020 15:39:18
LogInit: Compiled with Visual C++: 19.16.27032.01
LogInit: Build Configuration: Development
LogInit: Branch Name: ++UE4+Release-4.24
LogInit: Command Line: 
LogInit: Base Directory: C:/Program Files/Epic Games/UE_4.24/Engine/Binaries/Win64/
LogInit: Installed Engine Build: 1
LogDevObjectVersion: Number of dev versions registered: 25
LogDevObjectVersion:   Dev-Blueprints (B0D832E4-1F89-4F0D-ACCF-7EB736FD4AA2): 10
LogDevObjectVersion:   Dev-Build (E1C64328-A22C-4D53-A36C-8E866417BD8C): 0
LogDevObjectVersion:   Dev-Core (375EC13C-06E4-48FB-B500-84F0262A717E): 3
LogDevObjectVersion:   Dev-Editor (E4B068ED-F494-42E9-A231-DA0B2E46BB41): 37
LogDevObjectVersion:   Dev-Framework (CFFC743F-43B0-4480-9391-14DF171D2073): 36
LogDevObjectVersion:   Dev-Mobile (B02B49B5-BB20-44E9-A304-32B752E40360): 2
LogDevObjectVersion:   Dev-Networking (A4E4105C-59A1-49B5-A7C5-40C4547EDFEE): 0
LogDevObjectVersion:   Dev-Online (39C831C9-5AE6-47DC-9A44-9C173E1C8E7C): 0
LogDevObjectVersion:   Dev-Physics (78F01B33-EBEA-4F98-B9B4-84EACCB95AA2): 2
LogDevObjectVersion:   Dev-Platform (6631380F-2D4D-43E0-8009-CF276956A95A): 0
LogDevObjectVersion:   Dev-Rendering (12F88B9F-8875-4AFC-A67C-D90C383ABD29): 36
LogDevObjectVersion:   Dev-Sequencer (7B5AE74C-D270-4C10-A958-57980B212A5A): 11
LogDevObjectVersion:   Dev-VR (D7296918-1DD6-4BDD-9DE2-64A83CC13884): 2
LogDevObjectVersion:   Dev-LoadTimes (C2A15278-BFE7-4AFE-6C17-90FF531DF755): 1
LogDevObjectVersion:   Private-Geometry (6EACA3D4-40EC-4CC1-B786-8BED09428FC5): 3
LogDevObjectVersion:   Dev-AnimPhys (29E575DD-E0A3-4627-9D10-D276232CDCEA): 17
LogDevObjectVersion:   Dev-Anim (AF43A65D-7FD3-4947-9873-3E8ED9C1BB05): 2
LogDevObjectVersion:   Dev-ReflectionCapture (6B266CEC-1EC7-4B8F-A30B-E4D90942FC07): 1
LogDevObjectVersion:   Dev-Automation (0DF73D61-A23F-47EA-B727-89E90C41499A): 1
LogDevObjectVersion:   FortniteMain (601D1886-AC64-4F84-AA16-D3DE0DEAC7D6): 31
LogDevObjectVersion:   Dev-Enterprise (9DFFBCD6-494F-0158-E221-12823C92A888): 8
LogDevObjectVersion:   Dev-Niagara (F2AED0AC-9AFE-416F-8664-AA7FFA26D6FC): 1
LogDevObjectVersion:   Dev-Destruction (174F1F0B-B4C6-45A5-B13F-2EE8D0FB917D): 9
LogDevObjectVersion:   Dev-Physics-Ext (35F94A83-E258-406C-A318-09F59610247C): 8
LogDevObjectVersion:   Dev-CineCamera (B2E18506-4273-CFC2-A54E-F4BB758BBA07): 1
LogInit: Presizing for max 25165824 objects, including 0 objects not considered by GC, pre-allocating 0 bytes for permanent pool.
LogInit: Object subsystem initialized
LogConfig: Setting CVar [[con.DebugEarlyDefault:1]]
LogConfig: Setting CVar [[r.setres:1280x720]]
[2020.10.16-02.55.45:350][  0]LogConfig: Setting CVar [[r.VSync:0]]
[2020.10.16-02.55.45:350][  0]LogConfig: Setting CVar [[r.RHICmdBypass:0]]
[2020.10.16-02.55.45:350][  0]LogConfig: Applying CVar settings from Section [/Script/Engine.RendererSettings] File [C:/Users/Pog/Documents/School/Year 4/Sem 2/AdvancedGames/Assignment 2/Git/AdvGamesProgramming/GameFiles/Saved/Config/Windows/Engine.ini]
[2020.10.16-02.55.45:350][  0]LogConfig: Setting CVar [[r.GPUCrashDebugging:0]]
[2020.10.16-02.55.45:350][  0]LogConfig: Applying CVar settings from Section [/Script/Engine.RendererOverrideSettings] File [C:/Users/Pog/Documents/School/Year 4/Sem 2/AdvancedGames/Assignment 2/Git/AdvGamesProgramming/GameFiles/Saved/Config/Windows/Engine.ini]
[2020.10.16-02.55.45:350][  0]LogConfig: Applying CVar settings from Section [/Script/Engine.StreamingSettings] File [C:/Users/Pog/Documents/School/Year 4/Sem 2/AdvancedGames/Assignment 2/Git/AdvGamesProgramming/GameFiles/Saved/Config/Windows/Engine.ini]
[2020.10.16-02.55.45:350][  0]LogConfig: Setting CVar [[s.MinBulkDataSizeForAsyncLoading:131072]]
[2020.10.16-02.55.45:350][  0]LogConfig: Setting CVar [[s.AsyncLoadingThreadEnabled:0]]
[2020.10.16-02.55.45:350][  0]LogConfig: Setting CVar [[s.EventDrivenLoaderEnabled:1]]
[2020.10.16-02.55.45:350][  0]LogConfig: Setting CVar [[s.WarnIfTimeLimitExceeded:0]]
[2020.10.16-02.55.45:350][  0]LogConfig: Setting CVar [[s.TimeLimitExceededMultiplier:1.5]]
[2020.10.16-02.55.45:350][  0]LogConfig: Setting CVar [[s.TimeLimitExceededMinTime:0.005]]
[2020.10.16-02.55.45:350][  0]LogConfig: Setting CVar [[s.UseBackgroundLevelStreaming:1]]
[2020.10.16-02.55.45:350][  0]LogConfig: Setting CVar [[s.PriorityAsyncLoadingExtraTime:15.0]]
[2020.10.16-02.55.45:350][  0]LogConfig: Setting CVar [[s.LevelStreamingActorsUpdateTimeLimit:5.0]]
[2020.10.16-02.55.45:350][  0]LogConfig: Setting CVar [[s.PriorityLevelStreamingActorsUpdateExtraTime:5.0]]
[2020.10.16-02.55.45:350][  0]LogConfig: Setting CVar [[s.LevelStreamingComponentsRegistrationGranularity:10]]
[2020.10.16-02.55.45:350][  0]LogConfig: Setting CVar [[s.UnregisterComponentsTimeLimit:1.0]]
[2020.10.16-02.55.45:350][  0]LogConfig: Setting CVar [[s.LevelStreamingComponentsUnregistrationGranularity:5]]
[2020.10.16-02.55.45:350][  0]LogConfig: Setting CVar [[s.FlushStreamingOnExit:1]]
[2020.10.16-02.55.45:350][  0]LogConfig: Applying CVar settings from Section [/Script/Engine.GarbageCollectionSettings] File [C:/Users/Pog/Documents/School/Year 4/Sem 2/AdvancedGames/Assignment 2/Git/AdvGamesProgramming/GameFiles/Saved/Config/Windows/Engine.ini]
[2020.10.16-02.55.45:350][  0]LogConfig: Setting CVar [[gc.MaxObjectsNotConsideredByGC:1]]
[2020.10.16-02.55.45:350][  0]LogConfig: Setting CVar [[gc.SizeOfPermanentObjectPool:0]]
[2020.10.16-02.55.45:350][  0]LogConfig: Setting CVar [[gc.FlushStreamingOnGC:0]]
[2020.10.16-02.55.45:350][  0]LogConfig: Setting CVar [[gc.NumRetriesBeforeForcingGC:10]]
[2020.10.16-02.55.45:350][  0]LogConfig: Setting CVar [[gc.AllowParallelGC:1]]
[2020.10.16-02.55.45:350][  0]LogConfig: Setting CVar [[gc.TimeBetweenPurgingPendingKillObjects:61.1]]
[2020.10.16-02.55.45:350][  0]LogConfig: Setting CVar [[gc.MaxObjectsInEditor:25165824]]
[2020.10.16-02.55.45:350][  0]LogConfig: Setting CVar [[gc.IncrementalBeginDestroyEnabled:1]]
[2020.10.16-02.55.45:350][  0]LogConfig: Setting CVar [[gc.CreateGCClusters:1]]
[2020.10.16-02.55.45:350][  0]LogConfig: Setting CVar [[gc.MinGCClusterSize:5]]
[2020.10.16-02.55.45:350][  0]LogConfig: Setting CVar [[gc.ActorClusteringEnabled:0]]
[2020.10.16-02.55.45:350][  0]LogConfig: Setting CVar [[gc.BlueprintClusteringEnabled:0]]
[2020.10.16-02.55.45:350][  0]LogConfig: Setting CVar [[gc.UseDisregardForGCOnDedicatedServers:0]]
[2020.10.16-02.55.45:350][  0]LogConfig: Applying CVar settings from Section [/Script/Engine.NetworkSettings] File [C:/Users/Pog/Documents/School/Year 4/Sem 2/AdvancedGames/Assignment 2/Git/AdvGamesProgramming/GameFiles/Saved/Config/Windows/Engine.ini]
[2020.10.16-02.55.45:350][  0]LogConfig: Applying CVar settings from Section [/Script/UnrealEd.CookerSettings] File [C:/Users/Pog/Documents/School/Year 4/Sem 2/AdvancedGames/Assignment 2/Git/AdvGamesProgramming/GameFiles/Saved/Config/Windows/Engine.ini]
[2020.10.16-02.55.45:355][  0]LogConfig: Applying CVar settings from Section [ViewDistanceQuality@3] File [C:/Users/Pog/Documents/School/Year 4/Sem 2/AdvancedGames/Assignment 2/Git/AdvGamesProgramming/GameFiles/Saved/Config/Windows/Scalability.ini]
[2020.10.16-02.55.45:355][  0]LogConfig: Setting CVar [[r.SkeletalMeshLODBias:0]]
[2020.10.16-02.55.45:355][  0]LogConfig: Setting CVar [[r.ViewDistanceScale:1.0]]
[2020.10.16-02.55.45:355][  0]LogConfig: Applying CVar settings from Section [AntiAliasingQuality@3] File [C:/Users/Pog/Documents/School/Year 4/Sem 2/AdvancedGames/Assignment 2/Git/AdvGamesProgramming/GameFiles/Saved/Config/Windows/Scalability.ini]
[2020.10.16-02.55.45:355][  0]LogConfig: Setting CVar [[r.PostProcessAAQuality:4]]
[2020.10.16-02.55.45:355][  0]LogConfig: Applying CVar settings from Section [ShadowQuality@3] File [C:/Users/Pog/Documents/School/Year 4/Sem 2/AdvancedGames/Assignment 2/Git/AdvGamesProgramming/GameFiles/Saved/Config/Windows/Scalability.ini]
[2020.10.16-02.55.45:355][  0]LogConfig: Setting CVar [[r.LightFunctionQuality:1]]
[2020.10.16-02.55.45:355][  0]LogConfig: Setting CVar [[r.ShadowQuality:5]]
[2020.10.16-02.55.45:355][  0]LogConfig: Setting CVar [[r.Shadow.CSM.MaxCascades:10]]
[2020.10.16-02.55.45:355][  0]LogConfig: Setting CVar [[r.Shadow.MaxResolution:2048]]
[2020.10.16-02.55.45:355][  0]LogConfig: Setting CVar [[r.Shadow.MaxCSMResolution:2048]]
[2020.10.16-02.55.45:355][  0]LogConfig: Setting CVar [[r.Shadow.RadiusThreshold:0.01]]
[2020.10.16-02.55.45:355][  0]LogConfig: Setting CVar [[r.Shadow.DistanceScale:1.0]]
[2020.10.16-02.55.45:355][  0]LogConfig: Setting CVar [[r.Shadow.CSM.TransitionScale:1.0]]
[2020.10.16-02.55.45:356][  0]LogConfig: Setting CVar [[r.Shadow.PreShadowResolutionFactor:1.0]]
[2020.10.16-02.55.45:356][  0]LogConfig: Setting CVar [[r.DistanceFieldShadowing:1]]
[2020.10.16-02.55.45:356][  0]LogConfig: Setting CVar [[r.DistanceFieldAO:1]]
[2020.10.16-02.55.45:356][  0]LogConfig: Setting CVar [[r.AOQuality:2]]
[2020.10.16-02.55.45:356][  0]LogConfig: Setting CVar [[r.VolumetricFog:1]]
[2020.10.16-02.55.45:356][  0]LogConfig: Setting CVar [[r.VolumetricFog.GridPixelSize:8]]
[2020.10.16-02.55.45:356][  0]LogConfig: Setting CVar [[r.VolumetricFog.GridSizeZ:128]]
[2020.10.16-02.55.45:356][  0]LogConfig: Setting CVar [[r.VolumetricFog.HistoryMissSupersampleCount:4]]
[2020.10.16-02.55.45:356][  0]LogConfig: Setting CVar [[r.LightMaxDrawDistanceScale:1]]
[2020.10.16-02.55.45:356][  0]LogConfig: Setting CVar [[r.CapsuleShadows:1]]
[2020.10.16-02.55.45:356][  0]LogConfig: Applying CVar settings from Section [PostProcessQuality@3] File [C:/Users/Pog/Documents/School/Year 4/Sem 2/AdvancedGames/Assignment 2/Git/AdvGamesProgramming/GameFiles/Saved/Config/Windows/Scalability.ini]
[2020.10.16-02.55.45:356][  0]LogConfig: Setting CVar [[r.MotionBlurQuality:4]]
[2020.10.16-02.55.45:356][  0]LogConfig: Setting CVar [[r.AmbientOcclusionMipLevelFactor:0.4]]
[2020.10.16-02.55.45:356][  0]LogConfig: Setting CVar [[r.AmbientOcclusionMaxQuality:100]]
[2020.10.16-02.55.45:356][  0]LogConfig: Setting CVar [[r.AmbientOcclusionLevels:-1]]
[2020.10.16-02.55.45:356][  0]LogConfig: Setting CVar [[r.AmbientOcclusionRadiusScale:1.0]]
[2020.10.16-02.55.45:356][  0]LogConfig: Setting CVar [[r.DepthOfFieldQuality:2]]
[2020.10.16-02.55.45:356][  0]LogConfig: Setting CVar [[r.RenderTargetPoolMin:400]]
[2020.10.16-02.55.45:356][  0]LogConfig: Setting CVar [[r.LensFlareQuality:2]]
[2020.10.16-02.55.45:356][  0]LogConfig: Setting CVar [[r.SceneColorFringeQuality:1]]
[2020.10.16-02.55.45:356][  0]LogConfig: Setting CVar [[r.EyeAdaptationQuality:2]]
[2020.10.16-02.55.45:356][  0]LogConfig: Setting CVar [[r.BloomQuality:5]]
[2020.10.16-02.55.45:356][  0]LogConfig: Setting CVar [[r.FastBlurThreshold:100]]
[2020.10.16-02.55.45:356][  0]LogConfig: Setting CVar [[r.Upscale.Quality:3]]
[2020.10.16-02.55.45:356][  0]LogConfig: Setting CVar [[r.Tonemapper.GrainQuantization:1]]
[2020.10.16-02.55.45:356][  0]LogConfig: Setting CVar [[r.LightShaftQuality:1]]
[2020.10.16-02.55.45:356][  0]LogConfig: Setting CVar [[r.Filter.SizeScale:1]]
[2020.10.16-02.55.45:356][  0]LogConfig: Setting CVar [[r.Tonemapper.Quality:5]]
[2020.10.16-02.55.45:357][  0]LogConfig: Setting CVar [[r.DOF.Gather.AccumulatorQuality:1        ; higher gathering accumulator quality]]
[2020.10.16-02.55.45:357][  0]LogConfig: Setting CVar [[r.DOF.Gather.PostfilterMethod:1          ; Median3x3 postfilering method]]
[2020.10.16-02.55.45:357][  0]LogConfig: Setting CVar [[r.DOF.Gather.EnableBokehSettings:0       ; no bokeh simulation when gathering]]
[2020.10.16-02.55.45:357][  0]LogConfig: Setting CVar [[r.DOF.Gather.RingCount:4                 ; medium number of samples when gathering]]
[2020.10.16-02.55.45:357][  0]LogConfig: Setting CVar [[r.DOF.Scatter.ForegroundCompositing:1    ; additive foreground scattering]]
[2020.10.16-02.55.45:357][  0]LogConfig: Setting CVar [[r.DOF.Scatter.BackgroundCompositing:2    ; additive background scattering]]
[2020.10.16-02.55.45:357][  0]LogConfig: Setting CVar [[r.DOF.Scatter.EnableBokehSettings:1      ; bokeh simulation when scattering]]
[2020.10.16-02.55.45:357][  0]LogConfig: Setting CVar [[r.DOF.Scatter.MaxSpriteRatio:0.1         ; only a maximum of 10% of scattered bokeh]]
[2020.10.16-02.55.45:357][  0]LogConfig: Setting CVar [[r.DOF.Recombine.Quality:1                ; cheap slight out of focus]]
[2020.10.16-02.55.45:357][  0]LogConfig: Setting CVar [[r.DOF.Recombine.EnableBokehSettings:0    ; no bokeh simulation on slight out of focus]]
[2020.10.16-02.55.45:357][  0]LogConfig: Setting CVar [[r.DOF.TemporalAAQuality:1                ; more stable temporal accumulation]]
[2020.10.16-02.55.45:357][  0]LogConfig: Setting CVar [[r.DOF.Kernel.MaxForegroundRadius:0.025]]
[2020.10.16-02.55.45:357][  0]LogConfig: Setting CVar [[r.DOF.Kernel.MaxBackgroundRadius:0.025]]
[2020.10.16-02.55.45:357][  0]LogConfig: Applying CVar settings from Section [TextureQuality@3] File [C:/Users/Pog/Documents/School/Year 4/Sem 2/AdvancedGames/Assignment 2/Git/AdvGamesProgramming/GameFiles/Saved/Config/Windows/Scalability.ini]
[2020.10.16-02.55.45:357][  0]LogConfig: Setting CVar [[r.Streaming.MipBias:0]]
[2020.10.16-02.55.45:357][  0]LogConfig: Setting CVar [[r.Streaming.AmortizeCPUToGPUCopy:0]]
[2020.10.16-02.55.45:357][  0]LogConfig: Setting CVar [[r.Streaming.MaxNumTexturesToStreamPerFrame:0]]
[2020.10.16-02.55.45:357][  0]LogConfig: Setting CVar [[r.Streaming.Boost:1]]
[2020.10.16-02.55.45:357][  0]LogConfig: Setting CVar [[r.MaxAnisotropy:8]]
[2020.10.16-02.55.45:357][  0]LogConfig: Setting CVar [[r.VT.MaxAnisotropy:8]]
[2020.10.16-02.55.45:357][  0]LogConfig: Setting CVar [[r.Streaming.LimitPoolSizeToVRAM:0]]
[2020.10.16-02.55.45:357][  0]LogConfig: Setting CVar [[r.Streaming.PoolSize:1000]]
[2020.10.16-02.55.45:357][  0]LogConfig: Setting CVar [[r.Streaming.MaxEffectiveScreenSize:0]]
[2020.10.16-02.55.45:357][  0]LogConfig: Applying CVar settings from Section [EffectsQuality@3] File [C:/Users/Pog/Documents/School/Year 4/Sem 2/AdvancedGames/Assignment 2/Git/AdvGamesProgramming/GameFiles/Saved/Config/Windows/Scalability.ini]
[2020.10.16-02.55.45:357][  0]LogConfig: Setting CVar [[r.TranslucencyLightingVolumeDim:64]]
[2020.10.16-02.55.45:357][  0]LogConfig: Setting CVar [[r.RefractionQuality:2]]
[2020.10.16-02.55.45:357][  0]LogConfig: Setting CVar [[r.SSR.Quality:3]]
[2020.10.16-02.55.45:357][  0]LogConfig: Setting CVar [[r.SSR.HalfResSceneColor:0]]
[2020.10.16-02.55.45:357][  0]LogConfig: Setting CVar [[r.SceneColorFormat:4]]
[2020.10.16-02.55.45:357][  0]LogConfig: Setting CVar [[r.DetailMode:2]]
[2020.10.16-02.55.45:357][  0]LogConfig: Setting CVar [[r.TranslucencyVolumeBlur:1]]
[2020.10.16-02.55.45:357][  0]LogConfig: Setting CVar [[r.MaterialQualityLevel:1 ; High quality]]
[2020.10.16-02.55.45:357][  0]LogConfig: Setting CVar [[r.SSS.Scale:1]]
[2020.10.16-02.55.45:357][  0]LogConfig: Setting CVar [[r.SSS.SampleSet:2]]
[2020.10.16-02.55.45:357][  0]LogConfig: Setting CVar [[r.SSS.Quality:1]]
[2020.10.16-02.55.45:357][  0]LogConfig: Setting CVar [[r.SSS.HalfRes:1]]
[2020.10.16-02.55.45:357][  0]LogConfig: Setting CVar [[r.SSGI.Quality:3]]
[2020.10.16-02.55.45:357][  0]LogConfig: Setting CVar [[r.EmitterSpawnRateScale:1.0]]
[2020.10.16-02.55.45:357][  0]LogConfig: Setting CVar [[r.ParticleLightQuality:2]]
[2020.10.16-02.55.45:357][  0]LogConfig: Setting CVar [[r.SkyAtmosphere.AerialPerspectiveLUT.FastApplyOnOpaque:1 ; Always have FastSkyLUT 1 in this case to avoid wrong sky]]
[2020.10.16-02.55.45:357][  0]LogConfig: Setting CVar [[r.SkyAtmosphere.AerialPerspectiveLUT.SampleCountPerSlice:1]]
[2020.10.16-02.55.45:357][  0]LogConfig: Setting CVar [[r.SkyAtmosphere.AerialPerspectiveLUT.DepthResolution:16.0]]
[2020.10.16-02.55.45:357][  0]LogConfig: Setting CVar [[r.SkyAtmosphere.FastSkyLUT:1]]
[2020.10.16-02.55.45:357][  0]LogConfig: Setting CVar [[r.SkyAtmosphere.FastSkyLUT.SampleCountMin:4.0]]
[2020.10.16-02.55.45:357][  0]LogConfig: Setting CVar [[r.SkyAtmosphere.FastSkyLUT.SampleCountMax:32.0]]
[2020.10.16-02.55.45:357][  0]LogConfig: Setting CVar [[r.SkyAtmosphere.SampleCountMin:4.0]]
[2020.10.16-02.55.45:357][  0]LogConfig: Setting CVar [[r.SkyAtmosphere.SampleCountMax:32.0]]
[2020.10.16-02.55.45:358][  0]LogConfig: Setting CVar [[r.SkyAtmosphere.TransmittanceLUT.UseSmallFormat:0]]
[2020.10.16-02.55.45:358][  0]LogConfig: Setting CVar [[r.SkyAtmosphere.TransmittanceLUT.SampleCount:10.0]]
[2020.10.16-02.55.45:358][  0]LogConfig: Setting CVar [[r.SkyAtmosphere.MultiScatteringLUT.SampleCount:15.0]]
[2020.10.16-02.55.45:358][  0]LogConfig: Applying CVar settings from Section [FoliageQuality@3] File [C:/Users/Pog/Documents/School/Year 4/Sem 2/AdvancedGames/Assignment 2/Git/AdvGamesProgramming/GameFiles/Saved/Config/Windows/Scalability.ini]
[2020.10.16-02.55.45:358][  0]LogConfig: Setting CVar [[foliage.DensityScale:1.0]]
[2020.10.16-02.55.45:358][  0]LogConfig: Setting CVar [[grass.DensityScale:1.0]]
[2020.10.16-02.55.45:358][  0]LogConfig: Applying CVar settings from Section [ShadingQuality@3] File [C:/Users/Pog/Documents/School/Year 4/Sem 2/AdvancedGames/Assignment 2/Git/AdvGamesProgramming/GameFiles/Saved/Config/Windows/Scalability.ini]
[2020.10.16-02.55.45:358][  0]LogConfig: Setting CVar [[r.HairStrands.SkyLighting.SampleCount:16]]
[2020.10.16-02.55.45:358][  0]LogConfig: Setting CVar [[r.HairStrands.SkyLighting.JitterIntegration:0]]
[2020.10.16-02.55.45:358][  0]LogConfig: Setting CVar [[r.HairStrands.SkyAO.SampleCount:16]]
[2020.10.16-02.55.45:358][  0]LogInit: Selected Device Profile: [Windows]
[2020.10.16-02.55.45:358][  0]LogInit: Applying CVar settings loaded from the selected device profile: [Windows]
[2020.10.16-02.55.45:370][  0]LogHAL: Display: Platform has ~ 16 GB [17067356160 / 17179869184 / 16], which maps to Larger [LargestMinGB=32, LargerMinGB=12, DefaultMinGB=8, SmallerMinGB=6, SmallestMinGB=0)
[2020.10.16-02.55.45:371][  0]LogInit: Going up to parent DeviceProfile []
[2020.10.16-02.55.45:371][  0]LogConfig: Applying CVar settings from Section [ViewDistanceQuality@3] File [C:/Users/Pog/Documents/School/Year 4/Sem 2/AdvancedGames/Assignment 2/Git/AdvGamesProgramming/GameFiles/Saved/Config/Windows/Scalability.ini]
[2020.10.16-02.55.45:371][  0]LogConfig: Setting CVar [[r.SkeletalMeshLODBias:0]]
[2020.10.16-02.55.45:371][  0]LogConfig: Setting CVar [[r.ViewDistanceScale:1.0]]
[2020.10.16-02.55.45:371][  0]LogConfig: Applying CVar settings from Section [AntiAliasingQuality@3] File [C:/Users/Pog/Documents/School/Year 4/Sem 2/AdvancedGames/Assignment 2/Git/AdvGamesProgramming/GameFiles/Saved/Config/Windows/Scalability.ini]
[2020.10.16-02.55.45:371][  0]LogConfig: Setting CVar [[r.PostProcessAAQuality:4]]
[2020.10.16-02.55.45:371][  0]LogConfig: Applying CVar settings from Section [ShadowQuality@3] File [C:/Users/Pog/Documents/School/Year 4/Sem 2/AdvancedGames/Assignment 2/Git/AdvGamesProgramming/GameFiles/Saved/Config/Windows/Scalability.ini]
[2020.10.16-02.55.45:371][  0]LogConfig: Setting CVar [[r.LightFunctionQuality:1]]
[2020.10.16-02.55.45:371][  0]LogConfig: Setting CVar [[r.ShadowQuality:5]]
[2020.10.16-02.55.45:371][  0]LogConfig: Setting CVar [[r.Shadow.CSM.MaxCascades:10]]
[2020.10.16-02.55.45:371][  0]LogConfig: Setting CVar [[r.Shadow.MaxResolution:2048]]
[2020.10.16-02.55.45:371][  0]LogConfig: Setting CVar [[r.Shadow.MaxCSMResolution:2048]]
[2020.10.16-02.55.45:371][  0]LogConfig: Setting CVar [[r.Shadow.RadiusThreshold:0.01]]
[2020.10.16-02.55.45:371][  0]LogConfig: Setting CVar [[r.Shadow.DistanceScale:1.0]]
[2020.10.16-02.55.45:371][  0]LogConfig: Setting CVar [[r.Shadow.CSM.TransitionScale:1.0]]
[2020.10.16-02.55.45:371][  0]LogConfig: Setting CVar [[r.Shadow.PreShadowResolutionFactor:1.0]]
[2020.10.16-02.55.45:371][  0]LogConfig: Setting CVar [[r.DistanceFieldShadowing:1]]
[2020.10.16-02.55.45:371][  0]LogConfig: Setting CVar [[r.DistanceFieldAO:1]]
[2020.10.16-02.55.45:371][  0]LogConfig: Setting CVar [[r.AOQuality:2]]
[2020.10.16-02.55.45:371][  0]LogConfig: Setting CVar [[r.VolumetricFog:1]]
[2020.10.16-02.55.45:371][  0]LogConfig: Setting CVar [[r.VolumetricFog.GridPixelSize:8]]
[2020.10.16-02.55.45:371][  0]LogConfig: Setting CVar [[r.VolumetricFog.GridSizeZ:128]]
[2020.10.16-02.55.45:371][  0]LogConfig: Setting CVar [[r.VolumetricFog.HistoryMissSupersampleCount:4]]
[2020.10.16-02.55.45:371][  0]LogConfig: Setting CVar [[r.LightMaxDrawDistanceScale:1]]
[2020.10.16-02.55.45:372][  0]LogConfig: Setting CVar [[r.CapsuleShadows:1]]
[2020.10.16-02.55.45:372][  0]LogConfig: Applying CVar settings from Section [PostProcessQuality@3] File [C:/Users/Pog/Documents/School/Year 4/Sem 2/AdvancedGames/Assignment 2/Git/AdvGamesProgramming/GameFiles/Saved/Config/Windows/Scalability.ini]
[2020.10.16-02.55.45:372][  0]LogConfig: Setting CVar [[r.MotionBlurQuality:4]]
[2020.10.16-02.55.45:372][  0]LogConfig: Setting CVar [[r.AmbientOcclusionMipLevelFactor:0.4]]
[2020.10.16-02.55.45:372][  0]LogConfig: Setting CVar [[r.AmbientOcclusionMaxQuality:100]]
[2020.10.16-02.55.45:372][  0]LogConfig: Setting CVar [[r.AmbientOcclusionLevels:-1]]
[2020.10.16-02.55.45:372][  0]LogConfig: Setting CVar [[r.AmbientOcclusionRadiusScale:1.0]]
[2020.10.16-02.55.45:372][  0]LogConfig: Setting CVar [[r.DepthOfFieldQuality:2]]
[2020.10.16-02.55.45:372][  0]LogConfig: Setting CVar [[r.RenderTargetPoolMin:400]]
[2020.10.16-02.55.45:372][  0]LogConfig: Setting CVar [[r.LensFlareQuality:2]]
[2020.10.16-02.55.45:372][  0]LogConfig: Setting CVar [[r.SceneColorFringeQuality:1]]
[2020.10.16-02.55.45:372][  0]LogConfig: Setting CVar [[r.EyeAdaptationQuality:2]]
[2020.10.16-02.55.45:372][  0]LogConfig: Setting CVar [[r.BloomQuality:5]]
[2020.10.16-02.55.45:372][  0]LogConfig: Setting CVar [[r.FastBlurThreshold:100]]
[2020.10.16-02.55.45:372][  0]LogConfig: Setting CVar [[r.Upscale.Quality:3]]
[2020.10.16-02.55.45:372][  0]LogConfig: Setting CVar [[r.Tonemapper.GrainQuantization:1]]
[2020.10.16-02.55.45:372][  0]LogConfig: Setting CVar [[r.LightShaftQuality:1]]
[2020.10.16-02.55.45:372][  0]LogConfig: Setting CVar [[r.Filter.SizeScale:1]]
[2020.10.16-02.55.45:372][  0]LogConfig: Setting CVar [[r.Tonemapper.Quality:5]]
[2020.10.16-02.55.45:372][  0]LogConfig: Setting CVar [[r.DOF.Gather.AccumulatorQuality:1        ; higher gathering accumulator quality]]
[2020.10.16-02.55.45:372][  0]LogConfig: Setting CVar [[r.DOF.Gather.PostfilterMethod:1          ; Median3x3 postfilering method]]
[2020.10.16-02.55.45:372][  0]LogConfig: Setting CVar [[r.DOF.Gather.EnableBokehSettings:0       ; no bokeh simulation when gathering]]
[2020.10.16-02.55.45:372][  0]LogConfig: Setting CVar [[r.DOF.Gather.RingCount:4                 ; medium number of samples when gathering]]
[2020.10.16-02.55.45:372][  0]LogConfig: Setting CVar [[r.DOF.Scatter.ForegroundCompositing:1    ; additive foreground scattering]]
[2020.10.16-02.55.45:372][  0]LogConfig: Setting CVar [[r.DOF.Scatter.BackgroundCompositing:2    ; additive background scattering]]
[2020.10.16-02.55.45:372][  0]LogConfig: Setting CVar [[r.DOF.Scatter.EnableBokehSettings:1      ; bokeh simulation when scattering]]
[2020.10.16-02.55.45:372][  0]LogConfig: Setting CVar [[r.DOF.Scatter.MaxSpriteRatio:0.1         ; only a maximum of 10% of scattered bokeh]]
[2020.10.16-02.55.45:372][  0]LogConfig: Setting CVar [[r.DOF.Recombine.Quality:1                ; cheap slight out of focus]]
[2020.10.16-02.55.45:372][  0]LogConfig: Setting CVar [[r.DOF.Recombine.EnableBokehSettings:0    ; no bokeh simulation on slight out of focus]]
[2020.10.16-02.55.45:372][  0]LogConfig: Setting CVar [[r.DOF.TemporalAAQuality:1                ; more stable temporal accumulation]]
[2020.10.16-02.55.45:372][  0]LogConfig: Setting CVar [[r.DOF.Kernel.MaxForegroundRadius:0.025]]
[2020.10.16-02.55.45:372][  0]LogConfig: Setting CVar [[r.DOF.Kernel.MaxBackgroundRadius:0.025]]
[2020.10.16-02.55.45:372][  0]LogConfig: Applying CVar settings from Section [TextureQuality@3] File [C:/Users/Pog/Documents/School/Year 4/Sem 2/AdvancedGames/Assignment 2/Git/AdvGamesProgramming/GameFiles/Saved/Config/Windows/Scalability.ini]
[2020.10.16-02.55.45:372][  0]LogConfig: Setting CVar [[r.Streaming.MipBias:0]]
[2020.10.16-02.55.45:372][  0]LogConfig: Setting CVar [[r.Streaming.AmortizeCPUToGPUCopy:0]]
[2020.10.16-02.55.45:372][  0]LogConfig: Setting CVar [[r.Streaming.MaxNumTexturesToStreamPerFrame:0]]
[2020.10.16-02.55.45:372][  0]LogConfig: Setting CVar [[r.Streaming.Boost:1]]
[2020.10.16-02.55.45:372][  0]LogConfig: Setting CVar [[r.MaxAnisotropy:8]]
[2020.10.16-02.55.45:372][  0]LogConfig: Setting CVar [[r.VT.MaxAnisotropy:8]]
[2020.10.16-02.55.45:372][  0]LogConfig: Setting CVar [[r.Streaming.LimitPoolSizeToVRAM:0]]
[2020.10.16-02.55.45:372][  0]LogConfig: Setting CVar [[r.Streaming.PoolSize:1000]]
[2020.10.16-02.55.45:373][  0]LogConfig: Setting CVar [[r.Streaming.MaxEffectiveScreenSize:0]]
[2020.10.16-02.55.45:373][  0]LogConfig: Applying CVar settings from Section [EffectsQuality@3] File [C:/Users/Pog/Documents/School/Year 4/Sem 2/AdvancedGames/Assignment 2/Git/AdvGamesProgramming/GameFiles/Saved/Config/Windows/Scalability.ini]
[2020.10.16-02.55.45:373][  0]LogConfig: Setting CVar [[r.TranslucencyLightingVolumeDim:64]]
[2020.10.16-02.55.45:373][  0]LogConfig: Setting CVar [[r.RefractionQuality:2]]
[2020.10.16-02.55.45:373][  0]LogConfig: Setting CVar [[r.SSR.Quality:3]]
[2020.10.16-02.55.45:373][  0]LogConfig: Setting CVar [[r.SSR.HalfResSceneColor:0]]
[2020.10.16-02.55.45:373][  0]LogConfig: Setting CVar [[r.SceneColorFormat:4]]
[2020.10.16-02.55.45:373][  0]LogConfig: Setting CVar [[r.DetailMode:2]]
[2020.10.16-02.55.45:373][  0]LogConfig: Setting CVar [[r.TranslucencyVolumeBlur:1]]
[2020.10.16-02.55.45:373][  0]LogConfig: Setting CVar [[r.MaterialQualityLevel:1 ; High quality]]
[2020.10.16-02.55.45:373][  0]LogConfig: Setting CVar [[r.SSS.Scale:1]]
[2020.10.16-02.55.45:373][  0]LogConfig: Setting CVar [[r.SSS.SampleSet:2]]
[2020.10.16-02.55.45:373][  0]LogConfig: Setting CVar [[r.SSS.Quality:1]]
[2020.10.16-02.55.45:373][  0]LogConfig: Setting CVar [[r.SSS.HalfRes:1]]
[2020.10.16-02.55.45:373][  0]LogConfig: Setting CVar [[r.SSGI.Quality:3]]
[2020.10.16-02.55.45:373][  0]LogConfig: Setting CVar [[r.EmitterSpawnRateScale:1.0]]
[2020.10.16-02.55.45:373][  0]LogConfig: Setting CVar [[r.ParticleLightQuality:2]]
[2020.10.16-02.55.45:373][  0]LogConfig: Setting CVar [[r.SkyAtmosphere.AerialPerspectiveLUT.FastApplyOnOpaque:1 ; Always have FastSkyLUT 1 in this case to avoid wrong sky]]
[2020.10.16-02.55.45:373][  0]LogConfig: Setting CVar [[r.SkyAtmosphere.AerialPerspectiveLUT.SampleCountPerSlice:1]]
[2020.10.16-02.55.45:373][  0]LogConfig: Setting CVar [[r.SkyAtmosphere.AerialPerspectiveLUT.DepthResolution:16.0]]
[2020.10.16-02.55.45:373][  0]LogConfig: Setting CVar [[r.SkyAtmosphere.FastSkyLUT:1]]
[2020.10.16-02.55.45:373][  0]LogConfig: Setting CVar [[r.SkyAtmosphere.FastSkyLUT.SampleCountMin:4.0]]
[2020.10.16-02.55.45:373][  0]LogConfig: Setting CVar [[r.SkyAtmosphere.FastSkyLUT.SampleCountMax:32.0]]
[2020.10.16-02.55.45:373][  0]LogConfig: Setting CVar [[r.SkyAtmosphere.SampleCountMin:4.0]]
[2020.10.16-02.55.45:373][  0]LogConfig: Setting CVar [[r.SkyAtmosphere.SampleCountMax:32.0]]
[2020.10.16-02.55.45:373][  0]LogConfig: Setting CVar [[r.SkyAtmosphere.TransmittanceLUT.UseSmallFormat:0]]
[2020.10.16-02.55.45:373][  0]LogConfig: Setting CVar [[r.SkyAtmosphere.TransmittanceLUT.SampleCount:10.0]]
[2020.10.16-02.55.45:373][  0]LogConfig: Setting CVar [[r.SkyAtmosphere.MultiScatteringLUT.SampleCount:15.0]]
[2020.10.16-02.55.45:373][  0]LogConfig: Applying CVar settings from Section [FoliageQuality@3] File [C:/Users/Pog/Documents/School/Year 4/Sem 2/AdvancedGames/Assignment 2/Git/AdvGamesProgramming/GameFiles/Saved/Config/Windows/Scalability.ini]
[2020.10.16-02.55.45:373][  0]LogConfig: Setting CVar [[foliage.DensityScale:1.0]]
[2020.10.16-02.55.45:373][  0]LogConfig: Setting CVar [[grass.DensityScale:1.0]]
[2020.10.16-02.55.45:373][  0]LogConfig: Applying CVar settings from Section [ShadingQuality@3] File [C:/Users/Pog/Documents/School/Year 4/Sem 2/AdvancedGames/Assignment 2/Git/AdvGamesProgramming/GameFiles/Saved/Config/Windows/Scalability.ini]
[2020.10.16-02.55.45:373][  0]LogConfig: Setting CVar [[r.HairStrands.SkyLighting.SampleCount:16]]
[2020.10.16-02.55.45:373][  0]LogConfig: Setting CVar [[r.HairStrands.SkyLighting.JitterIntegration:0]]
[2020.10.16-02.55.45:373][  0]LogConfig: Setting CVar [[r.HairStrands.SkyAO.SampleCount:16]]
[2020.10.16-02.55.45:373][  0]LogConfig: Applying CVar settings from Section [Startup] File [../../../Engine/Config/ConsoleVariables.ini]
[2020.10.16-02.55.45:382][  0]LogConfig: Setting CVar [[net.UseAdaptiveNetUpdateFrequency:0]]
[2020.10.16-02.55.45:382][  0]LogConfig: Setting CVar [[p.chaos.AllowCreatePhysxBodies:1]]
[2020.10.16-02.55.45:382][  0]LogConfig: Applying CVar settings from Section [ConsoleVariables] File [C:/Users/Pog/Documents/School/Year 4/Sem 2/AdvancedGames/Assignment 2/Git/AdvGamesProgramming/GameFiles/Saved/Config/Windows/Engine.ini]
[2020.10.16-02.55.45:383][  0]LogInit: Computer: RAZER-BLADE-201
[2020.10.16-02.55.45:383][  0]LogInit: User: Jack
[2020.10.16-02.55.45:383][  0]LogInit: CPU Page size=4096, Cores=4
[2020.10.16-02.55.45:383][  0]LogInit: High frequency timer resolution =10.000000 MHz
[2020.10.16-02.55.45:383][  0]LogMemory: Memory total: Physical=15.9GB (16GB approx)
[2020.10.16-02.55.45:383][  0]LogMemory: Platform Memory Stats for Windows
[2020.10.16-02.55.45:383][  0]LogMemory: Process Physical Memory: 104.94 MB used, 104.94 MB peak
[2020.10.16-02.55.45:383][  0]LogMemory: Process Virtual Memory: 100.75 MB used, 100.75 MB peak
[2020.10.16-02.55.45:383][  0]LogMemory: Physical Memory: 12990.66 MB used,  3286.04 MB free, 16276.70 MB total
[2020.10.16-02.55.45:383][  0]LogMemory: Virtual Memory: 5134.61 MB used,  134212592.00 MB free, 134217728.00 MB total
[2020.10.16-02.55.45:391][  0]LogWindows: WindowsPlatformFeatures enabled
[2020.10.16-02.55.45:436][  0]LogInit: Using OS detected language (en-US).
[2020.10.16-02.55.45:436][  0]LogInit: Using OS detected locale (en-AU).
[2020.10.16-02.55.45:439][  0]LogTextLocalizationManager: No specific localization for 'en-US' exists, so the 'en' localization will be used.
[2020.10.16-02.55.45:864][  0]LogInit: Setting process to per monitor DPI aware
[2020.10.16-02.55.45:958][  0]LogSlate: New Slate User Created.  User Index 0, Is Virtual User: 0
[2020.10.16-02.55.45:958][  0]LogSlate: Slate User Registered.  User Index 0, Is Virtual User: 0
[2020.10.16-02.55.46:390][  0]LogD3D11RHI: D3D11 min allowed feature level: 11_0
[2020.10.16-02.55.46:390][  0]LogD3D11RHI: D3D11 max allowed feature level: 11_0
[2020.10.16-02.55.46:390][  0]LogD3D11RHI: D3D11 adapters:
[2020.10.16-02.55.46:527][  0]LogD3D11RHI:    0. 'NVIDIA GeForce GTX 1060' (Feature Level 11_0)
[2020.10.16-02.55.46:527][  0]LogD3D11RHI:       6052/0/8138 MB DedicatedVideo/DedicatedSystem/SharedSystem, Outputs:1, VendorId:0x10de
[2020.10.16-02.55.46:635][  0]LogD3D11RHI:    1. 'Intel(R) HD Graphics 530' (Feature Level 11_0)
[2020.10.16-02.55.46:635][  0]LogD3D11RHI:       128/0/8138 MB DedicatedVideo/DedicatedSystem/SharedSystem, Outputs:1, VendorId:0x8086
[2020.10.16-02.55.46:643][  0]LogD3D11RHI:    2. 'Microsoft Basic Render Driver' (Feature Level 11_0)
[2020.10.16-02.55.46:643][  0]LogD3D11RHI:       0/0/8138 MB DedicatedVideo/DedicatedSystem/SharedSystem, Outputs:0, VendorId:0x1414
[2020.10.16-02.55.46:643][  0]LogD3D11RHI: Chosen D3D11 Adapter: 0
[2020.10.16-02.55.46:666][  0]LogD3D11RHI: Creating new Direct3DDevice
[2020.10.16-02.55.46:666][  0]LogD3D11RHI:     GPU DeviceId: 0x1c20 (for the marketing name, search the web for "GPU Device Id")
[2020.10.16-02.55.46:666][  0]LogWindows: EnumDisplayDevices:
[2020.10.16-02.55.46:666][  0]LogWindows:    0. 'Intel(R) HD Graphics 530' (P:0 D:1)
[2020.10.16-02.55.46:667][  0]LogWindows:    1. 'Intel(R) HD Graphics 530' (P:0 D:0)
[2020.10.16-02.55.46:667][  0]LogWindows:    2. 'Intel(R) HD Graphics 530' (P:0 D:0)
[2020.10.16-02.55.46:668][  0]LogWindows:    3. 'NVIDIA GeForce GTX 1060' (P:1 D:1)
[2020.10.16-02.55.46:668][  0]LogWindows: DebugString: PrimaryIsNotTheChoosenAdapter PrimaryIsNotTheChoosenAdapter PrimaryIsNotTheChoosenAdapter 
[2020.10.16-02.55.46:668][  0]LogD3D11RHI:     Adapter Name: NVIDIA GeForce GTX 1060
[2020.10.16-02.55.46:668][  0]LogD3D11RHI:   Driver Version: 452.06 (internal:27.21.14.5206, unified:452.06)
[2020.10.16-02.55.46:669][  0]LogD3D11RHI:      Driver Date: 8-12-2020
[2020.10.16-02.55.46:669][  0]LogRHI: Texture pool is 4236 MB (70% of 6052 MB)
[2020.10.16-02.55.46:739][  0]LogD3D11RHI: RHI has support for 64 bit atomics
[2020.10.16-02.55.46:739][  0]LogD3D11RHI: Async texture creation enabled
[2020.10.16-02.55.46:805][  0]LogD3D11RHI: GPU Timing Frequency: 1000.000000 (Debug: 2 1)
[2020.10.16-02.55.47:326][  0]LogTargetPlatformManager: Display: Loaded TargetPlatform 'AllDesktop'
[2020.10.16-02.55.47:381][  0]LogTargetPlatformManager: Display: Loaded TargetPlatform 'Android'
[2020.10.16-02.55.47:381][  0]LogTargetPlatformManager: Display: Loaded TargetPlatform 'Android_ASTC'
[2020.10.16-02.55.47:381][  0]LogTargetPlatformManager: Display: Loaded TargetPlatform 'Android_ATC'
[2020.10.16-02.55.47:381][  0]LogTargetPlatformManager: Display: Loaded TargetPlatform 'Android_DXT'
[2020.10.16-02.55.47:381][  0]LogTargetPlatformManager: Display: Loaded TargetPlatform 'Android_ETC1'
[2020.10.16-02.55.47:381][  0]LogTargetPlatformManager: Display: Loaded TargetPlatform 'Android_ETC1a'
[2020.10.16-02.55.47:381][  0]LogTargetPlatformManager: Display: Loaded TargetPlatform 'Android_ETC2'
[2020.10.16-02.55.47:381][  0]LogTargetPlatformManager: Display: Loaded TargetPlatform 'Android_PVRTC'
[2020.10.16-02.55.47:381][  0]LogTargetPlatformManager: Display: Loaded TargetPlatform 'AndroidClient'
[2020.10.16-02.55.47:381][  0]LogTargetPlatformManager: Display: Loaded TargetPlatform 'Android_ASTCClient'
[2020.10.16-02.55.47:381][  0]LogTargetPlatformManager: Display: Loaded TargetPlatform 'Android_ATCClient'
[2020.10.16-02.55.47:381][  0]LogTargetPlatformManager: Display: Loaded TargetPlatform 'Android_DXTClient'
[2020.10.16-02.55.47:381][  0]LogTargetPlatformManager: Display: Loaded TargetPlatform 'Android_ETC1Client'
[2020.10.16-02.55.47:381][  0]LogTargetPlatformManager: Display: Loaded TargetPlatform 'Android_ETC1aClient'
[2020.10.16-02.55.47:381][  0]LogTargetPlatformManager: Display: Loaded TargetPlatform 'Android_ETC2Client'
[2020.10.16-02.55.47:381][  0]LogTargetPlatformManager: Display: Loaded TargetPlatform 'Android_PVRTCClient'
[2020.10.16-02.55.47:381][  0]LogTargetPlatformManager: Display: Loaded TargetPlatform 'Android_Multi'
[2020.10.16-02.55.47:381][  0]LogTargetPlatformManager: Display: Loaded TargetPlatform 'Android_MultiClient'
[2020.10.16-02.55.47:409][  0]LogTargetPlatformManager: Display: Loaded TargetPlatform 'IOSClient'
[2020.10.16-02.55.47:410][  0]LogTargetPlatformManager: Display: Loaded TargetPlatform 'IOS'
[2020.10.16-02.55.47:424][  0]LogTargetPlatformManager: Display: Loaded TargetPlatform 'LinuxNoEditor'
[2020.10.16-02.55.47:434][  0]LogTargetPlatformManager: Display: Loaded TargetPlatform 'LinuxClient'
[2020.10.16-02.55.47:445][  0]LogTargetPlatformManager: Display: Loaded TargetPlatform 'LinuxServer'
[2020.10.16-02.55.47:458][  0]LogTargetPlatformManager: Display: Loaded TargetPlatform 'LinuxAArch64NoEditor'
[2020.10.16-02.55.47:470][  0]LogTargetPlatformManager: Display: Loaded TargetPlatform 'LinuxAArch64Client'
[2020.10.16-02.55.47:483][  0]LogTargetPlatformManager: Display: Loaded TargetPlatform 'LinuxAArch64Server'
[2020.10.16-02.55.47:527][  0]LogTargetPlatformManager: Display: Loaded TargetPlatform 'Lumin'
[2020.10.16-02.55.47:527][  0]LogTargetPlatformManager: Display: Loaded TargetPlatform 'LuminClient'
[2020.10.16-02.55.47:549][  0]LogTargetPlatformManager: Display: Loaded TargetPlatform 'TVOSClient'
[2020.10.16-02.55.47:549][  0]LogTargetPlatformManager: Display: Loaded TargetPlatform 'TVOS'
[2020.10.16-02.55.47:561][  0]LogTargetPlatformManager: Display: Loaded TargetPlatform 'WindowsNoEditor'
[2020.10.16-02.55.47:575][  0]LogTargetPlatformManager: Display: Loaded TargetPlatform 'Windows'
[2020.10.16-02.55.47:589][  0]LogTargetPlatformManager: Display: Loaded TargetPlatform 'WindowsClient'
[2020.10.16-02.55.47:602][  0]LogTargetPlatformManager: Display: Loaded TargetPlatform 'WindowsServer'
[2020.10.16-02.55.47:602][  0]LogTargetPlatformManager: Display: Building Assets For Windows
[2020.10.16-02.55.47:608][  0]LogAudioDebug: Display: Lib vorbis DLL was dynamically loaded.
[2020.10.16-02.55.47:659][  0]LogShaderCompilers: Guid format shader working directory is -75 characters bigger than the processId version (../../../../../../Users/Pog/Documents/School/Year 4/Sem 2/AdvancedGames/Assignment 2/Git/AdvGamesProgramming/GameFiles/Intermediate/Shaders/WorkingDirectory/19520/).
[2020.10.16-02.55.47:660][  0]LogShaderCompilers: Cleaned the shader compiler working directory 'C:/Users/Pog/AppData/Local/Temp/UnrealShaderWorkingDir/47383E1347112FD0016581861AF98B12/'.
[2020.10.16-02.55.47:660][  0]LogXGEController: Cleaning working directory: C:/Users/Pog/AppData/Local/Temp/UnrealXGEWorkingDir/
[2020.10.16-02.55.47:661][  0]LogXGEController: Cannot use XGE Controller as Incredibuild is not installed on this machine.
[2020.10.16-02.55.47:661][  0]LogShaderCompilers: Cannot use XGE Shader Compiler as Incredibuild is not installed on this machine.
[2020.10.16-02.55.47:661][  0]LogShaderCompilers: Display: Using Local Shader Compiler.
[2020.10.16-02.55.48:951][  0]LogDerivedDataCache: Display: Max Cache Size: 512 MB
[2020.10.16-02.55.49:087][  0]LogDerivedDataCache: Loaded boot cache 0.14s 92MB C:/Users/Pog/AppData/Local/UnrealEngine/4.24/DerivedDataCache/Boot.ddc.
[2020.10.16-02.55.49:088][  0]LogDerivedDataCache: Display: Loaded Boot cache: C:/Users/Pog/AppData/Local/UnrealEngine/4.24/DerivedDataCache/Boot.ddc
[2020.10.16-02.55.49:088][  0]LogDerivedDataCache: FDerivedDataBackendGraph:  Pak pak cache file ../../../../../../Users/Pog/Documents/School/Year 4/Sem 2/AdvancedGames/Assignment 2/Git/AdvGamesProgramming/GameFiles/DerivedDataCache/DDC.ddp not found, will not use a pak cache.
[2020.10.16-02.55.49:088][  0]LogDerivedDataCache: Unable to find inner node Pak for hierarchical cache Hierarchy.
[2020.10.16-02.55.49:088][  0]LogDerivedDataCache: FDerivedDataBackendGraph:  CompressedPak pak cache file ../../../../../../Users/Pog/Documents/School/Year 4/Sem 2/AdvancedGames/Assignment 2/Git/AdvGamesProgramming/GameFiles/DerivedDataCache/Compressed.ddp not found, will not use a pak cache.
[2020.10.16-02.55.49:088][  0]LogDerivedDataCache: Unable to find inner node CompressedPak for hierarchical cache Hierarchy.
[2020.10.16-02.55.49:108][  0]LogDerivedDataCache: Display: Pak cache opened for reading ../../../Engine/DerivedDataCache/Compressed.ddp.
[2020.10.16-02.55.49:108][  0]LogDerivedDataCache: FDerivedDataBackendGraph:  EnterprisePak pak cache file ../../../Enterprise/DerivedDataCache/Compressed.ddp not found, will not use a pak cache.
[2020.10.16-02.55.49:108][  0]LogDerivedDataCache: Unable to find inner node EnterprisePak for hierarchical cache Hierarchy.
[2020.10.16-02.55.49:110][  0]LogDerivedDataCache: Using Local data cache path C:/Users/Pog/AppData/Local/UnrealEngine/Common/DerivedDataCache: Writable
[2020.10.16-02.55.49:111][  0]LogDerivedDataCache: Shared data cache path not found in *engine.ini, will not use an Shared cache.
[2020.10.16-02.55.49:111][  0]LogDerivedDataCache: Unable to find inner node Shared for hierarchical cache Hierarchy.
[2020.10.16-02.55.49:151][  0]LogMaterial: Verifying Global Shaders for PCD3D_SM5
[2020.10.16-02.55.49:156][  0]LogSlate: Using FreeType 2.10.0
[2020.10.16-02.55.49:159][  0]LogSlate: SlateFontServices - WITH_FREETYPE: 1, WITH_HARFBUZZ: 1
[2020.10.16-02.55.49:311][  0]LogAssetRegistry: FAssetRegistry took 0.0036 seconds to start up
[2020.10.16-02.55.49:820][  0]LogInit: Selected Device Profile: [Windows]
[2020.10.16-02.55.50:078][  0]LogMeshReduction: Using QuadricMeshReduction for automatic static mesh reduction
[2020.10.16-02.55.50:078][  0]LogMeshReduction: Using SimplygonMeshReduction for automatic skeletal mesh reduction
[2020.10.16-02.55.50:078][  0]LogMeshReduction: Using ProxyLODMeshReduction for automatic mesh merging
[2020.10.16-02.55.50:078][  0]LogMeshReduction: No distributed automatic mesh merging module available
[2020.10.16-02.55.50:079][  0]LogMeshMerging: No distributed automatic mesh merging module available
[2020.10.16-02.55.50:099][  0]LogNetVersion: AdvGamesProgramming 1.0.0, NetCL: 10570792, EngineNetVer: 13, GameNetVer: 0 (Checksum: 489682494)
[2020.10.16-02.55.52:554][  0]LogPackageLocalizationCache: Processed 8 localized package path(s) for 1 prioritized culture(s) in 0.081997 seconds
[2020.10.16-02.55.52:570][  0]LogUObjectArray: 46098 objects as part of root set at end of initial load.
[2020.10.16-02.55.52:571][  0]LogUObjectAllocator: 8030680 out of 0 bytes used by permanent object pool.
[2020.10.16-02.55.52:571][  0]LogUObjectArray: CloseDisregardForGC: 0/0 objects in disregard for GC pool
[2020.10.16-02.55.53:329][  0]LogTcpMessaging: Initializing TcpMessaging bridge
[2020.10.16-02.55.53:334][  0]LogUdpMessaging: Initializing bridge on interface 0.0.0.0:0 to multicast group 230.0.0.1:6666.
[2020.10.16-02.55.53:562][  0]LogBlueprint: Warning: [Compiler Ue4ASP_Character] InputAction Event references unknown Action 'Crouch' for  InputAction Crouch
[2020.10.16-02.55.53:563][  0]LogBlueprint: Warning: [Compiler Ue4ASP_Character] Input Axis Event references unknown Axis 'MoveRight' for  InputAxis MoveRight
[2020.10.16-02.55.53:769][  0]LogClass: Warning: Failed to find enum 'None' when converting property 'WeaponFiringType' during property loading - setting to 0
[2020.10.16-02.55.54:601][  0]SourceControl: Source control is disabled
[2020.10.16-02.55.54:602][  0]SourceControl: Source control is disabled
[2020.10.16-02.55.54:606][  0]SourceControl: Source control is disabled
[2020.10.16-02.55.54:608][  0]SourceControl: Source control is disabled
[2020.10.16-02.55.54:610][  0]SourceControl: Source control is disabled
[2020.10.16-02.55.54:767][  0]LogAndroidPermission: UAndroidPermissionCallbackProxy::GetInstance
[2020.10.16-02.55.54:786][  0]LogAudioCaptureCore: Display: No Audio Capture implementations found. Audio input will be silent.
[2020.10.16-02.55.54:786][  0]LogAudioCaptureCore: Display: No Audio Capture implementations found. Audio input will be silent.
[2020.10.16-02.55.54:961][  0]LogEngine: Initializing Engine...
[2020.10.16-02.55.54:963][  0]LogStats: UGameplayTagsManager::InitializeManager -  0.000 s
[2020.10.16-02.55.55:613][  0]LogInit: Initializing FReadOnlyCVARCache
[2020.10.16-02.55.55:624][  0]LogAIModule: Creating AISystem for world Untitled
[2020.10.16-02.55.55:629][  0]LogAudioMixer: Display: Audio Mixer Platform Settings:
[2020.10.16-02.55.55:629][  0]LogAudioMixer: Display: 	Sample Rate:						  48000
[2020.10.16-02.55.55:629][  0]LogAudioMixer: Display: 	Callback Buffer Frame Size Requested: 1024
[2020.10.16-02.55.55:629][  0]LogAudioMixer: Display: 	Callback Buffer Frame Size To Use:	  1024
[2020.10.16-02.55.55:629][  0]LogAudioMixer: Display: 	Number of buffers to queue:			  2
[2020.10.16-02.55.55:629][  0]LogAudioMixer: Display: 	Max Channels (voices):				  32
[2020.10.16-02.55.55:629][  0]LogAudioMixer: Display: 	Number of Async Source Workers:		  0
[2020.10.16-02.55.55:629][  0]LogAudio: Display: AudioDevice MaxSources: 32
[2020.10.16-02.55.55:629][  0]LogAudio: Display: Using built-in audio occlusion.
[2020.10.16-02.55.55:630][  0]LogAudioMixer: Display: Initializing audio mixer.
[2020.10.16-02.55.55:849][  0]LogAudioMixer: Display: Audio Device Output Speaker Info:
[2020.10.16-02.55.55:849][  0]LogAudioMixer: Display: Name: Headphones (ATH-M50xBT     Stereo)
[2020.10.16-02.55.55:849][  0]LogAudioMixer: Display: Is Default: Yes
[2020.10.16-02.55.55:849][  0]LogAudioMixer: Display: Sample Rate: 44100
[2020.10.16-02.55.55:849][  0]LogAudioMixer: Display: Channel Count Used: 2
[2020.10.16-02.55.55:849][  0]LogAudioMixer: Display: Device Channel Count: 2
[2020.10.16-02.55.55:849][  0]LogAudioMixer: Display: Channel Order:
[2020.10.16-02.55.55:849][  0]LogAudioMixer: Display: 0: FrontLeft
[2020.10.16-02.55.55:849][  0]LogAudioMixer: Display: 1: FrontRight
[2020.10.16-02.55.55:878][  0]LogAudioMixer: Display: Using Audio Device Headphones (ATH-M50xBT     Stereo)
[2020.10.16-02.55.55:882][  0]LogInit: FAudioDevice initialized.
[2020.10.16-02.55.55:883][  0]LogNetVersion: Set ProjectVersion to 1.0.0.0. Version Checksum will be recalculated on next use.
[2020.10.16-02.55.55:966][  0]LogDerivedDataCache: Saved boot cache 0.08s 92MB C:/Users/Pog/AppData/Local/UnrealEngine/4.24/DerivedDataCache/Boot.ddc.
[2020.10.16-02.55.55:982][  0]LogInit: Texture streaming: Enabled
[2020.10.16-02.55.56:008][  0]LogEngineSessionManager: EngineSessionManager initialized
[2020.10.16-02.55.56:008][  0]LogEngineSessionManager: EngineSessionManager sent abnormal shutdown report. Type=AbnormalShutdown, SessionId={F473753A-40A8-2C7B-DE63-C49F41B60C2B}
[2020.10.16-02.55.56:008][  0]LogEditorSessionSummary: Verbose: Initializing EditorSessionSummaryWriter for editor session tracking
[2020.10.16-02.55.56:011][  0]LogEditorSessionSummary: EditorSessionSummaryWriter initialized
[2020.10.16-02.55.56:118][  0]LogInit: Transaction tracking system initialized
[2020.10.16-02.55.56:142][  0]BlueprintLog: New page: Editor Load
[2020.10.16-02.55.56:199][  0]LocalizationService: Localization service is disabled
[2020.10.16-02.55.56:757][  0]LogFileCache: Scanning file cache for directory 'C:/Users/Pog/Documents/School/Year 4/Sem 2/AdvancedGames/Assignment 2/Git/AdvGamesProgramming/GameFiles/Content/' took 0.01s
[2020.10.16-02.55.56:757][  0]LogCook: Display: Max memory allowance for cook 16384mb min free memory 0mb
[2020.10.16-02.55.56:758][  0]LogCook: Display: Mobile HDR setting 1
[2020.10.16-02.55.56:967][  0]SourceControl: Source control is disabled
[2020.10.16-02.55.57:133][  0]LogSlate: Took 0.000980 seconds to synchronously load lazily loaded font '../../../Engine/Content/Slate/Fonts/Roboto-Regular.ttf' (155K)
[2020.10.16-02.55.59:228][  0]LogSlate: Window 'Restore Packages' being destroyed
[2020.10.16-02.55.59:229][  0]LogWindowsTextInputMethodSystem: Display: IME system now deactivated.
[2020.10.16-02.55.59:308][  0]LightingResults: New page: Lighting Build
[2020.10.16-02.55.59:310][  0]LogWorld: UWorld::CleanupWorld for Untitled, bSessionEnded=true, bCleanupResources=true
[2020.10.16-02.55.59:310][  0]LogSlate: InvalidateAllWidgets triggered.  All widgets were invalidated
[2020.10.16-02.55.59:310][  0]MapCheck: New page: Map Check
[2020.10.16-02.55.59:310][  0]LightingResults: New page: Lighting Build
[2020.10.16-02.55.59:377][  0]LogUObjectHash: Compacting FUObjectHashTables data took  13.65ms
[2020.10.16-02.55.59:674][  0]LogAIModule: Creating AISystem for world TestingMap
[2020.10.16-02.55.59:699][  0]LogEditorServer: Finished looking for orphan Actors (0.000 secs)
[2020.10.16-02.55.59:738][  0]LogUObjectHash: Compacting FUObjectHashTables data took   3.29ms
[2020.10.16-02.55.59:740][  0]Cmd: MAP CHECKDEP NOCLEARLOG
[2020.10.16-02.55.59:740][  0]MapCheck: Map check complete: 0 Error(s), 0 Warning(s), took 0.221ms to complete.
[2020.10.16-02.55.59:740][  0]LogFileHelpers: Loading map 'TestingMap' took 0.446
[2020.10.16-02.55.59:824][  0]LogWindowsTextInputMethodSystem: Display: IME system now deactivated.
[2020.10.16-02.55.59:911][  0]LogSlate: Updating window title bar state: overlay mode, drag disabled, window buttons hidden, title bar hidden
[2020.10.16-02.55.59:922][  0]LogSlate: Updating window title bar state: overlay mode, drag disabled, window buttons hidden, title bar hidden
[2020.10.16-02.55.59:935][  0]LogSlate: Updating window title bar state: overlay mode, drag disabled, window buttons hidden, title bar hidden
[2020.10.16-02.55.59:948][  0]LogSlate: Updating window title bar state: overlay mode, drag disabled, window buttons hidden, title bar hidden
[2020.10.16-02.55.59:968][  0]LogCollectionManager: Loaded 0 collections in 0.002806 seconds
[2020.10.16-02.55.59:995][  0]LogFileCache: Scanning file cache for directory 'C:/Users/Pog/Documents/School/Year 4/Sem 2/AdvancedGames/Assignment 2/Git/AdvGamesProgramming/GameFiles/Saved/Collections/' took 0.00s
[2020.10.16-02.55.59:995][  0]LogFileCache: Scanning file cache for directory 'C:/Users/Pog/Documents/School/Year 4/Sem 2/AdvancedGames/Assignment 2/Git/AdvGamesProgramming/GameFiles/Content/Developers/Jack/Collections/' took 0.00s
[2020.10.16-02.55.59:995][  0]LogFileCache: Scanning file cache for directory 'C:/Users/Pog/Documents/School/Year 4/Sem 2/AdvancedGames/Assignment 2/Git/AdvGamesProgramming/GameFiles/Content/Collections/' took 0.00s
[2020.10.16-02.55.59:995][  0]LogContentBrowser: Native class hierarchy populated in 0.0167 seconds. Added 3013 classes and 706 folders.
[2020.10.16-02.56.00:001][  0]LogContentBrowser: Native class hierarchy updated for 'WidgetCarousel' in 0.0008 seconds. Added 0 classes and 0 folders.
[2020.10.16-02.56.00:488][  0]LogContentBrowser: Native class hierarchy updated for 'AddContentDialog' in 0.0006 seconds. Added 0 classes and 0 folders.
[2020.10.16-02.56.00:545][  0]LogSlate: Took 0.000943 seconds to synchronously load lazily loaded font '../../../Engine/Content/Slate/Fonts/Roboto-Bold.ttf' (160K)
[2020.10.16-02.56.00:548][  0]LogSlate: Took 0.000641 seconds to synchronously load lazily loaded font '../../../Engine/Content/Editor/Slate/Fonts/FontAwesome.ttf' (139K)
[2020.10.16-02.56.00:611][  0]LogRenderer: Reallocating scene render targets to support 1176x596 Format 10 NumSamples 1 (Frame:1).
[2020.10.16-02.56.00:769][  0]LogSlate: Took 0.012191 seconds to synchronously load lazily loaded font '../../../Engine/Content/Slate/Fonts/Roboto-Light.ttf' (167K)
[2020.10.16-02.56.00:846][  0]LogContentBrowser: Native class hierarchy updated for 'HierarchicalLODOutliner' in 0.0005 seconds. Added 0 classes and 0 folders.
[2020.10.16-02.56.00:846][  0]LogLoad: (Engine Initialization) Total time: 20.01 seconds
[2020.10.16-02.56.00:846][  0]LogLoad: (Engine Initialization) Total Blueprint compile time: 0.00 seconds
[2020.10.16-02.56.00:912][  0]LogContentStreaming: Texture pool size now 1000 MB
[2020.10.16-02.56.01:133][  2]LogAssetRegistry: Asset discovery search completed in 11.8241 seconds
[2020.10.16-02.56.01:139][  2]LogCollectionManager: Fixed up redirectors for 0 collections in 0.000016 seconds (updated 0 objects)
[2020.10.16-02.56.02:418][  6]LogSlate: Took 0.000240 seconds to synchronously load lazily loaded font '../../../Engine/Content/Slate/Fonts/Roboto-Light.ttf' (167K)
[2020.10.16-02.56.09:244][210]LogAIModule: Creating AISystem for world ProjectLevel
[2020.10.16-02.56.09:248][210]LogAssetEditorSubsystem: Opening Asset editor for World /Game/Levels/ProjectLevel.ProjectLevel
[2020.10.16-02.56.09:284][210]LogUObjectHash: Compacting FUObjectHashTables data took   4.17ms
[2020.10.16-02.56.09:286][210]LightingResults: New page: Lighting Build
[2020.10.16-02.56.09:288][210]LoadErrors: New page: Loading map: ProjectLevel.umap
[2020.10.16-02.56.09:290][210]LogWorld: UWorld::CleanupWorld for TestingMap, bSessionEnded=true, bCleanupResources=true
[2020.10.16-02.56.09:290][210]LogSlate: InvalidateAllWidgets triggered.  All widgets were invalidated
[2020.10.16-02.56.09:290][210]MapCheck: New page: Map Check
[2020.10.16-02.56.09:290][210]LightingResults: New page: Lighting Build
[2020.10.16-02.56.09:328][210]LogUObjectHash: Compacting FUObjectHashTables data took   2.77ms
[2020.10.16-02.56.09:340][210]LogEditorServer: Finished looking for orphan Actors (0.000 secs)
[2020.10.16-02.56.09:377][210]LogUObjectHash: Compacting FUObjectHashTables data took   2.89ms
[2020.10.16-02.56.09:434][210]Cmd: MAP CHECKDEP NOCLEARLOG
[2020.10.16-02.56.09:434][210]MapCheck: Map check complete: 0 Error(s), 0 Warning(s), took 0.218ms to complete.
[2020.10.16-02.56.09:434][210]LogFileHelpers: Loading map 'ProjectLevel' took 0.148
[2020.10.16-02.56.11:853][403]LogTemp: Repeating last play command: Selected Viewport
[2020.10.16-02.56.11:880][403]LogPlayLevel: PlayLevel: No blueprints needed recompiling
[2020.10.16-02.56.11:881][403]PIE: New page: PIE session: ProjectLevel (17 Oct 2020, 12:56:11 am)
[2020.10.16-02.56.11:882][403]LogOnline: OSS: Creating online subsystem instance for: NULL
[2020.10.16-02.56.11:883][403]LogOnline: OSS: TryLoadSubsystemAndSetDefault: Loaded subsystem for module [NULL]
[2020.10.16-02.56.11:883][403]LogPlayLevel: Creating play world package: /Game/Levels/UEDPIE_0_ProjectLevel
[2020.10.16-02.56.11:888][403]LogPlayLevel: PIE: StaticDuplicateObject took: (0.004084s)
[2020.10.16-02.56.11:890][403]LogAIModule: Creating AISystem for world ProjectLevel
[2020.10.16-02.56.11:890][403]LogPlayLevel: PIE: World Init took: (0.001765s)
[2020.10.16-02.56.11:890][403]LogPlayLevel: PIE: Created PIE world by copying editor world from /Game/Levels/ProjectLevel.ProjectLevel to /Game/Levels/UEDPIE_0_ProjectLevel.ProjectLevel (0.006209s)
[2020.10.16-02.56.11:923][403]LogUObjectHash: Compacting FUObjectHashTables data took   2.38ms
[2020.10.16-02.56.11:924][403]LogAudioMixer: Display: Audio Mixer Platform Settings:
[2020.10.16-02.56.11:924][403]LogAudioMixer: Display: 	Sample Rate:						  48000
[2020.10.16-02.56.11:924][403]LogAudioMixer: Display: 	Callback Buffer Frame Size Requested: 1024
[2020.10.16-02.56.11:924][403]LogAudioMixer: Display: 	Callback Buffer Frame Size To Use:	  1024
[2020.10.16-02.56.11:924][403]LogAudioMixer: Display: 	Number of buffers to queue:			  2
[2020.10.16-02.56.11:925][403]LogAudioMixer: Display: 	Max Channels (voices):				  32
[2020.10.16-02.56.11:925][403]LogAudioMixer: Display: 	Number of Async Source Workers:		  0
[2020.10.16-02.56.11:925][403]LogAudio: Display: AudioDevice MaxSources: 32
[2020.10.16-02.56.11:925][403]LogAudio: Display: Using built-in audio occlusion.
[2020.10.16-02.56.11:925][403]LogAudioMixer: Display: Initializing audio mixer.
[2020.10.16-02.56.12:099][403]LogAudioMixer: Display: Audio Device Output Speaker Info:
[2020.10.16-02.56.12:099][403]LogAudioMixer: Display: Name: Headphones (ATH-M50xBT     Stereo)
[2020.10.16-02.56.12:099][403]LogAudioMixer: Display: Is Default: Yes
[2020.10.16-02.56.12:099][403]LogAudioMixer: Display: Sample Rate: 44100
[2020.10.16-02.56.12:099][403]LogAudioMixer: Display: Channel Count Used: 2
[2020.10.16-02.56.12:100][403]LogAudioMixer: Display: Device Channel Count: 2
[2020.10.16-02.56.12:100][403]LogAudioMixer: Display: Channel Order:
[2020.10.16-02.56.12:100][403]LogAudioMixer: Display: 0: FrontLeft
[2020.10.16-02.56.12:100][403]LogAudioMixer: Display: 1: FrontRight
[2020.10.16-02.56.12:113][403]LogAudioMixer: Display: Using Audio Device Headphones (ATH-M50xBT     Stereo)
[2020.10.16-02.56.12:116][403]LogInit: FAudioDevice initialized.
[2020.10.16-02.56.12:127][403]LogLoad: Game class is 'AdvGamesProgrammingGameModeBase'
[2020.10.16-02.56.12:130][403]LogWorld: Bringing World /Game/Levels/UEDPIE_0_ProjectLevel.ProjectLevel up for play (max tick rate 0) at 2020.10.16-13.56.12
[2020.10.16-02.56.12:133][403]LogWorld: Bringing up level for play took: 0.003317
[2020.10.16-02.56.12:133][403]LogOnline: OSS: Creating online subsystem instance for: :Context_5
[2020.10.16-02.56.12:138][403]LogContentBrowser: Native class hierarchy updated for 'MovieSceneCapture' in 0.0008 seconds. Added 20 classes and 0 folders.
[2020.10.16-02.56.12:140][403]PIE: Play in editor start time for /Game/Levels/UEDPIE_0_ProjectLevel -0.578
[2020.10.16-02.56.12:143][403]LogTemp: Warning: PickupSpawnPontBlueprint_C_0 - Near Enemy | Chance = 100.000000 + 10.000000
[2020.10.16-02.56.12:143][403]LogTemp: Warning: PickupSpawnPontBlueprint_C_0 - Roll: 78.000000 | Chance: 110.000000 -- Success
[2020.10.16-02.56.12:143][403]LogTemp: Warning: Overlap Event
[2020.10.16-02.56.12:143][403]LogTemp: Warning: Overlap Event
[2020.10.16-02.56.12:144][403]LogTemp: Warning: PickupSpawnPontBlueprint_C_1 - Near Enemy | Chance = 100.000000 + 10.000000
[2020.10.16-02.56.12:144][403]LogTemp: Warning: PickupSpawnPontBlueprint_C_1 - Roll: 99.000000 | Chance: 110.000000 -- Success
[2020.10.16-02.56.12:144][403]LogTemp: Warning: Overlap Event
[2020.10.16-02.56.12:144][403]LogTemp: Warning: Overlap Event
[2020.10.16-02.56.12:144][403]LogTemp: Warning: Overlap Event
[2020.10.16-02.56.12:144][403]LogTemp: Warning: Overlap Event
[2020.10.16-02.56.12:144][403]LogTemp: Warning: PickupSpawnPontBlueprint_C_2 - Near Weapon | Chance = 100.000000/2
[2020.10.16-02.56.12:144][403]LogOutputDevice: Warning: 

Script Stack (0 frames):

[2020.10.16-02.56.13:291][403]LogStats: FPlatformStackWalk::StackWalkAndDump -  1.146 s
[2020.10.16-02.56.13:291][403]LogOutputDevice: Error: === Handled ensure: ===
[2020.10.16-02.56.13:291][403]LogOutputDevice: Error: 
[2020.10.16-02.56.13:291][403]LogOutputDevice: Error: Ensure condition failed: Lhs.CurrentNum == Lhs.InitialNum [File:C:\Program Files\Epic Games\UE_4.24\Engine\Source\Runtime\Core\Public\Containers/Array.h] [Line: 207]
[2020.10.16-02.56.13:291][403]LogOutputDevice: Error: Array has changed during ranged-for iteration!
[2020.10.16-02.56.13:291][403]LogOutputDevice: Error: Stack: 
[2020.10.16-02.56.13:291][403]LogOutputDevice: Error: [Callstack] 0x00007ff98745ad89 UE4Editor-AdvGamesProgramming-7406.dll!DispatchCheckVerify<bool,<lambda_307b2795841ac5c4766fa1ba62a76546> >() [C:\Program Files\Epic Games\UE_4.24\Engine\Source\Runtime\Core\Public\Misc\AssertionMacros.h:167]
[2020.10.16-02.56.13:291][403]LogOutputDevice: Error: [Callstack] 0x00007ff987451191 UE4Editor-AdvGamesProgramming-7406.dll!UWeaponPickupSpawnerComponent::CheckSurroundings() [C:\Users\Pog\Documents\School\Year 4\Sem 2\AdvancedGames\Assignment 2\Git\AdvGamesProgramming\GameFiles\Source\AdvGamesProgramming\WeaponPickupSpawnerComponent.cpp:62]
[2020.10.16-02.56.13:291][403]LogOutputDevice: Error: [Callstack] 0x00007ff98745199b UE4Editor-AdvGamesProgramming-7406.dll!UWeaponPickupSpawnerComponent::StartSpawn() [C:\Users\Pog\Documents\School\Year 4\Sem 2\AdvancedGames\Assignment 2\Git\AdvGamesProgramming\GameFiles\Source\AdvGamesProgramming\WeaponPickupSpawnerComponent.cpp:52]
[2020.10.16-02.56.13:291][403]LogOutputDevice: Error: [Callstack] 0x00007ff98744d691 UE4Editor-AdvGamesProgramming-7406.dll!AProcedurallyGeneratedBuilding::GenerateTowards() [C:\Users\Pog\Documents\School\Year 4\Sem 2\AdvancedGames\Assignment 2\Git\AdvGamesProgramming\GameFiles\Source\AdvGamesProgramming\ProcedurallyGeneratedBuilding.cpp:190]
[2020.10.16-02.56.13:291][403]LogOutputDevice: Error: [Callstack] 0x00007ff98744dc2a UE4Editor-AdvGamesProgramming-7406.dll!AProcedurallyGeneratedBuilding::GenerateWeaponSpawnPoints() [C:\Users\Pog\Documents\School\Year 4\Sem 2\AdvancedGames\Assignment 2\Git\AdvGamesProgramming\GameFiles\Source\AdvGamesProgramming\ProcedurallyGeneratedBuilding.cpp:138]
[2020.10.16-02.56.13:291][403]LogOutputDevice: Error: [Callstack] 0x00007ff98744de92 UE4Editor-AdvGamesProgramming-7406.dll!AProcedurallyGeneratedBuilding::Tick() [C:\Users\Pog\Documents\School\Year 4\Sem 2\AdvancedGames\Assignment 2\Git\AdvGamesProgramming\GameFiles\Source\AdvGamesProgramming\ProcedurallyGeneratedBuilding.cpp:60]
[2020.10.16-02.56.13:291][403]LogOutputDevice: Error: [Callstack] 0x00007ff99808f402 UE4Editor-Engine.dll!UnknownFunction []
[2020.10.16-02.56.13:291][403]LogOutputDevice: Error: [Callstack] 0x00007ff998057866 UE4Editor-Engine.dll!UnknownFunction []
[2020.10.16-02.56.13:291][403]LogOutputDevice: Error: [Callstack] 0x00007ff999197223 UE4Editor-Engine.dll!UnknownFunction []
[2020.10.16-02.56.13:291][403]LogOutputDevice: Error: [Callstack] 0x00007ff9991a5256 UE4Editor-Engine.dll!UnknownFunction []
[2020.10.16-02.56.13:292][403]LogOutputDevice: Error: [Callstack] 0x00007ff9a7779ff2 UE4Editor-Core.dll!UnknownFunction []
[2020.10.16-02.56.13:292][403]LogOutputDevice: Error: [Callstack] 0x00007ff9a777a393 UE4Editor-Core.dll!UnknownFunction []
[2020.10.16-02.56.13:292][403]LogOutputDevice: Error: [Callstack] 0x00007ff9a778aa68 UE4Editor-Core.dll!UnknownFunction []
[2020.10.16-02.56.13:292][403]LogOutputDevice: Error: [Callstack] 0x00007ff9991c38b0 UE4Editor-Engine.dll!UnknownFunction []
[2020.10.16-02.56.13:292][403]LogOutputDevice: Error: [Callstack] 0x00007ff9991c97c2 UE4Editor-Engine.dll!UnknownFunction []
[2020.10.16-02.56.13:292][403]LogOutputDevice: Error: [Callstack] 0x00007ff99894a25f UE4Editor-Engine.dll!UnknownFunction []
[2020.10.16-02.56.13:292][403]LogOutputDevice: Error: [Callstack] 0x00007ff998955127 UE4Editor-Engine.dll!UnknownFunction []
[2020.10.16-02.56.13:292][403]LogOutputDevice: Error: [Callstack] 0x00007ff98fbfad60 UE4Editor-UnrealEd.dll!UnknownFunction []
[2020.10.16-02.56.13:292][403]LogOutputDevice: Error: [Callstack] 0x00007ff99045e476 UE4Editor-UnrealEd.dll!UnknownFunction []
[2020.10.16-02.56.13:292][403]LogOutputDevice: Error: [Callstack] 0x00007ff629637f62 UE4Editor.exe!UnknownFunction []
[2020.10.16-02.56.13:292][403]LogOutputDevice: Error: [Callstack] 0x00007ff62964c3ec UE4Editor.exe!UnknownFunction []
[2020.10.16-02.56.13:292][403]LogOutputDevice: Error: [Callstack] 0x00007ff62964c4ca UE4Editor.exe!UnknownFunction []
[2020.10.16-02.56.13:292][403]LogOutputDevice: Error: [Callstack] 0x00007ff62965ceae UE4Editor.exe!UnknownFunction []
[2020.10.16-02.56.13:292][403]LogOutputDevice: Error: [Callstack] 0x00007ff62965fcbe UE4Editor.exe!UnknownFunction []
[2020.10.16-02.56.13:292][403]LogOutputDevice: Error: [Callstack] 0x00007ffa3ca77bd4 KERNEL32.DLL!UnknownFunction []
[2020.10.16-02.56.13:292][403]LogOutputDevice: Error: [Callstack] 0x00007ffa3e76ce51 ntdll.dll!UnknownFunction []
[2020.10.16-02.56.13:292][403]LogOutputDevice: Error: 
[2020.10.16-02.56.13:305][403]LogStats:                SubmitErrorReport -  0.000 s
[2020.10.16-02.56.15:612][403]LogStats:                    SendNewReport -  2.307 s
[2020.10.16-02.56.15:612][403]LogStats:             FDebug::EnsureFailed -  3.468 s
[2020.10.16-02.56.15:613][403]LogTemp: Warning: PickupSpawnPontBlueprint_C_2 - Near Weapon | Chance = 50.000000/2
[2020.10.16-02.56.15:613][403]LogTemp: Warning: PickupSpawnPontBlueprint_C_2 - Near Weapon | Chance = 25.000000/2
[2020.10.16-02.56.15:613][403]LogTemp: Warning: PickupSpawnPontBlueprint_C_2 - Near Enemy | Chance = 12.500000 + 10.000000
[2020.10.16-02.56.15:613][403]LogTemp: Warning: PickupSpawnPontBlueprint_C_2 - Roll: 71.000000 | Chance: 22.500000 -- Fail
[2020.10.16-02.56.15:614][403]LogTemp: Warning: PickupSpawnPontBlueprint_C_3 - Roll: 27.000000 | Chance: 100.000000 -- Success
[2020.10.16-02.56.15:614][403]LogTemp: Warning: Overlap Event
[2020.10.16-02.56.15:614][403]LogTemp: Warning: Overlap Event
[2020.10.16-02.56.15:614][403]LogTemp: Warning: Overlap Event
[2020.10.16-02.56.15:616][403]LogTemp: Warning: PickupSpawnPontBlueprint_C_4 - Roll: 64.000000 | Chance: 100.000000 -- Success
[2020.10.16-02.56.15:616][403]LogTemp: Warning: Overlap Event
[2020.10.16-02.56.15:617][403]LogTemp: Warning: Overlap Event
[2020.10.16-02.56.15:618][403]LogTemp: Warning: PickupSpawnPontBlueprint_C_5 - Near Enemy | Chance = 100.000000 + 10.000000
[2020.10.16-02.56.15:618][403]LogTemp: Warning: PickupSpawnPontBlueprint_C_5 - Roll: 73.000000 | Chance: 110.000000 -- Success
[2020.10.16-02.56.15:619][403]LogTemp: Warning: Overlap Event
[2020.10.16-02.56.15:619][403]LogTemp: Warning: Overlap Event
[2020.10.16-02.56.15:619][403]LogTemp: Warning: Overlap Event
[2020.10.16-02.56.15:619][403]LogTemp: Warning: Overlap Event
[2020.10.16-02.56.15:620][403]LogTemp: Warning: Overlap Event
[2020.10.16-02.56.15:620][403]LogTemp: Warning: PickupSpawnPontBlueprint_C_6 - Near Weapon | Chance = 100.000000/2
[2020.10.16-02.56.15:620][403]LogTemp: Warning: PickupSpawnPontBlueprint_C_6 - Near Weapon | Chance = 50.000000/2
[2020.10.16-02.56.15:620][403]LogTemp: Warning: PickupSpawnPontBlueprint_C_6 - Near Enemy | Chance = 25.000000 + 10.000000
[2020.10.16-02.56.15:620][403]LogTemp: Warning: PickupSpawnPontBlueprint_C_6 - Roll: 8.000000 | Chance: 35.000000 -- Success
[2020.10.16-02.56.15:621][403]LogTemp: Warning: Overlap Event
[2020.10.16-02.56.15:621][403]LogTemp: Warning: Overlap Event
[2020.10.16-02.56.15:621][403]LogTemp: Warning: Overlap Event
[2020.10.16-02.56.15:621][403]LogTemp: Warning: Overlap Event
[2020.10.16-02.56.15:622][403]LogTemp: Warning: Overlap Event
[2020.10.16-02.56.15:622][403]LogTemp: Warning: PickupSpawnPontBlueprint_C_7 - Near Weapon | Chance = 100.000000/2
[2020.10.16-02.56.15:622][403]LogTemp: Warning: PickupSpawnPontBlueprint_C_7 - Roll: 18.000000 | Chance: 50.000000 -- Success
[2020.10.16-02.56.15:623][403]LogTemp: Warning: Overlap Event
[2020.10.16-02.56.15:623][403]LogTemp: Warning: Overlap Event
[2020.10.16-02.56.15:623][403]LogTemp: Warning: Overlap Event
[2020.10.16-02.56.15:624][403]LogTemp: Warning: Overlap Event
[2020.10.16-02.56.15:624][403]LogTemp: Warning: PickupSpawnPontBlueprint_C_8 - Near Weapon | Chance = 100.000000/2
[2020.10.16-02.56.15:624][403]LogTemp: Warning: PickupSpawnPontBlueprint_C_8 - Roll: 36.000000 | Chance: 50.000000 -- Success
[2020.10.16-02.56.15:625][403]LogTemp: Warning: Overlap Event
[2020.10.16-02.56.15:625][403]LogTemp: Warning: Overlap Event
[2020.10.16-02.56.15:625][403]LogTemp: Warning: Overlap Event
[2020.10.16-02.56.15:639][403]LogTemp: Resetting audio stream to device id 
[2020.10.16-02.56.15:843][403]LogAudioMixer: Display: Audio Device Output Speaker Info:
[2020.10.16-02.56.15:843][403]LogAudioMixer: Display: Name: Headphones (ATH-M50xBT     Stereo)
[2020.10.16-02.56.15:843][403]LogAudioMixer: Display: Is Default: Yes
[2020.10.16-02.56.15:843][403]LogAudioMixer: Display: Sample Rate: 44100
[2020.10.16-02.56.15:843][403]LogAudioMixer: Display: Channel Count Used: 2
[2020.10.16-02.56.15:843][403]LogAudioMixer: Display: Device Channel Count: 2
[2020.10.16-02.56.15:843][403]LogAudioMixer: Display: Channel Order:
[2020.10.16-02.56.15:843][403]LogAudioMixer: Display: 0: FrontLeft
[2020.10.16-02.56.15:843][403]LogAudioMixer: Display: 1: FrontRight
[2020.10.16-02.56.17:635][525]LogSlate: Took 0.000649 seconds to synchronously load lazily loaded font '../../../Engine/Content/Slate/Fonts/DroidSansMono.ttf' (77K)
[2020.10.16-02.57.19:080][  8]LogWindows: Error: === Critical error: ===
[2020.10.16-02.57.19:080][  8]LogWindows: Error: 
[2020.10.16-02.57.19:080][  8]LogWindows: Error: Unhandled Exception: EXCEPTION_ACCESS_VIOLATION reading address 0x000000e0
[2020.10.16-02.57.19:080][  8]LogWindows: Error: 
[2020.10.16-02.57.19:080][  8]LogWindows: Error: [Callstack] 0x00007ff98744e682 UE4Editor-AdvGamesProgramming-7406.dll!UTeamComponent::CheckUnfriendly() [C:\Users\Pog\Documents\School\Year 4\Sem 2\AdvancedGames\Assignment 2\Git\AdvGamesProgramming\GameFiles\Source\AdvGamesProgramming\TeamComponent.cpp:65]
[2020.10.16-02.57.19:080][  8]LogWindows: Error: [Callstack] 0x00007ff987448173 UE4Editor-AdvGamesProgramming-7406.dll!AEnemyCharacter::SensePlayer() [C:\Users\Pog\Documents\School\Year 4\Sem 2\AdvancedGames\Assignment 2\Git\AdvGamesProgramming\GameFiles\Source\AdvGamesProgramming\EnemyCharacter.cpp:146]
[2020.10.16-02.57.19:080][  8]LogWindows: Error: [Callstack] 0x00007ff987446acf UE4Editor-AdvGamesProgramming-7406.dll!AEnemyCharacter::execSensePlayer() [C:\Users\Pog\Documents\School\Year 4\Sem 2\AdvancedGames\Assignment 2\Git\AdvGamesProgramming\GameFiles\Source\AdvGamesProgramming\EnemyCharacter.h:26]
[2020.10.16-02.57.19:080][  8]LogWindows: Error: [Callstack] 0x00007ff9e69542e8 UE4Editor-CoreUObject.dll!UnknownFunction []
[2020.10.16-02.57.19:080][  8]LogWindows: Error: [Callstack] 0x00007ff9e6b7a62f UE4Editor-CoreUObject.dll!UnknownFunction []
[2020.10.16-02.57.19:080][  8]LogWindows: Error: [Callstack] 0x00007ff9e6b9ec61 UE4Editor-CoreUObject.dll!UnknownFunction []
[2020.10.16-02.57.19:080][  8]LogWindows: Error: [Callstack] 0x00007ff9e6ba0cd2 UE4Editor-CoreUObject.dll!UnknownFunction []
[2020.10.16-02.57.19:080][  8]LogWindows: Error: [Callstack] 0x00007ff9e6b6edbb UE4Editor-CoreUObject.dll!UnknownFunction []
[2020.10.16-02.57.19:080][  8]LogWindows: Error: [Callstack] 0x00007ff9e6ba09ef UE4Editor-CoreUObject.dll!UnknownFunction []
[2020.10.16-02.57.19:080][  8]LogWindows: Error: [Callstack] 0x00007ff9e6ba0cd2 UE4Editor-CoreUObject.dll!UnknownFunction []
[2020.10.16-02.57.19:080][  8]LogWindows: Error: [Callstack] 0x00007ff9e6ba0644 UE4Editor-CoreUObject.dll!UnknownFunction []
[2020.10.16-02.57.19:080][  8]LogWindows: Error: [Callstack] 0x00007ff9e69542e8 UE4Editor-CoreUObject.dll!UnknownFunction []
[2020.10.16-02.57.19:080][  8]LogWindows: Error: [Callstack] 0x00007ff9e6ba0148 UE4Editor-CoreUObject.dll!UnknownFunction []
[2020.10.16-02.57.19:080][  8]LogWindows: Error: [Callstack] 0x00007ff99be56cd0 UE4Editor-AIModule.dll!UnknownFunction []
[2020.10.16-02.57.19:080][  8]LogWindows: Error: [Callstack] 0x00007ff99bf64526 UE4Editor-AIModule.dll!UnknownFunction []
[2020.10.16-02.57.19:080][  8]LogWindows: Error: [Callstack] 0x00007ff99bf99f35 UE4Editor-AIModule.dll!UnknownFunction []
[2020.10.16-02.57.19:080][  8]LogWindows: Error: [Callstack] 0x00007ff99bf7f373 UE4Editor-AIModule.dll!UnknownFunction []
[2020.10.16-02.57.19:080][  8]LogWindows: Error: [Callstack] 0x00007ff9991d5115 UE4Editor-Engine.dll!UnknownFunction []
[2020.10.16-02.57.19:080][  8]LogWindows: Error: [Callstack] 0x00007ff998956992 UE4Editor-Engine.dll!UnknownFunction []
[2020.10.16-02.57.19:080][  8]LogWindows: Error: [Callstack] 0x00007ff98fbfad60 UE4Editor-UnrealEd.dll!UnknownFunction []
[2020.10.16-02.57.19:080][  8]LogWindows: Error: [Callstack] 0x00007ff99045e476 UE4Editor-UnrealEd.dll!UnknownFunction []
[2020.10.16-02.57.19:080][  8]LogWindows: Error: [Callstack] 0x00007ff629637f62 UE4Editor.exe!UnknownFunction []
[2020.10.16-02.57.19:080][  8]LogWindows: Error: [Callstack] 0x00007ff62964c3ec UE4Editor.exe!UnknownFunction []
[2020.10.16-02.57.19:080][  8]LogWindows: Error: [Callstack] 0x00007ff62964c4ca UE4Editor.exe!UnknownFunction []
[2020.10.16-02.57.19:080][  8]LogWindows: Error: [Callstack] 0x00007ff62965ceae UE4Editor.exe!UnknownFunction []
[2020.10.16-02.57.19:080][  8]LogWindows: Error: [Callstack] 0x00007ff62965fcbe UE4Editor.exe!UnknownFunction []
[2020.10.16-02.57.19:080][  8]LogWindows: Error: [Callstack] 0x00007ffa3ca77bd4 KERNEL32.DLL!UnknownFunction []
[2020.10.16-02.57.19:081][  8]LogWindows: Error: [Callstack] 0x00007ffa3e76ce51 ntdll.dll!UnknownFunction []
[2020.10.16-02.57.19:081][  8]LogWindows: Error: 
[2020.10.16-02.57.19:131][  8]LogExit: Executing StaticShutdownAfterError
[2020.10.16-02.57.19:144][  8]LogWindows: FPlatformMisc::RequestExit(1)
[2020.10.16-02.57.19:144][  8]LogCore: Engine exit requested (reason: Win RequestExit)
[2020.10.16-02.57.19:158][  8]Log file closed, 10/16/20 13:57:19
