Log file open, 09/11/20 19:47:40
LogWindows: Failed to load 'aqProf.dll' (GetLastError=126)
LogWindows: File 'aqProf.dll' does not exist
LogWindows: Failed to load 'VtuneApi.dll' (GetLastError=126)
LogWindows: File 'VtuneApi.dll' does not exist
LogWindows: Failed to load 'VtuneApi32e.dll' (GetLastError=126)
LogWindows: File 'VtuneApi32e.dll' does not exist
LogConsoleResponse: Display: Failed to find resolution value strings in scalability ini. Falling back to default.
LogInit: Display: Running engine for game: AdvGamesProgramming
LogPlatformFile: Not using cached read wrapper
LogTaskGraph: Started task graph with 5 named threads and 23 total threads with 3 sets of task threads.
LogStats: Stats thread started at 0.089205
LogD3D11RHI: Loaded GFSDK_Aftermath_Lib.x64.dll
LogICUInternationalization: ICU TimeZone Detection - Raw Offset: +10:00, Platform Override: ''
LogPluginManager: Mounting plugin Paper2D
LogPluginManager: Mounting plugin AISupport
LogPluginManager: Mounting plugin LightPropagationVolume
LogPluginManager: Mounting plugin ActorLayerUtilities
LogPluginManager: Mounting plugin AnimationSharing
LogPluginManager: Mounting plugin CLionSourceCodeAccess
LogPluginManager: Mounting plugin CodeLiteSourceCodeAccess
LogPluginManager: Mounting plugin GitSourceControl
LogPluginManager: Mounting plugin KDevelopSourceCodeAccess
LogPluginManager: Mounting plugin NullSourceCodeAccess
LogPluginManager: Mounting plugin PerforceSourceControl
LogPluginManager: Mounting plugin PlasticSourceControl
LogPluginManager: Mounting plugin SubversionSourceControl
LogPluginManager: Mounting plugin UObjectPlugin
LogPluginManager: Mounting plugin VisualStudioCodeSourceCodeAccess
LogPluginManager: Mounting plugin VisualStudioSourceCodeAccess
LogPluginManager: Mounting plugin XCodeSourceCodeAccess
LogPluginManager: Mounting plugin AssetManagerEditor
LogPluginManager: Mounting plugin CryptoKeys
LogPluginManager: Mounting plugin CurveEditorTools
LogPluginManager: Mounting plugin DataValidation
LogPluginManager: Mounting plugin FacialAnimation
LogPluginManager: Mounting plugin GameplayTagsEditor
LogPluginManager: Mounting plugin MacGraphicsSwitching
LogPluginManager: Mounting plugin MaterialAnalyzer
LogPluginManager: Mounting plugin MobileLauncherProfileWizard
LogPluginManager: Mounting plugin PluginBrowser
LogPluginManager: Mounting plugin SpeedTreeImporter
LogPluginManager: Mounting plugin DatasmithContent
LogPluginManager: Mounting plugin VariantManagerContent
LogPluginManager: Mounting plugin AlembicImporter
LogPluginManager: Mounting plugin AutomationUtils
LogPluginManager: Mounting plugin BackChannel
LogPluginManager: Mounting plugin CharacterAI
LogPluginManager: Mounting plugin GeometryCache
LogPluginManager: Mounting plugin PlatformCrypto
LogPluginManager: Mounting plugin ProxyLODPlugin
LogPluginManager: Mounting plugin SkeletalReduction
LogPluginManager: Mounting plugin MagicLeap
LogPluginManager: Mounting plugin MagicLeapMedia
LogPluginManager: Mounting plugin MLSDK
LogPluginManager: Mounting plugin AndroidMedia
LogPluginManager: Mounting plugin AvfMedia
LogPluginManager: Mounting plugin ImgMedia
LogPluginManager: Mounting plugin MediaCompositing
LogPluginManager: Mounting plugin MediaPlayerEditor
LogPluginManager: Mounting plugin WebMMedia
LogPluginManager: Mounting plugin WmfMedia
LogPluginManager: Mounting plugin TcpMessaging
LogPluginManager: Mounting plugin UdpMessaging
LogPluginManager: Mounting plugin ActorSequence
LogPluginManager: Mounting plugin LevelSequenceEditor
LogPluginManager: Mounting plugin MatineeToLevelSequence
LogPluginManager: Mounting plugin NetcodeUnitTest
LogPluginManager: Mounting plugin NUTUnrealEngine4
LogPluginManager: Mounting plugin OnlineSubsystemGooglePlay
LogPluginManager: Mounting plugin OnlineSubsystemIOS
LogPluginManager: Mounting plugin OnlineSubsystem
LogPluginManager: Mounting plugin OnlineSubsystemNull
LogPluginManager: Mounting plugin OnlineSubsystemUtils
LogPluginManager: Mounting plugin LauncherChunkInstaller
LogPluginManager: Mounting plugin AndroidDeviceProfileSelector
LogPluginManager: Mounting plugin AndroidMoviePlayer
LogPluginManager: Mounting plugin AndroidPermission
LogPluginManager: Mounting plugin AppleImageUtils
LogPluginManager: Mounting plugin AppleMoviePlayer
LogPluginManager: Mounting plugin ArchVisCharacter
LogPluginManager: Mounting plugin AssetTags
LogPluginManager: Mounting plugin AudioCapture
LogPluginManager: Mounting plugin CableComponent
LogPluginManager: Mounting plugin CustomMeshComponent
LogPluginManager: Mounting plugin EditableMesh
LogPluginManager: Mounting plugin ExampleDeviceProfileSelector
LogPluginManager: Mounting plugin GoogleCloudMessaging
LogPluginManager: Mounting plugin IOSDeviceProfileSelector
LogPluginManager: Mounting plugin LinuxDeviceProfileSelector
LogPluginManager: Mounting plugin LocationServicesBPLibrary
LogPluginManager: Mounting plugin MobilePatchingUtils
LogPluginManager: Mounting plugin OculusVR
LogPluginManager: Mounting plugin PhysXVehicles
LogPluginManager: Mounting plugin PostSplashScreen
LogPluginManager: Mounting plugin ProceduralMeshComponent
LogPluginManager: Mounting plugin RuntimePhysXCooking
LogPluginManager: Mounting plugin SignificanceManager
LogPluginManager: Mounting plugin SteamVR
LogPluginManager: Mounting plugin WebMMoviePlayer
LogPluginManager: Mounting plugin WindowsMoviePlayer
LogPluginManager: Mounting plugin ScreenshotTools
LogInit: Using libcurl 7.55.1-DEV
LogInit:  - built for x86_64-pc-win32
LogInit:  - supports SSL with OpenSSL/1.1.1
LogInit:  - supports HTTP deflate (compression) using libz 1.2.8
LogInit:  - other features:
LogInit:      CURL_VERSION_SSL
LogInit:      CURL_VERSION_LIBZ
LogInit:      CURL_VERSION_IPV6
LogInit:      CURL_VERSION_ASYNCHDNS
LogInit:      CURL_VERSION_LARGEFILE
LogInit:      CURL_VERSION_IDN
LogInit:  CurlRequestOptions (configurable via config and command line):
LogInit:  - bVerifyPeer = true  - Libcurl will verify peer certificate
LogInit:  - bUseHttpProxy = false  - Libcurl will NOT use HTTP proxy
LogInit:  - bDontReuseConnections = false  - Libcurl will reuse connections
LogInit:  - MaxHostConnections = 16  - Libcurl will limit the number of connections to a host
LogInit:  - LocalHostAddr = Default
LogInit:  - BufferSize = 65536
LogOnline: OSS: Creating online subsystem instance for: NULL
LogInit: WinSock: version 1.1 (2.2), MaxSocks=32767, MaxUdp=65467
LogOnline: OSS: TryLoadSubsystemAndSetDefault: Loaded subsystem for module [NULL]
LogInit: Build: ++UE4+Release-4.24-CL-11590370
LogInit: Engine Version: 4.24.3-11590370+++UE4+Release-4.24
LogInit: Compatible Engine Version: 4.24.0-10570792+++UE4+Release-4.24
LogInit: Net CL: 10570792
LogInit: OS: Windows 10 (Release 1903) (), CPU: Intel(R) Core(TM) i7-8565U CPU @ 1.80GHz, GPU: Intel(R) UHD Graphics 620
LogInit: Compiled (64-bit): Feb 24 2020 15:39:18
LogInit: Compiled with Visual C++: 19.16.27032.01
LogInit: Build Configuration: Development
LogInit: Branch Name: ++UE4+Release-4.24
LogInit: Command Line: 
LogInit: Base Directory: C:/Program Files/Epic Games/UE_4.24/Engine/Binaries/Win64/
LogInit: Installed Engine Build: 1
LogDevObjectVersion: Number of dev versions registered: 25
LogDevObjectVersion:   Dev-Blueprints (B0D832E4-1F89-4F0D-ACCF-7EB736FD4AA2): 10
LogDevObjectVersion:   Dev-Build (E1C64328-A22C-4D53-A36C-8E866417BD8C): 0
LogDevObjectVersion:   Dev-Core (375EC13C-06E4-48FB-B500-84F0262A717E): 3
LogDevObjectVersion:   Dev-Editor (E4B068ED-F494-42E9-A231-DA0B2E46BB41): 37
LogDevObjectVersion:   Dev-Framework (CFFC743F-43B0-4480-9391-14DF171D2073): 36
LogDevObjectVersion:   Dev-Mobile (B02B49B5-BB20-44E9-A304-32B752E40360): 2
LogDevObjectVersion:   Dev-Networking (A4E4105C-59A1-49B5-A7C5-40C4547EDFEE): 0
LogDevObjectVersion:   Dev-Online (39C831C9-5AE6-47DC-9A44-9C173E1C8E7C): 0
LogDevObjectVersion:   Dev-Physics (78F01B33-EBEA-4F98-B9B4-84EACCB95AA2): 2
LogDevObjectVersion:   Dev-Platform (6631380F-2D4D-43E0-8009-CF276956A95A): 0
LogDevObjectVersion:   Dev-Rendering (12F88B9F-8875-4AFC-A67C-D90C383ABD29): 36
LogDevObjectVersion:   Dev-Sequencer (7B5AE74C-D270-4C10-A958-57980B212A5A): 11
LogDevObjectVersion:   Dev-VR (D7296918-1DD6-4BDD-9DE2-64A83CC13884): 2
LogDevObjectVersion:   Dev-LoadTimes (C2A15278-BFE7-4AFE-6C17-90FF531DF755): 1
LogDevObjectVersion:   Private-Geometry (6EACA3D4-40EC-4CC1-B786-8BED09428FC5): 3
LogDevObjectVersion:   Dev-AnimPhys (29E575DD-E0A3-4627-9D10-D276232CDCEA): 17
LogDevObjectVersion:   Dev-Anim (AF43A65D-7FD3-4947-9873-3E8ED9C1BB05): 2
LogDevObjectVersion:   Dev-ReflectionCapture (6B266CEC-1EC7-4B8F-A30B-E4D90942FC07): 1
LogDevObjectVersion:   Dev-Automation (0DF73D61-A23F-47EA-B727-89E90C41499A): 1
LogDevObjectVersion:   FortniteMain (601D1886-AC64-4F84-AA16-D3DE0DEAC7D6): 31
LogDevObjectVersion:   Dev-Enterprise (9DFFBCD6-494F-0158-E221-12823C92A888): 8
LogDevObjectVersion:   Dev-Niagara (F2AED0AC-9AFE-416F-8664-AA7FFA26D6FC): 1
LogDevObjectVersion:   Dev-Destruction (174F1F0B-B4C6-45A5-B13F-2EE8D0FB917D): 9
LogDevObjectVersion:   Dev-Physics-Ext (35F94A83-E258-406C-A318-09F59610247C): 8
LogDevObjectVersion:   Dev-CineCamera (B2E18506-4273-CFC2-A54E-F4BB758BBA07): 1
LogInit: Presizing for max 25165824 objects, including 0 objects not considered by GC, pre-allocating 0 bytes for permanent pool.
LogInit: Object subsystem initialized
LogConfig: Setting CVar [[con.DebugEarlyDefault:1]]
LogConfig: Setting CVar [[r.setres:1280x720]]
[2020.09.11-09.47.40:625][  0]LogConfig: Setting CVar [[r.VSync:0]]
[2020.09.11-09.47.40:625][  0]LogConfig: Setting CVar [[r.RHICmdBypass:0]]
[2020.09.11-09.47.40:625][  0]LogConfig: Applying CVar settings from Section [/Script/Engine.RendererSettings] File [C:/Users/wlsgn/Documents/Unreal Projects/Proj/AdvGamesProgramming/GameFiles/Saved/Config/Windows/Engine.ini]
[2020.09.11-09.47.40:625][  0]LogConfig: Setting CVar [[r.GPUCrashDebugging:0]]
[2020.09.11-09.47.40:625][  0]LogConfig: Applying CVar settings from Section [/Script/Engine.RendererOverrideSettings] File [C:/Users/wlsgn/Documents/Unreal Projects/Proj/AdvGamesProgramming/GameFiles/Saved/Config/Windows/Engine.ini]
[2020.09.11-09.47.40:625][  0]LogConfig: Applying CVar settings from Section [/Script/Engine.StreamingSettings] File [C:/Users/wlsgn/Documents/Unreal Projects/Proj/AdvGamesProgramming/GameFiles/Saved/Config/Windows/Engine.ini]
[2020.09.11-09.47.40:626][  0]LogConfig: Setting CVar [[s.MinBulkDataSizeForAsyncLoading:131072]]
[2020.09.11-09.47.40:626][  0]LogConfig: Setting CVar [[s.AsyncLoadingThreadEnabled:0]]
[2020.09.11-09.47.40:626][  0]LogConfig: Setting CVar [[s.EventDrivenLoaderEnabled:1]]
[2020.09.11-09.47.40:626][  0]LogConfig: Setting CVar [[s.WarnIfTimeLimitExceeded:0]]
[2020.09.11-09.47.40:626][  0]LogConfig: Setting CVar [[s.TimeLimitExceededMultiplier:1.5]]
[2020.09.11-09.47.40:626][  0]LogConfig: Setting CVar [[s.TimeLimitExceededMinTime:0.005]]
[2020.09.11-09.47.40:626][  0]LogConfig: Setting CVar [[s.UseBackgroundLevelStreaming:1]]
[2020.09.11-09.47.40:626][  0]LogConfig: Setting CVar [[s.PriorityAsyncLoadingExtraTime:15.0]]
[2020.09.11-09.47.40:626][  0]LogConfig: Setting CVar [[s.LevelStreamingActorsUpdateTimeLimit:5.0]]
[2020.09.11-09.47.40:626][  0]LogConfig: Setting CVar [[s.PriorityLevelStreamingActorsUpdateExtraTime:5.0]]
[2020.09.11-09.47.40:626][  0]LogConfig: Setting CVar [[s.LevelStreamingComponentsRegistrationGranularity:10]]
[2020.09.11-09.47.40:626][  0]LogConfig: Setting CVar [[s.UnregisterComponentsTimeLimit:1.0]]
[2020.09.11-09.47.40:626][  0]LogConfig: Setting CVar [[s.LevelStreamingComponentsUnregistrationGranularity:5]]
[2020.09.11-09.47.40:626][  0]LogConfig: Setting CVar [[s.FlushStreamingOnExit:1]]
[2020.09.11-09.47.40:626][  0]LogConfig: Applying CVar settings from Section [/Script/Engine.GarbageCollectionSettings] File [C:/Users/wlsgn/Documents/Unreal Projects/Proj/AdvGamesProgramming/GameFiles/Saved/Config/Windows/Engine.ini]
[2020.09.11-09.47.40:626][  0]LogConfig: Setting CVar [[gc.MaxObjectsNotConsideredByGC:1]]
[2020.09.11-09.47.40:626][  0]LogConfig: Setting CVar [[gc.SizeOfPermanentObjectPool:0]]
[2020.09.11-09.47.40:626][  0]LogConfig: Setting CVar [[gc.FlushStreamingOnGC:0]]
[2020.09.11-09.47.40:626][  0]LogConfig: Setting CVar [[gc.NumRetriesBeforeForcingGC:10]]
[2020.09.11-09.47.40:626][  0]LogConfig: Setting CVar [[gc.AllowParallelGC:1]]
[2020.09.11-09.47.40:626][  0]LogConfig: Setting CVar [[gc.TimeBetweenPurgingPendingKillObjects:61.1]]
[2020.09.11-09.47.40:626][  0]LogConfig: Setting CVar [[gc.MaxObjectsInEditor:25165824]]
[2020.09.11-09.47.40:626][  0]LogConfig: Setting CVar [[gc.IncrementalBeginDestroyEnabled:1]]
[2020.09.11-09.47.40:626][  0]LogConfig: Setting CVar [[gc.CreateGCClusters:1]]
[2020.09.11-09.47.40:626][  0]LogConfig: Setting CVar [[gc.MinGCClusterSize:5]]
[2020.09.11-09.47.40:626][  0]LogConfig: Setting CVar [[gc.ActorClusteringEnabled:0]]
[2020.09.11-09.47.40:626][  0]LogConfig: Setting CVar [[gc.BlueprintClusteringEnabled:0]]
[2020.09.11-09.47.40:626][  0]LogConfig: Setting CVar [[gc.UseDisregardForGCOnDedicatedServers:0]]
[2020.09.11-09.47.40:626][  0]LogConfig: Applying CVar settings from Section [/Script/Engine.NetworkSettings] File [C:/Users/wlsgn/Documents/Unreal Projects/Proj/AdvGamesProgramming/GameFiles/Saved/Config/Windows/Engine.ini]
[2020.09.11-09.47.40:626][  0]LogConfig: Applying CVar settings from Section [/Script/UnrealEd.CookerSettings] File [C:/Users/wlsgn/Documents/Unreal Projects/Proj/AdvGamesProgramming/GameFiles/Saved/Config/Windows/Engine.ini]
[2020.09.11-09.47.40:640][  0]LogConfig: Applying CVar settings from Section [ViewDistanceQuality@3] File [C:/Users/wlsgn/Documents/Unreal Projects/Proj/AdvGamesProgramming/GameFiles/Saved/Config/Windows/Scalability.ini]
[2020.09.11-09.47.40:641][  0]LogConfig: Setting CVar [[r.SkeletalMeshLODBias:0]]
[2020.09.11-09.47.40:641][  0]LogConfig: Setting CVar [[r.ViewDistanceScale:1.0]]
[2020.09.11-09.47.40:641][  0]LogConfig: Applying CVar settings from Section [AntiAliasingQuality@3] File [C:/Users/wlsgn/Documents/Unreal Projects/Proj/AdvGamesProgramming/GameFiles/Saved/Config/Windows/Scalability.ini]
[2020.09.11-09.47.40:641][  0]LogConfig: Setting CVar [[r.PostProcessAAQuality:4]]
[2020.09.11-09.47.40:641][  0]LogConfig: Applying CVar settings from Section [ShadowQuality@3] File [C:/Users/wlsgn/Documents/Unreal Projects/Proj/AdvGamesProgramming/GameFiles/Saved/Config/Windows/Scalability.ini]
[2020.09.11-09.47.40:641][  0]LogConfig: Setting CVar [[r.LightFunctionQuality:1]]
[2020.09.11-09.47.40:641][  0]LogConfig: Setting CVar [[r.ShadowQuality:5]]
[2020.09.11-09.47.40:641][  0]LogConfig: Setting CVar [[r.Shadow.CSM.MaxCascades:10]]
[2020.09.11-09.47.40:641][  0]LogConfig: Setting CVar [[r.Shadow.MaxResolution:2048]]
[2020.09.11-09.47.40:641][  0]LogConfig: Setting CVar [[r.Shadow.MaxCSMResolution:2048]]
[2020.09.11-09.47.40:641][  0]LogConfig: Setting CVar [[r.Shadow.RadiusThreshold:0.01]]
[2020.09.11-09.47.40:641][  0]LogConfig: Setting CVar [[r.Shadow.DistanceScale:1.0]]
[2020.09.11-09.47.40:641][  0]LogConfig: Setting CVar [[r.Shadow.CSM.TransitionScale:1.0]]
[2020.09.11-09.47.40:641][  0]LogConfig: Setting CVar [[r.Shadow.PreShadowResolutionFactor:1.0]]
[2020.09.11-09.47.40:641][  0]LogConfig: Setting CVar [[r.DistanceFieldShadowing:1]]
[2020.09.11-09.47.40:641][  0]LogConfig: Setting CVar [[r.DistanceFieldAO:1]]
[2020.09.11-09.47.40:641][  0]LogConfig: Setting CVar [[r.AOQuality:2]]
[2020.09.11-09.47.40:641][  0]LogConfig: Setting CVar [[r.VolumetricFog:1]]
[2020.09.11-09.47.40:641][  0]LogConfig: Setting CVar [[r.VolumetricFog.GridPixelSize:8]]
[2020.09.11-09.47.40:641][  0]LogConfig: Setting CVar [[r.VolumetricFog.GridSizeZ:128]]
[2020.09.11-09.47.40:641][  0]LogConfig: Setting CVar [[r.VolumetricFog.HistoryMissSupersampleCount:4]]
[2020.09.11-09.47.40:641][  0]LogConfig: Setting CVar [[r.LightMaxDrawDistanceScale:1]]
[2020.09.11-09.47.40:641][  0]LogConfig: Setting CVar [[r.CapsuleShadows:1]]
[2020.09.11-09.47.40:641][  0]LogConfig: Applying CVar settings from Section [PostProcessQuality@3] File [C:/Users/wlsgn/Documents/Unreal Projects/Proj/AdvGamesProgramming/GameFiles/Saved/Config/Windows/Scalability.ini]
[2020.09.11-09.47.40:641][  0]LogConfig: Setting CVar [[r.MotionBlurQuality:4]]
[2020.09.11-09.47.40:641][  0]LogConfig: Setting CVar [[r.AmbientOcclusionMipLevelFactor:0.4]]
[2020.09.11-09.47.40:641][  0]LogConfig: Setting CVar [[r.AmbientOcclusionMaxQuality:100]]
[2020.09.11-09.47.40:641][  0]LogConfig: Setting CVar [[r.AmbientOcclusionLevels:-1]]
[2020.09.11-09.47.40:641][  0]LogConfig: Setting CVar [[r.AmbientOcclusionRadiusScale:1.0]]
[2020.09.11-09.47.40:641][  0]LogConfig: Setting CVar [[r.DepthOfFieldQuality:2]]
[2020.09.11-09.47.40:641][  0]LogConfig: Setting CVar [[r.RenderTargetPoolMin:400]]
[2020.09.11-09.47.40:641][  0]LogConfig: Setting CVar [[r.LensFlareQuality:2]]
[2020.09.11-09.47.40:641][  0]LogConfig: Setting CVar [[r.SceneColorFringeQuality:1]]
[2020.09.11-09.47.40:641][  0]LogConfig: Setting CVar [[r.EyeAdaptationQuality:2]]
[2020.09.11-09.47.40:641][  0]LogConfig: Setting CVar [[r.BloomQuality:5]]
[2020.09.11-09.47.40:641][  0]LogConfig: Setting CVar [[r.FastBlurThreshold:100]]
[2020.09.11-09.47.40:641][  0]LogConfig: Setting CVar [[r.Upscale.Quality:3]]
[2020.09.11-09.47.40:641][  0]LogConfig: Setting CVar [[r.Tonemapper.GrainQuantization:1]]
[2020.09.11-09.47.40:641][  0]LogConfig: Setting CVar [[r.LightShaftQuality:1]]
[2020.09.11-09.47.40:641][  0]LogConfig: Setting CVar [[r.Filter.SizeScale:1]]
[2020.09.11-09.47.40:641][  0]LogConfig: Setting CVar [[r.Tonemapper.Quality:5]]
[2020.09.11-09.47.40:641][  0]LogConfig: Setting CVar [[r.DOF.Gather.AccumulatorQuality:1        ; higher gathering accumulator quality]]
[2020.09.11-09.47.40:641][  0]LogConfig: Setting CVar [[r.DOF.Gather.PostfilterMethod:1          ; Median3x3 postfilering method]]
[2020.09.11-09.47.40:641][  0]LogConfig: Setting CVar [[r.DOF.Gather.EnableBokehSettings:0       ; no bokeh simulation when gathering]]
[2020.09.11-09.47.40:641][  0]LogConfig: Setting CVar [[r.DOF.Gather.RingCount:4                 ; medium number of samples when gathering]]
[2020.09.11-09.47.40:641][  0]LogConfig: Setting CVar [[r.DOF.Scatter.ForegroundCompositing:1    ; additive foreground scattering]]
[2020.09.11-09.47.40:641][  0]LogConfig: Setting CVar [[r.DOF.Scatter.BackgroundCompositing:2    ; additive background scattering]]
[2020.09.11-09.47.40:641][  0]LogConfig: Setting CVar [[r.DOF.Scatter.EnableBokehSettings:1      ; bokeh simulation when scattering]]
[2020.09.11-09.47.40:641][  0]LogConfig: Setting CVar [[r.DOF.Scatter.MaxSpriteRatio:0.1         ; only a maximum of 10% of scattered bokeh]]
[2020.09.11-09.47.40:641][  0]LogConfig: Setting CVar [[r.DOF.Recombine.Quality:1                ; cheap slight out of focus]]
[2020.09.11-09.47.40:641][  0]LogConfig: Setting CVar [[r.DOF.Recombine.EnableBokehSettings:0    ; no bokeh simulation on slight out of focus]]
[2020.09.11-09.47.40:641][  0]LogConfig: Setting CVar [[r.DOF.TemporalAAQuality:1                ; more stable temporal accumulation]]
[2020.09.11-09.47.40:641][  0]LogConfig: Setting CVar [[r.DOF.Kernel.MaxForegroundRadius:0.025]]
[2020.09.11-09.47.40:641][  0]LogConfig: Setting CVar [[r.DOF.Kernel.MaxBackgroundRadius:0.025]]
[2020.09.11-09.47.40:641][  0]LogConfig: Applying CVar settings from Section [TextureQuality@3] File [C:/Users/wlsgn/Documents/Unreal Projects/Proj/AdvGamesProgramming/GameFiles/Saved/Config/Windows/Scalability.ini]
[2020.09.11-09.47.40:641][  0]LogConfig: Setting CVar [[r.Streaming.MipBias:0]]
[2020.09.11-09.47.40:641][  0]LogConfig: Setting CVar [[r.Streaming.AmortizeCPUToGPUCopy:0]]
[2020.09.11-09.47.40:642][  0]LogConfig: Setting CVar [[r.Streaming.MaxNumTexturesToStreamPerFrame:0]]
[2020.09.11-09.47.40:642][  0]LogConfig: Setting CVar [[r.Streaming.Boost:1]]
[2020.09.11-09.47.40:642][  0]LogConfig: Setting CVar [[r.MaxAnisotropy:8]]
[2020.09.11-09.47.40:642][  0]LogConfig: Setting CVar [[r.VT.MaxAnisotropy:8]]
[2020.09.11-09.47.40:642][  0]LogConfig: Setting CVar [[r.Streaming.LimitPoolSizeToVRAM:0]]
[2020.09.11-09.47.40:642][  0]LogConfig: Setting CVar [[r.Streaming.PoolSize:1000]]
[2020.09.11-09.47.40:642][  0]LogConfig: Setting CVar [[r.Streaming.MaxEffectiveScreenSize:0]]
[2020.09.11-09.47.40:642][  0]LogConfig: Applying CVar settings from Section [EffectsQuality@3] File [C:/Users/wlsgn/Documents/Unreal Projects/Proj/AdvGamesProgramming/GameFiles/Saved/Config/Windows/Scalability.ini]
[2020.09.11-09.47.40:642][  0]LogConfig: Setting CVar [[r.TranslucencyLightingVolumeDim:64]]
[2020.09.11-09.47.40:642][  0]LogConfig: Setting CVar [[r.RefractionQuality:2]]
[2020.09.11-09.47.40:642][  0]LogConfig: Setting CVar [[r.SSR.Quality:3]]
[2020.09.11-09.47.40:642][  0]LogConfig: Setting CVar [[r.SSR.HalfResSceneColor:0]]
[2020.09.11-09.47.40:642][  0]LogConfig: Setting CVar [[r.SceneColorFormat:4]]
[2020.09.11-09.47.40:642][  0]LogConfig: Setting CVar [[r.DetailMode:2]]
[2020.09.11-09.47.40:642][  0]LogConfig: Setting CVar [[r.TranslucencyVolumeBlur:1]]
[2020.09.11-09.47.40:642][  0]LogConfig: Setting CVar [[r.MaterialQualityLevel:1 ; High quality]]
[2020.09.11-09.47.40:642][  0]LogConfig: Setting CVar [[r.SSS.Scale:1]]
[2020.09.11-09.47.40:642][  0]LogConfig: Setting CVar [[r.SSS.SampleSet:2]]
[2020.09.11-09.47.40:642][  0]LogConfig: Setting CVar [[r.SSS.Quality:1]]
[2020.09.11-09.47.40:642][  0]LogConfig: Setting CVar [[r.SSS.HalfRes:1]]
[2020.09.11-09.47.40:642][  0]LogConfig: Setting CVar [[r.SSGI.Quality:3]]
[2020.09.11-09.47.40:642][  0]LogConfig: Setting CVar [[r.EmitterSpawnRateScale:1.0]]
[2020.09.11-09.47.40:642][  0]LogConfig: Setting CVar [[r.ParticleLightQuality:2]]
[2020.09.11-09.47.40:642][  0]LogConfig: Setting CVar [[r.SkyAtmosphere.AerialPerspectiveLUT.FastApplyOnOpaque:1 ; Always have FastSkyLUT 1 in this case to avoid wrong sky]]
[2020.09.11-09.47.40:642][  0]LogConfig: Setting CVar [[r.SkyAtmosphere.AerialPerspectiveLUT.SampleCountPerSlice:1]]
[2020.09.11-09.47.40:642][  0]LogConfig: Setting CVar [[r.SkyAtmosphere.AerialPerspectiveLUT.DepthResolution:16.0]]
[2020.09.11-09.47.40:642][  0]LogConfig: Setting CVar [[r.SkyAtmosphere.FastSkyLUT:1]]
[2020.09.11-09.47.40:642][  0]LogConfig: Setting CVar [[r.SkyAtmosphere.FastSkyLUT.SampleCountMin:4.0]]
[2020.09.11-09.47.40:642][  0]LogConfig: Setting CVar [[r.SkyAtmosphere.FastSkyLUT.SampleCountMax:32.0]]
[2020.09.11-09.47.40:642][  0]LogConfig: Setting CVar [[r.SkyAtmosphere.SampleCountMin:4.0]]
[2020.09.11-09.47.40:642][  0]LogConfig: Setting CVar [[r.SkyAtmosphere.SampleCountMax:32.0]]
[2020.09.11-09.47.40:642][  0]LogConfig: Setting CVar [[r.SkyAtmosphere.TransmittanceLUT.UseSmallFormat:0]]
[2020.09.11-09.47.40:642][  0]LogConfig: Setting CVar [[r.SkyAtmosphere.TransmittanceLUT.SampleCount:10.0]]
[2020.09.11-09.47.40:642][  0]LogConfig: Setting CVar [[r.SkyAtmosphere.MultiScatteringLUT.SampleCount:15.0]]
[2020.09.11-09.47.40:642][  0]LogConfig: Applying CVar settings from Section [FoliageQuality@3] File [C:/Users/wlsgn/Documents/Unreal Projects/Proj/AdvGamesProgramming/GameFiles/Saved/Config/Windows/Scalability.ini]
[2020.09.11-09.47.40:642][  0]LogConfig: Setting CVar [[foliage.DensityScale:1.0]]
[2020.09.11-09.47.40:642][  0]LogConfig: Setting CVar [[grass.DensityScale:1.0]]
[2020.09.11-09.47.40:642][  0]LogConfig: Applying CVar settings from Section [ShadingQuality@3] File [C:/Users/wlsgn/Documents/Unreal Projects/Proj/AdvGamesProgramming/GameFiles/Saved/Config/Windows/Scalability.ini]
[2020.09.11-09.47.40:642][  0]LogConfig: Setting CVar [[r.HairStrands.SkyLighting.SampleCount:16]]
[2020.09.11-09.47.40:642][  0]LogConfig: Setting CVar [[r.HairStrands.SkyLighting.JitterIntegration:0]]
[2020.09.11-09.47.40:642][  0]LogConfig: Setting CVar [[r.HairStrands.SkyAO.SampleCount:16]]
[2020.09.11-09.47.40:642][  0]LogInit: Selected Device Profile: [Windows]
[2020.09.11-09.47.40:642][  0]LogInit: Applying CVar settings loaded from the selected device profile: [Windows]
[2020.09.11-09.47.40:648][  0]LogHAL: Display: Platform has ~ 32 GB [34225496064 / 34359738368 / 32], which maps to Largest [LargestMinGB=32, LargerMinGB=12, DefaultMinGB=8, SmallerMinGB=6, SmallestMinGB=0)
[2020.09.11-09.47.40:648][  0]LogInit: Going up to parent DeviceProfile []
[2020.09.11-09.47.40:648][  0]LogConfig: Applying CVar settings from Section [ViewDistanceQuality@3] File [C:/Users/wlsgn/Documents/Unreal Projects/Proj/AdvGamesProgramming/GameFiles/Saved/Config/Windows/Scalability.ini]
[2020.09.11-09.47.40:648][  0]LogConfig: Setting CVar [[r.SkeletalMeshLODBias:0]]
[2020.09.11-09.47.40:648][  0]LogConfig: Setting CVar [[r.ViewDistanceScale:1.0]]
[2020.09.11-09.47.40:648][  0]LogConfig: Applying CVar settings from Section [AntiAliasingQuality@3] File [C:/Users/wlsgn/Documents/Unreal Projects/Proj/AdvGamesProgramming/GameFiles/Saved/Config/Windows/Scalability.ini]
[2020.09.11-09.47.40:648][  0]LogConfig: Setting CVar [[r.PostProcessAAQuality:4]]
[2020.09.11-09.47.40:648][  0]LogConfig: Applying CVar settings from Section [ShadowQuality@3] File [C:/Users/wlsgn/Documents/Unreal Projects/Proj/AdvGamesProgramming/GameFiles/Saved/Config/Windows/Scalability.ini]
[2020.09.11-09.47.40:648][  0]LogConfig: Setting CVar [[r.LightFunctionQuality:1]]
[2020.09.11-09.47.40:648][  0]LogConfig: Setting CVar [[r.ShadowQuality:5]]
[2020.09.11-09.47.40:648][  0]LogConfig: Setting CVar [[r.Shadow.CSM.MaxCascades:10]]
[2020.09.11-09.47.40:648][  0]LogConfig: Setting CVar [[r.Shadow.MaxResolution:2048]]
[2020.09.11-09.47.40:648][  0]LogConfig: Setting CVar [[r.Shadow.MaxCSMResolution:2048]]
[2020.09.11-09.47.40:648][  0]LogConfig: Setting CVar [[r.Shadow.RadiusThreshold:0.01]]
[2020.09.11-09.47.40:648][  0]LogConfig: Setting CVar [[r.Shadow.DistanceScale:1.0]]
[2020.09.11-09.47.40:648][  0]LogConfig: Setting CVar [[r.Shadow.CSM.TransitionScale:1.0]]
[2020.09.11-09.47.40:648][  0]LogConfig: Setting CVar [[r.Shadow.PreShadowResolutionFactor:1.0]]
[2020.09.11-09.47.40:648][  0]LogConfig: Setting CVar [[r.DistanceFieldShadowing:1]]
[2020.09.11-09.47.40:648][  0]LogConfig: Setting CVar [[r.DistanceFieldAO:1]]
[2020.09.11-09.47.40:648][  0]LogConfig: Setting CVar [[r.AOQuality:2]]
[2020.09.11-09.47.40:648][  0]LogConfig: Setting CVar [[r.VolumetricFog:1]]
[2020.09.11-09.47.40:648][  0]LogConfig: Setting CVar [[r.VolumetricFog.GridPixelSize:8]]
[2020.09.11-09.47.40:648][  0]LogConfig: Setting CVar [[r.VolumetricFog.GridSizeZ:128]]
[2020.09.11-09.47.40:648][  0]LogConfig: Setting CVar [[r.VolumetricFog.HistoryMissSupersampleCount:4]]
[2020.09.11-09.47.40:648][  0]LogConfig: Setting CVar [[r.LightMaxDrawDistanceScale:1]]
[2020.09.11-09.47.40:648][  0]LogConfig: Setting CVar [[r.CapsuleShadows:1]]
[2020.09.11-09.47.40:648][  0]LogConfig: Applying CVar settings from Section [PostProcessQuality@3] File [C:/Users/wlsgn/Documents/Unreal Projects/Proj/AdvGamesProgramming/GameFiles/Saved/Config/Windows/Scalability.ini]
[2020.09.11-09.47.40:648][  0]LogConfig: Setting CVar [[r.MotionBlurQuality:4]]
[2020.09.11-09.47.40:648][  0]LogConfig: Setting CVar [[r.AmbientOcclusionMipLevelFactor:0.4]]
[2020.09.11-09.47.40:648][  0]LogConfig: Setting CVar [[r.AmbientOcclusionMaxQuality:100]]
[2020.09.11-09.47.40:649][  0]LogConfig: Setting CVar [[r.AmbientOcclusionLevels:-1]]
[2020.09.11-09.47.40:649][  0]LogConfig: Setting CVar [[r.AmbientOcclusionRadiusScale:1.0]]
[2020.09.11-09.47.40:649][  0]LogConfig: Setting CVar [[r.DepthOfFieldQuality:2]]
[2020.09.11-09.47.40:649][  0]LogConfig: Setting CVar [[r.RenderTargetPoolMin:400]]
[2020.09.11-09.47.40:649][  0]LogConfig: Setting CVar [[r.LensFlareQuality:2]]
[2020.09.11-09.47.40:649][  0]LogConfig: Setting CVar [[r.SceneColorFringeQuality:1]]
[2020.09.11-09.47.40:649][  0]LogConfig: Setting CVar [[r.EyeAdaptationQuality:2]]
[2020.09.11-09.47.40:649][  0]LogConfig: Setting CVar [[r.BloomQuality:5]]
[2020.09.11-09.47.40:649][  0]LogConfig: Setting CVar [[r.FastBlurThreshold:100]]
[2020.09.11-09.47.40:649][  0]LogConfig: Setting CVar [[r.Upscale.Quality:3]]
[2020.09.11-09.47.40:649][  0]LogConfig: Setting CVar [[r.Tonemapper.GrainQuantization:1]]
[2020.09.11-09.47.40:649][  0]LogConfig: Setting CVar [[r.LightShaftQuality:1]]
[2020.09.11-09.47.40:649][  0]LogConfig: Setting CVar [[r.Filter.SizeScale:1]]
[2020.09.11-09.47.40:649][  0]LogConfig: Setting CVar [[r.Tonemapper.Quality:5]]
[2020.09.11-09.47.40:649][  0]LogConfig: Setting CVar [[r.DOF.Gather.AccumulatorQuality:1        ; higher gathering accumulator quality]]
[2020.09.11-09.47.40:649][  0]LogConfig: Setting CVar [[r.DOF.Gather.PostfilterMethod:1          ; Median3x3 postfilering method]]
[2020.09.11-09.47.40:649][  0]LogConfig: Setting CVar [[r.DOF.Gather.EnableBokehSettings:0       ; no bokeh simulation when gathering]]
[2020.09.11-09.47.40:649][  0]LogConfig: Setting CVar [[r.DOF.Gather.RingCount:4                 ; medium number of samples when gathering]]
[2020.09.11-09.47.40:649][  0]LogConfig: Setting CVar [[r.DOF.Scatter.ForegroundCompositing:1    ; additive foreground scattering]]
[2020.09.11-09.47.40:649][  0]LogConfig: Setting CVar [[r.DOF.Scatter.BackgroundCompositing:2    ; additive background scattering]]
[2020.09.11-09.47.40:649][  0]LogConfig: Setting CVar [[r.DOF.Scatter.EnableBokehSettings:1      ; bokeh simulation when scattering]]
[2020.09.11-09.47.40:649][  0]LogConfig: Setting CVar [[r.DOF.Scatter.MaxSpriteRatio:0.1         ; only a maximum of 10% of scattered bokeh]]
[2020.09.11-09.47.40:649][  0]LogConfig: Setting CVar [[r.DOF.Recombine.Quality:1                ; cheap slight out of focus]]
[2020.09.11-09.47.40:649][  0]LogConfig: Setting CVar [[r.DOF.Recombine.EnableBokehSettings:0    ; no bokeh simulation on slight out of focus]]
[2020.09.11-09.47.40:649][  0]LogConfig: Setting CVar [[r.DOF.TemporalAAQuality:1                ; more stable temporal accumulation]]
[2020.09.11-09.47.40:649][  0]LogConfig: Setting CVar [[r.DOF.Kernel.MaxForegroundRadius:0.025]]
[2020.09.11-09.47.40:649][  0]LogConfig: Setting CVar [[r.DOF.Kernel.MaxBackgroundRadius:0.025]]
[2020.09.11-09.47.40:649][  0]LogConfig: Applying CVar settings from Section [TextureQuality@3] File [C:/Users/wlsgn/Documents/Unreal Projects/Proj/AdvGamesProgramming/GameFiles/Saved/Config/Windows/Scalability.ini]
[2020.09.11-09.47.40:649][  0]LogConfig: Setting CVar [[r.Streaming.MipBias:0]]
[2020.09.11-09.47.40:649][  0]LogConfig: Setting CVar [[r.Streaming.AmortizeCPUToGPUCopy:0]]
[2020.09.11-09.47.40:649][  0]LogConfig: Setting CVar [[r.Streaming.MaxNumTexturesToStreamPerFrame:0]]
[2020.09.11-09.47.40:649][  0]LogConfig: Setting CVar [[r.Streaming.Boost:1]]
[2020.09.11-09.47.40:649][  0]LogConfig: Setting CVar [[r.MaxAnisotropy:8]]
[2020.09.11-09.47.40:649][  0]LogConfig: Setting CVar [[r.VT.MaxAnisotropy:8]]
[2020.09.11-09.47.40:649][  0]LogConfig: Setting CVar [[r.Streaming.LimitPoolSizeToVRAM:0]]
[2020.09.11-09.47.40:649][  0]LogConfig: Setting CVar [[r.Streaming.PoolSize:1000]]
[2020.09.11-09.47.40:649][  0]LogConfig: Setting CVar [[r.Streaming.MaxEffectiveScreenSize:0]]
[2020.09.11-09.47.40:649][  0]LogConfig: Applying CVar settings from Section [EffectsQuality@3] File [C:/Users/wlsgn/Documents/Unreal Projects/Proj/AdvGamesProgramming/GameFiles/Saved/Config/Windows/Scalability.ini]
[2020.09.11-09.47.40:649][  0]LogConfig: Setting CVar [[r.TranslucencyLightingVolumeDim:64]]
[2020.09.11-09.47.40:649][  0]LogConfig: Setting CVar [[r.RefractionQuality:2]]
[2020.09.11-09.47.40:649][  0]LogConfig: Setting CVar [[r.SSR.Quality:3]]
[2020.09.11-09.47.40:649][  0]LogConfig: Setting CVar [[r.SSR.HalfResSceneColor:0]]
[2020.09.11-09.47.40:649][  0]LogConfig: Setting CVar [[r.SceneColorFormat:4]]
[2020.09.11-09.47.40:649][  0]LogConfig: Setting CVar [[r.DetailMode:2]]
[2020.09.11-09.47.40:649][  0]LogConfig: Setting CVar [[r.TranslucencyVolumeBlur:1]]
[2020.09.11-09.47.40:649][  0]LogConfig: Setting CVar [[r.MaterialQualityLevel:1 ; High quality]]
[2020.09.11-09.47.40:649][  0]LogConfig: Setting CVar [[r.SSS.Scale:1]]
[2020.09.11-09.47.40:649][  0]LogConfig: Setting CVar [[r.SSS.SampleSet:2]]
[2020.09.11-09.47.40:649][  0]LogConfig: Setting CVar [[r.SSS.Quality:1]]
[2020.09.11-09.47.40:649][  0]LogConfig: Setting CVar [[r.SSS.HalfRes:1]]
[2020.09.11-09.47.40:649][  0]LogConfig: Setting CVar [[r.SSGI.Quality:3]]
[2020.09.11-09.47.40:649][  0]LogConfig: Setting CVar [[r.EmitterSpawnRateScale:1.0]]
[2020.09.11-09.47.40:649][  0]LogConfig: Setting CVar [[r.ParticleLightQuality:2]]
[2020.09.11-09.47.40:649][  0]LogConfig: Setting CVar [[r.SkyAtmosphere.AerialPerspectiveLUT.FastApplyOnOpaque:1 ; Always have FastSkyLUT 1 in this case to avoid wrong sky]]
[2020.09.11-09.47.40:649][  0]LogConfig: Setting CVar [[r.SkyAtmosphere.AerialPerspectiveLUT.SampleCountPerSlice:1]]
[2020.09.11-09.47.40:649][  0]LogConfig: Setting CVar [[r.SkyAtmosphere.AerialPerspectiveLUT.DepthResolution:16.0]]
[2020.09.11-09.47.40:649][  0]LogConfig: Setting CVar [[r.SkyAtmosphere.FastSkyLUT:1]]
[2020.09.11-09.47.40:649][  0]LogConfig: Setting CVar [[r.SkyAtmosphere.FastSkyLUT.SampleCountMin:4.0]]
[2020.09.11-09.47.40:649][  0]LogConfig: Setting CVar [[r.SkyAtmosphere.FastSkyLUT.SampleCountMax:32.0]]
[2020.09.11-09.47.40:649][  0]LogConfig: Setting CVar [[r.SkyAtmosphere.SampleCountMin:4.0]]
[2020.09.11-09.47.40:650][  0]LogConfig: Setting CVar [[r.SkyAtmosphere.SampleCountMax:32.0]]
[2020.09.11-09.47.40:650][  0]LogConfig: Setting CVar [[r.SkyAtmosphere.TransmittanceLUT.UseSmallFormat:0]]
[2020.09.11-09.47.40:650][  0]LogConfig: Setting CVar [[r.SkyAtmosphere.TransmittanceLUT.SampleCount:10.0]]
[2020.09.11-09.47.40:650][  0]LogConfig: Setting CVar [[r.SkyAtmosphere.MultiScatteringLUT.SampleCount:15.0]]
[2020.09.11-09.47.40:650][  0]LogConfig: Applying CVar settings from Section [FoliageQuality@3] File [C:/Users/wlsgn/Documents/Unreal Projects/Proj/AdvGamesProgramming/GameFiles/Saved/Config/Windows/Scalability.ini]
[2020.09.11-09.47.40:650][  0]LogConfig: Setting CVar [[foliage.DensityScale:1.0]]
[2020.09.11-09.47.40:650][  0]LogConfig: Setting CVar [[grass.DensityScale:1.0]]
[2020.09.11-09.47.40:650][  0]LogConfig: Applying CVar settings from Section [ShadingQuality@3] File [C:/Users/wlsgn/Documents/Unreal Projects/Proj/AdvGamesProgramming/GameFiles/Saved/Config/Windows/Scalability.ini]
[2020.09.11-09.47.40:650][  0]LogConfig: Setting CVar [[r.HairStrands.SkyLighting.SampleCount:16]]
[2020.09.11-09.47.40:650][  0]LogConfig: Setting CVar [[r.HairStrands.SkyLighting.JitterIntegration:0]]
[2020.09.11-09.47.40:650][  0]LogConfig: Setting CVar [[r.HairStrands.SkyAO.SampleCount:16]]
[2020.09.11-09.47.40:650][  0]LogConfig: Applying CVar settings from Section [Startup] File [../../../Engine/Config/ConsoleVariables.ini]
[2020.09.11-09.47.40:650][  0]LogConfig: Setting CVar [[net.UseAdaptiveNetUpdateFrequency:0]]
[2020.09.11-09.47.40:650][  0]LogConfig: Setting CVar [[p.chaos.AllowCreatePhysxBodies:1]]
[2020.09.11-09.47.40:650][  0]LogConfig: Applying CVar settings from Section [ConsoleVariables] File [C:/Users/wlsgn/Documents/Unreal Projects/Proj/AdvGamesProgramming/GameFiles/Saved/Config/Windows/Engine.ini]
[2020.09.11-09.47.40:650][  0]LogInit: Computer: DESKTOP-DOLCJVN
[2020.09.11-09.47.40:650][  0]LogInit: User: wlsgn
[2020.09.11-09.47.40:650][  0]LogInit: CPU Page size=4096, Cores=4
[2020.09.11-09.47.40:650][  0]LogInit: High frequency timer resolution =10.000000 MHz
[2020.09.11-09.47.40:651][  0]LogMemory: Memory total: Physical=31.9GB (32GB approx)
[2020.09.11-09.47.40:651][  0]LogMemory: Platform Memory Stats for Windows
[2020.09.11-09.47.40:651][  0]LogMemory: Process Physical Memory: 105.68 MB used, 105.69 MB peak
[2020.09.11-09.47.40:651][  0]LogMemory: Process Virtual Memory: 100.79 MB used, 100.79 MB peak
[2020.09.11-09.47.40:651][  0]LogMemory: Physical Memory: 11740.55 MB used,  20899.43 MB free, 32639.98 MB total
[2020.09.11-09.47.40:651][  0]LogMemory: Virtual Memory: 5138.29 MB used,  134212592.00 MB free, 134217728.00 MB total
[2020.09.11-09.47.40:657][  0]LogWindows: WindowsPlatformFeatures enabled
[2020.09.11-09.47.40:722][  0]LogInit: Overriding language with editor language configuration option (en).
[2020.09.11-09.47.40:722][  0]LogInit: Overriding locale with editor culture configuration option ().
[2020.09.11-09.47.40:722][  0]LogInit: Using OS detected locale (ko-KR).
[2020.09.11-09.47.40:923][  0]LogInit: Setting process to per monitor DPI aware
[2020.09.11-09.47.41:021][  0]LogSlate: New Slate User Created.  User Index 0, Is Virtual User: 0
[2020.09.11-09.47.41:021][  0]LogSlate: Slate User Registered.  User Index 0, Is Virtual User: 0
[2020.09.11-09.47.41:426][  0]LogHMD: Failed to initialize OpenVR with code 110
[2020.09.11-09.47.41:426][  0]LogD3D11RHI: D3D11 min allowed feature level: 11_0
[2020.09.11-09.47.41:426][  0]LogD3D11RHI: D3D11 max allowed feature level: 11_0
[2020.09.11-09.47.41:426][  0]LogD3D11RHI: D3D11 adapters:
[2020.09.11-09.47.41:528][  0]LogD3D11RHI:    0. 'NVIDIA GeForce MX130' (Feature Level 11_0)
[2020.09.11-09.47.41:528][  0]LogD3D11RHI:       2010/0/16319 MB DedicatedVideo/DedicatedSystem/SharedSystem, Outputs:2, VendorId:0x10de
[2020.09.11-09.47.41:581][  0]LogD3D11RHI:    1. 'Intel(R) UHD Graphics 620' (Feature Level 11_0)
[2020.09.11-09.47.41:581][  0]LogD3D11RHI:       128/0/16319 MB DedicatedVideo/DedicatedSystem/SharedSystem, Outputs:0, VendorId:0x8086
[2020.09.11-09.47.41:586][  0]LogD3D11RHI:    2. 'Microsoft Basic Render Driver' (Feature Level 11_0)
[2020.09.11-09.47.41:586][  0]LogD3D11RHI:       0/0/16319 MB DedicatedVideo/DedicatedSystem/SharedSystem, Outputs:0, VendorId:0x1414
[2020.09.11-09.47.41:590][  0]LogD3D11RHI:    3. 'Microsoft Basic Render Driver' (Feature Level 11_0)
[2020.09.11-09.47.41:590][  0]LogD3D11RHI:       0/0/16319 MB DedicatedVideo/DedicatedSystem/SharedSystem, Outputs:0, VendorId:0x1414
[2020.09.11-09.47.41:590][  0]LogD3D11RHI: Chosen D3D11 Adapter: 0
[2020.09.11-09.47.41:647][  0]LogD3D11RHI: Creating new Direct3DDevice
[2020.09.11-09.47.41:647][  0]LogD3D11RHI:     GPU DeviceId: 0x174d (for the marketing name, search the web for "GPU Device Id")
[2020.09.11-09.47.41:647][  0]LogWindows: EnumDisplayDevices:
[2020.09.11-09.47.41:647][  0]LogWindows:    0. 'Intel(R) UHD Graphics 620' (P:0 D:1)
[2020.09.11-09.47.41:649][  0]LogWindows:    1. 'Intel(R) UHD Graphics 620' (P:1 D:1)
[2020.09.11-09.47.41:650][  0]LogWindows:    2. 'Intel(R) UHD Graphics 620' (P:0 D:0)
[2020.09.11-09.47.41:651][  0]LogWindows:    3. 'LuminonCore IDDCX Adapter' (P:0 D:0)
[2020.09.11-09.47.41:653][  0]LogWindows:    4. 'LuminonCore IDDCX Adapter' (P:0 D:0)
[2020.09.11-09.47.41:654][  0]LogWindows:    5. 'LuminonCore IDDCX Adapter' (P:0 D:0)
[2020.09.11-09.47.41:655][  0]LogWindows:    6. 'LuminonCore IDDCX Adapter' (P:0 D:0)
[2020.09.11-09.47.41:656][  0]LogWindows:    7. 'LuminonCore IDDCX Adapter' (P:0 D:0)
[2020.09.11-09.47.41:658][  0]LogWindows:    8. 'LuminonCore IDDCX Adapter' (P:0 D:0)
[2020.09.11-09.47.41:659][  0]LogWindows:    9. 'LuminonCore IDDCX Adapter' (P:0 D:0)
[2020.09.11-09.47.41:660][  0]LogWindows:    10. 'LuminonCore IDDCX Adapter' (P:0 D:0)
[2020.09.11-09.47.41:662][  0]LogWindows:    11. 'LuminonCore IDDCX Adapter' (P:0 D:0)
[2020.09.11-09.47.41:663][  0]LogWindows:    12. 'LuminonCore IDDCX Adapter' (P:0 D:0)
[2020.09.11-09.47.41:664][  0]LogWindows:    13. 'LuminonCore IDDCX Adapter' (P:0 D:0)
[2020.09.11-09.47.41:666][  0]LogWindows:    14. 'LuminonCore IDDCX Adapter' (P:0 D:0)
[2020.09.11-09.47.41:667][  0]LogWindows:    15. 'LuminonCore IDDCX Adapter' (P:0 D:0)
[2020.09.11-09.47.41:668][  0]LogWindows:    16. 'LuminonCore IDDCX Adapter' (P:0 D:0)
[2020.09.11-09.47.41:669][  0]LogWindows:    17. 'LuminonCore IDDCX Adapter' (P:0 D:0)
[2020.09.11-09.47.41:671][  0]LogWindows:    18. 'LuminonCore IDDCX Adapter' (P:0 D:0)
[2020.09.11-09.47.41:671][  0]LogWindows: DebugString: PrimaryIsNotTheChoosenAdapter PrimaryIsNotTheChoosenAdapter PrimaryIsNotTheChoosenAdapter GetVideoDriverDetailsInvalid PrimaryIsNotTheChoosenAdapter GetVideoDriverDetailsInvalid PrimaryIsNotTheChoosenAdapter GetVideoDriverDetailsInvalid PrimaryIsNotTheChoosenAdapter GetVideoDriverDetailsInvalid PrimaryIsNotTheChoosenAdapter GetVideoDriverDetailsInvalid PrimaryIsNotTheChoosenAdapter GetVideoDriverDetailsInvalid PrimaryIsNotTheChoosenAdapter GetVideoDriverDetailsInvalid PrimaryIsNotTheChoosenAdapter GetVideoDriverDetailsInvalid PrimaryIsNotTheChoosenAdapter GetVideoDriverDetailsInvalid PrimaryIsNotTheChoosenAdapter GetVideoDriverDetailsInvalid PrimaryIsNotTheChoosenAdapter GetVideoDriverDetailsInvalid PrimaryIsNotTheChoosenAdapter GetVideoDriverDetailsInvalid PrimaryIsNotTheChoosenAdapter GetVideoDriverDetailsInvalid PrimaryIsNotTheChoosenAdapter GetVideoDriverDetailsInvalid PrimaryIsNotTheChoosenAdapter GetVideoDriverDetailsInvalid PrimaryIsNotTheChoosenAdapter GetVideoDriverDetailsInvalid PrimaryIsNotTheChoosenAdapter FoundDriverCount:0 
[2020.09.11-09.47.41:671][  0]LogD3D11RHI:     Adapter Name: NVIDIA GeForce MX130
[2020.09.11-09.47.41:672][  0]LogD3D11RHI:   Driver Version: Unknown (internal:Unknown, unified:Unknown)
[2020.09.11-09.47.41:672][  0]LogD3D11RHI:      Driver Date: Unknown
[2020.09.11-09.47.41:672][  0]LogRHI: Texture pool is 1407 MB (70% of 2010 MB)
[2020.09.11-09.47.41:743][  0]LogD3D11RHI: RHI has support for 64 bit atomics
[2020.09.11-09.47.41:743][  0]LogD3D11RHI: Async texture creation enabled
[2020.09.11-09.47.41:773][  0]LogD3D11RHI: GPU Timing Frequency: 1000.000000 (Debug: 2 1)
[2020.09.11-09.47.42:359][  0]LogTargetPlatformManager: Display: Loaded TargetPlatform 'AllDesktop'
[2020.09.11-09.47.42:408][  0]LogTargetPlatformManager: Display: Loaded TargetPlatform 'Android'
[2020.09.11-09.47.42:408][  0]LogTargetPlatformManager: Display: Loaded TargetPlatform 'Android_ASTC'
[2020.09.11-09.47.42:408][  0]LogTargetPlatformManager: Display: Loaded TargetPlatform 'Android_ATC'
[2020.09.11-09.47.42:408][  0]LogTargetPlatformManager: Display: Loaded TargetPlatform 'Android_DXT'
[2020.09.11-09.47.42:408][  0]LogTargetPlatformManager: Display: Loaded TargetPlatform 'Android_ETC1'
[2020.09.11-09.47.42:408][  0]LogTargetPlatformManager: Display: Loaded TargetPlatform 'Android_ETC1a'
[2020.09.11-09.47.42:408][  0]LogTargetPlatformManager: Display: Loaded TargetPlatform 'Android_ETC2'
[2020.09.11-09.47.42:408][  0]LogTargetPlatformManager: Display: Loaded TargetPlatform 'Android_PVRTC'
[2020.09.11-09.47.42:408][  0]LogTargetPlatformManager: Display: Loaded TargetPlatform 'AndroidClient'
[2020.09.11-09.47.42:408][  0]LogTargetPlatformManager: Display: Loaded TargetPlatform 'Android_ASTCClient'
[2020.09.11-09.47.42:408][  0]LogTargetPlatformManager: Display: Loaded TargetPlatform 'Android_ATCClient'
[2020.09.11-09.47.42:408][  0]LogTargetPlatformManager: Display: Loaded TargetPlatform 'Android_DXTClient'
[2020.09.11-09.47.42:408][  0]LogTargetPlatformManager: Display: Loaded TargetPlatform 'Android_ETC1Client'
[2020.09.11-09.47.42:408][  0]LogTargetPlatformManager: Display: Loaded TargetPlatform 'Android_ETC1aClient'
[2020.09.11-09.47.42:408][  0]LogTargetPlatformManager: Display: Loaded TargetPlatform 'Android_ETC2Client'
[2020.09.11-09.47.42:408][  0]LogTargetPlatformManager: Display: Loaded TargetPlatform 'Android_PVRTCClient'
[2020.09.11-09.47.42:408][  0]LogTargetPlatformManager: Display: Loaded TargetPlatform 'Android_Multi'
[2020.09.11-09.47.42:408][  0]LogTargetPlatformManager: Display: Loaded TargetPlatform 'Android_MultiClient'
[2020.09.11-09.47.42:437][  0]LogTargetPlatformManager: Display: Loaded TargetPlatform 'IOSClient'
[2020.09.11-09.47.42:437][  0]LogTargetPlatformManager: Display: Loaded TargetPlatform 'IOS'
[2020.09.11-09.47.42:449][  0]LogTargetPlatformManager: Display: Loaded TargetPlatform 'LinuxNoEditor'
[2020.09.11-09.47.42:460][  0]LogTargetPlatformManager: Display: Loaded TargetPlatform 'LinuxClient'
[2020.09.11-09.47.42:472][  0]LogTargetPlatformManager: Display: Loaded TargetPlatform 'LinuxServer'
[2020.09.11-09.47.42:484][  0]LogTargetPlatformManager: Display: Loaded TargetPlatform 'LinuxAArch64NoEditor'
[2020.09.11-09.47.42:495][  0]LogTargetPlatformManager: Display: Loaded TargetPlatform 'LinuxAArch64Client'
[2020.09.11-09.47.42:507][  0]LogTargetPlatformManager: Display: Loaded TargetPlatform 'LinuxAArch64Server'
[2020.09.11-09.47.42:550][  0]LogTargetPlatformManager: Display: Loaded TargetPlatform 'Lumin'
[2020.09.11-09.47.42:550][  0]LogTargetPlatformManager: Display: Loaded TargetPlatform 'LuminClient'
[2020.09.11-09.47.42:574][  0]LogTargetPlatformManager: Display: Loaded TargetPlatform 'TVOSClient'
[2020.09.11-09.47.42:574][  0]LogTargetPlatformManager: Display: Loaded TargetPlatform 'TVOS'
[2020.09.11-09.47.42:586][  0]LogTargetPlatformManager: Display: Loaded TargetPlatform 'WindowsNoEditor'
[2020.09.11-09.47.42:600][  0]LogTargetPlatformManager: Display: Loaded TargetPlatform 'Windows'
[2020.09.11-09.47.42:611][  0]LogTargetPlatformManager: Display: Loaded TargetPlatform 'WindowsClient'
[2020.09.11-09.47.42:623][  0]LogTargetPlatformManager: Display: Loaded TargetPlatform 'WindowsServer'
[2020.09.11-09.47.42:623][  0]LogTargetPlatformManager: Display: Building Assets For Windows
[2020.09.11-09.47.42:629][  0]LogAudioDebug: Display: Lib vorbis DLL was dynamically loaded.
[2020.09.11-09.47.42:691][  0]LogShaderCompilers: Guid format shader working directory is -45 characters bigger than the processId version (../../../../../../Users/wlsgn/Documents/Unreal Projects/Proj/AdvGamesProgramming/GameFiles/Intermediate/Shaders/WorkingDirectory/31076/).
[2020.09.11-09.47.42:692][  0]LogShaderCompilers: Cleaned the shader compiler working directory 'C:/Users/wlsgn/AppData/Local/Temp/UnrealShaderWorkingDir/77A5CB5144BF78B90CB1778A77B4B607/'.
[2020.09.11-09.47.42:693][  0]LogXGEController: Cannot use XGE Controller as Incredibuild is not installed on this machine.
[2020.09.11-09.47.42:693][  0]LogShaderCompilers: Cannot use XGE Shader Compiler as Incredibuild is not installed on this machine.
[2020.09.11-09.47.42:693][  0]LogShaderCompilers: Display: Using Local Shader Compiler.
[2020.09.11-09.47.43:582][  0]LogDerivedDataCache: Display: Max Cache Size: 512 MB
[2020.09.11-09.47.43:644][  0]LogDerivedDataCache: Loaded boot cache 0.06s 89MB C:/Users/wlsgn/AppData/Local/UnrealEngine/4.24/DerivedDataCache/Boot.ddc.
[2020.09.11-09.47.43:644][  0]LogDerivedDataCache: Display: Loaded Boot cache: C:/Users/wlsgn/AppData/Local/UnrealEngine/4.24/DerivedDataCache/Boot.ddc
[2020.09.11-09.47.43:644][  0]LogDerivedDataCache: FDerivedDataBackendGraph:  Pak pak cache file ../../../../../../Users/wlsgn/Documents/Unreal Projects/Proj/AdvGamesProgramming/GameFiles/DerivedDataCache/DDC.ddp not found, will not use a pak cache.
[2020.09.11-09.47.43:644][  0]LogDerivedDataCache: Unable to find inner node Pak for hierarchical cache Hierarchy.
[2020.09.11-09.47.43:644][  0]LogDerivedDataCache: FDerivedDataBackendGraph:  CompressedPak pak cache file ../../../../../../Users/wlsgn/Documents/Unreal Projects/Proj/AdvGamesProgramming/GameFiles/DerivedDataCache/Compressed.ddp not found, will not use a pak cache.
[2020.09.11-09.47.43:644][  0]LogDerivedDataCache: Unable to find inner node CompressedPak for hierarchical cache Hierarchy.
[2020.09.11-09.47.43:655][  0]LogDerivedDataCache: Display: Pak cache opened for reading ../../../Engine/DerivedDataCache/Compressed.ddp.
[2020.09.11-09.47.43:655][  0]LogDerivedDataCache: FDerivedDataBackendGraph:  EnterprisePak pak cache file ../../../Enterprise/DerivedDataCache/Compressed.ddp not found, will not use a pak cache.
[2020.09.11-09.47.43:655][  0]LogDerivedDataCache: Unable to find inner node EnterprisePak for hierarchical cache Hierarchy.
[2020.09.11-09.47.43:656][  0]LogDerivedDataCache: Using Local data cache path C:/Users/wlsgn/AppData/Local/UnrealEngine/Common/DerivedDataCache: Writable
[2020.09.11-09.47.43:656][  0]LogDerivedDataCache: Shared data cache path not found in *engine.ini, will not use an Shared cache.
[2020.09.11-09.47.43:656][  0]LogDerivedDataCache: Unable to find inner node Shared for hierarchical cache Hierarchy.
[2020.09.11-09.47.43:683][  0]LogMaterial: Verifying Global Shaders for PCD3D_SM5
[2020.09.11-09.47.43:686][  0]LogSlate: Using FreeType 2.10.0
[2020.09.11-09.47.43:687][  0]LogSlate: SlateFontServices - WITH_FREETYPE: 1, WITH_HARFBUZZ: 1
[2020.09.11-09.47.43:762][  0]LogAssetRegistry: FAssetRegistry took 0.0029 seconds to start up
[2020.09.11-09.47.44:107][  0]LogInit: Selected Device Profile: [Windows]
[2020.09.11-09.47.44:291][  0]LogMeshReduction: Using QuadricMeshReduction for automatic static mesh reduction
[2020.09.11-09.47.44:291][  0]LogMeshReduction: Using SimplygonMeshReduction for automatic skeletal mesh reduction
[2020.09.11-09.47.44:291][  0]LogMeshReduction: Using ProxyLODMeshReduction for automatic mesh merging
[2020.09.11-09.47.44:291][  0]LogMeshReduction: No distributed automatic mesh merging module available
[2020.09.11-09.47.44:291][  0]LogMeshMerging: No distributed automatic mesh merging module available
[2020.09.11-09.47.44:316][  0]LogNetVersion: AdvGamesProgramming 1.0.0, NetCL: 10570792, EngineNetVer: 13, GameNetVer: 0 (Checksum: 489682494)
[2020.09.11-09.47.45:654][  0]LogPackageLocalizationCache: Processed 10 localized package path(s) for 1 prioritized culture(s) in 0.046906 seconds
[2020.09.11-09.47.45:663][  0]LogUObjectArray: 46750 objects as part of root set at end of initial load.
[2020.09.11-09.47.45:663][  0]LogUObjectAllocator: 8137160 out of 0 bytes used by permanent object pool.
[2020.09.11-09.47.45:663][  0]LogUObjectArray: CloseDisregardForGC: 0/0 objects in disregard for GC pool
[2020.09.11-09.47.46:215][  0]LogTcpMessaging: Initializing TcpMessaging bridge
[2020.09.11-09.47.46:219][  0]LogUdpMessaging: Initializing bridge on interface 0.0.0.0:0 to multicast group 230.0.0.1:6666.
[2020.09.11-09.47.46:349][  0]LogBlueprint: Warning: [Compiler Ue4ASP_Character] InputAction Event references unknown Action 'Crouch' for  InputAction Crouch
[2020.09.11-09.47.46:350][  0]LogBlueprint: Warning: [Compiler Ue4ASP_Character] Input Axis Event references unknown Axis 'MoveRight' for  InputAxis MoveRight
[2020.09.11-09.47.46:788][  0]SourceControl: Source control is disabled
[2020.09.11-09.47.46:788][  0]SourceControl: Source control is disabled
[2020.09.11-09.47.46:790][  0]SourceControl: Source control is disabled
[2020.09.11-09.47.46:791][  0]SourceControl: Source control is disabled
[2020.09.11-09.47.46:792][  0]SourceControl: Source control is disabled
[2020.09.11-09.47.46:934][  0]LogAndroidPermission: UAndroidPermissionCallbackProxy::GetInstance
[2020.09.11-09.47.46:949][  0]LogAudioCaptureCore: Display: No Audio Capture implementations found. Audio input will be silent.
[2020.09.11-09.47.46:949][  0]LogAudioCaptureCore: Display: No Audio Capture implementations found. Audio input will be silent.
[2020.09.11-09.47.47:050][  0]LogOcInput: OculusInput pre-init called
[2020.09.11-09.47.47:069][  0]LogWindows: Failed to load 'OVRPlugin.dll' (GetLastError=126)
[2020.09.11-09.47.47:070][  0]LogWindows: File 'OVRPlugin.dll' does not exist
[2020.09.11-09.47.47:144][  0]LogEngine: Initializing Engine...
[2020.09.11-09.47.47:146][  0]LogHMD: Failed to initialize OpenVR with code 110
[2020.09.11-09.47.47:147][  0]LogStats: UGameplayTagsManager::InitializeManager -  0.000 s
[2020.09.11-09.47.47:541][  0]LogInit: Initializing FReadOnlyCVARCache
[2020.09.11-09.47.47:551][  0]LogAIModule: Creating AISystem for world Untitled
[2020.09.11-09.47.47:573][  0]LogAudioMixer: Display: Audio Mixer Platform Settings:
[2020.09.11-09.47.47:574][  0]LogAudioMixer: Display: 	Sample Rate:						  48000
[2020.09.11-09.47.47:574][  0]LogAudioMixer: Display: 	Callback Buffer Frame Size Requested: 1024
[2020.09.11-09.47.47:574][  0]LogAudioMixer: Display: 	Callback Buffer Frame Size To Use:	  1024
[2020.09.11-09.47.47:574][  0]LogAudioMixer: Display: 	Number of buffers to queue:			  2
[2020.09.11-09.47.47:574][  0]LogAudioMixer: Display: 	Max Channels (voices):				  32
[2020.09.11-09.47.47:574][  0]LogAudioMixer: Display: 	Number of Async Source Workers:		  0
[2020.09.11-09.47.47:574][  0]LogAudio: Display: AudioDevice MaxSources: 32
[2020.09.11-09.47.47:574][  0]LogAudio: Display: Using built-in audio occlusion.
[2020.09.11-09.47.47:574][  0]LogAudioMixer: Display: Initializing audio mixer.
[2020.09.11-09.47.47:895][  0]LogAudioMixer: Display: Audio Device Output Speaker Info:
[2020.09.11-09.47.47:895][  0]LogAudioMixer: Display: Name: 스피커(iFi (by AMR) HD USB Audio)
[2020.09.11-09.47.47:895][  0]LogAudioMixer: Display: Is Default: Yes
[2020.09.11-09.47.47:895][  0]LogAudioMixer: Display: Sample Rate: 48000
[2020.09.11-09.47.47:895][  0]LogAudioMixer: Display: Channel Count Used: 2
[2020.09.11-09.47.47:895][  0]LogAudioMixer: Display: Device Channel Count: 2
[2020.09.11-09.47.47:895][  0]LogAudioMixer: Display: Channel Order:
[2020.09.11-09.47.47:895][  0]LogAudioMixer: Display: 0: FrontLeft
[2020.09.11-09.47.47:895][  0]LogAudioMixer: Display: 1: FrontRight
[2020.09.11-09.47.48:219][  0]LogAudioMixer: Display: Using Audio Device 스피커(iFi (by AMR) HD USB Audio)
[2020.09.11-09.47.48:224][  0]LogInit: FAudioDevice initialized.
[2020.09.11-09.47.48:225][  0]LogNetVersion: Set ProjectVersion to 1.0.0.0. Version Checksum will be recalculated on next use.
[2020.09.11-09.47.48:325][  0]LogDerivedDataCache: Saved boot cache 0.10s 89MB C:/Users/wlsgn/AppData/Local/UnrealEngine/4.24/DerivedDataCache/Boot.ddc.
[2020.09.11-09.47.48:325][  0]LogInit: Texture streaming: Enabled
[2020.09.11-09.47.48:349][  0]LogEngineSessionManager: EngineSessionManager initialized
[2020.09.11-09.47.48:349][  0]LogEngineSessionManager: EngineSessionManager sent abnormal shutdown report. Type=Debugger, SessionId={757F358C-45C9-CB40-1811-83BEFA1A94B2}
[2020.09.11-09.47.48:350][  0]LogEngineSessionManager: EngineSessionManager sent abnormal shutdown report. Type=Debugger, SessionId={F8F39B8B-4477-B639-555D-AEB1C998D5DD}
[2020.09.11-09.47.48:350][  0]LogEditorSessionSummary: Verbose: Initializing EditorSessionSummaryWriter for editor session tracking
[2020.09.11-09.47.48:354][  0]LogEditorSessionSummary: EditorSessionSummaryWriter initialized
[2020.09.11-09.47.48:411][  0]LogInit: Transaction tracking system initialized
[2020.09.11-09.47.48:430][  0]BlueprintLog: New page: Editor Load
[2020.09.11-09.47.48:489][  0]LocalizationService: Localization service is disabled
[2020.09.11-09.47.48:991][  0]LogFileCache: Scanning file cache for directory 'C:/Users/wlsgn/Documents/Unreal Projects/Proj/AdvGamesProgramming/GameFiles/Content/' took 0.01s
[2020.09.11-09.47.48:991][  0]LogCook: Display: Max memory allowance for cook 16384mb min free memory 0mb
[2020.09.11-09.47.48:991][  0]LogCook: Display: Mobile HDR setting 1
[2020.09.11-09.47.50:174][  0]SourceControl: Source control is disabled
[2020.09.11-09.47.50:174][  0]Cmd: MAP LOAD FILE="../../../../../../Users/wlsgn/Documents/Unreal Projects/Proj/AdvGamesProgramming/GameFiles/Content/Levels/TestingMap.umap" TEMPLATE=0 SHOWPROGRESS=1 FEATURELEVEL=3
[2020.09.11-09.47.50:175][  0]LightingResults: New page: Lighting Build
[2020.09.11-09.47.50:176][  0]LogWorld: UWorld::CleanupWorld for Untitled, bSessionEnded=true, bCleanupResources=true
[2020.09.11-09.47.50:176][  0]LogSlate: InvalidateAllWidgets triggered.  All widgets were invalidated
[2020.09.11-09.47.50:176][  0]MapCheck: New page: Map Check
[2020.09.11-09.47.50:176][  0]LightingResults: New page: Lighting Build
[2020.09.11-09.47.50:216][  0]LogUObjectHash: Compacting FUObjectHashTables data took   2.81ms
[2020.09.11-09.47.50:353][  0]LogAIModule: Creating AISystem for world TestingMap
[2020.09.11-09.47.50:369][  0]LogEditorServer: Finished looking for orphan Actors (0.000 secs)
[2020.09.11-09.47.50:407][  0]LogUObjectHash: Compacting FUObjectHashTables data took   3.63ms
[2020.09.11-09.47.50:408][  0]Cmd: MAP CHECKDEP NOCLEARLOG
[2020.09.11-09.47.50:408][  0]MapCheck: Map check complete: 0 Error(s), 0 Warning(s), took 0.516ms to complete.
[2020.09.11-09.47.50:408][  0]LogFileHelpers: Loading map 'TestingMap' took 0.235
[2020.09.11-09.47.50:600][  0]LogSlate: Updating window title bar state: overlay mode, drag disabled, window buttons hidden, title bar hidden
[2020.09.11-09.47.50:608][  0]LogSlate: Updating window title bar state: overlay mode, drag disabled, window buttons hidden, title bar hidden
[2020.09.11-09.47.50:616][  0]LogSlate: Updating window title bar state: overlay mode, drag disabled, window buttons hidden, title bar hidden
[2020.09.11-09.47.50:624][  0]LogSlate: Updating window title bar state: overlay mode, drag disabled, window buttons hidden, title bar hidden
[2020.09.11-09.47.50:631][  0]LogCollectionManager: Loaded 0 collections in 0.001416 seconds
[2020.09.11-09.47.50:649][  0]LogFileCache: Scanning file cache for directory 'C:/Users/wlsgn/Documents/Unreal Projects/Proj/AdvGamesProgramming/GameFiles/Saved/Collections/' took 0.00s
[2020.09.11-09.47.50:649][  0]LogFileCache: Scanning file cache for directory 'C:/Users/wlsgn/Documents/Unreal Projects/Proj/AdvGamesProgramming/GameFiles/Content/Developers/wlsgn/Collections/' took 0.00s
[2020.09.11-09.47.50:649][  0]LogFileCache: Scanning file cache for directory 'C:/Users/wlsgn/Documents/Unreal Projects/Proj/AdvGamesProgramming/GameFiles/Content/Collections/' took 0.00s
[2020.09.11-09.47.50:649][  0]LogContentBrowser: Native class hierarchy populated in 0.0100 seconds. Added 3024 classes and 719 folders.
[2020.09.11-09.47.50:654][  0]LogContentBrowser: Native class hierarchy updated for 'WidgetCarousel' in 0.0004 seconds. Added 0 classes and 0 folders.
[2020.09.11-09.47.50:736][  0]LogContentBrowser: Native class hierarchy updated for 'AddContentDialog' in 0.0004 seconds. Added 0 classes and 0 folders.
[2020.09.11-09.47.50:745][  0]LogContentBrowser: Native class hierarchy updated for 'SceneOutliner' in 0.0005 seconds. Added 2 classes and 3 folders.
[2020.09.11-09.47.50:837][  0]LogSlate: Took 0.000384 seconds to synchronously load lazily loaded font '../../../Engine/Content/Slate/Fonts/Roboto-Regular.ttf' (155K)
[2020.09.11-09.47.50:841][  0]LogSlate: Took 0.000742 seconds to synchronously load lazily loaded font '../../../Engine/Content/Slate/Fonts/Roboto-Bold.ttf' (160K)
[2020.09.11-09.47.50:848][  0]LogSlate: Took 0.000384 seconds to synchronously load lazily loaded font '../../../Engine/Content/Editor/Slate/Fonts/FontAwesome.ttf' (139K)
[2020.09.11-09.47.50:972][  0]LogRenderer: Reallocating scene render targets to support 1608x836 Format 10 NumSamples 1 (Frame:1).
[2020.09.11-09.47.51:187][  0]LogContentBrowser: Native class hierarchy updated for 'HierarchicalLODOutliner' in 0.0005 seconds. Added 0 classes and 0 folders.
[2020.09.11-09.47.51:187][  0]LogLoad: (Engine Initialization) Total time: 12.42 seconds
[2020.09.11-09.47.51:187][  0]LogLoad: (Engine Initialization) Total Blueprint compile time: 0.00 seconds
[2020.09.11-09.47.51:260][  0]LogContentStreaming: Texture pool size now 1000 MB
[2020.09.11-09.47.51:319][  1]LogAssetRegistry: Asset discovery search completed in 7.5579 seconds
[2020.09.11-09.47.51:324][  1]LogCollectionManager: Fixed up redirectors for 0 collections in 0.000011 seconds (updated 0 objects)
[2020.09.11-09.48.22:240][135]LogVSAccessor: Warning: Couldn't access Visual Studio
[2020.09.11-09.48.22:259][135]Candidate modules for hot reload:
[2020.09.11-09.48.22:259][135]  AdvGamesProgramming
[2020.09.11-09.48.22:259][135]Launching UnrealBuildTool... [C:/Program Files/Epic Games/UE_4.24/Engine/Binaries/DotNET/UnrealBuildTool.exe  -ModuleWithSuffix=AdvGamesProgramming,5250 Win64 Development -TargetType=Editor -Project="C:/Users/wlsgn/Documents/Unreal Projects/Proj/AdvGamesProgramming/GameFiles/AdvGamesProgramming.uproject" "C:/Users/wlsgn/Documents/Unreal Projects/Proj/AdvGamesProgramming/GameFiles/AdvGamesProgramming.uproject"  -IgnoreJunk]
[2020.09.11-09.48.22:264][135]Warning: Starting HotReload took  0.0s.
[2020.09.11-09.48.36:198][604]CompilerResultsLog: New page: Compilation - 2020. 9. 12. 오전 5:48:36
[2020.09.11-09.48.36:198][604]CompilerResultsLog: Using 'git status' to determine working set for adaptive non-unity build (C:\Users\wlsgn\Documents\Unreal Projects\Proj\AdvGamesProgramming).
[2020.09.11-09.48.36:198][604]CompilerResultsLog: Building AdvGamesProgrammingEditor...
[2020.09.11-09.48.36:198][604]CompilerResultsLog: Using Visual Studio 2017 14.16.27032 toolchain (C:\Program Files (x86)\Microsoft Visual Studio\2017\Community\VC\Tools\MSVC\14.16.27023) and Windows 10.0.16299.0 SDK (D:\Windows Kits\10).
[2020.09.11-09.48.36:198][604]CompilerResultsLog: Building 10 actions with 8 processes...
[2020.09.11-09.48.36:198][604]CompilerResultsLog:   [1/10] AdvGamesProgramming.init.gen.cpp
[2020.09.11-09.48.36:198][604]CompilerResultsLog:   [2/10] AIManager.gen.cpp
[2020.09.11-09.48.36:198][604]CompilerResultsLog:   [3/10] MyAIController.gen.cpp
[2020.09.11-09.48.36:198][604]CompilerResultsLog:   [4/10] EnemyCharacter.cpp
[2020.09.11-09.48.36:198][604]CompilerResultsLog:   [5/10] EnemyCharacter.gen.cpp
[2020.09.11-09.48.36:199][604]CompilerResultsLog:   [6/10] AIManager.cpp
[2020.09.11-09.48.36:199][604]CompilerResultsLog:   [7/10] MyAIController.cpp
[2020.09.11-09.48.36:199][604]CompilerResultsLog:   [8/10] UE4Editor-AdvGamesProgramming-5250.lib
[2020.09.11-09.48.36:199][604]CompilerResultsLog:      C:\Users\wlsgn\Documents\Unreal Projects\Proj\AdvGamesProgramming\GameFiles\Intermediate\Build\Win64\UE4Editor\Development\AdvGamesProgramming\UE4Editor-AdvGamesProgramming-5250.lib ???̺귯?? ?? C:\Users\wlsgn\Documents\Unreal Projects\Proj\AdvGamesProgramming\GameFiles\Intermediate\Build\Win64\UE4Editor\Development\AdvGamesProgramming\UE4Editor-AdvGamesProgramming-5250.exp ??ü?? ?????ϰ? ?ֽ??ϴ?.
[2020.09.11-09.48.36:199][604]CompilerResultsLog:   [9/10] UE4Editor-AdvGamesProgramming-5250.dll
[2020.09.11-09.48.36:199][604]CompilerResultsLog:      C:\Users\wlsgn\Documents\Unreal Projects\Proj\AdvGamesProgramming\GameFiles\Intermediate\Build\Win64\UE4Editor\Development\AdvGamesProgramming\UE4Editor-AdvGamesProgramming-5250.suppressed.lib ???̺귯?? ?? C:\Users\wlsgn\Documents\Unreal Projects\Proj\AdvGamesProgramming\GameFiles\Intermediate\Build\Win64\UE4Editor\Development\AdvGamesProgramming\UE4Editor-AdvGamesProgramming-5250.suppressed.exp ??ü?? ?????ϰ? ?ֽ??ϴ?.
[2020.09.11-09.48.36:199][604]CompilerResultsLog:   [10/10] AdvGamesProgrammingEditor.target
[2020.09.11-09.48.36:199][604]CompilerResultsLog: Total time in Parallel executor: 11.05 seconds
[2020.09.11-09.48.36:199][604]CompilerResultsLog: Total execution time: 13.75 seconds
[2020.09.11-09.48.36:199][604]LogMainFrame: MainFrame: Module compiling took 13.959 seconds
[2020.09.11-09.48.36:238][604]LogUObjectHash: Compacting FUObjectHashTables data took   1.06ms
[2020.09.11-09.48.36:299][604]LogClass: AgentState HotReload.
[2020.09.11-09.48.36:309][604]LogContentBrowser: Native class hierarchy updated for 'AdvGamesProgramming' in 0.0006 seconds. Added 9 classes and 2 folders.
[2020.09.11-09.48.36:313][604]Display: HotReload successful (11 functions remapped  0 scriptstructs remapped)
[2020.09.11-09.48.36:440][604]LogUObjectHash: Compacting FUObjectHashTables data took   2.42ms
[2020.09.11-09.48.36:452][604]LogContentBrowser: Native class hierarchy populated in 0.0118 seconds. Added 3026 classes and 722 folders.
[2020.09.11-09.48.36:459][604]Display: HotReload took 14.2s.
[2020.09.11-09.48.47:234][963]LogSlate: Took 0.000254 seconds to synchronously load lazily loaded font '../../../Engine/Content/Slate/Fonts/Roboto-Light.ttf' (167K)
[2020.09.11-09.48.47:282][963]LogAssetEditorSubsystem: Opening Asset editor for Class /Script/AdvGamesProgramming.EnemyCharacter
[2020.09.11-09.48.59:445][102]LogVSAccessor: Warning: Visual Studio is open but could not be queried - it may be blocked by a modal operation
[2020.09.11-09.50.09:056][451]LogAssetEditorSubsystem: Opening Asset editor for BehaviorTree /Game/BT/EnemyBT.EnemyBT
[2020.09.11-09.50.09:235][451]LogSlate: Took 0.000301 seconds to synchronously load lazily loaded font '../../../Engine/Content/Slate/Fonts/Roboto-BoldCondensed.ttf' (158K)
[2020.09.11-09.50.11:489][531]LogSlate: Window 'EnemyBT' being destroyed
[2020.09.11-09.51.03:272][598]LogProperty: Warning: ObjectProperty /Script/AIModule.BTCompositeChild:ChildComposite: unresolved reference to 'BTComposite_SimpleParallel'"BehaviorTreeGraphNode_SimpleParallel_1.BTComposite_SimpleParallel_0"')'
[2020.09.11-09.51.03:272][598]LogProperty: Warning: ObjectProperty /Script/AIModule.BTCompositeChild:ChildTask: unresolved reference to 'BTT_Test_CalcHealth_C'"BehaviorTreeGraphNode_Task_2.BTT_Test_CalcHealth_C_1"')'
[2020.09.11-09.51.03:272][598]LogProperty: Warning: ObjectProperty /Script/AIModule.BTCompositeChild:ChildTask: unresolved reference to 'BTT_EmptyPath_C'"BehaviorTreeGraphNode_Task_16.BTT_EmptyPath_C_1"')'
[2020.09.11-09.51.03:273][598]LogProperty: Warning: ObjectProperty /Script/AIModule.BTCompositeChild:ChildTask: unresolved reference to 'BTT_FireTrigger_C'"BehaviorTreeGraphNode_Task_21.BTT_FireTrigger_C_0"')'
[2020.09.11-09.51.03:273][598]LogProperty: Warning: ObjectProperty /Script/AIModule.BTCompositeChild:ChildTask: unresolved reference to 'BTTask_Wait'"BehaviorTreeGraphNode_Task_22.BTTask_Wait_1"')'
[2020.09.11-09.51.13:299][186]Cmd: TRANSACTION UNDO
[2020.09.11-09.51.13:300][186]LogEditorTransaction: Undo Move Node
[2020.09.11-09.52.58:510][378]Cmd: OBJ SAVEPACKAGE PACKAGE="/Game/BT/EnemyBT" FILE="../../../../../../Users/wlsgn/Documents/Unreal Projects/Proj/AdvGamesProgramming/GameFiles/Content/BT/EnemyBT.uasset" SILENT=true
[2020.09.11-09.52.58:553][378]LogSavePackage: Moving '../../../../../../Users/wlsgn/Documents/Unreal Projects/Proj/AdvGamesProgramming/GameFiles/Saved/EnemyBT8FAD887E4943AEE23BA72D86069FAD29.tmp' to '../../../../../../Users/wlsgn/Documents/Unreal Projects/Proj/AdvGamesProgramming/GameFiles/Content/BT/EnemyBT.uasset'
[2020.09.11-09.52.58:578][378]AssetCheck: New page: Asset Save: EnemyBT
[2020.09.11-09.52.58:578][378]LogContentValidation: Display: Validating BehaviorTree /Game/BT/EnemyBT.EnemyBT
[2020.09.11-09.53.05:173][622]LogAssetEditorSubsystem: Opening Asset editor for Blueprint /Game/BT/BTT_CalKillApprox.BTT_CalKillApprox
[2020.09.11-09.53.05:473][622]LogContentBrowser: Native class hierarchy updated for 'BlueprintGraph' in 0.0012 seconds. Added 121 classes and 0 folders.
[2020.09.11-09.53.06:722][623]LogSlate: Took 0.000340 seconds to synchronously load lazily loaded font '../../../Engine/Content/Slate/Fonts/Roboto-Italic.ttf' (157K)
[2020.09.11-09.53.11:126][872]LogAssetEditorSubsystem: Opening Asset editor for Blueprint /Game/BT/BTT_Test_CalcHealth.BTT_Test_CalcHealth
[2020.09.11-09.57.51:649][130]LogUObjectHash: Compacting FUObjectHashTables data took   4.16ms
[2020.09.11-09.57.51:651][130]LogFileHelpers: Editor autosave (incl. sublevels) for '/Game/Levels/TestingMap' took 0.048
[2020.09.11-09.57.51:651][130]OBJ SavePackage: Generating thumbnails for [0] asset(s) in package [/Game/BT/BTT_CalKillApprox] ([1] browsable assets)...
[2020.09.11-09.57.51:651][130]OBJ SavePackage: Finished generating thumbnails for package [/Game/BT/BTT_CalKillApprox]
[2020.09.11-09.57.51:669][130]LogSavePackage: Moving '../../../../../../Users/wlsgn/Documents/Unreal Projects/Proj/AdvGamesProgramming/GameFiles/Saved/BTT_CalKillApprox_Auto1257B9D5F4EDEE57D3250C29890A8722C.tmp' to '../../../../../../Users/wlsgn/Documents/Unreal Projects/Proj/AdvGamesProgramming/GameFiles/Saved/Autosaves/Game/BT/BTT_CalKillApprox_Auto1.uasset'
[2020.09.11-09.57.51:671][130]LogFileHelpers: Auto-saving content packages took 0.021
[2020.09.11-10.06.11:760][ 69]Candidate modules for hot reload:
[2020.09.11-10.06.11:760][ 69]  AdvGamesProgramming
[2020.09.11-10.06.11:760][ 69]Launching UnrealBuildTool... [C:/Program Files/Epic Games/UE_4.24/Engine/Binaries/DotNET/UnrealBuildTool.exe  -ModuleWithSuffix=AdvGamesProgramming,5343 Win64 Development -TargetType=Editor -Project="C:/Users/wlsgn/Documents/Unreal Projects/Proj/AdvGamesProgramming/GameFiles/AdvGamesProgramming.uproject" "C:/Users/wlsgn/Documents/Unreal Projects/Proj/AdvGamesProgramming/GameFiles/AdvGamesProgramming.uproject"  -IgnoreJunk]
[2020.09.11-10.06.11:764][ 69]Warning: Starting HotReload took  0.1s.
[2020.09.11-10.06.28:644][727]CompilerResultsLog: New page: Compilation - 2020. 9. 12. 오전 6:06:28
[2020.09.11-10.06.28:645][727]CompilerResultsLog: Using 'git status' to determine working set for adaptive non-unity build (C:\Users\wlsgn\Documents\Unreal Projects\Proj\AdvGamesProgramming).
[2020.09.11-10.06.28:645][727]CompilerResultsLog: Parsing headers for AdvGamesProgrammingEditor
[2020.09.11-10.06.28:645][727]CompilerResultsLog:   Running UnrealHeaderTool "C:\Users\wlsgn\Documents\Unreal Projects\Proj\AdvGamesProgramming\GameFiles\AdvGamesProgramming.uproject" "C:\Users\wlsgn\Documents\Unreal Projects\Proj\AdvGamesProgramming\GameFiles\Intermediate\Build\Win64\AdvGamesProgrammingEditor\Development\AdvGamesProgrammingEditor.uhtmanifest" -LogCmds="loginit warning, logexit warning, logdatabase error" -Unattended -WarningsAsErrors -installed
[2020.09.11-10.06.28:645][727]CompilerResultsLog: Reflection code generated for AdvGamesProgrammingEditor in 9.6573964 seconds
[2020.09.11-10.06.28:645][727]CompilerResultsLog: Building AdvGamesProgrammingEditor...
[2020.09.11-10.06.28:645][727]CompilerResultsLog: Using Visual Studio 2017 14.16.27032 toolchain (C:\Program Files (x86)\Microsoft Visual Studio\2017\Community\VC\Tools\MSVC\14.16.27023) and Windows 10.0.16299.0 SDK (D:\Windows Kits\10).
[2020.09.11-10.06.28:645][727]CompilerResultsLog: Building 7 actions with 8 processes...
[2020.09.11-10.06.28:645][727]CompilerResultsLog:   [1/7] AdvGamesProgramming.init.gen.cpp
[2020.09.11-10.06.28:645][727]CompilerResultsLog:   [2/7] EnemyCharacter.cpp
[2020.09.11-10.06.28:645][727]CompilerResultsLog:    C:\Users\wlsgn\Documents\Unreal Projects\Proj\AdvGamesProgramming\GameFiles\Source\AdvGamesProgramming\EnemyCharacter.cpp(18) : error C2065: 'CurrentAgentState': ???????? ???? ?ĺ????Դϴ?.
[2020.09.11-10.06.28:645][727]CompilerResultsLog:   [3/7] EnemyCharacter.gen.cpp
[2020.09.11-10.06.28:646][727]CompilerResultsLog:   [4/7] AIManager.cpp
[2020.09.11-10.06.28:646][727]LogMainFrame: MainFrame: Module compiling took 16.904 seconds
[2020.09.11-10.06.28:646][727]Warning: HotReload failed, recompile failed
[2020.09.11-10.06.33:442][908]LogSlate: Took 0.000276 seconds to synchronously load lazily loaded font '../../../Engine/Content/Slate/Fonts/DroidSansMono.ttf' (77K)
[2020.09.11-10.06.33:483][908]LogSlate: Took 0.001587 seconds to synchronously load lazily loaded font '../../../Engine/Content/Slate/Fonts/DroidSansFallback.ttf' (3848K)
[2020.09.11-10.06.33:492][908]LogSlate: Last resort fallback font was requested. Font: '../../../Engine/Content/Slate/Fonts/DroidSansFallback.ttf', Character: 'ϰ (U+03f0)'
[2020.09.11-10.06.33:498][908]LogSlate: Took 0.002910 seconds to synchronously load lazily loaded font '../../../Engine/Content/SlateDebug/Fonts/LastResort.ttf' (5269K)
[2020.09.11-10.07.06:123][474]Candidate modules for hot reload:
[2020.09.11-10.07.06:123][474]  AdvGamesProgramming
[2020.09.11-10.07.06:123][474]Launching UnrealBuildTool... [C:/Program Files/Epic Games/UE_4.24/Engine/Binaries/DotNET/UnrealBuildTool.exe  -ModuleWithSuffix=AdvGamesProgramming,2314 Win64 Development -TargetType=Editor -Project="C:/Users/wlsgn/Documents/Unreal Projects/Proj/AdvGamesProgramming/GameFiles/AdvGamesProgramming.uproject" "C:/Users/wlsgn/Documents/Unreal Projects/Proj/AdvGamesProgramming/GameFiles/AdvGamesProgramming.uproject"  -IgnoreJunk]
[2020.09.11-10.07.06:130][474]Warning: Starting HotReload took  0.0s.
[2020.09.11-10.07.14:093][780]CompilerResultsLog: New page: Compilation - 2020. 9. 12. 오전 6:07:14
[2020.09.11-10.07.14:093][780]CompilerResultsLog: Using 'git status' to determine working set for adaptive non-unity build (C:\Users\wlsgn\Documents\Unreal Projects\Proj\AdvGamesProgramming).
[2020.09.11-10.07.14:093][780]CompilerResultsLog: Building AdvGamesProgrammingEditor...
[2020.09.11-10.07.14:093][780]CompilerResultsLog: Using Visual Studio 2017 14.16.27032 toolchain (C:\Program Files (x86)\Microsoft Visual Studio\2017\Community\VC\Tools\MSVC\14.16.27023) and Windows 10.0.16299.0 SDK (D:\Windows Kits\10).
[2020.09.11-10.07.14:093][780]CompilerResultsLog: Building 4 actions with 8 processes...
[2020.09.11-10.07.14:093][780]CompilerResultsLog:   [1/4] EnemyCharacter.cpp
[2020.09.11-10.07.14:093][780]CompilerResultsLog:   [2/4] UE4Editor-AdvGamesProgramming-2314.lib
[2020.09.11-10.07.14:093][780]CompilerResultsLog:      C:\Users\wlsgn\Documents\Unreal Projects\Proj\AdvGamesProgramming\GameFiles\Intermediate\Build\Win64\UE4Editor\Development\AdvGamesProgramming\UE4Editor-AdvGamesProgramming-2314.lib ???̺귯?? ?? C:\Users\wlsgn\Documents\Unreal Projects\Proj\AdvGamesProgramming\GameFiles\Intermediate\Build\Win64\UE4Editor\Development\AdvGamesProgramming\UE4Editor-AdvGamesProgramming-2314.exp ??ü?? ?????ϰ? ?ֽ??ϴ?.
[2020.09.11-10.07.14:093][780]CompilerResultsLog:   [3/4] UE4Editor-AdvGamesProgramming-2314.dll
[2020.09.11-10.07.14:093][780]CompilerResultsLog:      C:\Users\wlsgn\Documents\Unreal Projects\Proj\AdvGamesProgramming\GameFiles\Intermediate\Build\Win64\UE4Editor\Development\AdvGamesProgramming\UE4Editor-AdvGamesProgramming-2314.suppressed.lib ???̺귯?? ?? C:\Users\wlsgn\Documents\Unreal Projects\Proj\AdvGamesProgramming\GameFiles\Intermediate\Build\Win64\UE4Editor\Development\AdvGamesProgramming\UE4Editor-AdvGamesProgramming-2314.suppressed.exp ??ü?? ?????ϰ? ?ֽ??ϴ?.
[2020.09.11-10.07.14:093][780]CompilerResultsLog:   [4/4] AdvGamesProgrammingEditor.target
[2020.09.11-10.07.14:093][780]CompilerResultsLog: Total time in Parallel executor: 5.75 seconds
[2020.09.11-10.07.14:093][780]CompilerResultsLog: Total execution time: 7.83 seconds
[2020.09.11-10.07.14:093][780]LogMainFrame: MainFrame: Module compiling took 7.987 seconds
[2020.09.11-10.07.14:148][780]LogUObjectHash: Compacting FUObjectHashTables data took   4.72ms
[2020.09.11-10.07.14:201][780]LogClass: Could not find existing class EnemyCharacter in package /Script/AdvGamesProgramming for HotReload, assuming new class
[2020.09.11-10.07.14:201][780]LogClass: Function AllowMoveAlongPath is new.
[2020.09.11-10.07.14:201][780]LogClass: Function CalcKillApprox is new.
[2020.09.11-10.07.14:202][780]LogClass: Function CreatePathEngage is new.
[2020.09.11-10.07.14:202][780]LogClass: Function CreatePathEvade is new.
[2020.09.11-10.07.14:202][780]LogClass: Function CreatePathPatrol is new.
[2020.09.11-10.07.14:202][780]LogClass: Function EmptyPath is new.
[2020.09.11-10.07.14:202][780]LogClass: Function GetBCanSeeActor is new.
[2020.09.11-10.07.14:202][780]LogClass: Function SensePlayer is new.
[2020.09.11-10.07.14:202][780]LogClass: Function Trigger is new.
[2020.09.11-10.07.14:216][780]LogClass: AgentState HotReload.
[2020.09.11-10.07.14:231][780]LogHotReload: Re-instancing EnemyCharacter after hot-reload.
[2020.09.11-10.07.14:760][780]LogContentBrowser: Native class hierarchy updated for 'AdvGamesProgramming' in 0.0005 seconds. Added 9 classes and 2 folders.
[2020.09.11-10.07.14:764][780]Display: HotReload successful (3 functions remapped  0 scriptstructs remapped)
[2020.09.11-10.07.14:881][780]LogUObjectHash: Compacting FUObjectHashTables data took   6.24ms
[2020.09.11-10.07.14:899][780]LogContentBrowser: Native class hierarchy populated in 0.0094 seconds. Added 3026 classes and 722 folders.
[2020.09.11-10.07.14:908][780]Display: HotReload took  8.8s.
[2020.09.11-10.07.19:234][878]LogUObjectHash: Compacting FUObjectHashTables data took   4.92ms
[2020.09.11-10.07.20:815][878]LogSlate: Window 'Save Content' being destroyed
[2020.09.11-10.07.20:888][878]Cmd: OBJ SAVEPACKAGE PACKAGE="/Game/BT/BTT_CalKillApprox" FILE="../../../../../../Users/wlsgn/Documents/Unreal Projects/Proj/AdvGamesProgramming/GameFiles/Content/BT/BTT_CalKillApprox.uasset" SILENT=true
[2020.09.11-10.07.20:906][878]LogSavePackage: Moving '../../../../../../Users/wlsgn/Documents/Unreal Projects/Proj/AdvGamesProgramming/GameFiles/Saved/BTT_CalKillApprox929198AB44A581415F89CAABB5D7E581.tmp' to '../../../../../../Users/wlsgn/Documents/Unreal Projects/Proj/AdvGamesProgramming/GameFiles/Content/BT/BTT_CalKillApprox.uasset'
[2020.09.11-10.07.20:939][878]AssetCheck: New page: Asset Save: BTT_CalKillApprox
[2020.09.11-10.07.20:939][878]LogContentValidation: Display: Validating Blueprint /Game/BT/BTT_CalKillApprox.BTT_CalKillApprox
[2020.09.11-10.07.22:964][952]LogTemp: Repeating last play command: Selected Viewport
[2020.09.11-10.07.22:998][952]BlueprintLog: New page: Pre-Play auto-recompile
[2020.09.11-10.07.22:999][952]LogPlayLevel: [PlayLevel] Compiling BTT_CalKillApprox before play...
[2020.09.11-10.07.23:399][952]LogUObjectHash: Compacting FUObjectHashTables data took   5.83ms
[2020.09.11-10.07.23:400][952]LogPlayLevel: PlayLevel: Blueprint regeneration took 402 ms (1 blueprints)
[2020.09.11-10.07.23:400][952]PIE: New page: PIE session: TestingMap (2020. 9. 12. 오전 6:07:23)
[2020.09.11-10.07.23:401][952]LogOnline: OSS: Creating online subsystem instance for: NULL
[2020.09.11-10.07.23:403][952]LogOnline: OSS: TryLoadSubsystemAndSetDefault: Loaded subsystem for module [NULL]
[2020.09.11-10.07.23:403][952]LogPlayLevel: Creating play world package: /Game/Levels/UEDPIE_0_TestingMap
[2020.09.11-10.07.23:432][952]LogPlayLevel: PIE: StaticDuplicateObject took: (0.028720s)
[2020.09.11-10.07.23:433][952]LogAIModule: Creating AISystem for world TestingMap
[2020.09.11-10.07.23:433][952]LogPlayLevel: PIE: World Init took: (0.001252s)
[2020.09.11-10.07.23:434][952]LogPlayLevel: PIE: Created PIE world by copying editor world from /Game/Levels/TestingMap.TestingMap to /Game/Levels/UEDPIE_0_TestingMap.TestingMap (0.030520s)
[2020.09.11-10.07.23:487][952]LogUObjectHash: Compacting FUObjectHashTables data took   4.02ms
[2020.09.11-10.07.23:488][952]LogAudioMixer: Display: Audio Mixer Platform Settings:
[2020.09.11-10.07.23:488][952]LogAudioMixer: Display: 	Sample Rate:						  48000
[2020.09.11-10.07.23:488][952]LogAudioMixer: Display: 	Callback Buffer Frame Size Requested: 1024
[2020.09.11-10.07.23:488][952]LogAudioMixer: Display: 	Callback Buffer Frame Size To Use:	  1024
[2020.09.11-10.07.23:488][952]LogAudioMixer: Display: 	Number of buffers to queue:			  2
[2020.09.11-10.07.23:488][952]LogAudioMixer: Display: 	Max Channels (voices):				  32
[2020.09.11-10.07.23:488][952]LogAudioMixer: Display: 	Number of Async Source Workers:		  0
[2020.09.11-10.07.23:488][952]LogAudio: Display: AudioDevice MaxSources: 32
[2020.09.11-10.07.23:489][952]LogAudio: Display: Using built-in audio occlusion.
[2020.09.11-10.07.23:489][952]LogAudioMixer: Display: Initializing audio mixer.
[2020.09.11-10.07.23:848][952]LogAudioMixer: Display: Audio Device Output Speaker Info:
[2020.09.11-10.07.23:848][952]LogAudioMixer: Display: Name: 스피커(iFi (by AMR) HD USB Audio)
[2020.09.11-10.07.23:848][952]LogAudioMixer: Display: Is Default: Yes
[2020.09.11-10.07.23:848][952]LogAudioMixer: Display: Sample Rate: 48000
[2020.09.11-10.07.23:848][952]LogAudioMixer: Display: Channel Count Used: 2
[2020.09.11-10.07.23:848][952]LogAudioMixer: Display: Device Channel Count: 2
[2020.09.11-10.07.23:848][952]LogAudioMixer: Display: Channel Order:
[2020.09.11-10.07.23:848][952]LogAudioMixer: Display: 0: FrontLeft
[2020.09.11-10.07.23:848][952]LogAudioMixer: Display: 1: FrontRight
[2020.09.11-10.07.24:233][952]LogAudioMixer: Display: Using Audio Device 스피커(iFi (by AMR) HD USB Audio)
[2020.09.11-10.07.24:237][952]LogInit: FAudioDevice initialized.
[2020.09.11-10.07.24:252][952]LogLoad: Game class is 'AdvGamesProgrammingGameModeBase'
[2020.09.11-10.07.24:259][952]LogWorld: Bringing World /Game/Levels/UEDPIE_0_TestingMap.TestingMap up for play (max tick rate 60) at 2020.09.11-20.07.24
[2020.09.11-10.07.24:260][952]LogWorld: Bringing up level for play took: 0.005910
[2020.09.11-10.07.24:260][952]LogOnline: OSS: Creating online subsystem instance for: :Context_6
[2020.09.11-10.07.24:308][952]LogContentBrowser: Native class hierarchy updated for 'MovieSceneCapture' in 0.0005 seconds. Added 20 classes and 0 folders.
[2020.09.11-10.07.24:309][952]LogTemp: Warning: X=1000.000 Y=-250.000 Z=50.000
[2020.09.11-10.07.24:314][952]PIE: Play in editor start time for /Game/Levels/UEDPIE_0_TestingMap 0.92
[2020.09.11-10.07.33:633][952]LogWindows: Error: === Critical error: ===
[2020.09.11-10.07.33:633][952]LogWindows: Error: 
[2020.09.11-10.07.33:633][952]LogWindows: Error: Fatal error!
[2020.09.11-10.07.33:633][952]LogWindows: Error: 
[2020.09.11-10.07.33:633][952]LogWindows: Error: Unhandled Exception: EXCEPTION_ACCESS_VIOLATION reading address 0x000000c8
[2020.09.11-10.07.33:633][952]LogWindows: Error: 
[2020.09.11-10.07.33:633][952]LogWindows: Error: [Callstack] 0x00007fff27d27427 UE4Editor-AdvGamesProgramming-5250.dll!AEnemyCharacter::SensePlayer() [c:\users\wlsgn\documents\unreal projects\proj\advgamesprogramming\gamefiles\source\advgamesprogramming\enemycharacter.cpp:120]
[2020.09.11-10.07.33:633][952]LogWindows: Error: [Callstack] 0x00007fff27d25f0f UE4Editor-AdvGamesProgramming-5250.dll!AEnemyCharacter::execSensePlayer() [c:\users\wlsgn\documents\unreal projects\proj\advgamesprogramming\gamefiles\source\advgamesprogramming\enemycharacter.h:25]
[2020.09.11-10.07.33:633][952]LogWindows: Error: [Callstack] 0x00007fff195142e8 UE4Editor-CoreUObject.dll!UFunction::Invoke() [d:\build\++ue4\sync\engine\source\runtime\coreuobject\private\uobject\class.cpp:4907]
[2020.09.11-10.07.33:633][952]LogWindows: Error: [Callstack] 0x00007fff1973a62f UE4Editor-CoreUObject.dll!UObject::CallFunction() [d:\build\++ue4\sync\engine\source\runtime\coreuobject\private\uobject\scriptcore.cpp:927]
[2020.09.11-10.07.33:633][952]LogWindows: Error: [Callstack] 0x00007fff1975ec61 UE4Editor-CoreUObject.dll!UObject::ProcessContextOpcode() [d:\build\++ue4\sync\engine\source\runtime\coreuobject\private\uobject\scriptcore.cpp:2792]
[2020.09.11-10.07.33:633][952]LogWindows: Error: [Callstack] 0x00007fff19760cd2 UE4Editor-CoreUObject.dll!ProcessLocalScriptFunction() [d:\build\++ue4\sync\engine\source\runtime\coreuobject\private\uobject\scriptcore.cpp:997]
[2020.09.11-10.07.33:633][952]LogWindows: Error: [Callstack] 0x00007fff1972edbb UE4Editor-CoreUObject.dll!ProcessScriptFunction<void (__cdecl*)(UObject *,FFrame &,void *)>() [d:\build\++ue4\sync\engine\source\runtime\coreuobject\private\uobject\scriptcore.cpp:828]
[2020.09.11-10.07.33:633][952]LogWindows: Error: [Callstack] 0x00007fff197609ef UE4Editor-CoreUObject.dll!ProcessLocalFunction() [d:\build\++ue4\sync\engine\source\runtime\coreuobject\private\uobject\scriptcore.cpp:1056]
[2020.09.11-10.07.33:633][952]LogWindows: Error: [Callstack] 0x00007fff19760cd2 UE4Editor-CoreUObject.dll!ProcessLocalScriptFunction() [d:\build\++ue4\sync\engine\source\runtime\coreuobject\private\uobject\scriptcore.cpp:997]
[2020.09.11-10.07.33:634][952]LogWindows: Error: [Callstack] 0x00007fff19760644 UE4Editor-CoreUObject.dll!UObject::ProcessInternal() [d:\build\++ue4\sync\engine\source\runtime\coreuobject\private\uobject\scriptcore.cpp:1081]
[2020.09.11-10.07.33:634][952]LogWindows: Error: [Callstack] 0x00007fff195142e8 UE4Editor-CoreUObject.dll!UFunction::Invoke() [d:\build\++ue4\sync\engine\source\runtime\coreuobject\private\uobject\class.cpp:4907]
[2020.09.11-10.07.33:634][952]LogWindows: Error: [Callstack] 0x00007fff19760148 UE4Editor-CoreUObject.dll!UObject::ProcessEvent() [d:\build\++ue4\sync\engine\source\runtime\coreuobject\private\uobject\scriptcore.cpp:1912]
[2020.09.11-10.07.33:634][952]LogWindows: Error: [Callstack] 0x00007ffed6b56cd0 UE4Editor-AIModule.dll!TMulticastScriptDelegate<FWeakObjectPtr>::ProcessMulticastDelegate<UObject>() [d:\build\++ue4\sync\engine\source\runtime\core\public\uobject\scriptdelegates.h:488]
[2020.09.11-10.07.33:634][952]LogWindows: Error: [Callstack] 0x00007ffed6c64526 UE4Editor-AIModule.dll!UAIPerceptionComponent::ProcessStimuli() [d:\build\++ue4\sync\engine\source\runtime\aimodule\private\perception\aiperceptioncomponent.cpp:480]
[2020.09.11-10.07.33:634][952]LogWindows: Error: [Callstack] 0x00007ffed6c99f35 UE4Editor-AIModule.dll!FPerceptionListener::ProcessStimuli() [d:\build\++ue4\sync\engine\source\runtime\aimodule\private\perception\aiperceptiontypes.cpp:108]
[2020.09.11-10.07.33:634][952]LogWindows: Error: [Callstack] 0x00007ffed6c7f373 UE4Editor-AIModule.dll!UAIPerceptionSystem::Tick() [d:\build\++ue4\sync\engine\source\runtime\aimodule\private\perception\aiperceptionsystem.cpp:239]
[2020.09.11-10.07.33:634][952]LogWindows: Error: [Callstack] 0x00007ffedae65115 UE4Editor-Engine.dll!FTickableGameObject::TickObjects() [d:\build\++ue4\sync\engine\source\runtime\engine\private\tickable.cpp:151]
[2020.09.11-10.07.33:634][952]LogWindows: Error: [Callstack] 0x00007ffeda5e6992 UE4Editor-Engine.dll!UWorld::Tick() [d:\build\++ue4\sync\engine\source\runtime\engine\private\leveltick.cpp:1620]
[2020.09.11-10.07.33:634][952]LogWindows: Error: [Callstack] 0x00007ffedce0ad60 UE4Editor-UnrealEd.dll!UEditorEngine::Tick() [d:\build\++ue4\sync\engine\source\editor\unrealed\private\editorengine.cpp:1683]
[2020.09.11-10.07.33:634][952]LogWindows: Error: [Callstack] 0x00007ffedd66e476 UE4Editor-UnrealEd.dll!UUnrealEdEngine::Tick() [d:\build\++ue4\sync\engine\source\editor\unrealed\private\unrealedengine.cpp:410]
[2020.09.11-10.07.33:634][952]LogWindows: Error: [Callstack] 0x00007ff671c37f62 UE4Editor.exe!FEngineLoop::Tick() [d:\build\++ue4\sync\engine\source\runtime\launch\private\launchengineloop.cpp:4485]
[2020.09.11-10.07.33:634][952]LogWindows: Error: [Callstack] 0x00007ff671c4c3ec UE4Editor.exe!GuardedMain() [d:\build\++ue4\sync\engine\source\runtime\launch\private\launch.cpp:173]
[2020.09.11-10.07.33:634][952]LogWindows: Error: [Callstack] 0x00007ff671c4c4ca UE4Editor.exe!GuardedMainWrapper() [d:\build\++ue4\sync\engine\source\runtime\launch\private\windows\launchwindows.cpp:134]
[2020.09.11-10.07.33:634][952]LogWindows: Error: [Callstack] 0x00007ff671c5ceae UE4Editor.exe!WinMain() [d:\build\++ue4\sync\engine\source\runtime\launch\private\windows\launchwindows.cpp:263]
[2020.09.11-10.07.33:634][952]LogWindows: Error: [Callstack] 0x00007ff671c5fcbe UE4Editor.exe!__scrt_common_main_seh() [d:\agent\_work\2\s\src\vctools\crt\vcstartup\src\startup\exe_common.inl:288]
[2020.09.11-10.07.33:634][952]LogWindows: Error: [Callstack] 0x00007fff5f167bd4 KERNEL32.DLL!UnknownFunction []
[2020.09.11-10.07.33:634][952]LogWindows: Error: [Callstack] 0x00007fff5fbcce51 ntdll.dll!UnknownFunction []
[2020.09.11-10.07.33:634][952]LogWindows: Error: 
[2020.09.11-10.07.33:654][952]LogExit: Executing StaticShutdownAfterError
[2020.09.11-10.07.33:659][952]LogWindows: FPlatformMisc::RequestExit(1)
[2020.09.11-10.07.33:659][952]LogCore: Engine exit requested (reason: Win RequestExit)
[2020.09.11-10.07.33:665][952]Log file closed, 09/11/20 20:07:33
