Log file open, 09/11/20 19:32:08
LogWindows: Failed to load 'aqProf.dll' (GetLastError=126)
LogWindows: File 'aqProf.dll' does not exist
LogWindows: Failed to load 'VtuneApi.dll' (GetLastError=126)
LogWindows: File 'VtuneApi.dll' does not exist
LogWindows: Failed to load 'VtuneApi32e.dll' (GetLastError=126)
LogWindows: File 'VtuneApi32e.dll' does not exist
LogConsoleResponse: Display: Failed to find resolution value strings in scalability ini. Falling back to default.
LogInit: Display: Running engine for game: AdvGamesProgramming
LogPlatformFile: Not using cached read wrapper
LogTaskGraph: Started task graph with 5 named threads and 23 total threads with 3 sets of task threads.
LogStats: Stats thread started at 0.186500
LogD3D11RHI: Loaded GFSDK_Aftermath_Lib.x64.dll
LogICUInternationalization: ICU TimeZone Detection - Raw Offset: +10:00, Platform Override: ''
LogPluginManager: Mounting plugin Paper2D
LogPluginManager: Mounting plugin AISupport
LogPluginManager: Mounting plugin LightPropagationVolume
LogPluginManager: Mounting plugin ActorLayerUtilities
LogPluginManager: Mounting plugin AnimationSharing
LogPluginManager: Mounting plugin CLionSourceCodeAccess
LogPluginManager: Mounting plugin CodeLiteSourceCodeAccess
LogPluginManager: Mounting plugin GitSourceControl
LogPluginManager: Mounting plugin KDevelopSourceCodeAccess
LogPluginManager: Mounting plugin NullSourceCodeAccess
LogPluginManager: Mounting plugin PerforceSourceControl
LogPluginManager: Mounting plugin PlasticSourceControl
LogPluginManager: Mounting plugin SubversionSourceControl
LogPluginManager: Mounting plugin UObjectPlugin
LogPluginManager: Mounting plugin VisualStudioCodeSourceCodeAccess
LogPluginManager: Mounting plugin VisualStudioSourceCodeAccess
LogPluginManager: Mounting plugin XCodeSourceCodeAccess
LogPluginManager: Mounting plugin AssetManagerEditor
LogPluginManager: Mounting plugin CryptoKeys
LogPluginManager: Mounting plugin CurveEditorTools
LogPluginManager: Mounting plugin DataValidation
LogPluginManager: Mounting plugin FacialAnimation
LogPluginManager: Mounting plugin GameplayTagsEditor
LogPluginManager: Mounting plugin MacGraphicsSwitching
LogPluginManager: Mounting plugin MaterialAnalyzer
LogPluginManager: Mounting plugin MobileLauncherProfileWizard
LogPluginManager: Mounting plugin PluginBrowser
LogPluginManager: Mounting plugin SpeedTreeImporter
LogPluginManager: Mounting plugin DatasmithContent
LogPluginManager: Mounting plugin VariantManagerContent
LogPluginManager: Mounting plugin AlembicImporter
LogPluginManager: Mounting plugin AutomationUtils
LogPluginManager: Mounting plugin BackChannel
LogPluginManager: Mounting plugin CharacterAI
LogPluginManager: Mounting plugin GeometryCache
LogPluginManager: Mounting plugin PlatformCrypto
LogPluginManager: Mounting plugin ProxyLODPlugin
LogPluginManager: Mounting plugin SkeletalReduction
LogPluginManager: Mounting plugin MagicLeap
LogPluginManager: Mounting plugin MagicLeapMedia
LogPluginManager: Mounting plugin MLSDK
LogPluginManager: Mounting plugin AndroidMedia
LogPluginManager: Mounting plugin AvfMedia
LogPluginManager: Mounting plugin ImgMedia
LogPluginManager: Mounting plugin MediaCompositing
LogPluginManager: Mounting plugin MediaPlayerEditor
LogPluginManager: Mounting plugin WebMMedia
LogPluginManager: Mounting plugin WmfMedia
LogPluginManager: Mounting plugin TcpMessaging
LogPluginManager: Mounting plugin UdpMessaging
LogPluginManager: Mounting plugin ActorSequence
LogPluginManager: Mounting plugin LevelSequenceEditor
LogPluginManager: Mounting plugin MatineeToLevelSequence
LogPluginManager: Mounting plugin NetcodeUnitTest
LogPluginManager: Mounting plugin NUTUnrealEngine4
LogPluginManager: Mounting plugin OnlineSubsystemGooglePlay
LogPluginManager: Mounting plugin OnlineSubsystemIOS
LogPluginManager: Mounting plugin OnlineSubsystem
LogPluginManager: Mounting plugin OnlineSubsystemNull
LogPluginManager: Mounting plugin OnlineSubsystemUtils
LogPluginManager: Mounting plugin LauncherChunkInstaller
LogPluginManager: Mounting plugin AndroidDeviceProfileSelector
LogPluginManager: Mounting plugin AndroidMoviePlayer
LogPluginManager: Mounting plugin AndroidPermission
LogPluginManager: Mounting plugin AppleImageUtils
LogPluginManager: Mounting plugin AppleMoviePlayer
LogPluginManager: Mounting plugin ArchVisCharacter
LogPluginManager: Mounting plugin AssetTags
LogPluginManager: Mounting plugin AudioCapture
LogPluginManager: Mounting plugin CableComponent
LogPluginManager: Mounting plugin CustomMeshComponent
LogPluginManager: Mounting plugin EditableMesh
LogPluginManager: Mounting plugin ExampleDeviceProfileSelector
LogPluginManager: Mounting plugin GoogleCloudMessaging
LogPluginManager: Mounting plugin IOSDeviceProfileSelector
LogPluginManager: Mounting plugin LinuxDeviceProfileSelector
LogPluginManager: Mounting plugin LocationServicesBPLibrary
LogPluginManager: Mounting plugin MobilePatchingUtils
LogPluginManager: Mounting plugin OculusVR
LogPluginManager: Mounting plugin PhysXVehicles
LogPluginManager: Mounting plugin PostSplashScreen
LogPluginManager: Mounting plugin ProceduralMeshComponent
LogPluginManager: Mounting plugin RuntimePhysXCooking
LogPluginManager: Mounting plugin SignificanceManager
LogPluginManager: Mounting plugin SteamVR
LogPluginManager: Mounting plugin WebMMoviePlayer
LogPluginManager: Mounting plugin WindowsMoviePlayer
LogPluginManager: Mounting plugin ScreenshotTools
LogInit: Using libcurl 7.55.1-DEV
LogInit:  - built for x86_64-pc-win32
LogInit:  - supports SSL with OpenSSL/1.1.1
LogInit:  - supports HTTP deflate (compression) using libz 1.2.8
LogInit:  - other features:
LogInit:      CURL_VERSION_SSL
LogInit:      CURL_VERSION_LIBZ
LogInit:      CURL_VERSION_IPV6
LogInit:      CURL_VERSION_ASYNCHDNS
LogInit:      CURL_VERSION_LARGEFILE
LogInit:      CURL_VERSION_IDN
LogInit:  CurlRequestOptions (configurable via config and command line):
LogInit:  - bVerifyPeer = true  - Libcurl will verify peer certificate
LogInit:  - bUseHttpProxy = false  - Libcurl will NOT use HTTP proxy
LogInit:  - bDontReuseConnections = false  - Libcurl will reuse connections
LogInit:  - MaxHostConnections = 16  - Libcurl will limit the number of connections to a host
LogInit:  - LocalHostAddr = Default
LogInit:  - BufferSize = 65536
LogOnline: OSS: Creating online subsystem instance for: NULL
LogInit: WinSock: version 1.1 (2.2), MaxSocks=32767, MaxUdp=65467
LogOnline: OSS: TryLoadSubsystemAndSetDefault: Loaded subsystem for module [NULL]
LogInit: Build: ++UE4+Release-4.24-CL-11590370
LogInit: Engine Version: 4.24.3-11590370+++UE4+Release-4.24
LogInit: Compatible Engine Version: 4.24.0-10570792+++UE4+Release-4.24
LogInit: Net CL: 10570792
LogInit: OS: Windows 10 (Release 1903) (), CPU: Intel(R) Core(TM) i7-8565U CPU @ 1.80GHz, GPU: Intel(R) UHD Graphics 620
LogInit: Compiled (64-bit): Feb 24 2020 15:39:18
LogInit: Compiled with Visual C++: 19.16.27032.01
LogInit: Build Configuration: DebugGame
LogInit: Branch Name: ++UE4+Release-4.24
LogInit: Command Line:  -skipcompile
LogInit: Base Directory: C:/Program Files/Epic Games/UE_4.24/Engine/Binaries/Win64/
LogInit: Installed Engine Build: 1
LogDevObjectVersion: Number of dev versions registered: 25
LogDevObjectVersion:   Dev-Blueprints (B0D832E4-1F89-4F0D-ACCF-7EB736FD4AA2): 10
LogDevObjectVersion:   Dev-Build (E1C64328-A22C-4D53-A36C-8E866417BD8C): 0
LogDevObjectVersion:   Dev-Core (375EC13C-06E4-48FB-B500-84F0262A717E): 3
LogDevObjectVersion:   Dev-Editor (E4B068ED-F494-42E9-A231-DA0B2E46BB41): 37
LogDevObjectVersion:   Dev-Framework (CFFC743F-43B0-4480-9391-14DF171D2073): 36
LogDevObjectVersion:   Dev-Mobile (B02B49B5-BB20-44E9-A304-32B752E40360): 2
LogDevObjectVersion:   Dev-Networking (A4E4105C-59A1-49B5-A7C5-40C4547EDFEE): 0
LogDevObjectVersion:   Dev-Online (39C831C9-5AE6-47DC-9A44-9C173E1C8E7C): 0
LogDevObjectVersion:   Dev-Physics (78F01B33-EBEA-4F98-B9B4-84EACCB95AA2): 2
LogDevObjectVersion:   Dev-Platform (6631380F-2D4D-43E0-8009-CF276956A95A): 0
LogDevObjectVersion:   Dev-Rendering (12F88B9F-8875-4AFC-A67C-D90C383ABD29): 36
LogDevObjectVersion:   Dev-Sequencer (7B5AE74C-D270-4C10-A958-57980B212A5A): 11
LogDevObjectVersion:   Dev-VR (D7296918-1DD6-4BDD-9DE2-64A83CC13884): 2
LogDevObjectVersion:   Dev-LoadTimes (C2A15278-BFE7-4AFE-6C17-90FF531DF755): 1
LogDevObjectVersion:   Private-Geometry (6EACA3D4-40EC-4CC1-B786-8BED09428FC5): 3
LogDevObjectVersion:   Dev-AnimPhys (29E575DD-E0A3-4627-9D10-D276232CDCEA): 17
LogDevObjectVersion:   Dev-Anim (AF43A65D-7FD3-4947-9873-3E8ED9C1BB05): 2
LogDevObjectVersion:   Dev-ReflectionCapture (6B266CEC-1EC7-4B8F-A30B-E4D90942FC07): 1
LogDevObjectVersion:   Dev-Automation (0DF73D61-A23F-47EA-B727-89E90C41499A): 1
LogDevObjectVersion:   FortniteMain (601D1886-AC64-4F84-AA16-D3DE0DEAC7D6): 31
LogDevObjectVersion:   Dev-Enterprise (9DFFBCD6-494F-0158-E221-12823C92A888): 8
LogDevObjectVersion:   Dev-Niagara (F2AED0AC-9AFE-416F-8664-AA7FFA26D6FC): 1
LogDevObjectVersion:   Dev-Destruction (174F1F0B-B4C6-45A5-B13F-2EE8D0FB917D): 9
LogDevObjectVersion:   Dev-Physics-Ext (35F94A83-E258-406C-A318-09F59610247C): 8
LogDevObjectVersion:   Dev-CineCamera (B2E18506-4273-CFC2-A54E-F4BB758BBA07): 1
LogInit: Presizing for max 25165824 objects, including 0 objects not considered by GC, pre-allocating 0 bytes for permanent pool.
LogInit: Object subsystem initialized
LogConfig: Setting CVar [[con.DebugEarlyDefault:1]]
LogConfig: Setting CVar [[r.setres:1280x720]]
[2020.09.11-09.32.09:848][  0]LogConfig: Setting CVar [[r.VSync:0]]
[2020.09.11-09.32.09:848][  0]LogConfig: Setting CVar [[r.RHICmdBypass:0]]
[2020.09.11-09.32.09:848][  0]LogConfig: Applying CVar settings from Section [/Script/Engine.RendererSettings] File [C:/Users/wlsgn/Documents/Unreal Projects/Proj/AdvGamesProgramming/GameFiles/Saved/Config/Windows/Engine.ini]
[2020.09.11-09.32.09:848][  0]LogConfig: Setting CVar [[r.GPUCrashDebugging:0]]
[2020.09.11-09.32.09:848][  0]LogConfig: Applying CVar settings from Section [/Script/Engine.RendererOverrideSettings] File [C:/Users/wlsgn/Documents/Unreal Projects/Proj/AdvGamesProgramming/GameFiles/Saved/Config/Windows/Engine.ini]
[2020.09.11-09.32.09:848][  0]LogConfig: Applying CVar settings from Section [/Script/Engine.StreamingSettings] File [C:/Users/wlsgn/Documents/Unreal Projects/Proj/AdvGamesProgramming/GameFiles/Saved/Config/Windows/Engine.ini]
[2020.09.11-09.32.09:849][  0]LogConfig: Setting CVar [[s.MinBulkDataSizeForAsyncLoading:131072]]
[2020.09.11-09.32.09:849][  0]LogConfig: Setting CVar [[s.AsyncLoadingThreadEnabled:0]]
[2020.09.11-09.32.09:849][  0]LogConfig: Setting CVar [[s.EventDrivenLoaderEnabled:1]]
[2020.09.11-09.32.09:849][  0]LogConfig: Setting CVar [[s.WarnIfTimeLimitExceeded:0]]
[2020.09.11-09.32.09:849][  0]LogConfig: Setting CVar [[s.TimeLimitExceededMultiplier:1.5]]
[2020.09.11-09.32.09:849][  0]LogConfig: Setting CVar [[s.TimeLimitExceededMinTime:0.005]]
[2020.09.11-09.32.09:849][  0]LogConfig: Setting CVar [[s.UseBackgroundLevelStreaming:1]]
[2020.09.11-09.32.09:849][  0]LogConfig: Setting CVar [[s.PriorityAsyncLoadingExtraTime:15.0]]
[2020.09.11-09.32.09:849][  0]LogConfig: Setting CVar [[s.LevelStreamingActorsUpdateTimeLimit:5.0]]
[2020.09.11-09.32.09:849][  0]LogConfig: Setting CVar [[s.PriorityLevelStreamingActorsUpdateExtraTime:5.0]]
[2020.09.11-09.32.09:849][  0]LogConfig: Setting CVar [[s.LevelStreamingComponentsRegistrationGranularity:10]]
[2020.09.11-09.32.09:849][  0]LogConfig: Setting CVar [[s.UnregisterComponentsTimeLimit:1.0]]
[2020.09.11-09.32.09:849][  0]LogConfig: Setting CVar [[s.LevelStreamingComponentsUnregistrationGranularity:5]]
[2020.09.11-09.32.09:850][  0]LogConfig: Setting CVar [[s.FlushStreamingOnExit:1]]
[2020.09.11-09.32.09:850][  0]LogConfig: Applying CVar settings from Section [/Script/Engine.GarbageCollectionSettings] File [C:/Users/wlsgn/Documents/Unreal Projects/Proj/AdvGamesProgramming/GameFiles/Saved/Config/Windows/Engine.ini]
[2020.09.11-09.32.09:850][  0]LogConfig: Setting CVar [[gc.MaxObjectsNotConsideredByGC:1]]
[2020.09.11-09.32.09:850][  0]LogConfig: Setting CVar [[gc.SizeOfPermanentObjectPool:0]]
[2020.09.11-09.32.09:850][  0]LogConfig: Setting CVar [[gc.FlushStreamingOnGC:0]]
[2020.09.11-09.32.09:850][  0]LogConfig: Setting CVar [[gc.NumRetriesBeforeForcingGC:10]]
[2020.09.11-09.32.09:850][  0]LogConfig: Setting CVar [[gc.AllowParallelGC:1]]
[2020.09.11-09.32.09:850][  0]LogConfig: Setting CVar [[gc.TimeBetweenPurgingPendingKillObjects:61.1]]
[2020.09.11-09.32.09:850][  0]LogConfig: Setting CVar [[gc.MaxObjectsInEditor:25165824]]
[2020.09.11-09.32.09:850][  0]LogConfig: Setting CVar [[gc.IncrementalBeginDestroyEnabled:1]]
[2020.09.11-09.32.09:850][  0]LogConfig: Setting CVar [[gc.CreateGCClusters:1]]
[2020.09.11-09.32.09:850][  0]LogConfig: Setting CVar [[gc.MinGCClusterSize:5]]
[2020.09.11-09.32.09:850][  0]LogConfig: Setting CVar [[gc.ActorClusteringEnabled:0]]
[2020.09.11-09.32.09:851][  0]LogConfig: Setting CVar [[gc.BlueprintClusteringEnabled:0]]
[2020.09.11-09.32.09:851][  0]LogConfig: Setting CVar [[gc.UseDisregardForGCOnDedicatedServers:0]]
[2020.09.11-09.32.09:851][  0]LogConfig: Applying CVar settings from Section [/Script/Engine.NetworkSettings] File [C:/Users/wlsgn/Documents/Unreal Projects/Proj/AdvGamesProgramming/GameFiles/Saved/Config/Windows/Engine.ini]
[2020.09.11-09.32.09:851][  0]LogConfig: Applying CVar settings from Section [/Script/UnrealEd.CookerSettings] File [C:/Users/wlsgn/Documents/Unreal Projects/Proj/AdvGamesProgramming/GameFiles/Saved/Config/Windows/Engine.ini]
[2020.09.11-09.32.09:883][  0]LogConfig: Applying CVar settings from Section [ViewDistanceQuality@3] File [C:/Users/wlsgn/Documents/Unreal Projects/Proj/AdvGamesProgramming/GameFiles/Saved/Config/Windows/Scalability.ini]
[2020.09.11-09.32.09:884][  0]LogConfig: Setting CVar [[r.SkeletalMeshLODBias:0]]
[2020.09.11-09.32.09:884][  0]LogConfig: Setting CVar [[r.ViewDistanceScale:1.0]]
[2020.09.11-09.32.09:884][  0]LogConfig: Applying CVar settings from Section [AntiAliasingQuality@3] File [C:/Users/wlsgn/Documents/Unreal Projects/Proj/AdvGamesProgramming/GameFiles/Saved/Config/Windows/Scalability.ini]
[2020.09.11-09.32.09:884][  0]LogConfig: Setting CVar [[r.PostProcessAAQuality:4]]
[2020.09.11-09.32.09:884][  0]LogConfig: Applying CVar settings from Section [ShadowQuality@3] File [C:/Users/wlsgn/Documents/Unreal Projects/Proj/AdvGamesProgramming/GameFiles/Saved/Config/Windows/Scalability.ini]
[2020.09.11-09.32.09:884][  0]LogConfig: Setting CVar [[r.LightFunctionQuality:1]]
[2020.09.11-09.32.09:884][  0]LogConfig: Setting CVar [[r.ShadowQuality:5]]
[2020.09.11-09.32.09:885][  0]LogConfig: Setting CVar [[r.Shadow.CSM.MaxCascades:10]]
[2020.09.11-09.32.09:885][  0]LogConfig: Setting CVar [[r.Shadow.MaxResolution:2048]]
[2020.09.11-09.32.09:885][  0]LogConfig: Setting CVar [[r.Shadow.MaxCSMResolution:2048]]
[2020.09.11-09.32.09:885][  0]LogConfig: Setting CVar [[r.Shadow.RadiusThreshold:0.01]]
[2020.09.11-09.32.09:885][  0]LogConfig: Setting CVar [[r.Shadow.DistanceScale:1.0]]
[2020.09.11-09.32.09:885][  0]LogConfig: Setting CVar [[r.Shadow.CSM.TransitionScale:1.0]]
[2020.09.11-09.32.09:885][  0]LogConfig: Setting CVar [[r.Shadow.PreShadowResolutionFactor:1.0]]
[2020.09.11-09.32.09:885][  0]LogConfig: Setting CVar [[r.DistanceFieldShadowing:1]]
[2020.09.11-09.32.09:885][  0]LogConfig: Setting CVar [[r.DistanceFieldAO:1]]
[2020.09.11-09.32.09:886][  0]LogConfig: Setting CVar [[r.AOQuality:2]]
[2020.09.11-09.32.09:886][  0]LogConfig: Setting CVar [[r.VolumetricFog:1]]
[2020.09.11-09.32.09:886][  0]LogConfig: Setting CVar [[r.VolumetricFog.GridPixelSize:8]]
[2020.09.11-09.32.09:886][  0]LogConfig: Setting CVar [[r.VolumetricFog.GridSizeZ:128]]
[2020.09.11-09.32.09:886][  0]LogConfig: Setting CVar [[r.VolumetricFog.HistoryMissSupersampleCount:4]]
[2020.09.11-09.32.09:886][  0]LogConfig: Setting CVar [[r.LightMaxDrawDistanceScale:1]]
[2020.09.11-09.32.09:886][  0]LogConfig: Setting CVar [[r.CapsuleShadows:1]]
[2020.09.11-09.32.09:886][  0]LogConfig: Applying CVar settings from Section [PostProcessQuality@3] File [C:/Users/wlsgn/Documents/Unreal Projects/Proj/AdvGamesProgramming/GameFiles/Saved/Config/Windows/Scalability.ini]
[2020.09.11-09.32.09:886][  0]LogConfig: Setting CVar [[r.MotionBlurQuality:4]]
[2020.09.11-09.32.09:887][  0]LogConfig: Setting CVar [[r.AmbientOcclusionMipLevelFactor:0.4]]
[2020.09.11-09.32.09:887][  0]LogConfig: Setting CVar [[r.AmbientOcclusionMaxQuality:100]]
[2020.09.11-09.32.09:887][  0]LogConfig: Setting CVar [[r.AmbientOcclusionLevels:-1]]
[2020.09.11-09.32.09:887][  0]LogConfig: Setting CVar [[r.AmbientOcclusionRadiusScale:1.0]]
[2020.09.11-09.32.09:887][  0]LogConfig: Setting CVar [[r.DepthOfFieldQuality:2]]
[2020.09.11-09.32.09:887][  0]LogConfig: Setting CVar [[r.RenderTargetPoolMin:400]]
[2020.09.11-09.32.09:887][  0]LogConfig: Setting CVar [[r.LensFlareQuality:2]]
[2020.09.11-09.32.09:887][  0]LogConfig: Setting CVar [[r.SceneColorFringeQuality:1]]
[2020.09.11-09.32.09:887][  0]LogConfig: Setting CVar [[r.EyeAdaptationQuality:2]]
[2020.09.11-09.32.09:887][  0]LogConfig: Setting CVar [[r.BloomQuality:5]]
[2020.09.11-09.32.09:887][  0]LogConfig: Setting CVar [[r.FastBlurThreshold:100]]
[2020.09.11-09.32.09:888][  0]LogConfig: Setting CVar [[r.Upscale.Quality:3]]
[2020.09.11-09.32.09:888][  0]LogConfig: Setting CVar [[r.Tonemapper.GrainQuantization:1]]
[2020.09.11-09.32.09:888][  0]LogConfig: Setting CVar [[r.LightShaftQuality:1]]
[2020.09.11-09.32.09:888][  0]LogConfig: Setting CVar [[r.Filter.SizeScale:1]]
[2020.09.11-09.32.09:888][  0]LogConfig: Setting CVar [[r.Tonemapper.Quality:5]]
[2020.09.11-09.32.09:888][  0]LogConfig: Setting CVar [[r.DOF.Gather.AccumulatorQuality:1        ; higher gathering accumulator quality]]
[2020.09.11-09.32.09:888][  0]LogConfig: Setting CVar [[r.DOF.Gather.PostfilterMethod:1          ; Median3x3 postfilering method]]
[2020.09.11-09.32.09:888][  0]LogConfig: Setting CVar [[r.DOF.Gather.EnableBokehSettings:0       ; no bokeh simulation when gathering]]
[2020.09.11-09.32.09:889][  0]LogConfig: Setting CVar [[r.DOF.Gather.RingCount:4                 ; medium number of samples when gathering]]
[2020.09.11-09.32.09:889][  0]LogConfig: Setting CVar [[r.DOF.Scatter.ForegroundCompositing:1    ; additive foreground scattering]]
[2020.09.11-09.32.09:889][  0]LogConfig: Setting CVar [[r.DOF.Scatter.BackgroundCompositing:2    ; additive background scattering]]
[2020.09.11-09.32.09:889][  0]LogConfig: Setting CVar [[r.DOF.Scatter.EnableBokehSettings:1      ; bokeh simulation when scattering]]
[2020.09.11-09.32.09:889][  0]LogConfig: Setting CVar [[r.DOF.Scatter.MaxSpriteRatio:0.1         ; only a maximum of 10% of scattered bokeh]]
[2020.09.11-09.32.09:889][  0]LogConfig: Setting CVar [[r.DOF.Recombine.Quality:1                ; cheap slight out of focus]]
[2020.09.11-09.32.09:889][  0]LogConfig: Setting CVar [[r.DOF.Recombine.EnableBokehSettings:0    ; no bokeh simulation on slight out of focus]]
[2020.09.11-09.32.09:890][  0]LogConfig: Setting CVar [[r.DOF.TemporalAAQuality:1                ; more stable temporal accumulation]]
[2020.09.11-09.32.09:890][  0]LogConfig: Setting CVar [[r.DOF.Kernel.MaxForegroundRadius:0.025]]
[2020.09.11-09.32.09:890][  0]LogConfig: Setting CVar [[r.DOF.Kernel.MaxBackgroundRadius:0.025]]
[2020.09.11-09.32.09:890][  0]LogConfig: Applying CVar settings from Section [TextureQuality@3] File [C:/Users/wlsgn/Documents/Unreal Projects/Proj/AdvGamesProgramming/GameFiles/Saved/Config/Windows/Scalability.ini]
[2020.09.11-09.32.09:890][  0]LogConfig: Setting CVar [[r.Streaming.MipBias:0]]
[2020.09.11-09.32.09:890][  0]LogConfig: Setting CVar [[r.Streaming.AmortizeCPUToGPUCopy:0]]
[2020.09.11-09.32.09:890][  0]LogConfig: Setting CVar [[r.Streaming.MaxNumTexturesToStreamPerFrame:0]]
[2020.09.11-09.32.09:890][  0]LogConfig: Setting CVar [[r.Streaming.Boost:1]]
[2020.09.11-09.32.09:890][  0]LogConfig: Setting CVar [[r.MaxAnisotropy:8]]
[2020.09.11-09.32.09:890][  0]LogConfig: Setting CVar [[r.VT.MaxAnisotropy:8]]
[2020.09.11-09.32.09:890][  0]LogConfig: Setting CVar [[r.Streaming.LimitPoolSizeToVRAM:0]]
[2020.09.11-09.32.09:890][  0]LogConfig: Setting CVar [[r.Streaming.PoolSize:1000]]
[2020.09.11-09.32.09:891][  0]LogConfig: Setting CVar [[r.Streaming.MaxEffectiveScreenSize:0]]
[2020.09.11-09.32.09:891][  0]LogConfig: Applying CVar settings from Section [EffectsQuality@3] File [C:/Users/wlsgn/Documents/Unreal Projects/Proj/AdvGamesProgramming/GameFiles/Saved/Config/Windows/Scalability.ini]
[2020.09.11-09.32.09:891][  0]LogConfig: Setting CVar [[r.TranslucencyLightingVolumeDim:64]]
[2020.09.11-09.32.09:891][  0]LogConfig: Setting CVar [[r.RefractionQuality:2]]
[2020.09.11-09.32.09:891][  0]LogConfig: Setting CVar [[r.SSR.Quality:3]]
[2020.09.11-09.32.09:891][  0]LogConfig: Setting CVar [[r.SSR.HalfResSceneColor:0]]
[2020.09.11-09.32.09:891][  0]LogConfig: Setting CVar [[r.SceneColorFormat:4]]
[2020.09.11-09.32.09:891][  0]LogConfig: Setting CVar [[r.DetailMode:2]]
[2020.09.11-09.32.09:891][  0]LogConfig: Setting CVar [[r.TranslucencyVolumeBlur:1]]
[2020.09.11-09.32.09:891][  0]LogConfig: Setting CVar [[r.MaterialQualityLevel:1 ; High quality]]
[2020.09.11-09.32.09:891][  0]LogConfig: Setting CVar [[r.SSS.Scale:1]]
[2020.09.11-09.32.09:891][  0]LogConfig: Setting CVar [[r.SSS.SampleSet:2]]
[2020.09.11-09.32.09:892][  0]LogConfig: Setting CVar [[r.SSS.Quality:1]]
[2020.09.11-09.32.09:892][  0]LogConfig: Setting CVar [[r.SSS.HalfRes:1]]
[2020.09.11-09.32.09:892][  0]LogConfig: Setting CVar [[r.SSGI.Quality:3]]
[2020.09.11-09.32.09:892][  0]LogConfig: Setting CVar [[r.EmitterSpawnRateScale:1.0]]
[2020.09.11-09.32.09:892][  0]LogConfig: Setting CVar [[r.ParticleLightQuality:2]]
[2020.09.11-09.32.09:892][  0]LogConfig: Setting CVar [[r.SkyAtmosphere.AerialPerspectiveLUT.FastApplyOnOpaque:1 ; Always have FastSkyLUT 1 in this case to avoid wrong sky]]
[2020.09.11-09.32.09:892][  0]LogConfig: Setting CVar [[r.SkyAtmosphere.AerialPerspectiveLUT.SampleCountPerSlice:1]]
[2020.09.11-09.32.09:892][  0]LogConfig: Setting CVar [[r.SkyAtmosphere.AerialPerspectiveLUT.DepthResolution:16.0]]
[2020.09.11-09.32.09:892][  0]LogConfig: Setting CVar [[r.SkyAtmosphere.FastSkyLUT:1]]
[2020.09.11-09.32.09:892][  0]LogConfig: Setting CVar [[r.SkyAtmosphere.FastSkyLUT.SampleCountMin:4.0]]
[2020.09.11-09.32.09:892][  0]LogConfig: Setting CVar [[r.SkyAtmosphere.FastSkyLUT.SampleCountMax:32.0]]
[2020.09.11-09.32.09:892][  0]LogConfig: Setting CVar [[r.SkyAtmosphere.SampleCountMin:4.0]]
[2020.09.11-09.32.09:892][  0]LogConfig: Setting CVar [[r.SkyAtmosphere.SampleCountMax:32.0]]
[2020.09.11-09.32.09:892][  0]LogConfig: Setting CVar [[r.SkyAtmosphere.TransmittanceLUT.UseSmallFormat:0]]
[2020.09.11-09.32.09:893][  0]LogConfig: Setting CVar [[r.SkyAtmosphere.TransmittanceLUT.SampleCount:10.0]]
[2020.09.11-09.32.09:893][  0]LogConfig: Setting CVar [[r.SkyAtmosphere.MultiScatteringLUT.SampleCount:15.0]]
[2020.09.11-09.32.09:893][  0]LogConfig: Applying CVar settings from Section [FoliageQuality@3] File [C:/Users/wlsgn/Documents/Unreal Projects/Proj/AdvGamesProgramming/GameFiles/Saved/Config/Windows/Scalability.ini]
[2020.09.11-09.32.09:893][  0]LogConfig: Setting CVar [[foliage.DensityScale:1.0]]
[2020.09.11-09.32.09:893][  0]LogConfig: Setting CVar [[grass.DensityScale:1.0]]
[2020.09.11-09.32.09:893][  0]LogConfig: Applying CVar settings from Section [ShadingQuality@3] File [C:/Users/wlsgn/Documents/Unreal Projects/Proj/AdvGamesProgramming/GameFiles/Saved/Config/Windows/Scalability.ini]
[2020.09.11-09.32.09:893][  0]LogConfig: Setting CVar [[r.HairStrands.SkyLighting.SampleCount:16]]
[2020.09.11-09.32.09:893][  0]LogConfig: Setting CVar [[r.HairStrands.SkyLighting.JitterIntegration:0]]
[2020.09.11-09.32.09:893][  0]LogConfig: Setting CVar [[r.HairStrands.SkyAO.SampleCount:16]]
[2020.09.11-09.32.09:893][  0]LogInit: Selected Device Profile: [Windows]
[2020.09.11-09.32.09:893][  0]LogInit: Applying CVar settings loaded from the selected device profile: [Windows]
[2020.09.11-09.32.09:900][  0]LogHAL: Display: Platform has ~ 32 GB [34225496064 / 34359738368 / 32], which maps to Largest [LargestMinGB=32, LargerMinGB=12, DefaultMinGB=8, SmallerMinGB=6, SmallestMinGB=0)
[2020.09.11-09.32.09:901][  0]LogInit: Going up to parent DeviceProfile []
[2020.09.11-09.32.09:901][  0]LogConfig: Applying CVar settings from Section [ViewDistanceQuality@3] File [C:/Users/wlsgn/Documents/Unreal Projects/Proj/AdvGamesProgramming/GameFiles/Saved/Config/Windows/Scalability.ini]
[2020.09.11-09.32.09:901][  0]LogConfig: Setting CVar [[r.SkeletalMeshLODBias:0]]
[2020.09.11-09.32.09:901][  0]LogConfig: Setting CVar [[r.ViewDistanceScale:1.0]]
[2020.09.11-09.32.09:901][  0]LogConfig: Applying CVar settings from Section [AntiAliasingQuality@3] File [C:/Users/wlsgn/Documents/Unreal Projects/Proj/AdvGamesProgramming/GameFiles/Saved/Config/Windows/Scalability.ini]
[2020.09.11-09.32.09:901][  0]LogConfig: Setting CVar [[r.PostProcessAAQuality:4]]
[2020.09.11-09.32.09:901][  0]LogConfig: Applying CVar settings from Section [ShadowQuality@3] File [C:/Users/wlsgn/Documents/Unreal Projects/Proj/AdvGamesProgramming/GameFiles/Saved/Config/Windows/Scalability.ini]
[2020.09.11-09.32.09:901][  0]LogConfig: Setting CVar [[r.LightFunctionQuality:1]]
[2020.09.11-09.32.09:901][  0]LogConfig: Setting CVar [[r.ShadowQuality:5]]
[2020.09.11-09.32.09:901][  0]LogConfig: Setting CVar [[r.Shadow.CSM.MaxCascades:10]]
[2020.09.11-09.32.09:902][  0]LogConfig: Setting CVar [[r.Shadow.MaxResolution:2048]]
[2020.09.11-09.32.09:902][  0]LogConfig: Setting CVar [[r.Shadow.MaxCSMResolution:2048]]
[2020.09.11-09.32.09:902][  0]LogConfig: Setting CVar [[r.Shadow.RadiusThreshold:0.01]]
[2020.09.11-09.32.09:902][  0]LogConfig: Setting CVar [[r.Shadow.DistanceScale:1.0]]
[2020.09.11-09.32.09:902][  0]LogConfig: Setting CVar [[r.Shadow.CSM.TransitionScale:1.0]]
[2020.09.11-09.32.09:902][  0]LogConfig: Setting CVar [[r.Shadow.PreShadowResolutionFactor:1.0]]
[2020.09.11-09.32.09:902][  0]LogConfig: Setting CVar [[r.DistanceFieldShadowing:1]]
[2020.09.11-09.32.09:902][  0]LogConfig: Setting CVar [[r.DistanceFieldAO:1]]
[2020.09.11-09.32.09:902][  0]LogConfig: Setting CVar [[r.AOQuality:2]]
[2020.09.11-09.32.09:902][  0]LogConfig: Setting CVar [[r.VolumetricFog:1]]
[2020.09.11-09.32.09:902][  0]LogConfig: Setting CVar [[r.VolumetricFog.GridPixelSize:8]]
[2020.09.11-09.32.09:902][  0]LogConfig: Setting CVar [[r.VolumetricFog.GridSizeZ:128]]
[2020.09.11-09.32.09:902][  0]LogConfig: Setting CVar [[r.VolumetricFog.HistoryMissSupersampleCount:4]]
[2020.09.11-09.32.09:903][  0]LogConfig: Setting CVar [[r.LightMaxDrawDistanceScale:1]]
[2020.09.11-09.32.09:903][  0]LogConfig: Setting CVar [[r.CapsuleShadows:1]]
[2020.09.11-09.32.09:903][  0]LogConfig: Applying CVar settings from Section [PostProcessQuality@3] File [C:/Users/wlsgn/Documents/Unreal Projects/Proj/AdvGamesProgramming/GameFiles/Saved/Config/Windows/Scalability.ini]
[2020.09.11-09.32.09:903][  0]LogConfig: Setting CVar [[r.MotionBlurQuality:4]]
[2020.09.11-09.32.09:903][  0]LogConfig: Setting CVar [[r.AmbientOcclusionMipLevelFactor:0.4]]
[2020.09.11-09.32.09:903][  0]LogConfig: Setting CVar [[r.AmbientOcclusionMaxQuality:100]]
[2020.09.11-09.32.09:903][  0]LogConfig: Setting CVar [[r.AmbientOcclusionLevels:-1]]
[2020.09.11-09.32.09:903][  0]LogConfig: Setting CVar [[r.AmbientOcclusionRadiusScale:1.0]]
[2020.09.11-09.32.09:903][  0]LogConfig: Setting CVar [[r.DepthOfFieldQuality:2]]
[2020.09.11-09.32.09:903][  0]LogConfig: Setting CVar [[r.RenderTargetPoolMin:400]]
[2020.09.11-09.32.09:903][  0]LogConfig: Setting CVar [[r.LensFlareQuality:2]]
[2020.09.11-09.32.09:903][  0]LogConfig: Setting CVar [[r.SceneColorFringeQuality:1]]
[2020.09.11-09.32.09:903][  0]LogConfig: Setting CVar [[r.EyeAdaptationQuality:2]]
[2020.09.11-09.32.09:904][  0]LogConfig: Setting CVar [[r.BloomQuality:5]]
[2020.09.11-09.32.09:904][  0]LogConfig: Setting CVar [[r.FastBlurThreshold:100]]
[2020.09.11-09.32.09:904][  0]LogConfig: Setting CVar [[r.Upscale.Quality:3]]
[2020.09.11-09.32.09:904][  0]LogConfig: Setting CVar [[r.Tonemapper.GrainQuantization:1]]
[2020.09.11-09.32.09:904][  0]LogConfig: Setting CVar [[r.LightShaftQuality:1]]
[2020.09.11-09.32.09:904][  0]LogConfig: Setting CVar [[r.Filter.SizeScale:1]]
[2020.09.11-09.32.09:904][  0]LogConfig: Setting CVar [[r.Tonemapper.Quality:5]]
[2020.09.11-09.32.09:904][  0]LogConfig: Setting CVar [[r.DOF.Gather.AccumulatorQuality:1        ; higher gathering accumulator quality]]
[2020.09.11-09.32.09:904][  0]LogConfig: Setting CVar [[r.DOF.Gather.PostfilterMethod:1          ; Median3x3 postfilering method]]
[2020.09.11-09.32.09:904][  0]LogConfig: Setting CVar [[r.DOF.Gather.EnableBokehSettings:0       ; no bokeh simulation when gathering]]
[2020.09.11-09.32.09:904][  0]LogConfig: Setting CVar [[r.DOF.Gather.RingCount:4                 ; medium number of samples when gathering]]
[2020.09.11-09.32.09:904][  0]LogConfig: Setting CVar [[r.DOF.Scatter.ForegroundCompositing:1    ; additive foreground scattering]]
[2020.09.11-09.32.09:904][  0]LogConfig: Setting CVar [[r.DOF.Scatter.BackgroundCompositing:2    ; additive background scattering]]
[2020.09.11-09.32.09:904][  0]LogConfig: Setting CVar [[r.DOF.Scatter.EnableBokehSettings:1      ; bokeh simulation when scattering]]
[2020.09.11-09.32.09:905][  0]LogConfig: Setting CVar [[r.DOF.Scatter.MaxSpriteRatio:0.1         ; only a maximum of 10% of scattered bokeh]]
[2020.09.11-09.32.09:905][  0]LogConfig: Setting CVar [[r.DOF.Recombine.Quality:1                ; cheap slight out of focus]]
[2020.09.11-09.32.09:905][  0]LogConfig: Setting CVar [[r.DOF.Recombine.EnableBokehSettings:0    ; no bokeh simulation on slight out of focus]]
[2020.09.11-09.32.09:905][  0]LogConfig: Setting CVar [[r.DOF.TemporalAAQuality:1                ; more stable temporal accumulation]]
[2020.09.11-09.32.09:905][  0]LogConfig: Setting CVar [[r.DOF.Kernel.MaxForegroundRadius:0.025]]
[2020.09.11-09.32.09:905][  0]LogConfig: Setting CVar [[r.DOF.Kernel.MaxBackgroundRadius:0.025]]
[2020.09.11-09.32.09:905][  0]LogConfig: Applying CVar settings from Section [TextureQuality@3] File [C:/Users/wlsgn/Documents/Unreal Projects/Proj/AdvGamesProgramming/GameFiles/Saved/Config/Windows/Scalability.ini]
[2020.09.11-09.32.09:905][  0]LogConfig: Setting CVar [[r.Streaming.MipBias:0]]
[2020.09.11-09.32.09:905][  0]LogConfig: Setting CVar [[r.Streaming.AmortizeCPUToGPUCopy:0]]
[2020.09.11-09.32.09:905][  0]LogConfig: Setting CVar [[r.Streaming.MaxNumTexturesToStreamPerFrame:0]]
[2020.09.11-09.32.09:905][  0]LogConfig: Setting CVar [[r.Streaming.Boost:1]]
[2020.09.11-09.32.09:905][  0]LogConfig: Setting CVar [[r.MaxAnisotropy:8]]
[2020.09.11-09.32.09:905][  0]LogConfig: Setting CVar [[r.VT.MaxAnisotropy:8]]
[2020.09.11-09.32.09:905][  0]LogConfig: Setting CVar [[r.Streaming.LimitPoolSizeToVRAM:0]]
[2020.09.11-09.32.09:905][  0]LogConfig: Setting CVar [[r.Streaming.PoolSize:1000]]
[2020.09.11-09.32.09:906][  0]LogConfig: Setting CVar [[r.Streaming.MaxEffectiveScreenSize:0]]
[2020.09.11-09.32.09:906][  0]LogConfig: Applying CVar settings from Section [EffectsQuality@3] File [C:/Users/wlsgn/Documents/Unreal Projects/Proj/AdvGamesProgramming/GameFiles/Saved/Config/Windows/Scalability.ini]
[2020.09.11-09.32.09:906][  0]LogConfig: Setting CVar [[r.TranslucencyLightingVolumeDim:64]]
[2020.09.11-09.32.09:906][  0]LogConfig: Setting CVar [[r.RefractionQuality:2]]
[2020.09.11-09.32.09:906][  0]LogConfig: Setting CVar [[r.SSR.Quality:3]]
[2020.09.11-09.32.09:906][  0]LogConfig: Setting CVar [[r.SSR.HalfResSceneColor:0]]
[2020.09.11-09.32.09:906][  0]LogConfig: Setting CVar [[r.SceneColorFormat:4]]
[2020.09.11-09.32.09:906][  0]LogConfig: Setting CVar [[r.DetailMode:2]]
[2020.09.11-09.32.09:906][  0]LogConfig: Setting CVar [[r.TranslucencyVolumeBlur:1]]
[2020.09.11-09.32.09:906][  0]LogConfig: Setting CVar [[r.MaterialQualityLevel:1 ; High quality]]
[2020.09.11-09.32.09:906][  0]LogConfig: Setting CVar [[r.SSS.Scale:1]]
[2020.09.11-09.32.09:906][  0]LogConfig: Setting CVar [[r.SSS.SampleSet:2]]
[2020.09.11-09.32.09:906][  0]LogConfig: Setting CVar [[r.SSS.Quality:1]]
[2020.09.11-09.32.09:906][  0]LogConfig: Setting CVar [[r.SSS.HalfRes:1]]
[2020.09.11-09.32.09:906][  0]LogConfig: Setting CVar [[r.SSGI.Quality:3]]
[2020.09.11-09.32.09:907][  0]LogConfig: Setting CVar [[r.EmitterSpawnRateScale:1.0]]
[2020.09.11-09.32.09:907][  0]LogConfig: Setting CVar [[r.ParticleLightQuality:2]]
[2020.09.11-09.32.09:907][  0]LogConfig: Setting CVar [[r.SkyAtmosphere.AerialPerspectiveLUT.FastApplyOnOpaque:1 ; Always have FastSkyLUT 1 in this case to avoid wrong sky]]
[2020.09.11-09.32.09:907][  0]LogConfig: Setting CVar [[r.SkyAtmosphere.AerialPerspectiveLUT.SampleCountPerSlice:1]]
[2020.09.11-09.32.09:907][  0]LogConfig: Setting CVar [[r.SkyAtmosphere.AerialPerspectiveLUT.DepthResolution:16.0]]
[2020.09.11-09.32.09:907][  0]LogConfig: Setting CVar [[r.SkyAtmosphere.FastSkyLUT:1]]
[2020.09.11-09.32.09:907][  0]LogConfig: Setting CVar [[r.SkyAtmosphere.FastSkyLUT.SampleCountMin:4.0]]
[2020.09.11-09.32.09:907][  0]LogConfig: Setting CVar [[r.SkyAtmosphere.FastSkyLUT.SampleCountMax:32.0]]
[2020.09.11-09.32.09:907][  0]LogConfig: Setting CVar [[r.SkyAtmosphere.SampleCountMin:4.0]]
[2020.09.11-09.32.09:907][  0]LogConfig: Setting CVar [[r.SkyAtmosphere.SampleCountMax:32.0]]
[2020.09.11-09.32.09:907][  0]LogConfig: Setting CVar [[r.SkyAtmosphere.TransmittanceLUT.UseSmallFormat:0]]
[2020.09.11-09.32.09:907][  0]LogConfig: Setting CVar [[r.SkyAtmosphere.TransmittanceLUT.SampleCount:10.0]]
[2020.09.11-09.32.09:907][  0]LogConfig: Setting CVar [[r.SkyAtmosphere.MultiScatteringLUT.SampleCount:15.0]]
[2020.09.11-09.32.09:907][  0]LogConfig: Applying CVar settings from Section [FoliageQuality@3] File [C:/Users/wlsgn/Documents/Unreal Projects/Proj/AdvGamesProgramming/GameFiles/Saved/Config/Windows/Scalability.ini]
[2020.09.11-09.32.09:907][  0]LogConfig: Setting CVar [[foliage.DensityScale:1.0]]
[2020.09.11-09.32.09:908][  0]LogConfig: Setting CVar [[grass.DensityScale:1.0]]
[2020.09.11-09.32.09:908][  0]LogConfig: Applying CVar settings from Section [ShadingQuality@3] File [C:/Users/wlsgn/Documents/Unreal Projects/Proj/AdvGamesProgramming/GameFiles/Saved/Config/Windows/Scalability.ini]
[2020.09.11-09.32.09:908][  0]LogConfig: Setting CVar [[r.HairStrands.SkyLighting.SampleCount:16]]
[2020.09.11-09.32.09:908][  0]LogConfig: Setting CVar [[r.HairStrands.SkyLighting.JitterIntegration:0]]
[2020.09.11-09.32.09:908][  0]LogConfig: Setting CVar [[r.HairStrands.SkyAO.SampleCount:16]]
[2020.09.11-09.32.09:908][  0]LogConfig: Applying CVar settings from Section [Startup] File [../../../Engine/Config/ConsoleVariables.ini]
[2020.09.11-09.32.09:909][  0]LogConfig: Setting CVar [[net.UseAdaptiveNetUpdateFrequency:0]]
[2020.09.11-09.32.09:909][  0]LogConfig: Setting CVar [[p.chaos.AllowCreatePhysxBodies:1]]
[2020.09.11-09.32.09:909][  0]LogConfig: Applying CVar settings from Section [ConsoleVariables] File [C:/Users/wlsgn/Documents/Unreal Projects/Proj/AdvGamesProgramming/GameFiles/Saved/Config/Windows/Engine.ini]
[2020.09.11-09.32.09:909][  0]LogInit: Computer: DESKTOP-DOLCJVN
[2020.09.11-09.32.09:909][  0]LogInit: User: wlsgn
[2020.09.11-09.32.09:909][  0]LogInit: CPU Page size=4096, Cores=4
[2020.09.11-09.32.09:909][  0]LogInit: High frequency timer resolution =10.000000 MHz
[2020.09.11-09.32.09:909][  0]LogMemory: Memory total: Physical=31.9GB (32GB approx)
[2020.09.11-09.32.09:909][  0]LogMemory: Platform Memory Stats for Windows
[2020.09.11-09.32.09:909][  0]LogMemory: Process Physical Memory: 105.94 MB used, 105.95 MB peak
[2020.09.11-09.32.09:909][  0]LogMemory: Process Virtual Memory: 101.60 MB used, 101.60 MB peak
[2020.09.11-09.32.09:910][  0]LogMemory: Physical Memory: 12385.39 MB used,  20254.59 MB free, 32639.98 MB total
[2020.09.11-09.32.09:910][  0]LogMemory: Virtual Memory: 5137.73 MB used,  134212592.00 MB free, 134217728.00 MB total
[2020.09.11-09.32.09:928][  0]LogWindows: WindowsPlatformFeatures enabled
[2020.09.11-09.32.10:175][  0]LogInit: Overriding language with editor language configuration option (en).
[2020.09.11-09.32.10:176][  0]LogInit: Overriding locale with editor culture configuration option ().
[2020.09.11-09.32.10:176][  0]LogInit: Using OS detected locale (ko-KR).
[2020.09.11-09.32.10:403][  0]LogInit: Setting process to per monitor DPI aware
[2020.09.11-09.32.10:634][  0]LogSlate: New Slate User Created.  User Index 0, Is Virtual User: 0
[2020.09.11-09.32.10:634][  0]LogSlate: Slate User Registered.  User Index 0, Is Virtual User: 0
[2020.09.11-09.32.11:104][  0]LogHMD: Failed to initialize OpenVR with code 110
[2020.09.11-09.32.11:104][  0]LogD3D11RHI: D3D11 min allowed feature level: 11_0
[2020.09.11-09.32.11:104][  0]LogD3D11RHI: D3D11 max allowed feature level: 11_0
[2020.09.11-09.32.11:104][  0]LogD3D11RHI: D3D11 adapters:
[2020.09.11-09.32.11:254][  0]LogD3D11RHI:    0. 'NVIDIA GeForce MX130' (Feature Level 11_0)
[2020.09.11-09.32.11:254][  0]LogD3D11RHI:       2010/0/16319 MB DedicatedVideo/DedicatedSystem/SharedSystem, Outputs:2, VendorId:0x10de
[2020.09.11-09.32.11:324][  0]LogD3D11RHI:    1. 'Intel(R) UHD Graphics 620' (Feature Level 11_0)
[2020.09.11-09.32.11:324][  0]LogD3D11RHI:       128/0/16319 MB DedicatedVideo/DedicatedSystem/SharedSystem, Outputs:0, VendorId:0x8086
[2020.09.11-09.32.11:334][  0]LogD3D11RHI:    2. 'Microsoft Basic Render Driver' (Feature Level 11_0)
[2020.09.11-09.32.11:334][  0]LogD3D11RHI:       0/0/16319 MB DedicatedVideo/DedicatedSystem/SharedSystem, Outputs:0, VendorId:0x1414
[2020.09.11-09.32.11:345][  0]LogD3D11RHI:    3. 'Microsoft Basic Render Driver' (Feature Level 11_0)
[2020.09.11-09.32.11:345][  0]LogD3D11RHI:       0/0/16319 MB DedicatedVideo/DedicatedSystem/SharedSystem, Outputs:0, VendorId:0x1414
[2020.09.11-09.32.11:345][  0]LogD3D11RHI: Chosen D3D11 Adapter: 0
[2020.09.11-09.32.11:404][  0]LogD3D11RHI: Creating new Direct3DDevice
[2020.09.11-09.32.11:404][  0]LogD3D11RHI:     GPU DeviceId: 0x174d (for the marketing name, search the web for "GPU Device Id")
[2020.09.11-09.32.11:404][  0]LogWindows: EnumDisplayDevices:
[2020.09.11-09.32.11:405][  0]LogWindows:    0. 'Intel(R) UHD Graphics 620' (P:0 D:1)
[2020.09.11-09.32.11:406][  0]LogWindows:    1. 'Intel(R) UHD Graphics 620' (P:1 D:1)
[2020.09.11-09.32.11:407][  0]LogWindows:    2. 'Intel(R) UHD Graphics 620' (P:0 D:0)
[2020.09.11-09.32.11:409][  0]LogWindows:    3. 'LuminonCore IDDCX Adapter' (P:0 D:0)
[2020.09.11-09.32.11:411][  0]LogWindows:    4. 'LuminonCore IDDCX Adapter' (P:0 D:0)
[2020.09.11-09.32.11:412][  0]LogWindows:    5. 'LuminonCore IDDCX Adapter' (P:0 D:0)
[2020.09.11-09.32.11:414][  0]LogWindows:    6. 'LuminonCore IDDCX Adapter' (P:0 D:0)
[2020.09.11-09.32.11:416][  0]LogWindows:    7. 'LuminonCore IDDCX Adapter' (P:0 D:0)
[2020.09.11-09.32.11:417][  0]LogWindows:    8. 'LuminonCore IDDCX Adapter' (P:0 D:0)
[2020.09.11-09.32.11:418][  0]LogWindows:    9. 'LuminonCore IDDCX Adapter' (P:0 D:0)
[2020.09.11-09.32.11:420][  0]LogWindows:    10. 'LuminonCore IDDCX Adapter' (P:0 D:0)
[2020.09.11-09.32.11:421][  0]LogWindows:    11. 'LuminonCore IDDCX Adapter' (P:0 D:0)
[2020.09.11-09.32.11:423][  0]LogWindows:    12. 'LuminonCore IDDCX Adapter' (P:0 D:0)
[2020.09.11-09.32.11:424][  0]LogWindows:    13. 'LuminonCore IDDCX Adapter' (P:0 D:0)
[2020.09.11-09.32.11:426][  0]LogWindows:    14. 'LuminonCore IDDCX Adapter' (P:0 D:0)
[2020.09.11-09.32.11:427][  0]LogWindows:    15. 'LuminonCore IDDCX Adapter' (P:0 D:0)
[2020.09.11-09.32.11:429][  0]LogWindows:    16. 'LuminonCore IDDCX Adapter' (P:0 D:0)
[2020.09.11-09.32.11:430][  0]LogWindows:    17. 'LuminonCore IDDCX Adapter' (P:0 D:0)
[2020.09.11-09.32.11:432][  0]LogWindows:    18. 'LuminonCore IDDCX Adapter' (P:0 D:0)
[2020.09.11-09.32.11:433][  0]LogWindows: DebugString: PrimaryIsNotTheChoosenAdapter PrimaryIsNotTheChoosenAdapter PrimaryIsNotTheChoosenAdapter GetVideoDriverDetailsInvalid PrimaryIsNotTheChoosenAdapter GetVideoDriverDetailsInvalid PrimaryIsNotTheChoosenAdapter GetVideoDriverDetailsInvalid PrimaryIsNotTheChoosenAdapter GetVideoDriverDetailsInvalid PrimaryIsNotTheChoosenAdapter GetVideoDriverDetailsInvalid PrimaryIsNotTheChoosenAdapter GetVideoDriverDetailsInvalid PrimaryIsNotTheChoosenAdapter GetVideoDriverDetailsInvalid PrimaryIsNotTheChoosenAdapter GetVideoDriverDetailsInvalid PrimaryIsNotTheChoosenAdapter GetVideoDriverDetailsInvalid PrimaryIsNotTheChoosenAdapter GetVideoDriverDetailsInvalid PrimaryIsNotTheChoosenAdapter GetVideoDriverDetailsInvalid PrimaryIsNotTheChoosenAdapter GetVideoDriverDetailsInvalid PrimaryIsNotTheChoosenAdapter GetVideoDriverDetailsInvalid PrimaryIsNotTheChoosenAdapter GetVideoDriverDetailsInvalid PrimaryIsNotTheChoosenAdapter GetVideoDriverDetailsInvalid PrimaryIsNotTheChoosenAdapter GetVideoDriverDetailsInvalid PrimaryIsNotTheChoosenAdapter FoundDriverCount:0 
[2020.09.11-09.32.11:433][  0]LogD3D11RHI:     Adapter Name: NVIDIA GeForce MX130
[2020.09.11-09.32.11:433][  0]LogD3D11RHI:   Driver Version: Unknown (internal:Unknown, unified:Unknown)
[2020.09.11-09.32.11:433][  0]LogD3D11RHI:      Driver Date: Unknown
[2020.09.11-09.32.11:433][  0]LogRHI: Texture pool is 1407 MB (70% of 2010 MB)
[2020.09.11-09.32.11:524][  0]LogD3D11RHI: RHI has support for 64 bit atomics
[2020.09.11-09.32.11:525][  0]LogD3D11RHI: Async texture creation enabled
[2020.09.11-09.32.11:556][  0]LogD3D11RHI: GPU Timing Frequency: 1000.000000 (Debug: 2 1)
[2020.09.11-09.32.12:174][  0]LogTargetPlatformManager: Display: Loaded TargetPlatform 'AllDesktop'
[2020.09.11-09.32.12:229][  0]LogTargetPlatformManager: Display: Loaded TargetPlatform 'Android'
[2020.09.11-09.32.12:229][  0]LogTargetPlatformManager: Display: Loaded TargetPlatform 'Android_ASTC'
[2020.09.11-09.32.12:230][  0]LogTargetPlatformManager: Display: Loaded TargetPlatform 'Android_ATC'
[2020.09.11-09.32.12:230][  0]LogTargetPlatformManager: Display: Loaded TargetPlatform 'Android_DXT'
[2020.09.11-09.32.12:230][  0]LogTargetPlatformManager: Display: Loaded TargetPlatform 'Android_ETC1'
[2020.09.11-09.32.12:230][  0]LogTargetPlatformManager: Display: Loaded TargetPlatform 'Android_ETC1a'
[2020.09.11-09.32.12:230][  0]LogTargetPlatformManager: Display: Loaded TargetPlatform 'Android_ETC2'
[2020.09.11-09.32.12:230][  0]LogTargetPlatformManager: Display: Loaded TargetPlatform 'Android_PVRTC'
[2020.09.11-09.32.12:230][  0]LogTargetPlatformManager: Display: Loaded TargetPlatform 'AndroidClient'
[2020.09.11-09.32.12:230][  0]LogTargetPlatformManager: Display: Loaded TargetPlatform 'Android_ASTCClient'
[2020.09.11-09.32.12:230][  0]LogTargetPlatformManager: Display: Loaded TargetPlatform 'Android_ATCClient'
[2020.09.11-09.32.12:230][  0]LogTargetPlatformManager: Display: Loaded TargetPlatform 'Android_DXTClient'
[2020.09.11-09.32.12:230][  0]LogTargetPlatformManager: Display: Loaded TargetPlatform 'Android_ETC1Client'
[2020.09.11-09.32.12:231][  0]LogTargetPlatformManager: Display: Loaded TargetPlatform 'Android_ETC1aClient'
[2020.09.11-09.32.12:231][  0]LogTargetPlatformManager: Display: Loaded TargetPlatform 'Android_ETC2Client'
[2020.09.11-09.32.12:231][  0]LogTargetPlatformManager: Display: Loaded TargetPlatform 'Android_PVRTCClient'
[2020.09.11-09.32.12:231][  0]LogTargetPlatformManager: Display: Loaded TargetPlatform 'Android_Multi'
[2020.09.11-09.32.12:231][  0]LogTargetPlatformManager: Display: Loaded TargetPlatform 'Android_MultiClient'
[2020.09.11-09.32.12:279][  0]LogTargetPlatformManager: Display: Loaded TargetPlatform 'IOSClient'
[2020.09.11-09.32.12:279][  0]LogTargetPlatformManager: Display: Loaded TargetPlatform 'IOS'
[2020.09.11-09.32.12:297][  0]LogTargetPlatformManager: Display: Loaded TargetPlatform 'LinuxNoEditor'
[2020.09.11-09.32.12:313][  0]LogTargetPlatformManager: Display: Loaded TargetPlatform 'LinuxClient'
[2020.09.11-09.32.12:331][  0]LogTargetPlatformManager: Display: Loaded TargetPlatform 'LinuxServer'
[2020.09.11-09.32.12:348][  0]LogTargetPlatformManager: Display: Loaded TargetPlatform 'LinuxAArch64NoEditor'
[2020.09.11-09.32.12:366][  0]LogTargetPlatformManager: Display: Loaded TargetPlatform 'LinuxAArch64Client'
[2020.09.11-09.32.12:384][  0]LogTargetPlatformManager: Display: Loaded TargetPlatform 'LinuxAArch64Server'
[2020.09.11-09.32.12:433][  0]LogTargetPlatformManager: Display: Loaded TargetPlatform 'Lumin'
[2020.09.11-09.32.12:433][  0]LogTargetPlatformManager: Display: Loaded TargetPlatform 'LuminClient'
[2020.09.11-09.32.12:462][  0]LogTargetPlatformManager: Display: Loaded TargetPlatform 'TVOSClient'
[2020.09.11-09.32.12:462][  0]LogTargetPlatformManager: Display: Loaded TargetPlatform 'TVOS'
[2020.09.11-09.32.12:484][  0]LogTargetPlatformManager: Display: Loaded TargetPlatform 'WindowsNoEditor'
[2020.09.11-09.32.12:505][  0]LogTargetPlatformManager: Display: Loaded TargetPlatform 'Windows'
[2020.09.11-09.32.12:528][  0]LogTargetPlatformManager: Display: Loaded TargetPlatform 'WindowsClient'
[2020.09.11-09.32.12:549][  0]LogTargetPlatformManager: Display: Loaded TargetPlatform 'WindowsServer'
[2020.09.11-09.32.12:549][  0]LogTargetPlatformManager: Display: Building Assets For Windows
[2020.09.11-09.32.12:579][  0]LogAudioDebug: Display: Lib vorbis DLL was dynamically loaded.
[2020.09.11-09.32.12:814][  0]LogShaderCompilers: Guid format shader working directory is -44 characters bigger than the processId version (../../../../../../Users/wlsgn/Documents/Unreal Projects/Proj/AdvGamesProgramming/GameFiles/Intermediate/Shaders/WorkingDirectory/8792/).
[2020.09.11-09.32.12:815][  0]LogShaderCompilers: Cleaned the shader compiler working directory 'C:/Users/wlsgn/AppData/Local/Temp/UnrealShaderWorkingDir/07E5E42B48096B10D7CD0BA607039D7A/'.
[2020.09.11-09.32.12:817][  0]LogXGEController: Cannot use XGE Controller as Incredibuild is not installed on this machine.
[2020.09.11-09.32.12:817][  0]LogShaderCompilers: Cannot use XGE Shader Compiler as Incredibuild is not installed on this machine.
[2020.09.11-09.32.12:817][  0]LogShaderCompilers: Display: Using Local Shader Compiler.
[2020.09.11-09.32.13:727][  0]LogDerivedDataCache: Display: Max Cache Size: 512 MB
[2020.09.11-09.32.13:788][  0]LogDerivedDataCache: Loaded boot cache 0.06s 89MB C:/Users/wlsgn/AppData/Local/UnrealEngine/4.24/DerivedDataCache/Boot.ddc.
[2020.09.11-09.32.13:788][  0]LogDerivedDataCache: Display: Loaded Boot cache: C:/Users/wlsgn/AppData/Local/UnrealEngine/4.24/DerivedDataCache/Boot.ddc
[2020.09.11-09.32.13:788][  0]LogDerivedDataCache: FDerivedDataBackendGraph:  Pak pak cache file ../../../../../../Users/wlsgn/Documents/Unreal Projects/Proj/AdvGamesProgramming/GameFiles/DerivedDataCache/DDC.ddp not found, will not use a pak cache.
[2020.09.11-09.32.13:790][  0]LogDerivedDataCache: Unable to find inner node Pak for hierarchical cache Hierarchy.
[2020.09.11-09.32.13:790][  0]LogDerivedDataCache: FDerivedDataBackendGraph:  CompressedPak pak cache file ../../../../../../Users/wlsgn/Documents/Unreal Projects/Proj/AdvGamesProgramming/GameFiles/DerivedDataCache/Compressed.ddp not found, will not use a pak cache.
[2020.09.11-09.32.13:790][  0]LogDerivedDataCache: Unable to find inner node CompressedPak for hierarchical cache Hierarchy.
[2020.09.11-09.32.13:801][  0]LogDerivedDataCache: Display: Pak cache opened for reading ../../../Engine/DerivedDataCache/Compressed.ddp.
[2020.09.11-09.32.13:801][  0]LogDerivedDataCache: FDerivedDataBackendGraph:  EnterprisePak pak cache file ../../../Enterprise/DerivedDataCache/Compressed.ddp not found, will not use a pak cache.
[2020.09.11-09.32.13:801][  0]LogDerivedDataCache: Unable to find inner node EnterprisePak for hierarchical cache Hierarchy.
[2020.09.11-09.32.13:804][  0]LogDerivedDataCache: Using Local data cache path C:/Users/wlsgn/AppData/Local/UnrealEngine/Common/DerivedDataCache: Writable
[2020.09.11-09.32.13:804][  0]LogDerivedDataCache: Shared data cache path not found in *engine.ini, will not use an Shared cache.
[2020.09.11-09.32.13:804][  0]LogDerivedDataCache: Unable to find inner node Shared for hierarchical cache Hierarchy.
[2020.09.11-09.32.13:831][  0]LogMaterial: Verifying Global Shaders for PCD3D_SM5
[2020.09.11-09.32.13:834][  0]LogSlate: Using FreeType 2.10.0
[2020.09.11-09.32.13:835][  0]LogSlate: SlateFontServices - WITH_FREETYPE: 1, WITH_HARFBUZZ: 1
[2020.09.11-09.32.13:920][  0]LogAssetRegistry: FAssetRegistry took 0.0050 seconds to start up
[2020.09.11-09.32.14:291][  0]LogInit: Selected Device Profile: [Windows]
[2020.09.11-09.32.14:560][  0]LogMeshReduction: Using QuadricMeshReduction for automatic static mesh reduction
[2020.09.11-09.32.14:561][  0]LogMeshReduction: Using SimplygonMeshReduction for automatic skeletal mesh reduction
[2020.09.11-09.32.14:561][  0]LogMeshReduction: Using ProxyLODMeshReduction for automatic mesh merging
[2020.09.11-09.32.14:561][  0]LogMeshReduction: No distributed automatic mesh merging module available
[2020.09.11-09.32.14:561][  0]LogMeshMerging: No distributed automatic mesh merging module available
[2020.09.11-09.32.14:597][  0]LogNetVersion: AdvGamesProgramming 1.0.0, NetCL: 10570792, EngineNetVer: 13, GameNetVer: 0 (Checksum: 489682494)
[2020.09.11-09.32.16:036][  0]LogPackageLocalizationCache: Processed 10 localized package path(s) for 1 prioritized culture(s) in 0.050392 seconds
[2020.09.11-09.32.16:044][  0]LogUObjectArray: 46750 objects as part of root set at end of initial load.
[2020.09.11-09.32.16:044][  0]LogUObjectAllocator: 8137160 out of 0 bytes used by permanent object pool.
[2020.09.11-09.32.16:044][  0]LogUObjectArray: CloseDisregardForGC: 0/0 objects in disregard for GC pool
[2020.09.11-09.32.17:280][  0]LogTcpMessaging: Initializing TcpMessaging bridge
[2020.09.11-09.32.17:295][  0]LogUdpMessaging: Initializing bridge on interface 0.0.0.0:0 to multicast group 230.0.0.1:6666.
[2020.09.11-09.32.17:558][  0]LogBlueprint: Warning: [Compiler Ue4ASP_Character] InputAction Event references unknown Action 'Crouch' for  InputAction Crouch
[2020.09.11-09.32.17:559][  0]LogBlueprint: Warning: [Compiler Ue4ASP_Character] Input Axis Event references unknown Axis 'MoveRight' for  InputAxis MoveRight
[2020.09.11-09.32.18:190][  0]SourceControl: Source control is disabled
[2020.09.11-09.32.18:190][  0]SourceControl: Source control is disabled
[2020.09.11-09.32.18:208][  0]SourceControl: Source control is disabled
[2020.09.11-09.32.18:217][  0]SourceControl: Source control is disabled
[2020.09.11-09.32.18:225][  0]SourceControl: Source control is disabled
[2020.09.11-09.32.18:618][  0]LogAndroidPermission: UAndroidPermissionCallbackProxy::GetInstance
[2020.09.11-09.32.18:676][  0]LogAudioCaptureCore: Display: No Audio Capture implementations found. Audio input will be silent.
[2020.09.11-09.32.18:676][  0]LogAudioCaptureCore: Display: No Audio Capture implementations found. Audio input will be silent.
[2020.09.11-09.32.18:840][  0]LogOcInput: OculusInput pre-init called
[2020.09.11-09.32.18:871][  0]LogWindows: Failed to load 'OVRPlugin.dll' (GetLastError=126)
[2020.09.11-09.32.18:872][  0]LogWindows: File 'OVRPlugin.dll' does not exist
[2020.09.11-09.32.18:993][  0]LogEngine: Initializing Engine...
[2020.09.11-09.32.18:995][  0]LogHMD: Failed to initialize OpenVR with code 110
[2020.09.11-09.32.18:996][  0]LogStats: UGameplayTagsManager::InitializeManager -  0.000 s
[2020.09.11-09.32.19:373][  0]LogInit: Initializing FReadOnlyCVARCache
[2020.09.11-09.32.19:389][  0]LogAIModule: Creating AISystem for world Untitled
[2020.09.11-09.32.19:418][  0]LogAudioMixer: Display: Audio Mixer Platform Settings:
[2020.09.11-09.32.19:418][  0]LogAudioMixer: Display: 	Sample Rate:						  48000
[2020.09.11-09.32.19:418][  0]LogAudioMixer: Display: 	Callback Buffer Frame Size Requested: 1024
[2020.09.11-09.32.19:418][  0]LogAudioMixer: Display: 	Callback Buffer Frame Size To Use:	  1024
[2020.09.11-09.32.19:418][  0]LogAudioMixer: Display: 	Number of buffers to queue:			  2
[2020.09.11-09.32.19:419][  0]LogAudioMixer: Display: 	Max Channels (voices):				  32
[2020.09.11-09.32.19:419][  0]LogAudioMixer: Display: 	Number of Async Source Workers:		  0
[2020.09.11-09.32.19:419][  0]LogAudio: Display: AudioDevice MaxSources: 32
[2020.09.11-09.32.19:419][  0]LogAudio: Display: Using built-in audio occlusion.
[2020.09.11-09.32.19:419][  0]LogAudioMixer: Display: Initializing audio mixer.
[2020.09.11-09.32.19:723][  0]LogAudioMixer: Display: Audio Device Output Speaker Info:
[2020.09.11-09.32.19:723][  0]LogAudioMixer: Display: Name: 스피커(iFi (by AMR) HD USB Audio)
[2020.09.11-09.32.19:724][  0]LogAudioMixer: Display: Is Default: Yes
[2020.09.11-09.32.19:724][  0]LogAudioMixer: Display: Sample Rate: 48000
[2020.09.11-09.32.19:724][  0]LogAudioMixer: Display: Channel Count Used: 2
[2020.09.11-09.32.19:724][  0]LogAudioMixer: Display: Device Channel Count: 2
[2020.09.11-09.32.19:724][  0]LogAudioMixer: Display: Channel Order:
[2020.09.11-09.32.19:724][  0]LogAudioMixer: Display: 0: FrontLeft
[2020.09.11-09.32.19:724][  0]LogAudioMixer: Display: 1: FrontRight
[2020.09.11-09.32.20:038][  0]LogAudioMixer: Display: Using Audio Device 스피커(iFi (by AMR) HD USB Audio)
[2020.09.11-09.32.20:045][  0]LogInit: FAudioDevice initialized.
[2020.09.11-09.32.20:046][  0]LogNetVersion: Set ProjectVersion to 1.0.0.0. Version Checksum will be recalculated on next use.
[2020.09.11-09.32.20:125][  0]LogDerivedDataCache: Saved boot cache 0.08s 89MB C:/Users/wlsgn/AppData/Local/UnrealEngine/4.24/DerivedDataCache/Boot.ddc.
[2020.09.11-09.32.20:126][  0]LogInit: Texture streaming: Enabled
[2020.09.11-09.32.20:163][  0]LogEngineSessionManager: EngineSessionManager initialized
[2020.09.11-09.32.20:163][  0]LogEditorSessionSummary: Verbose: Initializing EditorSessionSummaryWriter for editor session tracking
[2020.09.11-09.32.20:167][  0]LogEditorSessionSummary: EditorSessionSummaryWriter initialized
[2020.09.11-09.32.20:219][  0]LogInit: Transaction tracking system initialized
[2020.09.11-09.32.20:278][  0]BlueprintLog: New page: Editor Load
[2020.09.11-09.32.20:445][  0]LocalizationService: Localization service is disabled
[2020.09.11-09.32.21:115][  0]LogFileCache: Scanning file cache for directory 'C:/Users/wlsgn/Documents/Unreal Projects/Proj/AdvGamesProgramming/GameFiles/Content/' took 0.00s
[2020.09.11-09.32.21:115][  0]LogCook: Display: Max memory allowance for cook 16384mb min free memory 0mb
[2020.09.11-09.32.21:115][  0]LogCook: Display: Mobile HDR setting 1
[2020.09.11-09.32.22:395][  0]SourceControl: Source control is disabled
[2020.09.11-09.32.22:395][  0]Cmd: MAP LOAD FILE="../../../../../../Users/wlsgn/Documents/Unreal Projects/Proj/AdvGamesProgramming/GameFiles/Content/Levels/TestingMap.umap" TEMPLATE=0 SHOWPROGRESS=1 FEATURELEVEL=3
[2020.09.11-09.32.22:396][  0]LightingResults: New page: Lighting Build
[2020.09.11-09.32.22:398][  0]LogWorld: UWorld::CleanupWorld for Untitled, bSessionEnded=true, bCleanupResources=true
[2020.09.11-09.32.22:398][  0]LogSlate: InvalidateAllWidgets triggered.  All widgets were invalidated
[2020.09.11-09.32.22:398][  0]MapCheck: New page: Map Check
[2020.09.11-09.32.22:398][  0]LightingResults: New page: Lighting Build
[2020.09.11-09.32.22:430][  0]LogUObjectHash: Compacting FUObjectHashTables data took   3.30ms
[2020.09.11-09.32.22:586][  0]LogAIModule: Creating AISystem for world TestingMap
[2020.09.11-09.32.22:601][  0]LogEditorServer: Finished looking for orphan Actors (0.000 secs)
[2020.09.11-09.32.22:640][  0]LogUObjectHash: Compacting FUObjectHashTables data took   2.76ms
[2020.09.11-09.32.22:640][  0]Cmd: MAP CHECKDEP NOCLEARLOG
[2020.09.11-09.32.22:641][  0]MapCheck: Map check complete: 0 Error(s), 0 Warning(s), took 0.532ms to complete.
[2020.09.11-09.32.22:641][  0]LogFileHelpers: Loading map 'TestingMap' took 0.246
[2020.09.11-09.32.22:839][  0]LogSlate: Updating window title bar state: overlay mode, drag disabled, window buttons hidden, title bar hidden
[2020.09.11-09.32.22:848][  0]LogSlate: Updating window title bar state: overlay mode, drag disabled, window buttons hidden, title bar hidden
[2020.09.11-09.32.22:857][  0]LogSlate: Updating window title bar state: overlay mode, drag disabled, window buttons hidden, title bar hidden
[2020.09.11-09.32.22:869][  0]LogSlate: Updating window title bar state: overlay mode, drag disabled, window buttons hidden, title bar hidden
[2020.09.11-09.32.22:882][  0]LogCollectionManager: Loaded 0 collections in 0.001489 seconds
[2020.09.11-09.32.22:913][  0]LogFileCache: Scanning file cache for directory 'C:/Users/wlsgn/Documents/Unreal Projects/Proj/AdvGamesProgramming/GameFiles/Saved/Collections/' took 0.00s
[2020.09.11-09.32.22:913][  0]LogFileCache: Scanning file cache for directory 'C:/Users/wlsgn/Documents/Unreal Projects/Proj/AdvGamesProgramming/GameFiles/Content/Developers/wlsgn/Collections/' took 0.00s
[2020.09.11-09.32.22:913][  0]LogFileCache: Scanning file cache for directory 'C:/Users/wlsgn/Documents/Unreal Projects/Proj/AdvGamesProgramming/GameFiles/Content/Collections/' took 0.00s
[2020.09.11-09.32.22:913][  0]LogContentBrowser: Native class hierarchy populated in 0.0136 seconds. Added 3024 classes and 719 folders.
[2020.09.11-09.32.22:920][  0]LogContentBrowser: Native class hierarchy updated for 'WidgetCarousel' in 0.0004 seconds. Added 0 classes and 0 folders.
[2020.09.11-09.32.23:004][  0]LogContentBrowser: Native class hierarchy updated for 'AddContentDialog' in 0.0006 seconds. Added 0 classes and 0 folders.
[2020.09.11-09.32.23:022][  0]LogContentBrowser: Native class hierarchy updated for 'SceneOutliner' in 0.0005 seconds. Added 2 classes and 3 folders.
[2020.09.11-09.32.23:124][  0]LogSlate: Took 0.000331 seconds to synchronously load lazily loaded font '../../../Engine/Content/Slate/Fonts/Roboto-Regular.ttf' (155K)
[2020.09.11-09.32.23:128][  0]LogSlate: Took 0.001061 seconds to synchronously load lazily loaded font '../../../Engine/Content/Slate/Fonts/Roboto-Bold.ttf' (160K)
[2020.09.11-09.32.23:137][  0]LogSlate: Took 0.000293 seconds to synchronously load lazily loaded font '../../../Engine/Content/Editor/Slate/Fonts/FontAwesome.ttf' (139K)
[2020.09.11-09.32.23:275][  0]LogRenderer: Reallocating scene render targets to support 1608x836 Format 10 NumSamples 1 (Frame:1).
[2020.09.11-09.32.23:603][  0]LogContentBrowser: Native class hierarchy updated for 'HierarchicalLODOutliner' in 0.0005 seconds. Added 0 classes and 0 folders.
[2020.09.11-09.32.23:603][  0]LogLoad: (Engine Initialization) Total time: 16.38 seconds
[2020.09.11-09.32.23:603][  0]LogLoad: (Engine Initialization) Total Blueprint compile time: 0.00 seconds
[2020.09.11-09.32.23:675][  0]LogContentStreaming: Texture pool size now 1000 MB
[2020.09.11-09.32.23:733][  1]LogAssetRegistry: Asset discovery search completed in 9.8156 seconds
[2020.09.11-09.32.23:738][  1]LogCollectionManager: Fixed up redirectors for 0 collections in 0.000011 seconds (updated 0 objects)
[2020.09.11-09.32.25:620][ 72]LogTemp: Repeating last play command: Selected Viewport
[2020.09.11-09.32.25:630][ 72]LogPlayLevel: PlayLevel: No blueprints needed recompiling
[2020.09.11-09.32.25:631][ 72]PIE: New page: PIE session: TestingMap (2020. 9. 12. 오전 5:32:25)
[2020.09.11-09.32.25:633][ 72]LogOnline: OSS: Creating online subsystem instance for: NULL
[2020.09.11-09.32.25:636][ 72]LogOnline: OSS: TryLoadSubsystemAndSetDefault: Loaded subsystem for module [NULL]
[2020.09.11-09.32.25:636][ 72]LogPlayLevel: Creating play world package: /Game/Levels/UEDPIE_0_TestingMap
[2020.09.11-09.32.25:664][ 72]LogPlayLevel: PIE: StaticDuplicateObject took: (0.027595s)
[2020.09.11-09.32.25:666][ 72]LogAIModule: Creating AISystem for world TestingMap
[2020.09.11-09.32.25:666][ 72]LogPlayLevel: PIE: World Init took: (0.001456s)
[2020.09.11-09.32.25:666][ 72]LogPlayLevel: PIE: Created PIE world by copying editor world from /Game/Levels/TestingMap.TestingMap to /Game/Levels/UEDPIE_0_TestingMap.TestingMap (0.029822s)
[2020.09.11-09.32.25:697][ 72]LogUObjectHash: Compacting FUObjectHashTables data took   1.77ms
[2020.09.11-09.32.25:698][ 72]LogAudioMixer: Display: Audio Mixer Platform Settings:
[2020.09.11-09.32.25:698][ 72]LogAudioMixer: Display: 	Sample Rate:						  48000
[2020.09.11-09.32.25:698][ 72]LogAudioMixer: Display: 	Callback Buffer Frame Size Requested: 1024
[2020.09.11-09.32.25:698][ 72]LogAudioMixer: Display: 	Callback Buffer Frame Size To Use:	  1024
[2020.09.11-09.32.25:698][ 72]LogAudioMixer: Display: 	Number of buffers to queue:			  2
[2020.09.11-09.32.25:698][ 72]LogAudioMixer: Display: 	Max Channels (voices):				  32
[2020.09.11-09.32.25:698][ 72]LogAudioMixer: Display: 	Number of Async Source Workers:		  0
[2020.09.11-09.32.25:699][ 72]LogAudio: Display: AudioDevice MaxSources: 32
[2020.09.11-09.32.25:699][ 72]LogAudio: Display: Using built-in audio occlusion.
[2020.09.11-09.32.25:699][ 72]LogAudioMixer: Display: Initializing audio mixer.
[2020.09.11-09.32.25:983][ 72]LogAudioMixer: Display: Audio Device Output Speaker Info:
[2020.09.11-09.32.25:983][ 72]LogAudioMixer: Display: Name: 스피커(iFi (by AMR) HD USB Audio)
[2020.09.11-09.32.25:983][ 72]LogAudioMixer: Display: Is Default: Yes
[2020.09.11-09.32.25:983][ 72]LogAudioMixer: Display: Sample Rate: 48000
[2020.09.11-09.32.25:984][ 72]LogAudioMixer: Display: Channel Count Used: 2
[2020.09.11-09.32.25:984][ 72]LogAudioMixer: Display: Device Channel Count: 2
[2020.09.11-09.32.25:984][ 72]LogAudioMixer: Display: Channel Order:
[2020.09.11-09.32.25:984][ 72]LogAudioMixer: Display: 0: FrontLeft
[2020.09.11-09.32.25:984][ 72]LogAudioMixer: Display: 1: FrontRight
[2020.09.11-09.32.26:274][ 72]LogAudioMixer: Display: Using Audio Device 스피커(iFi (by AMR) HD USB Audio)
[2020.09.11-09.32.26:277][ 72]LogInit: FAudioDevice initialized.
[2020.09.11-09.32.26:295][ 72]LogLoad: Game class is 'AdvGamesProgrammingGameModeBase'
[2020.09.11-09.32.26:299][ 72]LogWorld: Bringing World /Game/Levels/UEDPIE_0_TestingMap.TestingMap up for play (max tick rate 60) at 2020.09.11-19.32.26
[2020.09.11-09.32.26:299][ 72]LogWorld: Bringing up level for play took: 0.002413
[2020.09.11-09.32.26:300][ 72]LogOnline: OSS: Creating online subsystem instance for: :Context_1
[2020.09.11-09.32.26:306][ 72]LogContentBrowser: Native class hierarchy updated for 'MovieSceneCapture' in 0.0005 seconds. Added 20 classes and 0 folders.
[2020.09.11-09.32.26:306][ 72]LogTemp: Warning: X=1000.000 Y=-250.000 Z=50.000
[2020.09.11-09.32.26:310][ 72]PIE: Play in editor start time for /Game/Levels/UEDPIE_0_TestingMap 0.917
[2020.09.11-09.33.08:276][ 75]LogTemp: Display: At Node NavigationNode8
[2020.09.11-09.33.14:338][ 76]LogTemp: Display: At Node NavigationNode8
[2020.09.11-09.33.42:799][ 82]LogTemp: Display: At Node NavigationNode13
[2020.09.11-09.33.58:643][ 83]LogTemp: Resetting audio stream to device id 
[2020.09.11-09.33.58:970][ 83]LogAudioMixer: Display: Audio Device Output Speaker Info:
[2020.09.11-09.33.58:970][ 83]LogAudioMixer: Display: Name: 스피커(iFi (by AMR) HD USB Audio)
[2020.09.11-09.33.58:970][ 83]LogAudioMixer: Display: Is Default: Yes
[2020.09.11-09.33.58:970][ 83]LogAudioMixer: Display: Sample Rate: 48000
[2020.09.11-09.33.58:970][ 83]LogAudioMixer: Display: Channel Count Used: 2
[2020.09.11-09.33.58:970][ 83]LogAudioMixer: Display: Device Channel Count: 2
[2020.09.11-09.33.58:970][ 83]LogAudioMixer: Display: Channel Order:
[2020.09.11-09.33.58:971][ 83]LogAudioMixer: Display: 0: FrontLeft
[2020.09.11-09.33.58:971][ 83]LogAudioMixer: Display: 1: FrontRight
[2020.09.11-09.33.59:305][ 83]LogTemp: Resetting audio stream to device id 
[2020.09.11-09.33.59:610][ 83]LogAudioMixer: Display: Audio Device Output Speaker Info:
[2020.09.11-09.33.59:610][ 83]LogAudioMixer: Display: Name: 스피커(iFi (by AMR) HD USB Audio)
[2020.09.11-09.33.59:610][ 83]LogAudioMixer: Display: Is Default: Yes
[2020.09.11-09.33.59:610][ 83]LogAudioMixer: Display: Sample Rate: 48000
[2020.09.11-09.33.59:610][ 83]LogAudioMixer: Display: Channel Count Used: 2
[2020.09.11-09.33.59:610][ 83]LogAudioMixer: Display: Device Channel Count: 2
[2020.09.11-09.33.59:610][ 83]LogAudioMixer: Display: Channel Order:
[2020.09.11-09.33.59:611][ 83]LogAudioMixer: Display: 0: FrontLeft
[2020.09.11-09.33.59:611][ 83]LogAudioMixer: Display: 1: FrontRight
[2020.09.11-09.34.00:580][104]LogTemp: Warning: Player Seen
[2020.09.11-09.34.00:581][104]LogTemp: Warning: PlayerCharacterBlueprint_C owned Teams: 0, 2
[2020.09.11-09.34.00:581][104]LogTemp: Warning: Player Seen
[2020.09.11-09.34.00:582][104]LogTemp: Warning: PlayerCharacterBlueprint_C owned Teams: 0, 2
[2020.09.11-09.34.00:582][104]LogTemp: Warning: Player Seen
[2020.09.11-09.34.00:582][104]LogTemp: Warning: PlayerCharacterBlueprint_C owned Teams: 0, 2
[2020.09.11-09.34.00:903][118]LogTemp: Warning: Player Lost
[2020.09.11-09.34.00:903][118]LogTemp: Warning: Player Lost
[2020.09.11-09.34.00:903][118]LogTemp: Warning: Player Lost
[2020.09.11-09.34.01:396][139]LogTemp: Display: At Node NavigationNode9
[2020.09.11-09.34.23:198][935]LogAssetEditorSubsystem: Opening Asset editor for BehaviorTree /Game/BT/EnemyBT.EnemyBT
[2020.09.11-09.34.23:375][935]LogSlate: Took 0.000291 seconds to synchronously load lazily loaded font '../../../Engine/Content/Slate/Fonts/Roboto-Light.ttf' (167K)
[2020.09.11-09.34.23:376][935]LogSlate: Took 0.000400 seconds to synchronously load lazily loaded font '../../../Engine/Content/Slate/Fonts/Roboto-BoldCondensed.ttf' (158K)
[2020.09.11-09.34.26:165][ 24]LogSlate: Window 'EnemyBT' being destroyed
[2020.09.11-09.34.30:502][282]LogAudioMixer: Display: No commands were queued while flushing the source manager.
[2020.09.11-09.34.30:503][282]LogAudioMixer: Display: No commands were queued while flushing the source manager.
[2020.09.11-09.34.30:507][282]LogSlate: Updating window title bar state: overlay mode, drag disabled, window buttons hidden, title bar hidden
[2020.09.11-09.34.30:508][282]LogWorld: BeginTearingDown for /Game/Levels/UEDPIE_0_TestingMap
[2020.09.11-09.34.30:509][282]LogAudioMixer: Display: No commands were queued while flushing the source manager.
[2020.09.11-09.34.30:509][282]LogWorld: UWorld::CleanupWorld for TestingMap, bSessionEnded=true, bCleanupResources=true
[2020.09.11-09.34.30:510][282]LogSlate: InvalidateAllWidgets triggered.  All widgets were invalidated
[2020.09.11-09.34.30:532][282]LogPlayLevel: Display: Shutting down PIE online subsystems
[2020.09.11-09.34.30:537][282]LogSlate: InvalidateAllWidgets triggered.  All widgets were invalidated
[2020.09.11-09.34.30:565][282]LogAudioMixer: Display: No commands were queued while flushing the source manager.
[2020.09.11-09.34.30:579][282]LogSlate: Updating window title bar state: overlay mode, drag disabled, window buttons hidden, title bar hidden
[2020.09.11-09.34.30:583][282]LogUObjectHash: Compacting FUObjectHashTables data took   2.22ms
[2020.09.11-09.34.30:603][283]LogPlayLevel: Display: Destroying online subsystem :Context_1
[2020.09.11-09.34.34:077][463]LogAssetEditorSubsystem: Opening Asset editor for Blueprint /Game/BT/BTT_GeneratePatrolPath.BTT_GeneratePatrolPath
[2020.09.11-09.34.34:344][463]LogContentBrowser: Native class hierarchy updated for 'BlueprintGraph' in 0.0009 seconds. Added 121 classes and 0 folders.
[2020.09.11-09.34.35:747][464]LogSlate: Took 0.000372 seconds to synchronously load lazily loaded font '../../../Engine/Content/Slate/Fonts/Roboto-Italic.ttf' (157K)
[2020.09.11-09.34.37:805][573]LogTemp: Repeating last play command: Selected Viewport
[2020.09.11-09.34.37:827][573]LogPlayLevel: PlayLevel: No blueprints needed recompiling
[2020.09.11-09.34.37:827][573]PIE: New page: PIE session: TestingMap (2020. 9. 12. 오전 5:34:37)
[2020.09.11-09.34.37:828][573]LogPlayLevel: Creating play world package: /Game/Levels/UEDPIE_0_TestingMap
[2020.09.11-09.34.37:862][573]LogPlayLevel: PIE: StaticDuplicateObject took: (0.034238s)
[2020.09.11-09.34.37:864][573]LogAIModule: Creating AISystem for world TestingMap
[2020.09.11-09.34.37:864][573]LogPlayLevel: PIE: World Init took: (0.002036s)
[2020.09.11-09.34.37:865][573]LogPlayLevel: PIE: Created PIE world by copying editor world from /Game/Levels/TestingMap.TestingMap to /Game/Levels/UEDPIE_0_TestingMap.TestingMap (0.037081s)
[2020.09.11-09.34.37:913][573]LogUObjectHash: Compacting FUObjectHashTables data took   5.21ms
[2020.09.11-09.34.37:915][573]LogAudioMixer: Display: Audio Mixer Platform Settings:
[2020.09.11-09.34.37:915][573]LogAudioMixer: Display: 	Sample Rate:						  48000
[2020.09.11-09.34.37:916][573]LogAudioMixer: Display: 	Callback Buffer Frame Size Requested: 1024
[2020.09.11-09.34.37:916][573]LogAudioMixer: Display: 	Callback Buffer Frame Size To Use:	  1024
[2020.09.11-09.34.37:916][573]LogAudioMixer: Display: 	Number of buffers to queue:			  2
[2020.09.11-09.34.37:916][573]LogAudioMixer: Display: 	Max Channels (voices):				  32
[2020.09.11-09.34.37:916][573]LogAudioMixer: Display: 	Number of Async Source Workers:		  0
[2020.09.11-09.34.37:916][573]LogAudio: Display: AudioDevice MaxSources: 32
[2020.09.11-09.34.37:917][573]LogAudio: Display: Using built-in audio occlusion.
[2020.09.11-09.34.37:917][573]LogAudioMixer: Display: Initializing audio mixer.
[2020.09.11-09.34.38:341][573]LogAudioMixer: Display: Audio Device Output Speaker Info:
[2020.09.11-09.34.38:341][573]LogAudioMixer: Display: Name: 스피커(iFi (by AMR) HD USB Audio)
[2020.09.11-09.34.38:341][573]LogAudioMixer: Display: Is Default: Yes
[2020.09.11-09.34.38:341][573]LogAudioMixer: Display: Sample Rate: 48000
[2020.09.11-09.34.38:341][573]LogAudioMixer: Display: Channel Count Used: 2
[2020.09.11-09.34.38:341][573]LogAudioMixer: Display: Device Channel Count: 2
[2020.09.11-09.34.38:342][573]LogAudioMixer: Display: Channel Order:
[2020.09.11-09.34.38:342][573]LogAudioMixer: Display: 0: FrontLeft
[2020.09.11-09.34.38:342][573]LogAudioMixer: Display: 1: FrontRight
[2020.09.11-09.34.38:857][573]LogAudioMixer: Display: Using Audio Device 스피커(iFi (by AMR) HD USB Audio)
[2020.09.11-09.34.38:866][573]LogInit: FAudioDevice initialized.
[2020.09.11-09.34.38:945][573]LogSlate: Updating window title bar state: overlay mode, drag disabled, window buttons hidden, title bar hidden
[2020.09.11-09.34.38:946][573]LogLoad: Game class is 'AdvGamesProgrammingGameModeBase'
[2020.09.11-09.34.38:951][573]LogWorld: Bringing World /Game/Levels/UEDPIE_0_TestingMap.TestingMap up for play (max tick rate 60) at 2020.09.11-19.34.38
[2020.09.11-09.34.38:952][573]LogWorld: Bringing up level for play took: 0.005392
[2020.09.11-09.34.38:953][573]LogOnline: OSS: Creating online subsystem instance for: :Context_3
[2020.09.11-09.34.38:964][573]LogTemp: Warning: X=1000.000 Y=-250.000 Z=50.000
[2020.09.11-09.34.38:970][573]PIE: Play in editor start time for /Game/Levels/UEDPIE_0_TestingMap 1.577
[2020.09.11-09.34.39:444][576]LogTemp: Display: At Node NavigationNode13
[2020.09.11-09.34.39:462][577]LogTemp: Display: At Node NavigationNode13
[2020.09.11-09.34.40:137][607]LogTemp: Warning: Player Seen
[2020.09.11-09.34.40:138][607]LogTemp: Warning: PlayerCharacterBlueprint_C owned Teams: 0, 2
[2020.09.11-09.34.40:138][607]LogTemp: Warning: Player Seen
[2020.09.11-09.34.40:139][607]LogTemp: Warning: PlayerCharacterBlueprint_C owned Teams: 0, 2
[2020.09.11-09.34.40:139][607]LogTemp: Warning: Player Seen
[2020.09.11-09.34.40:139][607]LogTemp: Warning: PlayerCharacterBlueprint_C owned Teams: 0, 2
[2020.09.11-09.34.40:461][624]LogTemp: Warning: Player Lost
[2020.09.11-09.34.40:462][624]LogTemp: Warning: Player Lost
[2020.09.11-09.34.40:462][624]LogTemp: Warning: Player Lost
[2020.09.11-09.34.41:372][628]LogTemp: Display: At Node NavigationNode9
[2020.09.11-09.34.41:449][629]LogTemp: Display: At Node NavigationNode9
[2020.09.11-09.34.42:967][706]LogTemp: Display: At Node NavigationNode13
[2020.09.11-09.34.48:491][996]LogAudioMixer: Display: No commands were queued while flushing the source manager.
[2020.09.11-09.34.48:491][996]LogAudioMixer: Display: No commands were queued while flushing the source manager.
[2020.09.11-09.34.48:497][996]LogSlate: Updating window title bar state: overlay mode, drag disabled, window buttons hidden, title bar hidden
[2020.09.11-09.34.48:497][996]LogWorld: BeginTearingDown for /Game/Levels/UEDPIE_0_TestingMap
[2020.09.11-09.34.48:513][996]LogSlate: Window 'AdvGamesProgramming Game Preview Standalone (64-bit/PCD3D_SM5)' being destroyed
[2020.09.11-09.34.48:517][996]LogAudioMixer: Display: No commands were queued while flushing the source manager.
[2020.09.11-09.34.48:518][996]LogWorld: UWorld::CleanupWorld for TestingMap, bSessionEnded=true, bCleanupResources=true
[2020.09.11-09.34.48:519][996]LogSlate: InvalidateAllWidgets triggered.  All widgets were invalidated
[2020.09.11-09.34.48:552][996]LogPlayLevel: Display: Shutting down PIE online subsystems
[2020.09.11-09.34.48:563][996]LogSlate: InvalidateAllWidgets triggered.  All widgets were invalidated
[2020.09.11-09.34.48:628][996]LogAudioMixer: Display: No commands were queued while flushing the source manager.
[2020.09.11-09.34.48:665][996]LogUObjectHash: Compacting FUObjectHashTables data took   7.78ms
[2020.09.11-09.34.48:710][997]LogPlayLevel: Display: Destroying online subsystem :Context_3
[2020.09.11-09.34.49:358][ 26]LogAssetEditorSubsystem: Opening Asset editor for Blueprint /Game/BT/BTT_CalKillApprox.BTT_CalKillApprox
[2020.09.11-09.35.07:847][911]BlueprintLog: New page: Compile BTT_CalKillApprox
[2020.09.11-09.35.08:280][911]LogUObjectHash: Compacting FUObjectHashTables data took   4.85ms
[2020.09.11-09.35.09:649][976]LogTemp: Repeating last play command: Selected Viewport
[2020.09.11-09.35.09:683][976]LogPlayLevel: PlayLevel: No blueprints needed recompiling
[2020.09.11-09.35.09:684][976]PIE: New page: PIE session: TestingMap (2020. 9. 12. 오전 5:35:09)
[2020.09.11-09.35.09:684][976]LogPlayLevel: Creating play world package: /Game/Levels/UEDPIE_0_TestingMap
[2020.09.11-09.35.09:734][976]LogPlayLevel: PIE: StaticDuplicateObject took: (0.049692s)
[2020.09.11-09.35.09:736][976]LogAIModule: Creating AISystem for world TestingMap
[2020.09.11-09.35.09:736][976]LogPlayLevel: PIE: World Init took: (0.002080s)
[2020.09.11-09.35.09:736][976]LogPlayLevel: PIE: Created PIE world by copying editor world from /Game/Levels/TestingMap.TestingMap to /Game/Levels/UEDPIE_0_TestingMap.TestingMap (0.052426s)
[2020.09.11-09.35.09:803][976]LogUObjectHash: Compacting FUObjectHashTables data took   8.10ms
[2020.09.11-09.35.09:805][976]LogAudioMixer: Display: Audio Mixer Platform Settings:
[2020.09.11-09.35.09:805][976]LogAudioMixer: Display: 	Sample Rate:						  48000
[2020.09.11-09.35.09:805][976]LogAudioMixer: Display: 	Callback Buffer Frame Size Requested: 1024
[2020.09.11-09.35.09:805][976]LogAudioMixer: Display: 	Callback Buffer Frame Size To Use:	  1024
[2020.09.11-09.35.09:806][976]LogAudioMixer: Display: 	Number of buffers to queue:			  2
[2020.09.11-09.35.09:806][976]LogAudioMixer: Display: 	Max Channels (voices):				  32
[2020.09.11-09.35.09:806][976]LogAudioMixer: Display: 	Number of Async Source Workers:		  0
[2020.09.11-09.35.09:806][976]LogAudio: Display: AudioDevice MaxSources: 32
[2020.09.11-09.35.09:807][976]LogAudio: Display: Using built-in audio occlusion.
[2020.09.11-09.35.09:807][976]LogAudioMixer: Display: Initializing audio mixer.
[2020.09.11-09.35.10:239][976]LogAudioMixer: Display: Audio Device Output Speaker Info:
[2020.09.11-09.35.10:239][976]LogAudioMixer: Display: Name: 스피커(iFi (by AMR) HD USB Audio)
[2020.09.11-09.35.10:239][976]LogAudioMixer: Display: Is Default: Yes
[2020.09.11-09.35.10:239][976]LogAudioMixer: Display: Sample Rate: 48000
[2020.09.11-09.35.10:239][976]LogAudioMixer: Display: Channel Count Used: 2
[2020.09.11-09.35.10:239][976]LogAudioMixer: Display: Device Channel Count: 2
[2020.09.11-09.35.10:240][976]LogAudioMixer: Display: Channel Order:
[2020.09.11-09.35.10:240][976]LogAudioMixer: Display: 0: FrontLeft
[2020.09.11-09.35.10:240][976]LogAudioMixer: Display: 1: FrontRight
[2020.09.11-09.35.10:741][976]LogAudioMixer: Display: Using Audio Device 스피커(iFi (by AMR) HD USB Audio)
[2020.09.11-09.35.10:749][976]LogInit: FAudioDevice initialized.
[2020.09.11-09.35.10:818][976]LogSlate: Updating window title bar state: overlay mode, drag disabled, window buttons hidden, title bar hidden
[2020.09.11-09.35.10:819][976]LogLoad: Game class is 'AdvGamesProgrammingGameModeBase'
[2020.09.11-09.35.10:826][976]LogWorld: Bringing World /Game/Levels/UEDPIE_0_TestingMap.TestingMap up for play (max tick rate 60) at 2020.09.11-19.35.10
[2020.09.11-09.35.10:827][976]LogWorld: Bringing up level for play took: 0.004991
[2020.09.11-09.35.10:827][976]LogOnline: OSS: Creating online subsystem instance for: :Context_5
[2020.09.11-09.35.10:839][976]LogTemp: Warning: X=1000.000 Y=-250.000 Z=50.000
[2020.09.11-09.35.10:847][976]PIE: Play in editor start time for /Game/Levels/UEDPIE_0_TestingMap 1.454
[2020.09.11-09.35.11:375][979]LogTemp: Display: At Node NavigationNode14
[2020.09.11-09.35.11:387][980]LogTemp: Display: At Node NavigationNode14
[2020.09.11-09.35.12:842][ 48]LogTemp: Display: At Node NavigationNode10
[2020.09.11-09.35.14:602][ 90]LogTemp: Display: At Node NavigationNode12
[2020.09.11-09.35.16:230][174]LogTemp: Display: At Node NavigationNode9
[2020.09.11-09.35.17:689][251]LogTemp: Display: At Node NavigationNode13
[2020.09.11-09.35.17:711][252]LogTemp: Display: At Node NavigationNode13
[2020.09.11-09.35.18:246][281]LogTemp: Warning: Player Seen
[2020.09.11-09.35.18:246][281]LogTemp: Warning: PlayerCharacterBlueprint_C owned Teams: 0, 2
[2020.09.11-09.35.18:246][281]LogTemp: Warning: Player Seen
[2020.09.11-09.35.18:247][281]LogTemp: Warning: PlayerCharacterBlueprint_C owned Teams: 0, 2
[2020.09.11-09.35.18:247][281]LogTemp: Warning: Player Seen
[2020.09.11-09.35.18:247][281]LogTemp: Warning: PlayerCharacterBlueprint_C owned Teams: 0, 2
[2020.09.11-09.35.18:560][295]LogTemp: Warning: Player Lost
[2020.09.11-09.35.18:560][295]LogTemp: Warning: Player Lost
[2020.09.11-09.35.18:560][295]LogTemp: Warning: Player Lost
[2020.09.11-09.35.19:065][321]LogTemp: Display: At Node NavigationNode9
[2020.09.11-09.35.19:854][362]LogTemp: Warning: Player Seen
[2020.09.11-09.35.19:854][362]LogTemp: Warning: PlayerCharacterBlueprint_C owned Teams: 0, 2
[2020.09.11-09.35.19:854][362]LogTemp: Warning: Player Seen
[2020.09.11-09.35.19:854][362]LogTemp: Warning: PlayerCharacterBlueprint_C owned Teams: 0, 2
[2020.09.11-09.35.19:855][362]LogTemp: Warning: Player Seen
[2020.09.11-09.35.19:855][362]LogTemp: Warning: PlayerCharacterBlueprint_C owned Teams: 0, 2
[2020.09.11-09.35.20:532][396]LogTemp: Display: At Node NavigationNode12
[2020.09.11-09.35.22:564][501]LogTemp: Warning: Player Lost
[2020.09.11-09.35.22:565][501]LogTemp: Warning: Player Lost
[2020.09.11-09.35.22:565][501]LogTemp: Warning: Player Lost
[2020.09.11-09.35.23:999][571]LogTemp: Display: At Node NavigationNode11_13
[2020.09.11-09.35.24:019][572]LogTemp: Display: At Node NavigationNode11_13
[2020.09.11-09.35.26:150][677]LogTemp: Display: At Node NavigationNode7
[2020.09.11-09.35.27:685][751]LogTemp: Display: At Node NavigationNode_6
[2020.09.11-09.35.27:705][752]LogTemp: Display: At Node NavigationNode_6
[2020.09.11-09.35.28:166][774]LogTemp: Warning: Player Seen
[2020.09.11-09.35.28:166][774]LogTemp: Warning: PlayerCharacterBlueprint_C owned Teams: 0, 2
[2020.09.11-09.35.28:166][774]LogTemp: Warning: Player Seen
[2020.09.11-09.35.28:166][774]LogTemp: Warning: PlayerCharacterBlueprint_C owned Teams: 0, 2
[2020.09.11-09.35.28:167][774]LogTemp: Warning: Player Seen
[2020.09.11-09.35.28:167][774]LogTemp: Warning: PlayerCharacterBlueprint_C owned Teams: 0, 2
[2020.09.11-09.35.28:745][801]LogTemp: Warning: Player Lost
[2020.09.11-09.35.28:746][801]LogTemp: Warning: Player Lost
[2020.09.11-09.35.28:746][801]LogTemp: Warning: Player Lost
[2020.09.11-09.35.28:974][812]LogTemp: Warning: Player Seen
[2020.09.11-09.35.28:974][812]LogTemp: Warning: PlayerCharacterBlueprint_C owned Teams: 0, 2
[2020.09.11-09.35.28:974][812]LogTemp: Warning: Player Seen
[2020.09.11-09.35.28:974][812]LogTemp: Warning: PlayerCharacterBlueprint_C owned Teams: 0, 2
[2020.09.11-09.35.28:974][812]LogTemp: Warning: Player Seen
[2020.09.11-09.35.28:975][812]LogTemp: Warning: PlayerCharacterBlueprint_C owned Teams: 0, 2
[2020.09.11-09.35.29:500][837]LogTemp: Display: At Node NavigationNode14
[2020.09.11-09.35.29:520][838]LogTemp: Display: At Node NavigationNode14
[2020.09.11-09.35.30:909][902]LogTemp: Warning: Player Lost
[2020.09.11-09.35.30:909][902]LogTemp: Warning: Player Lost
[2020.09.11-09.35.30:909][902]LogTemp: Warning: Player Lost
[2020.09.11-09.35.31:066][909]LogTemp: Display: At Node NavigationNode10
[2020.09.11-09.35.32:447][973]LogTemp: Display: At Node NavigationNode12
[2020.09.11-09.35.33:438][ 20]LogAudioMixer: Display: No commands were queued while flushing the source manager.
[2020.09.11-09.35.33:439][ 20]LogAudioMixer: Display: No commands were queued while flushing the source manager.
[2020.09.11-09.35.33:446][ 20]LogSlate: Updating window title bar state: overlay mode, drag disabled, window buttons hidden, title bar hidden
[2020.09.11-09.35.33:446][ 20]LogWorld: BeginTearingDown for /Game/Levels/UEDPIE_0_TestingMap
[2020.09.11-09.35.33:460][ 20]LogSlate: Window 'AdvGamesProgramming Game Preview Standalone (64-bit/PCD3D_SM5)' being destroyed
[2020.09.11-09.35.33:488][ 20]LogAudioMixer: Display: No commands were queued while flushing the source manager.
[2020.09.11-09.35.33:488][ 20]LogWorld: UWorld::CleanupWorld for TestingMap, bSessionEnded=true, bCleanupResources=true
[2020.09.11-09.35.33:490][ 20]LogSlate: InvalidateAllWidgets triggered.  All widgets were invalidated
[2020.09.11-09.35.33:522][ 20]LogPlayLevel: Display: Shutting down PIE online subsystems
[2020.09.11-09.35.33:528][ 20]LogSlate: InvalidateAllWidgets triggered.  All widgets were invalidated
[2020.09.11-09.35.33:588][ 20]LogAudioMixer: Display: No commands were queued while flushing the source manager.
[2020.09.11-09.35.33:616][ 20]LogUObjectHash: Compacting FUObjectHashTables data took   5.42ms
[2020.09.11-09.35.33:639][ 21]LogPlayLevel: Display: Destroying online subsystem :Context_5
[2020.09.11-09.35.40:653][392]LogUObjectHash: Compacting FUObjectHashTables data took   1.49ms
[2020.09.11-09.35.41:395][392]LogSlate: Window 'Save Content' being destroyed
[2020.09.11-09.35.41:460][392]Cmd: OBJ SAVEPACKAGE PACKAGE="/Game/BT/BTT_CalKillApprox" FILE="../../../../../../Users/wlsgn/Documents/Unreal Projects/Proj/AdvGamesProgramming/GameFiles/Content/BT/BTT_CalKillApprox.uasset" SILENT=true
[2020.09.11-09.35.41:495][392]LogSavePackage: Moving '../../../../../../Users/wlsgn/Documents/Unreal Projects/Proj/AdvGamesProgramming/GameFiles/Saved/BTT_CalKillApproxE67805FD489B573CA4CD46A76E05EDC6.tmp' to '../../../../../../Users/wlsgn/Documents/Unreal Projects/Proj/AdvGamesProgramming/GameFiles/Content/BT/BTT_CalKillApprox.uasset'
[2020.09.11-09.35.41:544][392]AssetCheck: New page: Asset Save: BTT_CalKillApprox
[2020.09.11-09.35.41:544][392]LogContentValidation: Display: Validating Blueprint /Game/BT/BTT_CalKillApprox.BTT_CalKillApprox
[2020.09.11-09.36.16:776][891]LogAssetEditorSubsystem: Opening Asset editor for Blueprint /Game/BT/BTT_MoveAlongPath.BTT_MoveAlongPath
[2020.09.11-09.36.39:922][826]BlueprintLog: New page: Compile BTT_MoveAlongPath
[2020.09.11-09.36.40:369][826]LogUObjectHash: Compacting FUObjectHashTables data took   6.71ms
[2020.09.11-09.36.43:907][903]LogEditorTransaction: Undo Create Pin Link
[2020.09.11-09.36.44:365][914]LogEditorTransaction: Undo Remove Variable
[2020.09.11-09.36.44:768][934]LogEditorTransaction: Undo Delete current selection
[2020.09.11-09.36.45:541][978]LogEditorTransaction: Undo Create Pin Link
[2020.09.11-09.36.45:989][  4]LogEditorTransaction: Undo Move Node
[2020.09.11-09.36.46:387][ 27]LogEditorTransaction: Undo Add Node
[2020.09.11-09.36.46:870][ 55]LogEditorTransaction: Undo Delete current selection
[2020.09.11-09.37.24:844][245]BlueprintLog: New page: Compile BTT_MoveAlongPath
[2020.09.11-09.37.25:211][245]LogUObjectHash: Compacting FUObjectHashTables data took   4.80ms
[2020.09.11-09.37.33:664][646]Cmd: OBJ SAVEPACKAGE PACKAGE="/Game/BT/BTT_MoveAlongPath" FILE="../../../../../../Users/wlsgn/Documents/Unreal Projects/Proj/AdvGamesProgramming/GameFiles/Content/BT/BTT_MoveAlongPath.uasset" SILENT=true
[2020.09.11-09.37.33:694][646]LogSavePackage: Moving '../../../../../../Users/wlsgn/Documents/Unreal Projects/Proj/AdvGamesProgramming/GameFiles/Saved/BTT_MoveAlongPathB33ACC9745AA200F93DA9FA297224263.tmp' to '../../../../../../Users/wlsgn/Documents/Unreal Projects/Proj/AdvGamesProgramming/GameFiles/Content/BT/BTT_MoveAlongPath.uasset'
[2020.09.11-09.37.33:769][646]AssetCheck: New page: Asset Save: BTT_MoveAlongPath
[2020.09.11-09.37.33:769][646]LogContentValidation: Display: Validating Blueprint /Game/BT/BTT_MoveAlongPath.BTT_MoveAlongPath
[2020.09.11-09.37.36:996][799]LogUObjectHash: Compacting FUObjectHashTables data took   4.51ms
[2020.09.11-09.37.38:404][859]LogUObjectHash: Compacting FUObjectHashTables data took   1.16ms
