Log file open, 09/11/20 16:25:59
LogWindows: Failed to load 'aqProf.dll' (GetLastError=126)
LogWindows: File 'aqProf.dll' does not exist
LogWindows: Failed to load 'VtuneApi.dll' (GetLastError=126)
LogWindows: File 'VtuneApi.dll' does not exist
LogWindows: Failed to load 'VtuneApi32e.dll' (GetLastError=126)
LogWindows: File 'VtuneApi32e.dll' does not exist
LogConsoleResponse: Display: Failed to find resolution value strings in scalability ini. Falling back to default.
LogInit: Display: Running engine for game: AdvGamesProgramming
LogPlatformFile: Not using cached read wrapper
LogTaskGraph: Started task graph with 5 named threads and 23 total threads with 3 sets of task threads.
LogStats: Stats thread started at 0.158032
LogD3D11RHI: Loaded GFSDK_Aftermath_Lib.x64.dll
LogICUInternationalization: ICU TimeZone Detection - Raw Offset: +10:00, Platform Override: ''
LogPluginManager: Mounting plugin Paper2D
LogPluginManager: Mounting plugin AISupport
LogPluginManager: Mounting plugin LightPropagationVolume
LogPluginManager: Mounting plugin ActorLayerUtilities
LogPluginManager: Mounting plugin AnimationSharing
LogPluginManager: Mounting plugin CLionSourceCodeAccess
LogPluginManager: Mounting plugin CodeLiteSourceCodeAccess
LogPluginManager: Mounting plugin GitSourceControl
LogPluginManager: Mounting plugin KDevelopSourceCodeAccess
LogPluginManager: Mounting plugin NullSourceCodeAccess
LogPluginManager: Mounting plugin PerforceSourceControl
LogPluginManager: Mounting plugin PlasticSourceControl
LogPluginManager: Mounting plugin SubversionSourceControl
LogPluginManager: Mounting plugin UObjectPlugin
LogPluginManager: Mounting plugin VisualStudioCodeSourceCodeAccess
LogPluginManager: Mounting plugin VisualStudioSourceCodeAccess
LogPluginManager: Mounting plugin XCodeSourceCodeAccess
LogPluginManager: Mounting plugin AssetManagerEditor
LogPluginManager: Mounting plugin CryptoKeys
LogPluginManager: Mounting plugin CurveEditorTools
LogPluginManager: Mounting plugin DataValidation
LogPluginManager: Mounting plugin FacialAnimation
LogPluginManager: Mounting plugin GameplayTagsEditor
LogPluginManager: Mounting plugin MacGraphicsSwitching
LogPluginManager: Mounting plugin MaterialAnalyzer
LogPluginManager: Mounting plugin MobileLauncherProfileWizard
LogPluginManager: Mounting plugin PluginBrowser
LogPluginManager: Mounting plugin SpeedTreeImporter
LogPluginManager: Mounting plugin DatasmithContent
LogPluginManager: Mounting plugin VariantManagerContent
LogPluginManager: Mounting plugin AlembicImporter
LogPluginManager: Mounting plugin AutomationUtils
LogPluginManager: Mounting plugin BackChannel
LogPluginManager: Mounting plugin CharacterAI
LogPluginManager: Mounting plugin GeometryCache
LogPluginManager: Mounting plugin PlatformCrypto
LogPluginManager: Mounting plugin ProxyLODPlugin
LogPluginManager: Mounting plugin SkeletalReduction
LogPluginManager: Mounting plugin MagicLeap
LogPluginManager: Mounting plugin MagicLeapMedia
LogPluginManager: Mounting plugin MLSDK
LogPluginManager: Mounting plugin AndroidMedia
LogPluginManager: Mounting plugin AvfMedia
LogPluginManager: Mounting plugin ImgMedia
LogPluginManager: Mounting plugin MediaCompositing
LogPluginManager: Mounting plugin MediaPlayerEditor
LogPluginManager: Mounting plugin WebMMedia
LogPluginManager: Mounting plugin WmfMedia
LogPluginManager: Mounting plugin TcpMessaging
LogPluginManager: Mounting plugin UdpMessaging
LogPluginManager: Mounting plugin ActorSequence
LogPluginManager: Mounting plugin LevelSequenceEditor
LogPluginManager: Mounting plugin MatineeToLevelSequence
LogPluginManager: Mounting plugin NetcodeUnitTest
LogPluginManager: Mounting plugin NUTUnrealEngine4
LogPluginManager: Mounting plugin OnlineSubsystemGooglePlay
LogPluginManager: Mounting plugin OnlineSubsystemIOS
LogPluginManager: Mounting plugin OnlineSubsystem
LogPluginManager: Mounting plugin OnlineSubsystemNull
LogPluginManager: Mounting plugin OnlineSubsystemUtils
LogPluginManager: Mounting plugin LauncherChunkInstaller
LogPluginManager: Mounting plugin AndroidDeviceProfileSelector
LogPluginManager: Mounting plugin AndroidMoviePlayer
LogPluginManager: Mounting plugin AndroidPermission
LogPluginManager: Mounting plugin AppleImageUtils
LogPluginManager: Mounting plugin AppleMoviePlayer
LogPluginManager: Mounting plugin ArchVisCharacter
LogPluginManager: Mounting plugin AssetTags
LogPluginManager: Mounting plugin AudioCapture
LogPluginManager: Mounting plugin CableComponent
LogPluginManager: Mounting plugin CustomMeshComponent
LogPluginManager: Mounting plugin EditableMesh
LogPluginManager: Mounting plugin ExampleDeviceProfileSelector
LogPluginManager: Mounting plugin GoogleCloudMessaging
LogPluginManager: Mounting plugin IOSDeviceProfileSelector
LogPluginManager: Mounting plugin LinuxDeviceProfileSelector
LogPluginManager: Mounting plugin LocationServicesBPLibrary
LogPluginManager: Mounting plugin MobilePatchingUtils
LogPluginManager: Mounting plugin PhysXVehicles
LogPluginManager: Mounting plugin PostSplashScreen
LogPluginManager: Mounting plugin ProceduralMeshComponent
LogPluginManager: Mounting plugin RuntimePhysXCooking
LogPluginManager: Mounting plugin SignificanceManager
LogPluginManager: Mounting plugin WebMMoviePlayer
LogPluginManager: Mounting plugin WindowsMoviePlayer
LogPluginManager: Mounting plugin ScreenshotTools
LogInit: Using libcurl 7.55.1-DEV
LogInit:  - built for x86_64-pc-win32
LogInit:  - supports SSL with OpenSSL/1.1.1
LogInit:  - supports HTTP deflate (compression) using libz 1.2.8
LogInit:  - other features:
LogInit:      CURL_VERSION_SSL
LogInit:      CURL_VERSION_LIBZ
LogInit:      CURL_VERSION_IPV6
LogInit:      CURL_VERSION_ASYNCHDNS
LogInit:      CURL_VERSION_LARGEFILE
LogInit:      CURL_VERSION_IDN
LogInit:  CurlRequestOptions (configurable via config and command line):
LogInit:  - bVerifyPeer = true  - Libcurl will verify peer certificate
LogInit:  - bUseHttpProxy = false  - Libcurl will NOT use HTTP proxy
LogInit:  - bDontReuseConnections = false  - Libcurl will reuse connections
LogInit:  - MaxHostConnections = 16  - Libcurl will limit the number of connections to a host
LogInit:  - LocalHostAddr = Default
LogInit:  - BufferSize = 65536
LogOnline: OSS: Creating online subsystem instance for: NULL
LogInit: WinSock: version 1.1 (2.2), MaxSocks=32767, MaxUdp=65467
LogOnline: OSS: TryLoadSubsystemAndSetDefault: Loaded subsystem for module [NULL]
LogInit: Build: ++UE4+Release-4.24-CL-11590370
LogInit: Engine Version: 4.24.3-11590370+++UE4+Release-4.24
LogInit: Compatible Engine Version: 4.24.0-10570792+++UE4+Release-4.24
LogInit: Net CL: 10570792
LogInit: OS: Windows 10 (Release 1903) (), CPU: Intel(R) Core(TM) i7-6700HQ CPU @ 2.60GHz, GPU: Intel(R) HD Graphics 530
LogInit: Compiled (64-bit): Feb 24 2020 15:39:18
LogInit: Compiled with Visual C++: 19.16.27032.01
LogInit: Build Configuration: Development
LogInit: Branch Name: ++UE4+Release-4.24
LogInit: Command Line: 
LogInit: Base Directory: C:/Program Files/Epic Games/UE_4.24/Engine/Binaries/Win64/
LogInit: Installed Engine Build: 1
LogDevObjectVersion: Number of dev versions registered: 25
LogDevObjectVersion:   Dev-Blueprints (B0D832E4-1F89-4F0D-ACCF-7EB736FD4AA2): 10
LogDevObjectVersion:   Dev-Build (E1C64328-A22C-4D53-A36C-8E866417BD8C): 0
LogDevObjectVersion:   Dev-Core (375EC13C-06E4-48FB-B500-84F0262A717E): 3
LogDevObjectVersion:   Dev-Editor (E4B068ED-F494-42E9-A231-DA0B2E46BB41): 37
LogDevObjectVersion:   Dev-Framework (CFFC743F-43B0-4480-9391-14DF171D2073): 36
LogDevObjectVersion:   Dev-Mobile (B02B49B5-BB20-44E9-A304-32B752E40360): 2
LogDevObjectVersion:   Dev-Networking (A4E4105C-59A1-49B5-A7C5-40C4547EDFEE): 0
LogDevObjectVersion:   Dev-Online (39C831C9-5AE6-47DC-9A44-9C173E1C8E7C): 0
LogDevObjectVersion:   Dev-Physics (78F01B33-EBEA-4F98-B9B4-84EACCB95AA2): 2
LogDevObjectVersion:   Dev-Platform (6631380F-2D4D-43E0-8009-CF276956A95A): 0
LogDevObjectVersion:   Dev-Rendering (12F88B9F-8875-4AFC-A67C-D90C383ABD29): 36
LogDevObjectVersion:   Dev-Sequencer (7B5AE74C-D270-4C10-A958-57980B212A5A): 11
LogDevObjectVersion:   Dev-VR (D7296918-1DD6-4BDD-9DE2-64A83CC13884): 2
LogDevObjectVersion:   Dev-LoadTimes (C2A15278-BFE7-4AFE-6C17-90FF531DF755): 1
LogDevObjectVersion:   Private-Geometry (6EACA3D4-40EC-4CC1-B786-8BED09428FC5): 3
LogDevObjectVersion:   Dev-AnimPhys (29E575DD-E0A3-4627-9D10-D276232CDCEA): 17
LogDevObjectVersion:   Dev-Anim (AF43A65D-7FD3-4947-9873-3E8ED9C1BB05): 2
LogDevObjectVersion:   Dev-ReflectionCapture (6B266CEC-1EC7-4B8F-A30B-E4D90942FC07): 1
LogDevObjectVersion:   Dev-Automation (0DF73D61-A23F-47EA-B727-89E90C41499A): 1
LogDevObjectVersion:   FortniteMain (601D1886-AC64-4F84-AA16-D3DE0DEAC7D6): 31
LogDevObjectVersion:   Dev-Enterprise (9DFFBCD6-494F-0158-E221-12823C92A888): 8
LogDevObjectVersion:   Dev-Niagara (F2AED0AC-9AFE-416F-8664-AA7FFA26D6FC): 1
LogDevObjectVersion:   Dev-Destruction (174F1F0B-B4C6-45A5-B13F-2EE8D0FB917D): 9
LogDevObjectVersion:   Dev-Physics-Ext (35F94A83-E258-406C-A318-09F59610247C): 8
LogDevObjectVersion:   Dev-CineCamera (B2E18506-4273-CFC2-A54E-F4BB758BBA07): 1
LogInit: Presizing for max 25165824 objects, including 0 objects not considered by GC, pre-allocating 0 bytes for permanent pool.
LogInit: Object subsystem initialized
LogConfig: Setting CVar [[con.DebugEarlyDefault:1]]
LogConfig: Setting CVar [[r.setres:1280x720]]
[2020.09.11-06.26.00:337][  0]LogConfig: Setting CVar [[r.VSync:0]]
[2020.09.11-06.26.00:337][  0]LogConfig: Setting CVar [[r.RHICmdBypass:0]]
[2020.09.11-06.26.00:337][  0]LogConfig: Applying CVar settings from Section [/Script/Engine.RendererSettings] File [C:/Users/Pog/Documents/School/Year 4/Sem 2/AdvancedGames/Assignment 2/Git/AdvGamesProgramming/GameFiles/Saved/Config/Windows/Engine.ini]
[2020.09.11-06.26.00:337][  0]LogConfig: Setting CVar [[r.GPUCrashDebugging:0]]
[2020.09.11-06.26.00:337][  0]LogConfig: Applying CVar settings from Section [/Script/Engine.RendererOverrideSettings] File [C:/Users/Pog/Documents/School/Year 4/Sem 2/AdvancedGames/Assignment 2/Git/AdvGamesProgramming/GameFiles/Saved/Config/Windows/Engine.ini]
[2020.09.11-06.26.00:337][  0]LogConfig: Applying CVar settings from Section [/Script/Engine.StreamingSettings] File [C:/Users/Pog/Documents/School/Year 4/Sem 2/AdvancedGames/Assignment 2/Git/AdvGamesProgramming/GameFiles/Saved/Config/Windows/Engine.ini]
[2020.09.11-06.26.00:337][  0]LogConfig: Setting CVar [[s.MinBulkDataSizeForAsyncLoading:131072]]
[2020.09.11-06.26.00:337][  0]LogConfig: Setting CVar [[s.AsyncLoadingThreadEnabled:0]]
[2020.09.11-06.26.00:337][  0]LogConfig: Setting CVar [[s.EventDrivenLoaderEnabled:1]]
[2020.09.11-06.26.00:337][  0]LogConfig: Setting CVar [[s.WarnIfTimeLimitExceeded:0]]
[2020.09.11-06.26.00:338][  0]LogConfig: Setting CVar [[s.TimeLimitExceededMultiplier:1.5]]
[2020.09.11-06.26.00:338][  0]LogConfig: Setting CVar [[s.TimeLimitExceededMinTime:0.005]]
[2020.09.11-06.26.00:338][  0]LogConfig: Setting CVar [[s.UseBackgroundLevelStreaming:1]]
[2020.09.11-06.26.00:338][  0]LogConfig: Setting CVar [[s.PriorityAsyncLoadingExtraTime:15.0]]
[2020.09.11-06.26.00:338][  0]LogConfig: Setting CVar [[s.LevelStreamingActorsUpdateTimeLimit:5.0]]
[2020.09.11-06.26.00:338][  0]LogConfig: Setting CVar [[s.PriorityLevelStreamingActorsUpdateExtraTime:5.0]]
[2020.09.11-06.26.00:338][  0]LogConfig: Setting CVar [[s.LevelStreamingComponentsRegistrationGranularity:10]]
[2020.09.11-06.26.00:338][  0]LogConfig: Setting CVar [[s.UnregisterComponentsTimeLimit:1.0]]
[2020.09.11-06.26.00:338][  0]LogConfig: Setting CVar [[s.LevelStreamingComponentsUnregistrationGranularity:5]]
[2020.09.11-06.26.00:338][  0]LogConfig: Setting CVar [[s.FlushStreamingOnExit:1]]
[2020.09.11-06.26.00:338][  0]LogConfig: Applying CVar settings from Section [/Script/Engine.GarbageCollectionSettings] File [C:/Users/Pog/Documents/School/Year 4/Sem 2/AdvancedGames/Assignment 2/Git/AdvGamesProgramming/GameFiles/Saved/Config/Windows/Engine.ini]
[2020.09.11-06.26.00:338][  0]LogConfig: Setting CVar [[gc.MaxObjectsNotConsideredByGC:1]]
[2020.09.11-06.26.00:338][  0]LogConfig: Setting CVar [[gc.SizeOfPermanentObjectPool:0]]
[2020.09.11-06.26.00:338][  0]LogConfig: Setting CVar [[gc.FlushStreamingOnGC:0]]
[2020.09.11-06.26.00:338][  0]LogConfig: Setting CVar [[gc.NumRetriesBeforeForcingGC:10]]
[2020.09.11-06.26.00:338][  0]LogConfig: Setting CVar [[gc.AllowParallelGC:1]]
[2020.09.11-06.26.00:338][  0]LogConfig: Setting CVar [[gc.TimeBetweenPurgingPendingKillObjects:61.1]]
[2020.09.11-06.26.00:338][  0]LogConfig: Setting CVar [[gc.MaxObjectsInEditor:25165824]]
[2020.09.11-06.26.00:338][  0]LogConfig: Setting CVar [[gc.IncrementalBeginDestroyEnabled:1]]
[2020.09.11-06.26.00:338][  0]LogConfig: Setting CVar [[gc.CreateGCClusters:1]]
[2020.09.11-06.26.00:338][  0]LogConfig: Setting CVar [[gc.MinGCClusterSize:5]]
[2020.09.11-06.26.00:338][  0]LogConfig: Setting CVar [[gc.ActorClusteringEnabled:0]]
[2020.09.11-06.26.00:338][  0]LogConfig: Setting CVar [[gc.BlueprintClusteringEnabled:0]]
[2020.09.11-06.26.00:338][  0]LogConfig: Setting CVar [[gc.UseDisregardForGCOnDedicatedServers:0]]
[2020.09.11-06.26.00:338][  0]LogConfig: Applying CVar settings from Section [/Script/Engine.NetworkSettings] File [C:/Users/Pog/Documents/School/Year 4/Sem 2/AdvancedGames/Assignment 2/Git/AdvGamesProgramming/GameFiles/Saved/Config/Windows/Engine.ini]
[2020.09.11-06.26.00:338][  0]LogConfig: Applying CVar settings from Section [/Script/UnrealEd.CookerSettings] File [C:/Users/Pog/Documents/School/Year 4/Sem 2/AdvancedGames/Assignment 2/Git/AdvGamesProgramming/GameFiles/Saved/Config/Windows/Engine.ini]
[2020.09.11-06.26.00:344][  0]LogConfig: Applying CVar settings from Section [ViewDistanceQuality@3] File [C:/Users/Pog/Documents/School/Year 4/Sem 2/AdvancedGames/Assignment 2/Git/AdvGamesProgramming/GameFiles/Saved/Config/Windows/Scalability.ini]
[2020.09.11-06.26.00:344][  0]LogConfig: Setting CVar [[r.SkeletalMeshLODBias:0]]
[2020.09.11-06.26.00:344][  0]LogConfig: Setting CVar [[r.ViewDistanceScale:1.0]]
[2020.09.11-06.26.00:344][  0]LogConfig: Applying CVar settings from Section [AntiAliasingQuality@3] File [C:/Users/Pog/Documents/School/Year 4/Sem 2/AdvancedGames/Assignment 2/Git/AdvGamesProgramming/GameFiles/Saved/Config/Windows/Scalability.ini]
[2020.09.11-06.26.00:344][  0]LogConfig: Setting CVar [[r.PostProcessAAQuality:4]]
[2020.09.11-06.26.00:344][  0]LogConfig: Applying CVar settings from Section [ShadowQuality@3] File [C:/Users/Pog/Documents/School/Year 4/Sem 2/AdvancedGames/Assignment 2/Git/AdvGamesProgramming/GameFiles/Saved/Config/Windows/Scalability.ini]
[2020.09.11-06.26.00:344][  0]LogConfig: Setting CVar [[r.LightFunctionQuality:1]]
[2020.09.11-06.26.00:344][  0]LogConfig: Setting CVar [[r.ShadowQuality:5]]
[2020.09.11-06.26.00:344][  0]LogConfig: Setting CVar [[r.Shadow.CSM.MaxCascades:10]]
[2020.09.11-06.26.00:344][  0]LogConfig: Setting CVar [[r.Shadow.MaxResolution:2048]]
[2020.09.11-06.26.00:344][  0]LogConfig: Setting CVar [[r.Shadow.MaxCSMResolution:2048]]
[2020.09.11-06.26.00:344][  0]LogConfig: Setting CVar [[r.Shadow.RadiusThreshold:0.01]]
[2020.09.11-06.26.00:344][  0]LogConfig: Setting CVar [[r.Shadow.DistanceScale:1.0]]
[2020.09.11-06.26.00:344][  0]LogConfig: Setting CVar [[r.Shadow.CSM.TransitionScale:1.0]]
[2020.09.11-06.26.00:344][  0]LogConfig: Setting CVar [[r.Shadow.PreShadowResolutionFactor:1.0]]
[2020.09.11-06.26.00:344][  0]LogConfig: Setting CVar [[r.DistanceFieldShadowing:1]]
[2020.09.11-06.26.00:344][  0]LogConfig: Setting CVar [[r.DistanceFieldAO:1]]
[2020.09.11-06.26.00:344][  0]LogConfig: Setting CVar [[r.AOQuality:2]]
[2020.09.11-06.26.00:344][  0]LogConfig: Setting CVar [[r.VolumetricFog:1]]
[2020.09.11-06.26.00:344][  0]LogConfig: Setting CVar [[r.VolumetricFog.GridPixelSize:8]]
[2020.09.11-06.26.00:344][  0]LogConfig: Setting CVar [[r.VolumetricFog.GridSizeZ:128]]
[2020.09.11-06.26.00:344][  0]LogConfig: Setting CVar [[r.VolumetricFog.HistoryMissSupersampleCount:4]]
[2020.09.11-06.26.00:344][  0]LogConfig: Setting CVar [[r.LightMaxDrawDistanceScale:1]]
[2020.09.11-06.26.00:344][  0]LogConfig: Setting CVar [[r.CapsuleShadows:1]]
[2020.09.11-06.26.00:344][  0]LogConfig: Applying CVar settings from Section [PostProcessQuality@3] File [C:/Users/Pog/Documents/School/Year 4/Sem 2/AdvancedGames/Assignment 2/Git/AdvGamesProgramming/GameFiles/Saved/Config/Windows/Scalability.ini]
[2020.09.11-06.26.00:345][  0]LogConfig: Setting CVar [[r.MotionBlurQuality:4]]
[2020.09.11-06.26.00:345][  0]LogConfig: Setting CVar [[r.AmbientOcclusionMipLevelFactor:0.4]]
[2020.09.11-06.26.00:345][  0]LogConfig: Setting CVar [[r.AmbientOcclusionMaxQuality:100]]
[2020.09.11-06.26.00:345][  0]LogConfig: Setting CVar [[r.AmbientOcclusionLevels:-1]]
[2020.09.11-06.26.00:345][  0]LogConfig: Setting CVar [[r.AmbientOcclusionRadiusScale:1.0]]
[2020.09.11-06.26.00:345][  0]LogConfig: Setting CVar [[r.DepthOfFieldQuality:2]]
[2020.09.11-06.26.00:345][  0]LogConfig: Setting CVar [[r.RenderTargetPoolMin:400]]
[2020.09.11-06.26.00:345][  0]LogConfig: Setting CVar [[r.LensFlareQuality:2]]
[2020.09.11-06.26.00:345][  0]LogConfig: Setting CVar [[r.SceneColorFringeQuality:1]]
[2020.09.11-06.26.00:345][  0]LogConfig: Setting CVar [[r.EyeAdaptationQuality:2]]
[2020.09.11-06.26.00:345][  0]LogConfig: Setting CVar [[r.BloomQuality:5]]
[2020.09.11-06.26.00:345][  0]LogConfig: Setting CVar [[r.FastBlurThreshold:100]]
[2020.09.11-06.26.00:345][  0]LogConfig: Setting CVar [[r.Upscale.Quality:3]]
[2020.09.11-06.26.00:345][  0]LogConfig: Setting CVar [[r.Tonemapper.GrainQuantization:1]]
[2020.09.11-06.26.00:345][  0]LogConfig: Setting CVar [[r.LightShaftQuality:1]]
[2020.09.11-06.26.00:345][  0]LogConfig: Setting CVar [[r.Filter.SizeScale:1]]
[2020.09.11-06.26.00:345][  0]LogConfig: Setting CVar [[r.Tonemapper.Quality:5]]
[2020.09.11-06.26.00:345][  0]LogConfig: Setting CVar [[r.DOF.Gather.AccumulatorQuality:1        ; higher gathering accumulator quality]]
[2020.09.11-06.26.00:345][  0]LogConfig: Setting CVar [[r.DOF.Gather.PostfilterMethod:1          ; Median3x3 postfilering method]]
[2020.09.11-06.26.00:345][  0]LogConfig: Setting CVar [[r.DOF.Gather.EnableBokehSettings:0       ; no bokeh simulation when gathering]]
[2020.09.11-06.26.00:345][  0]LogConfig: Setting CVar [[r.DOF.Gather.RingCount:4                 ; medium number of samples when gathering]]
[2020.09.11-06.26.00:345][  0]LogConfig: Setting CVar [[r.DOF.Scatter.ForegroundCompositing:1    ; additive foreground scattering]]
[2020.09.11-06.26.00:345][  0]LogConfig: Setting CVar [[r.DOF.Scatter.BackgroundCompositing:2    ; additive background scattering]]
[2020.09.11-06.26.00:345][  0]LogConfig: Setting CVar [[r.DOF.Scatter.EnableBokehSettings:1      ; bokeh simulation when scattering]]
[2020.09.11-06.26.00:345][  0]LogConfig: Setting CVar [[r.DOF.Scatter.MaxSpriteRatio:0.1         ; only a maximum of 10% of scattered bokeh]]
[2020.09.11-06.26.00:345][  0]LogConfig: Setting CVar [[r.DOF.Recombine.Quality:1                ; cheap slight out of focus]]
[2020.09.11-06.26.00:345][  0]LogConfig: Setting CVar [[r.DOF.Recombine.EnableBokehSettings:0    ; no bokeh simulation on slight out of focus]]
[2020.09.11-06.26.00:345][  0]LogConfig: Setting CVar [[r.DOF.TemporalAAQuality:1                ; more stable temporal accumulation]]
[2020.09.11-06.26.00:345][  0]LogConfig: Setting CVar [[r.DOF.Kernel.MaxForegroundRadius:0.025]]
[2020.09.11-06.26.00:345][  0]LogConfig: Setting CVar [[r.DOF.Kernel.MaxBackgroundRadius:0.025]]
[2020.09.11-06.26.00:345][  0]LogConfig: Applying CVar settings from Section [TextureQuality@3] File [C:/Users/Pog/Documents/School/Year 4/Sem 2/AdvancedGames/Assignment 2/Git/AdvGamesProgramming/GameFiles/Saved/Config/Windows/Scalability.ini]
[2020.09.11-06.26.00:346][  0]LogConfig: Setting CVar [[r.Streaming.MipBias:0]]
[2020.09.11-06.26.00:346][  0]LogConfig: Setting CVar [[r.Streaming.AmortizeCPUToGPUCopy:0]]
[2020.09.11-06.26.00:346][  0]LogConfig: Setting CVar [[r.Streaming.MaxNumTexturesToStreamPerFrame:0]]
[2020.09.11-06.26.00:346][  0]LogConfig: Setting CVar [[r.Streaming.Boost:1]]
[2020.09.11-06.26.00:346][  0]LogConfig: Setting CVar [[r.MaxAnisotropy:8]]
[2020.09.11-06.26.00:346][  0]LogConfig: Setting CVar [[r.VT.MaxAnisotropy:8]]
[2020.09.11-06.26.00:346][  0]LogConfig: Setting CVar [[r.Streaming.LimitPoolSizeToVRAM:0]]
[2020.09.11-06.26.00:346][  0]LogConfig: Setting CVar [[r.Streaming.PoolSize:1000]]
[2020.09.11-06.26.00:346][  0]LogConfig: Setting CVar [[r.Streaming.MaxEffectiveScreenSize:0]]
[2020.09.11-06.26.00:346][  0]LogConfig: Applying CVar settings from Section [EffectsQuality@3] File [C:/Users/Pog/Documents/School/Year 4/Sem 2/AdvancedGames/Assignment 2/Git/AdvGamesProgramming/GameFiles/Saved/Config/Windows/Scalability.ini]
[2020.09.11-06.26.00:346][  0]LogConfig: Setting CVar [[r.TranslucencyLightingVolumeDim:64]]
[2020.09.11-06.26.00:346][  0]LogConfig: Setting CVar [[r.RefractionQuality:2]]
[2020.09.11-06.26.00:346][  0]LogConfig: Setting CVar [[r.SSR.Quality:3]]
[2020.09.11-06.26.00:346][  0]LogConfig: Setting CVar [[r.SSR.HalfResSceneColor:0]]
[2020.09.11-06.26.00:346][  0]LogConfig: Setting CVar [[r.SceneColorFormat:4]]
[2020.09.11-06.26.00:346][  0]LogConfig: Setting CVar [[r.DetailMode:2]]
[2020.09.11-06.26.00:346][  0]LogConfig: Setting CVar [[r.TranslucencyVolumeBlur:1]]
[2020.09.11-06.26.00:346][  0]LogConfig: Setting CVar [[r.MaterialQualityLevel:1 ; High quality]]
[2020.09.11-06.26.00:346][  0]LogConfig: Setting CVar [[r.SSS.Scale:1]]
[2020.09.11-06.26.00:346][  0]LogConfig: Setting CVar [[r.SSS.SampleSet:2]]
[2020.09.11-06.26.00:346][  0]LogConfig: Setting CVar [[r.SSS.Quality:1]]
[2020.09.11-06.26.00:346][  0]LogConfig: Setting CVar [[r.SSS.HalfRes:1]]
[2020.09.11-06.26.00:346][  0]LogConfig: Setting CVar [[r.SSGI.Quality:3]]
[2020.09.11-06.26.00:346][  0]LogConfig: Setting CVar [[r.EmitterSpawnRateScale:1.0]]
[2020.09.11-06.26.00:346][  0]LogConfig: Setting CVar [[r.ParticleLightQuality:2]]
[2020.09.11-06.26.00:346][  0]LogConfig: Setting CVar [[r.SkyAtmosphere.AerialPerspectiveLUT.FastApplyOnOpaque:1 ; Always have FastSkyLUT 1 in this case to avoid wrong sky]]
[2020.09.11-06.26.00:346][  0]LogConfig: Setting CVar [[r.SkyAtmosphere.AerialPerspectiveLUT.SampleCountPerSlice:1]]
[2020.09.11-06.26.00:346][  0]LogConfig: Setting CVar [[r.SkyAtmosphere.AerialPerspectiveLUT.DepthResolution:16.0]]
[2020.09.11-06.26.00:346][  0]LogConfig: Setting CVar [[r.SkyAtmosphere.FastSkyLUT:1]]
[2020.09.11-06.26.00:346][  0]LogConfig: Setting CVar [[r.SkyAtmosphere.FastSkyLUT.SampleCountMin:4.0]]
[2020.09.11-06.26.00:347][  0]LogConfig: Setting CVar [[r.SkyAtmosphere.FastSkyLUT.SampleCountMax:32.0]]
[2020.09.11-06.26.00:347][  0]LogConfig: Setting CVar [[r.SkyAtmosphere.SampleCountMin:4.0]]
[2020.09.11-06.26.00:347][  0]LogConfig: Setting CVar [[r.SkyAtmosphere.SampleCountMax:32.0]]
[2020.09.11-06.26.00:347][  0]LogConfig: Setting CVar [[r.SkyAtmosphere.TransmittanceLUT.UseSmallFormat:0]]
[2020.09.11-06.26.00:347][  0]LogConfig: Setting CVar [[r.SkyAtmosphere.TransmittanceLUT.SampleCount:10.0]]
[2020.09.11-06.26.00:347][  0]LogConfig: Setting CVar [[r.SkyAtmosphere.MultiScatteringLUT.SampleCount:15.0]]
[2020.09.11-06.26.00:347][  0]LogConfig: Applying CVar settings from Section [FoliageQuality@3] File [C:/Users/Pog/Documents/School/Year 4/Sem 2/AdvancedGames/Assignment 2/Git/AdvGamesProgramming/GameFiles/Saved/Config/Windows/Scalability.ini]
[2020.09.11-06.26.00:347][  0]LogConfig: Setting CVar [[foliage.DensityScale:1.0]]
[2020.09.11-06.26.00:347][  0]LogConfig: Setting CVar [[grass.DensityScale:1.0]]
[2020.09.11-06.26.00:347][  0]LogConfig: Applying CVar settings from Section [ShadingQuality@3] File [C:/Users/Pog/Documents/School/Year 4/Sem 2/AdvancedGames/Assignment 2/Git/AdvGamesProgramming/GameFiles/Saved/Config/Windows/Scalability.ini]
[2020.09.11-06.26.00:347][  0]LogConfig: Setting CVar [[r.HairStrands.SkyLighting.SampleCount:16]]
[2020.09.11-06.26.00:347][  0]LogConfig: Setting CVar [[r.HairStrands.SkyLighting.JitterIntegration:0]]
[2020.09.11-06.26.00:347][  0]LogConfig: Setting CVar [[r.HairStrands.SkyAO.SampleCount:16]]
[2020.09.11-06.26.00:347][  0]LogInit: Selected Device Profile: [Windows]
[2020.09.11-06.26.00:347][  0]LogInit: Applying CVar settings loaded from the selected device profile: [Windows]
[2020.09.11-06.26.00:352][  0]LogHAL: Display: Platform has ~ 16 GB [17067356160 / 17179869184 / 16], which maps to Larger [LargestMinGB=32, LargerMinGB=12, DefaultMinGB=8, SmallerMinGB=6, SmallestMinGB=0)
[2020.09.11-06.26.00:353][  0]LogInit: Going up to parent DeviceProfile []
[2020.09.11-06.26.00:353][  0]LogConfig: Applying CVar settings from Section [ViewDistanceQuality@3] File [C:/Users/Pog/Documents/School/Year 4/Sem 2/AdvancedGames/Assignment 2/Git/AdvGamesProgramming/GameFiles/Saved/Config/Windows/Scalability.ini]
[2020.09.11-06.26.00:353][  0]LogConfig: Setting CVar [[r.SkeletalMeshLODBias:0]]
[2020.09.11-06.26.00:353][  0]LogConfig: Setting CVar [[r.ViewDistanceScale:1.0]]
[2020.09.11-06.26.00:353][  0]LogConfig: Applying CVar settings from Section [AntiAliasingQuality@3] File [C:/Users/Pog/Documents/School/Year 4/Sem 2/AdvancedGames/Assignment 2/Git/AdvGamesProgramming/GameFiles/Saved/Config/Windows/Scalability.ini]
[2020.09.11-06.26.00:353][  0]LogConfig: Setting CVar [[r.PostProcessAAQuality:4]]
[2020.09.11-06.26.00:353][  0]LogConfig: Applying CVar settings from Section [ShadowQuality@3] File [C:/Users/Pog/Documents/School/Year 4/Sem 2/AdvancedGames/Assignment 2/Git/AdvGamesProgramming/GameFiles/Saved/Config/Windows/Scalability.ini]
[2020.09.11-06.26.00:353][  0]LogConfig: Setting CVar [[r.LightFunctionQuality:1]]
[2020.09.11-06.26.00:353][  0]LogConfig: Setting CVar [[r.ShadowQuality:5]]
[2020.09.11-06.26.00:353][  0]LogConfig: Setting CVar [[r.Shadow.CSM.MaxCascades:10]]
[2020.09.11-06.26.00:353][  0]LogConfig: Setting CVar [[r.Shadow.MaxResolution:2048]]
[2020.09.11-06.26.00:353][  0]LogConfig: Setting CVar [[r.Shadow.MaxCSMResolution:2048]]
[2020.09.11-06.26.00:353][  0]LogConfig: Setting CVar [[r.Shadow.RadiusThreshold:0.01]]
[2020.09.11-06.26.00:353][  0]LogConfig: Setting CVar [[r.Shadow.DistanceScale:1.0]]
[2020.09.11-06.26.00:353][  0]LogConfig: Setting CVar [[r.Shadow.CSM.TransitionScale:1.0]]
[2020.09.11-06.26.00:353][  0]LogConfig: Setting CVar [[r.Shadow.PreShadowResolutionFactor:1.0]]
[2020.09.11-06.26.00:353][  0]LogConfig: Setting CVar [[r.DistanceFieldShadowing:1]]
[2020.09.11-06.26.00:353][  0]LogConfig: Setting CVar [[r.DistanceFieldAO:1]]
[2020.09.11-06.26.00:354][  0]LogConfig: Setting CVar [[r.AOQuality:2]]
[2020.09.11-06.26.00:354][  0]LogConfig: Setting CVar [[r.VolumetricFog:1]]
[2020.09.11-06.26.00:354][  0]LogConfig: Setting CVar [[r.VolumetricFog.GridPixelSize:8]]
[2020.09.11-06.26.00:354][  0]LogConfig: Setting CVar [[r.VolumetricFog.GridSizeZ:128]]
[2020.09.11-06.26.00:354][  0]LogConfig: Setting CVar [[r.VolumetricFog.HistoryMissSupersampleCount:4]]
[2020.09.11-06.26.00:354][  0]LogConfig: Setting CVar [[r.LightMaxDrawDistanceScale:1]]
[2020.09.11-06.26.00:354][  0]LogConfig: Setting CVar [[r.CapsuleShadows:1]]
[2020.09.11-06.26.00:354][  0]LogConfig: Applying CVar settings from Section [PostProcessQuality@3] File [C:/Users/Pog/Documents/School/Year 4/Sem 2/AdvancedGames/Assignment 2/Git/AdvGamesProgramming/GameFiles/Saved/Config/Windows/Scalability.ini]
[2020.09.11-06.26.00:354][  0]LogConfig: Setting CVar [[r.MotionBlurQuality:4]]
[2020.09.11-06.26.00:354][  0]LogConfig: Setting CVar [[r.AmbientOcclusionMipLevelFactor:0.4]]
[2020.09.11-06.26.00:354][  0]LogConfig: Setting CVar [[r.AmbientOcclusionMaxQuality:100]]
[2020.09.11-06.26.00:354][  0]LogConfig: Setting CVar [[r.AmbientOcclusionLevels:-1]]
[2020.09.11-06.26.00:354][  0]LogConfig: Setting CVar [[r.AmbientOcclusionRadiusScale:1.0]]
[2020.09.11-06.26.00:354][  0]LogConfig: Setting CVar [[r.DepthOfFieldQuality:2]]
[2020.09.11-06.26.00:354][  0]LogConfig: Setting CVar [[r.RenderTargetPoolMin:400]]
[2020.09.11-06.26.00:354][  0]LogConfig: Setting CVar [[r.LensFlareQuality:2]]
[2020.09.11-06.26.00:354][  0]LogConfig: Setting CVar [[r.SceneColorFringeQuality:1]]
[2020.09.11-06.26.00:354][  0]LogConfig: Setting CVar [[r.EyeAdaptationQuality:2]]
[2020.09.11-06.26.00:354][  0]LogConfig: Setting CVar [[r.BloomQuality:5]]
[2020.09.11-06.26.00:354][  0]LogConfig: Setting CVar [[r.FastBlurThreshold:100]]
[2020.09.11-06.26.00:354][  0]LogConfig: Setting CVar [[r.Upscale.Quality:3]]
[2020.09.11-06.26.00:354][  0]LogConfig: Setting CVar [[r.Tonemapper.GrainQuantization:1]]
[2020.09.11-06.26.00:354][  0]LogConfig: Setting CVar [[r.LightShaftQuality:1]]
[2020.09.11-06.26.00:354][  0]LogConfig: Setting CVar [[r.Filter.SizeScale:1]]
[2020.09.11-06.26.00:354][  0]LogConfig: Setting CVar [[r.Tonemapper.Quality:5]]
[2020.09.11-06.26.00:354][  0]LogConfig: Setting CVar [[r.DOF.Gather.AccumulatorQuality:1        ; higher gathering accumulator quality]]
[2020.09.11-06.26.00:354][  0]LogConfig: Setting CVar [[r.DOF.Gather.PostfilterMethod:1          ; Median3x3 postfilering method]]
[2020.09.11-06.26.00:354][  0]LogConfig: Setting CVar [[r.DOF.Gather.EnableBokehSettings:0       ; no bokeh simulation when gathering]]
[2020.09.11-06.26.00:354][  0]LogConfig: Setting CVar [[r.DOF.Gather.RingCount:4                 ; medium number of samples when gathering]]
[2020.09.11-06.26.00:354][  0]LogConfig: Setting CVar [[r.DOF.Scatter.ForegroundCompositing:1    ; additive foreground scattering]]
[2020.09.11-06.26.00:354][  0]LogConfig: Setting CVar [[r.DOF.Scatter.BackgroundCompositing:2    ; additive background scattering]]
[2020.09.11-06.26.00:354][  0]LogConfig: Setting CVar [[r.DOF.Scatter.EnableBokehSettings:1      ; bokeh simulation when scattering]]
[2020.09.11-06.26.00:354][  0]LogConfig: Setting CVar [[r.DOF.Scatter.MaxSpriteRatio:0.1         ; only a maximum of 10% of scattered bokeh]]
[2020.09.11-06.26.00:354][  0]LogConfig: Setting CVar [[r.DOF.Recombine.Quality:1                ; cheap slight out of focus]]
[2020.09.11-06.26.00:354][  0]LogConfig: Setting CVar [[r.DOF.Recombine.EnableBokehSettings:0    ; no bokeh simulation on slight out of focus]]
[2020.09.11-06.26.00:354][  0]LogConfig: Setting CVar [[r.DOF.TemporalAAQuality:1                ; more stable temporal accumulation]]
[2020.09.11-06.26.00:354][  0]LogConfig: Setting CVar [[r.DOF.Kernel.MaxForegroundRadius:0.025]]
[2020.09.11-06.26.00:354][  0]LogConfig: Setting CVar [[r.DOF.Kernel.MaxBackgroundRadius:0.025]]
[2020.09.11-06.26.00:354][  0]LogConfig: Applying CVar settings from Section [TextureQuality@3] File [C:/Users/Pog/Documents/School/Year 4/Sem 2/AdvancedGames/Assignment 2/Git/AdvGamesProgramming/GameFiles/Saved/Config/Windows/Scalability.ini]
[2020.09.11-06.26.00:354][  0]LogConfig: Setting CVar [[r.Streaming.MipBias:0]]
[2020.09.11-06.26.00:355][  0]LogConfig: Setting CVar [[r.Streaming.AmortizeCPUToGPUCopy:0]]
[2020.09.11-06.26.00:355][  0]LogConfig: Setting CVar [[r.Streaming.MaxNumTexturesToStreamPerFrame:0]]
[2020.09.11-06.26.00:355][  0]LogConfig: Setting CVar [[r.Streaming.Boost:1]]
[2020.09.11-06.26.00:355][  0]LogConfig: Setting CVar [[r.MaxAnisotropy:8]]
[2020.09.11-06.26.00:355][  0]LogConfig: Setting CVar [[r.VT.MaxAnisotropy:8]]
[2020.09.11-06.26.00:355][  0]LogConfig: Setting CVar [[r.Streaming.LimitPoolSizeToVRAM:0]]
[2020.09.11-06.26.00:355][  0]LogConfig: Setting CVar [[r.Streaming.PoolSize:1000]]
[2020.09.11-06.26.00:355][  0]LogConfig: Setting CVar [[r.Streaming.MaxEffectiveScreenSize:0]]
[2020.09.11-06.26.00:355][  0]LogConfig: Applying CVar settings from Section [EffectsQuality@3] File [C:/Users/Pog/Documents/School/Year 4/Sem 2/AdvancedGames/Assignment 2/Git/AdvGamesProgramming/GameFiles/Saved/Config/Windows/Scalability.ini]
[2020.09.11-06.26.00:355][  0]LogConfig: Setting CVar [[r.TranslucencyLightingVolumeDim:64]]
[2020.09.11-06.26.00:355][  0]LogConfig: Setting CVar [[r.RefractionQuality:2]]
[2020.09.11-06.26.00:355][  0]LogConfig: Setting CVar [[r.SSR.Quality:3]]
[2020.09.11-06.26.00:355][  0]LogConfig: Setting CVar [[r.SSR.HalfResSceneColor:0]]
[2020.09.11-06.26.00:355][  0]LogConfig: Setting CVar [[r.SceneColorFormat:4]]
[2020.09.11-06.26.00:355][  0]LogConfig: Setting CVar [[r.DetailMode:2]]
[2020.09.11-06.26.00:355][  0]LogConfig: Setting CVar [[r.TranslucencyVolumeBlur:1]]
[2020.09.11-06.26.00:355][  0]LogConfig: Setting CVar [[r.MaterialQualityLevel:1 ; High quality]]
[2020.09.11-06.26.00:355][  0]LogConfig: Setting CVar [[r.SSS.Scale:1]]
[2020.09.11-06.26.00:355][  0]LogConfig: Setting CVar [[r.SSS.SampleSet:2]]
[2020.09.11-06.26.00:355][  0]LogConfig: Setting CVar [[r.SSS.Quality:1]]
[2020.09.11-06.26.00:355][  0]LogConfig: Setting CVar [[r.SSS.HalfRes:1]]
[2020.09.11-06.26.00:355][  0]LogConfig: Setting CVar [[r.SSGI.Quality:3]]
[2020.09.11-06.26.00:355][  0]LogConfig: Setting CVar [[r.EmitterSpawnRateScale:1.0]]
[2020.09.11-06.26.00:355][  0]LogConfig: Setting CVar [[r.ParticleLightQuality:2]]
[2020.09.11-06.26.00:355][  0]LogConfig: Setting CVar [[r.SkyAtmosphere.AerialPerspectiveLUT.FastApplyOnOpaque:1 ; Always have FastSkyLUT 1 in this case to avoid wrong sky]]
[2020.09.11-06.26.00:355][  0]LogConfig: Setting CVar [[r.SkyAtmosphere.AerialPerspectiveLUT.SampleCountPerSlice:1]]
[2020.09.11-06.26.00:355][  0]LogConfig: Setting CVar [[r.SkyAtmosphere.AerialPerspectiveLUT.DepthResolution:16.0]]
[2020.09.11-06.26.00:355][  0]LogConfig: Setting CVar [[r.SkyAtmosphere.FastSkyLUT:1]]
[2020.09.11-06.26.00:355][  0]LogConfig: Setting CVar [[r.SkyAtmosphere.FastSkyLUT.SampleCountMin:4.0]]
[2020.09.11-06.26.00:355][  0]LogConfig: Setting CVar [[r.SkyAtmosphere.FastSkyLUT.SampleCountMax:32.0]]
[2020.09.11-06.26.00:355][  0]LogConfig: Setting CVar [[r.SkyAtmosphere.SampleCountMin:4.0]]
[2020.09.11-06.26.00:355][  0]LogConfig: Setting CVar [[r.SkyAtmosphere.SampleCountMax:32.0]]
[2020.09.11-06.26.00:355][  0]LogConfig: Setting CVar [[r.SkyAtmosphere.TransmittanceLUT.UseSmallFormat:0]]
[2020.09.11-06.26.00:355][  0]LogConfig: Setting CVar [[r.SkyAtmosphere.TransmittanceLUT.SampleCount:10.0]]
[2020.09.11-06.26.00:355][  0]LogConfig: Setting CVar [[r.SkyAtmosphere.MultiScatteringLUT.SampleCount:15.0]]
[2020.09.11-06.26.00:355][  0]LogConfig: Applying CVar settings from Section [FoliageQuality@3] File [C:/Users/Pog/Documents/School/Year 4/Sem 2/AdvancedGames/Assignment 2/Git/AdvGamesProgramming/GameFiles/Saved/Config/Windows/Scalability.ini]
[2020.09.11-06.26.00:355][  0]LogConfig: Setting CVar [[foliage.DensityScale:1.0]]
[2020.09.11-06.26.00:356][  0]LogConfig: Setting CVar [[grass.DensityScale:1.0]]
[2020.09.11-06.26.00:356][  0]LogConfig: Applying CVar settings from Section [ShadingQuality@3] File [C:/Users/Pog/Documents/School/Year 4/Sem 2/AdvancedGames/Assignment 2/Git/AdvGamesProgramming/GameFiles/Saved/Config/Windows/Scalability.ini]
[2020.09.11-06.26.00:356][  0]LogConfig: Setting CVar [[r.HairStrands.SkyLighting.SampleCount:16]]
[2020.09.11-06.26.00:356][  0]LogConfig: Setting CVar [[r.HairStrands.SkyLighting.JitterIntegration:0]]
[2020.09.11-06.26.00:356][  0]LogConfig: Setting CVar [[r.HairStrands.SkyAO.SampleCount:16]]
[2020.09.11-06.26.00:356][  0]LogConfig: Applying CVar settings from Section [Startup] File [../../../Engine/Config/ConsoleVariables.ini]
[2020.09.11-06.26.00:356][  0]LogConfig: Setting CVar [[net.UseAdaptiveNetUpdateFrequency:0]]
[2020.09.11-06.26.00:356][  0]LogConfig: Setting CVar [[p.chaos.AllowCreatePhysxBodies:1]]
[2020.09.11-06.26.00:356][  0]LogConfig: Applying CVar settings from Section [ConsoleVariables] File [C:/Users/Pog/Documents/School/Year 4/Sem 2/AdvancedGames/Assignment 2/Git/AdvGamesProgramming/GameFiles/Saved/Config/Windows/Engine.ini]
[2020.09.11-06.26.00:357][  0]LogInit: Computer: RAZER-BLADE-201
[2020.09.11-06.26.00:357][  0]LogInit: User: Jack
[2020.09.11-06.26.00:357][  0]LogInit: CPU Page size=4096, Cores=4
[2020.09.11-06.26.00:357][  0]LogInit: High frequency timer resolution =10.000000 MHz
[2020.09.11-06.26.00:357][  0]LogMemory: Memory total: Physical=15.9GB (16GB approx)
[2020.09.11-06.26.00:357][  0]LogMemory: Platform Memory Stats for Windows
[2020.09.11-06.26.00:357][  0]LogMemory: Process Physical Memory: 103.41 MB used, 103.42 MB peak
[2020.09.11-06.26.00:357][  0]LogMemory: Process Virtual Memory: 100.56 MB used, 100.56 MB peak
[2020.09.11-06.26.00:357][  0]LogMemory: Physical Memory: 12809.62 MB used,  3467.08 MB free, 16276.70 MB total
[2020.09.11-06.26.00:357][  0]LogMemory: Virtual Memory: 5134.59 MB used,  134212592.00 MB free, 134217728.00 MB total
[2020.09.11-06.26.00:364][  0]LogWindows: WindowsPlatformFeatures enabled
[2020.09.11-06.26.00:407][  0]LogInit: Using OS detected language (en-US).
[2020.09.11-06.26.00:407][  0]LogInit: Using OS detected locale (en-AU).
[2020.09.11-06.26.00:409][  0]LogTextLocalizationManager: No specific localization for 'en-US' exists, so the 'en' localization will be used.
[2020.09.11-06.26.00:708][  0]LogInit: Setting process to per monitor DPI aware
[2020.09.11-06.26.00:810][  0]LogSlate: New Slate User Created.  User Index 0, Is Virtual User: 0
[2020.09.11-06.26.00:811][  0]LogSlate: Slate User Registered.  User Index 0, Is Virtual User: 0
[2020.09.11-06.26.01:057][  0]LogD3D11RHI: D3D11 min allowed feature level: 11_0
[2020.09.11-06.26.01:057][  0]LogD3D11RHI: D3D11 max allowed feature level: 11_0
[2020.09.11-06.26.01:057][  0]LogD3D11RHI: D3D11 adapters:
[2020.09.11-06.26.01:166][  0]LogD3D11RHI:    0. 'NVIDIA GeForce GTX 1060' (Feature Level 11_0)
[2020.09.11-06.26.01:166][  0]LogD3D11RHI:       6052/0/8138 MB DedicatedVideo/DedicatedSystem/SharedSystem, Outputs:1, VendorId:0x10de
[2020.09.11-06.26.01:208][  0]LogD3D11RHI:    1. 'Intel(R) HD Graphics 530' (Feature Level 11_0)
[2020.09.11-06.26.01:208][  0]LogD3D11RHI:       128/0/8138 MB DedicatedVideo/DedicatedSystem/SharedSystem, Outputs:1, VendorId:0x8086
[2020.09.11-06.26.01:212][  0]LogD3D11RHI:    2. 'Microsoft Basic Render Driver' (Feature Level 11_0)
[2020.09.11-06.26.01:212][  0]LogD3D11RHI:       0/0/8138 MB DedicatedVideo/DedicatedSystem/SharedSystem, Outputs:0, VendorId:0x1414
[2020.09.11-06.26.01:212][  0]LogD3D11RHI: Chosen D3D11 Adapter: 0
[2020.09.11-06.26.01:234][  0]LogD3D11RHI: Creating new Direct3DDevice
[2020.09.11-06.26.01:234][  0]LogD3D11RHI:     GPU DeviceId: 0x1c20 (for the marketing name, search the web for "GPU Device Id")
[2020.09.11-06.26.01:234][  0]LogWindows: EnumDisplayDevices:
[2020.09.11-06.26.01:235][  0]LogWindows:    0. 'Intel(R) HD Graphics 530' (P:0 D:1)
[2020.09.11-06.26.01:235][  0]LogWindows:    1. 'Intel(R) HD Graphics 530' (P:0 D:0)
[2020.09.11-06.26.01:236][  0]LogWindows:    2. 'Intel(R) HD Graphics 530' (P:0 D:0)
[2020.09.11-06.26.01:237][  0]LogWindows:    3. 'NVIDIA GeForce GTX 1060' (P:1 D:1)
[2020.09.11-06.26.01:237][  0]LogWindows: DebugString: PrimaryIsNotTheChoosenAdapter PrimaryIsNotTheChoosenAdapter PrimaryIsNotTheChoosenAdapter 
[2020.09.11-06.26.01:237][  0]LogD3D11RHI:     Adapter Name: NVIDIA GeForce GTX 1060
[2020.09.11-06.26.01:237][  0]LogD3D11RHI:   Driver Version: 452.06 (internal:27.21.14.5206, unified:452.06)
[2020.09.11-06.26.01:237][  0]LogD3D11RHI:      Driver Date: 8-12-2020
[2020.09.11-06.26.01:237][  0]LogRHI: Texture pool is 4236 MB (70% of 6052 MB)
[2020.09.11-06.26.01:307][  0]LogD3D11RHI: RHI has support for 64 bit atomics
[2020.09.11-06.26.01:307][  0]LogD3D11RHI: Async texture creation enabled
[2020.09.11-06.26.01:356][  0]LogD3D11RHI: GPU Timing Frequency: 1000.000000 (Debug: 2 1)
[2020.09.11-06.26.01:850][  0]LogTargetPlatformManager: Display: Loaded TargetPlatform 'AllDesktop'
[2020.09.11-06.26.01:898][  0]LogTargetPlatformManager: Display: Loaded TargetPlatform 'Android'
[2020.09.11-06.26.01:898][  0]LogTargetPlatformManager: Display: Loaded TargetPlatform 'Android_ASTC'
[2020.09.11-06.26.01:898][  0]LogTargetPlatformManager: Display: Loaded TargetPlatform 'Android_ATC'
[2020.09.11-06.26.01:898][  0]LogTargetPlatformManager: Display: Loaded TargetPlatform 'Android_DXT'
[2020.09.11-06.26.01:898][  0]LogTargetPlatformManager: Display: Loaded TargetPlatform 'Android_ETC1'
[2020.09.11-06.26.01:898][  0]LogTargetPlatformManager: Display: Loaded TargetPlatform 'Android_ETC1a'
[2020.09.11-06.26.01:898][  0]LogTargetPlatformManager: Display: Loaded TargetPlatform 'Android_ETC2'
[2020.09.11-06.26.01:898][  0]LogTargetPlatformManager: Display: Loaded TargetPlatform 'Android_PVRTC'
[2020.09.11-06.26.01:898][  0]LogTargetPlatformManager: Display: Loaded TargetPlatform 'AndroidClient'
[2020.09.11-06.26.01:898][  0]LogTargetPlatformManager: Display: Loaded TargetPlatform 'Android_ASTCClient'
[2020.09.11-06.26.01:898][  0]LogTargetPlatformManager: Display: Loaded TargetPlatform 'Android_ATCClient'
[2020.09.11-06.26.01:898][  0]LogTargetPlatformManager: Display: Loaded TargetPlatform 'Android_DXTClient'
[2020.09.11-06.26.01:898][  0]LogTargetPlatformManager: Display: Loaded TargetPlatform 'Android_ETC1Client'
[2020.09.11-06.26.01:898][  0]LogTargetPlatformManager: Display: Loaded TargetPlatform 'Android_ETC1aClient'
[2020.09.11-06.26.01:898][  0]LogTargetPlatformManager: Display: Loaded TargetPlatform 'Android_ETC2Client'
[2020.09.11-06.26.01:898][  0]LogTargetPlatformManager: Display: Loaded TargetPlatform 'Android_PVRTCClient'
[2020.09.11-06.26.01:898][  0]LogTargetPlatformManager: Display: Loaded TargetPlatform 'Android_Multi'
[2020.09.11-06.26.01:898][  0]LogTargetPlatformManager: Display: Loaded TargetPlatform 'Android_MultiClient'
[2020.09.11-06.26.01:925][  0]LogTargetPlatformManager: Display: Loaded TargetPlatform 'IOSClient'
[2020.09.11-06.26.01:925][  0]LogTargetPlatformManager: Display: Loaded TargetPlatform 'IOS'
[2020.09.11-06.26.01:936][  0]LogTargetPlatformManager: Display: Loaded TargetPlatform 'LinuxNoEditor'
[2020.09.11-06.26.01:946][  0]LogTargetPlatformManager: Display: Loaded TargetPlatform 'LinuxClient'
[2020.09.11-06.26.01:956][  0]LogTargetPlatformManager: Display: Loaded TargetPlatform 'LinuxServer'
[2020.09.11-06.26.01:967][  0]LogTargetPlatformManager: Display: Loaded TargetPlatform 'LinuxAArch64NoEditor'
[2020.09.11-06.26.01:979][  0]LogTargetPlatformManager: Display: Loaded TargetPlatform 'LinuxAArch64Client'
[2020.09.11-06.26.01:990][  0]LogTargetPlatformManager: Display: Loaded TargetPlatform 'LinuxAArch64Server'
[2020.09.11-06.26.02:024][  0]LogTargetPlatformManager: Display: Loaded TargetPlatform 'Lumin'
[2020.09.11-06.26.02:025][  0]LogTargetPlatformManager: Display: Loaded TargetPlatform 'LuminClient'
[2020.09.11-06.26.02:046][  0]LogTargetPlatformManager: Display: Loaded TargetPlatform 'TVOSClient'
[2020.09.11-06.26.02:046][  0]LogTargetPlatformManager: Display: Loaded TargetPlatform 'TVOS'
[2020.09.11-06.26.02:056][  0]LogTargetPlatformManager: Display: Loaded TargetPlatform 'WindowsNoEditor'
[2020.09.11-06.26.02:068][  0]LogTargetPlatformManager: Display: Loaded TargetPlatform 'Windows'
[2020.09.11-06.26.02:081][  0]LogTargetPlatformManager: Display: Loaded TargetPlatform 'WindowsClient'
[2020.09.11-06.26.02:093][  0]LogTargetPlatformManager: Display: Loaded TargetPlatform 'WindowsServer'
[2020.09.11-06.26.02:093][  0]LogTargetPlatformManager: Display: Building Assets For Windows
[2020.09.11-06.26.02:099][  0]LogAudioDebug: Display: Lib vorbis DLL was dynamically loaded.
[2020.09.11-06.26.02:135][  0]LogShaderCompilers: Guid format shader working directory is -75 characters bigger than the processId version (../../../../../../Users/Pog/Documents/School/Year 4/Sem 2/AdvancedGames/Assignment 2/Git/AdvGamesProgramming/GameFiles/Intermediate/Shaders/WorkingDirectory/18248/).
[2020.09.11-06.26.02:136][  0]LogShaderCompilers: Cleaned the shader compiler working directory 'C:/Users/Pog/AppData/Local/Temp/UnrealShaderWorkingDir/AFC19A9148DD0A9A047B4297648D4713/'.
[2020.09.11-06.26.02:136][  0]LogXGEController: Cleaning working directory: C:/Users/Pog/AppData/Local/Temp/UnrealXGEWorkingDir/
[2020.09.11-06.26.02:137][  0]LogXGEController: Cannot use XGE Controller as Incredibuild is not installed on this machine.
[2020.09.11-06.26.02:137][  0]LogShaderCompilers: Cannot use XGE Shader Compiler as Incredibuild is not installed on this machine.
[2020.09.11-06.26.02:137][  0]LogShaderCompilers: Display: Using Local Shader Compiler.
[2020.09.11-06.26.03:284][  0]LogDerivedDataCache: Display: Max Cache Size: 512 MB
[2020.09.11-06.26.03:370][  0]LogDerivedDataCache: Loaded boot cache 0.09s 89MB C:/Users/Pog/AppData/Local/UnrealEngine/4.24/DerivedDataCache/Boot.ddc.
[2020.09.11-06.26.03:370][  0]LogDerivedDataCache: Display: Loaded Boot cache: C:/Users/Pog/AppData/Local/UnrealEngine/4.24/DerivedDataCache/Boot.ddc
[2020.09.11-06.26.03:370][  0]LogDerivedDataCache: FDerivedDataBackendGraph:  Pak pak cache file ../../../../../../Users/Pog/Documents/School/Year 4/Sem 2/AdvancedGames/Assignment 2/Git/AdvGamesProgramming/GameFiles/DerivedDataCache/DDC.ddp not found, will not use a pak cache.
[2020.09.11-06.26.03:370][  0]LogDerivedDataCache: Unable to find inner node Pak for hierarchical cache Hierarchy.
[2020.09.11-06.26.03:370][  0]LogDerivedDataCache: FDerivedDataBackendGraph:  CompressedPak pak cache file ../../../../../../Users/Pog/Documents/School/Year 4/Sem 2/AdvancedGames/Assignment 2/Git/AdvGamesProgramming/GameFiles/DerivedDataCache/Compressed.ddp not found, will not use a pak cache.
[2020.09.11-06.26.03:371][  0]LogDerivedDataCache: Unable to find inner node CompressedPak for hierarchical cache Hierarchy.
[2020.09.11-06.26.03:386][  0]LogDerivedDataCache: Display: Pak cache opened for reading ../../../Engine/DerivedDataCache/Compressed.ddp.
[2020.09.11-06.26.03:386][  0]LogDerivedDataCache: FDerivedDataBackendGraph:  EnterprisePak pak cache file ../../../Enterprise/DerivedDataCache/Compressed.ddp not found, will not use a pak cache.
[2020.09.11-06.26.03:386][  0]LogDerivedDataCache: Unable to find inner node EnterprisePak for hierarchical cache Hierarchy.
[2020.09.11-06.26.03:388][  0]LogDerivedDataCache: Using Local data cache path C:/Users/Pog/AppData/Local/UnrealEngine/Common/DerivedDataCache: Writable
[2020.09.11-06.26.03:388][  0]LogDerivedDataCache: Shared data cache path not found in *engine.ini, will not use an Shared cache.
[2020.09.11-06.26.03:388][  0]LogDerivedDataCache: Unable to find inner node Shared for hierarchical cache Hierarchy.
[2020.09.11-06.26.03:456][  0]LogMaterial: Verifying Global Shaders for PCD3D_SM5
[2020.09.11-06.26.03:459][  0]LogSlate: Using FreeType 2.10.0
[2020.09.11-06.26.03:460][  0]LogSlate: SlateFontServices - WITH_FREETYPE: 1, WITH_HARFBUZZ: 1
[2020.09.11-06.26.03:553][  0]LogAssetRegistry: FAssetRegistry took 0.0048 seconds to start up
[2020.09.11-06.26.04:049][  0]LogInit: Selected Device Profile: [Windows]
[2020.09.11-06.26.04:309][  0]LogMeshReduction: Using QuadricMeshReduction for automatic static mesh reduction
[2020.09.11-06.26.04:309][  0]LogMeshReduction: Using SimplygonMeshReduction for automatic skeletal mesh reduction
[2020.09.11-06.26.04:309][  0]LogMeshReduction: Using ProxyLODMeshReduction for automatic mesh merging
[2020.09.11-06.26.04:309][  0]LogMeshReduction: No distributed automatic mesh merging module available
[2020.09.11-06.26.04:309][  0]LogMeshMerging: No distributed automatic mesh merging module available
[2020.09.11-06.26.04:334][  0]LogNetVersion: AdvGamesProgramming 1.0.0, NetCL: 10570792, EngineNetVer: 13, GameNetVer: 0 (Checksum: 489682494)
[2020.09.11-06.26.05:976][  0]LogPackageLocalizationCache: Processed 8 localized package path(s) for 1 prioritized culture(s) in 0.073748 seconds
[2020.09.11-06.26.05:988][  0]LogUObjectArray: 46098 objects as part of root set at end of initial load.
[2020.09.11-06.26.05:988][  0]LogUObjectAllocator: 8030680 out of 0 bytes used by permanent object pool.
[2020.09.11-06.26.05:989][  0]LogUObjectArray: CloseDisregardForGC: 0/0 objects in disregard for GC pool
[2020.09.11-06.26.06:716][  0]LogTcpMessaging: Initializing TcpMessaging bridge
[2020.09.11-06.26.06:721][  0]LogUdpMessaging: Initializing bridge on interface 0.0.0.0:0 to multicast group 230.0.0.1:6666.
[2020.09.11-06.26.06:721][  0]FUdpSocketBuilder: Failed to subscribe UdpMessageMulticastSocket to multicast group 230.0.0.1 on interface 0.0.0.0
[2020.09.11-06.26.06:721][  0]FUdpSocketBuilder: Failed to create and initialize socket UdpMessageMulticastSocket (last error: 0)
[2020.09.11-06.26.06:721][  0]LogUdpMessaging: Warning: StartTransport failed to create multicast socket on 0.0.0.0:0, joined to 230.0.0.1:6666 with TTL 1
[2020.09.11-06.26.06:868][  0]LogBlueprint: Warning: [Compiler Ue4ASP_Character] InputAction Event references unknown Action 'Crouch' for  InputAction Crouch
[2020.09.11-06.26.06:869][  0]LogBlueprint: Warning: [Compiler Ue4ASP_Character] Input Axis Event references unknown Axis 'MoveRight' for  InputAxis MoveRight
[2020.09.11-06.26.07:506][  0]SourceControl: Source control is disabled
[2020.09.11-06.26.07:506][  0]SourceControl: Source control is disabled
[2020.09.11-06.26.07:508][  0]SourceControl: Source control is disabled
[2020.09.11-06.26.07:509][  0]SourceControl: Source control is disabled
[2020.09.11-06.26.07:511][  0]SourceControl: Source control is disabled
[2020.09.11-06.26.07:634][  0]LogAndroidPermission: UAndroidPermissionCallbackProxy::GetInstance
[2020.09.11-06.26.07:653][  0]LogAudioCaptureCore: Display: No Audio Capture implementations found. Audio input will be silent.
[2020.09.11-06.26.07:653][  0]LogAudioCaptureCore: Display: No Audio Capture implementations found. Audio input will be silent.
[2020.09.11-06.26.07:818][  0]LogEngine: Initializing Engine...
[2020.09.11-06.26.07:821][  0]LogStats: UGameplayTagsManager::InitializeManager -  0.000 s
[2020.09.11-06.26.08:397][  0]LogInit: Initializing FReadOnlyCVARCache
[2020.09.11-06.26.08:406][  0]LogAIModule: Creating AISystem for world Untitled
[2020.09.11-06.26.08:439][  0]LogAudioMixer: Display: Audio Mixer Platform Settings:
[2020.09.11-06.26.08:439][  0]LogAudioMixer: Display: 	Sample Rate:						  48000
[2020.09.11-06.26.08:439][  0]LogAudioMixer: Display: 	Callback Buffer Frame Size Requested: 1024
[2020.09.11-06.26.08:439][  0]LogAudioMixer: Display: 	Callback Buffer Frame Size To Use:	  1024
[2020.09.11-06.26.08:439][  0]LogAudioMixer: Display: 	Number of buffers to queue:			  2
[2020.09.11-06.26.08:439][  0]LogAudioMixer: Display: 	Max Channels (voices):				  32
[2020.09.11-06.26.08:439][  0]LogAudioMixer: Display: 	Number of Async Source Workers:		  0
[2020.09.11-06.26.08:439][  0]LogAudio: Display: AudioDevice MaxSources: 32
[2020.09.11-06.26.08:440][  0]LogAudio: Display: Using built-in audio occlusion.
[2020.09.11-06.26.08:440][  0]LogAudioMixer: Display: Initializing audio mixer.
[2020.09.11-06.26.08:792][  0]LogAudioMixer: Display: Audio Device Output Speaker Info:
[2020.09.11-06.26.08:792][  0]LogAudioMixer: Display: Name: Headphones (ATH-M50xBT     Stereo)
[2020.09.11-06.26.08:792][  0]LogAudioMixer: Display: Is Default: Yes
[2020.09.11-06.26.08:792][  0]LogAudioMixer: Display: Sample Rate: 44100
[2020.09.11-06.26.08:792][  0]LogAudioMixer: Display: Channel Count Used: 2
[2020.09.11-06.26.08:792][  0]LogAudioMixer: Display: Device Channel Count: 2
[2020.09.11-06.26.08:792][  0]LogAudioMixer: Display: Channel Order:
[2020.09.11-06.26.08:792][  0]LogAudioMixer: Display: 0: FrontLeft
[2020.09.11-06.26.08:792][  0]LogAudioMixer: Display: 1: FrontRight
[2020.09.11-06.26.08:828][  0]LogAudioMixer: Display: Using Audio Device Headphones (ATH-M50xBT     Stereo)
[2020.09.11-06.26.08:837][  0]LogInit: FAudioDevice initialized.
[2020.09.11-06.26.08:837][  0]LogNetVersion: Set ProjectVersion to 1.0.0.0. Version Checksum will be recalculated on next use.
[2020.09.11-06.26.08:906][  0]LogDerivedDataCache: Saved boot cache 0.07s 89MB C:/Users/Pog/AppData/Local/UnrealEngine/4.24/DerivedDataCache/Boot.ddc.
[2020.09.11-06.26.08:913][  0]LogInit: Texture streaming: Enabled
[2020.09.11-06.26.08:927][  0]LogEngineSessionManager: EngineSessionManager initialized
[2020.09.11-06.26.08:927][  0]LogEngineSessionManager: EngineSessionManager sent abnormal shutdown report. Type=Crashed, SessionId={73B0E620-4466-8338-A627-C4BBCA7937D3}
[2020.09.11-06.26.08:927][  0]LogEditorSessionSummary: Verbose: Initializing EditorSessionSummaryWriter for editor session tracking
[2020.09.11-06.26.08:930][  0]LogEditorSessionSummary: EditorSessionSummaryWriter initialized
[2020.09.11-06.26.09:010][  0]LogInit: Transaction tracking system initialized
[2020.09.11-06.26.09:023][  0]BlueprintLog: New page: Editor Load
[2020.09.11-06.26.09:073][  0]LocalizationService: Localization service is disabled
[2020.09.11-06.26.09:618][  0]LogFileCache: Scanning file cache for directory 'C:/Users/Pog/Documents/School/Year 4/Sem 2/AdvancedGames/Assignment 2/Git/AdvGamesProgramming/GameFiles/Content/' took 0.01s
[2020.09.11-06.26.09:618][  0]LogCook: Display: Max memory allowance for cook 16384mb min free memory 0mb
[2020.09.11-06.26.09:619][  0]LogCook: Display: Mobile HDR setting 1
[2020.09.11-06.26.09:760][  0]SourceControl: Source control is disabled
[2020.09.11-06.26.09:761][  0]LightingResults: New page: Lighting Build
[2020.09.11-06.26.09:762][  0]LogWorld: UWorld::CleanupWorld for Untitled, bSessionEnded=true, bCleanupResources=true
[2020.09.11-06.26.09:762][  0]LogSlate: InvalidateAllWidgets triggered.  All widgets were invalidated
[2020.09.11-06.26.09:762][  0]MapCheck: New page: Map Check
[2020.09.11-06.26.09:762][  0]LightingResults: New page: Lighting Build
[2020.09.11-06.26.09:799][  0]LogUObjectHash: Compacting FUObjectHashTables data took   2.85ms
[2020.09.11-06.26.09:952][  0]LogAIModule: Creating AISystem for world TestingMap
[2020.09.11-06.26.09:970][  0]LogEditorServer: Finished looking for orphan Actors (0.000 secs)
[2020.09.11-06.26.10:010][  0]LogUObjectHash: Compacting FUObjectHashTables data took   2.76ms
[2020.09.11-06.26.10:010][  0]Cmd: MAP CHECKDEP NOCLEARLOG
[2020.09.11-06.26.10:010][  0]MapCheck: Map check complete: 0 Error(s), 0 Warning(s), took 0.211ms to complete.
[2020.09.11-06.26.10:010][  0]LogFileHelpers: Loading map 'TestingMap' took 0.249
[2020.09.11-06.26.10:272][  0]LogSlate: Updating window title bar state: overlay mode, drag disabled, window buttons hidden, title bar hidden
[2020.09.11-06.26.10:286][  0]LogSlate: Updating window title bar state: overlay mode, drag disabled, window buttons hidden, title bar hidden
[2020.09.11-06.26.10:303][  0]LogSlate: Updating window title bar state: overlay mode, drag disabled, window buttons hidden, title bar hidden
[2020.09.11-06.26.10:319][  0]LogSlate: Updating window title bar state: overlay mode, drag disabled, window buttons hidden, title bar hidden
[2020.09.11-06.26.10:339][  0]LogCollectionManager: Loaded 0 collections in 0.004132 seconds
[2020.09.11-06.26.10:371][  0]LogFileCache: Scanning file cache for directory 'C:/Users/Pog/Documents/School/Year 4/Sem 2/AdvancedGames/Assignment 2/Git/AdvGamesProgramming/GameFiles/Saved/Collections/' took 0.00s
[2020.09.11-06.26.10:371][  0]LogFileCache: Scanning file cache for directory 'C:/Users/Pog/Documents/School/Year 4/Sem 2/AdvancedGames/Assignment 2/Git/AdvGamesProgramming/GameFiles/Content/Developers/Jack/Collections/' took 0.00s
[2020.09.11-06.26.10:371][  0]LogFileCache: Scanning file cache for directory 'C:/Users/Pog/Documents/School/Year 4/Sem 2/AdvancedGames/Assignment 2/Git/AdvGamesProgramming/GameFiles/Content/Collections/' took 0.00s
[2020.09.11-06.26.10:371][  0]LogContentBrowser: Native class hierarchy populated in 0.0205 seconds. Added 3008 classes and 706 folders.
[2020.09.11-06.26.10:376][  0]LogContentBrowser: Native class hierarchy updated for 'WidgetCarousel' in 0.0007 seconds. Added 0 classes and 0 folders.
[2020.09.11-06.26.10:470][  0]LogContentBrowser: Native class hierarchy updated for 'AddContentDialog' in 0.0007 seconds. Added 0 classes and 0 folders.
[2020.09.11-06.26.10:494][  0]LogUdpMessaging: Warning: UDP messaging encountered an error. Auto repair routine started for reinitialization
[2020.09.11-06.26.10:522][  0]LogSlate: Took 0.000316 seconds to synchronously load lazily loaded font '../../../Engine/Content/Slate/Fonts/Roboto-Regular.ttf' (155K)
[2020.09.11-06.26.10:529][  0]LogSlate: Took 0.000265 seconds to synchronously load lazily loaded font '../../../Engine/Content/Slate/Fonts/Roboto-Bold.ttf' (160K)
[2020.09.11-06.26.10:533][  0]LogSlate: Took 0.000183 seconds to synchronously load lazily loaded font '../../../Engine/Content/Editor/Slate/Fonts/FontAwesome.ttf' (139K)
[2020.09.11-06.26.10:648][  0]LogRenderer: Reallocating scene render targets to support 1176x504 Format 10 NumSamples 1 (Frame:1).
[2020.09.11-06.26.10:836][  0]LogContentBrowser: Native class hierarchy updated for 'HierarchicalLODOutliner' in 0.0006 seconds. Added 0 classes and 0 folders.
[2020.09.11-06.26.10:836][  0]LogLoad: (Engine Initialization) Total time: 12.71 seconds
[2020.09.11-06.26.10:836][  0]LogLoad: (Engine Initialization) Total Blueprint compile time: 0.00 seconds
[2020.09.11-06.26.10:898][  0]LogContentStreaming: Texture pool size now 1000 MB
[2020.09.11-06.26.10:909][  0]LogSlate: Took 0.000229 seconds to synchronously load lazily loaded font '../../../Engine/Content/Slate/Fonts/Roboto-Light.ttf' (167K)
[2020.09.11-06.26.10:935][  1]LogAssetRegistry: Asset discovery search completed in 7.3843 seconds
[2020.09.11-06.26.10:941][  1]LogCollectionManager: Fixed up redirectors for 0 collections in 0.000013 seconds (updated 0 objects)
[2020.09.11-06.26.11:951][101]FUdpSocketBuilder: Failed to subscribe UdpMessageMulticastSocket to multicast group 230.0.0.1 on interface 0.0.0.0
[2020.09.11-06.26.11:951][101]FUdpSocketBuilder: Failed to create and initialize socket UdpMessageMulticastSocket (last error: 0)
[2020.09.11-06.26.11:951][101]LogUdpMessaging: Warning: StartTransport failed to create multicast socket on 0.0.0.0:0, joined to 230.0.0.1:6666 with TTL 1
[2020.09.11-06.26.11:983][101]LogUdpMessaging: Warning: UDP messaging encountered an error. Auto repair routine started for reinitialization
[2020.09.11-06.26.11:987][101]LogSlate: Took 0.000246 seconds to synchronously load lazily loaded font '../../../Engine/Content/Slate/Fonts/Roboto-Light.ttf' (167K)
[2020.09.11-06.26.13:965][284]FUdpSocketBuilder: Failed to subscribe UdpMessageMulticastSocket to multicast group 230.0.0.1 on interface 0.0.0.0
[2020.09.11-06.26.13:965][284]FUdpSocketBuilder: Failed to create and initialize socket UdpMessageMulticastSocket (last error: 0)
[2020.09.11-06.26.13:965][284]LogUdpMessaging: Warning: StartTransport failed to create multicast socket on 0.0.0.0:0, joined to 230.0.0.1:6666 with TTL 1
[2020.09.11-06.26.13:970][284]LogUdpMessaging: Warning: UDP messaging encountered an error. Auto repair routine started for reinitialization
[2020.09.11-06.26.15:138][414]LogAssetEditorSubsystem: Opening Asset editor for BehaviorTree /Game/BT/EnemyBT.EnemyBT
[2020.09.11-06.26.15:982][460]FUdpSocketBuilder: Failed to subscribe UdpMessageMulticastSocket to multicast group 230.0.0.1 on interface 0.0.0.0
[2020.09.11-06.26.15:982][460]FUdpSocketBuilder: Failed to create and initialize socket UdpMessageMulticastSocket (last error: 0)
[2020.09.11-06.26.15:982][460]LogUdpMessaging: Warning: StartTransport failed to create multicast socket on 0.0.0.0:0, joined to 230.0.0.1:6666 with TTL 1
[2020.09.11-06.26.15:990][460]LogUdpMessaging: Warning: UDP messaging encountered an error. Auto repair routine started for reinitialization
[2020.09.11-06.26.18:199][580]FUdpSocketBuilder: Failed to subscribe UdpMessageMulticastSocket to multicast group 230.0.0.1 on interface 0.0.0.0
[2020.09.11-06.26.18:199][580]FUdpSocketBuilder: Failed to create and initialize socket UdpMessageMulticastSocket (last error: 0)
[2020.09.11-06.26.18:199][580]LogUdpMessaging: Warning: StartTransport failed to create multicast socket on 0.0.0.0:0, joined to 230.0.0.1:6666 with TTL 1
[2020.09.11-06.26.18:228][580]LogUdpMessaging: Warning: UDP messaging encountered an error. Auto repair routine started for reinitialization
[2020.09.11-06.26.18:416][587]LogSlate: Took 0.000227 seconds to synchronously load lazily loaded font '../../../Engine/Content/Slate/Fonts/Roboto-BoldCondensed.ttf' (158K)
[2020.09.11-06.26.20:215][686]FUdpSocketBuilder: Failed to subscribe UdpMessageMulticastSocket to multicast group 230.0.0.1 on interface 0.0.0.0
[2020.09.11-06.26.20:215][686]FUdpSocketBuilder: Failed to create and initialize socket UdpMessageMulticastSocket (last error: 0)
[2020.09.11-06.26.20:215][686]LogUdpMessaging: Warning: StartTransport failed to create multicast socket on 0.0.0.0:0, joined to 230.0.0.1:6666 with TTL 1
[2020.09.11-06.26.20:220][686]LogUdpMessaging: Warning: UDP messaging encountered an error. Auto repair routine started for reinitialization
[2020.09.11-06.26.22:228][806]FUdpSocketBuilder: Failed to subscribe UdpMessageMulticastSocket to multicast group 230.0.0.1 on interface 0.0.0.0
[2020.09.11-06.26.22:228][806]FUdpSocketBuilder: Failed to create and initialize socket UdpMessageMulticastSocket (last error: 0)
[2020.09.11-06.26.22:228][806]LogUdpMessaging: Warning: StartTransport failed to create multicast socket on 0.0.0.0:0, joined to 230.0.0.1:6666 with TTL 1
[2020.09.11-06.26.22:250][806]LogUdpMessaging: Warning: UDP messaging encountered an error. Auto repair routine started for reinitialization
[2020.09.11-06.26.24:242][929]FUdpSocketBuilder: Failed to subscribe UdpMessageMulticastSocket to multicast group 230.0.0.1 on interface 0.0.0.0
[2020.09.11-06.26.24:242][929]FUdpSocketBuilder: Failed to create and initialize socket UdpMessageMulticastSocket (last error: 0)
[2020.09.11-06.26.24:242][929]LogUdpMessaging: Warning: StartTransport failed to create multicast socket on 0.0.0.0:0, joined to 230.0.0.1:6666 with TTL 1
[2020.09.11-06.26.24:249][929]LogUdpMessaging: Warning: UDP messaging encountered an error. Auto repair routine started for reinitialization
[2020.09.11-06.26.26:259][ 33]FUdpSocketBuilder: Failed to subscribe UdpMessageMulticastSocket to multicast group 230.0.0.1 on interface 0.0.0.0
[2020.09.11-06.26.26:259][ 33]FUdpSocketBuilder: Failed to create and initialize socket UdpMessageMulticastSocket (last error: 0)
[2020.09.11-06.26.26:259][ 33]LogUdpMessaging: Warning: StartTransport failed to create multicast socket on 0.0.0.0:0, joined to 230.0.0.1:6666 with TTL 1
[2020.09.11-06.26.26:296][ 33]LogUdpMessaging: Warning: UDP messaging encountered an error. Auto repair routine started for reinitialization
[2020.09.11-06.26.26:388][ 33]LogUObjectHash: Compacting FUObjectHashTables data took   3.36ms
[2020.09.11-06.26.26:533][ 33]LogSavePackage: Moving '../../../../../../Users/Pog/Documents/School/Year 4/Sem 2/AdvancedGames/Assignment 2/Git/AdvGamesProgramming/GameFiles/Saved/TestingMapF09E2F884B4A5C744ABAEC94D8A6965A.tmp' to '../../../../../../Users/Pog/Documents/School/Year 4/Sem 2/AdvancedGames/Assignment 2/Git/AdvGamesProgramming/GameFiles/Content/Levels/TestingMap.umap'
[2020.09.11-06.26.26:695][ 33]LogSavePackage: Moving '../../../../../../Users/Pog/Documents/School/Year 4/Sem 2/AdvancedGames/Assignment 2/Git/AdvGamesProgramming/GameFiles/Saved/TestingMap_BuiltDataD54256734F2F92AB6D451F969F7F4435.tmp' to '../../../../../../Users/Pog/Documents/School/Year 4/Sem 2/AdvancedGames/Assignment 2/Git/AdvGamesProgramming/GameFiles/Content/Levels/TestingMap_BuiltData.uasset'
[2020.09.11-06.26.26:724][ 33]AssetCheck: New page: Asset Save: multiple assets
[2020.09.11-06.26.26:725][ 33]LogContentValidation: Display: Validating World /Game/Levels/TestingMap.TestingMap
[2020.09.11-06.26.26:725][ 33]LogContentValidation: Display: Validating MapBuildDataRegistry /Game/Levels/TestingMap_BuiltData.TestingMap_BuiltData
[2020.09.11-06.26.28:276][123]FUdpSocketBuilder: Failed to subscribe UdpMessageMulticastSocket to multicast group 230.0.0.1 on interface 0.0.0.0
[2020.09.11-06.26.28:276][123]FUdpSocketBuilder: Failed to create and initialize socket UdpMessageMulticastSocket (last error: 0)
[2020.09.11-06.26.28:276][123]LogUdpMessaging: Warning: StartTransport failed to create multicast socket on 0.0.0.0:0, joined to 230.0.0.1:6666 with TTL 1
[2020.09.11-06.26.28:284][123]LogUdpMessaging: Warning: UDP messaging encountered an error. Auto repair routine started for reinitialization
[2020.09.11-06.26.30:292][230]FUdpSocketBuilder: Failed to subscribe UdpMessageMulticastSocket to multicast group 230.0.0.1 on interface 0.0.0.0
[2020.09.11-06.26.30:292][230]FUdpSocketBuilder: Failed to create and initialize socket UdpMessageMulticastSocket (last error: 0)
[2020.09.11-06.26.30:292][230]LogUdpMessaging: Warning: StartTransport failed to create multicast socket on 0.0.0.0:0, joined to 230.0.0.1:6666 with TTL 1
[2020.09.11-06.26.30:416][230]LogUdpMessaging: Warning: UDP messaging encountered an error. Auto repair routine started for reinitialization
[2020.09.11-06.26.32:310][314]FUdpSocketBuilder: Failed to subscribe UdpMessageMulticastSocket to multicast group 230.0.0.1 on interface 0.0.0.0
[2020.09.11-06.26.32:310][314]FUdpSocketBuilder: Failed to create and initialize socket UdpMessageMulticastSocket (last error: 0)
[2020.09.11-06.26.32:310][314]LogUdpMessaging: Warning: StartTransport failed to create multicast socket on 0.0.0.0:0, joined to 230.0.0.1:6666 with TTL 1
[2020.09.11-06.26.32:330][314]LogUdpMessaging: Warning: UDP messaging encountered an error. Auto repair routine started for reinitialization
[2020.09.11-06.26.34:326][371]FUdpSocketBuilder: Failed to subscribe UdpMessageMulticastSocket to multicast group 230.0.0.1 on interface 0.0.0.0
[2020.09.11-06.26.34:326][371]FUdpSocketBuilder: Failed to create and initialize socket UdpMessageMulticastSocket (last error: 0)
[2020.09.11-06.26.34:326][371]LogUdpMessaging: Warning: StartTransport failed to create multicast socket on 0.0.0.0:0, joined to 230.0.0.1:6666 with TTL 1
[2020.09.11-06.26.34:342][371]LogUdpMessaging: Warning: UDP messaging encountered an error. Auto repair routine started for reinitialization
[2020.09.11-06.26.36:338][446]FUdpSocketBuilder: Failed to subscribe UdpMessageMulticastSocket to multicast group 230.0.0.1 on interface 0.0.0.0
[2020.09.11-06.26.36:338][446]FUdpSocketBuilder: Failed to create and initialize socket UdpMessageMulticastSocket (last error: 0)
[2020.09.11-06.26.36:338][446]LogUdpMessaging: Warning: StartTransport failed to create multicast socket on 0.0.0.0:0, joined to 230.0.0.1:6666 with TTL 1
[2020.09.11-06.26.36:344][446]LogUdpMessaging: Warning: UDP messaging encountered an error. Auto repair routine started for reinitialization
[2020.09.11-06.26.38:353][535]FUdpSocketBuilder: Failed to subscribe UdpMessageMulticastSocket to multicast group 230.0.0.1 on interface 0.0.0.0
[2020.09.11-06.26.38:353][535]FUdpSocketBuilder: Failed to create and initialize socket UdpMessageMulticastSocket (last error: 0)
[2020.09.11-06.26.38:353][535]LogUdpMessaging: Warning: StartTransport failed to create multicast socket on 0.0.0.0:0, joined to 230.0.0.1:6666 with TTL 1
[2020.09.11-06.26.38:362][535]LogUdpMessaging: Warning: UDP messaging encountered an error. Auto repair routine started for reinitialization
[2020.09.11-06.26.40:048][606]LogUObjectHash: Compacting FUObjectHashTables data took   3.29ms
[2020.09.11-06.26.40:213][606]LogSavePackage: Moving '../../../../../../Users/Pog/Documents/School/Year 4/Sem 2/AdvancedGames/Assignment 2/Git/AdvGamesProgramming/GameFiles/Saved/TestingMapC43E52D044E547A5F2D31E824722CF96.tmp' to '../../../../../../Users/Pog/Documents/School/Year 4/Sem 2/AdvancedGames/Assignment 2/Git/AdvGamesProgramming/GameFiles/Content/Levels/TestingMap.umap'
[2020.09.11-06.26.40:359][606]LogSavePackage: Moving '../../../../../../Users/Pog/Documents/School/Year 4/Sem 2/AdvancedGames/Assignment 2/Git/AdvGamesProgramming/GameFiles/Saved/TestingMap_BuiltDataF29E415A474BC60167F7ECA58DDD780C.tmp' to '../../../../../../Users/Pog/Documents/School/Year 4/Sem 2/AdvancedGames/Assignment 2/Git/AdvGamesProgramming/GameFiles/Content/Levels/TestingMap_BuiltData.uasset'
[2020.09.11-06.26.40:398][606]AssetCheck: New page: Asset Save: multiple assets
[2020.09.11-06.26.40:398][606]LogContentValidation: Display: Validating World /Game/Levels/TestingMap.TestingMap
[2020.09.11-06.26.40:398][606]LogContentValidation: Display: Validating MapBuildDataRegistry /Game/Levels/TestingMap_BuiltData.TestingMap_BuiltData
[2020.09.11-06.26.40:568][608]FUdpSocketBuilder: Failed to subscribe UdpMessageMulticastSocket to multicast group 230.0.0.1 on interface 0.0.0.0
[2020.09.11-06.26.40:569][608]FUdpSocketBuilder: Failed to create and initialize socket UdpMessageMulticastSocket (last error: 0)
[2020.09.11-06.26.40:569][608]LogUdpMessaging: Warning: StartTransport failed to create multicast socket on 0.0.0.0:0, joined to 230.0.0.1:6666 with TTL 1
[2020.09.11-06.26.40:587][608]LogUdpMessaging: Warning: UDP messaging encountered an error. Auto repair routine started for reinitialization
[2020.09.11-06.26.40:891][623]Candidate modules for hot reload:
[2020.09.11-06.26.40:891][623]  AdvGamesProgramming
[2020.09.11-06.26.40:891][623]Launching UnrealBuildTool... [C:/Program Files/Epic Games/UE_4.24/Engine/Binaries/DotNET/UnrealBuildTool.exe  -ModuleWithSuffix=AdvGamesProgramming,5696 Win64 Development -TargetType=Editor -Project="C:/Users/Pog/Documents/School/Year 4/Sem 2/AdvancedGames/Assignment 2/Git/AdvGamesProgramming/GameFiles/AdvGamesProgramming.uproject" "C:/Users/Pog/Documents/School/Year 4/Sem 2/AdvancedGames/Assignment 2/Git/AdvGamesProgramming/GameFiles/AdvGamesProgramming.uproject"  -IgnoreJunk]
[2020.09.11-06.26.40:893][623]Warning: Starting HotReload took  0.0s.
[2020.09.11-06.26.42:685][677]FUdpSocketBuilder: Failed to subscribe UdpMessageMulticastSocket to multicast group 230.0.0.1 on interface 0.0.0.0
[2020.09.11-06.26.42:685][677]FUdpSocketBuilder: Failed to create and initialize socket UdpMessageMulticastSocket (last error: 0)
[2020.09.11-06.26.42:685][677]LogUdpMessaging: Warning: StartTransport failed to create multicast socket on 0.0.0.0:0, joined to 230.0.0.1:6666 with TTL 1
[2020.09.11-06.26.42:691][677]LogUdpMessaging: Warning: UDP messaging encountered an error. Auto repair routine started for reinitialization
[2020.09.11-06.26.44:700][752]FUdpSocketBuilder: Failed to subscribe UdpMessageMulticastSocket to multicast group 230.0.0.1 on interface 0.0.0.0
[2020.09.11-06.26.44:700][752]FUdpSocketBuilder: Failed to create and initialize socket UdpMessageMulticastSocket (last error: 0)
[2020.09.11-06.26.44:700][752]LogUdpMessaging: Warning: StartTransport failed to create multicast socket on 0.0.0.0:0, joined to 230.0.0.1:6666 with TTL 1
[2020.09.11-06.26.44:706][752]LogUdpMessaging: Warning: UDP messaging encountered an error. Auto repair routine started for reinitialization
[2020.09.11-06.26.46:715][823]FUdpSocketBuilder: Failed to subscribe UdpMessageMulticastSocket to multicast group 230.0.0.1 on interface 0.0.0.0
[2020.09.11-06.26.46:715][823]FUdpSocketBuilder: Failed to create and initialize socket UdpMessageMulticastSocket (last error: 0)
[2020.09.11-06.26.46:715][823]LogUdpMessaging: Warning: StartTransport failed to create multicast socket on 0.0.0.0:0, joined to 230.0.0.1:6666 with TTL 1
[2020.09.11-06.26.46:721][823]LogUdpMessaging: Warning: UDP messaging encountered an error. Auto repair routine started for reinitialization
[2020.09.11-06.26.47:782][863]CompilerResultsLog: New page: Compilation - 12 Sep 2020, 2:26:47 am
[2020.09.11-06.26.47:783][863]CompilerResultsLog: Using 'git status' to determine working set for adaptive non-unity build (C:\Users\Pog\Documents\School\Year 4\Sem 2\AdvancedGames\Assignment 2\Git\AdvGamesProgramming).
[2020.09.11-06.26.47:783][863]CompilerResultsLog: Building AdvGamesProgrammingEditor...
[2020.09.11-06.26.47:783][863]CompilerResultsLog: Using Visual Studio 2019 14.26.28806 toolchain (C:\Program Files (x86)\Microsoft Visual Studio\2019\Community\VC\Tools\MSVC\14.26.28801) and Windows 10.0.18362.0 SDK (C:\Program Files (x86)\Windows Kits\10).
[2020.09.11-06.26.47:783][863]CompilerResultsLog: Building 3 actions with 8 processes...
[2020.09.11-06.26.47:783][863]CompilerResultsLog:   [1/3] UE4Editor-AdvGamesProgramming-5696.lib
[2020.09.11-06.26.47:783][863]CompilerResultsLog:      Creating library C:\Users\Pog\Documents\School\Year 4\Sem 2\AdvancedGames\Assignment 2\Git\AdvGamesProgramming\GameFiles\Intermediate\Build\Win64\UE4Editor\Development\AdvGamesProgramming\UE4Editor-AdvGamesProgramming-5696.lib and object C:\Users\Pog\Documents\School\Year 4\Sem 2\AdvancedGames\Assignment 2\Git\AdvGamesProgramming\GameFiles\Intermediate\Build\Win64\UE4Editor\Development\AdvGamesProgramming\UE4Editor-AdvGamesProgramming-5696.exp
[2020.09.11-06.26.47:783][863]CompilerResultsLog:   [2/3] UE4Editor-AdvGamesProgramming-5696.dll
[2020.09.11-06.26.47:783][863]CompilerResultsLog:      Creating library C:\Users\Pog\Documents\School\Year 4\Sem 2\AdvancedGames\Assignment 2\Git\AdvGamesProgramming\GameFiles\Intermediate\Build\Win64\UE4Editor\Development\AdvGamesProgramming\UE4Editor-AdvGamesProgramming-5696.suppressed.lib and object C:\Users\Pog\Documents\School\Year 4\Sem 2\AdvancedGames\Assignment 2\Git\AdvGamesProgramming\GameFiles\Intermediate\Build\Win64\UE4Editor\Development\AdvGamesProgramming\UE4Editor-AdvGamesProgramming-5696.suppressed.exp
[2020.09.11-06.26.47:783][863]CompilerResultsLog:   [3/3] AdvGamesProgrammingEditor.target
[2020.09.11-06.26.47:783][863]CompilerResultsLog: Total time in Parallel executor: 4.09 seconds
[2020.09.11-06.26.47:783][863]CompilerResultsLog: Total execution time: 6.70 seconds
[2020.09.11-06.26.47:783][863]LogMainFrame: MainFrame: Module compiling took 6.910 seconds
[2020.09.11-06.26.47:819][863]LogUObjectHash: Compacting FUObjectHashTables data took   5.21ms
[2020.09.11-06.26.47:871][863]LogClass: AgentState HotReload.
[2020.09.11-06.26.47:880][863]LogContentBrowser: Native class hierarchy updated for 'AdvGamesProgramming' in 0.0005 seconds. Added 9 classes and 2 folders.
[2020.09.11-06.26.47:885][863]Display: HotReload successful (9 functions remapped  0 scriptstructs remapped)
[2020.09.11-06.26.47:999][863]LogUObjectHash: Compacting FUObjectHashTables data took   2.61ms
[2020.09.11-06.26.48:021][863]LogContentBrowser: Native class hierarchy populated in 0.0145 seconds. Added 3008 classes and 706 folders.
[2020.09.11-06.26.48:030][863]Display: HotReload took  7.2s.
[2020.09.11-06.26.48:730][884]FUdpSocketBuilder: Failed to subscribe UdpMessageMulticastSocket to multicast group 230.0.0.1 on interface 0.0.0.0
[2020.09.11-06.26.48:730][884]FUdpSocketBuilder: Failed to create and initialize socket UdpMessageMulticastSocket (last error: 0)
[2020.09.11-06.26.48:730][884]LogUdpMessaging: Warning: StartTransport failed to create multicast socket on 0.0.0.0:0, joined to 230.0.0.1:6666 with TTL 1
[2020.09.11-06.26.48:735][884]LogUdpMessaging: Warning: UDP messaging encountered an error. Auto repair routine started for reinitialization
[2020.09.11-06.26.49:732][920]LogTemp: Repeating last play command: Selected Viewport
[2020.09.11-06.26.49:757][920]LogPlayLevel: PlayLevel: No blueprints needed recompiling
[2020.09.11-06.26.49:758][920]PIE: New page: PIE session: TestingMap (12 Sep 2020, 2:26:49 am)
[2020.09.11-06.26.49:760][920]LogOnline: OSS: Creating online subsystem instance for: NULL
[2020.09.11-06.26.49:761][920]LogOnline: OSS: TryLoadSubsystemAndSetDefault: Loaded subsystem for module [NULL]
[2020.09.11-06.26.49:761][920]LogPlayLevel: Creating play world package: /Game/Levels/UEDPIE_0_TestingMap
[2020.09.11-06.26.49:796][920]LogPlayLevel: PIE: StaticDuplicateObject took: (0.034355s)
[2020.09.11-06.26.49:797][920]LogAIModule: Creating AISystem for world TestingMap
[2020.09.11-06.26.49:797][920]LogPlayLevel: PIE: World Init took: (0.001447s)
[2020.09.11-06.26.49:797][920]LogPlayLevel: PIE: Created PIE world by copying editor world from /Game/Levels/TestingMap.TestingMap to /Game/Levels/UEDPIE_0_TestingMap.TestingMap (0.036284s)
[2020.09.11-06.26.49:829][920]LogUObjectHash: Compacting FUObjectHashTables data took   2.30ms
[2020.09.11-06.26.49:830][920]LogAudioMixer: Display: Audio Mixer Platform Settings:
[2020.09.11-06.26.49:830][920]LogAudioMixer: Display: 	Sample Rate:						  48000
[2020.09.11-06.26.49:830][920]LogAudioMixer: Display: 	Callback Buffer Frame Size Requested: 1024
[2020.09.11-06.26.49:831][920]LogAudioMixer: Display: 	Callback Buffer Frame Size To Use:	  1024
[2020.09.11-06.26.49:831][920]LogAudioMixer: Display: 	Number of buffers to queue:			  2
[2020.09.11-06.26.49:831][920]LogAudioMixer: Display: 	Max Channels (voices):				  32
[2020.09.11-06.26.49:831][920]LogAudioMixer: Display: 	Number of Async Source Workers:		  0
[2020.09.11-06.26.49:831][920]LogAudio: Display: AudioDevice MaxSources: 32
[2020.09.11-06.26.49:831][920]LogAudio: Display: Using built-in audio occlusion.
[2020.09.11-06.26.49:831][920]LogAudioMixer: Display: Initializing audio mixer.
[2020.09.11-06.26.50:081][920]LogAudioMixer: Display: Audio Device Output Speaker Info:
[2020.09.11-06.26.50:081][920]LogAudioMixer: Display: Name: Headphones (ATH-M50xBT     Stereo)
[2020.09.11-06.26.50:081][920]LogAudioMixer: Display: Is Default: Yes
[2020.09.11-06.26.50:081][920]LogAudioMixer: Display: Sample Rate: 44100
[2020.09.11-06.26.50:081][920]LogAudioMixer: Display: Channel Count Used: 2
[2020.09.11-06.26.50:081][920]LogAudioMixer: Display: Device Channel Count: 2
[2020.09.11-06.26.50:081][920]LogAudioMixer: Display: Channel Order:
[2020.09.11-06.26.50:081][920]LogAudioMixer: Display: 0: FrontLeft
[2020.09.11-06.26.50:081][920]LogAudioMixer: Display: 1: FrontRight
[2020.09.11-06.26.50:107][920]LogAudioMixer: Display: Using Audio Device Headphones (ATH-M50xBT     Stereo)
[2020.09.11-06.26.50:110][920]LogInit: FAudioDevice initialized.
[2020.09.11-06.26.50:119][920]LogLoad: Game class is 'AdvGamesProgrammingGameModeBase'
[2020.09.11-06.26.50:124][920]LogWorld: Bringing World /Game/Levels/UEDPIE_0_TestingMap.TestingMap up for play (max tick rate 0) at 2020.09.11-16.26.50
[2020.09.11-06.26.50:130][920]LogWorld: Bringing up level for play took: 0.008855
[2020.09.11-06.26.50:130][920]LogOnline: OSS: Creating online subsystem instance for: :Context_6
[2020.09.11-06.26.50:174][920]LogContentBrowser: Native class hierarchy updated for 'MovieSceneCapture' in 0.0007 seconds. Added 20 classes and 0 folders.
[2020.09.11-06.26.50:175][920]LogTemp: Warning: X=1000.000 Y=-250.000 Z=50.000
[2020.09.11-06.26.50:175][920]PIE: Play in editor start time for /Game/Levels/UEDPIE_0_TestingMap 1.148
[2020.09.11-06.26.53:909][921]LogWindows: Error: === Critical error: ===
[2020.09.11-06.26.53:909][921]LogWindows: Error: 
[2020.09.11-06.26.53:909][921]LogWindows: Error: Fatal error!
[2020.09.11-06.26.53:909][921]LogWindows: Error: 
[2020.09.11-06.26.53:909][921]LogWindows: Error: Unhandled Exception: EXCEPTION_ACCESS_VIOLATION reading address 0x00000148
[2020.09.11-06.26.53:909][921]LogWindows: Error: 
[2020.09.11-06.26.53:909][921]LogWindows: Error: [Callstack] 0x00007fff6e2c7b28 UE4Editor-AdvGamesProgramming-5696.dll!AEnemyCharacter::Trigger() [C:\Users\Pog\Documents\School\Year 4\Sem 2\AdvancedGames\Assignment 2\Git\AdvGamesProgramming\GameFiles\Source\AdvGamesProgramming\EnemyCharacter.cpp:229]
[2020.09.11-06.26.53:909][921]LogWindows: Error: [Callstack] 0x00007fffa85d42e8 UE4Editor-CoreUObject.dll!UnknownFunction []
[2020.09.11-06.26.53:909][921]LogWindows: Error: [Callstack] 0x00007fffa87fa62f UE4Editor-CoreUObject.dll!UnknownFunction []
[2020.09.11-06.26.53:909][921]LogWindows: Error: [Callstack] 0x00007fffa881ec61 UE4Editor-CoreUObject.dll!UnknownFunction []
[2020.09.11-06.26.53:909][921]LogWindows: Error: [Callstack] 0x00007fffa8820cd2 UE4Editor-CoreUObject.dll!UnknownFunction []
[2020.09.11-06.26.53:909][921]LogWindows: Error: [Callstack] 0x00007fffa87eedbb UE4Editor-CoreUObject.dll!UnknownFunction []
[2020.09.11-06.26.53:909][921]LogWindows: Error: [Callstack] 0x00007fffa88209ef UE4Editor-CoreUObject.dll!UnknownFunction []
[2020.09.11-06.26.53:909][921]LogWindows: Error: [Callstack] 0x00007fffa8820cd2 UE4Editor-CoreUObject.dll!UnknownFunction []
[2020.09.11-06.26.53:909][921]LogWindows: Error: [Callstack] 0x00007fffa8820644 UE4Editor-CoreUObject.dll!UnknownFunction []
[2020.09.11-06.26.53:909][921]LogWindows: Error: [Callstack] 0x00007fffa85d42e8 UE4Editor-CoreUObject.dll!UnknownFunction []
[2020.09.11-06.26.53:909][921]LogWindows: Error: [Callstack] 0x00007fffa8820148 UE4Editor-CoreUObject.dll!UnknownFunction []
[2020.09.11-06.26.53:909][921]LogWindows: Error: [Callstack] 0x00007fff91460e89 UE4Editor-AIModule.dll!UnknownFunction []
[2020.09.11-06.26.53:909][921]LogWindows: Error: [Callstack] 0x00007fff91393bc4 UE4Editor-AIModule.dll!UnknownFunction []
[2020.09.11-06.26.53:909][921]LogWindows: Error: [Callstack] 0x00007fff91320bf6 UE4Editor-AIModule.dll!UnknownFunction []
[2020.09.11-06.26.53:909][921]LogWindows: Error: [Callstack] 0x00007fff9133aa4f UE4Editor-AIModule.dll!UnknownFunction []
[2020.09.11-06.26.53:909][921]LogWindows: Error: [Callstack] 0x00007fff9134fdda UE4Editor-AIModule.dll!UnknownFunction []
[2020.09.11-06.26.53:909][921]LogWindows: Error: [Callstack] 0x00007fff9cc01cc8 UE4Editor-Engine.dll!UnknownFunction []
[2020.09.11-06.26.53:909][921]LogWindows: Error: [Callstack] 0x00007fff9cc32c74 UE4Editor-Engine.dll!UnknownFunction []
[2020.09.11-06.26.53:909][921]LogWindows: Error: [Callstack] 0x00007fff9d9a7223 UE4Editor-Engine.dll!UnknownFunction []
[2020.09.11-06.26.53:909][921]LogWindows: Error: [Callstack] 0x00007fff9d9b5256 UE4Editor-Engine.dll!UnknownFunction []
[2020.09.11-06.26.53:909][921]LogWindows: Error: [Callstack] 0x00007fff9f629ff2 UE4Editor-Core.dll!UnknownFunction []
[2020.09.11-06.26.53:909][921]LogWindows: Error: [Callstack] 0x00007fff9f62a2aa UE4Editor-Core.dll!UnknownFunction []
[2020.09.11-06.26.53:910][921]LogWindows: Error: [Callstack] 0x00007fff9d9d36ad UE4Editor-Engine.dll!UnknownFunction []
[2020.09.11-06.26.53:910][921]LogWindows: Error: [Callstack] 0x00007fff9d9d97c2 UE4Editor-Engine.dll!UnknownFunction []
[2020.09.11-06.26.53:910][921]LogWindows: Error: [Callstack] 0x00007fff9d15a25f UE4Editor-Engine.dll!UnknownFunction []
[2020.09.11-06.26.53:910][921]LogWindows: Error: [Callstack] 0x00007fff9d16590e UE4Editor-Engine.dll!UnknownFunction []
[2020.09.11-06.26.53:910][921]LogWindows: Error: [Callstack] 0x00007fff9b2fad60 UE4Editor-UnrealEd.dll!UnknownFunction []
[2020.09.11-06.26.53:910][921]LogWindows: Error: [Callstack] 0x00007fff9bb5e476 UE4Editor-UnrealEd.dll!UnknownFunction []
[2020.09.11-06.26.53:910][921]LogWindows: Error: [Callstack] 0x00007ff6b6377f62 UE4Editor.exe!UnknownFunction []
[2020.09.11-06.26.53:910][921]LogWindows: Error: [Callstack] 0x00007ff6b638c3ec UE4Editor.exe!UnknownFunction []
[2020.09.11-06.26.53:910][921]LogWindows: Error: [Callstack] 0x00007ff6b638c4ca UE4Editor.exe!UnknownFunction []
[2020.09.11-06.26.53:910][921]LogWindows: Error: [Callstack] 0x00007ff6b639ceae UE4Editor.exe!UnknownFunction []
[2020.09.11-06.26.53:910][921]LogWindows: Error: [Callstack] 0x00007ff6b639fcbe UE4Editor.exe!UnknownFunction []
[2020.09.11-06.26.53:910][921]LogWindows: Error: [Callstack] 0x00007ff852a77bd4 KERNEL32.DLL!UnknownFunction []
[2020.09.11-06.26.53:910][921]LogWindows: Error: [Callstack] 0x00007ff8543ece51 ntdll.dll!UnknownFunction []
[2020.09.11-06.26.53:910][921]LogWindows: Error: 
[2020.09.11-06.26.53:940][921]LogExit: Executing StaticShutdownAfterError
[2020.09.11-06.26.53:944][921]LogWindows: FPlatformMisc::RequestExit(1)
[2020.09.11-06.26.53:944][921]LogCore: Engine exit requested (reason: Win RequestExit)
[2020.09.11-06.26.53:953][921]Log file closed, 09/11/20 16:26:53
