Log file open, 11/02/20 11:21:24
LogWindows: Failed to load 'aqProf.dll' (GetLastError=126)
LogWindows: File 'aqProf.dll' does not exist
LogWindows: Failed to load 'VtuneApi.dll' (GetLastError=126)
LogWindows: File 'VtuneApi.dll' does not exist
LogWindows: Failed to load 'VtuneApi32e.dll' (GetLastError=126)
LogWindows: File 'VtuneApi32e.dll' does not exist
LogConsoleResponse: Display: Failed to find resolution value strings in scalability ini. Falling back to default.
LogInit: Display: Running engine for game: AdvGamesProgramming
LogPlatformFile: Not using cached read wrapper
LogTaskGraph: Started task graph with 5 named threads and 23 total threads with 3 sets of task threads.
LogStats: Stats thread started at 0.196408
LogD3D11RHI: Loaded GFSDK_Aftermath_Lib.x64.dll
LogICUInternationalization: ICU TimeZone Detection - Raw Offset: +10:00, Platform Override: ''
LogPluginManager: Mounting plugin Paper2D
LogPluginManager: Mounting plugin AISupport
LogPluginManager: Mounting plugin LightPropagationVolume
LogPluginManager: Mounting plugin ActorLayerUtilities
LogPluginManager: Mounting plugin AnimationSharing
LogPluginManager: Mounting plugin CLionSourceCodeAccess
LogPluginManager: Mounting plugin CodeLiteSourceCodeAccess
LogPluginManager: Mounting plugin GitSourceControl
LogPluginManager: Mounting plugin KDevelopSourceCodeAccess
LogPluginManager: Mounting plugin NullSourceCodeAccess
LogPluginManager: Mounting plugin PerforceSourceControl
LogPluginManager: Mounting plugin PlasticSourceControl
LogPluginManager: Mounting plugin SubversionSourceControl
LogPluginManager: Mounting plugin UObjectPlugin
LogPluginManager: Mounting plugin VisualStudioCodeSourceCodeAccess
LogPluginManager: Mounting plugin VisualStudioSourceCodeAccess
LogPluginManager: Mounting plugin XCodeSourceCodeAccess
LogPluginManager: Mounting plugin AssetManagerEditor
LogPluginManager: Mounting plugin CryptoKeys
LogPluginManager: Mounting plugin CurveEditorTools
LogPluginManager: Mounting plugin DataValidation
LogPluginManager: Mounting plugin FacialAnimation
LogPluginManager: Mounting plugin GameplayTagsEditor
LogPluginManager: Mounting plugin MacGraphicsSwitching
LogPluginManager: Mounting plugin MaterialAnalyzer
LogPluginManager: Mounting plugin MobileLauncherProfileWizard
LogPluginManager: Mounting plugin PluginBrowser
LogPluginManager: Mounting plugin SpeedTreeImporter
LogPluginManager: Mounting plugin DatasmithContent
LogPluginManager: Mounting plugin VariantManagerContent
LogPluginManager: Mounting plugin AlembicImporter
LogPluginManager: Mounting plugin AutomationUtils
LogPluginManager: Mounting plugin BackChannel
LogPluginManager: Mounting plugin CharacterAI
LogPluginManager: Mounting plugin GeometryCache
LogPluginManager: Mounting plugin PlatformCrypto
LogPluginManager: Mounting plugin ProxyLODPlugin
LogPluginManager: Mounting plugin SkeletalReduction
LogPluginManager: Mounting plugin MagicLeap
LogPluginManager: Mounting plugin MagicLeapMedia
LogPluginManager: Mounting plugin MLSDK
LogPluginManager: Mounting plugin AndroidMedia
LogPluginManager: Mounting plugin AvfMedia
LogPluginManager: Mounting plugin ImgMedia
LogPluginManager: Mounting plugin MediaCompositing
LogPluginManager: Mounting plugin MediaPlayerEditor
LogPluginManager: Mounting plugin WebMMedia
LogPluginManager: Mounting plugin WmfMedia
LogPluginManager: Mounting plugin TcpMessaging
LogPluginManager: Mounting plugin UdpMessaging
LogPluginManager: Mounting plugin ActorSequence
LogPluginManager: Mounting plugin LevelSequenceEditor
LogPluginManager: Mounting plugin MatineeToLevelSequence
LogPluginManager: Mounting plugin NetcodeUnitTest
LogPluginManager: Mounting plugin NUTUnrealEngine4
LogPluginManager: Mounting plugin OnlineSubsystemGooglePlay
LogPluginManager: Mounting plugin OnlineSubsystemIOS
LogPluginManager: Mounting plugin OnlineSubsystem
LogPluginManager: Mounting plugin OnlineSubsystemNull
LogPluginManager: Mounting plugin OnlineSubsystemUtils
LogPluginManager: Mounting plugin LauncherChunkInstaller
LogPluginManager: Mounting plugin AndroidDeviceProfileSelector
LogPluginManager: Mounting plugin AndroidMoviePlayer
LogPluginManager: Mounting plugin AndroidPermission
LogPluginManager: Mounting plugin AppleImageUtils
LogPluginManager: Mounting plugin AppleMoviePlayer
LogPluginManager: Mounting plugin ArchVisCharacter
LogPluginManager: Mounting plugin AssetTags
LogPluginManager: Mounting plugin AudioCapture
LogPluginManager: Mounting plugin CableComponent
LogPluginManager: Mounting plugin CustomMeshComponent
LogPluginManager: Mounting plugin EditableMesh
LogPluginManager: Mounting plugin ExampleDeviceProfileSelector
LogPluginManager: Mounting plugin GoogleCloudMessaging
LogPluginManager: Mounting plugin IOSDeviceProfileSelector
LogPluginManager: Mounting plugin LinuxDeviceProfileSelector
LogPluginManager: Mounting plugin LocationServicesBPLibrary
LogPluginManager: Mounting plugin MobilePatchingUtils
LogPluginManager: Mounting plugin PhysXVehicles
LogPluginManager: Mounting plugin PostSplashScreen
LogPluginManager: Mounting plugin ProceduralMeshComponent
LogPluginManager: Mounting plugin RuntimePhysXCooking
LogPluginManager: Mounting plugin SignificanceManager
LogPluginManager: Mounting plugin WebMMoviePlayer
LogPluginManager: Mounting plugin WindowsMoviePlayer
LogPluginManager: Mounting plugin ScreenshotTools
LogInit: Using libcurl 7.55.1-DEV
LogInit:  - built for x86_64-pc-win32
LogInit:  - supports SSL with OpenSSL/1.1.1
LogInit:  - supports HTTP deflate (compression) using libz 1.2.8
LogInit:  - other features:
LogInit:      CURL_VERSION_SSL
LogInit:      CURL_VERSION_LIBZ
LogInit:      CURL_VERSION_IPV6
LogInit:      CURL_VERSION_ASYNCHDNS
LogInit:      CURL_VERSION_LARGEFILE
LogInit:      CURL_VERSION_IDN
LogInit:  CurlRequestOptions (configurable via config and command line):
LogInit:  - bVerifyPeer = true  - Libcurl will verify peer certificate
LogInit:  - bUseHttpProxy = false  - Libcurl will NOT use HTTP proxy
LogInit:  - bDontReuseConnections = false  - Libcurl will reuse connections
LogInit:  - MaxHostConnections = 16  - Libcurl will limit the number of connections to a host
LogInit:  - LocalHostAddr = Default
LogInit:  - BufferSize = 65536
LogOnline: OSS: Creating online subsystem instance for: NULL
LogInit: WinSock: version 1.1 (2.2), MaxSocks=32767, MaxUdp=65467
LogOnline: OSS: TryLoadSubsystemAndSetDefault: Loaded subsystem for module [NULL]
LogInit: Build: ++UE4+Release-4.24-CL-11590370
LogInit: Engine Version: 4.24.3-11590370+++UE4+Release-4.24
LogInit: Compatible Engine Version: 4.24.0-10570792+++UE4+Release-4.24
LogInit: Net CL: 10570792
LogInit: OS: Windows 10 (Release 1903) (), CPU: Intel(R) Core(TM) i7-6700HQ CPU @ 2.60GHz, GPU: Intel(R) HD Graphics 530
LogInit: Compiled (64-bit): Feb 24 2020 15:39:18
LogInit: Compiled with Visual C++: 19.16.27032.01
LogInit: Build Configuration: Development
LogInit: Branch Name: ++UE4+Release-4.24
LogInit: Command Line: 
LogInit: Base Directory: C:/Program Files/Epic Games/UE_4.24/Engine/Binaries/Win64/
LogInit: Installed Engine Build: 1
LogDevObjectVersion: Number of dev versions registered: 25
LogDevObjectVersion:   Dev-Blueprints (B0D832E4-1F89-4F0D-ACCF-7EB736FD4AA2): 10
LogDevObjectVersion:   Dev-Build (E1C64328-A22C-4D53-A36C-8E866417BD8C): 0
LogDevObjectVersion:   Dev-Core (375EC13C-06E4-48FB-B500-84F0262A717E): 3
LogDevObjectVersion:   Dev-Editor (E4B068ED-F494-42E9-A231-DA0B2E46BB41): 37
LogDevObjectVersion:   Dev-Framework (CFFC743F-43B0-4480-9391-14DF171D2073): 36
LogDevObjectVersion:   Dev-Mobile (B02B49B5-BB20-44E9-A304-32B752E40360): 2
LogDevObjectVersion:   Dev-Networking (A4E4105C-59A1-49B5-A7C5-40C4547EDFEE): 0
LogDevObjectVersion:   Dev-Online (39C831C9-5AE6-47DC-9A44-9C173E1C8E7C): 0
LogDevObjectVersion:   Dev-Physics (78F01B33-EBEA-4F98-B9B4-84EACCB95AA2): 2
LogDevObjectVersion:   Dev-Platform (6631380F-2D4D-43E0-8009-CF276956A95A): 0
LogDevObjectVersion:   Dev-Rendering (12F88B9F-8875-4AFC-A67C-D90C383ABD29): 36
LogDevObjectVersion:   Dev-Sequencer (7B5AE74C-D270-4C10-A958-57980B212A5A): 11
LogDevObjectVersion:   Dev-VR (D7296918-1DD6-4BDD-9DE2-64A83CC13884): 2
LogDevObjectVersion:   Dev-LoadTimes (C2A15278-BFE7-4AFE-6C17-90FF531DF755): 1
LogDevObjectVersion:   Private-Geometry (6EACA3D4-40EC-4CC1-B786-8BED09428FC5): 3
LogDevObjectVersion:   Dev-AnimPhys (29E575DD-E0A3-4627-9D10-D276232CDCEA): 17
LogDevObjectVersion:   Dev-Anim (AF43A65D-7FD3-4947-9873-3E8ED9C1BB05): 2
LogDevObjectVersion:   Dev-ReflectionCapture (6B266CEC-1EC7-4B8F-A30B-E4D90942FC07): 1
LogDevObjectVersion:   Dev-Automation (0DF73D61-A23F-47EA-B727-89E90C41499A): 1
LogDevObjectVersion:   FortniteMain (601D1886-AC64-4F84-AA16-D3DE0DEAC7D6): 31
LogDevObjectVersion:   Dev-Enterprise (9DFFBCD6-494F-0158-E221-12823C92A888): 8
LogDevObjectVersion:   Dev-Niagara (F2AED0AC-9AFE-416F-8664-AA7FFA26D6FC): 1
LogDevObjectVersion:   Dev-Destruction (174F1F0B-B4C6-45A5-B13F-2EE8D0FB917D): 9
LogDevObjectVersion:   Dev-Physics-Ext (35F94A83-E258-406C-A318-09F59610247C): 8
LogDevObjectVersion:   Dev-CineCamera (B2E18506-4273-CFC2-A54E-F4BB758BBA07): 1
LogInit: Presizing for max 25165824 objects, including 0 objects not considered by GC, pre-allocating 0 bytes for permanent pool.
LogInit: Object subsystem initialized
LogConfig: Setting CVar [[con.DebugEarlyDefault:1]]
LogConfig: Setting CVar [[r.setres:1280x720]]
[2020.11.02-00.21.25:262][  0]LogConfig: Setting CVar [[r.VSync:0]]
[2020.11.02-00.21.25:262][  0]LogConfig: Setting CVar [[r.RHICmdBypass:0]]
[2020.11.02-00.21.25:262][  0]LogConfig: Applying CVar settings from Section [/Script/Engine.RendererSettings] File [C:/Users/Pog/Documents/School/Year 4/Sem 2/AdvancedGames/Assignment 2/Git/AdvGamesProgramming/GameFiles/Saved/Config/Windows/Engine.ini]
[2020.11.02-00.21.25:262][  0]LogConfig: Setting CVar [[r.GPUCrashDebugging:0]]
[2020.11.02-00.21.25:262][  0]LogConfig: Setting CVar [[r.DBuffer:1]]
[2020.11.02-00.21.25:262][  0]LogConfig: Setting CVar [[r.EarlyZPass:2]]
[2020.11.02-00.21.25:263][  0]LogConfig: Setting CVar [[r.EarlyZPassOnlyMaterialMasking:1]]
[2020.11.02-00.21.25:263][  0]LogConfig: Applying CVar settings from Section [/Script/Engine.RendererOverrideSettings] File [C:/Users/Pog/Documents/School/Year 4/Sem 2/AdvancedGames/Assignment 2/Git/AdvGamesProgramming/GameFiles/Saved/Config/Windows/Engine.ini]
[2020.11.02-00.21.25:263][  0]LogConfig: Applying CVar settings from Section [/Script/Engine.StreamingSettings] File [C:/Users/Pog/Documents/School/Year 4/Sem 2/AdvancedGames/Assignment 2/Git/AdvGamesProgramming/GameFiles/Saved/Config/Windows/Engine.ini]
[2020.11.02-00.21.25:263][  0]LogConfig: Setting CVar [[s.MinBulkDataSizeForAsyncLoading:131072]]
[2020.11.02-00.21.25:263][  0]LogConfig: Setting CVar [[s.AsyncLoadingThreadEnabled:0]]
[2020.11.02-00.21.25:263][  0]LogConfig: Setting CVar [[s.EventDrivenLoaderEnabled:1]]
[2020.11.02-00.21.25:263][  0]LogConfig: Setting CVar [[s.WarnIfTimeLimitExceeded:0]]
[2020.11.02-00.21.25:263][  0]LogConfig: Setting CVar [[s.TimeLimitExceededMultiplier:1.5]]
[2020.11.02-00.21.25:263][  0]LogConfig: Setting CVar [[s.TimeLimitExceededMinTime:0.005]]
[2020.11.02-00.21.25:263][  0]LogConfig: Setting CVar [[s.UseBackgroundLevelStreaming:1]]
[2020.11.02-00.21.25:263][  0]LogConfig: Setting CVar [[s.PriorityAsyncLoadingExtraTime:15.0]]
[2020.11.02-00.21.25:263][  0]LogConfig: Setting CVar [[s.LevelStreamingActorsUpdateTimeLimit:5.0]]
[2020.11.02-00.21.25:263][  0]LogConfig: Setting CVar [[s.PriorityLevelStreamingActorsUpdateExtraTime:5.0]]
[2020.11.02-00.21.25:263][  0]LogConfig: Setting CVar [[s.LevelStreamingComponentsRegistrationGranularity:10]]
[2020.11.02-00.21.25:263][  0]LogConfig: Setting CVar [[s.UnregisterComponentsTimeLimit:1.0]]
[2020.11.02-00.21.25:263][  0]LogConfig: Setting CVar [[s.LevelStreamingComponentsUnregistrationGranularity:5]]
[2020.11.02-00.21.25:263][  0]LogConfig: Setting CVar [[s.FlushStreamingOnExit:1]]
[2020.11.02-00.21.25:263][  0]LogConfig: Applying CVar settings from Section [/Script/Engine.GarbageCollectionSettings] File [C:/Users/Pog/Documents/School/Year 4/Sem 2/AdvancedGames/Assignment 2/Git/AdvGamesProgramming/GameFiles/Saved/Config/Windows/Engine.ini]
[2020.11.02-00.21.25:263][  0]LogConfig: Setting CVar [[gc.MaxObjectsNotConsideredByGC:1]]
[2020.11.02-00.21.25:263][  0]LogConfig: Setting CVar [[gc.SizeOfPermanentObjectPool:0]]
[2020.11.02-00.21.25:263][  0]LogConfig: Setting CVar [[gc.FlushStreamingOnGC:0]]
[2020.11.02-00.21.25:263][  0]LogConfig: Setting CVar [[gc.NumRetriesBeforeForcingGC:10]]
[2020.11.02-00.21.25:263][  0]LogConfig: Setting CVar [[gc.AllowParallelGC:1]]
[2020.11.02-00.21.25:263][  0]LogConfig: Setting CVar [[gc.TimeBetweenPurgingPendingKillObjects:61.1]]
[2020.11.02-00.21.25:263][  0]LogConfig: Setting CVar [[gc.MaxObjectsInEditor:25165824]]
[2020.11.02-00.21.25:263][  0]LogConfig: Setting CVar [[gc.IncrementalBeginDestroyEnabled:1]]
[2020.11.02-00.21.25:263][  0]LogConfig: Setting CVar [[gc.CreateGCClusters:1]]
[2020.11.02-00.21.25:263][  0]LogConfig: Setting CVar [[gc.MinGCClusterSize:5]]
[2020.11.02-00.21.25:263][  0]LogConfig: Setting CVar [[gc.ActorClusteringEnabled:0]]
[2020.11.02-00.21.25:263][  0]LogConfig: Setting CVar [[gc.BlueprintClusteringEnabled:0]]
[2020.11.02-00.21.25:263][  0]LogConfig: Setting CVar [[gc.UseDisregardForGCOnDedicatedServers:0]]
[2020.11.02-00.21.25:263][  0]LogConfig: Applying CVar settings from Section [/Script/Engine.NetworkSettings] File [C:/Users/Pog/Documents/School/Year 4/Sem 2/AdvancedGames/Assignment 2/Git/AdvGamesProgramming/GameFiles/Saved/Config/Windows/Engine.ini]
[2020.11.02-00.21.25:263][  0]LogConfig: Applying CVar settings from Section [/Script/UnrealEd.CookerSettings] File [C:/Users/Pog/Documents/School/Year 4/Sem 2/AdvancedGames/Assignment 2/Git/AdvGamesProgramming/GameFiles/Saved/Config/Windows/Engine.ini]
[2020.11.02-00.21.25:268][  0]LogConfig: Applying CVar settings from Section [ViewDistanceQuality@3] File [C:/Users/Pog/Documents/School/Year 4/Sem 2/AdvancedGames/Assignment 2/Git/AdvGamesProgramming/GameFiles/Saved/Config/Windows/Scalability.ini]
[2020.11.02-00.21.25:268][  0]LogConfig: Setting CVar [[r.SkeletalMeshLODBias:0]]
[2020.11.02-00.21.25:268][  0]LogConfig: Setting CVar [[r.ViewDistanceScale:1.0]]
[2020.11.02-00.21.25:268][  0]LogConfig: Applying CVar settings from Section [AntiAliasingQuality@3] File [C:/Users/Pog/Documents/School/Year 4/Sem 2/AdvancedGames/Assignment 2/Git/AdvGamesProgramming/GameFiles/Saved/Config/Windows/Scalability.ini]
[2020.11.02-00.21.25:268][  0]LogConfig: Setting CVar [[r.PostProcessAAQuality:4]]
[2020.11.02-00.21.25:268][  0]LogConfig: Applying CVar settings from Section [ShadowQuality@3] File [C:/Users/Pog/Documents/School/Year 4/Sem 2/AdvancedGames/Assignment 2/Git/AdvGamesProgramming/GameFiles/Saved/Config/Windows/Scalability.ini]
[2020.11.02-00.21.25:268][  0]LogConfig: Setting CVar [[r.LightFunctionQuality:1]]
[2020.11.02-00.21.25:268][  0]LogConfig: Setting CVar [[r.ShadowQuality:5]]
[2020.11.02-00.21.25:268][  0]LogConfig: Setting CVar [[r.Shadow.CSM.MaxCascades:10]]
[2020.11.02-00.21.25:268][  0]LogConfig: Setting CVar [[r.Shadow.MaxResolution:2048]]
[2020.11.02-00.21.25:268][  0]LogConfig: Setting CVar [[r.Shadow.MaxCSMResolution:2048]]
[2020.11.02-00.21.25:268][  0]LogConfig: Setting CVar [[r.Shadow.RadiusThreshold:0.01]]
[2020.11.02-00.21.25:268][  0]LogConfig: Setting CVar [[r.Shadow.DistanceScale:1.0]]
[2020.11.02-00.21.25:268][  0]LogConfig: Setting CVar [[r.Shadow.CSM.TransitionScale:1.0]]
[2020.11.02-00.21.25:268][  0]LogConfig: Setting CVar [[r.Shadow.PreShadowResolutionFactor:1.0]]
[2020.11.02-00.21.25:268][  0]LogConfig: Setting CVar [[r.DistanceFieldShadowing:1]]
[2020.11.02-00.21.25:268][  0]LogConfig: Setting CVar [[r.DistanceFieldAO:1]]
[2020.11.02-00.21.25:269][  0]LogConfig: Setting CVar [[r.AOQuality:2]]
[2020.11.02-00.21.25:269][  0]LogConfig: Setting CVar [[r.VolumetricFog:1]]
[2020.11.02-00.21.25:269][  0]LogConfig: Setting CVar [[r.VolumetricFog.GridPixelSize:8]]
[2020.11.02-00.21.25:269][  0]LogConfig: Setting CVar [[r.VolumetricFog.GridSizeZ:128]]
[2020.11.02-00.21.25:269][  0]LogConfig: Setting CVar [[r.VolumetricFog.HistoryMissSupersampleCount:4]]
[2020.11.02-00.21.25:269][  0]LogConfig: Setting CVar [[r.LightMaxDrawDistanceScale:1]]
[2020.11.02-00.21.25:269][  0]LogConfig: Setting CVar [[r.CapsuleShadows:1]]
[2020.11.02-00.21.25:269][  0]LogConfig: Applying CVar settings from Section [PostProcessQuality@3] File [C:/Users/Pog/Documents/School/Year 4/Sem 2/AdvancedGames/Assignment 2/Git/AdvGamesProgramming/GameFiles/Saved/Config/Windows/Scalability.ini]
[2020.11.02-00.21.25:269][  0]LogConfig: Setting CVar [[r.MotionBlurQuality:4]]
[2020.11.02-00.21.25:269][  0]LogConfig: Setting CVar [[r.AmbientOcclusionMipLevelFactor:0.4]]
[2020.11.02-00.21.25:269][  0]LogConfig: Setting CVar [[r.AmbientOcclusionMaxQuality:100]]
[2020.11.02-00.21.25:269][  0]LogConfig: Setting CVar [[r.AmbientOcclusionLevels:-1]]
[2020.11.02-00.21.25:269][  0]LogConfig: Setting CVar [[r.AmbientOcclusionRadiusScale:1.0]]
[2020.11.02-00.21.25:269][  0]LogConfig: Setting CVar [[r.DepthOfFieldQuality:2]]
[2020.11.02-00.21.25:269][  0]LogConfig: Setting CVar [[r.RenderTargetPoolMin:400]]
[2020.11.02-00.21.25:269][  0]LogConfig: Setting CVar [[r.LensFlareQuality:2]]
[2020.11.02-00.21.25:269][  0]LogConfig: Setting CVar [[r.SceneColorFringeQuality:1]]
[2020.11.02-00.21.25:269][  0]LogConfig: Setting CVar [[r.EyeAdaptationQuality:2]]
[2020.11.02-00.21.25:269][  0]LogConfig: Setting CVar [[r.BloomQuality:5]]
[2020.11.02-00.21.25:269][  0]LogConfig: Setting CVar [[r.FastBlurThreshold:100]]
[2020.11.02-00.21.25:269][  0]LogConfig: Setting CVar [[r.Upscale.Quality:3]]
[2020.11.02-00.21.25:269][  0]LogConfig: Setting CVar [[r.Tonemapper.GrainQuantization:1]]
[2020.11.02-00.21.25:269][  0]LogConfig: Setting CVar [[r.LightShaftQuality:1]]
[2020.11.02-00.21.25:269][  0]LogConfig: Setting CVar [[r.Filter.SizeScale:1]]
[2020.11.02-00.21.25:269][  0]LogConfig: Setting CVar [[r.Tonemapper.Quality:5]]
[2020.11.02-00.21.25:269][  0]LogConfig: Setting CVar [[r.DOF.Gather.AccumulatorQuality:1        ; higher gathering accumulator quality]]
[2020.11.02-00.21.25:269][  0]LogConfig: Setting CVar [[r.DOF.Gather.PostfilterMethod:1          ; Median3x3 postfilering method]]
[2020.11.02-00.21.25:269][  0]LogConfig: Setting CVar [[r.DOF.Gather.EnableBokehSettings:0       ; no bokeh simulation when gathering]]
[2020.11.02-00.21.25:269][  0]LogConfig: Setting CVar [[r.DOF.Gather.RingCount:4                 ; medium number of samples when gathering]]
[2020.11.02-00.21.25:269][  0]LogConfig: Setting CVar [[r.DOF.Scatter.ForegroundCompositing:1    ; additive foreground scattering]]
[2020.11.02-00.21.25:270][  0]LogConfig: Setting CVar [[r.DOF.Scatter.BackgroundCompositing:2    ; additive background scattering]]
[2020.11.02-00.21.25:270][  0]LogConfig: Setting CVar [[r.DOF.Scatter.EnableBokehSettings:1      ; bokeh simulation when scattering]]
[2020.11.02-00.21.25:270][  0]LogConfig: Setting CVar [[r.DOF.Scatter.MaxSpriteRatio:0.1         ; only a maximum of 10% of scattered bokeh]]
[2020.11.02-00.21.25:270][  0]LogConfig: Setting CVar [[r.DOF.Recombine.Quality:1                ; cheap slight out of focus]]
[2020.11.02-00.21.25:270][  0]LogConfig: Setting CVar [[r.DOF.Recombine.EnableBokehSettings:0    ; no bokeh simulation on slight out of focus]]
[2020.11.02-00.21.25:270][  0]LogConfig: Setting CVar [[r.DOF.TemporalAAQuality:1                ; more stable temporal accumulation]]
[2020.11.02-00.21.25:270][  0]LogConfig: Setting CVar [[r.DOF.Kernel.MaxForegroundRadius:0.025]]
[2020.11.02-00.21.25:270][  0]LogConfig: Setting CVar [[r.DOF.Kernel.MaxBackgroundRadius:0.025]]
[2020.11.02-00.21.25:270][  0]LogConfig: Applying CVar settings from Section [TextureQuality@3] File [C:/Users/Pog/Documents/School/Year 4/Sem 2/AdvancedGames/Assignment 2/Git/AdvGamesProgramming/GameFiles/Saved/Config/Windows/Scalability.ini]
[2020.11.02-00.21.25:270][  0]LogConfig: Setting CVar [[r.Streaming.MipBias:0]]
[2020.11.02-00.21.25:270][  0]LogConfig: Setting CVar [[r.Streaming.AmortizeCPUToGPUCopy:0]]
[2020.11.02-00.21.25:270][  0]LogConfig: Setting CVar [[r.Streaming.MaxNumTexturesToStreamPerFrame:0]]
[2020.11.02-00.21.25:270][  0]LogConfig: Setting CVar [[r.Streaming.Boost:1]]
[2020.11.02-00.21.25:270][  0]LogConfig: Setting CVar [[r.MaxAnisotropy:8]]
[2020.11.02-00.21.25:270][  0]LogConfig: Setting CVar [[r.VT.MaxAnisotropy:8]]
[2020.11.02-00.21.25:270][  0]LogConfig: Setting CVar [[r.Streaming.LimitPoolSizeToVRAM:0]]
[2020.11.02-00.21.25:270][  0]LogConfig: Setting CVar [[r.Streaming.PoolSize:1000]]
[2020.11.02-00.21.25:270][  0]LogConfig: Setting CVar [[r.Streaming.MaxEffectiveScreenSize:0]]
[2020.11.02-00.21.25:270][  0]LogConfig: Applying CVar settings from Section [EffectsQuality@3] File [C:/Users/Pog/Documents/School/Year 4/Sem 2/AdvancedGames/Assignment 2/Git/AdvGamesProgramming/GameFiles/Saved/Config/Windows/Scalability.ini]
[2020.11.02-00.21.25:270][  0]LogConfig: Setting CVar [[r.TranslucencyLightingVolumeDim:64]]
[2020.11.02-00.21.25:270][  0]LogConfig: Setting CVar [[r.RefractionQuality:2]]
[2020.11.02-00.21.25:270][  0]LogConfig: Setting CVar [[r.SSR.Quality:3]]
[2020.11.02-00.21.25:270][  0]LogConfig: Setting CVar [[r.SSR.HalfResSceneColor:0]]
[2020.11.02-00.21.25:270][  0]LogConfig: Setting CVar [[r.SceneColorFormat:4]]
[2020.11.02-00.21.25:270][  0]LogConfig: Setting CVar [[r.DetailMode:2]]
[2020.11.02-00.21.25:270][  0]LogConfig: Setting CVar [[r.TranslucencyVolumeBlur:1]]
[2020.11.02-00.21.25:270][  0]LogConfig: Setting CVar [[r.MaterialQualityLevel:1 ; High quality]]
[2020.11.02-00.21.25:270][  0]LogConfig: Setting CVar [[r.SSS.Scale:1]]
[2020.11.02-00.21.25:270][  0]LogConfig: Setting CVar [[r.SSS.SampleSet:2]]
[2020.11.02-00.21.25:271][  0]LogConfig: Setting CVar [[r.SSS.Quality:1]]
[2020.11.02-00.21.25:271][  0]LogConfig: Setting CVar [[r.SSS.HalfRes:1]]
[2020.11.02-00.21.25:271][  0]LogConfig: Setting CVar [[r.SSGI.Quality:3]]
[2020.11.02-00.21.25:271][  0]LogConfig: Setting CVar [[r.EmitterSpawnRateScale:1.0]]
[2020.11.02-00.21.25:271][  0]LogConfig: Setting CVar [[r.ParticleLightQuality:2]]
[2020.11.02-00.21.25:271][  0]LogConfig: Setting CVar [[r.SkyAtmosphere.AerialPerspectiveLUT.FastApplyOnOpaque:1 ; Always have FastSkyLUT 1 in this case to avoid wrong sky]]
[2020.11.02-00.21.25:271][  0]LogConfig: Setting CVar [[r.SkyAtmosphere.AerialPerspectiveLUT.SampleCountPerSlice:1]]
[2020.11.02-00.21.25:271][  0]LogConfig: Setting CVar [[r.SkyAtmosphere.AerialPerspectiveLUT.DepthResolution:16.0]]
[2020.11.02-00.21.25:271][  0]LogConfig: Setting CVar [[r.SkyAtmosphere.FastSkyLUT:1]]
[2020.11.02-00.21.25:271][  0]LogConfig: Setting CVar [[r.SkyAtmosphere.FastSkyLUT.SampleCountMin:4.0]]
[2020.11.02-00.21.25:271][  0]LogConfig: Setting CVar [[r.SkyAtmosphere.FastSkyLUT.SampleCountMax:32.0]]
[2020.11.02-00.21.25:271][  0]LogConfig: Setting CVar [[r.SkyAtmosphere.SampleCountMin:4.0]]
[2020.11.02-00.21.25:271][  0]LogConfig: Setting CVar [[r.SkyAtmosphere.SampleCountMax:32.0]]
[2020.11.02-00.21.25:271][  0]LogConfig: Setting CVar [[r.SkyAtmosphere.TransmittanceLUT.UseSmallFormat:0]]
[2020.11.02-00.21.25:271][  0]LogConfig: Setting CVar [[r.SkyAtmosphere.TransmittanceLUT.SampleCount:10.0]]
[2020.11.02-00.21.25:271][  0]LogConfig: Setting CVar [[r.SkyAtmosphere.MultiScatteringLUT.SampleCount:15.0]]
[2020.11.02-00.21.25:271][  0]LogConfig: Applying CVar settings from Section [FoliageQuality@3] File [C:/Users/Pog/Documents/School/Year 4/Sem 2/AdvancedGames/Assignment 2/Git/AdvGamesProgramming/GameFiles/Saved/Config/Windows/Scalability.ini]
[2020.11.02-00.21.25:271][  0]LogConfig: Setting CVar [[foliage.DensityScale:1.0]]
[2020.11.02-00.21.25:271][  0]LogConfig: Setting CVar [[grass.DensityScale:1.0]]
[2020.11.02-00.21.25:271][  0]LogConfig: Applying CVar settings from Section [ShadingQuality@3] File [C:/Users/Pog/Documents/School/Year 4/Sem 2/AdvancedGames/Assignment 2/Git/AdvGamesProgramming/GameFiles/Saved/Config/Windows/Scalability.ini]
[2020.11.02-00.21.25:271][  0]LogConfig: Setting CVar [[r.HairStrands.SkyLighting.SampleCount:16]]
[2020.11.02-00.21.25:271][  0]LogConfig: Setting CVar [[r.HairStrands.SkyLighting.JitterIntegration:0]]
[2020.11.02-00.21.25:271][  0]LogConfig: Setting CVar [[r.HairStrands.SkyAO.SampleCount:16]]
[2020.11.02-00.21.25:272][  0]LogInit: Selected Device Profile: [Windows]
[2020.11.02-00.21.25:272][  0]LogInit: Applying CVar settings loaded from the selected device profile: [Windows]
[2020.11.02-00.21.25:277][  0]LogHAL: Display: Platform has ~ 16 GB [17067356160 / 17179869184 / 16], which maps to Larger [LargestMinGB=32, LargerMinGB=12, DefaultMinGB=8, SmallerMinGB=6, SmallestMinGB=0)
[2020.11.02-00.21.25:277][  0]LogInit: Going up to parent DeviceProfile []
[2020.11.02-00.21.25:277][  0]LogConfig: Applying CVar settings from Section [ViewDistanceQuality@3] File [C:/Users/Pog/Documents/School/Year 4/Sem 2/AdvancedGames/Assignment 2/Git/AdvGamesProgramming/GameFiles/Saved/Config/Windows/Scalability.ini]
[2020.11.02-00.21.25:277][  0]LogConfig: Setting CVar [[r.SkeletalMeshLODBias:0]]
[2020.11.02-00.21.25:277][  0]LogConfig: Setting CVar [[r.ViewDistanceScale:1.0]]
[2020.11.02-00.21.25:277][  0]LogConfig: Applying CVar settings from Section [AntiAliasingQuality@3] File [C:/Users/Pog/Documents/School/Year 4/Sem 2/AdvancedGames/Assignment 2/Git/AdvGamesProgramming/GameFiles/Saved/Config/Windows/Scalability.ini]
[2020.11.02-00.21.25:277][  0]LogConfig: Setting CVar [[r.PostProcessAAQuality:4]]
[2020.11.02-00.21.25:277][  0]LogConfig: Applying CVar settings from Section [ShadowQuality@3] File [C:/Users/Pog/Documents/School/Year 4/Sem 2/AdvancedGames/Assignment 2/Git/AdvGamesProgramming/GameFiles/Saved/Config/Windows/Scalability.ini]
[2020.11.02-00.21.25:277][  0]LogConfig: Setting CVar [[r.LightFunctionQuality:1]]
[2020.11.02-00.21.25:277][  0]LogConfig: Setting CVar [[r.ShadowQuality:5]]
[2020.11.02-00.21.25:277][  0]LogConfig: Setting CVar [[r.Shadow.CSM.MaxCascades:10]]
[2020.11.02-00.21.25:277][  0]LogConfig: Setting CVar [[r.Shadow.MaxResolution:2048]]
[2020.11.02-00.21.25:277][  0]LogConfig: Setting CVar [[r.Shadow.MaxCSMResolution:2048]]
[2020.11.02-00.21.25:277][  0]LogConfig: Setting CVar [[r.Shadow.RadiusThreshold:0.01]]
[2020.11.02-00.21.25:277][  0]LogConfig: Setting CVar [[r.Shadow.DistanceScale:1.0]]
[2020.11.02-00.21.25:277][  0]LogConfig: Setting CVar [[r.Shadow.CSM.TransitionScale:1.0]]
[2020.11.02-00.21.25:277][  0]LogConfig: Setting CVar [[r.Shadow.PreShadowResolutionFactor:1.0]]
[2020.11.02-00.21.25:277][  0]LogConfig: Setting CVar [[r.DistanceFieldShadowing:1]]
[2020.11.02-00.21.25:277][  0]LogConfig: Setting CVar [[r.DistanceFieldAO:1]]
[2020.11.02-00.21.25:277][  0]LogConfig: Setting CVar [[r.AOQuality:2]]
[2020.11.02-00.21.25:277][  0]LogConfig: Setting CVar [[r.VolumetricFog:1]]
[2020.11.02-00.21.25:277][  0]LogConfig: Setting CVar [[r.VolumetricFog.GridPixelSize:8]]
[2020.11.02-00.21.25:277][  0]LogConfig: Setting CVar [[r.VolumetricFog.GridSizeZ:128]]
[2020.11.02-00.21.25:277][  0]LogConfig: Setting CVar [[r.VolumetricFog.HistoryMissSupersampleCount:4]]
[2020.11.02-00.21.25:277][  0]LogConfig: Setting CVar [[r.LightMaxDrawDistanceScale:1]]
[2020.11.02-00.21.25:277][  0]LogConfig: Setting CVar [[r.CapsuleShadows:1]]
[2020.11.02-00.21.25:277][  0]LogConfig: Applying CVar settings from Section [PostProcessQuality@3] File [C:/Users/Pog/Documents/School/Year 4/Sem 2/AdvancedGames/Assignment 2/Git/AdvGamesProgramming/GameFiles/Saved/Config/Windows/Scalability.ini]
[2020.11.02-00.21.25:277][  0]LogConfig: Setting CVar [[r.MotionBlurQuality:4]]
[2020.11.02-00.21.25:278][  0]LogConfig: Setting CVar [[r.AmbientOcclusionMipLevelFactor:0.4]]
[2020.11.02-00.21.25:278][  0]LogConfig: Setting CVar [[r.AmbientOcclusionMaxQuality:100]]
[2020.11.02-00.21.25:278][  0]LogConfig: Setting CVar [[r.AmbientOcclusionLevels:-1]]
[2020.11.02-00.21.25:278][  0]LogConfig: Setting CVar [[r.AmbientOcclusionRadiusScale:1.0]]
[2020.11.02-00.21.25:278][  0]LogConfig: Setting CVar [[r.DepthOfFieldQuality:2]]
[2020.11.02-00.21.25:278][  0]LogConfig: Setting CVar [[r.RenderTargetPoolMin:400]]
[2020.11.02-00.21.25:278][  0]LogConfig: Setting CVar [[r.LensFlareQuality:2]]
[2020.11.02-00.21.25:278][  0]LogConfig: Setting CVar [[r.SceneColorFringeQuality:1]]
[2020.11.02-00.21.25:278][  0]LogConfig: Setting CVar [[r.EyeAdaptationQuality:2]]
[2020.11.02-00.21.25:278][  0]LogConfig: Setting CVar [[r.BloomQuality:5]]
[2020.11.02-00.21.25:278][  0]LogConfig: Setting CVar [[r.FastBlurThreshold:100]]
[2020.11.02-00.21.25:278][  0]LogConfig: Setting CVar [[r.Upscale.Quality:3]]
[2020.11.02-00.21.25:278][  0]LogConfig: Setting CVar [[r.Tonemapper.GrainQuantization:1]]
[2020.11.02-00.21.25:278][  0]LogConfig: Setting CVar [[r.LightShaftQuality:1]]
[2020.11.02-00.21.25:278][  0]LogConfig: Setting CVar [[r.Filter.SizeScale:1]]
[2020.11.02-00.21.25:278][  0]LogConfig: Setting CVar [[r.Tonemapper.Quality:5]]
[2020.11.02-00.21.25:278][  0]LogConfig: Setting CVar [[r.DOF.Gather.AccumulatorQuality:1        ; higher gathering accumulator quality]]
[2020.11.02-00.21.25:278][  0]LogConfig: Setting CVar [[r.DOF.Gather.PostfilterMethod:1          ; Median3x3 postfilering method]]
[2020.11.02-00.21.25:278][  0]LogConfig: Setting CVar [[r.DOF.Gather.EnableBokehSettings:0       ; no bokeh simulation when gathering]]
[2020.11.02-00.21.25:278][  0]LogConfig: Setting CVar [[r.DOF.Gather.RingCount:4                 ; medium number of samples when gathering]]
[2020.11.02-00.21.25:278][  0]LogConfig: Setting CVar [[r.DOF.Scatter.ForegroundCompositing:1    ; additive foreground scattering]]
[2020.11.02-00.21.25:278][  0]LogConfig: Setting CVar [[r.DOF.Scatter.BackgroundCompositing:2    ; additive background scattering]]
[2020.11.02-00.21.25:278][  0]LogConfig: Setting CVar [[r.DOF.Scatter.EnableBokehSettings:1      ; bokeh simulation when scattering]]
[2020.11.02-00.21.25:278][  0]LogConfig: Setting CVar [[r.DOF.Scatter.MaxSpriteRatio:0.1         ; only a maximum of 10% of scattered bokeh]]
[2020.11.02-00.21.25:278][  0]LogConfig: Setting CVar [[r.DOF.Recombine.Quality:1                ; cheap slight out of focus]]
[2020.11.02-00.21.25:278][  0]LogConfig: Setting CVar [[r.DOF.Recombine.EnableBokehSettings:0    ; no bokeh simulation on slight out of focus]]
[2020.11.02-00.21.25:278][  0]LogConfig: Setting CVar [[r.DOF.TemporalAAQuality:1                ; more stable temporal accumulation]]
[2020.11.02-00.21.25:278][  0]LogConfig: Setting CVar [[r.DOF.Kernel.MaxForegroundRadius:0.025]]
[2020.11.02-00.21.25:278][  0]LogConfig: Setting CVar [[r.DOF.Kernel.MaxBackgroundRadius:0.025]]
[2020.11.02-00.21.25:278][  0]LogConfig: Applying CVar settings from Section [TextureQuality@3] File [C:/Users/Pog/Documents/School/Year 4/Sem 2/AdvancedGames/Assignment 2/Git/AdvGamesProgramming/GameFiles/Saved/Config/Windows/Scalability.ini]
[2020.11.02-00.21.25:278][  0]LogConfig: Setting CVar [[r.Streaming.MipBias:0]]
[2020.11.02-00.21.25:278][  0]LogConfig: Setting CVar [[r.Streaming.AmortizeCPUToGPUCopy:0]]
[2020.11.02-00.21.25:278][  0]LogConfig: Setting CVar [[r.Streaming.MaxNumTexturesToStreamPerFrame:0]]
[2020.11.02-00.21.25:278][  0]LogConfig: Setting CVar [[r.Streaming.Boost:1]]
[2020.11.02-00.21.25:278][  0]LogConfig: Setting CVar [[r.MaxAnisotropy:8]]
[2020.11.02-00.21.25:278][  0]LogConfig: Setting CVar [[r.VT.MaxAnisotropy:8]]
[2020.11.02-00.21.25:278][  0]LogConfig: Setting CVar [[r.Streaming.LimitPoolSizeToVRAM:0]]
[2020.11.02-00.21.25:279][  0]LogConfig: Setting CVar [[r.Streaming.PoolSize:1000]]
[2020.11.02-00.21.25:279][  0]LogConfig: Setting CVar [[r.Streaming.MaxEffectiveScreenSize:0]]
[2020.11.02-00.21.25:279][  0]LogConfig: Applying CVar settings from Section [EffectsQuality@3] File [C:/Users/Pog/Documents/School/Year 4/Sem 2/AdvancedGames/Assignment 2/Git/AdvGamesProgramming/GameFiles/Saved/Config/Windows/Scalability.ini]
[2020.11.02-00.21.25:279][  0]LogConfig: Setting CVar [[r.TranslucencyLightingVolumeDim:64]]
[2020.11.02-00.21.25:279][  0]LogConfig: Setting CVar [[r.RefractionQuality:2]]
[2020.11.02-00.21.25:279][  0]LogConfig: Setting CVar [[r.SSR.Quality:3]]
[2020.11.02-00.21.25:279][  0]LogConfig: Setting CVar [[r.SSR.HalfResSceneColor:0]]
[2020.11.02-00.21.25:279][  0]LogConfig: Setting CVar [[r.SceneColorFormat:4]]
[2020.11.02-00.21.25:279][  0]LogConfig: Setting CVar [[r.DetailMode:2]]
[2020.11.02-00.21.25:279][  0]LogConfig: Setting CVar [[r.TranslucencyVolumeBlur:1]]
[2020.11.02-00.21.25:279][  0]LogConfig: Setting CVar [[r.MaterialQualityLevel:1 ; High quality]]
[2020.11.02-00.21.25:279][  0]LogConfig: Setting CVar [[r.SSS.Scale:1]]
[2020.11.02-00.21.25:279][  0]LogConfig: Setting CVar [[r.SSS.SampleSet:2]]
[2020.11.02-00.21.25:279][  0]LogConfig: Setting CVar [[r.SSS.Quality:1]]
[2020.11.02-00.21.25:279][  0]LogConfig: Setting CVar [[r.SSS.HalfRes:1]]
[2020.11.02-00.21.25:279][  0]LogConfig: Setting CVar [[r.SSGI.Quality:3]]
[2020.11.02-00.21.25:279][  0]LogConfig: Setting CVar [[r.EmitterSpawnRateScale:1.0]]
[2020.11.02-00.21.25:279][  0]LogConfig: Setting CVar [[r.ParticleLightQuality:2]]
[2020.11.02-00.21.25:279][  0]LogConfig: Setting CVar [[r.SkyAtmosphere.AerialPerspectiveLUT.FastApplyOnOpaque:1 ; Always have FastSkyLUT 1 in this case to avoid wrong sky]]
[2020.11.02-00.21.25:279][  0]LogConfig: Setting CVar [[r.SkyAtmosphere.AerialPerspectiveLUT.SampleCountPerSlice:1]]
[2020.11.02-00.21.25:279][  0]LogConfig: Setting CVar [[r.SkyAtmosphere.AerialPerspectiveLUT.DepthResolution:16.0]]
[2020.11.02-00.21.25:279][  0]LogConfig: Setting CVar [[r.SkyAtmosphere.FastSkyLUT:1]]
[2020.11.02-00.21.25:279][  0]LogConfig: Setting CVar [[r.SkyAtmosphere.FastSkyLUT.SampleCountMin:4.0]]
[2020.11.02-00.21.25:279][  0]LogConfig: Setting CVar [[r.SkyAtmosphere.FastSkyLUT.SampleCountMax:32.0]]
[2020.11.02-00.21.25:279][  0]LogConfig: Setting CVar [[r.SkyAtmosphere.SampleCountMin:4.0]]
[2020.11.02-00.21.25:279][  0]LogConfig: Setting CVar [[r.SkyAtmosphere.SampleCountMax:32.0]]
[2020.11.02-00.21.25:279][  0]LogConfig: Setting CVar [[r.SkyAtmosphere.TransmittanceLUT.UseSmallFormat:0]]
[2020.11.02-00.21.25:279][  0]LogConfig: Setting CVar [[r.SkyAtmosphere.TransmittanceLUT.SampleCount:10.0]]
[2020.11.02-00.21.25:279][  0]LogConfig: Setting CVar [[r.SkyAtmosphere.MultiScatteringLUT.SampleCount:15.0]]
[2020.11.02-00.21.25:279][  0]LogConfig: Applying CVar settings from Section [FoliageQuality@3] File [C:/Users/Pog/Documents/School/Year 4/Sem 2/AdvancedGames/Assignment 2/Git/AdvGamesProgramming/GameFiles/Saved/Config/Windows/Scalability.ini]
[2020.11.02-00.21.25:279][  0]LogConfig: Setting CVar [[foliage.DensityScale:1.0]]
[2020.11.02-00.21.25:279][  0]LogConfig: Setting CVar [[grass.DensityScale:1.0]]
[2020.11.02-00.21.25:279][  0]LogConfig: Applying CVar settings from Section [ShadingQuality@3] File [C:/Users/Pog/Documents/School/Year 4/Sem 2/AdvancedGames/Assignment 2/Git/AdvGamesProgramming/GameFiles/Saved/Config/Windows/Scalability.ini]
[2020.11.02-00.21.25:279][  0]LogConfig: Setting CVar [[r.HairStrands.SkyLighting.SampleCount:16]]
[2020.11.02-00.21.25:279][  0]LogConfig: Setting CVar [[r.HairStrands.SkyLighting.JitterIntegration:0]]
[2020.11.02-00.21.25:279][  0]LogConfig: Setting CVar [[r.HairStrands.SkyAO.SampleCount:16]]
[2020.11.02-00.21.25:279][  0]LogConfig: Applying CVar settings from Section [Startup] File [../../../Engine/Config/ConsoleVariables.ini]
[2020.11.02-00.21.25:280][  0]LogConfig: Setting CVar [[net.UseAdaptiveNetUpdateFrequency:0]]
[2020.11.02-00.21.25:280][  0]LogConfig: Setting CVar [[p.chaos.AllowCreatePhysxBodies:1]]
[2020.11.02-00.21.25:280][  0]LogConfig: Applying CVar settings from Section [ConsoleVariables] File [C:/Users/Pog/Documents/School/Year 4/Sem 2/AdvancedGames/Assignment 2/Git/AdvGamesProgramming/GameFiles/Saved/Config/Windows/Engine.ini]
[2020.11.02-00.21.25:280][  0]LogInit: Computer: RAZER-BLADE-201
[2020.11.02-00.21.25:280][  0]LogInit: User: Jack
[2020.11.02-00.21.25:281][  0]LogInit: CPU Page size=4096, Cores=4
[2020.11.02-00.21.25:281][  0]LogInit: High frequency timer resolution =10.000000 MHz
[2020.11.02-00.21.25:281][  0]LogMemory: Memory total: Physical=15.9GB (16GB approx)
[2020.11.02-00.21.25:281][  0]LogMemory: Platform Memory Stats for Windows
[2020.11.02-00.21.25:281][  0]LogMemory: Process Physical Memory: 104.75 MB used, 104.75 MB peak
[2020.11.02-00.21.25:281][  0]LogMemory: Process Virtual Memory: 100.58 MB used, 100.58 MB peak
[2020.11.02-00.21.25:281][  0]LogMemory: Physical Memory: 13903.18 MB used,  2373.52 MB free, 16276.70 MB total
[2020.11.02-00.21.25:281][  0]LogMemory: Virtual Memory: 5134.61 MB used,  134212592.00 MB free, 134217728.00 MB total
[2020.11.02-00.21.25:288][  0]LogWindows: WindowsPlatformFeatures enabled
[2020.11.02-00.21.25:339][  0]LogInit: Using OS detected language (en-US).
[2020.11.02-00.21.25:339][  0]LogInit: Using OS detected locale (en-AU).
[2020.11.02-00.21.25:342][  0]LogTextLocalizationManager: No specific localization for 'en-US' exists, so the 'en' localization will be used.
[2020.11.02-00.21.25:831][  0]LogInit: Setting process to per monitor DPI aware
[2020.11.02-00.21.25:905][  0]LogSlate: New Slate User Created.  User Index 0, Is Virtual User: 0
[2020.11.02-00.21.25:905][  0]LogSlate: Slate User Registered.  User Index 0, Is Virtual User: 0
[2020.11.02-00.21.26:382][  0]LogD3D11RHI: D3D11 min allowed feature level: 11_0
[2020.11.02-00.21.26:382][  0]LogD3D11RHI: D3D11 max allowed feature level: 11_0
[2020.11.02-00.21.26:382][  0]LogD3D11RHI: D3D11 adapters:
[2020.11.02-00.21.26:527][  0]LogD3D11RHI:    0. 'NVIDIA GeForce GTX 1060' (Feature Level 11_0)
[2020.11.02-00.21.26:527][  0]LogD3D11RHI:       6052/0/8138 MB DedicatedVideo/DedicatedSystem/SharedSystem, Outputs:1, VendorId:0x10de
[2020.11.02-00.21.26:659][  0]LogD3D11RHI:    1. 'Intel(R) HD Graphics 530' (Feature Level 11_0)
[2020.11.02-00.21.26:659][  0]LogD3D11RHI:       128/0/8138 MB DedicatedVideo/DedicatedSystem/SharedSystem, Outputs:1, VendorId:0x8086
[2020.11.02-00.21.26:665][  0]LogD3D11RHI:    2. 'Microsoft Basic Render Driver' (Feature Level 11_0)
[2020.11.02-00.21.26:665][  0]LogD3D11RHI:       0/0/8138 MB DedicatedVideo/DedicatedSystem/SharedSystem, Outputs:0, VendorId:0x1414
[2020.11.02-00.21.26:665][  0]LogD3D11RHI: Chosen D3D11 Adapter: 0
[2020.11.02-00.21.26:690][  0]LogD3D11RHI: Creating new Direct3DDevice
[2020.11.02-00.21.26:690][  0]LogD3D11RHI:     GPU DeviceId: 0x1c20 (for the marketing name, search the web for "GPU Device Id")
[2020.11.02-00.21.26:690][  0]LogWindows: EnumDisplayDevices:
[2020.11.02-00.21.26:690][  0]LogWindows:    0. 'Intel(R) HD Graphics 530' (P:0 D:1)
[2020.11.02-00.21.26:691][  0]LogWindows:    1. 'Intel(R) HD Graphics 530' (P:0 D:0)
[2020.11.02-00.21.26:692][  0]LogWindows:    2. 'Intel(R) HD Graphics 530' (P:0 D:0)
[2020.11.02-00.21.26:692][  0]LogWindows:    3. 'NVIDIA GeForce GTX 1060' (P:1 D:1)
[2020.11.02-00.21.26:693][  0]LogWindows: DebugString: PrimaryIsNotTheChoosenAdapter PrimaryIsNotTheChoosenAdapter PrimaryIsNotTheChoosenAdapter 
[2020.11.02-00.21.26:693][  0]LogD3D11RHI:     Adapter Name: NVIDIA GeForce GTX 1060
[2020.11.02-00.21.26:693][  0]LogD3D11RHI:   Driver Version: 452.06 (internal:27.21.14.5206, unified:452.06)
[2020.11.02-00.21.26:693][  0]LogD3D11RHI:      Driver Date: 8-12-2020
[2020.11.02-00.21.26:693][  0]LogRHI: Texture pool is 4236 MB (70% of 6052 MB)
[2020.11.02-00.21.26:798][  0]LogD3D11RHI: RHI has support for 64 bit atomics
[2020.11.02-00.21.26:799][  0]LogD3D11RHI: Async texture creation enabled
[2020.11.02-00.21.26:864][  0]LogD3D11RHI: GPU Timing Frequency: 1000.000000 (Debug: 2 1)
[2020.11.02-00.21.27:483][  0]LogTargetPlatformManager: Display: Loaded TargetPlatform 'AllDesktop'
[2020.11.02-00.21.27:532][  0]LogTargetPlatformManager: Display: Loaded TargetPlatform 'Android'
[2020.11.02-00.21.27:532][  0]LogTargetPlatformManager: Display: Loaded TargetPlatform 'Android_ASTC'
[2020.11.02-00.21.27:532][  0]LogTargetPlatformManager: Display: Loaded TargetPlatform 'Android_ATC'
[2020.11.02-00.21.27:532][  0]LogTargetPlatformManager: Display: Loaded TargetPlatform 'Android_DXT'
[2020.11.02-00.21.27:532][  0]LogTargetPlatformManager: Display: Loaded TargetPlatform 'Android_ETC1'
[2020.11.02-00.21.27:532][  0]LogTargetPlatformManager: Display: Loaded TargetPlatform 'Android_ETC1a'
[2020.11.02-00.21.27:532][  0]LogTargetPlatformManager: Display: Loaded TargetPlatform 'Android_ETC2'
[2020.11.02-00.21.27:532][  0]LogTargetPlatformManager: Display: Loaded TargetPlatform 'Android_PVRTC'
[2020.11.02-00.21.27:533][  0]LogTargetPlatformManager: Display: Loaded TargetPlatform 'AndroidClient'
[2020.11.02-00.21.27:533][  0]LogTargetPlatformManager: Display: Loaded TargetPlatform 'Android_ASTCClient'
[2020.11.02-00.21.27:533][  0]LogTargetPlatformManager: Display: Loaded TargetPlatform 'Android_ATCClient'
[2020.11.02-00.21.27:533][  0]LogTargetPlatformManager: Display: Loaded TargetPlatform 'Android_DXTClient'
[2020.11.02-00.21.27:533][  0]LogTargetPlatformManager: Display: Loaded TargetPlatform 'Android_ETC1Client'
[2020.11.02-00.21.27:533][  0]LogTargetPlatformManager: Display: Loaded TargetPlatform 'Android_ETC1aClient'
[2020.11.02-00.21.27:533][  0]LogTargetPlatformManager: Display: Loaded TargetPlatform 'Android_ETC2Client'
[2020.11.02-00.21.27:533][  0]LogTargetPlatformManager: Display: Loaded TargetPlatform 'Android_PVRTCClient'
[2020.11.02-00.21.27:533][  0]LogTargetPlatformManager: Display: Loaded TargetPlatform 'Android_Multi'
[2020.11.02-00.21.27:533][  0]LogTargetPlatformManager: Display: Loaded TargetPlatform 'Android_MultiClient'
[2020.11.02-00.21.27:560][  0]LogTargetPlatformManager: Display: Loaded TargetPlatform 'IOSClient'
[2020.11.02-00.21.27:560][  0]LogTargetPlatformManager: Display: Loaded TargetPlatform 'IOS'
[2020.11.02-00.21.27:571][  0]LogTargetPlatformManager: Display: Loaded TargetPlatform 'LinuxNoEditor'
[2020.11.02-00.21.27:582][  0]LogTargetPlatformManager: Display: Loaded TargetPlatform 'LinuxClient'
[2020.11.02-00.21.27:592][  0]LogTargetPlatformManager: Display: Loaded TargetPlatform 'LinuxServer'
[2020.11.02-00.21.27:606][  0]LogTargetPlatformManager: Display: Loaded TargetPlatform 'LinuxAArch64NoEditor'
[2020.11.02-00.21.27:618][  0]LogTargetPlatformManager: Display: Loaded TargetPlatform 'LinuxAArch64Client'
[2020.11.02-00.21.27:628][  0]LogTargetPlatformManager: Display: Loaded TargetPlatform 'LinuxAArch64Server'
[2020.11.02-00.21.27:663][  0]LogTargetPlatformManager: Display: Loaded TargetPlatform 'Lumin'
[2020.11.02-00.21.27:663][  0]LogTargetPlatformManager: Display: Loaded TargetPlatform 'LuminClient'
[2020.11.02-00.21.27:683][  0]LogTargetPlatformManager: Display: Loaded TargetPlatform 'TVOSClient'
[2020.11.02-00.21.27:683][  0]LogTargetPlatformManager: Display: Loaded TargetPlatform 'TVOS'
[2020.11.02-00.21.27:696][  0]LogTargetPlatformManager: Display: Loaded TargetPlatform 'WindowsNoEditor'
[2020.11.02-00.21.27:707][  0]LogTargetPlatformManager: Display: Loaded TargetPlatform 'Windows'
[2020.11.02-00.21.27:720][  0]LogTargetPlatformManager: Display: Loaded TargetPlatform 'WindowsClient'
[2020.11.02-00.21.27:730][  0]LogTargetPlatformManager: Display: Loaded TargetPlatform 'WindowsServer'
[2020.11.02-00.21.27:730][  0]LogTargetPlatformManager: Display: Building Assets For Windows
[2020.11.02-00.21.27:735][  0]LogAudioDebug: Display: Lib vorbis DLL was dynamically loaded.
[2020.11.02-00.21.27:782][  0]LogShaderCompilers: Guid format shader working directory is -75 characters bigger than the processId version (../../../../../../Users/Pog/Documents/School/Year 4/Sem 2/AdvancedGames/Assignment 2/Git/AdvGamesProgramming/GameFiles/Intermediate/Shaders/WorkingDirectory/13472/).
[2020.11.02-00.21.27:782][  0]LogShaderCompilers: Cleaned the shader compiler working directory 'C:/Users/Pog/AppData/Local/Temp/UnrealShaderWorkingDir/BECC20944A94865B8303A982997687D1/'.
[2020.11.02-00.21.27:783][  0]LogXGEController: Cleaning working directory: C:/Users/Pog/AppData/Local/Temp/UnrealXGEWorkingDir/
[2020.11.02-00.21.27:783][  0]LogXGEController: Cannot use XGE Controller as Incredibuild is not installed on this machine.
[2020.11.02-00.21.27:783][  0]LogShaderCompilers: Cannot use XGE Shader Compiler as Incredibuild is not installed on this machine.
[2020.11.02-00.21.27:783][  0]LogShaderCompilers: Display: Using Local Shader Compiler.
[2020.11.02-00.21.29:024][  0]LogDerivedDataCache: Display: Max Cache Size: 512 MB
[2020.11.02-00.21.29:167][  0]LogDerivedDataCache: Loaded boot cache 0.14s 96MB C:/Users/Pog/AppData/Local/UnrealEngine/4.24/DerivedDataCache/Boot.ddc.
[2020.11.02-00.21.29:167][  0]LogDerivedDataCache: Display: Loaded Boot cache: C:/Users/Pog/AppData/Local/UnrealEngine/4.24/DerivedDataCache/Boot.ddc
[2020.11.02-00.21.29:168][  0]LogDerivedDataCache: FDerivedDataBackendGraph:  Pak pak cache file ../../../../../../Users/Pog/Documents/School/Year 4/Sem 2/AdvancedGames/Assignment 2/Git/AdvGamesProgramming/GameFiles/DerivedDataCache/DDC.ddp not found, will not use a pak cache.
[2020.11.02-00.21.29:168][  0]LogDerivedDataCache: Unable to find inner node Pak for hierarchical cache Hierarchy.
[2020.11.02-00.21.29:168][  0]LogDerivedDataCache: FDerivedDataBackendGraph:  CompressedPak pak cache file ../../../../../../Users/Pog/Documents/School/Year 4/Sem 2/AdvancedGames/Assignment 2/Git/AdvGamesProgramming/GameFiles/DerivedDataCache/Compressed.ddp not found, will not use a pak cache.
[2020.11.02-00.21.29:168][  0]LogDerivedDataCache: Unable to find inner node CompressedPak for hierarchical cache Hierarchy.
[2020.11.02-00.21.29:183][  0]LogDerivedDataCache: Display: Pak cache opened for reading ../../../Engine/DerivedDataCache/Compressed.ddp.
[2020.11.02-00.21.29:183][  0]LogDerivedDataCache: FDerivedDataBackendGraph:  EnterprisePak pak cache file ../../../Enterprise/DerivedDataCache/Compressed.ddp not found, will not use a pak cache.
[2020.11.02-00.21.29:183][  0]LogDerivedDataCache: Unable to find inner node EnterprisePak for hierarchical cache Hierarchy.
[2020.11.02-00.21.29:185][  0]LogDerivedDataCache: Using Local data cache path C:/Users/Pog/AppData/Local/UnrealEngine/Common/DerivedDataCache: Writable
[2020.11.02-00.21.29:185][  0]LogDerivedDataCache: Shared data cache path not found in *engine.ini, will not use an Shared cache.
[2020.11.02-00.21.29:185][  0]LogDerivedDataCache: Unable to find inner node Shared for hierarchical cache Hierarchy.
[2020.11.02-00.21.29:234][  0]LogMaterial: Verifying Global Shaders for PCD3D_SM5
[2020.11.02-00.21.29:238][  0]LogSlate: Using FreeType 2.10.0
[2020.11.02-00.21.29:239][  0]LogSlate: SlateFontServices - WITH_FREETYPE: 1, WITH_HARFBUZZ: 1
[2020.11.02-00.21.29:331][  0]LogAssetRegistry: FAssetRegistry took 0.0036 seconds to start up
[2020.11.02-00.21.29:827][  0]LogInit: Selected Device Profile: [Windows]
[2020.11.02-00.21.30:070][  0]LogMeshReduction: Using QuadricMeshReduction for automatic static mesh reduction
[2020.11.02-00.21.30:070][  0]LogMeshReduction: Using SimplygonMeshReduction for automatic skeletal mesh reduction
[2020.11.02-00.21.30:070][  0]LogMeshReduction: Using ProxyLODMeshReduction for automatic mesh merging
[2020.11.02-00.21.30:070][  0]LogMeshReduction: No distributed automatic mesh merging module available
[2020.11.02-00.21.30:070][  0]LogMeshMerging: No distributed automatic mesh merging module available
[2020.11.02-00.21.30:090][  0]LogNetVersion: AdvGamesProgramming 1.0.0, NetCL: 10570792, EngineNetVer: 13, GameNetVer: 0 (Checksum: 489682494)
[2020.11.02-00.21.32:555][  0]LogPackageLocalizationCache: Processed 8 localized package path(s) for 1 prioritized culture(s) in 0.074226 seconds
[2020.11.02-00.21.32:571][  0]LogUObjectArray: 46098 objects as part of root set at end of initial load.
[2020.11.02-00.21.32:571][  0]LogUObjectAllocator: 8030680 out of 0 bytes used by permanent object pool.
[2020.11.02-00.21.32:571][  0]LogUObjectArray: CloseDisregardForGC: 0/0 objects in disregard for GC pool
[2020.11.02-00.21.33:304][  0]LogTcpMessaging: Initializing TcpMessaging bridge
[2020.11.02-00.21.33:309][  0]LogUdpMessaging: Initializing bridge on interface 0.0.0.0:0 to multicast group 230.0.0.1:6666.
[2020.11.02-00.21.33:513][  0]LogBlueprint: Warning: [Compiler Ue4ASP_Character] InputAction Event references unknown Action 'Crouch' for  InputAction Crouch
[2020.11.02-00.21.33:514][  0]LogBlueprint: Warning: [Compiler Ue4ASP_Character] Input Axis Event references unknown Axis 'MoveRight' for  InputAxis MoveRight
[2020.11.02-00.21.34:563][  0]SourceControl: Source control is disabled
[2020.11.02-00.21.34:563][  0]SourceControl: Source control is disabled
[2020.11.02-00.21.34:566][  0]SourceControl: Source control is disabled
[2020.11.02-00.21.34:568][  0]SourceControl: Source control is disabled
[2020.11.02-00.21.34:570][  0]SourceControl: Source control is disabled
[2020.11.02-00.21.34:732][  0]LogAndroidPermission: UAndroidPermissionCallbackProxy::GetInstance
[2020.11.02-00.21.34:750][  0]LogAudioCaptureCore: Display: No Audio Capture implementations found. Audio input will be silent.
[2020.11.02-00.21.34:750][  0]LogAudioCaptureCore: Display: No Audio Capture implementations found. Audio input will be silent.
[2020.11.02-00.21.34:902][  0]LogEngine: Initializing Engine...
[2020.11.02-00.21.34:907][  0]LogStats: UGameplayTagsManager::InitializeManager -  0.000 s
[2020.11.02-00.21.35:549][  0]LogInit: Initializing FReadOnlyCVARCache
[2020.11.02-00.21.35:581][  0]LogAIModule: Creating AISystem for world Untitled
[2020.11.02-00.21.35:606][  0]LogAudioMixer: Display: Audio Mixer Platform Settings:
[2020.11.02-00.21.35:606][  0]LogAudioMixer: Display: 	Sample Rate:						  48000
[2020.11.02-00.21.35:606][  0]LogAudioMixer: Display: 	Callback Buffer Frame Size Requested: 1024
[2020.11.02-00.21.35:606][  0]LogAudioMixer: Display: 	Callback Buffer Frame Size To Use:	  1024
[2020.11.02-00.21.35:606][  0]LogAudioMixer: Display: 	Number of buffers to queue:			  2
[2020.11.02-00.21.35:606][  0]LogAudioMixer: Display: 	Max Channels (voices):				  32
[2020.11.02-00.21.35:606][  0]LogAudioMixer: Display: 	Number of Async Source Workers:		  0
[2020.11.02-00.21.35:607][  0]LogAudio: Display: AudioDevice MaxSources: 32
[2020.11.02-00.21.35:609][  0]LogAudio: Display: Using built-in audio occlusion.
[2020.11.02-00.21.35:609][  0]LogAudioMixer: Display: Initializing audio mixer.
[2020.11.02-00.21.35:814][  0]LogAudioMixer: Display: Audio Device Output Speaker Info:
[2020.11.02-00.21.35:814][  0]LogAudioMixer: Display: Name: Headphones (BLE_ATH-M50xBT Stereo)
[2020.11.02-00.21.35:814][  0]LogAudioMixer: Display: Is Default: Yes
[2020.11.02-00.21.35:814][  0]LogAudioMixer: Display: Sample Rate: 44100
[2020.11.02-00.21.35:814][  0]LogAudioMixer: Display: Channel Count Used: 2
[2020.11.02-00.21.35:814][  0]LogAudioMixer: Display: Device Channel Count: 2
[2020.11.02-00.21.35:814][  0]LogAudioMixer: Display: Channel Order:
[2020.11.02-00.21.35:814][  0]LogAudioMixer: Display: 0: FrontLeft
[2020.11.02-00.21.35:814][  0]LogAudioMixer: Display: 1: FrontRight
[2020.11.02-00.21.36:228][  0]LogAudioMixer: Display: Using Audio Device Headphones (BLE_ATH-M50xBT Stereo)
[2020.11.02-00.21.36:244][  0]LogInit: FAudioDevice initialized.
[2020.11.02-00.21.36:245][  0]LogNetVersion: Set ProjectVersion to 1.0.0.0. Version Checksum will be recalculated on next use.
[2020.11.02-00.21.36:322][  0]LogDerivedDataCache: Saved boot cache 0.08s 96MB C:/Users/Pog/AppData/Local/UnrealEngine/4.24/DerivedDataCache/Boot.ddc.
[2020.11.02-00.21.36:336][  0]LogInit: Texture streaming: Enabled
[2020.11.02-00.21.36:362][  0]LogEngineSessionManager: EngineSessionManager initialized
[2020.11.02-00.21.36:363][  0]LogEngineSessionManager: EngineSessionManager sent abnormal shutdown report. Type=Crashed, SessionId={36C1D8A7-4441-B9F3-D58F-7A8E5BF952AB}
[2020.11.02-00.21.36:363][  0]LogEditorSessionSummary: Verbose: Initializing EditorSessionSummaryWriter for editor session tracking
[2020.11.02-00.21.36:367][  0]LogEditorSessionSummary: EditorSessionSummaryWriter initialized
[2020.11.02-00.21.36:484][  0]LogInit: Transaction tracking system initialized
[2020.11.02-00.21.36:534][  0]BlueprintLog: New page: Editor Load
[2020.11.02-00.21.36:681][  0]LocalizationService: Localization service is disabled
[2020.11.02-00.21.37:359][  0]LogFileCache: Scanning file cache for directory 'C:/Users/Pog/Documents/School/Year 4/Sem 2/AdvancedGames/Assignment 2/Git/AdvGamesProgramming/GameFiles/Content/' took 0.01s
[2020.11.02-00.21.37:360][  0]LogCook: Display: Max memory allowance for cook 16384mb min free memory 0mb
[2020.11.02-00.21.37:360][  0]LogCook: Display: Mobile HDR setting 1
[2020.11.02-00.21.37:657][  0]SourceControl: Source control is disabled
[2020.11.02-00.21.37:660][  0]LightingResults: New page: Lighting Build
[2020.11.02-00.21.37:665][  0]LogWorld: UWorld::CleanupWorld for Untitled, bSessionEnded=true, bCleanupResources=true
[2020.11.02-00.21.37:666][  0]LogSlate: InvalidateAllWidgets triggered.  All widgets were invalidated
[2020.11.02-00.21.37:666][  0]MapCheck: New page: Map Check
[2020.11.02-00.21.37:666][  0]LightingResults: New page: Lighting Build
[2020.11.02-00.21.37:713][  0]LogUObjectHash: Compacting FUObjectHashTables data took   3.24ms
[2020.11.02-00.21.38:497][  0]LogAIModule: Creating AISystem for world TestingMap
[2020.11.02-00.21.38:531][  0]LogEditorServer: Finished looking for orphan Actors (0.000 secs)
[2020.11.02-00.21.38:588][  0]LogUObjectHash: Compacting FUObjectHashTables data took   4.49ms
[2020.11.02-00.21.38:589][  0]Cmd: MAP CHECKDEP NOCLEARLOG
[2020.11.02-00.21.38:590][  0]MapCheck: Map check complete: 0 Error(s), 0 Warning(s), took 0.573ms to complete.
[2020.11.02-00.21.38:590][  0]LogFileHelpers: Loading map 'TestingMap' took 0.932
[2020.11.02-00.21.38:830][  0]LogSlate: Updating window title bar state: overlay mode, drag disabled, window buttons hidden, title bar hidden
[2020.11.02-00.21.38:844][  0]LogSlate: Updating window title bar state: overlay mode, drag disabled, window buttons hidden, title bar hidden
[2020.11.02-00.21.38:856][  0]LogSlate: Updating window title bar state: overlay mode, drag disabled, window buttons hidden, title bar hidden
[2020.11.02-00.21.38:867][  0]LogSlate: Updating window title bar state: overlay mode, drag disabled, window buttons hidden, title bar hidden
[2020.11.02-00.21.38:898][  0]LogCollectionManager: Loaded 0 collections in 0.002587 seconds
[2020.11.02-00.21.38:921][  0]LogFileCache: Scanning file cache for directory 'C:/Users/Pog/Documents/School/Year 4/Sem 2/AdvancedGames/Assignment 2/Git/AdvGamesProgramming/GameFiles/Saved/Collections/' took 0.00s
[2020.11.02-00.21.38:921][  0]LogFileCache: Scanning file cache for directory 'C:/Users/Pog/Documents/School/Year 4/Sem 2/AdvancedGames/Assignment 2/Git/AdvGamesProgramming/GameFiles/Content/Developers/Jack/Collections/' took 0.00s
[2020.11.02-00.21.38:921][  0]LogFileCache: Scanning file cache for directory 'C:/Users/Pog/Documents/School/Year 4/Sem 2/AdvancedGames/Assignment 2/Git/AdvGamesProgramming/GameFiles/Content/Collections/' took 0.00s
[2020.11.02-00.21.38:922][  0]LogContentBrowser: Native class hierarchy populated in 0.0145 seconds. Added 3021 classes and 706 folders.
[2020.11.02-00.21.38:927][  0]LogContentBrowser: Native class hierarchy updated for 'WidgetCarousel' in 0.0005 seconds. Added 0 classes and 0 folders.
[2020.11.02-00.21.39:148][  0]LogContentBrowser: Native class hierarchy updated for 'AddContentDialog' in 0.0009 seconds. Added 0 classes and 0 folders.
[2020.11.02-00.21.39:224][  0]LogSlate: Took 0.000875 seconds to synchronously load lazily loaded font '../../../Engine/Content/Slate/Fonts/Roboto-Regular.ttf' (155K)
[2020.11.02-00.21.39:232][  0]LogSlate: Took 0.000791 seconds to synchronously load lazily loaded font '../../../Engine/Content/Slate/Fonts/Roboto-Bold.ttf' (160K)
[2020.11.02-00.21.39:240][  0]LogSlate: Took 0.000916 seconds to synchronously load lazily loaded font '../../../Engine/Content/Editor/Slate/Fonts/FontAwesome.ttf' (139K)
[2020.11.02-00.21.39:242][  0]LogSlate: Took 0.000777 seconds to synchronously load lazily loaded font '../../../Engine/Content/Slate/Fonts/DroidSansMono.ttf' (77K)
[2020.11.02-00.21.39:426][  0]LogRenderer: Reallocating scene render targets to support 1176x596 Format 10 NumSamples 1 (Frame:1).
[2020.11.02-00.21.39:638][  0]LogContentBrowser: Native class hierarchy updated for 'HierarchicalLODOutliner' in 0.0005 seconds. Added 0 classes and 0 folders.
[2020.11.02-00.21.39:638][  0]LogLoad: (Engine Initialization) Total time: 19.52 seconds
[2020.11.02-00.21.39:638][  0]LogLoad: (Engine Initialization) Total Blueprint compile time: 0.00 seconds
[2020.11.02-00.21.39:724][  0]LogContentStreaming: Texture pool size now 1000 MB
[2020.11.02-00.21.39:923][  3]LogAssetRegistry: Asset discovery search completed in 10.5941 seconds
[2020.11.02-00.21.39:930][  3]LogCollectionManager: Fixed up redirectors for 0 collections in 0.000278 seconds (updated 0 objects)
[2020.11.02-00.21.41:238][  7]LogSlate: Took 0.000942 seconds to synchronously load lazily loaded font '../../../Engine/Content/Slate/Fonts/Roboto-Light.ttf' (167K)
[2020.11.02-00.21.44:940][ 18]LogFileCache: Retrieving MD5 hashes for directory 'C:/Users/Pog/Documents/School/Year 4/Sem 2/AdvancedGames/Assignment 2/Git/AdvGamesProgramming/GameFiles/Content/' took 5.28s
[2020.11.02-00.23.58:585][807]LogHotReload: New module detected: UE4Editor-AdvGamesProgramming-0003.dll
[2020.11.02-00.23.59:973][812]LogHotReload: Starting Hot-Reload from IDE
[2020.11.02-00.24.00:072][812]LogUObjectHash: Compacting FUObjectHashTables data took   1.15ms
[2020.11.02-00.24.00:190][812]LogClass: AgentState HotReload.
[2020.11.02-00.24.00:191][812]LogClass: WeaponPickupRarity HotReload.
[2020.11.02-00.24.00:208][812]LogContentBrowser: Native class hierarchy updated for 'AdvGamesProgramming' in 0.0007 seconds. Added 22 classes and 2 folders.
[2020.11.02-00.24.00:212][812]Display: HotReload successful (26 functions remapped  0 scriptstructs remapped)
[2020.11.02-00.24.00:349][812]LogUObjectHash: Compacting FUObjectHashTables data took   2.53ms
[2020.11.02-00.24.00:366][812]LogContentBrowser: Native class hierarchy populated in 0.0167 seconds. Added 3021 classes and 706 folders.
[2020.11.02-00.24.00:401][812]Display: HotReload took  0.4s.
[2020.11.02-00.24.02:038][890]LogTemp: Repeating last play command: New Editor Window (PIE)
[2020.11.02-00.24.02:069][890]LogBlueprintUserMessages: Early PlayInEditor Detection: Level '/Game/Levels/TestingMap.TestingMap:PersistentLevel' has LevelScriptBlueprint '/Game/Levels/TestingMap.TestingMap:PersistentLevel.TestingMap' with GeneratedClass '/Game/Levels/TestingMap.TestingMap_C' with ClassGeneratedBy '/Game/Levels/TestingMap.TestingMap:PersistentLevel.TestingMap'
[2020.11.02-00.24.02:072][890]LogPlayLevel: PlayLevel: No blueprints needed recompiling
[2020.11.02-00.24.02:079][890]PIE: New page: PIE session: TestingMap (2 Nov 2020, 10:24:02 pm)
[2020.11.02-00.24.02:084][890]LogOnline: OSS: Creating online subsystem instance for: NULL
[2020.11.02-00.24.02:085][890]LogOnline: OSS: TryLoadSubsystemAndSetDefault: Loaded subsystem for module [NULL]
[2020.11.02-00.24.02:087][890]LogPlayLevel: Creating play world package: /Game/Levels/UEDPIE_1_TestingMap
[2020.11.02-00.24.02:130][890]LogPlayLevel: PIE: StaticDuplicateObject took: (0.043313s)
[2020.11.02-00.24.02:133][890]LogAIModule: Creating AISystem for world TestingMap
[2020.11.02-00.24.02:134][890]LogPlayLevel: PIE: World Init took: (0.003737s)
[2020.11.02-00.24.02:134][890]LogPlayLevel: PIE: Created PIE world by copying editor world from /Game/Levels/TestingMap.TestingMap to /Game/Levels/UEDPIE_1_TestingMap.TestingMap (0.047934s)
[2020.11.02-00.24.02:167][890]LogUObjectHash: Compacting FUObjectHashTables data took   1.86ms
[2020.11.02-00.24.02:179][890]LogLoad: Game class is 'MultiplayerGameModeBlueprint_C'
[2020.11.02-00.24.02:190][890]LogWorld: Bringing World /Game/Levels/UEDPIE_1_TestingMap.TestingMap up for play (max tick rate 0) at 2020.11.02-11.24.02
[2020.11.02-00.24.02:191][890]LogWorld: Bringing up level for play took: 0.003321
[2020.11.02-00.24.02:197][890]LogNet: ReplicationDriverClass is null! Not using ReplicationDriver.
[2020.11.02-00.24.02:197][890]LogNetCore: DDoS detection status: detection enabled: 0 analytics enabled: 0
[2020.11.02-00.24.02:198][890]LogInit: WinSock: I am Razer-Blade-2017 (10.0.0.41:0)
[2020.11.02-00.24.02:199][890]LogInit: WinSock: Socket queue. Rx: 131072 (config 131072) Tx: 131072 (config 131072)
[2020.11.02-00.24.02:199][890]PacketHandlerLog: Loaded PacketHandler component: Engine.EngineHandlerComponentFactory (StatelessConnectHandlerComponent)
[2020.11.02-00.24.02:201][890]LogNet: GameNetDriver IpNetDriver_0 IpNetDriver listening on port 17777
[2020.11.02-00.24.02:201][890]LogGameMode: Display: Match State Changed from EnteringMap to WaitingToStart
[2020.11.02-00.24.02:201][890]LogTemp: Warning: X=1000.000 Y=-250.000 Z=50.000
[2020.11.02-00.24.02:257][890]LogGameState: Match State Changed from EnteringMap to WaitingToStart
[2020.11.02-00.24.02:258][890]PIE: Play in editor start time for /Game/Levels/UEDPIE_1_TestingMap 0.663
[2020.11.02-00.24.02:262][890]LogAudioMixer: Display: Audio Mixer Platform Settings:
[2020.11.02-00.24.02:262][890]LogAudioMixer: Display: 	Sample Rate:						  48000
[2020.11.02-00.24.02:262][890]LogAudioMixer: Display: 	Callback Buffer Frame Size Requested: 1024
[2020.11.02-00.24.02:262][890]LogAudioMixer: Display: 	Callback Buffer Frame Size To Use:	  1024
[2020.11.02-00.24.02:262][890]LogAudioMixer: Display: 	Number of buffers to queue:			  2
[2020.11.02-00.24.02:262][890]LogAudioMixer: Display: 	Max Channels (voices):				  32
[2020.11.02-00.24.02:262][890]LogAudioMixer: Display: 	Number of Async Source Workers:		  0
[2020.11.02-00.24.02:263][890]LogAudio: Display: AudioDevice MaxSources: 32
[2020.11.02-00.24.02:263][890]LogAudio: Display: Using built-in audio occlusion.
[2020.11.02-00.24.02:264][890]LogAudioMixer: Display: Initializing audio mixer.
[2020.11.02-00.24.02:458][890]LogAudioMixer: Display: Audio Device Output Speaker Info:
[2020.11.02-00.24.02:458][890]LogAudioMixer: Display: Name: Headphones (BLE_ATH-M50xBT Stereo)
[2020.11.02-00.24.02:458][890]LogAudioMixer: Display: Is Default: Yes
[2020.11.02-00.24.02:458][890]LogAudioMixer: Display: Sample Rate: 44100
[2020.11.02-00.24.02:458][890]LogAudioMixer: Display: Channel Count Used: 2
[2020.11.02-00.24.02:458][890]LogAudioMixer: Display: Device Channel Count: 2
[2020.11.02-00.24.02:458][890]LogAudioMixer: Display: Channel Order:
[2020.11.02-00.24.02:458][890]LogAudioMixer: Display: 0: FrontLeft
[2020.11.02-00.24.02:458][890]LogAudioMixer: Display: 1: FrontRight
[2020.11.02-00.24.02:473][890]LogAudioMixer: Display: Using Audio Device Headphones (BLE_ATH-M50xBT Stereo)
[2020.11.02-00.24.02:475][890]LogInit: FAudioDevice initialized.
[2020.11.02-00.24.02:549][890]LogSlate: Updating window title bar state: overlay mode, drag disabled, window buttons hidden, title bar hidden
[2020.11.02-00.24.02:550][890]LogNet: Browse: 127.0.0.1:17777//Game/Levels/TestingMap
[2020.11.02-00.24.02:552][890]LogInit: WinSock: Socket queue. Rx: 32768 (config 32768) Tx: 32768 (config 32768)
[2020.11.02-00.24.02:554][890]PacketHandlerLog: Loaded PacketHandler component: Engine.EngineHandlerComponentFactory (StatelessConnectHandlerComponent)
[2020.11.02-00.24.02:555][890]LogNet: Game client on port 17777, rate 10000
[2020.11.02-00.24.02:562][890]PIE: Play in editor start time for /Game/Levels/TestingMap 0.966
[2020.11.02-00.24.02:631][890]LogSlate: Updating window title bar state: overlay mode, drag disabled, window buttons hidden, title bar hidden
[2020.11.02-00.24.02:632][890]LogNet: Browse: 127.0.0.1:17777//Game/Levels/TestingMap
[2020.11.02-00.24.02:633][890]LogInit: WinSock: Socket queue. Rx: 32768 (config 32768) Tx: 32768 (config 32768)
[2020.11.02-00.24.02:634][890]PacketHandlerLog: Loaded PacketHandler component: Engine.EngineHandlerComponentFactory (StatelessConnectHandlerComponent)
[2020.11.02-00.24.02:634][890]LogNet: Game client on port 17777, rate 10000
[2020.11.02-00.24.02:636][890]PIE: Play in editor start time for /Game/Levels/TestingMap 1.042
[2020.11.02-00.24.02:653][890]LogBlueprintUserMessages: Late PlayInEditor Detection: Level '/Game/Levels/TestingMap.TestingMap:PersistentLevel' has LevelScriptBlueprint '/Game/Levels/TestingMap.TestingMap:PersistentLevel.TestingMap' with GeneratedClass '/Game/Levels/TestingMap.TestingMap_C' with ClassGeneratedBy '/Game/Levels/TestingMap.TestingMap:PersistentLevel.TestingMap'
[2020.11.02-00.24.02:655][890]LogNet: NotifyAcceptingConnection accepted from: 127.0.0.1:50265
[2020.11.02-00.24.02:657][890]LogHandshake: SendConnectChallenge. Timestamp: 0.008335, Cookie: 035197185004189243193077080191104241130075178010019080175086
[2020.11.02-00.24.02:657][890]LogNet: NotifyAcceptingConnection accepted from: 127.0.0.1:50266
[2020.11.02-00.24.02:657][890]LogHandshake: SendConnectChallenge. Timestamp: 0.008335, Cookie: 200237011032085112001091163113092160094116123085139013199220
[2020.11.02-00.24.02:809][890]LogOnline: OSS: Creating online subsystem instance for: :Context_1
[2020.11.02-00.24.02:814][890]LogHandshake: SendChallengeResponse. Timestamp: 0.008335, Cookie: 035197185004189243193077080191104241130075178010019080175086
[2020.11.02-00.24.02:815][890]LogHandshake: SendChallengeResponse. Timestamp: 0.008335, Cookie: 200237011032085112001091163113092160094116123085139013199220
[2020.11.02-00.24.02:906][891]LogNet: NotifyAcceptingConnection accepted from: 127.0.0.1:50265
[2020.11.02-00.24.02:906][891]LogHandshake: SendChallengeAck. InCookie: 035197185004189243193077080191104241130075178010019080175086
[2020.11.02-00.24.02:906][891]LogNet: Server accepting post-challenge connection from: 127.0.0.1:50265
[2020.11.02-00.24.02:907][891]PacketHandlerLog: Loaded PacketHandler component: Engine.EngineHandlerComponentFactory (StatelessConnectHandlerComponent)
[2020.11.02-00.24.02:907][891]LogNet: NotifyAcceptedConnection: Name: TestingMap, TimeStamp: 11/02/20 11:24:02, [UNetConnection] RemoteAddr: 127.0.0.1:50265, Name: IpConnection_2, Driver: GameNetDriver IpNetDriver_0, IsServer: YES, PC: NULL, Owner: NULL, UniqueId: INVALID
[2020.11.02-00.24.02:907][891]LogNet: AddClientConnection: Added client connection: [UNetConnection] RemoteAddr: 127.0.0.1:50265, Name: IpConnection_2, Driver: GameNetDriver IpNetDriver_0, IsServer: YES, PC: NULL, Owner: NULL, UniqueId: INVALID
[2020.11.02-00.24.02:907][891]LogNet: NotifyAcceptingConnection accepted from: 127.0.0.1:50266
[2020.11.02-00.24.02:907][891]LogHandshake: SendChallengeAck. InCookie: 200237011032085112001091163113092160094116123085139013199220
[2020.11.02-00.24.02:908][891]LogNet: Server accepting post-challenge connection from: 127.0.0.1:50266
[2020.11.02-00.24.02:909][891]PacketHandlerLog: Loaded PacketHandler component: Engine.EngineHandlerComponentFactory (StatelessConnectHandlerComponent)
[2020.11.02-00.24.02:909][891]LogNet: NotifyAcceptedConnection: Name: TestingMap, TimeStamp: 11/02/20 11:24:02, [UNetConnection] RemoteAddr: 127.0.0.1:50266, Name: IpConnection_3, Driver: GameNetDriver IpNetDriver_0, IsServer: YES, PC: NULL, Owner: NULL, UniqueId: INVALID
[2020.11.02-00.24.02:909][891]LogNet: AddClientConnection: Added client connection: [UNetConnection] RemoteAddr: 127.0.0.1:50266, Name: IpConnection_3, Driver: GameNetDriver IpNetDriver_0, IsServer: YES, PC: NULL, Owner: NULL, UniqueId: INVALID
[2020.11.02-00.24.02:915][891]LogNetVersion: AdvGamesProgramming 1.0.0.0, NetCL: 10570792, EngineNetVer: 13, GameNetVer: 0 (Checksum: 1585971074)
[2020.11.02-00.24.02:915][891]LogNet: UPendingNetGame::SendInitialJoin: Sending hello. [UNetConnection] RemoteAddr: 127.0.0.1:17777, Name: IpConnection_0, Driver: PendingNetDriver IpNetDriver_1, IsServer: NO, PC: NULL, Owner: NULL, UniqueId: INVALID
[2020.11.02-00.24.02:917][891]LogNet: UPendingNetGame::SendInitialJoin: Sending hello. [UNetConnection] RemoteAddr: 127.0.0.1:17777, Name: IpConnection_1, Driver: PendingNetDriver IpNetDriver_2, IsServer: NO, PC: NULL, Owner: NULL, UniqueId: INVALID
[2020.11.02-00.24.02:947][892]LogNet: NotifyAcceptingChannel Control 0 server World /Game/Levels/UEDPIE_1_TestingMap.TestingMap: Accepted
[2020.11.02-00.24.02:948][892]LogNet: Remote platform little endian=1
[2020.11.02-00.24.02:948][892]LogNet: This platform little endian=1
[2020.11.02-00.24.02:949][892]LogNet: NotifyAcceptingChannel Control 0 server World /Game/Levels/UEDPIE_1_TestingMap.TestingMap: Accepted
[2020.11.02-00.24.02:949][892]LogNet: Remote platform little endian=1
[2020.11.02-00.24.02:949][892]LogNet: This platform little endian=1
[2020.11.02-00.24.02:954][892]LogOnline: OSS: Creating online subsystem instance for: :Context_2
[2020.11.02-00.24.02:958][892]LogOnline: OSS: Creating online subsystem instance for: :Context_3
[2020.11.02-00.24.02:971][893]LogNet: Login request: /Game/Levels/TestingMap?Name=Razer-Blade-2017-C46F4EE94D6CC5C670E35BA8E2F6A7C2 userId: NULL:Razer-Blade-2017-C46F4EE94D6CC5C670E35BA8E2F6A7C2 platform: NULL
[2020.11.02-00.24.02:972][893]LogNet: Login request: /Game/Levels/TestingMap?Name=Razer-Blade-2017-182296324B4E9963C0A21A9A1135E3FE userId: NULL:Razer-Blade-2017-182296324B4E9963C0A21A9A1135E3FE platform: NULL
[2020.11.02-00.24.02:976][893]LogTemp: Warning: Player Lost
[2020.11.02-00.24.02:976][893]LogTemp: Warning: Player Lost
[2020.11.02-00.24.02:976][893]LogTemp: Warning: Player Lost
[2020.11.02-00.24.02:976][893]LogTemp: Warning: Player Lost
[2020.11.02-00.24.02:976][893]LogTemp: Warning: Player Lost
[2020.11.02-00.24.02:976][893]LogTemp: Warning: Player Lost
[2020.11.02-00.24.02:977][893]LogNet: Welcomed by server (Level: /Game/Levels/UEDPIE_1_TestingMap, Game: /Game/Blueprints/MultiplayerGameModeBlueprint.MultiplayerGameModeBlueprint_C)
[2020.11.02-00.24.02:977][893]LogLoad: LoadMap: 127.0.0.1:17777//Game/Levels/UEDPIE_1_TestingMap?game=/Game/Blueprints/MultiplayerGameModeBlueprint.MultiplayerGameModeBlueprint_C
[2020.11.02-00.24.02:977][893]LogWorld: BeginTearingDown for /Temp/Untitled_1
[2020.11.02-00.24.02:978][893]LogWorld: UWorld::CleanupWorld for Untitled, bSessionEnded=true, bCleanupResources=true
[2020.11.02-00.24.02:978][893]LogSlate: InvalidateAllWidgets triggered.  All widgets were invalidated
[2020.11.02-00.24.02:978][893]LogAudioMixer: Display: No commands were queued while flushing the source manager.
[2020.11.02-00.24.03:013][893]LogUObjectHash: Compacting FUObjectHashTables data took   2.43ms
[2020.11.02-00.24.03:044][893]LogAIModule: Creating AISystem for world TestingMap
[2020.11.02-00.24.03:048][893]LogWorld: Bringing World /Game/Levels/UEDPIE_2_TestingMap.TestingMap up for play (max tick rate 0) at 2020.11.02-11.24.03
[2020.11.02-00.24.03:050][893]LogWorld: Bringing up level for play took: 0.002841
[2020.11.02-00.24.03:050][893]LogNavigation: Warning: Was not able to create navigation data for SupportedAgent[0]: Default
[2020.11.02-00.24.03:050][893]LogLoad: Took 0.073162 seconds to LoadMap(/Game/Levels/UEDPIE_1_TestingMap)
[2020.11.02-00.24.03:051][893]LogNet: Welcomed by server (Level: /Game/Levels/UEDPIE_1_TestingMap, Game: /Game/Blueprints/MultiplayerGameModeBlueprint.MultiplayerGameModeBlueprint_C)
[2020.11.02-00.24.03:052][893]LogLoad: LoadMap: 127.0.0.1:17777//Game/Levels/UEDPIE_1_TestingMap?game=/Game/Blueprints/MultiplayerGameModeBlueprint.MultiplayerGameModeBlueprint_C
[2020.11.02-00.24.03:052][893]LogWorld: BeginTearingDown for /Temp/Untitled_2
[2020.11.02-00.24.03:052][893]LogWorld: UWorld::CleanupWorld for Untitled, bSessionEnded=true, bCleanupResources=true
[2020.11.02-00.24.03:052][893]LogSlate: InvalidateAllWidgets triggered.  All widgets were invalidated
[2020.11.02-00.24.03:052][893]LogAudioMixer: Display: No commands were queued while flushing the source manager.
[2020.11.02-00.24.03:086][893]LogUObjectHash: Compacting FUObjectHashTables data took   2.32ms
[2020.11.02-00.24.03:118][893]LogAIModule: Creating AISystem for world TestingMap
[2020.11.02-00.24.03:121][893]LogWorld: Bringing World /Game/Levels/UEDPIE_3_TestingMap.TestingMap up for play (max tick rate 0) at 2020.11.02-11.24.03
[2020.11.02-00.24.03:121][893]LogWorld: Bringing up level for play took: 0.001920
[2020.11.02-00.24.03:122][893]LogNavigation: Warning: Was not able to create navigation data for SupportedAgent[0]: Default
[2020.11.02-00.24.03:122][893]LogLoad: Took 0.070817 seconds to LoadMap(/Game/Levels/UEDPIE_1_TestingMap)
[2020.11.02-00.24.03:162][894]LogRenderer: Reallocating scene render targets to support 1280x720 Format 10 NumSamples 1 (Frame:1).
[2020.11.02-00.24.03:163][894]LogNet: Client netspeed is 10000
[2020.11.02-00.24.03:163][894]LogNet: Join request: /Game/Levels/TestingMap?Name=Razer-Blade-2017-C46F4EE94D6CC5C670E35BA8E2F6A7C2?SplitscreenCount=1
[2020.11.02-00.24.03:164][894]LogOnlineSession: Warning: OSS: No game present to join for session (GameSession)
[2020.11.02-00.24.03:172][894]LogGameMode: Display: Match State Changed from WaitingToStart to InProgress
[2020.11.02-00.24.03:175][894]LogGameState: Match State Changed from WaitingToStart to InProgress
[2020.11.02-00.24.03:175][894]LogNet: Join succeeded: Razer-Blade-2017-C46
[2020.11.02-00.24.03:175][894]LogNet: Client netspeed is 10000
[2020.11.02-00.24.03:176][894]LogNet: Join request: /Game/Levels/TestingMap?Name=Razer-Blade-2017-182296324B4E9963C0A21A9A1135E3FE?SplitscreenCount=1
[2020.11.02-00.24.03:176][894]LogOnlineSession: Warning: OSS: No game present to join for session (GameSession)
[2020.11.02-00.24.03:180][894]LogNet: Join succeeded: Razer-Blade-2017-182
[2020.11.02-00.24.03:187][894]LogTemp: Warning: Player Lost
[2020.11.02-00.24.03:187][894]LogTemp: Warning: Player Lost
[2020.11.02-00.24.03:187][894]LogTemp: Warning: Player Lost
[2020.11.02-00.24.03:232][895]LogTemp: Warning: Player Lost
[2020.11.02-00.24.03:232][895]LogTemp: Warning: Player Lost
[2020.11.02-00.24.03:232][895]LogTemp: Warning: Player Lost
[2020.11.02-00.24.03:354][902]LogTemp: Warning: Player Lost
[2020.11.02-00.24.03:354][902]LogTemp: Warning: Player Lost
[2020.11.02-00.24.03:354][902]LogTemp: Warning: Player Lost
[2020.11.02-00.24.03:372][903]LogTemp: Warning: Player Lost
[2020.11.02-00.24.03:372][903]LogTemp: Warning: Player Lost
[2020.11.02-00.24.03:372][903]LogTemp: Warning: Player Lost
[2020.11.02-00.24.03:486][908]LogTemp: Warning: Player Lost
[2020.11.02-00.24.03:487][908]LogTemp: Warning: Player Lost
[2020.11.02-00.24.03:487][908]LogTemp: Warning: Player Lost
[2020.11.02-00.24.03:515][909]LogTemp: Warning: Player Lost
[2020.11.02-00.24.03:515][909]LogTemp: Warning: Player Lost
[2020.11.02-00.24.03:515][909]LogTemp: Warning: Player Lost
[2020.11.02-00.24.03:568][911]LogTemp: Warning: Player Lost
[2020.11.02-00.24.03:568][911]LogTemp: Warning: Player Lost
[2020.11.02-00.24.03:569][911]LogTemp: Warning: Player Lost
[2020.11.02-00.24.03:879][924]LogTemp: Warning: Player Lost
[2020.11.02-00.24.03:879][924]LogTemp: Warning: Player Lost
[2020.11.02-00.24.03:879][924]LogTemp: Warning: Player Lost
[2020.11.02-00.24.03:879][924]LogTemp: Warning: Player Lost
[2020.11.02-00.24.03:879][924]LogTemp: Warning: Player Lost
[2020.11.02-00.24.03:879][924]LogTemp: Warning: Player Lost
[2020.11.02-00.24.03:901][925]LogTemp: Warning: Player Lost
[2020.11.02-00.24.03:901][925]LogTemp: Warning: Player Lost
[2020.11.02-00.24.03:901][925]LogTemp: Warning: Player Lost
[2020.11.02-00.24.03:921][926]LogTemp: Warning: Player Lost
[2020.11.02-00.24.03:922][926]LogTemp: Warning: Player Lost
[2020.11.02-00.24.03:922][926]LogTemp: Warning: Player Lost
[2020.11.02-00.24.03:922][926]LogTemp: Warning: Player Lost
[2020.11.02-00.24.03:922][926]LogTemp: Warning: Player Lost
[2020.11.02-00.24.03:922][926]LogTemp: Warning: Player Lost
[2020.11.02-00.24.03:922][926]LogTemp: Warning: Player Lost
[2020.11.02-00.24.03:922][926]LogTemp: Warning: Player Lost
[2020.11.02-00.24.03:922][926]LogTemp: Warning: Player Lost
[2020.11.02-00.24.03:975][929]LogTemp: Warning: Player Lost
[2020.11.02-00.24.03:975][929]LogTemp: Warning: Player Lost
[2020.11.02-00.24.03:975][929]LogTemp: Warning: Player Lost
[2020.11.02-00.24.04:205][940]LogTemp: Warning: Player Lost
[2020.11.02-00.24.04:205][940]LogTemp: Warning: Player Lost
[2020.11.02-00.24.04:205][940]LogTemp: Warning: Player Lost
[2020.11.02-00.24.04:225][941]LogTemp: Warning: Player Lost
[2020.11.02-00.24.04:226][941]LogTemp: Warning: Player Lost
[2020.11.02-00.24.04:226][941]LogTemp: Warning: Player Lost
[2020.11.02-00.24.04:226][941]LogTemp: Warning: Player Lost
[2020.11.02-00.24.04:226][941]LogTemp: Warning: Player Lost
[2020.11.02-00.24.04:226][941]LogTemp: Warning: Player Lost
[2020.11.02-00.24.04:253][942]LogOnlineSession: Warning: OSS: No game present to join for session (GameSession)
[2020.11.02-00.24.04:270][943]LogTemp: Warning: Player Lost
[2020.11.02-00.24.04:270][943]LogTemp: Warning: Player Lost
[2020.11.02-00.24.04:270][943]LogTemp: Warning: Player Lost
[2020.11.02-00.24.04:321][946]LogTemp: Warning: X=1000.000 Y=-250.000 Z=50.000
[2020.11.02-00.24.04:325][946]LogTemp: Warning: HealthBar set to: 1.000000
[2020.11.02-00.24.04:488][955]LogTemp: Warning: Player Lost
[2020.11.02-00.24.04:511][956]LogOnlineSession: Warning: OSS: No game present to join for session (GameSession)
[2020.11.02-00.24.04:513][956]LogTemp: Warning: Player Lost
[2020.11.02-00.24.04:612][961]LogTemp: Warning: Player Lost
[2020.11.02-00.24.04:612][961]LogTemp: Warning: Player Lost
[2020.11.02-00.24.04:612][961]LogTemp: Warning: Player Lost
[2020.11.02-00.24.04:631][962]LogTemp: Warning: Player Lost
[2020.11.02-00.24.04:631][962]LogTemp: Warning: Player Lost
[2020.11.02-00.24.04:631][962]LogTemp: Warning: Player Lost
[2020.11.02-00.24.04:713][965]LogTemp: Warning: Player Lost
[2020.11.02-00.24.04:735][966]LogTemp: Warning: Player Lost
[2020.11.02-00.24.04:735][966]LogTemp: Warning: Player Lost
[2020.11.02-00.24.04:735][966]LogTemp: Warning: Player Lost
[2020.11.02-00.24.04:761][967]LogTemp: Warning: Player Lost
[2020.11.02-00.24.04:830][970]LogTemp: Warning: Player Lost
[2020.11.02-00.24.04:830][970]LogTemp: Warning: Player Lost
[2020.11.02-00.24.04:830][970]LogTemp: Warning: Player Lost
[2020.11.02-00.24.05:023][979]LogTemp: Warning: Player Lost
[2020.11.02-00.24.05:023][979]LogTemp: Warning: Player Lost
[2020.11.02-00.24.05:023][979]LogTemp: Warning: Player Lost
[2020.11.02-00.24.05:069][981]LogOnlineSession: Warning: OSS: No game present to join for session (GameSession)
[2020.11.02-00.24.05:086][982]LogTemp: Warning: Player Lost
[2020.11.02-00.24.05:086][982]LogTemp: Warning: Player Lost
[2020.11.02-00.24.05:086][982]LogTemp: Warning: Player Lost
[2020.11.02-00.24.05:090][982]LogTemp: Warning: Player Lost
[2020.11.02-00.24.05:117][983]LogTemp: Warning: Player Lost
[2020.11.02-00.24.05:117][983]LogTemp: Warning: Player Lost
[2020.11.02-00.24.05:117][983]LogTemp: Warning: Player Lost
[2020.11.02-00.24.05:215][987]LogTemp: Warning: Player Lost
[2020.11.02-00.24.05:215][987]LogTemp: Warning: Player Lost
[2020.11.02-00.24.05:215][987]LogTemp: Warning: Player Lost
[2020.11.02-00.24.05:408][995]LogOnlineSession: Warning: OSS: No game present to join for session (GameSession)
[2020.11.02-00.24.05:521][  0]LogTemp: Warning: Player Lost
[2020.11.02-00.24.05:621][  4]LogTemp: Warning: X=1000.000 Y=-250.000 Z=50.000
[2020.11.02-00.24.05:624][  4]LogTemp: Warning: HealthBar set to: 1.000000
[2020.11.02-00.24.05:751][  8]LogTemp: Warning: Player Seen
[2020.11.02-00.24.05:751][  8]LogTemp: Warning: PlayerCharacterBlueprint_C owned Teams: 0, 2
[2020.11.02-00.24.05:751][  8]LogTemp: Warning: Player Seen
[2020.11.02-00.24.05:751][  8]LogTemp: Warning: PlayerCharacterBlueprint_C owned Teams: 0, 2
[2020.11.02-00.24.05:751][  8]LogTemp: Warning: Player Seen
[2020.11.02-00.24.05:752][  8]LogTemp: Warning: PlayerCharacterBlueprint_C owned Teams: 0, 2
[2020.11.02-00.24.05:762][  8]LogTemp: Warning: Player Lost
[2020.11.02-00.24.05:789][  9]LogTemp: Warning: Player Lost
[2020.11.02-00.24.05:837][ 11]LogTemp: Warning: Player Lost
[2020.11.02-00.24.05:837][ 11]LogTemp: Warning: Player Lost
[2020.11.02-00.24.05:837][ 11]LogTemp: Warning: Player Lost
[2020.11.02-00.24.05:898][ 13]LogTemp: Warning: Player Lost
[2020.11.02-00.24.05:899][ 13]LogTemp: Warning: Player Lost
[2020.11.02-00.24.05:905][ 13]LogTemp: Warning: Player Lost
[2020.11.02-00.24.05:905][ 13]LogTemp: Warning: Player Lost
[2020.11.02-00.24.05:923][ 14]LogTemp: Warning: Player Seen
[2020.11.02-00.24.05:923][ 14]LogTemp: Warning: PlayerCharacterBlueprint_C owned Teams: 0, 2
[2020.11.02-00.24.05:923][ 14]LogTemp: Warning: Player Seen
[2020.11.02-00.24.05:923][ 14]LogTemp: Warning: PlayerCharacterBlueprint_C owned Teams: 0, 2
[2020.11.02-00.24.05:923][ 14]LogTemp: Warning: Player Seen
[2020.11.02-00.24.05:923][ 14]LogTemp: Warning: PlayerCharacterBlueprint_C owned Teams: 0, 2
[2020.11.02-00.24.05:960][ 15]LogTemp: Warning: Player Lost
[2020.11.02-00.24.05:986][ 16]LogTemp: Warning: Player Lost
[2020.11.02-00.24.06:015][ 17]LogTemp: Warning: Player Lost
[2020.11.02-00.24.06:015][ 17]LogTemp: Warning: Player Lost
[2020.11.02-00.24.06:033][ 18]LogTemp: Warning: Player Seen
[2020.11.02-00.24.06:033][ 18]LogTemp: Warning: PlayerCharacterBlueprint_C owned Teams: 0, 2
[2020.11.02-00.24.06:033][ 18]LogTemp: Warning: Player Seen
[2020.11.02-00.24.06:033][ 18]LogTemp: Warning: PlayerCharacterBlueprint_C owned Teams: 0, 2
[2020.11.02-00.24.06:033][ 18]LogTemp: Warning: Player Seen
[2020.11.02-00.24.06:033][ 18]LogTemp: Warning: PlayerCharacterBlueprint_C owned Teams: 0, 2
[2020.11.02-00.24.06:060][ 19]LogTemp: Warning: Player Lost
[2020.11.02-00.24.06:060][ 19]LogTemp: Warning: Player Lost
[2020.11.02-00.24.06:060][ 19]LogTemp: Warning: Player Lost
[2020.11.02-00.24.06:067][ 19]LogTemp: Warning: Player Lost
[2020.11.02-00.24.06:091][ 20]LogTemp: Warning: Player Lost
[2020.11.02-00.24.06:097][ 20]LogTemp: Warning: Player Lost
[2020.11.02-00.24.06:097][ 20]LogTemp: Warning: Player Lost
[2020.11.02-00.24.06:119][ 21]LogTemp: Warning: Player Lost
[2020.11.02-00.24.06:119][ 21]LogTemp: Warning: Player Lost
[2020.11.02-00.24.06:119][ 21]LogTemp: Warning: Player Lost
[2020.11.02-00.24.06:125][ 21]LogTemp: Warning: Player Lost
[2020.11.02-00.24.06:129][ 21]LogTemp: Warning: Player Lost
[2020.11.02-00.24.06:129][ 21]LogTemp: Warning: Player Lost
[2020.11.02-00.24.06:149][ 22]LogTemp: Warning: Player Lost
[2020.11.02-00.24.06:149][ 22]LogTemp: Warning: Player Lost
[2020.11.02-00.24.06:149][ 22]LogTemp: Warning: Player Lost
[2020.11.02-00.24.06:182][ 23]LogTemp: Warning: Player Seen
[2020.11.02-00.24.06:182][ 23]LogTemp: Warning: PlayerCharacterBlueprint_C owned Teams: 0, 2
[2020.11.02-00.24.06:333][ 30]LogTemp: Warning: Player Lost
[2020.11.02-00.24.10:339][ 33]LogWindows: Error: === Critical error: ===
[2020.11.02-00.24.10:339][ 33]LogWindows: Error: 
[2020.11.02-00.24.10:339][ 33]LogWindows: Error: Fatal error!
[2020.11.02-00.24.10:339][ 33]LogWindows: Error: 
[2020.11.02-00.24.10:339][ 33]LogWindows: Error: Unhandled Exception: EXCEPTION_ACCESS_VIOLATION reading address 0x00000097
[2020.11.02-00.24.10:339][ 33]LogWindows: Error: 
[2020.11.02-00.24.10:339][ 33]LogWindows: Error: [Callstack] 0x00007ffb2d11627a UE4Editor-AdvGamesProgramming-0003.dll!USpawnerComponent::StartSpawn() [C:\Users\Pog\Documents\School\Year 4\Sem 2\AdvancedGames\Assignment 2\Git\AdvGamesProgramming\GameFiles\Source\AdvGamesProgramming\SpawnerComponent.cpp:48]
[2020.11.02-00.24.10:339][ 33]LogWindows: Error: [Callstack] 0x00007ffb2d116d9e UE4Editor-AdvGamesProgramming-0003.dll!ASpawnerManager::TrySpawn() [C:\Users\Pog\Documents\School\Year 4\Sem 2\AdvancedGames\Assignment 2\Git\AdvGamesProgramming\GameFiles\Source\AdvGamesProgramming\SpawnerManager.cpp:53]
[2020.11.02-00.24.10:339][ 33]LogWindows: Error: [Callstack] 0x00007ffb295b1019 UE4Editor-Engine.dll!UnknownFunction []
[2020.11.02-00.24.10:339][ 33]LogWindows: Error: [Callstack] 0x00007ffb295e3bbd UE4Editor-Engine.dll!UnknownFunction []
[2020.11.02-00.24.10:339][ 33]LogWindows: Error: [Callstack] 0x00007ffb28d66839 UE4Editor-Engine.dll!UnknownFunction []
[2020.11.02-00.24.10:339][ 33]LogWindows: Error: [Callstack] 0x00007ffb25c7ad60 UE4Editor-UnrealEd.dll!UnknownFunction []
[2020.11.02-00.24.10:339][ 33]LogWindows: Error: [Callstack] 0x00007ffb264de476 UE4Editor-UnrealEd.dll!UnknownFunction []
[2020.11.02-00.24.10:339][ 33]LogWindows: Error: [Callstack] 0x00007ff7b2127f62 UE4Editor.exe!UnknownFunction []
[2020.11.02-00.24.10:339][ 33]LogWindows: Error: [Callstack] 0x00007ff7b213c3ec UE4Editor.exe!UnknownFunction []
[2020.11.02-00.24.10:339][ 33]LogWindows: Error: [Callstack] 0x00007ff7b213c4ca UE4Editor.exe!UnknownFunction []
[2020.11.02-00.24.10:339][ 33]LogWindows: Error: [Callstack] 0x00007ff7b214ceae UE4Editor.exe!UnknownFunction []
[2020.11.02-00.24.10:339][ 33]LogWindows: Error: [Callstack] 0x00007ff7b214fcbe UE4Editor.exe!UnknownFunction []
[2020.11.02-00.24.10:340][ 33]LogWindows: Error: [Callstack] 0x00007ffbcac77bd4 KERNEL32.DLL!UnknownFunction []
[2020.11.02-00.24.10:340][ 33]LogWindows: Error: [Callstack] 0x00007ffbcb54ce51 ntdll.dll!UnknownFunction []
[2020.11.02-00.24.10:340][ 33]LogWindows: Error: 
[2020.11.02-00.24.10:366][ 33]LogExit: Executing StaticShutdownAfterError
[2020.11.02-00.24.10:387][ 33]LogWindows: FPlatformMisc::RequestExit(1)
[2020.11.02-00.24.10:387][ 33]LogCore: Engine exit requested (reason: Win RequestExit)
[2020.11.02-00.24.10:398][ 33]Log file closed, 11/02/20 11:24:10
