Log file open, 11/02/20 11:12:12
LogWindows: Failed to load 'aqProf.dll' (GetLastError=126)
LogWindows: File 'aqProf.dll' does not exist
LogWindows: Failed to load 'VtuneApi.dll' (GetLastError=126)
LogWindows: File 'VtuneApi.dll' does not exist
LogWindows: Failed to load 'VtuneApi32e.dll' (GetLastError=126)
LogWindows: File 'VtuneApi32e.dll' does not exist
LogConsoleResponse: Display: Failed to find resolution value strings in scalability ini. Falling back to default.
LogInit: Display: Running engine for game: AdvGamesProgramming
LogPlatformFile: Not using cached read wrapper
LogTaskGraph: Started task graph with 5 named threads and 23 total threads with 3 sets of task threads.
LogStats: Stats thread started at 0.130027
LogD3D11RHI: Loaded GFSDK_Aftermath_Lib.x64.dll
LogICUInternationalization: ICU TimeZone Detection - Raw Offset: +10:00, Platform Override: ''
LogPluginManager: Mounting plugin Paper2D
LogPluginManager: Mounting plugin AISupport
LogPluginManager: Mounting plugin LightPropagationVolume
LogPluginManager: Mounting plugin ActorLayerUtilities
LogPluginManager: Mounting plugin AnimationSharing
LogPluginManager: Mounting plugin CLionSourceCodeAccess
LogPluginManager: Mounting plugin CodeLiteSourceCodeAccess
LogPluginManager: Mounting plugin GitSourceControl
LogPluginManager: Mounting plugin KDevelopSourceCodeAccess
LogPluginManager: Mounting plugin NullSourceCodeAccess
LogPluginManager: Mounting plugin PerforceSourceControl
LogPluginManager: Mounting plugin PlasticSourceControl
LogPluginManager: Mounting plugin SubversionSourceControl
LogPluginManager: Mounting plugin UObjectPlugin
LogPluginManager: Mounting plugin VisualStudioCodeSourceCodeAccess
LogPluginManager: Mounting plugin VisualStudioSourceCodeAccess
LogPluginManager: Mounting plugin XCodeSourceCodeAccess
LogPluginManager: Mounting plugin AssetManagerEditor
LogPluginManager: Mounting plugin CryptoKeys
LogPluginManager: Mounting plugin CurveEditorTools
LogPluginManager: Mounting plugin DataValidation
LogPluginManager: Mounting plugin FacialAnimation
LogPluginManager: Mounting plugin GameplayTagsEditor
LogPluginManager: Mounting plugin MacGraphicsSwitching
LogPluginManager: Mounting plugin MaterialAnalyzer
LogPluginManager: Mounting plugin MobileLauncherProfileWizard
LogPluginManager: Mounting plugin PluginBrowser
LogPluginManager: Mounting plugin SpeedTreeImporter
LogPluginManager: Mounting plugin DatasmithContent
LogPluginManager: Mounting plugin VariantManagerContent
LogPluginManager: Mounting plugin AlembicImporter
LogPluginManager: Mounting plugin AutomationUtils
LogPluginManager: Mounting plugin BackChannel
LogPluginManager: Mounting plugin CharacterAI
LogPluginManager: Mounting plugin GeometryCache
LogPluginManager: Mounting plugin PlatformCrypto
LogPluginManager: Mounting plugin ProxyLODPlugin
LogPluginManager: Mounting plugin SkeletalReduction
LogPluginManager: Mounting plugin MagicLeap
LogPluginManager: Mounting plugin MagicLeapMedia
LogPluginManager: Mounting plugin MLSDK
LogPluginManager: Mounting plugin AndroidMedia
LogPluginManager: Mounting plugin AvfMedia
LogPluginManager: Mounting plugin ImgMedia
LogPluginManager: Mounting plugin MediaCompositing
LogPluginManager: Mounting plugin MediaPlayerEditor
LogPluginManager: Mounting plugin WebMMedia
LogPluginManager: Mounting plugin WmfMedia
LogPluginManager: Mounting plugin TcpMessaging
LogPluginManager: Mounting plugin UdpMessaging
LogPluginManager: Mounting plugin ActorSequence
LogPluginManager: Mounting plugin LevelSequenceEditor
LogPluginManager: Mounting plugin MatineeToLevelSequence
LogPluginManager: Mounting plugin NetcodeUnitTest
LogPluginManager: Mounting plugin NUTUnrealEngine4
LogPluginManager: Mounting plugin OnlineSubsystemGooglePlay
LogPluginManager: Mounting plugin OnlineSubsystemIOS
LogPluginManager: Mounting plugin OnlineSubsystem
LogPluginManager: Mounting plugin OnlineSubsystemNull
LogPluginManager: Mounting plugin OnlineSubsystemUtils
LogPluginManager: Mounting plugin LauncherChunkInstaller
LogPluginManager: Mounting plugin AndroidDeviceProfileSelector
LogPluginManager: Mounting plugin AndroidMoviePlayer
LogPluginManager: Mounting plugin AndroidPermission
LogPluginManager: Mounting plugin AppleImageUtils
LogPluginManager: Mounting plugin AppleMoviePlayer
LogPluginManager: Mounting plugin ArchVisCharacter
LogPluginManager: Mounting plugin AssetTags
LogPluginManager: Mounting plugin AudioCapture
LogPluginManager: Mounting plugin CableComponent
LogPluginManager: Mounting plugin CustomMeshComponent
LogPluginManager: Mounting plugin EditableMesh
LogPluginManager: Mounting plugin ExampleDeviceProfileSelector
LogPluginManager: Mounting plugin GoogleCloudMessaging
LogPluginManager: Mounting plugin IOSDeviceProfileSelector
LogPluginManager: Mounting plugin LinuxDeviceProfileSelector
LogPluginManager: Mounting plugin LocationServicesBPLibrary
LogPluginManager: Mounting plugin MobilePatchingUtils
LogPluginManager: Mounting plugin PhysXVehicles
LogPluginManager: Mounting plugin PostSplashScreen
LogPluginManager: Mounting plugin ProceduralMeshComponent
LogPluginManager: Mounting plugin RuntimePhysXCooking
LogPluginManager: Mounting plugin SignificanceManager
LogPluginManager: Mounting plugin WebMMoviePlayer
LogPluginManager: Mounting plugin WindowsMoviePlayer
LogPluginManager: Mounting plugin ScreenshotTools
LogInit: Using libcurl 7.55.1-DEV
LogInit:  - built for x86_64-pc-win32
LogInit:  - supports SSL with OpenSSL/1.1.1
LogInit:  - supports HTTP deflate (compression) using libz 1.2.8
LogInit:  - other features:
LogInit:      CURL_VERSION_SSL
LogInit:      CURL_VERSION_LIBZ
LogInit:      CURL_VERSION_IPV6
LogInit:      CURL_VERSION_ASYNCHDNS
LogInit:      CURL_VERSION_LARGEFILE
LogInit:      CURL_VERSION_IDN
LogInit:  CurlRequestOptions (configurable via config and command line):
LogInit:  - bVerifyPeer = true  - Libcurl will verify peer certificate
LogInit:  - bUseHttpProxy = false  - Libcurl will NOT use HTTP proxy
LogInit:  - bDontReuseConnections = false  - Libcurl will reuse connections
LogInit:  - MaxHostConnections = 16  - Libcurl will limit the number of connections to a host
LogInit:  - LocalHostAddr = Default
LogInit:  - BufferSize = 65536
LogOnline: OSS: Creating online subsystem instance for: NULL
LogInit: WinSock: version 1.1 (2.2), MaxSocks=32767, MaxUdp=65467
LogOnline: OSS: TryLoadSubsystemAndSetDefault: Loaded subsystem for module [NULL]
LogInit: Build: ++UE4+Release-4.24-CL-11590370
LogInit: Engine Version: 4.24.3-11590370+++UE4+Release-4.24
LogInit: Compatible Engine Version: 4.24.0-10570792+++UE4+Release-4.24
LogInit: Net CL: 10570792
LogInit: OS: Windows 10 (Release 1903) (), CPU: Intel(R) Core(TM) i7-6700HQ CPU @ 2.60GHz, GPU: Intel(R) HD Graphics 530
LogInit: Compiled (64-bit): Feb 24 2020 15:39:18
LogInit: Compiled with Visual C++: 19.16.27032.01
LogInit: Build Configuration: Development
LogInit: Branch Name: ++UE4+Release-4.24
LogInit: Command Line: 
LogInit: Base Directory: C:/Program Files/Epic Games/UE_4.24/Engine/Binaries/Win64/
LogInit: Installed Engine Build: 1
LogDevObjectVersion: Number of dev versions registered: 25
LogDevObjectVersion:   Dev-Blueprints (B0D832E4-1F89-4F0D-ACCF-7EB736FD4AA2): 10
LogDevObjectVersion:   Dev-Build (E1C64328-A22C-4D53-A36C-8E866417BD8C): 0
LogDevObjectVersion:   Dev-Core (375EC13C-06E4-48FB-B500-84F0262A717E): 3
LogDevObjectVersion:   Dev-Editor (E4B068ED-F494-42E9-A231-DA0B2E46BB41): 37
LogDevObjectVersion:   Dev-Framework (CFFC743F-43B0-4480-9391-14DF171D2073): 36
LogDevObjectVersion:   Dev-Mobile (B02B49B5-BB20-44E9-A304-32B752E40360): 2
LogDevObjectVersion:   Dev-Networking (A4E4105C-59A1-49B5-A7C5-40C4547EDFEE): 0
LogDevObjectVersion:   Dev-Online (39C831C9-5AE6-47DC-9A44-9C173E1C8E7C): 0
LogDevObjectVersion:   Dev-Physics (78F01B33-EBEA-4F98-B9B4-84EACCB95AA2): 2
LogDevObjectVersion:   Dev-Platform (6631380F-2D4D-43E0-8009-CF276956A95A): 0
LogDevObjectVersion:   Dev-Rendering (12F88B9F-8875-4AFC-A67C-D90C383ABD29): 36
LogDevObjectVersion:   Dev-Sequencer (7B5AE74C-D270-4C10-A958-57980B212A5A): 11
LogDevObjectVersion:   Dev-VR (D7296918-1DD6-4BDD-9DE2-64A83CC13884): 2
LogDevObjectVersion:   Dev-LoadTimes (C2A15278-BFE7-4AFE-6C17-90FF531DF755): 1
LogDevObjectVersion:   Private-Geometry (6EACA3D4-40EC-4CC1-B786-8BED09428FC5): 3
LogDevObjectVersion:   Dev-AnimPhys (29E575DD-E0A3-4627-9D10-D276232CDCEA): 17
LogDevObjectVersion:   Dev-Anim (AF43A65D-7FD3-4947-9873-3E8ED9C1BB05): 2
LogDevObjectVersion:   Dev-ReflectionCapture (6B266CEC-1EC7-4B8F-A30B-E4D90942FC07): 1
LogDevObjectVersion:   Dev-Automation (0DF73D61-A23F-47EA-B727-89E90C41499A): 1
LogDevObjectVersion:   FortniteMain (601D1886-AC64-4F84-AA16-D3DE0DEAC7D6): 31
LogDevObjectVersion:   Dev-Enterprise (9DFFBCD6-494F-0158-E221-12823C92A888): 8
LogDevObjectVersion:   Dev-Niagara (F2AED0AC-9AFE-416F-8664-AA7FFA26D6FC): 1
LogDevObjectVersion:   Dev-Destruction (174F1F0B-B4C6-45A5-B13F-2EE8D0FB917D): 9
LogDevObjectVersion:   Dev-Physics-Ext (35F94A83-E258-406C-A318-09F59610247C): 8
LogDevObjectVersion:   Dev-CineCamera (B2E18506-4273-CFC2-A54E-F4BB758BBA07): 1
LogInit: Presizing for max 25165824 objects, including 0 objects not considered by GC, pre-allocating 0 bytes for permanent pool.
LogInit: Object subsystem initialized
LogConfig: Setting CVar [[con.DebugEarlyDefault:1]]
LogConfig: Setting CVar [[r.setres:1280x720]]
[2020.11.02-00.12.13:326][  0]LogConfig: Setting CVar [[r.VSync:0]]
[2020.11.02-00.12.13:326][  0]LogConfig: Setting CVar [[r.RHICmdBypass:0]]
[2020.11.02-00.12.13:326][  0]LogConfig: Applying CVar settings from Section [/Script/Engine.RendererSettings] File [C:/Users/Pog/Documents/School/Year 4/Sem 2/AdvancedGames/Assignment 2/Git/AdvGamesProgramming/GameFiles/Saved/Config/Windows/Engine.ini]
[2020.11.02-00.12.13:326][  0]LogConfig: Setting CVar [[r.GPUCrashDebugging:0]]
[2020.11.02-00.12.13:326][  0]LogConfig: Setting CVar [[r.DBuffer:1]]
[2020.11.02-00.12.13:326][  0]LogConfig: Setting CVar [[r.EarlyZPass:2]]
[2020.11.02-00.12.13:326][  0]LogConfig: Setting CVar [[r.EarlyZPassOnlyMaterialMasking:1]]
[2020.11.02-00.12.13:326][  0]LogConfig: Applying CVar settings from Section [/Script/Engine.RendererOverrideSettings] File [C:/Users/Pog/Documents/School/Year 4/Sem 2/AdvancedGames/Assignment 2/Git/AdvGamesProgramming/GameFiles/Saved/Config/Windows/Engine.ini]
[2020.11.02-00.12.13:326][  0]LogConfig: Applying CVar settings from Section [/Script/Engine.StreamingSettings] File [C:/Users/Pog/Documents/School/Year 4/Sem 2/AdvancedGames/Assignment 2/Git/AdvGamesProgramming/GameFiles/Saved/Config/Windows/Engine.ini]
[2020.11.02-00.12.13:326][  0]LogConfig: Setting CVar [[s.MinBulkDataSizeForAsyncLoading:131072]]
[2020.11.02-00.12.13:326][  0]LogConfig: Setting CVar [[s.AsyncLoadingThreadEnabled:0]]
[2020.11.02-00.12.13:326][  0]LogConfig: Setting CVar [[s.EventDrivenLoaderEnabled:1]]
[2020.11.02-00.12.13:326][  0]LogConfig: Setting CVar [[s.WarnIfTimeLimitExceeded:0]]
[2020.11.02-00.12.13:326][  0]LogConfig: Setting CVar [[s.TimeLimitExceededMultiplier:1.5]]
[2020.11.02-00.12.13:326][  0]LogConfig: Setting CVar [[s.TimeLimitExceededMinTime:0.005]]
[2020.11.02-00.12.13:326][  0]LogConfig: Setting CVar [[s.UseBackgroundLevelStreaming:1]]
[2020.11.02-00.12.13:326][  0]LogConfig: Setting CVar [[s.PriorityAsyncLoadingExtraTime:15.0]]
[2020.11.02-00.12.13:326][  0]LogConfig: Setting CVar [[s.LevelStreamingActorsUpdateTimeLimit:5.0]]
[2020.11.02-00.12.13:326][  0]LogConfig: Setting CVar [[s.PriorityLevelStreamingActorsUpdateExtraTime:5.0]]
[2020.11.02-00.12.13:326][  0]LogConfig: Setting CVar [[s.LevelStreamingComponentsRegistrationGranularity:10]]
[2020.11.02-00.12.13:326][  0]LogConfig: Setting CVar [[s.UnregisterComponentsTimeLimit:1.0]]
[2020.11.02-00.12.13:326][  0]LogConfig: Setting CVar [[s.LevelStreamingComponentsUnregistrationGranularity:5]]
[2020.11.02-00.12.13:326][  0]LogConfig: Setting CVar [[s.FlushStreamingOnExit:1]]
[2020.11.02-00.12.13:326][  0]LogConfig: Applying CVar settings from Section [/Script/Engine.GarbageCollectionSettings] File [C:/Users/Pog/Documents/School/Year 4/Sem 2/AdvancedGames/Assignment 2/Git/AdvGamesProgramming/GameFiles/Saved/Config/Windows/Engine.ini]
[2020.11.02-00.12.13:327][  0]LogConfig: Setting CVar [[gc.MaxObjectsNotConsideredByGC:1]]
[2020.11.02-00.12.13:327][  0]LogConfig: Setting CVar [[gc.SizeOfPermanentObjectPool:0]]
[2020.11.02-00.12.13:327][  0]LogConfig: Setting CVar [[gc.FlushStreamingOnGC:0]]
[2020.11.02-00.12.13:327][  0]LogConfig: Setting CVar [[gc.NumRetriesBeforeForcingGC:10]]
[2020.11.02-00.12.13:327][  0]LogConfig: Setting CVar [[gc.AllowParallelGC:1]]
[2020.11.02-00.12.13:327][  0]LogConfig: Setting CVar [[gc.TimeBetweenPurgingPendingKillObjects:61.1]]
[2020.11.02-00.12.13:327][  0]LogConfig: Setting CVar [[gc.MaxObjectsInEditor:25165824]]
[2020.11.02-00.12.13:327][  0]LogConfig: Setting CVar [[gc.IncrementalBeginDestroyEnabled:1]]
[2020.11.02-00.12.13:327][  0]LogConfig: Setting CVar [[gc.CreateGCClusters:1]]
[2020.11.02-00.12.13:327][  0]LogConfig: Setting CVar [[gc.MinGCClusterSize:5]]
[2020.11.02-00.12.13:327][  0]LogConfig: Setting CVar [[gc.ActorClusteringEnabled:0]]
[2020.11.02-00.12.13:327][  0]LogConfig: Setting CVar [[gc.BlueprintClusteringEnabled:0]]
[2020.11.02-00.12.13:327][  0]LogConfig: Setting CVar [[gc.UseDisregardForGCOnDedicatedServers:0]]
[2020.11.02-00.12.13:327][  0]LogConfig: Applying CVar settings from Section [/Script/Engine.NetworkSettings] File [C:/Users/Pog/Documents/School/Year 4/Sem 2/AdvancedGames/Assignment 2/Git/AdvGamesProgramming/GameFiles/Saved/Config/Windows/Engine.ini]
[2020.11.02-00.12.13:327][  0]LogConfig: Applying CVar settings from Section [/Script/UnrealEd.CookerSettings] File [C:/Users/Pog/Documents/School/Year 4/Sem 2/AdvancedGames/Assignment 2/Git/AdvGamesProgramming/GameFiles/Saved/Config/Windows/Engine.ini]
[2020.11.02-00.12.13:330][  0]LogConfig: Applying CVar settings from Section [ViewDistanceQuality@3] File [C:/Users/Pog/Documents/School/Year 4/Sem 2/AdvancedGames/Assignment 2/Git/AdvGamesProgramming/GameFiles/Saved/Config/Windows/Scalability.ini]
[2020.11.02-00.12.13:330][  0]LogConfig: Setting CVar [[r.SkeletalMeshLODBias:0]]
[2020.11.02-00.12.13:330][  0]LogConfig: Setting CVar [[r.ViewDistanceScale:1.0]]
[2020.11.02-00.12.13:330][  0]LogConfig: Applying CVar settings from Section [AntiAliasingQuality@3] File [C:/Users/Pog/Documents/School/Year 4/Sem 2/AdvancedGames/Assignment 2/Git/AdvGamesProgramming/GameFiles/Saved/Config/Windows/Scalability.ini]
[2020.11.02-00.12.13:331][  0]LogConfig: Setting CVar [[r.PostProcessAAQuality:4]]
[2020.11.02-00.12.13:331][  0]LogConfig: Applying CVar settings from Section [ShadowQuality@3] File [C:/Users/Pog/Documents/School/Year 4/Sem 2/AdvancedGames/Assignment 2/Git/AdvGamesProgramming/GameFiles/Saved/Config/Windows/Scalability.ini]
[2020.11.02-00.12.13:331][  0]LogConfig: Setting CVar [[r.LightFunctionQuality:1]]
[2020.11.02-00.12.13:331][  0]LogConfig: Setting CVar [[r.ShadowQuality:5]]
[2020.11.02-00.12.13:331][  0]LogConfig: Setting CVar [[r.Shadow.CSM.MaxCascades:10]]
[2020.11.02-00.12.13:331][  0]LogConfig: Setting CVar [[r.Shadow.MaxResolution:2048]]
[2020.11.02-00.12.13:331][  0]LogConfig: Setting CVar [[r.Shadow.MaxCSMResolution:2048]]
[2020.11.02-00.12.13:331][  0]LogConfig: Setting CVar [[r.Shadow.RadiusThreshold:0.01]]
[2020.11.02-00.12.13:331][  0]LogConfig: Setting CVar [[r.Shadow.DistanceScale:1.0]]
[2020.11.02-00.12.13:331][  0]LogConfig: Setting CVar [[r.Shadow.CSM.TransitionScale:1.0]]
[2020.11.02-00.12.13:331][  0]LogConfig: Setting CVar [[r.Shadow.PreShadowResolutionFactor:1.0]]
[2020.11.02-00.12.13:331][  0]LogConfig: Setting CVar [[r.DistanceFieldShadowing:1]]
[2020.11.02-00.12.13:331][  0]LogConfig: Setting CVar [[r.DistanceFieldAO:1]]
[2020.11.02-00.12.13:331][  0]LogConfig: Setting CVar [[r.AOQuality:2]]
[2020.11.02-00.12.13:331][  0]LogConfig: Setting CVar [[r.VolumetricFog:1]]
[2020.11.02-00.12.13:331][  0]LogConfig: Setting CVar [[r.VolumetricFog.GridPixelSize:8]]
[2020.11.02-00.12.13:331][  0]LogConfig: Setting CVar [[r.VolumetricFog.GridSizeZ:128]]
[2020.11.02-00.12.13:331][  0]LogConfig: Setting CVar [[r.VolumetricFog.HistoryMissSupersampleCount:4]]
[2020.11.02-00.12.13:331][  0]LogConfig: Setting CVar [[r.LightMaxDrawDistanceScale:1]]
[2020.11.02-00.12.13:331][  0]LogConfig: Setting CVar [[r.CapsuleShadows:1]]
[2020.11.02-00.12.13:331][  0]LogConfig: Applying CVar settings from Section [PostProcessQuality@3] File [C:/Users/Pog/Documents/School/Year 4/Sem 2/AdvancedGames/Assignment 2/Git/AdvGamesProgramming/GameFiles/Saved/Config/Windows/Scalability.ini]
[2020.11.02-00.12.13:331][  0]LogConfig: Setting CVar [[r.MotionBlurQuality:4]]
[2020.11.02-00.12.13:331][  0]LogConfig: Setting CVar [[r.AmbientOcclusionMipLevelFactor:0.4]]
[2020.11.02-00.12.13:331][  0]LogConfig: Setting CVar [[r.AmbientOcclusionMaxQuality:100]]
[2020.11.02-00.12.13:331][  0]LogConfig: Setting CVar [[r.AmbientOcclusionLevels:-1]]
[2020.11.02-00.12.13:331][  0]LogConfig: Setting CVar [[r.AmbientOcclusionRadiusScale:1.0]]
[2020.11.02-00.12.13:331][  0]LogConfig: Setting CVar [[r.DepthOfFieldQuality:2]]
[2020.11.02-00.12.13:331][  0]LogConfig: Setting CVar [[r.RenderTargetPoolMin:400]]
[2020.11.02-00.12.13:331][  0]LogConfig: Setting CVar [[r.LensFlareQuality:2]]
[2020.11.02-00.12.13:331][  0]LogConfig: Setting CVar [[r.SceneColorFringeQuality:1]]
[2020.11.02-00.12.13:331][  0]LogConfig: Setting CVar [[r.EyeAdaptationQuality:2]]
[2020.11.02-00.12.13:331][  0]LogConfig: Setting CVar [[r.BloomQuality:5]]
[2020.11.02-00.12.13:331][  0]LogConfig: Setting CVar [[r.FastBlurThreshold:100]]
[2020.11.02-00.12.13:331][  0]LogConfig: Setting CVar [[r.Upscale.Quality:3]]
[2020.11.02-00.12.13:331][  0]LogConfig: Setting CVar [[r.Tonemapper.GrainQuantization:1]]
[2020.11.02-00.12.13:331][  0]LogConfig: Setting CVar [[r.LightShaftQuality:1]]
[2020.11.02-00.12.13:331][  0]LogConfig: Setting CVar [[r.Filter.SizeScale:1]]
[2020.11.02-00.12.13:331][  0]LogConfig: Setting CVar [[r.Tonemapper.Quality:5]]
[2020.11.02-00.12.13:331][  0]LogConfig: Setting CVar [[r.DOF.Gather.AccumulatorQuality:1        ; higher gathering accumulator quality]]
[2020.11.02-00.12.13:331][  0]LogConfig: Setting CVar [[r.DOF.Gather.PostfilterMethod:1          ; Median3x3 postfilering method]]
[2020.11.02-00.12.13:331][  0]LogConfig: Setting CVar [[r.DOF.Gather.EnableBokehSettings:0       ; no bokeh simulation when gathering]]
[2020.11.02-00.12.13:331][  0]LogConfig: Setting CVar [[r.DOF.Gather.RingCount:4                 ; medium number of samples when gathering]]
[2020.11.02-00.12.13:331][  0]LogConfig: Setting CVar [[r.DOF.Scatter.ForegroundCompositing:1    ; additive foreground scattering]]
[2020.11.02-00.12.13:331][  0]LogConfig: Setting CVar [[r.DOF.Scatter.BackgroundCompositing:2    ; additive background scattering]]
[2020.11.02-00.12.13:331][  0]LogConfig: Setting CVar [[r.DOF.Scatter.EnableBokehSettings:1      ; bokeh simulation when scattering]]
[2020.11.02-00.12.13:331][  0]LogConfig: Setting CVar [[r.DOF.Scatter.MaxSpriteRatio:0.1         ; only a maximum of 10% of scattered bokeh]]
[2020.11.02-00.12.13:331][  0]LogConfig: Setting CVar [[r.DOF.Recombine.Quality:1                ; cheap slight out of focus]]
[2020.11.02-00.12.13:332][  0]LogConfig: Setting CVar [[r.DOF.Recombine.EnableBokehSettings:0    ; no bokeh simulation on slight out of focus]]
[2020.11.02-00.12.13:332][  0]LogConfig: Setting CVar [[r.DOF.TemporalAAQuality:1                ; more stable temporal accumulation]]
[2020.11.02-00.12.13:332][  0]LogConfig: Setting CVar [[r.DOF.Kernel.MaxForegroundRadius:0.025]]
[2020.11.02-00.12.13:332][  0]LogConfig: Setting CVar [[r.DOF.Kernel.MaxBackgroundRadius:0.025]]
[2020.11.02-00.12.13:332][  0]LogConfig: Applying CVar settings from Section [TextureQuality@3] File [C:/Users/Pog/Documents/School/Year 4/Sem 2/AdvancedGames/Assignment 2/Git/AdvGamesProgramming/GameFiles/Saved/Config/Windows/Scalability.ini]
[2020.11.02-00.12.13:332][  0]LogConfig: Setting CVar [[r.Streaming.MipBias:0]]
[2020.11.02-00.12.13:332][  0]LogConfig: Setting CVar [[r.Streaming.AmortizeCPUToGPUCopy:0]]
[2020.11.02-00.12.13:332][  0]LogConfig: Setting CVar [[r.Streaming.MaxNumTexturesToStreamPerFrame:0]]
[2020.11.02-00.12.13:332][  0]LogConfig: Setting CVar [[r.Streaming.Boost:1]]
[2020.11.02-00.12.13:332][  0]LogConfig: Setting CVar [[r.MaxAnisotropy:8]]
[2020.11.02-00.12.13:332][  0]LogConfig: Setting CVar [[r.VT.MaxAnisotropy:8]]
[2020.11.02-00.12.13:332][  0]LogConfig: Setting CVar [[r.Streaming.LimitPoolSizeToVRAM:0]]
[2020.11.02-00.12.13:332][  0]LogConfig: Setting CVar [[r.Streaming.PoolSize:1000]]
[2020.11.02-00.12.13:332][  0]LogConfig: Setting CVar [[r.Streaming.MaxEffectiveScreenSize:0]]
[2020.11.02-00.12.13:332][  0]LogConfig: Applying CVar settings from Section [EffectsQuality@3] File [C:/Users/Pog/Documents/School/Year 4/Sem 2/AdvancedGames/Assignment 2/Git/AdvGamesProgramming/GameFiles/Saved/Config/Windows/Scalability.ini]
[2020.11.02-00.12.13:332][  0]LogConfig: Setting CVar [[r.TranslucencyLightingVolumeDim:64]]
[2020.11.02-00.12.13:332][  0]LogConfig: Setting CVar [[r.RefractionQuality:2]]
[2020.11.02-00.12.13:332][  0]LogConfig: Setting CVar [[r.SSR.Quality:3]]
[2020.11.02-00.12.13:332][  0]LogConfig: Setting CVar [[r.SSR.HalfResSceneColor:0]]
[2020.11.02-00.12.13:332][  0]LogConfig: Setting CVar [[r.SceneColorFormat:4]]
[2020.11.02-00.12.13:332][  0]LogConfig: Setting CVar [[r.DetailMode:2]]
[2020.11.02-00.12.13:332][  0]LogConfig: Setting CVar [[r.TranslucencyVolumeBlur:1]]
[2020.11.02-00.12.13:332][  0]LogConfig: Setting CVar [[r.MaterialQualityLevel:1 ; High quality]]
[2020.11.02-00.12.13:332][  0]LogConfig: Setting CVar [[r.SSS.Scale:1]]
[2020.11.02-00.12.13:332][  0]LogConfig: Setting CVar [[r.SSS.SampleSet:2]]
[2020.11.02-00.12.13:332][  0]LogConfig: Setting CVar [[r.SSS.Quality:1]]
[2020.11.02-00.12.13:332][  0]LogConfig: Setting CVar [[r.SSS.HalfRes:1]]
[2020.11.02-00.12.13:332][  0]LogConfig: Setting CVar [[r.SSGI.Quality:3]]
[2020.11.02-00.12.13:332][  0]LogConfig: Setting CVar [[r.EmitterSpawnRateScale:1.0]]
[2020.11.02-00.12.13:332][  0]LogConfig: Setting CVar [[r.ParticleLightQuality:2]]
[2020.11.02-00.12.13:332][  0]LogConfig: Setting CVar [[r.SkyAtmosphere.AerialPerspectiveLUT.FastApplyOnOpaque:1 ; Always have FastSkyLUT 1 in this case to avoid wrong sky]]
[2020.11.02-00.12.13:332][  0]LogConfig: Setting CVar [[r.SkyAtmosphere.AerialPerspectiveLUT.SampleCountPerSlice:1]]
[2020.11.02-00.12.13:332][  0]LogConfig: Setting CVar [[r.SkyAtmosphere.AerialPerspectiveLUT.DepthResolution:16.0]]
[2020.11.02-00.12.13:332][  0]LogConfig: Setting CVar [[r.SkyAtmosphere.FastSkyLUT:1]]
[2020.11.02-00.12.13:332][  0]LogConfig: Setting CVar [[r.SkyAtmosphere.FastSkyLUT.SampleCountMin:4.0]]
[2020.11.02-00.12.13:332][  0]LogConfig: Setting CVar [[r.SkyAtmosphere.FastSkyLUT.SampleCountMax:32.0]]
[2020.11.02-00.12.13:332][  0]LogConfig: Setting CVar [[r.SkyAtmosphere.SampleCountMin:4.0]]
[2020.11.02-00.12.13:332][  0]LogConfig: Setting CVar [[r.SkyAtmosphere.SampleCountMax:32.0]]
[2020.11.02-00.12.13:332][  0]LogConfig: Setting CVar [[r.SkyAtmosphere.TransmittanceLUT.UseSmallFormat:0]]
[2020.11.02-00.12.13:332][  0]LogConfig: Setting CVar [[r.SkyAtmosphere.TransmittanceLUT.SampleCount:10.0]]
[2020.11.02-00.12.13:332][  0]LogConfig: Setting CVar [[r.SkyAtmosphere.MultiScatteringLUT.SampleCount:15.0]]
[2020.11.02-00.12.13:333][  0]LogConfig: Applying CVar settings from Section [FoliageQuality@3] File [C:/Users/Pog/Documents/School/Year 4/Sem 2/AdvancedGames/Assignment 2/Git/AdvGamesProgramming/GameFiles/Saved/Config/Windows/Scalability.ini]
[2020.11.02-00.12.13:333][  0]LogConfig: Setting CVar [[foliage.DensityScale:1.0]]
[2020.11.02-00.12.13:333][  0]LogConfig: Setting CVar [[grass.DensityScale:1.0]]
[2020.11.02-00.12.13:333][  0]LogConfig: Applying CVar settings from Section [ShadingQuality@3] File [C:/Users/Pog/Documents/School/Year 4/Sem 2/AdvancedGames/Assignment 2/Git/AdvGamesProgramming/GameFiles/Saved/Config/Windows/Scalability.ini]
[2020.11.02-00.12.13:333][  0]LogConfig: Setting CVar [[r.HairStrands.SkyLighting.SampleCount:16]]
[2020.11.02-00.12.13:333][  0]LogConfig: Setting CVar [[r.HairStrands.SkyLighting.JitterIntegration:0]]
[2020.11.02-00.12.13:333][  0]LogConfig: Setting CVar [[r.HairStrands.SkyAO.SampleCount:16]]
[2020.11.02-00.12.13:333][  0]LogInit: Selected Device Profile: [Windows]
[2020.11.02-00.12.13:333][  0]LogInit: Applying CVar settings loaded from the selected device profile: [Windows]
[2020.11.02-00.12.13:337][  0]LogHAL: Display: Platform has ~ 16 GB [17067356160 / 17179869184 / 16], which maps to Larger [LargestMinGB=32, LargerMinGB=12, DefaultMinGB=8, SmallerMinGB=6, SmallestMinGB=0)
[2020.11.02-00.12.13:337][  0]LogInit: Going up to parent DeviceProfile []
[2020.11.02-00.12.13:337][  0]LogConfig: Applying CVar settings from Section [ViewDistanceQuality@3] File [C:/Users/Pog/Documents/School/Year 4/Sem 2/AdvancedGames/Assignment 2/Git/AdvGamesProgramming/GameFiles/Saved/Config/Windows/Scalability.ini]
[2020.11.02-00.12.13:337][  0]LogConfig: Setting CVar [[r.SkeletalMeshLODBias:0]]
[2020.11.02-00.12.13:337][  0]LogConfig: Setting CVar [[r.ViewDistanceScale:1.0]]
[2020.11.02-00.12.13:337][  0]LogConfig: Applying CVar settings from Section [AntiAliasingQuality@3] File [C:/Users/Pog/Documents/School/Year 4/Sem 2/AdvancedGames/Assignment 2/Git/AdvGamesProgramming/GameFiles/Saved/Config/Windows/Scalability.ini]
[2020.11.02-00.12.13:337][  0]LogConfig: Setting CVar [[r.PostProcessAAQuality:4]]
[2020.11.02-00.12.13:337][  0]LogConfig: Applying CVar settings from Section [ShadowQuality@3] File [C:/Users/Pog/Documents/School/Year 4/Sem 2/AdvancedGames/Assignment 2/Git/AdvGamesProgramming/GameFiles/Saved/Config/Windows/Scalability.ini]
[2020.11.02-00.12.13:337][  0]LogConfig: Setting CVar [[r.LightFunctionQuality:1]]
[2020.11.02-00.12.13:337][  0]LogConfig: Setting CVar [[r.ShadowQuality:5]]
[2020.11.02-00.12.13:337][  0]LogConfig: Setting CVar [[r.Shadow.CSM.MaxCascades:10]]
[2020.11.02-00.12.13:337][  0]LogConfig: Setting CVar [[r.Shadow.MaxResolution:2048]]
[2020.11.02-00.12.13:337][  0]LogConfig: Setting CVar [[r.Shadow.MaxCSMResolution:2048]]
[2020.11.02-00.12.13:337][  0]LogConfig: Setting CVar [[r.Shadow.RadiusThreshold:0.01]]
[2020.11.02-00.12.13:337][  0]LogConfig: Setting CVar [[r.Shadow.DistanceScale:1.0]]
[2020.11.02-00.12.13:337][  0]LogConfig: Setting CVar [[r.Shadow.CSM.TransitionScale:1.0]]
[2020.11.02-00.12.13:337][  0]LogConfig: Setting CVar [[r.Shadow.PreShadowResolutionFactor:1.0]]
[2020.11.02-00.12.13:338][  0]LogConfig: Setting CVar [[r.DistanceFieldShadowing:1]]
[2020.11.02-00.12.13:338][  0]LogConfig: Setting CVar [[r.DistanceFieldAO:1]]
[2020.11.02-00.12.13:338][  0]LogConfig: Setting CVar [[r.AOQuality:2]]
[2020.11.02-00.12.13:338][  0]LogConfig: Setting CVar [[r.VolumetricFog:1]]
[2020.11.02-00.12.13:338][  0]LogConfig: Setting CVar [[r.VolumetricFog.GridPixelSize:8]]
[2020.11.02-00.12.13:338][  0]LogConfig: Setting CVar [[r.VolumetricFog.GridSizeZ:128]]
[2020.11.02-00.12.13:338][  0]LogConfig: Setting CVar [[r.VolumetricFog.HistoryMissSupersampleCount:4]]
[2020.11.02-00.12.13:338][  0]LogConfig: Setting CVar [[r.LightMaxDrawDistanceScale:1]]
[2020.11.02-00.12.13:338][  0]LogConfig: Setting CVar [[r.CapsuleShadows:1]]
[2020.11.02-00.12.13:338][  0]LogConfig: Applying CVar settings from Section [PostProcessQuality@3] File [C:/Users/Pog/Documents/School/Year 4/Sem 2/AdvancedGames/Assignment 2/Git/AdvGamesProgramming/GameFiles/Saved/Config/Windows/Scalability.ini]
[2020.11.02-00.12.13:338][  0]LogConfig: Setting CVar [[r.MotionBlurQuality:4]]
[2020.11.02-00.12.13:338][  0]LogConfig: Setting CVar [[r.AmbientOcclusionMipLevelFactor:0.4]]
[2020.11.02-00.12.13:338][  0]LogConfig: Setting CVar [[r.AmbientOcclusionMaxQuality:100]]
[2020.11.02-00.12.13:338][  0]LogConfig: Setting CVar [[r.AmbientOcclusionLevels:-1]]
[2020.11.02-00.12.13:338][  0]LogConfig: Setting CVar [[r.AmbientOcclusionRadiusScale:1.0]]
[2020.11.02-00.12.13:338][  0]LogConfig: Setting CVar [[r.DepthOfFieldQuality:2]]
[2020.11.02-00.12.13:338][  0]LogConfig: Setting CVar [[r.RenderTargetPoolMin:400]]
[2020.11.02-00.12.13:338][  0]LogConfig: Setting CVar [[r.LensFlareQuality:2]]
[2020.11.02-00.12.13:338][  0]LogConfig: Setting CVar [[r.SceneColorFringeQuality:1]]
[2020.11.02-00.12.13:338][  0]LogConfig: Setting CVar [[r.EyeAdaptationQuality:2]]
[2020.11.02-00.12.13:338][  0]LogConfig: Setting CVar [[r.BloomQuality:5]]
[2020.11.02-00.12.13:338][  0]LogConfig: Setting CVar [[r.FastBlurThreshold:100]]
[2020.11.02-00.12.13:338][  0]LogConfig: Setting CVar [[r.Upscale.Quality:3]]
[2020.11.02-00.12.13:338][  0]LogConfig: Setting CVar [[r.Tonemapper.GrainQuantization:1]]
[2020.11.02-00.12.13:338][  0]LogConfig: Setting CVar [[r.LightShaftQuality:1]]
[2020.11.02-00.12.13:338][  0]LogConfig: Setting CVar [[r.Filter.SizeScale:1]]
[2020.11.02-00.12.13:338][  0]LogConfig: Setting CVar [[r.Tonemapper.Quality:5]]
[2020.11.02-00.12.13:338][  0]LogConfig: Setting CVar [[r.DOF.Gather.AccumulatorQuality:1        ; higher gathering accumulator quality]]
[2020.11.02-00.12.13:338][  0]LogConfig: Setting CVar [[r.DOF.Gather.PostfilterMethod:1          ; Median3x3 postfilering method]]
[2020.11.02-00.12.13:338][  0]LogConfig: Setting CVar [[r.DOF.Gather.EnableBokehSettings:0       ; no bokeh simulation when gathering]]
[2020.11.02-00.12.13:338][  0]LogConfig: Setting CVar [[r.DOF.Gather.RingCount:4                 ; medium number of samples when gathering]]
[2020.11.02-00.12.13:338][  0]LogConfig: Setting CVar [[r.DOF.Scatter.ForegroundCompositing:1    ; additive foreground scattering]]
[2020.11.02-00.12.13:338][  0]LogConfig: Setting CVar [[r.DOF.Scatter.BackgroundCompositing:2    ; additive background scattering]]
[2020.11.02-00.12.13:338][  0]LogConfig: Setting CVar [[r.DOF.Scatter.EnableBokehSettings:1      ; bokeh simulation when scattering]]
[2020.11.02-00.12.13:338][  0]LogConfig: Setting CVar [[r.DOF.Scatter.MaxSpriteRatio:0.1         ; only a maximum of 10% of scattered bokeh]]
[2020.11.02-00.12.13:338][  0]LogConfig: Setting CVar [[r.DOF.Recombine.Quality:1                ; cheap slight out of focus]]
[2020.11.02-00.12.13:338][  0]LogConfig: Setting CVar [[r.DOF.Recombine.EnableBokehSettings:0    ; no bokeh simulation on slight out of focus]]
[2020.11.02-00.12.13:338][  0]LogConfig: Setting CVar [[r.DOF.TemporalAAQuality:1                ; more stable temporal accumulation]]
[2020.11.02-00.12.13:338][  0]LogConfig: Setting CVar [[r.DOF.Kernel.MaxForegroundRadius:0.025]]
[2020.11.02-00.12.13:338][  0]LogConfig: Setting CVar [[r.DOF.Kernel.MaxBackgroundRadius:0.025]]
[2020.11.02-00.12.13:338][  0]LogConfig: Applying CVar settings from Section [TextureQuality@3] File [C:/Users/Pog/Documents/School/Year 4/Sem 2/AdvancedGames/Assignment 2/Git/AdvGamesProgramming/GameFiles/Saved/Config/Windows/Scalability.ini]
[2020.11.02-00.12.13:338][  0]LogConfig: Setting CVar [[r.Streaming.MipBias:0]]
[2020.11.02-00.12.13:338][  0]LogConfig: Setting CVar [[r.Streaming.AmortizeCPUToGPUCopy:0]]
[2020.11.02-00.12.13:338][  0]LogConfig: Setting CVar [[r.Streaming.MaxNumTexturesToStreamPerFrame:0]]
[2020.11.02-00.12.13:338][  0]LogConfig: Setting CVar [[r.Streaming.Boost:1]]
[2020.11.02-00.12.13:338][  0]LogConfig: Setting CVar [[r.MaxAnisotropy:8]]
[2020.11.02-00.12.13:338][  0]LogConfig: Setting CVar [[r.VT.MaxAnisotropy:8]]
[2020.11.02-00.12.13:339][  0]LogConfig: Setting CVar [[r.Streaming.LimitPoolSizeToVRAM:0]]
[2020.11.02-00.12.13:339][  0]LogConfig: Setting CVar [[r.Streaming.PoolSize:1000]]
[2020.11.02-00.12.13:339][  0]LogConfig: Setting CVar [[r.Streaming.MaxEffectiveScreenSize:0]]
[2020.11.02-00.12.13:339][  0]LogConfig: Applying CVar settings from Section [EffectsQuality@3] File [C:/Users/Pog/Documents/School/Year 4/Sem 2/AdvancedGames/Assignment 2/Git/AdvGamesProgramming/GameFiles/Saved/Config/Windows/Scalability.ini]
[2020.11.02-00.12.13:339][  0]LogConfig: Setting CVar [[r.TranslucencyLightingVolumeDim:64]]
[2020.11.02-00.12.13:339][  0]LogConfig: Setting CVar [[r.RefractionQuality:2]]
[2020.11.02-00.12.13:339][  0]LogConfig: Setting CVar [[r.SSR.Quality:3]]
[2020.11.02-00.12.13:339][  0]LogConfig: Setting CVar [[r.SSR.HalfResSceneColor:0]]
[2020.11.02-00.12.13:339][  0]LogConfig: Setting CVar [[r.SceneColorFormat:4]]
[2020.11.02-00.12.13:339][  0]LogConfig: Setting CVar [[r.DetailMode:2]]
[2020.11.02-00.12.13:339][  0]LogConfig: Setting CVar [[r.TranslucencyVolumeBlur:1]]
[2020.11.02-00.12.13:339][  0]LogConfig: Setting CVar [[r.MaterialQualityLevel:1 ; High quality]]
[2020.11.02-00.12.13:339][  0]LogConfig: Setting CVar [[r.SSS.Scale:1]]
[2020.11.02-00.12.13:339][  0]LogConfig: Setting CVar [[r.SSS.SampleSet:2]]
[2020.11.02-00.12.13:339][  0]LogConfig: Setting CVar [[r.SSS.Quality:1]]
[2020.11.02-00.12.13:339][  0]LogConfig: Setting CVar [[r.SSS.HalfRes:1]]
[2020.11.02-00.12.13:339][  0]LogConfig: Setting CVar [[r.SSGI.Quality:3]]
[2020.11.02-00.12.13:339][  0]LogConfig: Setting CVar [[r.EmitterSpawnRateScale:1.0]]
[2020.11.02-00.12.13:339][  0]LogConfig: Setting CVar [[r.ParticleLightQuality:2]]
[2020.11.02-00.12.13:339][  0]LogConfig: Setting CVar [[r.SkyAtmosphere.AerialPerspectiveLUT.FastApplyOnOpaque:1 ; Always have FastSkyLUT 1 in this case to avoid wrong sky]]
[2020.11.02-00.12.13:339][  0]LogConfig: Setting CVar [[r.SkyAtmosphere.AerialPerspectiveLUT.SampleCountPerSlice:1]]
[2020.11.02-00.12.13:339][  0]LogConfig: Setting CVar [[r.SkyAtmosphere.AerialPerspectiveLUT.DepthResolution:16.0]]
[2020.11.02-00.12.13:339][  0]LogConfig: Setting CVar [[r.SkyAtmosphere.FastSkyLUT:1]]
[2020.11.02-00.12.13:339][  0]LogConfig: Setting CVar [[r.SkyAtmosphere.FastSkyLUT.SampleCountMin:4.0]]
[2020.11.02-00.12.13:339][  0]LogConfig: Setting CVar [[r.SkyAtmosphere.FastSkyLUT.SampleCountMax:32.0]]
[2020.11.02-00.12.13:339][  0]LogConfig: Setting CVar [[r.SkyAtmosphere.SampleCountMin:4.0]]
[2020.11.02-00.12.13:339][  0]LogConfig: Setting CVar [[r.SkyAtmosphere.SampleCountMax:32.0]]
[2020.11.02-00.12.13:339][  0]LogConfig: Setting CVar [[r.SkyAtmosphere.TransmittanceLUT.UseSmallFormat:0]]
[2020.11.02-00.12.13:339][  0]LogConfig: Setting CVar [[r.SkyAtmosphere.TransmittanceLUT.SampleCount:10.0]]
[2020.11.02-00.12.13:339][  0]LogConfig: Setting CVar [[r.SkyAtmosphere.MultiScatteringLUT.SampleCount:15.0]]
[2020.11.02-00.12.13:339][  0]LogConfig: Applying CVar settings from Section [FoliageQuality@3] File [C:/Users/Pog/Documents/School/Year 4/Sem 2/AdvancedGames/Assignment 2/Git/AdvGamesProgramming/GameFiles/Saved/Config/Windows/Scalability.ini]
[2020.11.02-00.12.13:339][  0]LogConfig: Setting CVar [[foliage.DensityScale:1.0]]
[2020.11.02-00.12.13:339][  0]LogConfig: Setting CVar [[grass.DensityScale:1.0]]
[2020.11.02-00.12.13:339][  0]LogConfig: Applying CVar settings from Section [ShadingQuality@3] File [C:/Users/Pog/Documents/School/Year 4/Sem 2/AdvancedGames/Assignment 2/Git/AdvGamesProgramming/GameFiles/Saved/Config/Windows/Scalability.ini]
[2020.11.02-00.12.13:339][  0]LogConfig: Setting CVar [[r.HairStrands.SkyLighting.SampleCount:16]]
[2020.11.02-00.12.13:339][  0]LogConfig: Setting CVar [[r.HairStrands.SkyLighting.JitterIntegration:0]]
[2020.11.02-00.12.13:339][  0]LogConfig: Setting CVar [[r.HairStrands.SkyAO.SampleCount:16]]
[2020.11.02-00.12.13:339][  0]LogConfig: Applying CVar settings from Section [Startup] File [../../../Engine/Config/ConsoleVariables.ini]
[2020.11.02-00.12.13:340][  0]LogConfig: Setting CVar [[net.UseAdaptiveNetUpdateFrequency:0]]
[2020.11.02-00.12.13:340][  0]LogConfig: Setting CVar [[p.chaos.AllowCreatePhysxBodies:1]]
[2020.11.02-00.12.13:340][  0]LogConfig: Applying CVar settings from Section [ConsoleVariables] File [C:/Users/Pog/Documents/School/Year 4/Sem 2/AdvancedGames/Assignment 2/Git/AdvGamesProgramming/GameFiles/Saved/Config/Windows/Engine.ini]
[2020.11.02-00.12.13:340][  0]LogInit: Computer: RAZER-BLADE-201
[2020.11.02-00.12.13:340][  0]LogInit: User: Jack
[2020.11.02-00.12.13:340][  0]LogInit: CPU Page size=4096, Cores=4
[2020.11.02-00.12.13:340][  0]LogInit: High frequency timer resolution =10.000000 MHz
[2020.11.02-00.12.13:340][  0]LogMemory: Memory total: Physical=15.9GB (16GB approx)
[2020.11.02-00.12.13:340][  0]LogMemory: Platform Memory Stats for Windows
[2020.11.02-00.12.13:340][  0]LogMemory: Process Physical Memory: 104.91 MB used, 104.91 MB peak
[2020.11.02-00.12.13:340][  0]LogMemory: Process Virtual Memory: 100.66 MB used, 100.66 MB peak
[2020.11.02-00.12.13:340][  0]LogMemory: Physical Memory: 14111.26 MB used,  2165.44 MB free, 16276.70 MB total
[2020.11.02-00.12.13:340][  0]LogMemory: Virtual Memory: 5134.61 MB used,  134212592.00 MB free, 134217728.00 MB total
[2020.11.02-00.12.13:346][  0]LogWindows: WindowsPlatformFeatures enabled
[2020.11.02-00.12.13:388][  0]LogInit: Using OS detected language (en-US).
[2020.11.02-00.12.13:388][  0]LogInit: Using OS detected locale (en-AU).
[2020.11.02-00.12.13:389][  0]LogTextLocalizationManager: No specific localization for 'en-US' exists, so the 'en' localization will be used.
[2020.11.02-00.12.13:711][  0]LogInit: Setting process to per monitor DPI aware
[2020.11.02-00.12.13:780][  0]LogSlate: New Slate User Created.  User Index 0, Is Virtual User: 0
[2020.11.02-00.12.13:780][  0]LogSlate: Slate User Registered.  User Index 0, Is Virtual User: 0
[2020.11.02-00.12.14:108][  0]LogD3D11RHI: D3D11 min allowed feature level: 11_0
[2020.11.02-00.12.14:108][  0]LogD3D11RHI: D3D11 max allowed feature level: 11_0
[2020.11.02-00.12.14:108][  0]LogD3D11RHI: D3D11 adapters:
[2020.11.02-00.12.14:212][  0]LogD3D11RHI:    0. 'NVIDIA GeForce GTX 1060' (Feature Level 11_0)
[2020.11.02-00.12.14:212][  0]LogD3D11RHI:       6052/0/8138 MB DedicatedVideo/DedicatedSystem/SharedSystem, Outputs:1, VendorId:0x10de
[2020.11.02-00.12.14:292][  0]LogD3D11RHI:    1. 'Intel(R) HD Graphics 530' (Feature Level 11_0)
[2020.11.02-00.12.14:292][  0]LogD3D11RHI:       128/0/8138 MB DedicatedVideo/DedicatedSystem/SharedSystem, Outputs:1, VendorId:0x8086
[2020.11.02-00.12.14:297][  0]LogD3D11RHI:    2. 'Microsoft Basic Render Driver' (Feature Level 11_0)
[2020.11.02-00.12.14:297][  0]LogD3D11RHI:       0/0/8138 MB DedicatedVideo/DedicatedSystem/SharedSystem, Outputs:0, VendorId:0x1414
[2020.11.02-00.12.14:297][  0]LogD3D11RHI: Chosen D3D11 Adapter: 0
[2020.11.02-00.12.14:318][  0]LogD3D11RHI: Creating new Direct3DDevice
[2020.11.02-00.12.14:318][  0]LogD3D11RHI:     GPU DeviceId: 0x1c20 (for the marketing name, search the web for "GPU Device Id")
[2020.11.02-00.12.14:318][  0]LogWindows: EnumDisplayDevices:
[2020.11.02-00.12.14:318][  0]LogWindows:    0. 'Intel(R) HD Graphics 530' (P:0 D:1)
[2020.11.02-00.12.14:319][  0]LogWindows:    1. 'Intel(R) HD Graphics 530' (P:0 D:0)
[2020.11.02-00.12.14:319][  0]LogWindows:    2. 'Intel(R) HD Graphics 530' (P:0 D:0)
[2020.11.02-00.12.14:319][  0]LogWindows:    3. 'NVIDIA GeForce GTX 1060' (P:1 D:1)
[2020.11.02-00.12.14:320][  0]LogWindows: DebugString: PrimaryIsNotTheChoosenAdapter PrimaryIsNotTheChoosenAdapter PrimaryIsNotTheChoosenAdapter 
[2020.11.02-00.12.14:320][  0]LogD3D11RHI:     Adapter Name: NVIDIA GeForce GTX 1060
[2020.11.02-00.12.14:320][  0]LogD3D11RHI:   Driver Version: 452.06 (internal:27.21.14.5206, unified:452.06)
[2020.11.02-00.12.14:320][  0]LogD3D11RHI:      Driver Date: 8-12-2020
[2020.11.02-00.12.14:320][  0]LogRHI: Texture pool is 4236 MB (70% of 6052 MB)
[2020.11.02-00.12.14:390][  0]LogD3D11RHI: RHI has support for 64 bit atomics
[2020.11.02-00.12.14:390][  0]LogD3D11RHI: Async texture creation enabled
[2020.11.02-00.12.14:439][  0]LogD3D11RHI: GPU Timing Frequency: 1000.000000 (Debug: 2 1)
[2020.11.02-00.12.14:949][  0]LogTargetPlatformManager: Display: Loaded TargetPlatform 'AllDesktop'
[2020.11.02-00.12.14:994][  0]LogTargetPlatformManager: Display: Loaded TargetPlatform 'Android'
[2020.11.02-00.12.14:994][  0]LogTargetPlatformManager: Display: Loaded TargetPlatform 'Android_ASTC'
[2020.11.02-00.12.14:995][  0]LogTargetPlatformManager: Display: Loaded TargetPlatform 'Android_ATC'
[2020.11.02-00.12.14:995][  0]LogTargetPlatformManager: Display: Loaded TargetPlatform 'Android_DXT'
[2020.11.02-00.12.14:995][  0]LogTargetPlatformManager: Display: Loaded TargetPlatform 'Android_ETC1'
[2020.11.02-00.12.14:995][  0]LogTargetPlatformManager: Display: Loaded TargetPlatform 'Android_ETC1a'
[2020.11.02-00.12.14:995][  0]LogTargetPlatformManager: Display: Loaded TargetPlatform 'Android_ETC2'
[2020.11.02-00.12.14:995][  0]LogTargetPlatformManager: Display: Loaded TargetPlatform 'Android_PVRTC'
[2020.11.02-00.12.14:995][  0]LogTargetPlatformManager: Display: Loaded TargetPlatform 'AndroidClient'
[2020.11.02-00.12.14:995][  0]LogTargetPlatformManager: Display: Loaded TargetPlatform 'Android_ASTCClient'
[2020.11.02-00.12.14:995][  0]LogTargetPlatformManager: Display: Loaded TargetPlatform 'Android_ATCClient'
[2020.11.02-00.12.14:995][  0]LogTargetPlatformManager: Display: Loaded TargetPlatform 'Android_DXTClient'
[2020.11.02-00.12.14:995][  0]LogTargetPlatformManager: Display: Loaded TargetPlatform 'Android_ETC1Client'
[2020.11.02-00.12.14:995][  0]LogTargetPlatformManager: Display: Loaded TargetPlatform 'Android_ETC1aClient'
[2020.11.02-00.12.14:995][  0]LogTargetPlatformManager: Display: Loaded TargetPlatform 'Android_ETC2Client'
[2020.11.02-00.12.14:995][  0]LogTargetPlatformManager: Display: Loaded TargetPlatform 'Android_PVRTCClient'
[2020.11.02-00.12.14:995][  0]LogTargetPlatformManager: Display: Loaded TargetPlatform 'Android_Multi'
[2020.11.02-00.12.14:995][  0]LogTargetPlatformManager: Display: Loaded TargetPlatform 'Android_MultiClient'
[2020.11.02-00.12.15:020][  0]LogTargetPlatformManager: Display: Loaded TargetPlatform 'IOSClient'
[2020.11.02-00.12.15:020][  0]LogTargetPlatformManager: Display: Loaded TargetPlatform 'IOS'
[2020.11.02-00.12.15:035][  0]LogTargetPlatformManager: Display: Loaded TargetPlatform 'LinuxNoEditor'
[2020.11.02-00.12.15:048][  0]LogTargetPlatformManager: Display: Loaded TargetPlatform 'LinuxClient'
[2020.11.02-00.12.15:061][  0]LogTargetPlatformManager: Display: Loaded TargetPlatform 'LinuxServer'
[2020.11.02-00.12.15:072][  0]LogTargetPlatformManager: Display: Loaded TargetPlatform 'LinuxAArch64NoEditor'
[2020.11.02-00.12.15:082][  0]LogTargetPlatformManager: Display: Loaded TargetPlatform 'LinuxAArch64Client'
[2020.11.02-00.12.15:095][  0]LogTargetPlatformManager: Display: Loaded TargetPlatform 'LinuxAArch64Server'
[2020.11.02-00.12.15:134][  0]LogTargetPlatformManager: Display: Loaded TargetPlatform 'Lumin'
[2020.11.02-00.12.15:134][  0]LogTargetPlatformManager: Display: Loaded TargetPlatform 'LuminClient'
[2020.11.02-00.12.15:155][  0]LogTargetPlatformManager: Display: Loaded TargetPlatform 'TVOSClient'
[2020.11.02-00.12.15:155][  0]LogTargetPlatformManager: Display: Loaded TargetPlatform 'TVOS'
[2020.11.02-00.12.15:168][  0]LogTargetPlatformManager: Display: Loaded TargetPlatform 'WindowsNoEditor'
[2020.11.02-00.12.15:182][  0]LogTargetPlatformManager: Display: Loaded TargetPlatform 'Windows'
[2020.11.02-00.12.15:192][  0]LogTargetPlatformManager: Display: Loaded TargetPlatform 'WindowsClient'
[2020.11.02-00.12.15:203][  0]LogTargetPlatformManager: Display: Loaded TargetPlatform 'WindowsServer'
[2020.11.02-00.12.15:203][  0]LogTargetPlatformManager: Display: Building Assets For Windows
[2020.11.02-00.12.15:208][  0]LogAudioDebug: Display: Lib vorbis DLL was dynamically loaded.
[2020.11.02-00.12.15:254][  0]LogShaderCompilers: Guid format shader working directory is -75 characters bigger than the processId version (../../../../../../Users/Pog/Documents/School/Year 4/Sem 2/AdvancedGames/Assignment 2/Git/AdvGamesProgramming/GameFiles/Intermediate/Shaders/WorkingDirectory/28288/).
[2020.11.02-00.12.15:255][  0]LogShaderCompilers: Cleaned the shader compiler working directory 'C:/Users/Pog/AppData/Local/Temp/UnrealShaderWorkingDir/4B02506B4373B4067BAF0DAB300A3B20/'.
[2020.11.02-00.12.15:255][  0]LogXGEController: Cleaning working directory: C:/Users/Pog/AppData/Local/Temp/UnrealXGEWorkingDir/
[2020.11.02-00.12.15:255][  0]LogXGEController: Cannot use XGE Controller as Incredibuild is not installed on this machine.
[2020.11.02-00.12.15:256][  0]LogShaderCompilers: Cannot use XGE Shader Compiler as Incredibuild is not installed on this machine.
[2020.11.02-00.12.15:256][  0]LogShaderCompilers: Display: Using Local Shader Compiler.
[2020.11.02-00.12.16:494][  0]LogDerivedDataCache: Display: Max Cache Size: 512 MB
[2020.11.02-00.12.16:637][  0]LogDerivedDataCache: Loaded boot cache 0.14s 96MB C:/Users/Pog/AppData/Local/UnrealEngine/4.24/DerivedDataCache/Boot.ddc.
[2020.11.02-00.12.16:637][  0]LogDerivedDataCache: Display: Loaded Boot cache: C:/Users/Pog/AppData/Local/UnrealEngine/4.24/DerivedDataCache/Boot.ddc
[2020.11.02-00.12.16:638][  0]LogDerivedDataCache: FDerivedDataBackendGraph:  Pak pak cache file ../../../../../../Users/Pog/Documents/School/Year 4/Sem 2/AdvancedGames/Assignment 2/Git/AdvGamesProgramming/GameFiles/DerivedDataCache/DDC.ddp not found, will not use a pak cache.
[2020.11.02-00.12.16:638][  0]LogDerivedDataCache: Unable to find inner node Pak for hierarchical cache Hierarchy.
[2020.11.02-00.12.16:638][  0]LogDerivedDataCache: FDerivedDataBackendGraph:  CompressedPak pak cache file ../../../../../../Users/Pog/Documents/School/Year 4/Sem 2/AdvancedGames/Assignment 2/Git/AdvGamesProgramming/GameFiles/DerivedDataCache/Compressed.ddp not found, will not use a pak cache.
[2020.11.02-00.12.16:638][  0]LogDerivedDataCache: Unable to find inner node CompressedPak for hierarchical cache Hierarchy.
[2020.11.02-00.12.16:654][  0]LogDerivedDataCache: Display: Pak cache opened for reading ../../../Engine/DerivedDataCache/Compressed.ddp.
[2020.11.02-00.12.16:654][  0]LogDerivedDataCache: FDerivedDataBackendGraph:  EnterprisePak pak cache file ../../../Enterprise/DerivedDataCache/Compressed.ddp not found, will not use a pak cache.
[2020.11.02-00.12.16:654][  0]LogDerivedDataCache: Unable to find inner node EnterprisePak for hierarchical cache Hierarchy.
[2020.11.02-00.12.16:656][  0]LogDerivedDataCache: Using Local data cache path C:/Users/Pog/AppData/Local/UnrealEngine/Common/DerivedDataCache: Writable
[2020.11.02-00.12.16:656][  0]LogDerivedDataCache: Shared data cache path not found in *engine.ini, will not use an Shared cache.
[2020.11.02-00.12.16:656][  0]LogDerivedDataCache: Unable to find inner node Shared for hierarchical cache Hierarchy.
[2020.11.02-00.12.16:701][  0]LogMaterial: Verifying Global Shaders for PCD3D_SM5
[2020.11.02-00.12.16:705][  0]LogSlate: Using FreeType 2.10.0
[2020.11.02-00.12.16:705][  0]LogSlate: SlateFontServices - WITH_FREETYPE: 1, WITH_HARFBUZZ: 1
[2020.11.02-00.12.16:786][  0]LogAssetRegistry: FAssetRegistry took 0.0031 seconds to start up
[2020.11.02-00.12.17:221][  0]LogInit: Selected Device Profile: [Windows]
[2020.11.02-00.12.17:439][  0]LogMeshReduction: Using QuadricMeshReduction for automatic static mesh reduction
[2020.11.02-00.12.17:439][  0]LogMeshReduction: Using SimplygonMeshReduction for automatic skeletal mesh reduction
[2020.11.02-00.12.17:439][  0]LogMeshReduction: Using ProxyLODMeshReduction for automatic mesh merging
[2020.11.02-00.12.17:439][  0]LogMeshReduction: No distributed automatic mesh merging module available
[2020.11.02-00.12.17:439][  0]LogMeshMerging: No distributed automatic mesh merging module available
[2020.11.02-00.12.17:458][  0]LogNetVersion: AdvGamesProgramming 1.0.0, NetCL: 10570792, EngineNetVer: 13, GameNetVer: 0 (Checksum: 489682494)
[2020.11.02-00.12.19:531][  0]LogPackageLocalizationCache: Processed 8 localized package path(s) for 1 prioritized culture(s) in 0.076945 seconds
[2020.11.02-00.12.19:548][  0]LogUObjectArray: 46098 objects as part of root set at end of initial load.
[2020.11.02-00.12.19:548][  0]LogUObjectAllocator: 8030680 out of 0 bytes used by permanent object pool.
[2020.11.02-00.12.19:548][  0]LogUObjectArray: CloseDisregardForGC: 0/0 objects in disregard for GC pool
[2020.11.02-00.12.20:229][  0]LogTcpMessaging: Initializing TcpMessaging bridge
[2020.11.02-00.12.20:234][  0]LogUdpMessaging: Initializing bridge on interface 0.0.0.0:0 to multicast group 230.0.0.1:6666.
[2020.11.02-00.12.20:418][  0]LogBlueprint: Warning: [Compiler Ue4ASP_Character] InputAction Event references unknown Action 'Crouch' for  InputAction Crouch
[2020.11.02-00.12.20:419][  0]LogBlueprint: Warning: [Compiler Ue4ASP_Character] Input Axis Event references unknown Axis 'MoveRight' for  InputAxis MoveRight
[2020.11.02-00.12.21:407][  0]SourceControl: Source control is disabled
[2020.11.02-00.12.21:407][  0]SourceControl: Source control is disabled
[2020.11.02-00.12.21:409][  0]SourceControl: Source control is disabled
[2020.11.02-00.12.21:411][  0]SourceControl: Source control is disabled
[2020.11.02-00.12.21:413][  0]SourceControl: Source control is disabled
[2020.11.02-00.12.21:557][  0]LogAndroidPermission: UAndroidPermissionCallbackProxy::GetInstance
[2020.11.02-00.12.21:574][  0]LogAudioCaptureCore: Display: No Audio Capture implementations found. Audio input will be silent.
[2020.11.02-00.12.21:574][  0]LogAudioCaptureCore: Display: No Audio Capture implementations found. Audio input will be silent.
[2020.11.02-00.12.21:727][  0]LogEngine: Initializing Engine...
[2020.11.02-00.12.21:731][  0]LogStats: UGameplayTagsManager::InitializeManager -  0.000 s
[2020.11.02-00.12.22:243][  0]LogInit: Initializing FReadOnlyCVARCache
[2020.11.02-00.12.22:255][  0]LogAIModule: Creating AISystem for world Untitled
[2020.11.02-00.12.22:299][  0]LogAudioMixer: Display: Audio Mixer Platform Settings:
[2020.11.02-00.12.22:299][  0]LogAudioMixer: Display: 	Sample Rate:						  48000
[2020.11.02-00.12.22:299][  0]LogAudioMixer: Display: 	Callback Buffer Frame Size Requested: 1024
[2020.11.02-00.12.22:299][  0]LogAudioMixer: Display: 	Callback Buffer Frame Size To Use:	  1024
[2020.11.02-00.12.22:299][  0]LogAudioMixer: Display: 	Number of buffers to queue:			  2
[2020.11.02-00.12.22:299][  0]LogAudioMixer: Display: 	Max Channels (voices):				  32
[2020.11.02-00.12.22:299][  0]LogAudioMixer: Display: 	Number of Async Source Workers:		  0
[2020.11.02-00.12.22:299][  0]LogAudio: Display: AudioDevice MaxSources: 32
[2020.11.02-00.12.22:299][  0]LogAudio: Display: Using built-in audio occlusion.
[2020.11.02-00.12.22:299][  0]LogAudioMixer: Display: Initializing audio mixer.
[2020.11.02-00.12.22:503][  0]LogAudioMixer: Display: Audio Device Output Speaker Info:
[2020.11.02-00.12.22:503][  0]LogAudioMixer: Display: Name: Headphones (BLE_ATH-M50xBT Stereo)
[2020.11.02-00.12.22:503][  0]LogAudioMixer: Display: Is Default: Yes
[2020.11.02-00.12.22:503][  0]LogAudioMixer: Display: Sample Rate: 44100
[2020.11.02-00.12.22:504][  0]LogAudioMixer: Display: Channel Count Used: 2
[2020.11.02-00.12.22:504][  0]LogAudioMixer: Display: Device Channel Count: 2
[2020.11.02-00.12.22:504][  0]LogAudioMixer: Display: Channel Order:
[2020.11.02-00.12.22:504][  0]LogAudioMixer: Display: 0: FrontLeft
[2020.11.02-00.12.22:504][  0]LogAudioMixer: Display: 1: FrontRight
[2020.11.02-00.12.22:612][  0]LogAudioMixer: Display: Using Audio Device Headphones (BLE_ATH-M50xBT Stereo)
[2020.11.02-00.12.22:615][  0]LogInit: FAudioDevice initialized.
[2020.11.02-00.12.22:616][  0]LogNetVersion: Set ProjectVersion to 1.0.0.0. Version Checksum will be recalculated on next use.
[2020.11.02-00.12.22:699][  0]LogDerivedDataCache: Saved boot cache 0.08s 96MB C:/Users/Pog/AppData/Local/UnrealEngine/4.24/DerivedDataCache/Boot.ddc.
[2020.11.02-00.12.22:716][  0]LogInit: Texture streaming: Enabled
[2020.11.02-00.12.22:734][  0]LogEngineSessionManager: EngineSessionManager initialized
[2020.11.02-00.12.22:735][  0]LogEngineSessionManager: EngineSessionManager sent abnormal shutdown report. Type=Crashed, SessionId={9F405110-4935-FDD2-B4C2-CAB63E45F8D3}
[2020.11.02-00.12.22:735][  0]LogEditorSessionSummary: Verbose: Initializing EditorSessionSummaryWriter for editor session tracking
[2020.11.02-00.12.22:737][  0]LogEditorSessionSummary: EditorSessionSummaryWriter initialized
[2020.11.02-00.12.22:827][  0]LogInit: Transaction tracking system initialized
[2020.11.02-00.12.22:849][  0]BlueprintLog: New page: Editor Load
[2020.11.02-00.12.22:906][  0]LocalizationService: Localization service is disabled
[2020.11.02-00.12.23:426][  0]LogFileCache: Scanning file cache for directory 'C:/Users/Pog/Documents/School/Year 4/Sem 2/AdvancedGames/Assignment 2/Git/AdvGamesProgramming/GameFiles/Content/' took 0.01s
[2020.11.02-00.12.23:426][  0]LogCook: Display: Max memory allowance for cook 16384mb min free memory 0mb
[2020.11.02-00.12.23:426][  0]LogCook: Display: Mobile HDR setting 1
[2020.11.02-00.12.23:612][  0]SourceControl: Source control is disabled
[2020.11.02-00.12.23:612][  0]LightingResults: New page: Lighting Build
[2020.11.02-00.12.23:614][  0]LogWorld: UWorld::CleanupWorld for Untitled, bSessionEnded=true, bCleanupResources=true
[2020.11.02-00.12.23:614][  0]LogSlate: InvalidateAllWidgets triggered.  All widgets were invalidated
[2020.11.02-00.12.23:614][  0]MapCheck: New page: Map Check
[2020.11.02-00.12.23:614][  0]LightingResults: New page: Lighting Build
[2020.11.02-00.12.23:660][  0]LogUObjectHash: Compacting FUObjectHashTables data took   4.36ms
[2020.11.02-00.12.24:600][  0]LogAIModule: Creating AISystem for world TestingMap
[2020.11.02-00.12.24:632][  0]LogEditorServer: Finished looking for orphan Actors (0.000 secs)
[2020.11.02-00.12.24:673][  0]LogUObjectHash: Compacting FUObjectHashTables data took   3.13ms
[2020.11.02-00.12.24:674][  0]Cmd: MAP CHECKDEP NOCLEARLOG
[2020.11.02-00.12.24:674][  0]MapCheck: Map check complete: 0 Error(s), 0 Warning(s), took 0.214ms to complete.
[2020.11.02-00.12.24:674][  0]LogFileHelpers: Loading map 'TestingMap' took 1.063
[2020.11.02-00.12.24:881][  0]LogSlate: Updating window title bar state: overlay mode, drag disabled, window buttons hidden, title bar hidden
[2020.11.02-00.12.24:892][  0]LogSlate: Updating window title bar state: overlay mode, drag disabled, window buttons hidden, title bar hidden
[2020.11.02-00.12.24:904][  0]LogSlate: Updating window title bar state: overlay mode, drag disabled, window buttons hidden, title bar hidden
[2020.11.02-00.12.24:913][  0]LogSlate: Updating window title bar state: overlay mode, drag disabled, window buttons hidden, title bar hidden
[2020.11.02-00.12.24:932][  0]LogCollectionManager: Loaded 0 collections in 0.002380 seconds
[2020.11.02-00.12.24:950][  0]LogFileCache: Scanning file cache for directory 'C:/Users/Pog/Documents/School/Year 4/Sem 2/AdvancedGames/Assignment 2/Git/AdvGamesProgramming/GameFiles/Saved/Collections/' took 0.00s
[2020.11.02-00.12.24:951][  0]LogFileCache: Scanning file cache for directory 'C:/Users/Pog/Documents/School/Year 4/Sem 2/AdvancedGames/Assignment 2/Git/AdvGamesProgramming/GameFiles/Content/Developers/Jack/Collections/' took 0.00s
[2020.11.02-00.12.24:951][  0]LogFileCache: Scanning file cache for directory 'C:/Users/Pog/Documents/School/Year 4/Sem 2/AdvancedGames/Assignment 2/Git/AdvGamesProgramming/GameFiles/Content/Collections/' took 0.00s
[2020.11.02-00.12.24:951][  0]LogContentBrowser: Native class hierarchy populated in 0.0123 seconds. Added 3021 classes and 706 folders.
[2020.11.02-00.12.24:955][  0]LogContentBrowser: Native class hierarchy updated for 'WidgetCarousel' in 0.0005 seconds. Added 0 classes and 0 folders.
[2020.11.02-00.12.25:123][  0]LogContentBrowser: Native class hierarchy updated for 'AddContentDialog' in 0.0008 seconds. Added 0 classes and 0 folders.
[2020.11.02-00.12.25:197][  0]LogSlate: Took 0.000404 seconds to synchronously load lazily loaded font '../../../Engine/Content/Slate/Fonts/Roboto-Regular.ttf' (155K)
[2020.11.02-00.12.25:205][  0]LogSlate: Took 0.000297 seconds to synchronously load lazily loaded font '../../../Engine/Content/Slate/Fonts/Roboto-Bold.ttf' (160K)
[2020.11.02-00.12.25:211][  0]LogSlate: Took 0.000955 seconds to synchronously load lazily loaded font '../../../Engine/Content/Editor/Slate/Fonts/FontAwesome.ttf' (139K)
[2020.11.02-00.12.25:212][  0]LogSlate: Took 0.000647 seconds to synchronously load lazily loaded font '../../../Engine/Content/Slate/Fonts/DroidSansMono.ttf' (77K)
[2020.11.02-00.12.25:399][  0]LogRenderer: Reallocating scene render targets to support 1176x596 Format 10 NumSamples 1 (Frame:1).
[2020.11.02-00.12.25:603][  0]LogContentBrowser: Native class hierarchy updated for 'HierarchicalLODOutliner' in 0.0008 seconds. Added 0 classes and 0 folders.
[2020.11.02-00.12.25:603][  0]LogLoad: (Engine Initialization) Total time: 15.99 seconds
[2020.11.02-00.12.25:603][  0]LogLoad: (Engine Initialization) Total Blueprint compile time: 0.00 seconds
[2020.11.02-00.12.25:669][  0]LogContentStreaming: Texture pool size now 1000 MB
[2020.11.02-00.12.25:850][  2]LogAssetRegistry: Asset discovery search completed in 9.0650 seconds
[2020.11.02-00.12.25:855][  2]LogCollectionManager: Fixed up redirectors for 0 collections in 0.000012 seconds (updated 0 objects)
[2020.11.02-00.12.26:958][ 77]LogSlate: Took 0.001937 seconds to synchronously load lazily loaded font '../../../Engine/Content/Slate/Fonts/Roboto-Light.ttf' (167K)
[2020.11.02-00.12.30:985][ 89]LogFileCache: Retrieving MD5 hashes for directory 'C:/Users/Pog/Documents/School/Year 4/Sem 2/AdvancedGames/Assignment 2/Git/AdvGamesProgramming/GameFiles/Content/' took 5.37s
[2020.11.02-00.13.17:500][362]MapCheck: New page: Map Check
[2020.11.02-00.13.17:535][362]Cmd: MAP REBUILD ALLVISIBLE
[2020.11.02-00.13.17:536][362]LogEditorServer: Rebuildmap Clear paths rebuilt
[2020.11.02-00.13.17:633][362]LogWorld: UWorld::CleanupWorld for TestingMap, bSessionEnded=true, bCleanupResources=false
[2020.11.02-00.13.17:855][362]LogUObjectHash: Compacting FUObjectHashTables data took   2.09ms
[2020.11.02-00.13.17:874][362]LogMaterial: Display: Missing cached shader map for material DebugViewMode MaterialTexCoordScale, compiling. 
[2020.11.02-00.13.17:907][362]LogShaderCompilers: Display: Worker (1/5): shaders left to compile 2
[2020.11.02-00.13.17:908][362]LogShaderCompilers: Display: Worker (2/5): shaders left to compile 1
[2020.11.02-00.13.17:908][362]LogMaterial: Display: Missing cached shader map for material DebugViewMode MaterialTexCoordScale, compiling. 
[2020.11.02-00.13.17:938][362]LogShaderCompilers: Display: Worker (3/5): shaders left to compile 2
[2020.11.02-00.13.17:938][362]LogShaderCompilers: Display: Worker (4/5): shaders left to compile 1
[2020.11.02-00.13.17:938][362]LogMaterial: Display: Missing cached shader map for material DebugViewMode MaterialTexCoordScale, compiling. Is special engine material.
[2020.11.02-00.13.18:036][362]LogMaterial: Display: Missing cached shader map for material DebugViewMode MaterialTexCoordScale, compiling. 
[2020.11.02-00.13.18:076][362]LogMaterial: Display: Missing cached shader map for material DebugViewMode MaterialTexCoordScale, compiling. 
[2020.11.02-00.13.18:116][362]LogMaterial: Display: Missing cached shader map for material DebugViewMode MaterialTexCoordScale, compiling. 
[2020.11.02-00.13.26:040][362]LogShaderCompilers: Display: Worker (4/5): shaders left to compile 44
[2020.11.02-00.13.26:040][362]LogShaderCompilers: Display: Worker (2/5): shaders left to compile 43
[2020.11.02-00.13.26:040][362]LogShaderCompilers: Display: Worker (1/5): shaders left to compile 42
[2020.11.02-00.13.26:041][362]LogShaderCompilers: Display: Worker (3/5): shaders left to compile 41
[2020.11.02-00.13.26:041][362]LogShaderCompilers: Display: Worker (2/5): shaders left to compile 40
[2020.11.02-00.13.26:041][362]LogShaderCompilers: Display: Worker (4/5): shaders left to compile 39
[2020.11.02-00.13.26:041][362]LogShaderCompilers: Display: Worker (3/5): shaders left to compile 38
[2020.11.02-00.13.26:041][362]LogShaderCompilers: Display: Worker (1/5): shaders left to compile 37
[2020.11.02-00.13.26:041][362]LogShaderCompilers: Display: Worker (2/5): shaders left to compile 36
[2020.11.02-00.13.26:041][362]LogShaderCompilers: Display: Worker (1/5): shaders left to compile 35
[2020.11.02-00.13.26:041][362]LogShaderCompilers: Display: Worker (4/5): shaders left to compile 34
[2020.11.02-00.13.26:041][362]LogShaderCompilers: Display: Worker (3/5): shaders left to compile 33
[2020.11.02-00.13.26:042][362]LogShaderCompilers: Display: Worker (1/5): shaders left to compile 32
[2020.11.02-00.13.26:042][362]LogShaderCompilers: Display: Worker (2/5): shaders left to compile 31
[2020.11.02-00.13.26:042][362]LogShaderCompilers: Display: Worker (3/5): shaders left to compile 30
[2020.11.02-00.13.26:042][362]LogShaderCompilers: Display: Worker (4/5): shaders left to compile 29
[2020.11.02-00.13.26:042][362]LogShaderCompilers: Display: Worker (2/5): shaders left to compile 28
[2020.11.02-00.13.26:042][362]LogShaderCompilers: Display: Worker (1/5): shaders left to compile 27
[2020.11.02-00.13.26:042][362]LogShaderCompilers: Display: Worker (3/5): shaders left to compile 26
[2020.11.02-00.13.26:042][362]LogShaderCompilers: Display: Worker (4/5): shaders left to compile 25
[2020.11.02-00.13.26:042][362]LogShaderCompilers: Display: Worker (2/5): shaders left to compile 24
[2020.11.02-00.13.26:043][362]LogShaderCompilers: Display: Worker (1/5): shaders left to compile 23
[2020.11.02-00.13.26:043][362]LogShaderCompilers: Display: Worker (4/5): shaders left to compile 22
[2020.11.02-00.13.26:043][362]LogShaderCompilers: Display: Worker (3/5): shaders left to compile 21
[2020.11.02-00.13.26:043][362]LogShaderCompilers: Display: Worker (1/5): shaders left to compile 20
[2020.11.02-00.13.26:043][362]LogShaderCompilers: Display: Worker (2/5): shaders left to compile 19
[2020.11.02-00.13.26:043][362]LogShaderCompilers: Display: Worker (4/5): shaders left to compile 18
[2020.11.02-00.13.26:043][362]LogShaderCompilers: Display: Worker (3/5): shaders left to compile 17
[2020.11.02-00.13.26:043][362]LogShaderCompilers: Display: Worker (2/5): shaders left to compile 16
[2020.11.02-00.13.26:043][362]LogShaderCompilers: Display: Worker (1/5): shaders left to compile 15
[2020.11.02-00.13.26:044][362]LogShaderCompilers: Display: Worker (3/5): shaders left to compile 14
[2020.11.02-00.13.26:044][362]LogShaderCompilers: Display: Worker (4/5): shaders left to compile 13
[2020.11.02-00.13.26:044][362]LogShaderCompilers: Display: Worker (1/5): shaders left to compile 12
[2020.11.02-00.13.26:044][362]LogShaderCompilers: Display: Worker (2/5): shaders left to compile 11
[2020.11.02-00.13.26:044][362]LogShaderCompilers: Display: Worker (3/5): shaders left to compile 10
[2020.11.02-00.13.26:044][362]LogShaderCompilers: Display: Worker (4/5): shaders left to compile 9
[2020.11.02-00.13.26:045][362]LogShaderCompilers: Display: Worker (2/5): shaders left to compile 8
[2020.11.02-00.13.26:045][362]LogShaderCompilers: Display: Worker (1/5): shaders left to compile 7
[2020.11.02-00.13.26:045][362]LogShaderCompilers: Display: Worker (4/5): shaders left to compile 6
[2020.11.02-00.13.26:045][362]LogShaderCompilers: Display: Worker (3/5): shaders left to compile 5
[2020.11.02-00.13.26:045][362]LogShaderCompilers: Display: Worker (2/5): shaders left to compile 4
[2020.11.02-00.13.26:045][362]LogShaderCompilers: Display: Worker (1/5): shaders left to compile 3
[2020.11.02-00.13.26:046][362]LogShaderCompilers: Display: Worker (4/5): shaders left to compile 2
[2020.11.02-00.13.26:046][362]LogShaderCompilers: Display: Worker (3/5): shaders left to compile 1
[2020.11.02-00.13.26:046][362]TextureStreamingBuild: Display: Compiling optional shaders took 8.182 seconds.
[2020.11.02-00.13.26:185][362]LogLevel: Display: Export Material TexCoord Scales took 0.140 seconds.
[2020.11.02-00.13.26:192][362]TextureStreamingBuild: Display: Build Texture Streaming took 0.006 seconds.
[2020.11.02-00.13.26:222][362]LogUObjectHash: Compacting FUObjectHashTables data took   1.11ms
[2020.11.02-00.13.26:238][362]LightingResults: New page: Lighting Build - 2 Nov 2020, 10:13:26 pm
[2020.11.02-00.13.26:393][362]LogSwarmInterface: [OpenConnection] Registering TCP channel ...
[2020.11.02-00.13.26:718][362]LogSwarmInterface: [OpenConnection] Connecting to agent ...
[2020.11.02-00.13.26:758][362]LogSwarmInterface: [TryOpenConnection] Testing the Agent
[2020.11.02-00.13.27:798][362]LogSwarmInterface: [TryOpenConnection] Opening Connection to Agent
[2020.11.02-00.13.27:799][362]LogSwarmInterface: [TryOpenConnection] Local Process ID is 28288
[2020.11.02-00.13.31:676][362]LightingResults: Warning: No importance volume found and the scene is so large that the automatically synthesized volume will not yield good results.  Please add a tightly bounding lightmass importance volume to optimize your scene's quality and lighting build times.
[2020.11.02-00.13.31:750][362]LogStaticLightingSystem: Running Lightmass w/ ImmediateImport mode ENABLED
[2020.11.02-00.13.31:751][362]LogStaticLightingSystem: Running Lightmass w/ ImmediateProcess mode ENABLED
[2020.11.02-00.13.31:751][362]LogStaticLightingSystem: Running Lightmass w/ Sorting mode ENABLED
[2020.11.02-00.13.31:751][362]LogStaticLightingSystem: Running Lightmass w/ Mapping paddings ENABLED
[2020.11.02-00.13.31:752][362]LogStaticLightingSystem: Running Lightmass w/ Mapping debug paddings DISABLED
[2020.11.02-00.13.32:119][362]Cmd: MAP CHECK DONTDISPLAYDIALOG
[2020.11.02-00.13.32:119][362]MapCheck: New page: TestingMap - 2 Nov 2020, 10:13:32 pm
[2020.11.02-00.13.32:120][362]MapCheck: Error: WorldSettings_1 Maps need lighting rebuilt 
[2020.11.02-00.13.32:125][362]MapCheck: Map check complete: 1 Error(s), 0 Warning(s), took 6.014ms to complete.
[2020.11.02-00.13.32:130][362]LogEditorBuildUtils: Build time 0:14
[2020.11.02-00.13.32:208][362]LogMaterial: Display: Missing cached shader map for material FLightmassMaterialRenderer MaterialInstanceDynamic_0, compiling. 
[2020.11.02-00.13.32:245][362]LogShaderCompilers: Display: Worker (1/5): shaders left to compile 2
[2020.11.02-00.13.32:252][362]LogShaderCompilers: Display: Worker (2/5): shaders left to compile 1
[2020.11.02-00.13.32:253][362]LogMaterial: Display: Missing cached shader map for material FLightmassMaterialRenderer MaterialInstanceDynamic_0, compiling. 
[2020.11.02-00.13.32:359][362]LogShaderCompilers: Display: Worker (3/5): shaders left to compile 2
[2020.11.02-00.13.32:359][362]LogShaderCompilers: Display: Worker (4/5): shaders left to compile 1
[2020.11.02-00.13.32:406][363]LogMaterial: Display: Missing cached shader map for material FLightmassMaterialRenderer M_CobbleStone_Smooth_Inst, compiling. 
[2020.11.02-00.13.32:439][363]LogMaterial: Display: Missing cached shader map for material FLightmassMaterialRenderer M_CobbleStone_Smooth_Inst, compiling. 
[2020.11.02-00.13.34:330][364]LogShaderCompilers: Display: Worker (2/5): shaders left to compile 4
[2020.11.02-00.13.34:330][364]LogShaderCompilers: Display: Worker (4/5): shaders left to compile 2
[2020.11.02-00.13.34:330][364]LogShaderCompilers: Display: Worker (1/5): shaders left to compile 1
[2020.11.02-00.13.34:487][369]LogUObjectHash: Compacting FUObjectHashTables data took   1.57ms
[2020.11.02-00.13.39:603][763]LightingResults: Warning: <None> Object has overlapping UVs.
[2020.11.02-00.13.39:603][763]LightingResults: <None> Lightmap UV are overlapping by 1.0%. Please adjust content - Enable Error Coloring to visualize.
[2020.11.02-00.13.43:641][949]Job is a success!
[2020.11.02-00.13.44:326][950]LogVolumetricLightmapImport: Imported Volumetric Lightmap in 0.120s
[2020.11.02-00.13.44:326][950]LogVolumetricLightmapImport:      Indirection Texture 32x32x32 = 0.1Mb
[2020.11.02-00.13.44:326][950]LogVolumetricLightmapImport:      BrickData (all levels) 2.3Mb
[2020.11.02-00.13.44:326][950]LogVolumetricLightmapImport:      Bricks at depth
[2020.11.02-00.13.44:326][950]LogVolumetricLightmapImport:          0: 2.9% covering 100.0% of volume
[2020.11.02-00.13.44:326][950]LogVolumetricLightmapImport:          1: 19.6% covering 10.5% of volume
[2020.11.02-00.13.44:327][950]LogVolumetricLightmapImport:          2: 77.5% covering 0.7% of volume
[2020.11.02-00.13.44:327][950]LogVolumetricLightmapImport:      Bricks in each level
[2020.11.02-00.13.44:327][950]LogVolumetricLightmapImport:          TestingMap 			 276 bricks 	 100.0% (Persistent Level)
[2020.11.02-00.13.44:673][950]LogTexture: Display: Building textures: HQ_Lightmap0_1 (AutoDXT, 1024X1024)
[2020.11.02-00.13.44:685][950]LogTexture: Display: Building textures: LQ_Lightmap_0_1 (DXT1, 1024X1024)
[2020.11.02-00.13.44:690][950]LogTexture: Display: Building textures: HQ_Lightmap0_2 (AutoDXT, 256X256)
[2020.11.02-00.13.44:691][950]LogTexture: Display: Building textures: LQ_Lightmap_0_2 (DXT1, 256X256)
[2020.11.02-00.13.44:693][950]LogTexture: Display: Building textures: HQ_Lightmap0_3 (AutoDXT, 128X128)
[2020.11.02-00.13.44:695][950]LogTexture: Display: Building textures: LQ_Lightmap_0_3 (DXT1, 128X128)
[2020.11.02-00.13.44:698][950]LogTexture: Display: Building textures: HQ_Lightmap0_4 (AutoDXT, 64X64)
[2020.11.02-00.13.44:700][950]LogTexture: Display: Building textures: LQ_Lightmap_0_4 (DXT1, 64X64)
[2020.11.02-00.13.44:833][950]LogTexture: Display: Building textures: ShadowMapTexture2D_6 (G8, 32X32)
[2020.11.02-00.13.44:834][950]LogTexture: Display: Building textures: ShadowMapTexture2D_4 (G8, 64X64)
[2020.11.02-00.13.44:834][950]LogTexture: Display: Building textures: ShadowMapTexture2D_1 (G8, 128X128)
[2020.11.02-00.13.44:834][950]LogTexture: Display: Building textures: ShadowMapTexture2D_0 (G8, 256X512)
[2020.11.02-00.13.44:834][950]Lightmass on RAZER-BLADE-201: 9.29 sec total, 403 ms importing, 38 ms setup, 1.24 sec photons, 7.49 sec processing, 0 ms extra exporting [167/167 mappings]. Threads: 52.4 sec total, 4.27 sec processing.
[2020.11.02-00.13.44:836][950]LogStaticLightingSystem: TestingMap_BuiltData storing lightmap data for 18 meshes in 4 LightmapResourceClusters (4.5 Meshes per cluster).
[2020.11.02-00.13.44:918][950]LogUObjectHash: Compacting FUObjectHashTables data took   5.87ms
[2020.11.02-00.13.44:993][950]LogStaticLightingSystem: Illumination: 18.3 sec (299 ms encoding lightmaps, 80 ms encoding shadowmaps)
[2020.11.02-00.13.44:997][950]LogStaticLightingSystem: Lightmap texture memory:  2.2 MB (0.2 MB streaming, 2.0 MB non-streaming), 8 textures
[2020.11.02-00.13.45:002][950]LogStaticLightingSystem: Shadowmap texture memory: 0.2 MB (0.0 MB streaming, 0.2 MB non-streaming), 4 textures
[2020.11.02-00.13.45:785][950]DumpUnbuiltLightIteractions
[2020.11.02-00.13.45:785][950]Lights with unbuilt interactions: 0
[2020.11.02-00.13.45:786][950]
[2020.11.02-00.13.45:786][950]Primitives with unbuilt interactions: 0
[2020.11.02-00.13.46:151][951]Cmd: MAP CHECK NOTIFYRESULTS
[2020.11.02-00.13.46:151][951]MapCheck: New page: TestingMap - 2 Nov 2020, 10:13:46 pm
[2020.11.02-00.13.46:154][951]MapCheck: Map check complete: 0 Error(s), 0 Warning(s), took 3.23ms to complete.
[2020.11.02-00.13.52:195][418]LogTemp: Repeating last play command: Selected Viewport
[2020.11.02-00.13.52:273][418]LogBlueprintUserMessages: Early PlayInEditor Detection: Level '/Game/Levels/TestingMap.TestingMap:PersistentLevel' has LevelScriptBlueprint '/Game/Levels/TestingMap.TestingMap:PersistentLevel.TestingMap' with GeneratedClass '/Game/Levels/TestingMap.TestingMap_C' with ClassGeneratedBy '/Game/Levels/TestingMap.TestingMap:PersistentLevel.TestingMap'
[2020.11.02-00.13.52:286][418]LogPlayLevel: PlayLevel: No blueprints needed recompiling
[2020.11.02-00.13.52:288][418]PIE: New page: PIE session: TestingMap (2 Nov 2020, 10:13:52 pm)
[2020.11.02-00.13.52:293][418]LogOnline: OSS: Creating online subsystem instance for: NULL
[2020.11.02-00.13.52:299][418]LogOnline: OSS: TryLoadSubsystemAndSetDefault: Loaded subsystem for module [NULL]
[2020.11.02-00.13.52:306][418]LogPlayLevel: Creating play world package: /Game/Levels/UEDPIE_1_TestingMap
[2020.11.02-00.13.52:384][418]LogPlayLevel: PIE: StaticDuplicateObject took: (0.077893s)
[2020.11.02-00.13.52:386][418]LogAIModule: Creating AISystem for world TestingMap
[2020.11.02-00.13.52:389][418]LogPlayLevel: PIE: World Init took: (0.005223s)
[2020.11.02-00.13.52:392][418]LogPlayLevel: PIE: Created PIE world by copying editor world from /Game/Levels/TestingMap.TestingMap to /Game/Levels/UEDPIE_1_TestingMap.TestingMap (0.086468s)
[2020.11.02-00.13.52:434][418]LogUObjectHash: Compacting FUObjectHashTables data took   2.24ms
[2020.11.02-00.13.52:470][418]LogLoad: Game class is 'MultiplayerGameModeBlueprint_C'
[2020.11.02-00.13.52:489][418]LogWorld: Bringing World /Game/Levels/UEDPIE_1_TestingMap.TestingMap up for play (max tick rate 0) at 2020.11.02-11.13.52
[2020.11.02-00.13.52:490][418]LogWorld: Bringing up level for play took: 0.003798
[2020.11.02-00.13.52:496][418]LogNet: ReplicationDriverClass is null! Not using ReplicationDriver.
[2020.11.02-00.13.52:496][418]LogNetCore: DDoS detection status: detection enabled: 0 analytics enabled: 0
[2020.11.02-00.13.52:497][418]LogInit: WinSock: I am Razer-Blade-2017 (10.0.0.41:0)
[2020.11.02-00.13.52:498][418]LogInit: WinSock: Socket queue. Rx: 131072 (config 131072) Tx: 131072 (config 131072)
[2020.11.02-00.13.52:498][418]PacketHandlerLog: Loaded PacketHandler component: Engine.EngineHandlerComponentFactory (StatelessConnectHandlerComponent)
[2020.11.02-00.13.52:500][418]LogNet: GameNetDriver IpNetDriver_0 IpNetDriver listening on port 17777
[2020.11.02-00.13.52:500][418]LogGameMode: Display: Match State Changed from EnteringMap to WaitingToStart
[2020.11.02-00.13.52:501][418]LogTemp: Warning: X=1000.000 Y=-250.000 Z=50.000
[2020.11.02-00.13.52:625][418]LogGameState: Match State Changed from EnteringMap to WaitingToStart
[2020.11.02-00.13.52:626][418]PIE: Play in editor start time for /Game/Levels/UEDPIE_1_TestingMap 1.031
[2020.11.02-00.13.52:628][418]LogAudioMixer: Display: Audio Mixer Platform Settings:
[2020.11.02-00.13.52:628][418]LogAudioMixer: Display: 	Sample Rate:						  48000
[2020.11.02-00.13.52:629][418]LogAudioMixer: Display: 	Callback Buffer Frame Size Requested: 1024
[2020.11.02-00.13.52:629][418]LogAudioMixer: Display: 	Callback Buffer Frame Size To Use:	  1024
[2020.11.02-00.13.52:629][418]LogAudioMixer: Display: 	Number of buffers to queue:			  2
[2020.11.02-00.13.52:629][418]LogAudioMixer: Display: 	Max Channels (voices):				  32
[2020.11.02-00.13.52:629][418]LogAudioMixer: Display: 	Number of Async Source Workers:		  0
[2020.11.02-00.13.52:629][418]LogAudio: Display: AudioDevice MaxSources: 32
[2020.11.02-00.13.52:630][418]LogAudio: Display: Using built-in audio occlusion.
[2020.11.02-00.13.52:630][418]LogAudioMixer: Display: Initializing audio mixer.
[2020.11.02-00.13.52:748][418]LogAudioMixer: Display: Audio Device Output Speaker Info:
[2020.11.02-00.13.52:748][418]LogAudioMixer: Display: Name: Headphones (BLE_ATH-M50xBT Stereo)
[2020.11.02-00.13.52:748][418]LogAudioMixer: Display: Is Default: Yes
[2020.11.02-00.13.52:748][418]LogAudioMixer: Display: Sample Rate: 44100
[2020.11.02-00.13.52:749][418]LogAudioMixer: Display: Channel Count Used: 2
[2020.11.02-00.13.52:749][418]LogAudioMixer: Display: Device Channel Count: 2
[2020.11.02-00.13.52:749][418]LogAudioMixer: Display: Channel Order:
[2020.11.02-00.13.52:749][418]LogAudioMixer: Display: 0: FrontLeft
[2020.11.02-00.13.52:749][418]LogAudioMixer: Display: 1: FrontRight
[2020.11.02-00.13.52:767][418]LogAudioMixer: Display: Using Audio Device Headphones (BLE_ATH-M50xBT Stereo)
[2020.11.02-00.13.52:772][418]LogInit: FAudioDevice initialized.
[2020.11.02-00.13.52:790][418]LogNet: Browse: 127.0.0.1:17777//Game/Levels/TestingMap
[2020.11.02-00.13.52:791][418]LogInit: WinSock: Socket queue. Rx: 32768 (config 32768) Tx: 32768 (config 32768)
[2020.11.02-00.13.52:792][418]PacketHandlerLog: Loaded PacketHandler component: Engine.EngineHandlerComponentFactory (StatelessConnectHandlerComponent)
[2020.11.02-00.13.52:793][418]LogNet: Game client on port 17777, rate 10000
[2020.11.02-00.13.52:795][418]PIE: Play in editor start time for /Game/Levels/TestingMap 1.199
[2020.11.02-00.13.52:872][418]LogSlate: Updating window title bar state: overlay mode, drag disabled, window buttons hidden, title bar hidden
[2020.11.02-00.13.52:873][418]LogNet: Browse: 127.0.0.1:17777//Game/Levels/TestingMap
[2020.11.02-00.13.52:874][418]LogInit: WinSock: Socket queue. Rx: 32768 (config 32768) Tx: 32768 (config 32768)
[2020.11.02-00.13.52:875][418]PacketHandlerLog: Loaded PacketHandler component: Engine.EngineHandlerComponentFactory (StatelessConnectHandlerComponent)
[2020.11.02-00.13.52:875][418]LogNet: Game client on port 17777, rate 10000
[2020.11.02-00.13.52:878][418]PIE: Play in editor start time for /Game/Levels/TestingMap 1.284
[2020.11.02-00.13.52:895][418]LogBlueprintUserMessages: Late PlayInEditor Detection: Level '/Game/Levels/TestingMap.TestingMap:PersistentLevel' has LevelScriptBlueprint '/Game/Levels/TestingMap.TestingMap:PersistentLevel.TestingMap' with GeneratedClass '/Game/Levels/TestingMap.TestingMap_C' with ClassGeneratedBy '/Game/Levels/TestingMap.TestingMap:PersistentLevel.TestingMap'
[2020.11.02-00.13.52:897][418]LogNet: NotifyAcceptingConnection accepted from: 127.0.0.1:53011
[2020.11.02-00.13.52:899][418]LogHandshake: SendConnectChallenge. Timestamp: 0.008335, Cookie: 093241208239170043218235010098046050160108085180149200177059
[2020.11.02-00.13.52:899][418]LogNet: NotifyAcceptingConnection accepted from: 127.0.0.1:53012
[2020.11.02-00.13.52:899][418]LogHandshake: SendConnectChallenge. Timestamp: 0.008335, Cookie: 005098244101238103068058078097109182234004254226170217239231
[2020.11.02-00.13.52:927][418]LogOnline: OSS: Creating online subsystem instance for: :Context_1
[2020.11.02-00.13.52:937][418]LogHandshake: SendChallengeResponse. Timestamp: 0.008335, Cookie: 093241208239170043218235010098046050160108085180149200177059
[2020.11.02-00.13.52:940][418]LogHandshake: SendChallengeResponse. Timestamp: 0.008335, Cookie: 005098244101238103068058078097109182234004254226170217239231
[2020.11.02-00.13.53:001][419]LogNet: NotifyAcceptingConnection accepted from: 127.0.0.1:53011
[2020.11.02-00.13.53:001][419]LogHandshake: SendChallengeAck. InCookie: 093241208239170043218235010098046050160108085180149200177059
[2020.11.02-00.13.53:002][419]LogNet: Server accepting post-challenge connection from: 127.0.0.1:53011
[2020.11.02-00.13.53:003][419]PacketHandlerLog: Loaded PacketHandler component: Engine.EngineHandlerComponentFactory (StatelessConnectHandlerComponent)
[2020.11.02-00.13.53:003][419]LogNet: NotifyAcceptedConnection: Name: TestingMap, TimeStamp: 11/02/20 11:13:53, [UNetConnection] RemoteAddr: 127.0.0.1:53011, Name: IpConnection_2, Driver: GameNetDriver IpNetDriver_0, IsServer: YES, PC: NULL, Owner: NULL, UniqueId: INVALID
[2020.11.02-00.13.53:003][419]LogNet: AddClientConnection: Added client connection: [UNetConnection] RemoteAddr: 127.0.0.1:53011, Name: IpConnection_2, Driver: GameNetDriver IpNetDriver_0, IsServer: YES, PC: NULL, Owner: NULL, UniqueId: INVALID
[2020.11.02-00.13.53:003][419]LogNet: NotifyAcceptingConnection accepted from: 127.0.0.1:53012
[2020.11.02-00.13.53:004][419]LogHandshake: SendChallengeAck. InCookie: 005098244101238103068058078097109182234004254226170217239231
[2020.11.02-00.13.53:004][419]LogNet: Server accepting post-challenge connection from: 127.0.0.1:53012
[2020.11.02-00.13.53:005][419]PacketHandlerLog: Loaded PacketHandler component: Engine.EngineHandlerComponentFactory (StatelessConnectHandlerComponent)
[2020.11.02-00.13.53:005][419]LogNet: NotifyAcceptedConnection: Name: TestingMap, TimeStamp: 11/02/20 11:13:53, [UNetConnection] RemoteAddr: 127.0.0.1:53012, Name: IpConnection_3, Driver: GameNetDriver IpNetDriver_0, IsServer: YES, PC: NULL, Owner: NULL, UniqueId: INVALID
[2020.11.02-00.13.53:005][419]LogNet: AddClientConnection: Added client connection: [UNetConnection] RemoteAddr: 127.0.0.1:53012, Name: IpConnection_3, Driver: GameNetDriver IpNetDriver_0, IsServer: YES, PC: NULL, Owner: NULL, UniqueId: INVALID
[2020.11.02-00.13.53:010][419]LogNetVersion: AdvGamesProgramming 1.0.0.0, NetCL: 10570792, EngineNetVer: 13, GameNetVer: 0 (Checksum: 1585971074)
[2020.11.02-00.13.53:011][419]LogNet: UPendingNetGame::SendInitialJoin: Sending hello. [UNetConnection] RemoteAddr: 127.0.0.1:17777, Name: IpConnection_0, Driver: PendingNetDriver IpNetDriver_1, IsServer: NO, PC: NULL, Owner: NULL, UniqueId: INVALID
[2020.11.02-00.13.53:027][419]LogNet: UPendingNetGame::SendInitialJoin: Sending hello. [UNetConnection] RemoteAddr: 127.0.0.1:17777, Name: IpConnection_1, Driver: PendingNetDriver IpNetDriver_2, IsServer: NO, PC: NULL, Owner: NULL, UniqueId: INVALID
[2020.11.02-00.13.53:057][420]LogNet: NotifyAcceptingChannel Control 0 server World /Game/Levels/UEDPIE_1_TestingMap.TestingMap: Accepted
[2020.11.02-00.13.53:058][420]LogNet: Remote platform little endian=1
[2020.11.02-00.13.53:058][420]LogNet: This platform little endian=1
[2020.11.02-00.13.53:059][420]LogNet: NotifyAcceptingChannel Control 0 server World /Game/Levels/UEDPIE_1_TestingMap.TestingMap: Accepted
[2020.11.02-00.13.53:059][420]LogNet: Remote platform little endian=1
[2020.11.02-00.13.53:059][420]LogNet: This platform little endian=1
[2020.11.02-00.13.53:061][420]LogOnline: OSS: Creating online subsystem instance for: :Context_2
[2020.11.02-00.13.53:068][420]LogOnline: OSS: Creating online subsystem instance for: :Context_3
[2020.11.02-00.13.53:077][421]LogNet: Login request: /Game/Levels/TestingMap?Name=Razer-Blade-2017-239235CE474007C8F18A8694290DF74A userId: NULL:Razer-Blade-2017-239235CE474007C8F18A8694290DF74A platform: NULL
[2020.11.02-00.13.53:078][421]LogNet: Login request: /Game/Levels/TestingMap?Name=Razer-Blade-2017-C0B6E2F2449AA4FDA526BC981AEF6B5C userId: NULL:Razer-Blade-2017-C0B6E2F2449AA4FDA526BC981AEF6B5C platform: NULL
[2020.11.02-00.13.53:085][421]LogNet: Welcomed by server (Level: /Game/Levels/UEDPIE_1_TestingMap, Game: /Game/Blueprints/MultiplayerGameModeBlueprint.MultiplayerGameModeBlueprint_C)
[2020.11.02-00.13.53:087][421]LogLoad: LoadMap: 127.0.0.1:17777//Game/Levels/UEDPIE_1_TestingMap?game=/Game/Blueprints/MultiplayerGameModeBlueprint.MultiplayerGameModeBlueprint_C
[2020.11.02-00.13.53:087][421]LogWorld: BeginTearingDown for /Temp/Untitled_1
[2020.11.02-00.13.53:087][421]LogWorld: UWorld::CleanupWorld for Untitled, bSessionEnded=true, bCleanupResources=true
[2020.11.02-00.13.53:087][421]LogSlate: InvalidateAllWidgets triggered.  All widgets were invalidated
[2020.11.02-00.13.53:088][421]LogAudioMixer: Display: No commands were queued while flushing the source manager.
[2020.11.02-00.13.53:127][421]LogUObjectHash: Compacting FUObjectHashTables data took   2.25ms
[2020.11.02-00.13.53:161][421]LogAIModule: Creating AISystem for world TestingMap
[2020.11.02-00.13.53:165][421]LogWorld: Bringing World /Game/Levels/UEDPIE_2_TestingMap.TestingMap up for play (max tick rate 0) at 2020.11.02-11.13.53
[2020.11.02-00.13.53:167][421]LogWorld: Bringing up level for play took: 0.003252
[2020.11.02-00.13.53:167][421]LogNavigation: Warning: Was not able to create navigation data for SupportedAgent[0]: Default
[2020.11.02-00.13.53:168][421]LogLoad: Took 0.081357 seconds to LoadMap(/Game/Levels/UEDPIE_1_TestingMap)
[2020.11.02-00.13.53:169][421]LogNet: Welcomed by server (Level: /Game/Levels/UEDPIE_1_TestingMap, Game: /Game/Blueprints/MultiplayerGameModeBlueprint.MultiplayerGameModeBlueprint_C)
[2020.11.02-00.13.53:170][421]LogLoad: LoadMap: 127.0.0.1:17777//Game/Levels/UEDPIE_1_TestingMap?game=/Game/Blueprints/MultiplayerGameModeBlueprint.MultiplayerGameModeBlueprint_C
[2020.11.02-00.13.53:170][421]LogWorld: BeginTearingDown for /Temp/Untitled_2
[2020.11.02-00.13.53:170][421]LogWorld: UWorld::CleanupWorld for Untitled, bSessionEnded=true, bCleanupResources=true
[2020.11.02-00.13.53:170][421]LogSlate: InvalidateAllWidgets triggered.  All widgets were invalidated
[2020.11.02-00.13.53:171][421]LogAudioMixer: Display: No commands were queued while flushing the source manager.
[2020.11.02-00.13.53:214][421]LogUObjectHash: Compacting FUObjectHashTables data took   2.94ms
[2020.11.02-00.13.53:248][421]LogAIModule: Creating AISystem for world TestingMap
[2020.11.02-00.13.53:250][421]LogWorld: Bringing World /Game/Levels/UEDPIE_3_TestingMap.TestingMap up for play (max tick rate 0) at 2020.11.02-11.13.53
[2020.11.02-00.13.53:251][421]LogWorld: Bringing up level for play took: 0.001730
[2020.11.02-00.13.53:251][421]LogNavigation: Warning: Was not able to create navigation data for SupportedAgent[0]: Default
[2020.11.02-00.13.53:252][421]LogLoad: Took 0.081836 seconds to LoadMap(/Game/Levels/UEDPIE_1_TestingMap)
[2020.11.02-00.13.53:284][422]LogNet: Client netspeed is 10000
[2020.11.02-00.13.53:284][422]LogNet: Join request: /Game/Levels/TestingMap?Name=Razer-Blade-2017-239235CE474007C8F18A8694290DF74A?SplitscreenCount=1
[2020.11.02-00.13.53:285][422]LogOnlineSession: Warning: OSS: No game present to join for session (GameSession)
[2020.11.02-00.13.53:293][422]LogGameMode: Display: Match State Changed from WaitingToStart to InProgress
[2020.11.02-00.13.53:300][422]LogRenderer: Reallocating scene render targets to support 1280x720 Format 10 NumSamples 1 (Frame:1).
[2020.11.02-00.13.53:300][422]LogGameState: Match State Changed from WaitingToStart to InProgress
[2020.11.02-00.13.53:300][422]LogNet: Join succeeded: Razer-Blade-2017-239
[2020.11.02-00.13.53:300][422]LogNet: Client netspeed is 10000
[2020.11.02-00.13.53:301][422]LogNet: Join request: /Game/Levels/TestingMap?Name=Razer-Blade-2017-C0B6E2F2449AA4FDA526BC981AEF6B5C?SplitscreenCount=1
[2020.11.02-00.13.53:301][422]LogOnlineSession: Warning: OSS: No game present to join for session (GameSession)
[2020.11.02-00.13.53:305][422]LogNet: Join succeeded: Razer-Blade-2017-C0B
[2020.11.02-00.13.53:628][439]LogOnlineSession: Warning: OSS: No game present to join for session (GameSession)
[2020.11.02-00.13.53:756][447]LogTemp: Warning: X=1000.000 Y=-250.000 Z=50.000
[2020.11.02-00.13.53:762][447]LogTemp: Warning: HealthBar set to: 1.000000
[2020.11.02-00.14.54:900][447]LogNet: UNetDriver::TickDispatch: Very long time between ticks. DeltaTime: 0.01, Realtime: 61.16. IpNetDriver_2
[2020.11.02-00.14.54:905][447]LogTemp: Warning: X=1000.000 Y=-250.000 Z=50.000
[2020.11.02-00.14.54:910][447]LogTemp: Warning: HealthBar set to: 1.000000
[2020.11.02-00.14.55:030][448]LogNet: UNetDriver::TickDispatch: Very long time between ticks. DeltaTime: 61.19, Realtime: 61.28. IpNetDriver_0
[2020.11.02-00.14.55:035][448]LogNet: UNetDriver::TickDispatch: Very long time between ticks. DeltaTime: 61.19, Realtime: 61.28. IpNetDriver_1
[2020.11.02-00.14.55:038][448]LogNet: UNetDriver::TickDispatch: Very long time between ticks. DeltaTime: 61.19, Realtime: 0.14. IpNetDriver_2
[2020.11.02-00.14.55:291][449]LogOnlineSession: Warning: OSS: No game present to join for session (GameSession)
[2020.11.02-00.14.55:291][449]LogOnlineSession: Warning: OSS: No game present to join for session (GameSession)
[2020.11.02-00.14.55:324][449]LogOnlineSession: Warning: OSS: No game present to join for session (GameSession)
[2020.11.02-00.15.16:102][449]LogTemp: Resetting audio stream to device id 
[2020.11.02-00.15.16:491][449]LogAudioMixer: Display: Audio Device Output Speaker Info:
[2020.11.02-00.15.16:491][449]LogAudioMixer: Display: Name: Headphones (BLE_ATH-M50xBT Stereo)
[2020.11.02-00.15.16:491][449]LogAudioMixer: Display: Is Default: Yes
[2020.11.02-00.15.16:491][449]LogAudioMixer: Display: Sample Rate: 44100
[2020.11.02-00.15.16:491][449]LogAudioMixer: Display: Channel Count Used: 2
[2020.11.02-00.15.16:491][449]LogAudioMixer: Display: Device Channel Count: 2
[2020.11.02-00.15.16:491][449]LogAudioMixer: Display: Channel Order:
[2020.11.02-00.15.16:491][449]LogAudioMixer: Display: 0: FrontLeft
[2020.11.02-00.15.16:491][449]LogAudioMixer: Display: 1: FrontRight
[2020.11.02-00.15.16:658][450]LogNet: UNetDriver::TickDispatch: Very long time between ticks. DeltaTime: 21.37, Realtime: 21.38. IpNetDriver_0
[2020.11.02-00.15.16:664][450]LogNet: UNetDriver::TickDispatch: Very long time between ticks. DeltaTime: 21.37, Realtime: 21.37. IpNetDriver_1
[2020.11.02-00.15.21:526][450]LogWindows: Error: === Critical error: ===
[2020.11.02-00.15.21:526][450]LogWindows: Error: 
[2020.11.02-00.15.21:526][450]LogWindows: Error: Fatal error!
[2020.11.02-00.15.21:526][450]LogWindows: Error: 
[2020.11.02-00.15.21:526][450]LogWindows: Error: Unhandled Exception: EXCEPTION_ACCESS_VIOLATION reading address 0x00000097
[2020.11.02-00.15.21:526][450]LogWindows: Error: 
[2020.11.02-00.15.21:526][450]LogWindows: Error: [Callstack] 0x00007ffb1619627a UE4Editor-AdvGamesProgramming-0002.dll!USpawnerComponent::StartSpawn() [C:\Users\Pog\Documents\School\Year 4\Sem 2\AdvancedGames\Assignment 2\Git\AdvGamesProgramming\GameFiles\Source\AdvGamesProgramming\SpawnerComponent.cpp:48]
[2020.11.02-00.15.21:526][450]LogWindows: Error: [Callstack] 0x00007ffb16196d9e UE4Editor-AdvGamesProgramming-0002.dll!ASpawnerManager::TrySpawn() [C:\Users\Pog\Documents\School\Year 4\Sem 2\AdvancedGames\Assignment 2\Git\AdvGamesProgramming\GameFiles\Source\AdvGamesProgramming\SpawnerManager.cpp:53]
[2020.11.02-00.15.21:526][450]LogWindows: Error: [Callstack] 0x00007ffb295b1019 UE4Editor-Engine.dll!UnknownFunction []
[2020.11.02-00.15.21:527][450]LogWindows: Error: [Callstack] 0x00007ffb295e3bbd UE4Editor-Engine.dll!UnknownFunction []
[2020.11.02-00.15.21:527][450]LogWindows: Error: [Callstack] 0x00007ffb28d66839 UE4Editor-Engine.dll!UnknownFunction []
[2020.11.02-00.15.21:527][450]LogWindows: Error: [Callstack] 0x00007ffb25c7ad60 UE4Editor-UnrealEd.dll!UnknownFunction []
[2020.11.02-00.15.21:527][450]LogWindows: Error: [Callstack] 0x00007ffb264de476 UE4Editor-UnrealEd.dll!UnknownFunction []
[2020.11.02-00.15.21:527][450]LogWindows: Error: [Callstack] 0x00007ff7b2127f62 UE4Editor.exe!UnknownFunction []
[2020.11.02-00.15.21:527][450]LogWindows: Error: [Callstack] 0x00007ff7b213c3ec UE4Editor.exe!UnknownFunction []
[2020.11.02-00.15.21:527][450]LogWindows: Error: [Callstack] 0x00007ff7b213c4ca UE4Editor.exe!UnknownFunction []
[2020.11.02-00.15.21:527][450]LogWindows: Error: [Callstack] 0x00007ff7b214ceae UE4Editor.exe!UnknownFunction []
[2020.11.02-00.15.21:527][450]LogWindows: Error: [Callstack] 0x00007ff7b214fcbe UE4Editor.exe!UnknownFunction []
[2020.11.02-00.15.21:527][450]LogWindows: Error: [Callstack] 0x00007ffbcac77bd4 KERNEL32.DLL!UnknownFunction []
[2020.11.02-00.15.21:527][450]LogWindows: Error: [Callstack] 0x00007ffbcb54ce51 ntdll.dll!UnknownFunction []
[2020.11.02-00.15.21:527][450]LogWindows: Error: 
[2020.11.02-00.15.21:558][450]LogExit: Executing StaticShutdownAfterError
[2020.11.02-00.15.21:576][450]LogWindows: FPlatformMisc::RequestExit(1)
[2020.11.02-00.15.21:576][450]LogCore: Engine exit requested (reason: Win RequestExit)
[2020.11.02-00.15.21:583][450]Log file closed, 11/02/20 11:15:21
