Log file open, 10/15/20 12:59:52
LogWindows: Failed to load 'aqProf.dll' (GetLastError=126)
LogWindows: File 'aqProf.dll' does not exist
LogWindows: Failed to load 'VtuneApi.dll' (GetLastError=126)
LogWindows: File 'VtuneApi.dll' does not exist
LogWindows: Failed to load 'VtuneApi32e.dll' (GetLastError=126)
LogWindows: File 'VtuneApi32e.dll' does not exist
LogConsoleResponse: Display: Failed to find resolution value strings in scalability ini. Falling back to default.
LogInit: Display: Running engine for game: AdvGamesProgramming
LogPlatformFile: Not using cached read wrapper
LogTaskGraph: Started task graph with 5 named threads and 23 total threads with 3 sets of task threads.
LogStats: Stats thread started at 2.141562
LogD3D11RHI: Loaded GFSDK_Aftermath_Lib.x64.dll
LogICUInternationalization: ICU TimeZone Detection - Raw Offset: +10:00, Platform Override: ''
LogPluginManager: Mounting plugin Paper2D
LogPluginManager: Mounting plugin AISupport
LogPluginManager: Mounting plugin LightPropagationVolume
LogPluginManager: Mounting plugin ActorLayerUtilities
LogPluginManager: Mounting plugin AnimationSharing
LogPluginManager: Mounting plugin CLionSourceCodeAccess
LogPluginManager: Mounting plugin CodeLiteSourceCodeAccess
LogPluginManager: Mounting plugin GitSourceControl
LogPluginManager: Mounting plugin KDevelopSourceCodeAccess
LogPluginManager: Mounting plugin NullSourceCodeAccess
LogPluginManager: Mounting plugin PerforceSourceControl
LogPluginManager: Mounting plugin PlasticSourceControl
LogPluginManager: Mounting plugin SubversionSourceControl
LogPluginManager: Mounting plugin UObjectPlugin
LogPluginManager: Mounting plugin VisualStudioCodeSourceCodeAccess
LogPluginManager: Mounting plugin VisualStudioSourceCodeAccess
LogPluginManager: Mounting plugin XCodeSourceCodeAccess
LogPluginManager: Mounting plugin AssetManagerEditor
LogPluginManager: Mounting plugin CryptoKeys
LogPluginManager: Mounting plugin CurveEditorTools
LogPluginManager: Mounting plugin DataValidation
LogPluginManager: Mounting plugin FacialAnimation
LogPluginManager: Mounting plugin GameplayTagsEditor
LogPluginManager: Mounting plugin MacGraphicsSwitching
LogPluginManager: Mounting plugin MaterialAnalyzer
LogPluginManager: Mounting plugin MobileLauncherProfileWizard
LogPluginManager: Mounting plugin PluginBrowser
LogPluginManager: Mounting plugin SpeedTreeImporter
LogPluginManager: Mounting plugin DatasmithContent
LogPluginManager: Mounting plugin VariantManagerContent
LogPluginManager: Mounting plugin AlembicImporter
LogPluginManager: Mounting plugin AutomationUtils
LogPluginManager: Mounting plugin BackChannel
LogPluginManager: Mounting plugin CharacterAI
LogPluginManager: Mounting plugin GeometryCache
LogPluginManager: Mounting plugin PlatformCrypto
LogPluginManager: Mounting plugin ProxyLODPlugin
LogPluginManager: Mounting plugin SkeletalReduction
LogPluginManager: Mounting plugin MagicLeap
LogPluginManager: Mounting plugin MagicLeapMedia
LogPluginManager: Mounting plugin MLSDK
LogPluginManager: Mounting plugin AndroidMedia
LogPluginManager: Mounting plugin AvfMedia
LogPluginManager: Mounting plugin ImgMedia
LogPluginManager: Mounting plugin MediaCompositing
LogPluginManager: Mounting plugin MediaPlayerEditor
LogPluginManager: Mounting plugin WebMMedia
LogPluginManager: Mounting plugin WmfMedia
LogPluginManager: Mounting plugin TcpMessaging
LogPluginManager: Mounting plugin UdpMessaging
LogPluginManager: Mounting plugin ActorSequence
LogPluginManager: Mounting plugin LevelSequenceEditor
LogPluginManager: Mounting plugin MatineeToLevelSequence
LogPluginManager: Mounting plugin NetcodeUnitTest
LogPluginManager: Mounting plugin NUTUnrealEngine4
LogPluginManager: Mounting plugin OnlineSubsystemGooglePlay
LogPluginManager: Mounting plugin OnlineSubsystemIOS
LogPluginManager: Mounting plugin OnlineSubsystem
LogPluginManager: Mounting plugin OnlineSubsystemNull
LogPluginManager: Mounting plugin OnlineSubsystemUtils
LogPluginManager: Mounting plugin LauncherChunkInstaller
LogPluginManager: Mounting plugin AndroidDeviceProfileSelector
LogPluginManager: Mounting plugin AndroidMoviePlayer
LogPluginManager: Mounting plugin AndroidPermission
LogPluginManager: Mounting plugin AppleImageUtils
LogPluginManager: Mounting plugin AppleMoviePlayer
LogPluginManager: Mounting plugin ArchVisCharacter
LogPluginManager: Mounting plugin AssetTags
LogPluginManager: Mounting plugin AudioCapture
LogPluginManager: Mounting plugin CableComponent
LogPluginManager: Mounting plugin CustomMeshComponent
LogPluginManager: Mounting plugin EditableMesh
LogPluginManager: Mounting plugin ExampleDeviceProfileSelector
LogPluginManager: Mounting plugin GoogleCloudMessaging
LogPluginManager: Mounting plugin IOSDeviceProfileSelector
LogPluginManager: Mounting plugin LinuxDeviceProfileSelector
LogPluginManager: Mounting plugin LocationServicesBPLibrary
LogPluginManager: Mounting plugin MobilePatchingUtils
LogPluginManager: Mounting plugin PhysXVehicles
LogPluginManager: Mounting plugin PostSplashScreen
LogPluginManager: Mounting plugin ProceduralMeshComponent
LogPluginManager: Mounting plugin RuntimePhysXCooking
LogPluginManager: Mounting plugin SignificanceManager
LogPluginManager: Mounting plugin WebMMoviePlayer
LogPluginManager: Mounting plugin WindowsMoviePlayer
LogPluginManager: Mounting plugin ScreenshotTools
LogInit: Using libcurl 7.55.1-DEV
LogInit:  - built for x86_64-pc-win32
LogInit:  - supports SSL with OpenSSL/1.1.1
LogInit:  - supports HTTP deflate (compression) using libz 1.2.8
LogInit:  - other features:
LogInit:      CURL_VERSION_SSL
LogInit:      CURL_VERSION_LIBZ
LogInit:      CURL_VERSION_IPV6
LogInit:      CURL_VERSION_ASYNCHDNS
LogInit:      CURL_VERSION_LARGEFILE
LogInit:      CURL_VERSION_IDN
LogInit:  CurlRequestOptions (configurable via config and command line):
LogInit:  - bVerifyPeer = true  - Libcurl will verify peer certificate
LogInit:  - bUseHttpProxy = false  - Libcurl will NOT use HTTP proxy
LogInit:  - bDontReuseConnections = false  - Libcurl will reuse connections
LogInit:  - MaxHostConnections = 16  - Libcurl will limit the number of connections to a host
LogInit:  - LocalHostAddr = Default
LogInit:  - BufferSize = 65536
LogOnline: OSS: Creating online subsystem instance for: NULL
LogInit: WinSock: version 1.1 (2.2), MaxSocks=32767, MaxUdp=65467
LogOnline: OSS: TryLoadSubsystemAndSetDefault: Loaded subsystem for module [NULL]
LogInit: Build: ++UE4+Release-4.24-CL-11590370
LogInit: Engine Version: 4.24.3-11590370+++UE4+Release-4.24
LogInit: Compatible Engine Version: 4.24.0-10570792+++UE4+Release-4.24
LogInit: Net CL: 10570792
LogInit: OS: Windows 10 (Release 1903) (), CPU: Intel(R) Core(TM) i7-6700HQ CPU @ 2.60GHz, GPU: Intel(R) HD Graphics 530
LogInit: Compiled (64-bit): Feb 24 2020 15:39:18
LogInit: Compiled with Visual C++: 19.16.27032.01
LogInit: Build Configuration: Development
LogInit: Branch Name: ++UE4+Release-4.24
LogInit: Command Line:  -skipcompile
LogInit: Base Directory: C:/Program Files/Epic Games/UE_4.24/Engine/Binaries/Win64/
LogInit: Installed Engine Build: 1
LogDevObjectVersion: Number of dev versions registered: 25
LogDevObjectVersion:   Dev-Blueprints (B0D832E4-1F89-4F0D-ACCF-7EB736FD4AA2): 10
LogDevObjectVersion:   Dev-Build (E1C64328-A22C-4D53-A36C-8E866417BD8C): 0
LogDevObjectVersion:   Dev-Core (375EC13C-06E4-48FB-B500-84F0262A717E): 3
LogDevObjectVersion:   Dev-Editor (E4B068ED-F494-42E9-A231-DA0B2E46BB41): 37
LogDevObjectVersion:   Dev-Framework (CFFC743F-43B0-4480-9391-14DF171D2073): 36
LogDevObjectVersion:   Dev-Mobile (B02B49B5-BB20-44E9-A304-32B752E40360): 2
LogDevObjectVersion:   Dev-Networking (A4E4105C-59A1-49B5-A7C5-40C4547EDFEE): 0
LogDevObjectVersion:   Dev-Online (39C831C9-5AE6-47DC-9A44-9C173E1C8E7C): 0
LogDevObjectVersion:   Dev-Physics (78F01B33-EBEA-4F98-B9B4-84EACCB95AA2): 2
LogDevObjectVersion:   Dev-Platform (6631380F-2D4D-43E0-8009-CF276956A95A): 0
LogDevObjectVersion:   Dev-Rendering (12F88B9F-8875-4AFC-A67C-D90C383ABD29): 36
LogDevObjectVersion:   Dev-Sequencer (7B5AE74C-D270-4C10-A958-57980B212A5A): 11
LogDevObjectVersion:   Dev-VR (D7296918-1DD6-4BDD-9DE2-64A83CC13884): 2
LogDevObjectVersion:   Dev-LoadTimes (C2A15278-BFE7-4AFE-6C17-90FF531DF755): 1
LogDevObjectVersion:   Private-Geometry (6EACA3D4-40EC-4CC1-B786-8BED09428FC5): 3
LogDevObjectVersion:   Dev-AnimPhys (29E575DD-E0A3-4627-9D10-D276232CDCEA): 17
LogDevObjectVersion:   Dev-Anim (AF43A65D-7FD3-4947-9873-3E8ED9C1BB05): 2
LogDevObjectVersion:   Dev-ReflectionCapture (6B266CEC-1EC7-4B8F-A30B-E4D90942FC07): 1
LogDevObjectVersion:   Dev-Automation (0DF73D61-A23F-47EA-B727-89E90C41499A): 1
LogDevObjectVersion:   FortniteMain (601D1886-AC64-4F84-AA16-D3DE0DEAC7D6): 31
LogDevObjectVersion:   Dev-Enterprise (9DFFBCD6-494F-0158-E221-12823C92A888): 8
LogDevObjectVersion:   Dev-Niagara (F2AED0AC-9AFE-416F-8664-AA7FFA26D6FC): 1
LogDevObjectVersion:   Dev-Destruction (174F1F0B-B4C6-45A5-B13F-2EE8D0FB917D): 9
LogDevObjectVersion:   Dev-Physics-Ext (35F94A83-E258-406C-A318-09F59610247C): 8
LogDevObjectVersion:   Dev-CineCamera (B2E18506-4273-CFC2-A54E-F4BB758BBA07): 1
LogInit: Presizing for max 25165824 objects, including 0 objects not considered by GC, pre-allocating 0 bytes for permanent pool.
LogInit: Object subsystem initialized
LogConfig: Setting CVar [[con.DebugEarlyDefault:1]]
LogConfig: Setting CVar [[r.setres:1280x720]]
[2020.10.15-01.59.54:617][  0]LogConfig: Setting CVar [[r.VSync:0]]
[2020.10.15-01.59.54:618][  0]LogConfig: Setting CVar [[r.RHICmdBypass:0]]
[2020.10.15-01.59.54:619][  0]LogConfig: Applying CVar settings from Section [/Script/Engine.RendererSettings] File [C:/Users/Pog/Documents/School/Year 4/Sem 2/AdvancedGames/Assignment 2/Git/AdvGamesProgramming/GameFiles/Saved/Config/Windows/Engine.ini]
[2020.10.15-01.59.54:619][  0]LogConfig: Setting CVar [[r.GPUCrashDebugging:0]]
[2020.10.15-01.59.54:620][  0]LogConfig: Applying CVar settings from Section [/Script/Engine.RendererOverrideSettings] File [C:/Users/Pog/Documents/School/Year 4/Sem 2/AdvancedGames/Assignment 2/Git/AdvGamesProgramming/GameFiles/Saved/Config/Windows/Engine.ini]
[2020.10.15-01.59.54:620][  0]LogConfig: Applying CVar settings from Section [/Script/Engine.StreamingSettings] File [C:/Users/Pog/Documents/School/Year 4/Sem 2/AdvancedGames/Assignment 2/Git/AdvGamesProgramming/GameFiles/Saved/Config/Windows/Engine.ini]
[2020.10.15-01.59.54:621][  0]LogConfig: Setting CVar [[s.MinBulkDataSizeForAsyncLoading:131072]]
[2020.10.15-01.59.54:621][  0]LogConfig: Setting CVar [[s.AsyncLoadingThreadEnabled:0]]
[2020.10.15-01.59.54:621][  0]LogConfig: Setting CVar [[s.EventDrivenLoaderEnabled:1]]
[2020.10.15-01.59.54:622][  0]LogConfig: Setting CVar [[s.WarnIfTimeLimitExceeded:0]]
[2020.10.15-01.59.54:622][  0]LogConfig: Setting CVar [[s.TimeLimitExceededMultiplier:1.5]]
[2020.10.15-01.59.54:622][  0]LogConfig: Setting CVar [[s.TimeLimitExceededMinTime:0.005]]
[2020.10.15-01.59.54:622][  0]LogConfig: Setting CVar [[s.UseBackgroundLevelStreaming:1]]
[2020.10.15-01.59.54:622][  0]LogConfig: Setting CVar [[s.PriorityAsyncLoadingExtraTime:15.0]]
[2020.10.15-01.59.54:623][  0]LogConfig: Setting CVar [[s.LevelStreamingActorsUpdateTimeLimit:5.0]]
[2020.10.15-01.59.54:623][  0]LogConfig: Setting CVar [[s.PriorityLevelStreamingActorsUpdateExtraTime:5.0]]
[2020.10.15-01.59.54:623][  0]LogConfig: Setting CVar [[s.LevelStreamingComponentsRegistrationGranularity:10]]
[2020.10.15-01.59.54:623][  0]LogConfig: Setting CVar [[s.UnregisterComponentsTimeLimit:1.0]]
[2020.10.15-01.59.54:623][  0]LogConfig: Setting CVar [[s.LevelStreamingComponentsUnregistrationGranularity:5]]
[2020.10.15-01.59.54:623][  0]LogConfig: Setting CVar [[s.FlushStreamingOnExit:1]]
[2020.10.15-01.59.54:623][  0]LogConfig: Applying CVar settings from Section [/Script/Engine.GarbageCollectionSettings] File [C:/Users/Pog/Documents/School/Year 4/Sem 2/AdvancedGames/Assignment 2/Git/AdvGamesProgramming/GameFiles/Saved/Config/Windows/Engine.ini]
[2020.10.15-01.59.54:623][  0]LogConfig: Setting CVar [[gc.MaxObjectsNotConsideredByGC:1]]
[2020.10.15-01.59.54:623][  0]LogConfig: Setting CVar [[gc.SizeOfPermanentObjectPool:0]]
[2020.10.15-01.59.54:623][  0]LogConfig: Setting CVar [[gc.FlushStreamingOnGC:0]]
[2020.10.15-01.59.54:623][  0]LogConfig: Setting CVar [[gc.NumRetriesBeforeForcingGC:10]]
[2020.10.15-01.59.54:623][  0]LogConfig: Setting CVar [[gc.AllowParallelGC:1]]
[2020.10.15-01.59.54:624][  0]LogConfig: Setting CVar [[gc.TimeBetweenPurgingPendingKillObjects:61.1]]
[2020.10.15-01.59.54:624][  0]LogConfig: Setting CVar [[gc.MaxObjectsInEditor:25165824]]
[2020.10.15-01.59.54:624][  0]LogConfig: Setting CVar [[gc.IncrementalBeginDestroyEnabled:1]]
[2020.10.15-01.59.54:624][  0]LogConfig: Setting CVar [[gc.CreateGCClusters:1]]
[2020.10.15-01.59.54:624][  0]LogConfig: Setting CVar [[gc.MinGCClusterSize:5]]
[2020.10.15-01.59.54:624][  0]LogConfig: Setting CVar [[gc.ActorClusteringEnabled:0]]
[2020.10.15-01.59.54:624][  0]LogConfig: Setting CVar [[gc.BlueprintClusteringEnabled:0]]
[2020.10.15-01.59.54:624][  0]LogConfig: Setting CVar [[gc.UseDisregardForGCOnDedicatedServers:0]]
[2020.10.15-01.59.54:624][  0]LogConfig: Applying CVar settings from Section [/Script/Engine.NetworkSettings] File [C:/Users/Pog/Documents/School/Year 4/Sem 2/AdvancedGames/Assignment 2/Git/AdvGamesProgramming/GameFiles/Saved/Config/Windows/Engine.ini]
[2020.10.15-01.59.54:624][  0]LogConfig: Applying CVar settings from Section [/Script/UnrealEd.CookerSettings] File [C:/Users/Pog/Documents/School/Year 4/Sem 2/AdvancedGames/Assignment 2/Git/AdvGamesProgramming/GameFiles/Saved/Config/Windows/Engine.ini]
[2020.10.15-01.59.54:707][  0]LogConfig: Applying CVar settings from Section [ViewDistanceQuality@3] File [C:/Users/Pog/Documents/School/Year 4/Sem 2/AdvancedGames/Assignment 2/Git/AdvGamesProgramming/GameFiles/Saved/Config/Windows/Scalability.ini]
[2020.10.15-01.59.54:707][  0]LogConfig: Setting CVar [[r.SkeletalMeshLODBias:0]]
[2020.10.15-01.59.54:707][  0]LogConfig: Setting CVar [[r.ViewDistanceScale:1.0]]
[2020.10.15-01.59.54:708][  0]LogConfig: Applying CVar settings from Section [AntiAliasingQuality@3] File [C:/Users/Pog/Documents/School/Year 4/Sem 2/AdvancedGames/Assignment 2/Git/AdvGamesProgramming/GameFiles/Saved/Config/Windows/Scalability.ini]
[2020.10.15-01.59.54:708][  0]LogConfig: Setting CVar [[r.PostProcessAAQuality:4]]
[2020.10.15-01.59.54:708][  0]LogConfig: Applying CVar settings from Section [ShadowQuality@3] File [C:/Users/Pog/Documents/School/Year 4/Sem 2/AdvancedGames/Assignment 2/Git/AdvGamesProgramming/GameFiles/Saved/Config/Windows/Scalability.ini]
[2020.10.15-01.59.54:708][  0]LogConfig: Setting CVar [[r.LightFunctionQuality:1]]
[2020.10.15-01.59.54:708][  0]LogConfig: Setting CVar [[r.ShadowQuality:5]]
[2020.10.15-01.59.54:708][  0]LogConfig: Setting CVar [[r.Shadow.CSM.MaxCascades:10]]
[2020.10.15-01.59.54:708][  0]LogConfig: Setting CVar [[r.Shadow.MaxResolution:2048]]
[2020.10.15-01.59.54:709][  0]LogConfig: Setting CVar [[r.Shadow.MaxCSMResolution:2048]]
[2020.10.15-01.59.54:709][  0]LogConfig: Setting CVar [[r.Shadow.RadiusThreshold:0.01]]
[2020.10.15-01.59.54:709][  0]LogConfig: Setting CVar [[r.Shadow.DistanceScale:1.0]]
[2020.10.15-01.59.54:709][  0]LogConfig: Setting CVar [[r.Shadow.CSM.TransitionScale:1.0]]
[2020.10.15-01.59.54:709][  0]LogConfig: Setting CVar [[r.Shadow.PreShadowResolutionFactor:1.0]]
[2020.10.15-01.59.54:709][  0]LogConfig: Setting CVar [[r.DistanceFieldShadowing:1]]
[2020.10.15-01.59.54:709][  0]LogConfig: Setting CVar [[r.DistanceFieldAO:1]]
[2020.10.15-01.59.54:709][  0]LogConfig: Setting CVar [[r.AOQuality:2]]
[2020.10.15-01.59.54:710][  0]LogConfig: Setting CVar [[r.VolumetricFog:1]]
[2020.10.15-01.59.54:710][  0]LogConfig: Setting CVar [[r.VolumetricFog.GridPixelSize:8]]
[2020.10.15-01.59.54:710][  0]LogConfig: Setting CVar [[r.VolumetricFog.GridSizeZ:128]]
[2020.10.15-01.59.54:736][  0]LogConfig: Setting CVar [[r.VolumetricFog.HistoryMissSupersampleCount:4]]
[2020.10.15-01.59.54:743][  0]LogConfig: Setting CVar [[r.LightMaxDrawDistanceScale:1]]
[2020.10.15-01.59.54:744][  0]LogConfig: Setting CVar [[r.CapsuleShadows:1]]
[2020.10.15-01.59.54:744][  0]LogConfig: Applying CVar settings from Section [PostProcessQuality@3] File [C:/Users/Pog/Documents/School/Year 4/Sem 2/AdvancedGames/Assignment 2/Git/AdvGamesProgramming/GameFiles/Saved/Config/Windows/Scalability.ini]
[2020.10.15-01.59.54:744][  0]LogConfig: Setting CVar [[r.MotionBlurQuality:4]]
[2020.10.15-01.59.54:749][  0]LogConfig: Setting CVar [[r.AmbientOcclusionMipLevelFactor:0.4]]
[2020.10.15-01.59.54:749][  0]LogConfig: Setting CVar [[r.AmbientOcclusionMaxQuality:100]]
[2020.10.15-01.59.54:751][  0]LogConfig: Setting CVar [[r.AmbientOcclusionLevels:-1]]
[2020.10.15-01.59.54:753][  0]LogConfig: Setting CVar [[r.AmbientOcclusionRadiusScale:1.0]]
[2020.10.15-01.59.54:753][  0]LogConfig: Setting CVar [[r.DepthOfFieldQuality:2]]
[2020.10.15-01.59.54:753][  0]LogConfig: Setting CVar [[r.RenderTargetPoolMin:400]]
[2020.10.15-01.59.54:753][  0]LogConfig: Setting CVar [[r.LensFlareQuality:2]]
[2020.10.15-01.59.54:753][  0]LogConfig: Setting CVar [[r.SceneColorFringeQuality:1]]
[2020.10.15-01.59.54:754][  0]LogConfig: Setting CVar [[r.EyeAdaptationQuality:2]]
[2020.10.15-01.59.54:758][  0]LogConfig: Setting CVar [[r.BloomQuality:5]]
[2020.10.15-01.59.54:759][  0]LogConfig: Setting CVar [[r.FastBlurThreshold:100]]
[2020.10.15-01.59.54:759][  0]LogConfig: Setting CVar [[r.Upscale.Quality:3]]
[2020.10.15-01.59.54:759][  0]LogConfig: Setting CVar [[r.Tonemapper.GrainQuantization:1]]
[2020.10.15-01.59.54:759][  0]LogConfig: Setting CVar [[r.LightShaftQuality:1]]
[2020.10.15-01.59.54:759][  0]LogConfig: Setting CVar [[r.Filter.SizeScale:1]]
[2020.10.15-01.59.54:759][  0]LogConfig: Setting CVar [[r.Tonemapper.Quality:5]]
[2020.10.15-01.59.54:760][  0]LogConfig: Setting CVar [[r.DOF.Gather.AccumulatorQuality:1        ; higher gathering accumulator quality]]
[2020.10.15-01.59.54:760][  0]LogConfig: Setting CVar [[r.DOF.Gather.PostfilterMethod:1          ; Median3x3 postfilering method]]
[2020.10.15-01.59.54:760][  0]LogConfig: Setting CVar [[r.DOF.Gather.EnableBokehSettings:0       ; no bokeh simulation when gathering]]
[2020.10.15-01.59.54:762][  0]LogConfig: Setting CVar [[r.DOF.Gather.RingCount:4                 ; medium number of samples when gathering]]
[2020.10.15-01.59.54:762][  0]LogConfig: Setting CVar [[r.DOF.Scatter.ForegroundCompositing:1    ; additive foreground scattering]]
[2020.10.15-01.59.54:762][  0]LogConfig: Setting CVar [[r.DOF.Scatter.BackgroundCompositing:2    ; additive background scattering]]
[2020.10.15-01.59.54:762][  0]LogConfig: Setting CVar [[r.DOF.Scatter.EnableBokehSettings:1      ; bokeh simulation when scattering]]
[2020.10.15-01.59.54:763][  0]LogConfig: Setting CVar [[r.DOF.Scatter.MaxSpriteRatio:0.1         ; only a maximum of 10% of scattered bokeh]]
[2020.10.15-01.59.54:763][  0]LogConfig: Setting CVar [[r.DOF.Recombine.Quality:1                ; cheap slight out of focus]]
[2020.10.15-01.59.54:763][  0]LogConfig: Setting CVar [[r.DOF.Recombine.EnableBokehSettings:0    ; no bokeh simulation on slight out of focus]]
[2020.10.15-01.59.54:764][  0]LogConfig: Setting CVar [[r.DOF.TemporalAAQuality:1                ; more stable temporal accumulation]]
[2020.10.15-01.59.54:765][  0]LogConfig: Setting CVar [[r.DOF.Kernel.MaxForegroundRadius:0.025]]
[2020.10.15-01.59.54:767][  0]LogConfig: Setting CVar [[r.DOF.Kernel.MaxBackgroundRadius:0.025]]
[2020.10.15-01.59.54:769][  0]LogConfig: Applying CVar settings from Section [TextureQuality@3] File [C:/Users/Pog/Documents/School/Year 4/Sem 2/AdvancedGames/Assignment 2/Git/AdvGamesProgramming/GameFiles/Saved/Config/Windows/Scalability.ini]
[2020.10.15-01.59.54:770][  0]LogConfig: Setting CVar [[r.Streaming.MipBias:0]]
[2020.10.15-01.59.54:772][  0]LogConfig: Setting CVar [[r.Streaming.AmortizeCPUToGPUCopy:0]]
[2020.10.15-01.59.54:774][  0]LogConfig: Setting CVar [[r.Streaming.MaxNumTexturesToStreamPerFrame:0]]
[2020.10.15-01.59.54:774][  0]LogConfig: Setting CVar [[r.Streaming.Boost:1]]
[2020.10.15-01.59.54:774][  0]LogConfig: Setting CVar [[r.MaxAnisotropy:8]]
[2020.10.15-01.59.54:774][  0]LogConfig: Setting CVar [[r.VT.MaxAnisotropy:8]]
[2020.10.15-01.59.54:775][  0]LogConfig: Setting CVar [[r.Streaming.LimitPoolSizeToVRAM:0]]
[2020.10.15-01.59.54:776][  0]LogConfig: Setting CVar [[r.Streaming.PoolSize:1000]]
[2020.10.15-01.59.54:776][  0]LogConfig: Setting CVar [[r.Streaming.MaxEffectiveScreenSize:0]]
[2020.10.15-01.59.54:777][  0]LogConfig: Applying CVar settings from Section [EffectsQuality@3] File [C:/Users/Pog/Documents/School/Year 4/Sem 2/AdvancedGames/Assignment 2/Git/AdvGamesProgramming/GameFiles/Saved/Config/Windows/Scalability.ini]
[2020.10.15-01.59.54:777][  0]LogConfig: Setting CVar [[r.TranslucencyLightingVolumeDim:64]]
[2020.10.15-01.59.54:777][  0]LogConfig: Setting CVar [[r.RefractionQuality:2]]
[2020.10.15-01.59.54:777][  0]LogConfig: Setting CVar [[r.SSR.Quality:3]]
[2020.10.15-01.59.54:778][  0]LogConfig: Setting CVar [[r.SSR.HalfResSceneColor:0]]
[2020.10.15-01.59.54:778][  0]LogConfig: Setting CVar [[r.SceneColorFormat:4]]
[2020.10.15-01.59.54:779][  0]LogConfig: Setting CVar [[r.DetailMode:2]]
[2020.10.15-01.59.54:779][  0]LogConfig: Setting CVar [[r.TranslucencyVolumeBlur:1]]
[2020.10.15-01.59.54:780][  0]LogConfig: Setting CVar [[r.MaterialQualityLevel:1 ; High quality]]
[2020.10.15-01.59.54:780][  0]LogConfig: Setting CVar [[r.SSS.Scale:1]]
[2020.10.15-01.59.54:781][  0]LogConfig: Setting CVar [[r.SSS.SampleSet:2]]
[2020.10.15-01.59.54:782][  0]LogConfig: Setting CVar [[r.SSS.Quality:1]]
[2020.10.15-01.59.54:783][  0]LogConfig: Setting CVar [[r.SSS.HalfRes:1]]
[2020.10.15-01.59.54:783][  0]LogConfig: Setting CVar [[r.SSGI.Quality:3]]
[2020.10.15-01.59.54:784][  0]LogConfig: Setting CVar [[r.EmitterSpawnRateScale:1.0]]
[2020.10.15-01.59.54:784][  0]LogConfig: Setting CVar [[r.ParticleLightQuality:2]]
[2020.10.15-01.59.54:784][  0]LogConfig: Setting CVar [[r.SkyAtmosphere.AerialPerspectiveLUT.FastApplyOnOpaque:1 ; Always have FastSkyLUT 1 in this case to avoid wrong sky]]
[2020.10.15-01.59.54:785][  0]LogConfig: Setting CVar [[r.SkyAtmosphere.AerialPerspectiveLUT.SampleCountPerSlice:1]]
[2020.10.15-01.59.54:786][  0]LogConfig: Setting CVar [[r.SkyAtmosphere.AerialPerspectiveLUT.DepthResolution:16.0]]
[2020.10.15-01.59.54:786][  0]LogConfig: Setting CVar [[r.SkyAtmosphere.FastSkyLUT:1]]
[2020.10.15-01.59.54:786][  0]LogConfig: Setting CVar [[r.SkyAtmosphere.FastSkyLUT.SampleCountMin:4.0]]
[2020.10.15-01.59.54:786][  0]LogConfig: Setting CVar [[r.SkyAtmosphere.FastSkyLUT.SampleCountMax:32.0]]
[2020.10.15-01.59.54:787][  0]LogConfig: Setting CVar [[r.SkyAtmosphere.SampleCountMin:4.0]]
[2020.10.15-01.59.54:787][  0]LogConfig: Setting CVar [[r.SkyAtmosphere.SampleCountMax:32.0]]
[2020.10.15-01.59.54:788][  0]LogConfig: Setting CVar [[r.SkyAtmosphere.TransmittanceLUT.UseSmallFormat:0]]
[2020.10.15-01.59.54:788][  0]LogConfig: Setting CVar [[r.SkyAtmosphere.TransmittanceLUT.SampleCount:10.0]]
[2020.10.15-01.59.54:788][  0]LogConfig: Setting CVar [[r.SkyAtmosphere.MultiScatteringLUT.SampleCount:15.0]]
[2020.10.15-01.59.54:788][  0]LogConfig: Applying CVar settings from Section [FoliageQuality@3] File [C:/Users/Pog/Documents/School/Year 4/Sem 2/AdvancedGames/Assignment 2/Git/AdvGamesProgramming/GameFiles/Saved/Config/Windows/Scalability.ini]
[2020.10.15-01.59.54:790][  0]LogConfig: Setting CVar [[foliage.DensityScale:1.0]]
[2020.10.15-01.59.54:790][  0]LogConfig: Setting CVar [[grass.DensityScale:1.0]]
[2020.10.15-01.59.54:792][  0]LogConfig: Applying CVar settings from Section [ShadingQuality@3] File [C:/Users/Pog/Documents/School/Year 4/Sem 2/AdvancedGames/Assignment 2/Git/AdvGamesProgramming/GameFiles/Saved/Config/Windows/Scalability.ini]
[2020.10.15-01.59.54:792][  0]LogConfig: Setting CVar [[r.HairStrands.SkyLighting.SampleCount:16]]
[2020.10.15-01.59.54:793][  0]LogConfig: Setting CVar [[r.HairStrands.SkyLighting.JitterIntegration:0]]
[2020.10.15-01.59.54:793][  0]LogConfig: Setting CVar [[r.HairStrands.SkyAO.SampleCount:16]]
[2020.10.15-01.59.54:793][  0]LogInit: Selected Device Profile: [Windows]
[2020.10.15-01.59.54:793][  0]LogInit: Applying CVar settings loaded from the selected device profile: [Windows]
[2020.10.15-01.59.54:801][  0]LogHAL: Display: Platform has ~ 16 GB [17067356160 / 17179869184 / 16], which maps to Larger [LargestMinGB=32, LargerMinGB=12, DefaultMinGB=8, SmallerMinGB=6, SmallestMinGB=0)
[2020.10.15-01.59.54:802][  0]LogInit: Going up to parent DeviceProfile []
[2020.10.15-01.59.54:802][  0]LogConfig: Applying CVar settings from Section [ViewDistanceQuality@3] File [C:/Users/Pog/Documents/School/Year 4/Sem 2/AdvancedGames/Assignment 2/Git/AdvGamesProgramming/GameFiles/Saved/Config/Windows/Scalability.ini]
[2020.10.15-01.59.54:802][  0]LogConfig: Setting CVar [[r.SkeletalMeshLODBias:0]]
[2020.10.15-01.59.54:802][  0]LogConfig: Setting CVar [[r.ViewDistanceScale:1.0]]
[2020.10.15-01.59.54:802][  0]LogConfig: Applying CVar settings from Section [AntiAliasingQuality@3] File [C:/Users/Pog/Documents/School/Year 4/Sem 2/AdvancedGames/Assignment 2/Git/AdvGamesProgramming/GameFiles/Saved/Config/Windows/Scalability.ini]
[2020.10.15-01.59.54:802][  0]LogConfig: Setting CVar [[r.PostProcessAAQuality:4]]
[2020.10.15-01.59.54:802][  0]LogConfig: Applying CVar settings from Section [ShadowQuality@3] File [C:/Users/Pog/Documents/School/Year 4/Sem 2/AdvancedGames/Assignment 2/Git/AdvGamesProgramming/GameFiles/Saved/Config/Windows/Scalability.ini]
[2020.10.15-01.59.54:802][  0]LogConfig: Setting CVar [[r.LightFunctionQuality:1]]
[2020.10.15-01.59.54:802][  0]LogConfig: Setting CVar [[r.ShadowQuality:5]]
[2020.10.15-01.59.54:803][  0]LogConfig: Setting CVar [[r.Shadow.CSM.MaxCascades:10]]
[2020.10.15-01.59.54:804][  0]LogConfig: Setting CVar [[r.Shadow.MaxResolution:2048]]
[2020.10.15-01.59.54:805][  0]LogConfig: Setting CVar [[r.Shadow.MaxCSMResolution:2048]]
[2020.10.15-01.59.54:807][  0]LogConfig: Setting CVar [[r.Shadow.RadiusThreshold:0.01]]
[2020.10.15-01.59.54:808][  0]LogConfig: Setting CVar [[r.Shadow.DistanceScale:1.0]]
[2020.10.15-01.59.54:808][  0]LogConfig: Setting CVar [[r.Shadow.CSM.TransitionScale:1.0]]
[2020.10.15-01.59.54:810][  0]LogConfig: Setting CVar [[r.Shadow.PreShadowResolutionFactor:1.0]]
[2020.10.15-01.59.54:811][  0]LogConfig: Setting CVar [[r.DistanceFieldShadowing:1]]
[2020.10.15-01.59.54:812][  0]LogConfig: Setting CVar [[r.DistanceFieldAO:1]]
[2020.10.15-01.59.54:812][  0]LogConfig: Setting CVar [[r.AOQuality:2]]
[2020.10.15-01.59.54:813][  0]LogConfig: Setting CVar [[r.VolumetricFog:1]]
[2020.10.15-01.59.54:813][  0]LogConfig: Setting CVar [[r.VolumetricFog.GridPixelSize:8]]
[2020.10.15-01.59.54:813][  0]LogConfig: Setting CVar [[r.VolumetricFog.GridSizeZ:128]]
[2020.10.15-01.59.54:813][  0]LogConfig: Setting CVar [[r.VolumetricFog.HistoryMissSupersampleCount:4]]
[2020.10.15-01.59.54:814][  0]LogConfig: Setting CVar [[r.LightMaxDrawDistanceScale:1]]
[2020.10.15-01.59.54:814][  0]LogConfig: Setting CVar [[r.CapsuleShadows:1]]
[2020.10.15-01.59.54:814][  0]LogConfig: Applying CVar settings from Section [PostProcessQuality@3] File [C:/Users/Pog/Documents/School/Year 4/Sem 2/AdvancedGames/Assignment 2/Git/AdvGamesProgramming/GameFiles/Saved/Config/Windows/Scalability.ini]
[2020.10.15-01.59.54:814][  0]LogConfig: Setting CVar [[r.MotionBlurQuality:4]]
[2020.10.15-01.59.54:814][  0]LogConfig: Setting CVar [[r.AmbientOcclusionMipLevelFactor:0.4]]
[2020.10.15-01.59.54:814][  0]LogConfig: Setting CVar [[r.AmbientOcclusionMaxQuality:100]]
[2020.10.15-01.59.54:815][  0]LogConfig: Setting CVar [[r.AmbientOcclusionLevels:-1]]
[2020.10.15-01.59.54:816][  0]LogConfig: Setting CVar [[r.AmbientOcclusionRadiusScale:1.0]]
[2020.10.15-01.59.54:817][  0]LogConfig: Setting CVar [[r.DepthOfFieldQuality:2]]
[2020.10.15-01.59.54:818][  0]LogConfig: Setting CVar [[r.RenderTargetPoolMin:400]]
[2020.10.15-01.59.54:818][  0]LogConfig: Setting CVar [[r.LensFlareQuality:2]]
[2020.10.15-01.59.54:818][  0]LogConfig: Setting CVar [[r.SceneColorFringeQuality:1]]
[2020.10.15-01.59.54:819][  0]LogConfig: Setting CVar [[r.EyeAdaptationQuality:2]]
[2020.10.15-01.59.54:819][  0]LogConfig: Setting CVar [[r.BloomQuality:5]]
[2020.10.15-01.59.54:819][  0]LogConfig: Setting CVar [[r.FastBlurThreshold:100]]
[2020.10.15-01.59.54:819][  0]LogConfig: Setting CVar [[r.Upscale.Quality:3]]
[2020.10.15-01.59.54:819][  0]LogConfig: Setting CVar [[r.Tonemapper.GrainQuantization:1]]
[2020.10.15-01.59.54:819][  0]LogConfig: Setting CVar [[r.LightShaftQuality:1]]
[2020.10.15-01.59.54:819][  0]LogConfig: Setting CVar [[r.Filter.SizeScale:1]]
[2020.10.15-01.59.54:820][  0]LogConfig: Setting CVar [[r.Tonemapper.Quality:5]]
[2020.10.15-01.59.54:820][  0]LogConfig: Setting CVar [[r.DOF.Gather.AccumulatorQuality:1        ; higher gathering accumulator quality]]
[2020.10.15-01.59.54:821][  0]LogConfig: Setting CVar [[r.DOF.Gather.PostfilterMethod:1          ; Median3x3 postfilering method]]
[2020.10.15-01.59.54:822][  0]LogConfig: Setting CVar [[r.DOF.Gather.EnableBokehSettings:0       ; no bokeh simulation when gathering]]
[2020.10.15-01.59.54:822][  0]LogConfig: Setting CVar [[r.DOF.Gather.RingCount:4                 ; medium number of samples when gathering]]
[2020.10.15-01.59.54:822][  0]LogConfig: Setting CVar [[r.DOF.Scatter.ForegroundCompositing:1    ; additive foreground scattering]]
[2020.10.15-01.59.54:823][  0]LogConfig: Setting CVar [[r.DOF.Scatter.BackgroundCompositing:2    ; additive background scattering]]
[2020.10.15-01.59.54:824][  0]LogConfig: Setting CVar [[r.DOF.Scatter.EnableBokehSettings:1      ; bokeh simulation when scattering]]
[2020.10.15-01.59.54:824][  0]LogConfig: Setting CVar [[r.DOF.Scatter.MaxSpriteRatio:0.1         ; only a maximum of 10% of scattered bokeh]]
[2020.10.15-01.59.54:824][  0]LogConfig: Setting CVar [[r.DOF.Recombine.Quality:1                ; cheap slight out of focus]]
[2020.10.15-01.59.54:824][  0]LogConfig: Setting CVar [[r.DOF.Recombine.EnableBokehSettings:0    ; no bokeh simulation on slight out of focus]]
[2020.10.15-01.59.54:824][  0]LogConfig: Setting CVar [[r.DOF.TemporalAAQuality:1                ; more stable temporal accumulation]]
[2020.10.15-01.59.54:825][  0]LogConfig: Setting CVar [[r.DOF.Kernel.MaxForegroundRadius:0.025]]
[2020.10.15-01.59.54:826][  0]LogConfig: Setting CVar [[r.DOF.Kernel.MaxBackgroundRadius:0.025]]
[2020.10.15-01.59.54:826][  0]LogConfig: Applying CVar settings from Section [TextureQuality@3] File [C:/Users/Pog/Documents/School/Year 4/Sem 2/AdvancedGames/Assignment 2/Git/AdvGamesProgramming/GameFiles/Saved/Config/Windows/Scalability.ini]
[2020.10.15-01.59.54:826][  0]LogConfig: Setting CVar [[r.Streaming.MipBias:0]]
[2020.10.15-01.59.54:826][  0]LogConfig: Setting CVar [[r.Streaming.AmortizeCPUToGPUCopy:0]]
[2020.10.15-01.59.54:827][  0]LogConfig: Setting CVar [[r.Streaming.MaxNumTexturesToStreamPerFrame:0]]
[2020.10.15-01.59.54:827][  0]LogConfig: Setting CVar [[r.Streaming.Boost:1]]
[2020.10.15-01.59.54:827][  0]LogConfig: Setting CVar [[r.MaxAnisotropy:8]]
[2020.10.15-01.59.54:827][  0]LogConfig: Setting CVar [[r.VT.MaxAnisotropy:8]]
[2020.10.15-01.59.54:827][  0]LogConfig: Setting CVar [[r.Streaming.LimitPoolSizeToVRAM:0]]
[2020.10.15-01.59.54:827][  0]LogConfig: Setting CVar [[r.Streaming.PoolSize:1000]]
[2020.10.15-01.59.54:827][  0]LogConfig: Setting CVar [[r.Streaming.MaxEffectiveScreenSize:0]]
[2020.10.15-01.59.54:827][  0]LogConfig: Applying CVar settings from Section [EffectsQuality@3] File [C:/Users/Pog/Documents/School/Year 4/Sem 2/AdvancedGames/Assignment 2/Git/AdvGamesProgramming/GameFiles/Saved/Config/Windows/Scalability.ini]
[2020.10.15-01.59.54:827][  0]LogConfig: Setting CVar [[r.TranslucencyLightingVolumeDim:64]]
[2020.10.15-01.59.54:827][  0]LogConfig: Setting CVar [[r.RefractionQuality:2]]
[2020.10.15-01.59.54:827][  0]LogConfig: Setting CVar [[r.SSR.Quality:3]]
[2020.10.15-01.59.54:827][  0]LogConfig: Setting CVar [[r.SSR.HalfResSceneColor:0]]
[2020.10.15-01.59.54:828][  0]LogConfig: Setting CVar [[r.SceneColorFormat:4]]
[2020.10.15-01.59.54:828][  0]LogConfig: Setting CVar [[r.DetailMode:2]]
[2020.10.15-01.59.54:828][  0]LogConfig: Setting CVar [[r.TranslucencyVolumeBlur:1]]
[2020.10.15-01.59.54:828][  0]LogConfig: Setting CVar [[r.MaterialQualityLevel:1 ; High quality]]
[2020.10.15-01.59.54:828][  0]LogConfig: Setting CVar [[r.SSS.Scale:1]]
[2020.10.15-01.59.54:828][  0]LogConfig: Setting CVar [[r.SSS.SampleSet:2]]
[2020.10.15-01.59.54:828][  0]LogConfig: Setting CVar [[r.SSS.Quality:1]]
[2020.10.15-01.59.54:828][  0]LogConfig: Setting CVar [[r.SSS.HalfRes:1]]
[2020.10.15-01.59.54:828][  0]LogConfig: Setting CVar [[r.SSGI.Quality:3]]
[2020.10.15-01.59.54:828][  0]LogConfig: Setting CVar [[r.EmitterSpawnRateScale:1.0]]
[2020.10.15-01.59.54:828][  0]LogConfig: Setting CVar [[r.ParticleLightQuality:2]]
[2020.10.15-01.59.54:829][  0]LogConfig: Setting CVar [[r.SkyAtmosphere.AerialPerspectiveLUT.FastApplyOnOpaque:1 ; Always have FastSkyLUT 1 in this case to avoid wrong sky]]
[2020.10.15-01.59.54:829][  0]LogConfig: Setting CVar [[r.SkyAtmosphere.AerialPerspectiveLUT.SampleCountPerSlice:1]]
[2020.10.15-01.59.54:829][  0]LogConfig: Setting CVar [[r.SkyAtmosphere.AerialPerspectiveLUT.DepthResolution:16.0]]
[2020.10.15-01.59.54:829][  0]LogConfig: Setting CVar [[r.SkyAtmosphere.FastSkyLUT:1]]
[2020.10.15-01.59.54:829][  0]LogConfig: Setting CVar [[r.SkyAtmosphere.FastSkyLUT.SampleCountMin:4.0]]
[2020.10.15-01.59.54:829][  0]LogConfig: Setting CVar [[r.SkyAtmosphere.FastSkyLUT.SampleCountMax:32.0]]
[2020.10.15-01.59.54:829][  0]LogConfig: Setting CVar [[r.SkyAtmosphere.SampleCountMin:4.0]]
[2020.10.15-01.59.54:829][  0]LogConfig: Setting CVar [[r.SkyAtmosphere.SampleCountMax:32.0]]
[2020.10.15-01.59.54:829][  0]LogConfig: Setting CVar [[r.SkyAtmosphere.TransmittanceLUT.UseSmallFormat:0]]
[2020.10.15-01.59.54:829][  0]LogConfig: Setting CVar [[r.SkyAtmosphere.TransmittanceLUT.SampleCount:10.0]]
[2020.10.15-01.59.54:829][  0]LogConfig: Setting CVar [[r.SkyAtmosphere.MultiScatteringLUT.SampleCount:15.0]]
[2020.10.15-01.59.54:830][  0]LogConfig: Applying CVar settings from Section [FoliageQuality@3] File [C:/Users/Pog/Documents/School/Year 4/Sem 2/AdvancedGames/Assignment 2/Git/AdvGamesProgramming/GameFiles/Saved/Config/Windows/Scalability.ini]
[2020.10.15-01.59.54:830][  0]LogConfig: Setting CVar [[foliage.DensityScale:1.0]]
[2020.10.15-01.59.54:830][  0]LogConfig: Setting CVar [[grass.DensityScale:1.0]]
[2020.10.15-01.59.54:830][  0]LogConfig: Applying CVar settings from Section [ShadingQuality@3] File [C:/Users/Pog/Documents/School/Year 4/Sem 2/AdvancedGames/Assignment 2/Git/AdvGamesProgramming/GameFiles/Saved/Config/Windows/Scalability.ini]
[2020.10.15-01.59.54:830][  0]LogConfig: Setting CVar [[r.HairStrands.SkyLighting.SampleCount:16]]
[2020.10.15-01.59.54:830][  0]LogConfig: Setting CVar [[r.HairStrands.SkyLighting.JitterIntegration:0]]
[2020.10.15-01.59.54:830][  0]LogConfig: Setting CVar [[r.HairStrands.SkyAO.SampleCount:16]]
[2020.10.15-01.59.54:830][  0]LogConfig: Applying CVar settings from Section [Startup] File [../../../Engine/Config/ConsoleVariables.ini]
[2020.10.15-01.59.54:832][  0]LogConfig: Setting CVar [[net.UseAdaptiveNetUpdateFrequency:0]]
[2020.10.15-01.59.54:832][  0]LogConfig: Setting CVar [[p.chaos.AllowCreatePhysxBodies:1]]
[2020.10.15-01.59.54:832][  0]LogConfig: Applying CVar settings from Section [ConsoleVariables] File [C:/Users/Pog/Documents/School/Year 4/Sem 2/AdvancedGames/Assignment 2/Git/AdvGamesProgramming/GameFiles/Saved/Config/Windows/Engine.ini]
[2020.10.15-01.59.54:832][  0]LogInit: Computer: RAZER-BLADE-201
[2020.10.15-01.59.54:833][  0]LogInit: User: Jack
[2020.10.15-01.59.54:833][  0]LogInit: CPU Page size=4096, Cores=4
[2020.10.15-01.59.54:833][  0]LogInit: High frequency timer resolution =10.000000 MHz
[2020.10.15-01.59.54:833][  0]LogMemory: Memory total: Physical=15.9GB (16GB approx)
[2020.10.15-01.59.54:834][  0]LogMemory: Platform Memory Stats for Windows
[2020.10.15-01.59.54:834][  0]LogMemory: Process Physical Memory: 104.60 MB used, 104.60 MB peak
[2020.10.15-01.59.54:834][  0]LogMemory: Process Virtual Memory: 100.66 MB used, 100.66 MB peak
[2020.10.15-01.59.54:834][  0]LogMemory: Physical Memory: 14640.79 MB used,  1635.91 MB free, 16276.70 MB total
[2020.10.15-01.59.54:834][  0]LogMemory: Virtual Memory: 5134.61 MB used,  134212592.00 MB free, 134217728.00 MB total
[2020.10.15-01.59.54:857][  0]LogWindows: WindowsPlatformFeatures enabled
[2020.10.15-01.59.55:954][  0]LogInit: Using OS detected language (en-US).
[2020.10.15-01.59.56:008][  0]LogInit: Using OS detected locale (en-AU).
[2020.10.15-01.59.56:010][  0]LogTextLocalizationManager: No specific localization for 'en-US' exists, so the 'en' localization will be used.
[2020.10.15-01.59.56:729][  0]LogInit: Setting process to per monitor DPI aware
[2020.10.15-01.59.57:077][  0]LogSlate: New Slate User Created.  User Index 0, Is Virtual User: 0
[2020.10.15-01.59.57:077][  0]LogSlate: Slate User Registered.  User Index 0, Is Virtual User: 0
[2020.10.15-01.59.57:700][  0]LogD3D11RHI: D3D11 min allowed feature level: 11_0
[2020.10.15-01.59.57:702][  0]LogD3D11RHI: D3D11 max allowed feature level: 11_0
[2020.10.15-01.59.57:704][  0]LogD3D11RHI: D3D11 adapters:
[2020.10.15-01.59.58:336][  0]LogD3D11RHI:    0. 'NVIDIA GeForce GTX 1060' (Feature Level 11_0)
[2020.10.15-01.59.58:336][  0]LogD3D11RHI:       6052/0/8138 MB DedicatedVideo/DedicatedSystem/SharedSystem, Outputs:1, VendorId:0x10de
[2020.10.15-01.59.58:680][  0]LogD3D11RHI:    1. 'Intel(R) HD Graphics 530' (Feature Level 11_0)
[2020.10.15-01.59.58:680][  0]LogD3D11RHI:       128/0/8138 MB DedicatedVideo/DedicatedSystem/SharedSystem, Outputs:1, VendorId:0x8086
[2020.10.15-01.59.58:813][  0]LogD3D11RHI:    2. 'Microsoft Basic Render Driver' (Feature Level 11_0)
[2020.10.15-01.59.58:841][  0]LogD3D11RHI:       0/0/8138 MB DedicatedVideo/DedicatedSystem/SharedSystem, Outputs:0, VendorId:0x1414
[2020.10.15-01.59.58:934][  0]LogD3D11RHI: Chosen D3D11 Adapter: 0
[2020.10.15-01.59.58:964][  0]LogD3D11RHI: Creating new Direct3DDevice
[2020.10.15-01.59.59:023][  0]LogD3D11RHI:     GPU DeviceId: 0x1c20 (for the marketing name, search the web for "GPU Device Id")
[2020.10.15-01.59.59:043][  0]LogWindows: EnumDisplayDevices:
[2020.10.15-01.59.59:044][  0]LogWindows:    0. 'Intel(R) HD Graphics 530' (P:0 D:1)
[2020.10.15-01.59.59:184][  0]LogWindows:    1. 'Intel(R) HD Graphics 530' (P:0 D:0)
[2020.10.15-01.59.59:251][  0]LogWindows:    2. 'Intel(R) HD Graphics 530' (P:0 D:0)
[2020.10.15-01.59.59:303][  0]LogWindows:    3. 'NVIDIA GeForce GTX 1060' (P:1 D:1)
[2020.10.15-01.59.59:398][  0]LogWindows: DebugString: PrimaryIsNotTheChoosenAdapter PrimaryIsNotTheChoosenAdapter PrimaryIsNotTheChoosenAdapter 
[2020.10.15-01.59.59:429][  0]LogD3D11RHI:     Adapter Name: NVIDIA GeForce GTX 1060
[2020.10.15-01.59.59:507][  0]LogD3D11RHI:   Driver Version: 452.06 (internal:27.21.14.5206, unified:452.06)
[2020.10.15-01.59.59:560][  0]LogD3D11RHI:      Driver Date: 8-12-2020
[2020.10.15-01.59.59:560][  0]LogRHI: Texture pool is 4236 MB (70% of 6052 MB)
[2020.10.15-01.59.59:998][  0]LogD3D11RHI: RHI has support for 64 bit atomics
[2020.10.15-01.59.59:998][  0]LogD3D11RHI: Async texture creation enabled
[2020.10.15-02.00.00:058][  0]LogD3D11RHI: GPU Timing Frequency: 1000.000000 (Debug: 2 1)
[2020.10.15-02.00.01:410][  0]LogTargetPlatformManager: Display: Loaded TargetPlatform 'AllDesktop'
[2020.10.15-02.00.01:500][  0]LogTargetPlatformManager: Display: Loaded TargetPlatform 'Android'
[2020.10.15-02.00.01:501][  0]LogTargetPlatformManager: Display: Loaded TargetPlatform 'Android_ASTC'
[2020.10.15-02.00.01:507][  0]LogTargetPlatformManager: Display: Loaded TargetPlatform 'Android_ATC'
[2020.10.15-02.00.01:508][  0]LogTargetPlatformManager: Display: Loaded TargetPlatform 'Android_DXT'
[2020.10.15-02.00.01:508][  0]LogTargetPlatformManager: Display: Loaded TargetPlatform 'Android_ETC1'
[2020.10.15-02.00.01:508][  0]LogTargetPlatformManager: Display: Loaded TargetPlatform 'Android_ETC1a'
[2020.10.15-02.00.01:508][  0]LogTargetPlatformManager: Display: Loaded TargetPlatform 'Android_ETC2'
[2020.10.15-02.00.01:508][  0]LogTargetPlatformManager: Display: Loaded TargetPlatform 'Android_PVRTC'
[2020.10.15-02.00.01:508][  0]LogTargetPlatformManager: Display: Loaded TargetPlatform 'AndroidClient'
[2020.10.15-02.00.01:508][  0]LogTargetPlatformManager: Display: Loaded TargetPlatform 'Android_ASTCClient'
[2020.10.15-02.00.01:509][  0]LogTargetPlatformManager: Display: Loaded TargetPlatform 'Android_ATCClient'
[2020.10.15-02.00.01:509][  0]LogTargetPlatformManager: Display: Loaded TargetPlatform 'Android_DXTClient'
[2020.10.15-02.00.01:509][  0]LogTargetPlatformManager: Display: Loaded TargetPlatform 'Android_ETC1Client'
[2020.10.15-02.00.01:509][  0]LogTargetPlatformManager: Display: Loaded TargetPlatform 'Android_ETC1aClient'
[2020.10.15-02.00.01:509][  0]LogTargetPlatformManager: Display: Loaded TargetPlatform 'Android_ETC2Client'
[2020.10.15-02.00.01:509][  0]LogTargetPlatformManager: Display: Loaded TargetPlatform 'Android_PVRTCClient'
[2020.10.15-02.00.01:509][  0]LogTargetPlatformManager: Display: Loaded TargetPlatform 'Android_Multi'
[2020.10.15-02.00.01:509][  0]LogTargetPlatformManager: Display: Loaded TargetPlatform 'Android_MultiClient'
[2020.10.15-02.00.01:579][  0]LogTargetPlatformManager: Display: Loaded TargetPlatform 'IOSClient'
[2020.10.15-02.00.01:579][  0]LogTargetPlatformManager: Display: Loaded TargetPlatform 'IOS'
[2020.10.15-02.00.01:608][  0]LogTargetPlatformManager: Display: Loaded TargetPlatform 'LinuxNoEditor'
[2020.10.15-02.00.01:664][  0]LogTargetPlatformManager: Display: Loaded TargetPlatform 'LinuxClient'
[2020.10.15-02.00.01:713][  0]LogTargetPlatformManager: Display: Loaded TargetPlatform 'LinuxServer'
[2020.10.15-02.00.01:734][  0]LogTargetPlatformManager: Display: Loaded TargetPlatform 'LinuxAArch64NoEditor'
[2020.10.15-02.00.01:754][  0]LogTargetPlatformManager: Display: Loaded TargetPlatform 'LinuxAArch64Client'
[2020.10.15-02.00.01:775][  0]LogTargetPlatformManager: Display: Loaded TargetPlatform 'LinuxAArch64Server'
[2020.10.15-02.00.01:836][  0]LogTargetPlatformManager: Display: Loaded TargetPlatform 'Lumin'
[2020.10.15-02.00.01:839][  0]LogTargetPlatformManager: Display: Loaded TargetPlatform 'LuminClient'
[2020.10.15-02.00.01:874][  0]LogTargetPlatformManager: Display: Loaded TargetPlatform 'TVOSClient'
[2020.10.15-02.00.01:874][  0]LogTargetPlatformManager: Display: Loaded TargetPlatform 'TVOS'
[2020.10.15-02.00.01:893][  0]LogTargetPlatformManager: Display: Loaded TargetPlatform 'WindowsNoEditor'
[2020.10.15-02.00.01:914][  0]LogTargetPlatformManager: Display: Loaded TargetPlatform 'Windows'
[2020.10.15-02.00.01:935][  0]LogTargetPlatformManager: Display: Loaded TargetPlatform 'WindowsClient'
[2020.10.15-02.00.01:960][  0]LogTargetPlatformManager: Display: Loaded TargetPlatform 'WindowsServer'
[2020.10.15-02.00.01:961][  0]LogTargetPlatformManager: Display: Building Assets For Windows
[2020.10.15-02.00.01:991][  0]LogAudioDebug: Display: Lib vorbis DLL was dynamically loaded.
[2020.10.15-02.00.02:113][  0]LogShaderCompilers: Guid format shader working directory is -75 characters bigger than the processId version (../../../../../../Users/Pog/Documents/School/Year 4/Sem 2/AdvancedGames/Assignment 2/Git/AdvGamesProgramming/GameFiles/Intermediate/Shaders/WorkingDirectory/32904/).
[2020.10.15-02.00.02:114][  0]LogShaderCompilers: Cleaned the shader compiler working directory 'C:/Users/Pog/AppData/Local/Temp/UnrealShaderWorkingDir/B235F801439F442B94365B8C5EC70025/'.
[2020.10.15-02.00.02:115][  0]LogXGEController: Cannot use XGE Controller as Incredibuild is not installed on this machine.
[2020.10.15-02.00.02:116][  0]LogShaderCompilers: Cannot use XGE Shader Compiler as Incredibuild is not installed on this machine.
[2020.10.15-02.00.02:116][  0]LogShaderCompilers: Display: Using Local Shader Compiler.
[2020.10.15-02.00.03:970][  0]LogDerivedDataCache: Display: Max Cache Size: 512 MB
[2020.10.15-02.00.04:162][  0]LogDerivedDataCache: Loaded boot cache 0.19s 92MB C:/Users/Pog/AppData/Local/UnrealEngine/4.24/DerivedDataCache/Boot.ddc.
[2020.10.15-02.00.04:187][  0]LogDerivedDataCache: Display: Loaded Boot cache: C:/Users/Pog/AppData/Local/UnrealEngine/4.24/DerivedDataCache/Boot.ddc
[2020.10.15-02.00.04:189][  0]LogDerivedDataCache: FDerivedDataBackendGraph:  Pak pak cache file ../../../../../../Users/Pog/Documents/School/Year 4/Sem 2/AdvancedGames/Assignment 2/Git/AdvGamesProgramming/GameFiles/DerivedDataCache/DDC.ddp not found, will not use a pak cache.
[2020.10.15-02.00.04:201][  0]LogDerivedDataCache: Unable to find inner node Pak for hierarchical cache Hierarchy.
[2020.10.15-02.00.04:201][  0]LogDerivedDataCache: FDerivedDataBackendGraph:  CompressedPak pak cache file ../../../../../../Users/Pog/Documents/School/Year 4/Sem 2/AdvancedGames/Assignment 2/Git/AdvGamesProgramming/GameFiles/DerivedDataCache/Compressed.ddp not found, will not use a pak cache.
[2020.10.15-02.00.04:201][  0]LogDerivedDataCache: Unable to find inner node CompressedPak for hierarchical cache Hierarchy.
[2020.10.15-02.00.04:228][  0]LogDerivedDataCache: Display: Pak cache opened for reading ../../../Engine/DerivedDataCache/Compressed.ddp.
[2020.10.15-02.00.04:229][  0]LogDerivedDataCache: FDerivedDataBackendGraph:  EnterprisePak pak cache file ../../../Enterprise/DerivedDataCache/Compressed.ddp not found, will not use a pak cache.
[2020.10.15-02.00.04:229][  0]LogDerivedDataCache: Unable to find inner node EnterprisePak for hierarchical cache Hierarchy.
[2020.10.15-02.00.04:239][  0]LogDerivedDataCache: Using Local data cache path C:/Users/Pog/AppData/Local/UnrealEngine/Common/DerivedDataCache: Writable
[2020.10.15-02.00.04:240][  0]LogDerivedDataCache: Shared data cache path not found in *engine.ini, will not use an Shared cache.
[2020.10.15-02.00.04:240][  0]LogDerivedDataCache: Unable to find inner node Shared for hierarchical cache Hierarchy.
[2020.10.15-02.00.04:297][  0]LogMaterial: Verifying Global Shaders for PCD3D_SM5
[2020.10.15-02.00.04:310][  0]LogSlate: Using FreeType 2.10.0
[2020.10.15-02.00.04:315][  0]LogSlate: SlateFontServices - WITH_FREETYPE: 1, WITH_HARFBUZZ: 1
[2020.10.15-02.00.04:512][  0]LogAssetRegistry: FAssetRegistry took 0.0142 seconds to start up
[2020.10.15-02.00.05:214][  0]LogInit: Selected Device Profile: [Windows]
[2020.10.15-02.00.05:713][  0]LogMeshReduction: Using QuadricMeshReduction for automatic static mesh reduction
[2020.10.15-02.00.05:719][  0]LogMeshReduction: Using SimplygonMeshReduction for automatic skeletal mesh reduction
[2020.10.15-02.00.05:719][  0]LogMeshReduction: Using ProxyLODMeshReduction for automatic mesh merging
[2020.10.15-02.00.05:721][  0]LogMeshReduction: No distributed automatic mesh merging module available
[2020.10.15-02.00.05:721][  0]LogMeshMerging: No distributed automatic mesh merging module available
[2020.10.15-02.00.05:746][  0]LogNetVersion: AdvGamesProgramming 1.0.0, NetCL: 10570792, EngineNetVer: 13, GameNetVer: 0 (Checksum: 489682494)
[2020.10.15-02.00.08:716][  0]LogPackageLocalizationCache: Processed 8 localized package path(s) for 1 prioritized culture(s) in 0.069632 seconds
[2020.10.15-02.00.08:737][  0]LogUObjectArray: 46098 objects as part of root set at end of initial load.
[2020.10.15-02.00.08:754][  0]LogUObjectAllocator: 8030680 out of 0 bytes used by permanent object pool.
[2020.10.15-02.00.08:754][  0]LogUObjectArray: CloseDisregardForGC: 0/0 objects in disregard for GC pool
[2020.10.15-02.00.10:320][  0]LogTcpMessaging: Initializing TcpMessaging bridge
[2020.10.15-02.00.10:335][  0]LogUdpMessaging: Initializing bridge on interface 0.0.0.0:0 to multicast group 230.0.0.1:6666.
[2020.10.15-02.00.10:931][  0]LogBlueprint: Warning: [Compiler Ue4ASP_Character] InputAction Event references unknown Action 'Crouch' for  InputAction Crouch
[2020.10.15-02.00.10:937][  0]LogBlueprint: Warning: [Compiler Ue4ASP_Character] Input Axis Event references unknown Axis 'MoveRight' for  InputAxis MoveRight
[2020.10.15-02.00.11:187][  0]LogClass: Warning: Failed to find enum 'None' when converting property 'WeaponFiringType' during property loading - setting to 0
[2020.10.15-02.00.12:071][  0]SourceControl: Source control is disabled
[2020.10.15-02.00.12:071][  0]SourceControl: Source control is disabled
[2020.10.15-02.00.12:147][  0]SourceControl: Source control is disabled
[2020.10.15-02.00.12:152][  0]SourceControl: Source control is disabled
[2020.10.15-02.00.12:164][  0]SourceControl: Source control is disabled
[2020.10.15-02.00.12:827][  0]LogAndroidPermission: UAndroidPermissionCallbackProxy::GetInstance
[2020.10.15-02.00.12:988][  0]LogAudioCaptureCore: Display: No Audio Capture implementations found. Audio input will be silent.
[2020.10.15-02.00.12:988][  0]LogAudioCaptureCore: Display: No Audio Capture implementations found. Audio input will be silent.
[2020.10.15-02.00.13:345][  0]LogEngine: Initializing Engine...
[2020.10.15-02.00.13:367][  0]LogStats: UGameplayTagsManager::InitializeManager -  0.000 s
[2020.10.15-02.00.14:126][  0]LogInit: Initializing FReadOnlyCVARCache
[2020.10.15-02.00.14:157][  0]LogAIModule: Creating AISystem for world Untitled
[2020.10.15-02.00.14:233][  0]LogAudioMixer: Display: Audio Mixer Platform Settings:
[2020.10.15-02.00.14:233][  0]LogAudioMixer: Display: 	Sample Rate:						  48000
[2020.10.15-02.00.14:233][  0]LogAudioMixer: Display: 	Callback Buffer Frame Size Requested: 1024
[2020.10.15-02.00.14:233][  0]LogAudioMixer: Display: 	Callback Buffer Frame Size To Use:	  1024
[2020.10.15-02.00.14:233][  0]LogAudioMixer: Display: 	Number of buffers to queue:			  2
[2020.10.15-02.00.14:234][  0]LogAudioMixer: Display: 	Max Channels (voices):				  32
[2020.10.15-02.00.14:234][  0]LogAudioMixer: Display: 	Number of Async Source Workers:		  0
[2020.10.15-02.00.14:234][  0]LogAudio: Display: AudioDevice MaxSources: 32
[2020.10.15-02.00.14:235][  0]LogAudio: Display: Using built-in audio occlusion.
[2020.10.15-02.00.14:235][  0]LogAudioMixer: Display: Initializing audio mixer.
[2020.10.15-02.00.14:570][  0]LogAudioMixer: Display: Audio Device Output Speaker Info:
[2020.10.15-02.00.14:584][  0]LogAudioMixer: Display: Name: Headphones (ATH-M50xBT     Stereo)
[2020.10.15-02.00.14:586][  0]LogAudioMixer: Display: Is Default: Yes
[2020.10.15-02.00.14:586][  0]LogAudioMixer: Display: Sample Rate: 44100
[2020.10.15-02.00.14:587][  0]LogAudioMixer: Display: Channel Count Used: 2
[2020.10.15-02.00.14:605][  0]LogAudioMixer: Display: Device Channel Count: 2
[2020.10.15-02.00.14:606][  0]LogAudioMixer: Display: Channel Order:
[2020.10.15-02.00.14:607][  0]LogAudioMixer: Display: 0: FrontLeft
[2020.10.15-02.00.14:611][  0]LogAudioMixer: Display: 1: FrontRight
[2020.10.15-02.00.14:706][  0]LogAudioMixer: Display: Using Audio Device Headphones (ATH-M50xBT     Stereo)
[2020.10.15-02.00.14:721][  0]LogInit: FAudioDevice initialized.
[2020.10.15-02.00.14:721][  0]LogNetVersion: Set ProjectVersion to 1.0.0.0. Version Checksum will be recalculated on next use.
[2020.10.15-02.00.14:805][  0]LogDerivedDataCache: Saved boot cache 0.08s 92MB C:/Users/Pog/AppData/Local/UnrealEngine/4.24/DerivedDataCache/Boot.ddc.
[2020.10.15-02.00.14:833][  0]LogInit: Texture streaming: Enabled
[2020.10.15-02.00.14:960][  0]LogEngineSessionManager: EngineSessionManager initialized
[2020.10.15-02.00.14:961][  0]LogEditorSessionSummary: Verbose: Initializing EditorSessionSummaryWriter for editor session tracking
[2020.10.15-02.00.14:966][  0]LogEditorSessionSummary: EditorSessionSummaryWriter initialized
[2020.10.15-02.00.15:102][  0]LogInit: Transaction tracking system initialized
[2020.10.15-02.00.15:297][  0]BlueprintLog: New page: Editor Load
[2020.10.15-02.00.15:499][  0]LocalizationService: Localization service is disabled
[2020.10.15-02.00.16:370][  0]LogFileCache: Scanning file cache for directory 'C:/Users/Pog/Documents/School/Year 4/Sem 2/AdvancedGames/Assignment 2/Git/AdvGamesProgramming/GameFiles/Content/' took 0.03s
[2020.10.15-02.00.16:394][  0]LogCook: Display: Max memory allowance for cook 16384mb min free memory 0mb
[2020.10.15-02.00.16:394][  0]LogCook: Display: Mobile HDR setting 1
[2020.10.15-02.00.17:235][  0]SourceControl: Source control is disabled
[2020.10.15-02.00.17:954][  0]LogSlate: Took 0.000940 seconds to synchronously load lazily loaded font '../../../Engine/Content/Slate/Fonts/Roboto-Regular.ttf' (155K)
[2020.10.15-02.00.24:482][  0]LogSlate: Window 'Restore Packages' being destroyed
[2020.10.15-02.00.24:485][  0]LogWindowsTextInputMethodSystem: Display: IME system now deactivated.
[2020.10.15-02.00.24:494][  0]LogWindowsTextInputMethodSystem: Display: IME system now deactivated.
[2020.10.15-02.00.24:558][  0]LightingResults: New page: Lighting Build
[2020.10.15-02.00.24:591][  0]LogWorld: UWorld::CleanupWorld for Untitled, bSessionEnded=true, bCleanupResources=true
[2020.10.15-02.00.24:592][  0]LogSlate: InvalidateAllWidgets triggered.  All widgets were invalidated
[2020.10.15-02.00.24:592][  0]MapCheck: New page: Map Check
[2020.10.15-02.00.24:593][  0]LightingResults: New page: Lighting Build
[2020.10.15-02.00.24:661][  0]LogUObjectHash: Compacting FUObjectHashTables data took   5.13ms
[2020.10.15-02.00.25:171][  0]LogAIModule: Creating AISystem for world TestingMap
[2020.10.15-02.00.25:214][  0]LogEditorServer: Finished looking for orphan Actors (0.000 secs)
[2020.10.15-02.00.25:300][  0]LogUObjectHash: Compacting FUObjectHashTables data took   8.04ms
[2020.10.15-02.00.25:351][  0]Cmd: MAP CHECKDEP NOCLEARLOG
[2020.10.15-02.00.25:358][  0]MapCheck: Map check complete: 0 Error(s), 0 Warning(s), took 0.332ms to complete.
[2020.10.15-02.00.25:372][  0]LogFileHelpers: Loading map 'TestingMap' took 0.819
[2020.10.15-02.00.26:478][  0]LogSlate: Updating window title bar state: overlay mode, drag disabled, window buttons hidden, title bar hidden
[2020.10.15-02.00.26:492][  0]LogSlate: Updating window title bar state: overlay mode, drag disabled, window buttons hidden, title bar hidden
[2020.10.15-02.00.26:528][  0]LogSlate: Updating window title bar state: overlay mode, drag disabled, window buttons hidden, title bar hidden
[2020.10.15-02.00.26:550][  0]LogSlate: Updating window title bar state: overlay mode, drag disabled, window buttons hidden, title bar hidden
[2020.10.15-02.00.26:616][  0]LogCollectionManager: Loaded 0 collections in 0.004497 seconds
[2020.10.15-02.00.26:672][  0]LogFileCache: Scanning file cache for directory 'C:/Users/Pog/Documents/School/Year 4/Sem 2/AdvancedGames/Assignment 2/Git/AdvGamesProgramming/GameFiles/Saved/Collections/' took 0.03s
[2020.10.15-02.00.26:672][  0]LogFileCache: Scanning file cache for directory 'C:/Users/Pog/Documents/School/Year 4/Sem 2/AdvancedGames/Assignment 2/Git/AdvGamesProgramming/GameFiles/Content/Developers/Jack/Collections/' took 0.00s
[2020.10.15-02.00.26:672][  0]LogFileCache: Scanning file cache for directory 'C:/Users/Pog/Documents/School/Year 4/Sem 2/AdvancedGames/Assignment 2/Git/AdvGamesProgramming/GameFiles/Content/Collections/' took 0.00s
[2020.10.15-02.00.26:672][  0]LogContentBrowser: Native class hierarchy populated in 0.0175 seconds. Added 3013 classes and 706 folders.
[2020.10.15-02.00.26:679][  0]LogContentBrowser: Native class hierarchy updated for 'WidgetCarousel' in 0.0007 seconds. Added 0 classes and 0 folders.
[2020.10.15-02.00.27:032][  0]LogContentBrowser: Native class hierarchy updated for 'AddContentDialog' in 0.0020 seconds. Added 0 classes and 0 folders.
[2020.10.15-02.00.27:197][  0]LogSlate: Took 0.003615 seconds to synchronously load lazily loaded font '../../../Engine/Content/Slate/Fonts/Roboto-Bold.ttf' (160K)
[2020.10.15-02.00.27:314][  0]LogSlate: Took 0.002495 seconds to synchronously load lazily loaded font '../../../Engine/Content/Editor/Slate/Fonts/FontAwesome.ttf' (139K)
[2020.10.15-02.00.27:394][  0]LogRenderer: Reallocating scene render targets to support 1176x596 Format 10 NumSamples 1 (Frame:1).
[2020.10.15-02.00.27:933][  0]LogSlate: Took 0.000880 seconds to synchronously load lazily loaded font '../../../Engine/Content/Slate/Fonts/Roboto-Light.ttf' (167K)
[2020.10.15-02.00.29:199][  0]LogContentBrowser: Native class hierarchy updated for 'HierarchicalLODOutliner' in 0.0008 seconds. Added 0 classes and 0 folders.
[2020.10.15-02.00.29:200][  0]LogLoad: (Engine Initialization) Total time: 43.00 seconds
[2020.10.15-02.00.29:201][  0]LogLoad: (Engine Initialization) Total Blueprint compile time: 0.00 seconds
[2020.10.15-02.00.29:510][  0]LogContentStreaming: Texture pool size now 1000 MB
[2020.10.15-02.00.31:847][  5]LogAssetRegistry: Asset discovery search completed in 27.3474 seconds
[2020.10.15-02.00.31:971][  5]LogCollectionManager: Fixed up redirectors for 0 collections in 0.000016 seconds (updated 0 objects)
[2020.10.15-02.00.32:394][  6]LogSlate: Took 0.000248 seconds to synchronously load lazily loaded font '../../../Engine/Content/Slate/Fonts/Roboto-Light.ttf' (167K)
[2020.10.15-02.00.56:100][178]LogLinker: Warning: While loading '../../../../../../Users/Pog/Documents/School/Year 4/Sem 2/AdvancedGames/Assignment 2/Git/AdvGamesProgramming/GameFiles/Content/Levels/ProjectLevel.umap' failed to load '/Game/Levels/ProjectLevel_BuiltData': Can't find file.
[2020.10.15-02.00.56:106][178]LogLinker: Warning: While loading '../../../../../../Users/Pog/Documents/School/Year 4/Sem 2/AdvancedGames/Assignment 2/Git/AdvGamesProgramming/GameFiles/Content/Levels/ProjectLevel.umap' failed to load '/Game/Levels/ProjectLevel_BuiltData': Can't find file.
[2020.10.15-02.00.56:110][178]LogLinker: Warning: While loading '../../../../../../Users/Pog/Documents/School/Year 4/Sem 2/AdvancedGames/Assignment 2/Git/AdvGamesProgramming/GameFiles/Content/Levels/ProjectLevel.umap' failed to load '/Game/Levels/ProjectLevel_BuiltData': Can't find file.
[2020.10.15-02.00.56:111][178]LogLinker: Warning: While loading '../../../../../../Users/Pog/Documents/School/Year 4/Sem 2/AdvancedGames/Assignment 2/Git/AdvGamesProgramming/GameFiles/Content/Levels/ProjectLevel.umap' failed to load '/Game/Levels/ProjectLevel_BuiltData': Can't find file.
[2020.10.15-02.00.56:116][178]LogLinker: Warning: While loading '../../../../../../Users/Pog/Documents/School/Year 4/Sem 2/AdvancedGames/Assignment 2/Git/AdvGamesProgramming/GameFiles/Content/Levels/ProjectLevel.umap' failed to load '/Game/Levels/ProjectLevel_BuiltData': Can't find file.
[2020.10.15-02.00.56:117][178]LoadErrors: Failed to load /Game/Levels/ProjectLevel_BuiltData.ProjectLevel_BuiltData Referenced by PersistentLevel
[2020.10.15-02.00.56:117][178]LogLinker: Warning: While loading '../../../../../../Users/Pog/Documents/School/Year 4/Sem 2/AdvancedGames/Assignment 2/Git/AdvGamesProgramming/GameFiles/Content/Levels/ProjectLevel.umap' failed to load '/Game/Levels/ProjectLevel_BuiltData': Can't find file.
[2020.10.15-02.00.56:250][178]LogAIModule: Creating AISystem for world ProjectLevel
[2020.10.15-02.00.56:257][178]LogAssetEditorSubsystem: Opening Asset editor for World /Game/Levels/ProjectLevel.ProjectLevel
[2020.10.15-02.00.56:311][178]LogUObjectHash: Compacting FUObjectHashTables data took   5.05ms
[2020.10.15-02.00.56:312][178]LightingResults: New page: Lighting Build
[2020.10.15-02.00.56:316][178]LoadErrors: New page: Loading map: ProjectLevel.umap
[2020.10.15-02.00.56:318][178]LogWorld: UWorld::CleanupWorld for TestingMap, bSessionEnded=true, bCleanupResources=true
[2020.10.15-02.00.56:325][178]LogSlate: InvalidateAllWidgets triggered.  All widgets were invalidated
[2020.10.15-02.00.56:326][178]MapCheck: New page: Map Check
[2020.10.15-02.00.56:328][178]LightingResults: New page: Lighting Build
[2020.10.15-02.00.56:380][178]LogUObjectHash: Compacting FUObjectHashTables data took   3.53ms
[2020.10.15-02.00.56:388][178]LogEditorServer: Finished looking for orphan Actors (0.000 secs)
[2020.10.15-02.00.56:452][178]LogUObjectHash: Compacting FUObjectHashTables data took   7.51ms
[2020.10.15-02.00.56:506][178]Cmd: MAP CHECKDEP NOCLEARLOG
[2020.10.15-02.00.56:507][178]MapCheck: Map check complete: 0 Error(s), 0 Warning(s), took 0.275ms to complete.
[2020.10.15-02.00.56:507][178]LogFileHelpers: Loading map 'ProjectLevel' took 0.196
[2020.10.15-02.01.00:490][320]LogSlate: Took 0.000803 seconds to synchronously load lazily loaded font '../../../Engine/Content/Slate/Fonts/DroidSansMono.ttf' (77K)
[2020.10.15-02.01.14:802][554]LogTemp: Repeating last play command: Selected Viewport
[2020.10.15-02.01.14:855][554]LogPlayLevel: PlayLevel: No blueprints needed recompiling
[2020.10.15-02.01.14:882][554]PIE: New page: PIE session: ProjectLevel (16 Oct 2020, 12:01:14 am)
[2020.10.15-02.01.14:900][554]LogOnline: OSS: Creating online subsystem instance for: NULL
[2020.10.15-02.01.14:905][554]LogOnline: OSS: TryLoadSubsystemAndSetDefault: Loaded subsystem for module [NULL]
[2020.10.15-02.01.14:905][554]LogPlayLevel: Creating play world package: /Game/Levels/UEDPIE_0_ProjectLevel
[2020.10.15-02.01.14:909][554]LogPlayLevel: PIE: StaticDuplicateObject took: (0.004622s)
[2020.10.15-02.01.14:911][554]LogAIModule: Creating AISystem for world ProjectLevel
[2020.10.15-02.01.14:912][554]LogPlayLevel: PIE: World Init took: (0.002509s)
[2020.10.15-02.01.14:913][554]LogPlayLevel: PIE: Created PIE world by copying editor world from /Game/Levels/ProjectLevel.ProjectLevel to /Game/Levels/UEDPIE_0_ProjectLevel.ProjectLevel (0.008928s)
[2020.10.15-02.01.15:224][554]LogUObjectHash: Compacting FUObjectHashTables data took   3.04ms
[2020.10.15-02.01.15:236][554]LogAudioMixer: Display: Audio Mixer Platform Settings:
[2020.10.15-02.01.15:238][554]LogAudioMixer: Display: 	Sample Rate:						  48000
[2020.10.15-02.01.15:238][554]LogAudioMixer: Display: 	Callback Buffer Frame Size Requested: 1024
[2020.10.15-02.01.15:239][554]LogAudioMixer: Display: 	Callback Buffer Frame Size To Use:	  1024
[2020.10.15-02.01.15:239][554]LogAudioMixer: Display: 	Number of buffers to queue:			  2
[2020.10.15-02.01.15:239][554]LogAudioMixer: Display: 	Max Channels (voices):				  32
[2020.10.15-02.01.15:239][554]LogAudioMixer: Display: 	Number of Async Source Workers:		  0
[2020.10.15-02.01.15:240][554]LogAudio: Display: AudioDevice MaxSources: 32
[2020.10.15-02.01.15:255][554]LogAudio: Display: Using built-in audio occlusion.
[2020.10.15-02.01.15:274][554]LogAudioMixer: Display: Initializing audio mixer.
[2020.10.15-02.01.15:698][554]LogAudioMixer: Display: Audio Device Output Speaker Info:
[2020.10.15-02.01.15:706][554]LogAudioMixer: Display: Name: Headphones (ATH-M50xBT     Stereo)
[2020.10.15-02.01.15:707][554]LogAudioMixer: Display: Is Default: Yes
[2020.10.15-02.01.15:707][554]LogAudioMixer: Display: Sample Rate: 44100
[2020.10.15-02.01.15:709][554]LogAudioMixer: Display: Channel Count Used: 2
[2020.10.15-02.01.15:710][554]LogAudioMixer: Display: Device Channel Count: 2
[2020.10.15-02.01.15:710][554]LogAudioMixer: Display: Channel Order:
[2020.10.15-02.01.15:716][554]LogAudioMixer: Display: 0: FrontLeft
[2020.10.15-02.01.15:716][554]LogAudioMixer: Display: 1: FrontRight
