Log file open, 11/02/20 04:10:43
LogWindows: Failed to load 'aqProf.dll' (GetLastError=126)
LogWindows: File 'aqProf.dll' does not exist
LogWindows: Failed to load 'VtuneApi.dll' (GetLastError=126)
LogWindows: File 'VtuneApi.dll' does not exist
LogWindows: Failed to load 'VtuneApi32e.dll' (GetLastError=126)
LogWindows: File 'VtuneApi32e.dll' does not exist
LogConsoleResponse: Display: Failed to find resolution value strings in scalability ini. Falling back to default.
LogInit: Display: Running engine for game: AdvGamesProgramming
LogPlatformFile: Not using cached read wrapper
LogTaskGraph: Started task graph with 5 named threads and 23 total threads with 3 sets of task threads.
LogStats: Stats thread started at 0.143518
LogD3D11RHI: Loaded GFSDK_Aftermath_Lib.x64.dll
LogICUInternationalization: ICU TimeZone Detection - Raw Offset: +10:00, Platform Override: ''
LogPluginManager: Mounting plugin Paper2D
LogPluginManager: Mounting plugin AISupport
LogPluginManager: Mounting plugin LightPropagationVolume
LogPluginManager: Mounting plugin ActorLayerUtilities
LogPluginManager: Mounting plugin AnimationSharing
LogPluginManager: Mounting plugin CLionSourceCodeAccess
LogPluginManager: Mounting plugin CodeLiteSourceCodeAccess
LogPluginManager: Mounting plugin GitSourceControl
LogPluginManager: Mounting plugin KDevelopSourceCodeAccess
LogPluginManager: Mounting plugin NullSourceCodeAccess
LogPluginManager: Mounting plugin PerforceSourceControl
LogPluginManager: Mounting plugin PlasticSourceControl
LogPluginManager: Mounting plugin SubversionSourceControl
LogPluginManager: Mounting plugin UObjectPlugin
LogPluginManager: Mounting plugin VisualStudioCodeSourceCodeAccess
LogPluginManager: Mounting plugin VisualStudioSourceCodeAccess
LogPluginManager: Mounting plugin XCodeSourceCodeAccess
LogPluginManager: Mounting plugin AssetManagerEditor
LogPluginManager: Mounting plugin CryptoKeys
LogPluginManager: Mounting plugin CurveEditorTools
LogPluginManager: Mounting plugin DataValidation
LogPluginManager: Mounting plugin FacialAnimation
LogPluginManager: Mounting plugin GameplayTagsEditor
LogPluginManager: Mounting plugin MacGraphicsSwitching
LogPluginManager: Mounting plugin MaterialAnalyzer
LogPluginManager: Mounting plugin MobileLauncherProfileWizard
LogPluginManager: Mounting plugin PluginBrowser
LogPluginManager: Mounting plugin SpeedTreeImporter
LogPluginManager: Mounting plugin DatasmithContent
LogPluginManager: Mounting plugin VariantManagerContent
LogPluginManager: Mounting plugin AlembicImporter
LogPluginManager: Mounting plugin AutomationUtils
LogPluginManager: Mounting plugin BackChannel
LogPluginManager: Mounting plugin CharacterAI
LogPluginManager: Mounting plugin GeometryCache
LogPluginManager: Mounting plugin PlatformCrypto
LogPluginManager: Mounting plugin ProxyLODPlugin
LogPluginManager: Mounting plugin SkeletalReduction
LogPluginManager: Mounting plugin MagicLeap
LogPluginManager: Mounting plugin MagicLeapMedia
LogPluginManager: Mounting plugin MLSDK
LogPluginManager: Mounting plugin AndroidMedia
LogPluginManager: Mounting plugin AvfMedia
LogPluginManager: Mounting plugin ImgMedia
LogPluginManager: Mounting plugin MediaCompositing
LogPluginManager: Mounting plugin MediaPlayerEditor
LogPluginManager: Mounting plugin WebMMedia
LogPluginManager: Mounting plugin WmfMedia
LogPluginManager: Mounting plugin TcpMessaging
LogPluginManager: Mounting plugin UdpMessaging
LogPluginManager: Mounting plugin ActorSequence
LogPluginManager: Mounting plugin LevelSequenceEditor
LogPluginManager: Mounting plugin MatineeToLevelSequence
LogPluginManager: Mounting plugin NetcodeUnitTest
LogPluginManager: Mounting plugin NUTUnrealEngine4
LogPluginManager: Mounting plugin OnlineSubsystemGooglePlay
LogPluginManager: Mounting plugin OnlineSubsystemIOS
LogPluginManager: Mounting plugin OnlineSubsystem
LogPluginManager: Mounting plugin OnlineSubsystemNull
LogPluginManager: Mounting plugin OnlineSubsystemUtils
LogPluginManager: Mounting plugin LauncherChunkInstaller
LogPluginManager: Mounting plugin AndroidDeviceProfileSelector
LogPluginManager: Mounting plugin AndroidMoviePlayer
LogPluginManager: Mounting plugin AndroidPermission
LogPluginManager: Mounting plugin AppleImageUtils
LogPluginManager: Mounting plugin AppleMoviePlayer
LogPluginManager: Mounting plugin ArchVisCharacter
LogPluginManager: Mounting plugin AssetTags
LogPluginManager: Mounting plugin AudioCapture
LogPluginManager: Mounting plugin CableComponent
LogPluginManager: Mounting plugin CustomMeshComponent
LogPluginManager: Mounting plugin EditableMesh
LogPluginManager: Mounting plugin ExampleDeviceProfileSelector
LogPluginManager: Mounting plugin GoogleCloudMessaging
LogPluginManager: Mounting plugin IOSDeviceProfileSelector
LogPluginManager: Mounting plugin LinuxDeviceProfileSelector
LogPluginManager: Mounting plugin LocationServicesBPLibrary
LogPluginManager: Mounting plugin MobilePatchingUtils
LogPluginManager: Mounting plugin PhysXVehicles
LogPluginManager: Mounting plugin PostSplashScreen
LogPluginManager: Mounting plugin ProceduralMeshComponent
LogPluginManager: Mounting plugin RuntimePhysXCooking
LogPluginManager: Mounting plugin SignificanceManager
LogPluginManager: Mounting plugin WebMMoviePlayer
LogPluginManager: Mounting plugin WindowsMoviePlayer
LogPluginManager: Mounting plugin ScreenshotTools
LogInit: Using libcurl 7.55.1-DEV
LogInit:  - built for x86_64-pc-win32
LogInit:  - supports SSL with OpenSSL/1.1.1
LogInit:  - supports HTTP deflate (compression) using libz 1.2.8
LogInit:  - other features:
LogInit:      CURL_VERSION_SSL
LogInit:      CURL_VERSION_LIBZ
LogInit:      CURL_VERSION_IPV6
LogInit:      CURL_VERSION_ASYNCHDNS
LogInit:      CURL_VERSION_LARGEFILE
LogInit:      CURL_VERSION_IDN
LogInit:  CurlRequestOptions (configurable via config and command line):
LogInit:  - bVerifyPeer = true  - Libcurl will verify peer certificate
LogInit:  - bUseHttpProxy = false  - Libcurl will NOT use HTTP proxy
LogInit:  - bDontReuseConnections = false  - Libcurl will reuse connections
LogInit:  - MaxHostConnections = 16  - Libcurl will limit the number of connections to a host
LogInit:  - LocalHostAddr = Default
LogInit:  - BufferSize = 65536
LogOnline: OSS: Creating online subsystem instance for: NULL
LogInit: WinSock: version 1.1 (2.2), MaxSocks=32767, MaxUdp=65467
LogOnline: OSS: TryLoadSubsystemAndSetDefault: Loaded subsystem for module [NULL]
LogInit: Build: ++UE4+Release-4.24-CL-11590370
LogInit: Engine Version: 4.24.3-11590370+++UE4+Release-4.24
LogInit: Compatible Engine Version: 4.24.0-10570792+++UE4+Release-4.24
LogInit: Net CL: 10570792
LogInit: OS: Windows 10 (Release 1903) (), CPU: Intel(R) Core(TM) i7-6700HQ CPU @ 2.60GHz, GPU: Intel(R) HD Graphics 530
LogInit: Compiled (64-bit): Feb 24 2020 15:39:18
LogInit: Compiled with Visual C++: 19.16.27032.01
LogInit: Build Configuration: Development
LogInit: Branch Name: ++UE4+Release-4.24
LogInit: Command Line: 
LogInit: Base Directory: C:/Program Files/Epic Games/UE_4.24/Engine/Binaries/Win64/
LogInit: Installed Engine Build: 1
LogDevObjectVersion: Number of dev versions registered: 25
LogDevObjectVersion:   Dev-Blueprints (B0D832E4-1F89-4F0D-ACCF-7EB736FD4AA2): 10
LogDevObjectVersion:   Dev-Build (E1C64328-A22C-4D53-A36C-8E866417BD8C): 0
LogDevObjectVersion:   Dev-Core (375EC13C-06E4-48FB-B500-84F0262A717E): 3
LogDevObjectVersion:   Dev-Editor (E4B068ED-F494-42E9-A231-DA0B2E46BB41): 37
LogDevObjectVersion:   Dev-Framework (CFFC743F-43B0-4480-9391-14DF171D2073): 36
LogDevObjectVersion:   Dev-Mobile (B02B49B5-BB20-44E9-A304-32B752E40360): 2
LogDevObjectVersion:   Dev-Networking (A4E4105C-59A1-49B5-A7C5-40C4547EDFEE): 0
LogDevObjectVersion:   Dev-Online (39C831C9-5AE6-47DC-9A44-9C173E1C8E7C): 0
LogDevObjectVersion:   Dev-Physics (78F01B33-EBEA-4F98-B9B4-84EACCB95AA2): 2
LogDevObjectVersion:   Dev-Platform (6631380F-2D4D-43E0-8009-CF276956A95A): 0
LogDevObjectVersion:   Dev-Rendering (12F88B9F-8875-4AFC-A67C-D90C383ABD29): 36
LogDevObjectVersion:   Dev-Sequencer (7B5AE74C-D270-4C10-A958-57980B212A5A): 11
LogDevObjectVersion:   Dev-VR (D7296918-1DD6-4BDD-9DE2-64A83CC13884): 2
LogDevObjectVersion:   Dev-LoadTimes (C2A15278-BFE7-4AFE-6C17-90FF531DF755): 1
LogDevObjectVersion:   Private-Geometry (6EACA3D4-40EC-4CC1-B786-8BED09428FC5): 3
LogDevObjectVersion:   Dev-AnimPhys (29E575DD-E0A3-4627-9D10-D276232CDCEA): 17
LogDevObjectVersion:   Dev-Anim (AF43A65D-7FD3-4947-9873-3E8ED9C1BB05): 2
LogDevObjectVersion:   Dev-ReflectionCapture (6B266CEC-1EC7-4B8F-A30B-E4D90942FC07): 1
LogDevObjectVersion:   Dev-Automation (0DF73D61-A23F-47EA-B727-89E90C41499A): 1
LogDevObjectVersion:   FortniteMain (601D1886-AC64-4F84-AA16-D3DE0DEAC7D6): 31
LogDevObjectVersion:   Dev-Enterprise (9DFFBCD6-494F-0158-E221-12823C92A888): 8
LogDevObjectVersion:   Dev-Niagara (F2AED0AC-9AFE-416F-8664-AA7FFA26D6FC): 1
LogDevObjectVersion:   Dev-Destruction (174F1F0B-B4C6-45A5-B13F-2EE8D0FB917D): 9
LogDevObjectVersion:   Dev-Physics-Ext (35F94A83-E258-406C-A318-09F59610247C): 8
LogDevObjectVersion:   Dev-CineCamera (B2E18506-4273-CFC2-A54E-F4BB758BBA07): 1
LogInit: Presizing for max 25165824 objects, including 0 objects not considered by GC, pre-allocating 0 bytes for permanent pool.
LogInit: Object subsystem initialized
LogConfig: Setting CVar [[con.DebugEarlyDefault:1]]
LogConfig: Setting CVar [[r.setres:1280x720]]
[2020.11.01-17.10.43:635][  0]LogConfig: Setting CVar [[r.VSync:0]]
[2020.11.01-17.10.43:635][  0]LogConfig: Setting CVar [[r.RHICmdBypass:0]]
[2020.11.01-17.10.43:635][  0]LogConfig: Applying CVar settings from Section [/Script/Engine.RendererSettings] File [C:/Users/Pog/Documents/School/Year 4/Sem 2/AdvancedGames/Assignment 2/Git/AdvGamesProgramming/GameFiles/Saved/Config/Windows/Engine.ini]
[2020.11.01-17.10.43:635][  0]LogConfig: Setting CVar [[r.GPUCrashDebugging:0]]
[2020.11.01-17.10.43:635][  0]LogConfig: Setting CVar [[r.DBuffer:1]]
[2020.11.01-17.10.43:635][  0]LogConfig: Setting CVar [[r.EarlyZPass:2]]
[2020.11.01-17.10.43:635][  0]LogConfig: Setting CVar [[r.EarlyZPassOnlyMaterialMasking:1]]
[2020.11.01-17.10.43:635][  0]LogConfig: Applying CVar settings from Section [/Script/Engine.RendererOverrideSettings] File [C:/Users/Pog/Documents/School/Year 4/Sem 2/AdvancedGames/Assignment 2/Git/AdvGamesProgramming/GameFiles/Saved/Config/Windows/Engine.ini]
[2020.11.01-17.10.43:635][  0]LogConfig: Applying CVar settings from Section [/Script/Engine.StreamingSettings] File [C:/Users/Pog/Documents/School/Year 4/Sem 2/AdvancedGames/Assignment 2/Git/AdvGamesProgramming/GameFiles/Saved/Config/Windows/Engine.ini]
[2020.11.01-17.10.43:635][  0]LogConfig: Setting CVar [[s.MinBulkDataSizeForAsyncLoading:131072]]
[2020.11.01-17.10.43:635][  0]LogConfig: Setting CVar [[s.AsyncLoadingThreadEnabled:0]]
[2020.11.01-17.10.43:635][  0]LogConfig: Setting CVar [[s.EventDrivenLoaderEnabled:1]]
[2020.11.01-17.10.43:635][  0]LogConfig: Setting CVar [[s.WarnIfTimeLimitExceeded:0]]
[2020.11.01-17.10.43:635][  0]LogConfig: Setting CVar [[s.TimeLimitExceededMultiplier:1.5]]
[2020.11.01-17.10.43:635][  0]LogConfig: Setting CVar [[s.TimeLimitExceededMinTime:0.005]]
[2020.11.01-17.10.43:635][  0]LogConfig: Setting CVar [[s.UseBackgroundLevelStreaming:1]]
[2020.11.01-17.10.43:635][  0]LogConfig: Setting CVar [[s.PriorityAsyncLoadingExtraTime:15.0]]
[2020.11.01-17.10.43:635][  0]LogConfig: Setting CVar [[s.LevelStreamingActorsUpdateTimeLimit:5.0]]
[2020.11.01-17.10.43:635][  0]LogConfig: Setting CVar [[s.PriorityLevelStreamingActorsUpdateExtraTime:5.0]]
[2020.11.01-17.10.43:635][  0]LogConfig: Setting CVar [[s.LevelStreamingComponentsRegistrationGranularity:10]]
[2020.11.01-17.10.43:635][  0]LogConfig: Setting CVar [[s.UnregisterComponentsTimeLimit:1.0]]
[2020.11.01-17.10.43:636][  0]LogConfig: Setting CVar [[s.LevelStreamingComponentsUnregistrationGranularity:5]]
[2020.11.01-17.10.43:636][  0]LogConfig: Setting CVar [[s.FlushStreamingOnExit:1]]
[2020.11.01-17.10.43:636][  0]LogConfig: Applying CVar settings from Section [/Script/Engine.GarbageCollectionSettings] File [C:/Users/Pog/Documents/School/Year 4/Sem 2/AdvancedGames/Assignment 2/Git/AdvGamesProgramming/GameFiles/Saved/Config/Windows/Engine.ini]
[2020.11.01-17.10.43:636][  0]LogConfig: Setting CVar [[gc.MaxObjectsNotConsideredByGC:1]]
[2020.11.01-17.10.43:636][  0]LogConfig: Setting CVar [[gc.SizeOfPermanentObjectPool:0]]
[2020.11.01-17.10.43:636][  0]LogConfig: Setting CVar [[gc.FlushStreamingOnGC:0]]
[2020.11.01-17.10.43:636][  0]LogConfig: Setting CVar [[gc.NumRetriesBeforeForcingGC:10]]
[2020.11.01-17.10.43:636][  0]LogConfig: Setting CVar [[gc.AllowParallelGC:1]]
[2020.11.01-17.10.43:636][  0]LogConfig: Setting CVar [[gc.TimeBetweenPurgingPendingKillObjects:61.1]]
[2020.11.01-17.10.43:636][  0]LogConfig: Setting CVar [[gc.MaxObjectsInEditor:25165824]]
[2020.11.01-17.10.43:636][  0]LogConfig: Setting CVar [[gc.IncrementalBeginDestroyEnabled:1]]
[2020.11.01-17.10.43:636][  0]LogConfig: Setting CVar [[gc.CreateGCClusters:1]]
[2020.11.01-17.10.43:636][  0]LogConfig: Setting CVar [[gc.MinGCClusterSize:5]]
[2020.11.01-17.10.43:636][  0]LogConfig: Setting CVar [[gc.ActorClusteringEnabled:0]]
[2020.11.01-17.10.43:636][  0]LogConfig: Setting CVar [[gc.BlueprintClusteringEnabled:0]]
[2020.11.01-17.10.43:636][  0]LogConfig: Setting CVar [[gc.UseDisregardForGCOnDedicatedServers:0]]
[2020.11.01-17.10.43:636][  0]LogConfig: Applying CVar settings from Section [/Script/Engine.NetworkSettings] File [C:/Users/Pog/Documents/School/Year 4/Sem 2/AdvancedGames/Assignment 2/Git/AdvGamesProgramming/GameFiles/Saved/Config/Windows/Engine.ini]
[2020.11.01-17.10.43:636][  0]LogConfig: Applying CVar settings from Section [/Script/UnrealEd.CookerSettings] File [C:/Users/Pog/Documents/School/Year 4/Sem 2/AdvancedGames/Assignment 2/Git/AdvGamesProgramming/GameFiles/Saved/Config/Windows/Engine.ini]
[2020.11.01-17.10.43:640][  0]LogConfig: Applying CVar settings from Section [ViewDistanceQuality@3] File [C:/Users/Pog/Documents/School/Year 4/Sem 2/AdvancedGames/Assignment 2/Git/AdvGamesProgramming/GameFiles/Saved/Config/Windows/Scalability.ini]
[2020.11.01-17.10.43:640][  0]LogConfig: Setting CVar [[r.SkeletalMeshLODBias:0]]
[2020.11.01-17.10.43:640][  0]LogConfig: Setting CVar [[r.ViewDistanceScale:1.0]]
[2020.11.01-17.10.43:640][  0]LogConfig: Applying CVar settings from Section [AntiAliasingQuality@3] File [C:/Users/Pog/Documents/School/Year 4/Sem 2/AdvancedGames/Assignment 2/Git/AdvGamesProgramming/GameFiles/Saved/Config/Windows/Scalability.ini]
[2020.11.01-17.10.43:640][  0]LogConfig: Setting CVar [[r.PostProcessAAQuality:4]]
[2020.11.01-17.10.43:640][  0]LogConfig: Applying CVar settings from Section [ShadowQuality@3] File [C:/Users/Pog/Documents/School/Year 4/Sem 2/AdvancedGames/Assignment 2/Git/AdvGamesProgramming/GameFiles/Saved/Config/Windows/Scalability.ini]
[2020.11.01-17.10.43:640][  0]LogConfig: Setting CVar [[r.LightFunctionQuality:1]]
[2020.11.01-17.10.43:640][  0]LogConfig: Setting CVar [[r.ShadowQuality:5]]
[2020.11.01-17.10.43:640][  0]LogConfig: Setting CVar [[r.Shadow.CSM.MaxCascades:10]]
[2020.11.01-17.10.43:640][  0]LogConfig: Setting CVar [[r.Shadow.MaxResolution:2048]]
[2020.11.01-17.10.43:640][  0]LogConfig: Setting CVar [[r.Shadow.MaxCSMResolution:2048]]
[2020.11.01-17.10.43:640][  0]LogConfig: Setting CVar [[r.Shadow.RadiusThreshold:0.01]]
[2020.11.01-17.10.43:640][  0]LogConfig: Setting CVar [[r.Shadow.DistanceScale:1.0]]
[2020.11.01-17.10.43:640][  0]LogConfig: Setting CVar [[r.Shadow.CSM.TransitionScale:1.0]]
[2020.11.01-17.10.43:640][  0]LogConfig: Setting CVar [[r.Shadow.PreShadowResolutionFactor:1.0]]
[2020.11.01-17.10.43:640][  0]LogConfig: Setting CVar [[r.DistanceFieldShadowing:1]]
[2020.11.01-17.10.43:640][  0]LogConfig: Setting CVar [[r.DistanceFieldAO:1]]
[2020.11.01-17.10.43:640][  0]LogConfig: Setting CVar [[r.AOQuality:2]]
[2020.11.01-17.10.43:640][  0]LogConfig: Setting CVar [[r.VolumetricFog:1]]
[2020.11.01-17.10.43:640][  0]LogConfig: Setting CVar [[r.VolumetricFog.GridPixelSize:8]]
[2020.11.01-17.10.43:640][  0]LogConfig: Setting CVar [[r.VolumetricFog.GridSizeZ:128]]
[2020.11.01-17.10.43:640][  0]LogConfig: Setting CVar [[r.VolumetricFog.HistoryMissSupersampleCount:4]]
[2020.11.01-17.10.43:640][  0]LogConfig: Setting CVar [[r.LightMaxDrawDistanceScale:1]]
[2020.11.01-17.10.43:640][  0]LogConfig: Setting CVar [[r.CapsuleShadows:1]]
[2020.11.01-17.10.43:640][  0]LogConfig: Applying CVar settings from Section [PostProcessQuality@3] File [C:/Users/Pog/Documents/School/Year 4/Sem 2/AdvancedGames/Assignment 2/Git/AdvGamesProgramming/GameFiles/Saved/Config/Windows/Scalability.ini]
[2020.11.01-17.10.43:640][  0]LogConfig: Setting CVar [[r.MotionBlurQuality:4]]
[2020.11.01-17.10.43:640][  0]LogConfig: Setting CVar [[r.AmbientOcclusionMipLevelFactor:0.4]]
[2020.11.01-17.10.43:640][  0]LogConfig: Setting CVar [[r.AmbientOcclusionMaxQuality:100]]
[2020.11.01-17.10.43:640][  0]LogConfig: Setting CVar [[r.AmbientOcclusionLevels:-1]]
[2020.11.01-17.10.43:640][  0]LogConfig: Setting CVar [[r.AmbientOcclusionRadiusScale:1.0]]
[2020.11.01-17.10.43:640][  0]LogConfig: Setting CVar [[r.DepthOfFieldQuality:2]]
[2020.11.01-17.10.43:641][  0]LogConfig: Setting CVar [[r.RenderTargetPoolMin:400]]
[2020.11.01-17.10.43:641][  0]LogConfig: Setting CVar [[r.LensFlareQuality:2]]
[2020.11.01-17.10.43:641][  0]LogConfig: Setting CVar [[r.SceneColorFringeQuality:1]]
[2020.11.01-17.10.43:641][  0]LogConfig: Setting CVar [[r.EyeAdaptationQuality:2]]
[2020.11.01-17.10.43:641][  0]LogConfig: Setting CVar [[r.BloomQuality:5]]
[2020.11.01-17.10.43:641][  0]LogConfig: Setting CVar [[r.FastBlurThreshold:100]]
[2020.11.01-17.10.43:641][  0]LogConfig: Setting CVar [[r.Upscale.Quality:3]]
[2020.11.01-17.10.43:641][  0]LogConfig: Setting CVar [[r.Tonemapper.GrainQuantization:1]]
[2020.11.01-17.10.43:641][  0]LogConfig: Setting CVar [[r.LightShaftQuality:1]]
[2020.11.01-17.10.43:641][  0]LogConfig: Setting CVar [[r.Filter.SizeScale:1]]
[2020.11.01-17.10.43:641][  0]LogConfig: Setting CVar [[r.Tonemapper.Quality:5]]
[2020.11.01-17.10.43:641][  0]LogConfig: Setting CVar [[r.DOF.Gather.AccumulatorQuality:1        ; higher gathering accumulator quality]]
[2020.11.01-17.10.43:641][  0]LogConfig: Setting CVar [[r.DOF.Gather.PostfilterMethod:1          ; Median3x3 postfilering method]]
[2020.11.01-17.10.43:641][  0]LogConfig: Setting CVar [[r.DOF.Gather.EnableBokehSettings:0       ; no bokeh simulation when gathering]]
[2020.11.01-17.10.43:641][  0]LogConfig: Setting CVar [[r.DOF.Gather.RingCount:4                 ; medium number of samples when gathering]]
[2020.11.01-17.10.43:641][  0]LogConfig: Setting CVar [[r.DOF.Scatter.ForegroundCompositing:1    ; additive foreground scattering]]
[2020.11.01-17.10.43:641][  0]LogConfig: Setting CVar [[r.DOF.Scatter.BackgroundCompositing:2    ; additive background scattering]]
[2020.11.01-17.10.43:641][  0]LogConfig: Setting CVar [[r.DOF.Scatter.EnableBokehSettings:1      ; bokeh simulation when scattering]]
[2020.11.01-17.10.43:641][  0]LogConfig: Setting CVar [[r.DOF.Scatter.MaxSpriteRatio:0.1         ; only a maximum of 10% of scattered bokeh]]
[2020.11.01-17.10.43:641][  0]LogConfig: Setting CVar [[r.DOF.Recombine.Quality:1                ; cheap slight out of focus]]
[2020.11.01-17.10.43:641][  0]LogConfig: Setting CVar [[r.DOF.Recombine.EnableBokehSettings:0    ; no bokeh simulation on slight out of focus]]
[2020.11.01-17.10.43:641][  0]LogConfig: Setting CVar [[r.DOF.TemporalAAQuality:1                ; more stable temporal accumulation]]
[2020.11.01-17.10.43:641][  0]LogConfig: Setting CVar [[r.DOF.Kernel.MaxForegroundRadius:0.025]]
[2020.11.01-17.10.43:641][  0]LogConfig: Setting CVar [[r.DOF.Kernel.MaxBackgroundRadius:0.025]]
[2020.11.01-17.10.43:641][  0]LogConfig: Applying CVar settings from Section [TextureQuality@3] File [C:/Users/Pog/Documents/School/Year 4/Sem 2/AdvancedGames/Assignment 2/Git/AdvGamesProgramming/GameFiles/Saved/Config/Windows/Scalability.ini]
[2020.11.01-17.10.43:641][  0]LogConfig: Setting CVar [[r.Streaming.MipBias:0]]
[2020.11.01-17.10.43:641][  0]LogConfig: Setting CVar [[r.Streaming.AmortizeCPUToGPUCopy:0]]
[2020.11.01-17.10.43:641][  0]LogConfig: Setting CVar [[r.Streaming.MaxNumTexturesToStreamPerFrame:0]]
[2020.11.01-17.10.43:641][  0]LogConfig: Setting CVar [[r.Streaming.Boost:1]]
[2020.11.01-17.10.43:641][  0]LogConfig: Setting CVar [[r.MaxAnisotropy:8]]
[2020.11.01-17.10.43:641][  0]LogConfig: Setting CVar [[r.VT.MaxAnisotropy:8]]
[2020.11.01-17.10.43:641][  0]LogConfig: Setting CVar [[r.Streaming.LimitPoolSizeToVRAM:0]]
[2020.11.01-17.10.43:641][  0]LogConfig: Setting CVar [[r.Streaming.PoolSize:1000]]
[2020.11.01-17.10.43:641][  0]LogConfig: Setting CVar [[r.Streaming.MaxEffectiveScreenSize:0]]
[2020.11.01-17.10.43:641][  0]LogConfig: Applying CVar settings from Section [EffectsQuality@3] File [C:/Users/Pog/Documents/School/Year 4/Sem 2/AdvancedGames/Assignment 2/Git/AdvGamesProgramming/GameFiles/Saved/Config/Windows/Scalability.ini]
[2020.11.01-17.10.43:641][  0]LogConfig: Setting CVar [[r.TranslucencyLightingVolumeDim:64]]
[2020.11.01-17.10.43:641][  0]LogConfig: Setting CVar [[r.RefractionQuality:2]]
[2020.11.01-17.10.43:641][  0]LogConfig: Setting CVar [[r.SSR.Quality:3]]
[2020.11.01-17.10.43:641][  0]LogConfig: Setting CVar [[r.SSR.HalfResSceneColor:0]]
[2020.11.01-17.10.43:641][  0]LogConfig: Setting CVar [[r.SceneColorFormat:4]]
[2020.11.01-17.10.43:641][  0]LogConfig: Setting CVar [[r.DetailMode:2]]
[2020.11.01-17.10.43:641][  0]LogConfig: Setting CVar [[r.TranslucencyVolumeBlur:1]]
[2020.11.01-17.10.43:641][  0]LogConfig: Setting CVar [[r.MaterialQualityLevel:1 ; High quality]]
[2020.11.01-17.10.43:641][  0]LogConfig: Setting CVar [[r.SSS.Scale:1]]
[2020.11.01-17.10.43:641][  0]LogConfig: Setting CVar [[r.SSS.SampleSet:2]]
[2020.11.01-17.10.43:641][  0]LogConfig: Setting CVar [[r.SSS.Quality:1]]
[2020.11.01-17.10.43:641][  0]LogConfig: Setting CVar [[r.SSS.HalfRes:1]]
[2020.11.01-17.10.43:641][  0]LogConfig: Setting CVar [[r.SSGI.Quality:3]]
[2020.11.01-17.10.43:641][  0]LogConfig: Setting CVar [[r.EmitterSpawnRateScale:1.0]]
[2020.11.01-17.10.43:641][  0]LogConfig: Setting CVar [[r.ParticleLightQuality:2]]
[2020.11.01-17.10.43:641][  0]LogConfig: Setting CVar [[r.SkyAtmosphere.AerialPerspectiveLUT.FastApplyOnOpaque:1 ; Always have FastSkyLUT 1 in this case to avoid wrong sky]]
[2020.11.01-17.10.43:641][  0]LogConfig: Setting CVar [[r.SkyAtmosphere.AerialPerspectiveLUT.SampleCountPerSlice:1]]
[2020.11.01-17.10.43:641][  0]LogConfig: Setting CVar [[r.SkyAtmosphere.AerialPerspectiveLUT.DepthResolution:16.0]]
[2020.11.01-17.10.43:641][  0]LogConfig: Setting CVar [[r.SkyAtmosphere.FastSkyLUT:1]]
[2020.11.01-17.10.43:641][  0]LogConfig: Setting CVar [[r.SkyAtmosphere.FastSkyLUT.SampleCountMin:4.0]]
[2020.11.01-17.10.43:641][  0]LogConfig: Setting CVar [[r.SkyAtmosphere.FastSkyLUT.SampleCountMax:32.0]]
[2020.11.01-17.10.43:641][  0]LogConfig: Setting CVar [[r.SkyAtmosphere.SampleCountMin:4.0]]
[2020.11.01-17.10.43:641][  0]LogConfig: Setting CVar [[r.SkyAtmosphere.SampleCountMax:32.0]]
[2020.11.01-17.10.43:641][  0]LogConfig: Setting CVar [[r.SkyAtmosphere.TransmittanceLUT.UseSmallFormat:0]]
[2020.11.01-17.10.43:641][  0]LogConfig: Setting CVar [[r.SkyAtmosphere.TransmittanceLUT.SampleCount:10.0]]
[2020.11.01-17.10.43:641][  0]LogConfig: Setting CVar [[r.SkyAtmosphere.MultiScatteringLUT.SampleCount:15.0]]
[2020.11.01-17.10.43:641][  0]LogConfig: Applying CVar settings from Section [FoliageQuality@3] File [C:/Users/Pog/Documents/School/Year 4/Sem 2/AdvancedGames/Assignment 2/Git/AdvGamesProgramming/GameFiles/Saved/Config/Windows/Scalability.ini]
[2020.11.01-17.10.43:641][  0]LogConfig: Setting CVar [[foliage.DensityScale:1.0]]
[2020.11.01-17.10.43:641][  0]LogConfig: Setting CVar [[grass.DensityScale:1.0]]
[2020.11.01-17.10.43:641][  0]LogConfig: Applying CVar settings from Section [ShadingQuality@3] File [C:/Users/Pog/Documents/School/Year 4/Sem 2/AdvancedGames/Assignment 2/Git/AdvGamesProgramming/GameFiles/Saved/Config/Windows/Scalability.ini]
[2020.11.01-17.10.43:641][  0]LogConfig: Setting CVar [[r.HairStrands.SkyLighting.SampleCount:16]]
[2020.11.01-17.10.43:641][  0]LogConfig: Setting CVar [[r.HairStrands.SkyLighting.JitterIntegration:0]]
[2020.11.01-17.10.43:641][  0]LogConfig: Setting CVar [[r.HairStrands.SkyAO.SampleCount:16]]
[2020.11.01-17.10.43:641][  0]LogInit: Selected Device Profile: [Windows]
[2020.11.01-17.10.43:641][  0]LogInit: Applying CVar settings loaded from the selected device profile: [Windows]
[2020.11.01-17.10.43:644][  0]LogHAL: Display: Platform has ~ 16 GB [17067356160 / 17179869184 / 16], which maps to Larger [LargestMinGB=32, LargerMinGB=12, DefaultMinGB=8, SmallerMinGB=6, SmallestMinGB=0)
[2020.11.01-17.10.43:645][  0]LogInit: Going up to parent DeviceProfile []
[2020.11.01-17.10.43:645][  0]LogConfig: Applying CVar settings from Section [ViewDistanceQuality@3] File [C:/Users/Pog/Documents/School/Year 4/Sem 2/AdvancedGames/Assignment 2/Git/AdvGamesProgramming/GameFiles/Saved/Config/Windows/Scalability.ini]
[2020.11.01-17.10.43:645][  0]LogConfig: Setting CVar [[r.SkeletalMeshLODBias:0]]
[2020.11.01-17.10.43:645][  0]LogConfig: Setting CVar [[r.ViewDistanceScale:1.0]]
[2020.11.01-17.10.43:645][  0]LogConfig: Applying CVar settings from Section [AntiAliasingQuality@3] File [C:/Users/Pog/Documents/School/Year 4/Sem 2/AdvancedGames/Assignment 2/Git/AdvGamesProgramming/GameFiles/Saved/Config/Windows/Scalability.ini]
[2020.11.01-17.10.43:645][  0]LogConfig: Setting CVar [[r.PostProcessAAQuality:4]]
[2020.11.01-17.10.43:645][  0]LogConfig: Applying CVar settings from Section [ShadowQuality@3] File [C:/Users/Pog/Documents/School/Year 4/Sem 2/AdvancedGames/Assignment 2/Git/AdvGamesProgramming/GameFiles/Saved/Config/Windows/Scalability.ini]
[2020.11.01-17.10.43:645][  0]LogConfig: Setting CVar [[r.LightFunctionQuality:1]]
[2020.11.01-17.10.43:645][  0]LogConfig: Setting CVar [[r.ShadowQuality:5]]
[2020.11.01-17.10.43:645][  0]LogConfig: Setting CVar [[r.Shadow.CSM.MaxCascades:10]]
[2020.11.01-17.10.43:645][  0]LogConfig: Setting CVar [[r.Shadow.MaxResolution:2048]]
[2020.11.01-17.10.43:645][  0]LogConfig: Setting CVar [[r.Shadow.MaxCSMResolution:2048]]
[2020.11.01-17.10.43:645][  0]LogConfig: Setting CVar [[r.Shadow.RadiusThreshold:0.01]]
[2020.11.01-17.10.43:645][  0]LogConfig: Setting CVar [[r.Shadow.DistanceScale:1.0]]
[2020.11.01-17.10.43:645][  0]LogConfig: Setting CVar [[r.Shadow.CSM.TransitionScale:1.0]]
[2020.11.01-17.10.43:645][  0]LogConfig: Setting CVar [[r.Shadow.PreShadowResolutionFactor:1.0]]
[2020.11.01-17.10.43:645][  0]LogConfig: Setting CVar [[r.DistanceFieldShadowing:1]]
[2020.11.01-17.10.43:645][  0]LogConfig: Setting CVar [[r.DistanceFieldAO:1]]
[2020.11.01-17.10.43:645][  0]LogConfig: Setting CVar [[r.AOQuality:2]]
[2020.11.01-17.10.43:645][  0]LogConfig: Setting CVar [[r.VolumetricFog:1]]
[2020.11.01-17.10.43:645][  0]LogConfig: Setting CVar [[r.VolumetricFog.GridPixelSize:8]]
[2020.11.01-17.10.43:645][  0]LogConfig: Setting CVar [[r.VolumetricFog.GridSizeZ:128]]
[2020.11.01-17.10.43:645][  0]LogConfig: Setting CVar [[r.VolumetricFog.HistoryMissSupersampleCount:4]]
[2020.11.01-17.10.43:645][  0]LogConfig: Setting CVar [[r.LightMaxDrawDistanceScale:1]]
[2020.11.01-17.10.43:645][  0]LogConfig: Setting CVar [[r.CapsuleShadows:1]]
[2020.11.01-17.10.43:645][  0]LogConfig: Applying CVar settings from Section [PostProcessQuality@3] File [C:/Users/Pog/Documents/School/Year 4/Sem 2/AdvancedGames/Assignment 2/Git/AdvGamesProgramming/GameFiles/Saved/Config/Windows/Scalability.ini]
[2020.11.01-17.10.43:645][  0]LogConfig: Setting CVar [[r.MotionBlurQuality:4]]
[2020.11.01-17.10.43:645][  0]LogConfig: Setting CVar [[r.AmbientOcclusionMipLevelFactor:0.4]]
[2020.11.01-17.10.43:645][  0]LogConfig: Setting CVar [[r.AmbientOcclusionMaxQuality:100]]
[2020.11.01-17.10.43:645][  0]LogConfig: Setting CVar [[r.AmbientOcclusionLevels:-1]]
[2020.11.01-17.10.43:645][  0]LogConfig: Setting CVar [[r.AmbientOcclusionRadiusScale:1.0]]
[2020.11.01-17.10.43:645][  0]LogConfig: Setting CVar [[r.DepthOfFieldQuality:2]]
[2020.11.01-17.10.43:645][  0]LogConfig: Setting CVar [[r.RenderTargetPoolMin:400]]
[2020.11.01-17.10.43:645][  0]LogConfig: Setting CVar [[r.LensFlareQuality:2]]
[2020.11.01-17.10.43:645][  0]LogConfig: Setting CVar [[r.SceneColorFringeQuality:1]]
[2020.11.01-17.10.43:645][  0]LogConfig: Setting CVar [[r.EyeAdaptationQuality:2]]
[2020.11.01-17.10.43:645][  0]LogConfig: Setting CVar [[r.BloomQuality:5]]
[2020.11.01-17.10.43:645][  0]LogConfig: Setting CVar [[r.FastBlurThreshold:100]]
[2020.11.01-17.10.43:645][  0]LogConfig: Setting CVar [[r.Upscale.Quality:3]]
[2020.11.01-17.10.43:645][  0]LogConfig: Setting CVar [[r.Tonemapper.GrainQuantization:1]]
[2020.11.01-17.10.43:645][  0]LogConfig: Setting CVar [[r.LightShaftQuality:1]]
[2020.11.01-17.10.43:645][  0]LogConfig: Setting CVar [[r.Filter.SizeScale:1]]
[2020.11.01-17.10.43:645][  0]LogConfig: Setting CVar [[r.Tonemapper.Quality:5]]
[2020.11.01-17.10.43:645][  0]LogConfig: Setting CVar [[r.DOF.Gather.AccumulatorQuality:1        ; higher gathering accumulator quality]]
[2020.11.01-17.10.43:645][  0]LogConfig: Setting CVar [[r.DOF.Gather.PostfilterMethod:1          ; Median3x3 postfilering method]]
[2020.11.01-17.10.43:645][  0]LogConfig: Setting CVar [[r.DOF.Gather.EnableBokehSettings:0       ; no bokeh simulation when gathering]]
[2020.11.01-17.10.43:646][  0]LogConfig: Setting CVar [[r.DOF.Gather.RingCount:4                 ; medium number of samples when gathering]]
[2020.11.01-17.10.43:646][  0]LogConfig: Setting CVar [[r.DOF.Scatter.ForegroundCompositing:1    ; additive foreground scattering]]
[2020.11.01-17.10.43:646][  0]LogConfig: Setting CVar [[r.DOF.Scatter.BackgroundCompositing:2    ; additive background scattering]]
[2020.11.01-17.10.43:646][  0]LogConfig: Setting CVar [[r.DOF.Scatter.EnableBokehSettings:1      ; bokeh simulation when scattering]]
[2020.11.01-17.10.43:646][  0]LogConfig: Setting CVar [[r.DOF.Scatter.MaxSpriteRatio:0.1         ; only a maximum of 10% of scattered bokeh]]
[2020.11.01-17.10.43:646][  0]LogConfig: Setting CVar [[r.DOF.Recombine.Quality:1                ; cheap slight out of focus]]
[2020.11.01-17.10.43:646][  0]LogConfig: Setting CVar [[r.DOF.Recombine.EnableBokehSettings:0    ; no bokeh simulation on slight out of focus]]
[2020.11.01-17.10.43:646][  0]LogConfig: Setting CVar [[r.DOF.TemporalAAQuality:1                ; more stable temporal accumulation]]
[2020.11.01-17.10.43:646][  0]LogConfig: Setting CVar [[r.DOF.Kernel.MaxForegroundRadius:0.025]]
[2020.11.01-17.10.43:646][  0]LogConfig: Setting CVar [[r.DOF.Kernel.MaxBackgroundRadius:0.025]]
[2020.11.01-17.10.43:646][  0]LogConfig: Applying CVar settings from Section [TextureQuality@3] File [C:/Users/Pog/Documents/School/Year 4/Sem 2/AdvancedGames/Assignment 2/Git/AdvGamesProgramming/GameFiles/Saved/Config/Windows/Scalability.ini]
[2020.11.01-17.10.43:646][  0]LogConfig: Setting CVar [[r.Streaming.MipBias:0]]
[2020.11.01-17.10.43:646][  0]LogConfig: Setting CVar [[r.Streaming.AmortizeCPUToGPUCopy:0]]
[2020.11.01-17.10.43:646][  0]LogConfig: Setting CVar [[r.Streaming.MaxNumTexturesToStreamPerFrame:0]]
[2020.11.01-17.10.43:646][  0]LogConfig: Setting CVar [[r.Streaming.Boost:1]]
[2020.11.01-17.10.43:646][  0]LogConfig: Setting CVar [[r.MaxAnisotropy:8]]
[2020.11.01-17.10.43:646][  0]LogConfig: Setting CVar [[r.VT.MaxAnisotropy:8]]
[2020.11.01-17.10.43:646][  0]LogConfig: Setting CVar [[r.Streaming.LimitPoolSizeToVRAM:0]]
[2020.11.01-17.10.43:646][  0]LogConfig: Setting CVar [[r.Streaming.PoolSize:1000]]
[2020.11.01-17.10.43:646][  0]LogConfig: Setting CVar [[r.Streaming.MaxEffectiveScreenSize:0]]
[2020.11.01-17.10.43:646][  0]LogConfig: Applying CVar settings from Section [EffectsQuality@3] File [C:/Users/Pog/Documents/School/Year 4/Sem 2/AdvancedGames/Assignment 2/Git/AdvGamesProgramming/GameFiles/Saved/Config/Windows/Scalability.ini]
[2020.11.01-17.10.43:646][  0]LogConfig: Setting CVar [[r.TranslucencyLightingVolumeDim:64]]
[2020.11.01-17.10.43:646][  0]LogConfig: Setting CVar [[r.RefractionQuality:2]]
[2020.11.01-17.10.43:647][  0]LogConfig: Setting CVar [[r.SSR.Quality:3]]
[2020.11.01-17.10.43:647][  0]LogConfig: Setting CVar [[r.SSR.HalfResSceneColor:0]]
[2020.11.01-17.10.43:647][  0]LogConfig: Setting CVar [[r.SceneColorFormat:4]]
[2020.11.01-17.10.43:647][  0]LogConfig: Setting CVar [[r.DetailMode:2]]
[2020.11.01-17.10.43:647][  0]LogConfig: Setting CVar [[r.TranslucencyVolumeBlur:1]]
[2020.11.01-17.10.43:647][  0]LogConfig: Setting CVar [[r.MaterialQualityLevel:1 ; High quality]]
[2020.11.01-17.10.43:647][  0]LogConfig: Setting CVar [[r.SSS.Scale:1]]
[2020.11.01-17.10.43:647][  0]LogConfig: Setting CVar [[r.SSS.SampleSet:2]]
[2020.11.01-17.10.43:647][  0]LogConfig: Setting CVar [[r.SSS.Quality:1]]
[2020.11.01-17.10.43:647][  0]LogConfig: Setting CVar [[r.SSS.HalfRes:1]]
[2020.11.01-17.10.43:647][  0]LogConfig: Setting CVar [[r.SSGI.Quality:3]]
[2020.11.01-17.10.43:647][  0]LogConfig: Setting CVar [[r.EmitterSpawnRateScale:1.0]]
[2020.11.01-17.10.43:647][  0]LogConfig: Setting CVar [[r.ParticleLightQuality:2]]
[2020.11.01-17.10.43:647][  0]LogConfig: Setting CVar [[r.SkyAtmosphere.AerialPerspectiveLUT.FastApplyOnOpaque:1 ; Always have FastSkyLUT 1 in this case to avoid wrong sky]]
[2020.11.01-17.10.43:647][  0]LogConfig: Setting CVar [[r.SkyAtmosphere.AerialPerspectiveLUT.SampleCountPerSlice:1]]
[2020.11.01-17.10.43:647][  0]LogConfig: Setting CVar [[r.SkyAtmosphere.AerialPerspectiveLUT.DepthResolution:16.0]]
[2020.11.01-17.10.43:647][  0]LogConfig: Setting CVar [[r.SkyAtmosphere.FastSkyLUT:1]]
[2020.11.01-17.10.43:647][  0]LogConfig: Setting CVar [[r.SkyAtmosphere.FastSkyLUT.SampleCountMin:4.0]]
[2020.11.01-17.10.43:647][  0]LogConfig: Setting CVar [[r.SkyAtmosphere.FastSkyLUT.SampleCountMax:32.0]]
[2020.11.01-17.10.43:647][  0]LogConfig: Setting CVar [[r.SkyAtmosphere.SampleCountMin:4.0]]
[2020.11.01-17.10.43:647][  0]LogConfig: Setting CVar [[r.SkyAtmosphere.SampleCountMax:32.0]]
[2020.11.01-17.10.43:647][  0]LogConfig: Setting CVar [[r.SkyAtmosphere.TransmittanceLUT.UseSmallFormat:0]]
[2020.11.01-17.10.43:647][  0]LogConfig: Setting CVar [[r.SkyAtmosphere.TransmittanceLUT.SampleCount:10.0]]
[2020.11.01-17.10.43:647][  0]LogConfig: Setting CVar [[r.SkyAtmosphere.MultiScatteringLUT.SampleCount:15.0]]
[2020.11.01-17.10.43:648][  0]LogConfig: Applying CVar settings from Section [FoliageQuality@3] File [C:/Users/Pog/Documents/School/Year 4/Sem 2/AdvancedGames/Assignment 2/Git/AdvGamesProgramming/GameFiles/Saved/Config/Windows/Scalability.ini]
[2020.11.01-17.10.43:648][  0]LogConfig: Setting CVar [[foliage.DensityScale:1.0]]
[2020.11.01-17.10.43:648][  0]LogConfig: Setting CVar [[grass.DensityScale:1.0]]
[2020.11.01-17.10.43:648][  0]LogConfig: Applying CVar settings from Section [ShadingQuality@3] File [C:/Users/Pog/Documents/School/Year 4/Sem 2/AdvancedGames/Assignment 2/Git/AdvGamesProgramming/GameFiles/Saved/Config/Windows/Scalability.ini]
[2020.11.01-17.10.43:648][  0]LogConfig: Setting CVar [[r.HairStrands.SkyLighting.SampleCount:16]]
[2020.11.01-17.10.43:648][  0]LogConfig: Setting CVar [[r.HairStrands.SkyLighting.JitterIntegration:0]]
[2020.11.01-17.10.43:648][  0]LogConfig: Setting CVar [[r.HairStrands.SkyAO.SampleCount:16]]
[2020.11.01-17.10.43:648][  0]LogConfig: Applying CVar settings from Section [Startup] File [../../../Engine/Config/ConsoleVariables.ini]
[2020.11.01-17.10.43:649][  0]LogConfig: Setting CVar [[net.UseAdaptiveNetUpdateFrequency:0]]
[2020.11.01-17.10.43:649][  0]LogConfig: Setting CVar [[p.chaos.AllowCreatePhysxBodies:1]]
[2020.11.01-17.10.43:649][  0]LogConfig: Applying CVar settings from Section [ConsoleVariables] File [C:/Users/Pog/Documents/School/Year 4/Sem 2/AdvancedGames/Assignment 2/Git/AdvGamesProgramming/GameFiles/Saved/Config/Windows/Engine.ini]
[2020.11.01-17.10.43:649][  0]LogInit: Computer: RAZER-BLADE-201
[2020.11.01-17.10.43:649][  0]LogInit: User: Jack
[2020.11.01-17.10.43:649][  0]LogInit: CPU Page size=4096, Cores=4
[2020.11.01-17.10.43:649][  0]LogInit: High frequency timer resolution =10.000000 MHz
[2020.11.01-17.10.43:649][  0]LogMemory: Memory total: Physical=15.9GB (16GB approx)
[2020.11.01-17.10.43:650][  0]LogMemory: Platform Memory Stats for Windows
[2020.11.01-17.10.43:650][  0]LogMemory: Process Physical Memory: 104.81 MB used, 104.82 MB peak
[2020.11.01-17.10.43:650][  0]LogMemory: Process Virtual Memory: 100.53 MB used, 100.53 MB peak
[2020.11.01-17.10.43:650][  0]LogMemory: Physical Memory: 12684.68 MB used,  3592.02 MB free, 16276.70 MB total
[2020.11.01-17.10.43:650][  0]LogMemory: Virtual Memory: 5134.61 MB used,  134212592.00 MB free, 134217728.00 MB total
[2020.11.01-17.10.43:656][  0]LogWindows: WindowsPlatformFeatures enabled
[2020.11.01-17.10.43:688][  0]LogInit: Using OS detected language (en-US).
[2020.11.01-17.10.43:688][  0]LogInit: Using OS detected locale (en-AU).
[2020.11.01-17.10.43:689][  0]LogTextLocalizationManager: No specific localization for 'en-US' exists, so the 'en' localization will be used.
[2020.11.01-17.10.43:959][  0]LogInit: Setting process to per monitor DPI aware
[2020.11.01-17.10.44:029][  0]LogSlate: New Slate User Created.  User Index 0, Is Virtual User: 0
[2020.11.01-17.10.44:029][  0]LogSlate: Slate User Registered.  User Index 0, Is Virtual User: 0
[2020.11.01-17.10.44:306][  0]LogD3D11RHI: D3D11 min allowed feature level: 11_0
[2020.11.01-17.10.44:306][  0]LogD3D11RHI: D3D11 max allowed feature level: 11_0
[2020.11.01-17.10.44:306][  0]LogD3D11RHI: D3D11 adapters:
[2020.11.01-17.10.44:414][  0]LogD3D11RHI:    0. 'NVIDIA GeForce GTX 1060' (Feature Level 11_0)
[2020.11.01-17.10.44:414][  0]LogD3D11RHI:       6052/0/8138 MB DedicatedVideo/DedicatedSystem/SharedSystem, Outputs:1, VendorId:0x10de
[2020.11.01-17.10.44:479][  0]LogD3D11RHI:    1. 'Intel(R) HD Graphics 530' (Feature Level 11_0)
[2020.11.01-17.10.44:479][  0]LogD3D11RHI:       128/0/8138 MB DedicatedVideo/DedicatedSystem/SharedSystem, Outputs:1, VendorId:0x8086
[2020.11.01-17.10.44:483][  0]LogD3D11RHI:    2. 'Microsoft Basic Render Driver' (Feature Level 11_0)
[2020.11.01-17.10.44:483][  0]LogD3D11RHI:       0/0/8138 MB DedicatedVideo/DedicatedSystem/SharedSystem, Outputs:0, VendorId:0x1414
[2020.11.01-17.10.44:483][  0]LogD3D11RHI: Chosen D3D11 Adapter: 0
[2020.11.01-17.10.44:501][  0]LogD3D11RHI: Creating new Direct3DDevice
[2020.11.01-17.10.44:501][  0]LogD3D11RHI:     GPU DeviceId: 0x1c20 (for the marketing name, search the web for "GPU Device Id")
[2020.11.01-17.10.44:501][  0]LogWindows: EnumDisplayDevices:
[2020.11.01-17.10.44:502][  0]LogWindows:    0. 'Intel(R) HD Graphics 530' (P:0 D:1)
[2020.11.01-17.10.44:502][  0]LogWindows:    1. 'Intel(R) HD Graphics 530' (P:0 D:0)
[2020.11.01-17.10.44:503][  0]LogWindows:    2. 'Intel(R) HD Graphics 530' (P:0 D:0)
[2020.11.01-17.10.44:503][  0]LogWindows:    3. 'NVIDIA GeForce GTX 1060' (P:1 D:1)
[2020.11.01-17.10.44:503][  0]LogWindows: DebugString: PrimaryIsNotTheChoosenAdapter PrimaryIsNotTheChoosenAdapter PrimaryIsNotTheChoosenAdapter 
[2020.11.01-17.10.44:503][  0]LogD3D11RHI:     Adapter Name: NVIDIA GeForce GTX 1060
[2020.11.01-17.10.44:504][  0]LogD3D11RHI:   Driver Version: 452.06 (internal:27.21.14.5206, unified:452.06)
[2020.11.01-17.10.44:504][  0]LogD3D11RHI:      Driver Date: 8-12-2020
[2020.11.01-17.10.44:504][  0]LogRHI: Texture pool is 4236 MB (70% of 6052 MB)
[2020.11.01-17.10.44:585][  0]LogD3D11RHI: RHI has support for 64 bit atomics
[2020.11.01-17.10.44:585][  0]LogD3D11RHI: Async texture creation enabled
[2020.11.01-17.10.44:639][  0]LogD3D11RHI: GPU Timing Frequency: 1000.000000 (Debug: 2 1)
[2020.11.01-17.10.45:129][  0]LogTargetPlatformManager: Display: Loaded TargetPlatform 'AllDesktop'
[2020.11.01-17.10.45:176][  0]LogTargetPlatformManager: Display: Loaded TargetPlatform 'Android'
[2020.11.01-17.10.45:176][  0]LogTargetPlatformManager: Display: Loaded TargetPlatform 'Android_ASTC'
[2020.11.01-17.10.45:176][  0]LogTargetPlatformManager: Display: Loaded TargetPlatform 'Android_ATC'
[2020.11.01-17.10.45:176][  0]LogTargetPlatformManager: Display: Loaded TargetPlatform 'Android_DXT'
[2020.11.01-17.10.45:176][  0]LogTargetPlatformManager: Display: Loaded TargetPlatform 'Android_ETC1'
[2020.11.01-17.10.45:176][  0]LogTargetPlatformManager: Display: Loaded TargetPlatform 'Android_ETC1a'
[2020.11.01-17.10.45:176][  0]LogTargetPlatformManager: Display: Loaded TargetPlatform 'Android_ETC2'
[2020.11.01-17.10.45:176][  0]LogTargetPlatformManager: Display: Loaded TargetPlatform 'Android_PVRTC'
[2020.11.01-17.10.45:176][  0]LogTargetPlatformManager: Display: Loaded TargetPlatform 'AndroidClient'
[2020.11.01-17.10.45:177][  0]LogTargetPlatformManager: Display: Loaded TargetPlatform 'Android_ASTCClient'
[2020.11.01-17.10.45:177][  0]LogTargetPlatformManager: Display: Loaded TargetPlatform 'Android_ATCClient'
[2020.11.01-17.10.45:177][  0]LogTargetPlatformManager: Display: Loaded TargetPlatform 'Android_DXTClient'
[2020.11.01-17.10.45:177][  0]LogTargetPlatformManager: Display: Loaded TargetPlatform 'Android_ETC1Client'
[2020.11.01-17.10.45:177][  0]LogTargetPlatformManager: Display: Loaded TargetPlatform 'Android_ETC1aClient'
[2020.11.01-17.10.45:177][  0]LogTargetPlatformManager: Display: Loaded TargetPlatform 'Android_ETC2Client'
[2020.11.01-17.10.45:177][  0]LogTargetPlatformManager: Display: Loaded TargetPlatform 'Android_PVRTCClient'
[2020.11.01-17.10.45:177][  0]LogTargetPlatformManager: Display: Loaded TargetPlatform 'Android_Multi'
[2020.11.01-17.10.45:177][  0]LogTargetPlatformManager: Display: Loaded TargetPlatform 'Android_MultiClient'
[2020.11.01-17.10.45:208][  0]LogTargetPlatformManager: Display: Loaded TargetPlatform 'IOSClient'
[2020.11.01-17.10.45:208][  0]LogTargetPlatformManager: Display: Loaded TargetPlatform 'IOS'
[2020.11.01-17.10.45:223][  0]LogTargetPlatformManager: Display: Loaded TargetPlatform 'LinuxNoEditor'
[2020.11.01-17.10.45:238][  0]LogTargetPlatformManager: Display: Loaded TargetPlatform 'LinuxClient'
[2020.11.01-17.10.45:253][  0]LogTargetPlatformManager: Display: Loaded TargetPlatform 'LinuxServer'
[2020.11.01-17.10.45:266][  0]LogTargetPlatformManager: Display: Loaded TargetPlatform 'LinuxAArch64NoEditor'
[2020.11.01-17.10.45:279][  0]LogTargetPlatformManager: Display: Loaded TargetPlatform 'LinuxAArch64Client'
[2020.11.01-17.10.45:291][  0]LogTargetPlatformManager: Display: Loaded TargetPlatform 'LinuxAArch64Server'
[2020.11.01-17.10.45:336][  0]LogTargetPlatformManager: Display: Loaded TargetPlatform 'Lumin'
[2020.11.01-17.10.45:336][  0]LogTargetPlatformManager: Display: Loaded TargetPlatform 'LuminClient'
[2020.11.01-17.10.45:357][  0]LogTargetPlatformManager: Display: Loaded TargetPlatform 'TVOSClient'
[2020.11.01-17.10.45:357][  0]LogTargetPlatformManager: Display: Loaded TargetPlatform 'TVOS'
[2020.11.01-17.10.45:370][  0]LogTargetPlatformManager: Display: Loaded TargetPlatform 'WindowsNoEditor'
[2020.11.01-17.10.45:385][  0]LogTargetPlatformManager: Display: Loaded TargetPlatform 'Windows'
[2020.11.01-17.10.45:401][  0]LogTargetPlatformManager: Display: Loaded TargetPlatform 'WindowsClient'
[2020.11.01-17.10.45:412][  0]LogTargetPlatformManager: Display: Loaded TargetPlatform 'WindowsServer'
[2020.11.01-17.10.45:412][  0]LogTargetPlatformManager: Display: Building Assets For Windows
[2020.11.01-17.10.45:416][  0]LogAudioDebug: Display: Lib vorbis DLL was dynamically loaded.
[2020.11.01-17.10.45:458][  0]LogShaderCompilers: Guid format shader working directory is -74 characters bigger than the processId version (../../../../../../Users/Pog/Documents/School/Year 4/Sem 2/AdvancedGames/Assignment 2/Git/AdvGamesProgramming/GameFiles/Intermediate/Shaders/WorkingDirectory/4536/).
[2020.11.01-17.10.45:458][  0]LogShaderCompilers: Cleaned the shader compiler working directory 'C:/Users/Pog/AppData/Local/Temp/UnrealShaderWorkingDir/6438FD3E4190A16AC1E9A9AA5352297C/'.
[2020.11.01-17.10.45:459][  0]LogXGEController: Cleaning working directory: C:/Users/Pog/AppData/Local/Temp/UnrealXGEWorkingDir/
[2020.11.01-17.10.45:459][  0]LogXGEController: Cannot use XGE Controller as Incredibuild is not installed on this machine.
[2020.11.01-17.10.45:460][  0]LogShaderCompilers: Cannot use XGE Shader Compiler as Incredibuild is not installed on this machine.
[2020.11.01-17.10.45:460][  0]LogShaderCompilers: Display: Using Local Shader Compiler.
[2020.11.01-17.10.46:582][  0]LogDerivedDataCache: Display: Max Cache Size: 512 MB
[2020.11.01-17.10.46:675][  0]LogDerivedDataCache: Loaded boot cache 0.09s 96MB C:/Users/Pog/AppData/Local/UnrealEngine/4.24/DerivedDataCache/Boot.ddc.
[2020.11.01-17.10.46:675][  0]LogDerivedDataCache: Display: Loaded Boot cache: C:/Users/Pog/AppData/Local/UnrealEngine/4.24/DerivedDataCache/Boot.ddc
[2020.11.01-17.10.46:675][  0]LogDerivedDataCache: FDerivedDataBackendGraph:  Pak pak cache file ../../../../../../Users/Pog/Documents/School/Year 4/Sem 2/AdvancedGames/Assignment 2/Git/AdvGamesProgramming/GameFiles/DerivedDataCache/DDC.ddp not found, will not use a pak cache.
[2020.11.01-17.10.46:675][  0]LogDerivedDataCache: Unable to find inner node Pak for hierarchical cache Hierarchy.
[2020.11.01-17.10.46:676][  0]LogDerivedDataCache: FDerivedDataBackendGraph:  CompressedPak pak cache file ../../../../../../Users/Pog/Documents/School/Year 4/Sem 2/AdvancedGames/Assignment 2/Git/AdvGamesProgramming/GameFiles/DerivedDataCache/Compressed.ddp not found, will not use a pak cache.
[2020.11.01-17.10.46:676][  0]LogDerivedDataCache: Unable to find inner node CompressedPak for hierarchical cache Hierarchy.
[2020.11.01-17.10.46:691][  0]LogDerivedDataCache: Display: Pak cache opened for reading ../../../Engine/DerivedDataCache/Compressed.ddp.
[2020.11.01-17.10.46:691][  0]LogDerivedDataCache: FDerivedDataBackendGraph:  EnterprisePak pak cache file ../../../Enterprise/DerivedDataCache/Compressed.ddp not found, will not use a pak cache.
[2020.11.01-17.10.46:691][  0]LogDerivedDataCache: Unable to find inner node EnterprisePak for hierarchical cache Hierarchy.
[2020.11.01-17.10.46:693][  0]LogDerivedDataCache: Using Local data cache path C:/Users/Pog/AppData/Local/UnrealEngine/Common/DerivedDataCache: Writable
[2020.11.01-17.10.46:693][  0]LogDerivedDataCache: Shared data cache path not found in *engine.ini, will not use an Shared cache.
[2020.11.01-17.10.46:693][  0]LogDerivedDataCache: Unable to find inner node Shared for hierarchical cache Hierarchy.
[2020.11.01-17.10.46:742][  0]LogMaterial: Verifying Global Shaders for PCD3D_SM5
[2020.11.01-17.10.46:747][  0]LogSlate: Using FreeType 2.10.0
[2020.11.01-17.10.46:748][  0]LogSlate: SlateFontServices - WITH_FREETYPE: 1, WITH_HARFBUZZ: 1
[2020.11.01-17.10.46:824][  0]LogAssetRegistry: FAssetRegistry took 0.0048 seconds to start up
[2020.11.01-17.10.47:322][  0]LogInit: Selected Device Profile: [Windows]
[2020.11.01-17.10.47:618][  0]LogMeshReduction: Using QuadricMeshReduction for automatic static mesh reduction
[2020.11.01-17.10.47:618][  0]LogMeshReduction: Using SimplygonMeshReduction for automatic skeletal mesh reduction
[2020.11.01-17.10.47:618][  0]LogMeshReduction: Using ProxyLODMeshReduction for automatic mesh merging
[2020.11.01-17.10.47:618][  0]LogMeshReduction: No distributed automatic mesh merging module available
[2020.11.01-17.10.47:618][  0]LogMeshMerging: No distributed automatic mesh merging module available
[2020.11.01-17.10.47:639][  0]LogNetVersion: AdvGamesProgramming 1.0.0, NetCL: 10570792, EngineNetVer: 13, GameNetVer: 0 (Checksum: 489682494)
[2020.11.01-17.10.49:273][  0]LogPackageLocalizationCache: Processed 8 localized package path(s) for 1 prioritized culture(s) in 0.072718 seconds
[2020.11.01-17.10.49:283][  0]LogUObjectArray: 46098 objects as part of root set at end of initial load.
[2020.11.01-17.10.49:283][  0]LogUObjectAllocator: 8030680 out of 0 bytes used by permanent object pool.
[2020.11.01-17.10.49:283][  0]LogUObjectArray: CloseDisregardForGC: 0/0 objects in disregard for GC pool
[2020.11.01-17.10.49:846][  0]LogTcpMessaging: Initializing TcpMessaging bridge
[2020.11.01-17.10.49:850][  0]LogUdpMessaging: Initializing bridge on interface 0.0.0.0:0 to multicast group 230.0.0.1:6666.
[2020.11.01-17.10.50:022][  0]LogBlueprint: Warning: [Compiler Ue4ASP_Character] InputAction Event references unknown Action 'Crouch' for  InputAction Crouch
[2020.11.01-17.10.50:022][  0]LogBlueprint: Warning: [Compiler Ue4ASP_Character] Input Axis Event references unknown Axis 'MoveRight' for  InputAxis MoveRight
[2020.11.01-17.10.50:911][  0]SourceControl: Source control is disabled
[2020.11.01-17.10.50:911][  0]SourceControl: Source control is disabled
[2020.11.01-17.10.50:912][  0]SourceControl: Source control is disabled
[2020.11.01-17.10.50:914][  0]SourceControl: Source control is disabled
[2020.11.01-17.10.50:915][  0]SourceControl: Source control is disabled
[2020.11.01-17.10.51:027][  0]LogAndroidPermission: UAndroidPermissionCallbackProxy::GetInstance
[2020.11.01-17.10.51:040][  0]LogAudioCaptureCore: Display: No Audio Capture implementations found. Audio input will be silent.
[2020.11.01-17.10.51:040][  0]LogAudioCaptureCore: Display: No Audio Capture implementations found. Audio input will be silent.
[2020.11.01-17.10.51:173][  0]LogEngine: Initializing Engine...
[2020.11.01-17.10.51:177][  0]LogStats: UGameplayTagsManager::InitializeManager -  0.000 s
[2020.11.01-17.10.51:682][  0]LogInit: Initializing FReadOnlyCVARCache
[2020.11.01-17.10.51:695][  0]LogAIModule: Creating AISystem for world Untitled
[2020.11.01-17.10.51:716][  0]LogAudioMixer: Display: Audio Mixer Platform Settings:
[2020.11.01-17.10.51:716][  0]LogAudioMixer: Display: 	Sample Rate:						  48000
[2020.11.01-17.10.51:716][  0]LogAudioMixer: Display: 	Callback Buffer Frame Size Requested: 1024
[2020.11.01-17.10.51:716][  0]LogAudioMixer: Display: 	Callback Buffer Frame Size To Use:	  1024
[2020.11.01-17.10.51:716][  0]LogAudioMixer: Display: 	Number of buffers to queue:			  2
[2020.11.01-17.10.51:716][  0]LogAudioMixer: Display: 	Max Channels (voices):				  32
[2020.11.01-17.10.51:716][  0]LogAudioMixer: Display: 	Number of Async Source Workers:		  0
[2020.11.01-17.10.51:716][  0]LogAudio: Display: AudioDevice MaxSources: 32
[2020.11.01-17.10.51:717][  0]LogAudio: Display: Using built-in audio occlusion.
[2020.11.01-17.10.51:717][  0]LogAudioMixer: Display: Initializing audio mixer.
[2020.11.01-17.10.51:909][  0]LogAudioMixer: Display: Audio Device Output Speaker Info:
[2020.11.01-17.10.51:909][  0]LogAudioMixer: Display: Name: Headphones (BLE_ATH-M50xBT Stereo)
[2020.11.01-17.10.51:909][  0]LogAudioMixer: Display: Is Default: Yes
[2020.11.01-17.10.51:909][  0]LogAudioMixer: Display: Sample Rate: 44100
[2020.11.01-17.10.51:909][  0]LogAudioMixer: Display: Channel Count Used: 2
[2020.11.01-17.10.51:909][  0]LogAudioMixer: Display: Device Channel Count: 2
[2020.11.01-17.10.51:909][  0]LogAudioMixer: Display: Channel Order:
[2020.11.01-17.10.51:909][  0]LogAudioMixer: Display: 0: FrontLeft
[2020.11.01-17.10.51:909][  0]LogAudioMixer: Display: 1: FrontRight
[2020.11.01-17.10.51:932][  0]LogAudioMixer: Display: Using Audio Device Headphones (BLE_ATH-M50xBT Stereo)
[2020.11.01-17.10.51:940][  0]LogInit: FAudioDevice initialized.
[2020.11.01-17.10.51:940][  0]LogNetVersion: Set ProjectVersion to 1.0.0.0. Version Checksum will be recalculated on next use.
[2020.11.01-17.10.52:008][  0]LogDerivedDataCache: Saved boot cache 0.07s 96MB C:/Users/Pog/AppData/Local/UnrealEngine/4.24/DerivedDataCache/Boot.ddc.
[2020.11.01-17.10.52:021][  0]LogInit: Texture streaming: Enabled
[2020.11.01-17.10.52:034][  0]LogEngineSessionManager: EngineSessionManager initialized
[2020.11.01-17.10.52:034][  0]LogEngineSessionManager: EngineSessionManager sent abnormal shutdown report. Type=Crashed, SessionId={41542564-4BC6-1D8E-4FAA-7DA8C8B6EFC7}
[2020.11.01-17.10.52:034][  0]LogEditorSessionSummary: Verbose: Initializing EditorSessionSummaryWriter for editor session tracking
[2020.11.01-17.10.52:037][  0]LogEditorSessionSummary: EditorSessionSummaryWriter initialized
[2020.11.01-17.10.52:120][  0]LogInit: Transaction tracking system initialized
[2020.11.01-17.10.52:132][  0]BlueprintLog: New page: Editor Load
[2020.11.01-17.10.52:172][  0]LocalizationService: Localization service is disabled
[2020.11.01-17.10.52:607][  0]LogFileCache: Scanning file cache for directory 'C:/Users/Pog/Documents/School/Year 4/Sem 2/AdvancedGames/Assignment 2/Git/AdvGamesProgramming/GameFiles/Content/' took 0.01s
[2020.11.01-17.10.52:607][  0]LogCook: Display: Max memory allowance for cook 16384mb min free memory 0mb
[2020.11.01-17.10.52:607][  0]LogCook: Display: Mobile HDR setting 1
[2020.11.01-17.10.52:756][  0]SourceControl: Source control is disabled
[2020.11.01-17.10.52:757][  0]LightingResults: New page: Lighting Build
[2020.11.01-17.10.52:758][  0]LogWorld: UWorld::CleanupWorld for Untitled, bSessionEnded=true, bCleanupResources=true
[2020.11.01-17.10.52:758][  0]LogSlate: InvalidateAllWidgets triggered.  All widgets were invalidated
[2020.11.01-17.10.52:758][  0]MapCheck: New page: Map Check
[2020.11.01-17.10.52:758][  0]LightingResults: New page: Lighting Build
[2020.11.01-17.10.52:798][  0]LogUObjectHash: Compacting FUObjectHashTables data took   3.04ms
[2020.11.01-17.10.53:566][  0]LogAIModule: Creating AISystem for world TestingMap
[2020.11.01-17.10.53:578][  0]LogEditorServer: Finished looking for orphan Actors (0.000 secs)
[2020.11.01-17.10.53:619][  0]LogUObjectHash: Compacting FUObjectHashTables data took   4.32ms
[2020.11.01-17.10.53:619][  0]Cmd: MAP CHECKDEP NOCLEARLOG
[2020.11.01-17.10.53:619][  0]MapCheck: Map check complete: 0 Error(s), 0 Warning(s), took 0.224ms to complete.
[2020.11.01-17.10.53:619][  0]LogFileHelpers: Loading map 'TestingMap' took 0.864
[2020.11.01-17.10.53:828][  0]LogSlate: Updating window title bar state: overlay mode, drag disabled, window buttons hidden, title bar hidden
[2020.11.01-17.10.53:839][  0]LogSlate: Updating window title bar state: overlay mode, drag disabled, window buttons hidden, title bar hidden
[2020.11.01-17.10.53:848][  0]LogSlate: Updating window title bar state: overlay mode, drag disabled, window buttons hidden, title bar hidden
[2020.11.01-17.10.53:858][  0]LogSlate: Updating window title bar state: overlay mode, drag disabled, window buttons hidden, title bar hidden
[2020.11.01-17.10.53:872][  0]LogCollectionManager: Loaded 0 collections in 0.003155 seconds
[2020.11.01-17.10.53:893][  0]LogFileCache: Scanning file cache for directory 'C:/Users/Pog/Documents/School/Year 4/Sem 2/AdvancedGames/Assignment 2/Git/AdvGamesProgramming/GameFiles/Saved/Collections/' took 0.00s
[2020.11.01-17.10.53:893][  0]LogFileCache: Scanning file cache for directory 'C:/Users/Pog/Documents/School/Year 4/Sem 2/AdvancedGames/Assignment 2/Git/AdvGamesProgramming/GameFiles/Content/Developers/Jack/Collections/' took 0.00s
[2020.11.01-17.10.53:893][  0]LogFileCache: Scanning file cache for directory 'C:/Users/Pog/Documents/School/Year 4/Sem 2/AdvancedGames/Assignment 2/Git/AdvGamesProgramming/GameFiles/Content/Collections/' took 0.00s
[2020.11.01-17.10.53:893][  0]LogContentBrowser: Native class hierarchy populated in 0.0135 seconds. Added 3021 classes and 706 folders.
[2020.11.01-17.10.53:896][  0]LogContentBrowser: Native class hierarchy updated for 'WidgetCarousel' in 0.0004 seconds. Added 0 classes and 0 folders.
[2020.11.01-17.10.53:969][  0]LogContentBrowser: Native class hierarchy updated for 'AddContentDialog' in 0.0006 seconds. Added 0 classes and 0 folders.
[2020.11.01-17.10.54:021][  0]LogSlate: Took 0.000258 seconds to synchronously load lazily loaded font '../../../Engine/Content/Slate/Fonts/Roboto-Regular.ttf' (155K)
[2020.11.01-17.10.54:027][  0]LogSlate: Took 0.000292 seconds to synchronously load lazily loaded font '../../../Engine/Content/Slate/Fonts/Roboto-Bold.ttf' (160K)
[2020.11.01-17.10.54:032][  0]LogSlate: Took 0.000210 seconds to synchronously load lazily loaded font '../../../Engine/Content/Editor/Slate/Fonts/FontAwesome.ttf' (139K)
[2020.11.01-17.10.54:032][  0]LogSlate: Took 0.000127 seconds to synchronously load lazily loaded font '../../../Engine/Content/Slate/Fonts/DroidSansMono.ttf' (77K)
[2020.11.01-17.10.54:177][  0]LogRenderer: Reallocating scene render targets to support 1176x596 Format 10 NumSamples 1 (Frame:1).
[2020.11.01-17.10.54:332][  0]LogContentBrowser: Native class hierarchy updated for 'HierarchicalLODOutliner' in 0.0005 seconds. Added 0 classes and 0 folders.
[2020.11.01-17.10.54:332][  0]LogLoad: (Engine Initialization) Total time: 12.74 seconds
[2020.11.01-17.10.54:332][  0]LogLoad: (Engine Initialization) Total Blueprint compile time: 0.00 seconds
[2020.11.01-17.10.54:396][  0]LogContentStreaming: Texture pool size now 1000 MB
[2020.11.01-17.10.54:424][  1]LogAssetRegistry: Asset discovery search completed in 7.6021 seconds
[2020.11.01-17.10.54:428][  1]LogCollectionManager: Fixed up redirectors for 0 collections in 0.000011 seconds (updated 0 objects)
[2020.11.01-17.10.59:410][439]LogFileCache: Retrieving MD5 hashes for directory 'C:/Users/Pog/Documents/School/Year 4/Sem 2/AdvancedGames/Assignment 2/Git/AdvGamesProgramming/GameFiles/Content/' took 5.06s
[2020.11.01-17.11.45:907][ 65]LogHotReload: New module detected: UE4Editor-AdvGamesProgramming-0001.dll
[2020.11.01-17.11.47:326][ 70]LogHotReload: Starting Hot-Reload from IDE
[2020.11.01-17.11.47:341][ 70]LogSlate: Took 0.000299 seconds to synchronously load lazily loaded font '../../../Engine/Content/Slate/Fonts/Roboto-Light.ttf' (167K)
[2020.11.01-17.11.47:415][ 70]LogUObjectHash: Compacting FUObjectHashTables data took   1.73ms
[2020.11.01-17.11.47:521][ 70]LogClass: AgentState HotReload.
[2020.11.01-17.11.47:521][ 70]LogClass: WeaponPickupRarity HotReload.
[2020.11.01-17.11.47:558][ 70]LogContentBrowser: Native class hierarchy updated for 'AdvGamesProgramming' in 0.0009 seconds. Added 22 classes and 2 folders.
[2020.11.01-17.11.47:565][ 70]Display: HotReload successful (26 functions remapped  0 scriptstructs remapped)
[2020.11.01-17.11.47:697][ 70]LogUObjectHash: Compacting FUObjectHashTables data took   2.73ms
[2020.11.01-17.11.47:713][ 70]LogContentBrowser: Native class hierarchy populated in 0.0151 seconds. Added 3021 classes and 706 folders.
[2020.11.01-17.11.47:734][ 70]Display: HotReload took  0.4s.
[2020.11.01-17.11.50:918][168]LogTemp: Repeating last play command: Selected Viewport
[2020.11.01-17.11.50:950][168]LogBlueprintUserMessages: Early PlayInEditor Detection: Level '/Game/Levels/TestingMap.TestingMap:PersistentLevel' has LevelScriptBlueprint '/Game/Levels/TestingMap.TestingMap:PersistentLevel.TestingMap' with GeneratedClass '/Game/Levels/TestingMap.TestingMap_C' with ClassGeneratedBy '/Game/Levels/TestingMap.TestingMap:PersistentLevel.TestingMap'
[2020.11.01-17.11.50:951][168]LogPlayLevel: PlayLevel: No blueprints needed recompiling
[2020.11.01-17.11.50:951][168]PIE: New page: PIE session: TestingMap (2 Nov 2020, 3:11:50 pm)
[2020.11.01-17.11.50:953][168]LogOnline: OSS: Creating online subsystem instance for: NULL
[2020.11.01-17.11.50:954][168]LogOnline: OSS: TryLoadSubsystemAndSetDefault: Loaded subsystem for module [NULL]
[2020.11.01-17.11.50:954][168]LogPlayLevel: Creating play world package: /Game/Levels/UEDPIE_1_TestingMap
[2020.11.01-17.11.50:997][168]LogPlayLevel: PIE: StaticDuplicateObject took: (0.042719s)
[2020.11.01-17.11.50:999][168]LogAIModule: Creating AISystem for world TestingMap
[2020.11.01-17.11.50:999][168]LogPlayLevel: PIE: World Init took: (0.002126s)
[2020.11.01-17.11.50:999][168]LogPlayLevel: PIE: Created PIE world by copying editor world from /Game/Levels/TestingMap.TestingMap to /Game/Levels/UEDPIE_1_TestingMap.TestingMap (0.045358s)
[2020.11.01-17.11.51:038][168]LogUObjectHash: Compacting FUObjectHashTables data took   2.05ms
[2020.11.01-17.11.51:047][168]LogLoad: Game class is 'MultiplayerGameModeBlueprint_C'
[2020.11.01-17.11.51:052][168]LogWorld: Bringing World /Game/Levels/UEDPIE_1_TestingMap.TestingMap up for play (max tick rate 0) at 2020.11.02-04.11.51
[2020.11.01-17.11.51:052][168]LogWorld: Bringing up level for play took: 0.002358
[2020.11.01-17.11.51:054][168]LogNet: ReplicationDriverClass is null! Not using ReplicationDriver.
[2020.11.01-17.11.51:054][168]LogNetCore: DDoS detection status: detection enabled: 0 analytics enabled: 0
[2020.11.01-17.11.51:057][168]LogInit: WinSock: I am Razer-Blade-2017 (10.0.0.41:0)
[2020.11.01-17.11.51:057][168]LogInit: WinSock: Socket queue. Rx: 131072 (config 131072) Tx: 131072 (config 131072)
[2020.11.01-17.11.51:057][168]PacketHandlerLog: Loaded PacketHandler component: Engine.EngineHandlerComponentFactory (StatelessConnectHandlerComponent)
[2020.11.01-17.11.51:057][168]LogNet: GameNetDriver IpNetDriver_0 IpNetDriver listening on port 17777
[2020.11.01-17.11.51:057][168]LogGameMode: Display: Match State Changed from EnteringMap to WaitingToStart
[2020.11.01-17.11.51:057][168]LogTemp: Warning: X=1000.000 Y=-250.000 Z=50.000
[2020.11.01-17.11.51:064][168]LogGameState: Match State Changed from EnteringMap to WaitingToStart
[2020.11.01-17.11.51:064][168]PIE: Play in editor start time for /Game/Levels/UEDPIE_1_TestingMap -0.229
[2020.11.01-17.11.51:067][168]LogAudioMixer: Display: Audio Mixer Platform Settings:
[2020.11.01-17.11.51:067][168]LogAudioMixer: Display: 	Sample Rate:						  48000
[2020.11.01-17.11.51:067][168]LogAudioMixer: Display: 	Callback Buffer Frame Size Requested: 1024
[2020.11.01-17.11.51:067][168]LogAudioMixer: Display: 	Callback Buffer Frame Size To Use:	  1024
[2020.11.01-17.11.51:067][168]LogAudioMixer: Display: 	Number of buffers to queue:			  2
[2020.11.01-17.11.51:067][168]LogAudioMixer: Display: 	Max Channels (voices):				  32
[2020.11.01-17.11.51:067][168]LogAudioMixer: Display: 	Number of Async Source Workers:		  0
[2020.11.01-17.11.51:067][168]LogAudio: Display: AudioDevice MaxSources: 32
[2020.11.01-17.11.51:068][168]LogAudio: Display: Using built-in audio occlusion.
[2020.11.01-17.11.51:068][168]LogAudioMixer: Display: Initializing audio mixer.
[2020.11.01-17.11.51:224][168]LogAudioMixer: Display: Audio Device Output Speaker Info:
[2020.11.01-17.11.51:224][168]LogAudioMixer: Display: Name: Headphones (BLE_ATH-M50xBT Stereo)
[2020.11.01-17.11.51:224][168]LogAudioMixer: Display: Is Default: Yes
[2020.11.01-17.11.51:224][168]LogAudioMixer: Display: Sample Rate: 44100
[2020.11.01-17.11.51:224][168]LogAudioMixer: Display: Channel Count Used: 2
[2020.11.01-17.11.51:224][168]LogAudioMixer: Display: Device Channel Count: 2
[2020.11.01-17.11.51:224][168]LogAudioMixer: Display: Channel Order:
[2020.11.01-17.11.51:224][168]LogAudioMixer: Display: 0: FrontLeft
[2020.11.01-17.11.51:224][168]LogAudioMixer: Display: 1: FrontRight
[2020.11.01-17.11.51:240][168]LogAudioMixer: Display: Using Audio Device Headphones (BLE_ATH-M50xBT Stereo)
[2020.11.01-17.11.51:242][168]LogInit: FAudioDevice initialized.
[2020.11.01-17.11.51:251][168]LogNet: Browse: 127.0.0.1:17777//Game/Levels/TestingMap
[2020.11.01-17.11.51:252][168]LogInit: WinSock: Socket queue. Rx: 32768 (config 32768) Tx: 32768 (config 32768)
[2020.11.01-17.11.51:252][168]PacketHandlerLog: Loaded PacketHandler component: Engine.EngineHandlerComponentFactory (StatelessConnectHandlerComponent)
[2020.11.01-17.11.51:253][168]LogNet: Game client on port 17777, rate 10000
[2020.11.01-17.11.51:253][168]PIE: Play in editor start time for /Game/Levels/TestingMap -0.042
[2020.11.01-17.11.51:316][168]LogSlate: Updating window title bar state: overlay mode, drag disabled, window buttons hidden, title bar hidden
[2020.11.01-17.11.51:316][168]LogNet: Browse: 127.0.0.1:17777//Game/Levels/TestingMap
[2020.11.01-17.11.51:317][168]LogInit: WinSock: Socket queue. Rx: 32768 (config 32768) Tx: 32768 (config 32768)
[2020.11.01-17.11.51:318][168]PacketHandlerLog: Loaded PacketHandler component: Engine.EngineHandlerComponentFactory (StatelessConnectHandlerComponent)
[2020.11.01-17.11.51:318][168]LogNet: Game client on port 17777, rate 10000
[2020.11.01-17.11.51:321][168]PIE: Play in editor start time for /Game/Levels/TestingMap 0.026
[2020.11.01-17.11.51:332][168]LogBlueprintUserMessages: Late PlayInEditor Detection: Level '/Game/Levels/TestingMap.TestingMap:PersistentLevel' has LevelScriptBlueprint '/Game/Levels/TestingMap.TestingMap:PersistentLevel.TestingMap' with GeneratedClass '/Game/Levels/TestingMap.TestingMap_C' with ClassGeneratedBy '/Game/Levels/TestingMap.TestingMap:PersistentLevel.TestingMap'
[2020.11.01-17.11.51:332][168]LogNet: NotifyAcceptingConnection accepted from: 127.0.0.1:60075
[2020.11.01-17.11.51:332][168]LogHandshake: SendConnectChallenge. Timestamp: 0.010078, Cookie: 186156129177106092111010099091007230058188156149164121122129
[2020.11.01-17.11.51:333][168]LogNet: NotifyAcceptingConnection accepted from: 127.0.0.1:60076
[2020.11.01-17.11.51:333][168]LogHandshake: SendConnectChallenge. Timestamp: 0.010078, Cookie: 015189106031086089027136255085245203204101082055054217043201
[2020.11.01-17.11.51:405][168]LogOnline: OSS: Creating online subsystem instance for: :Context_1
[2020.11.01-17.11.51:408][168]LogHandshake: SendChallengeResponse. Timestamp: 0.010078, Cookie: 186156129177106092111010099091007230058188156149164121122129
[2020.11.01-17.11.51:410][168]LogHandshake: SendChallengeResponse. Timestamp: 0.010078, Cookie: 015189106031086089027136255085245203204101082055054217043201
[2020.11.01-17.11.51:479][169]LogNet: NotifyAcceptingConnection accepted from: 127.0.0.1:60075
[2020.11.01-17.11.51:479][169]LogHandshake: SendChallengeAck. InCookie: 186156129177106092111010099091007230058188156149164121122129
[2020.11.01-17.11.51:480][169]LogNet: Server accepting post-challenge connection from: 127.0.0.1:60075
[2020.11.01-17.11.51:480][169]PacketHandlerLog: Loaded PacketHandler component: Engine.EngineHandlerComponentFactory (StatelessConnectHandlerComponent)
[2020.11.01-17.11.51:480][169]LogNet: NotifyAcceptedConnection: Name: TestingMap, TimeStamp: 11/02/20 04:11:51, [UNetConnection] RemoteAddr: 127.0.0.1:60075, Name: IpConnection_2, Driver: GameNetDriver IpNetDriver_0, IsServer: YES, PC: NULL, Owner: NULL, UniqueId: INVALID
[2020.11.01-17.11.51:480][169]LogNet: AddClientConnection: Added client connection: [UNetConnection] RemoteAddr: 127.0.0.1:60075, Name: IpConnection_2, Driver: GameNetDriver IpNetDriver_0, IsServer: YES, PC: NULL, Owner: NULL, UniqueId: INVALID
[2020.11.01-17.11.51:480][169]LogNet: NotifyAcceptingConnection accepted from: 127.0.0.1:60076
[2020.11.01-17.11.51:480][169]LogHandshake: SendChallengeAck. InCookie: 015189106031086089027136255085245203204101082055054217043201
[2020.11.01-17.11.51:481][169]LogNet: Server accepting post-challenge connection from: 127.0.0.1:60076
[2020.11.01-17.11.51:481][169]PacketHandlerLog: Loaded PacketHandler component: Engine.EngineHandlerComponentFactory (StatelessConnectHandlerComponent)
[2020.11.01-17.11.51:482][169]LogNet: NotifyAcceptedConnection: Name: TestingMap, TimeStamp: 11/02/20 04:11:51, [UNetConnection] RemoteAddr: 127.0.0.1:60076, Name: IpConnection_3, Driver: GameNetDriver IpNetDriver_0, IsServer: YES, PC: NULL, Owner: NULL, UniqueId: INVALID
[2020.11.01-17.11.51:482][169]LogNet: AddClientConnection: Added client connection: [UNetConnection] RemoteAddr: 127.0.0.1:60076, Name: IpConnection_3, Driver: GameNetDriver IpNetDriver_0, IsServer: YES, PC: NULL, Owner: NULL, UniqueId: INVALID
[2020.11.01-17.11.51:484][169]LogNetVersion: AdvGamesProgramming 1.0.0.0, NetCL: 10570792, EngineNetVer: 13, GameNetVer: 0 (Checksum: 1585971074)
[2020.11.01-17.11.51:484][169]LogNet: UPendingNetGame::SendInitialJoin: Sending hello. [UNetConnection] RemoteAddr: 127.0.0.1:17777, Name: IpConnection_0, Driver: PendingNetDriver IpNetDriver_1, IsServer: NO, PC: NULL, Owner: NULL, UniqueId: INVALID
[2020.11.01-17.11.51:485][169]LogNet: UPendingNetGame::SendInitialJoin: Sending hello. [UNetConnection] RemoteAddr: 127.0.0.1:17777, Name: IpConnection_1, Driver: PendingNetDriver IpNetDriver_2, IsServer: NO, PC: NULL, Owner: NULL, UniqueId: INVALID
[2020.11.01-17.11.51:518][170]LogNet: NotifyAcceptingChannel Control 0 server World /Game/Levels/UEDPIE_1_TestingMap.TestingMap: Accepted
[2020.11.01-17.11.51:518][170]LogNet: Remote platform little endian=1
[2020.11.01-17.11.51:518][170]LogNet: This platform little endian=1
[2020.11.01-17.11.51:519][170]LogNet: NotifyAcceptingChannel Control 0 server World /Game/Levels/UEDPIE_1_TestingMap.TestingMap: Accepted
[2020.11.01-17.11.51:519][170]LogNet: Remote platform little endian=1
[2020.11.01-17.11.51:519][170]LogNet: This platform little endian=1
[2020.11.01-17.11.51:520][170]LogOnline: OSS: Creating online subsystem instance for: :Context_2
[2020.11.01-17.11.51:522][170]LogOnline: OSS: Creating online subsystem instance for: :Context_3
[2020.11.01-17.11.51:532][171]LogNet: Login request: /Game/Levels/TestingMap?Name=Razer-Blade-2017-D6E54F5C4BB5AB53981C6A8ECC5714BB userId: NULL:Razer-Blade-2017-D6E54F5C4BB5AB53981C6A8ECC5714BB platform: NULL
[2020.11.01-17.11.51:532][171]LogNet: Login request: /Game/Levels/TestingMap?Name=Razer-Blade-2017-48E180224B50993166F9E2AFFFE2D4E9 userId: NULL:Razer-Blade-2017-48E180224B50993166F9E2AFFFE2D4E9 platform: NULL
[2020.11.01-17.11.51:535][171]LogNet: Welcomed by server (Level: /Game/Levels/UEDPIE_1_TestingMap, Game: /Game/Blueprints/MultiplayerGameModeBlueprint.MultiplayerGameModeBlueprint_C)
[2020.11.01-17.11.51:535][171]LogLoad: LoadMap: 127.0.0.1:17777//Game/Levels/UEDPIE_1_TestingMap?game=/Game/Blueprints/MultiplayerGameModeBlueprint.MultiplayerGameModeBlueprint_C
[2020.11.01-17.11.51:535][171]LogWorld: BeginTearingDown for /Temp/Untitled_1
[2020.11.01-17.11.51:535][171]LogWorld: UWorld::CleanupWorld for Untitled, bSessionEnded=true, bCleanupResources=true
[2020.11.01-17.11.51:535][171]LogSlate: InvalidateAllWidgets triggered.  All widgets were invalidated
[2020.11.01-17.11.51:535][171]LogAudioMixer: Display: No commands were queued while flushing the source manager.
[2020.11.01-17.11.51:571][171]LogUObjectHash: Compacting FUObjectHashTables data took   3.64ms
[2020.11.01-17.11.51:614][171]LogAIModule: Creating AISystem for world TestingMap
[2020.11.01-17.11.51:618][171]LogWorld: Bringing World /Game/Levels/UEDPIE_2_TestingMap.TestingMap up for play (max tick rate 0) at 2020.11.02-04.11.51
[2020.11.01-17.11.51:618][171]LogWorld: Bringing up level for play took: 0.002789
[2020.11.01-17.11.51:619][171]LogNavigation: Warning: Was not able to create navigation data for SupportedAgent[0]: Default
[2020.11.01-17.11.51:620][171]LogLoad: Took 0.084155 seconds to LoadMap(/Game/Levels/UEDPIE_1_TestingMap)
[2020.11.01-17.11.51:620][171]LogNet: Welcomed by server (Level: /Game/Levels/UEDPIE_1_TestingMap, Game: /Game/Blueprints/MultiplayerGameModeBlueprint.MultiplayerGameModeBlueprint_C)
[2020.11.01-17.11.51:621][171]LogLoad: LoadMap: 127.0.0.1:17777//Game/Levels/UEDPIE_1_TestingMap?game=/Game/Blueprints/MultiplayerGameModeBlueprint.MultiplayerGameModeBlueprint_C
[2020.11.01-17.11.51:621][171]LogWorld: BeginTearingDown for /Temp/Untitled_2
[2020.11.01-17.11.51:621][171]LogWorld: UWorld::CleanupWorld for Untitled, bSessionEnded=true, bCleanupResources=true
[2020.11.01-17.11.51:621][171]LogSlate: InvalidateAllWidgets triggered.  All widgets were invalidated
[2020.11.01-17.11.51:621][171]LogAudioMixer: Display: No commands were queued while flushing the source manager.
[2020.11.01-17.11.51:662][171]LogUObjectHash: Compacting FUObjectHashTables data took   4.09ms
[2020.11.01-17.11.51:703][171]LogAIModule: Creating AISystem for world TestingMap
[2020.11.01-17.11.51:705][171]LogWorld: Bringing World /Game/Levels/UEDPIE_3_TestingMap.TestingMap up for play (max tick rate 0) at 2020.11.02-04.11.51
[2020.11.01-17.11.51:705][171]LogWorld: Bringing up level for play took: 0.001439
[2020.11.01-17.11.51:706][171]LogNavigation: Warning: Was not able to create navigation data for SupportedAgent[0]: Default
[2020.11.01-17.11.51:706][171]LogLoad: Took 0.085584 seconds to LoadMap(/Game/Levels/UEDPIE_1_TestingMap)
[2020.11.01-17.11.51:739][172]LogNet: Client netspeed is 10000
[2020.11.01-17.11.51:739][172]LogNet: Join request: /Game/Levels/TestingMap?Name=Razer-Blade-2017-D6E54F5C4BB5AB53981C6A8ECC5714BB?SplitscreenCount=1
[2020.11.01-17.11.51:740][172]LogOnlineSession: Warning: OSS: No game present to join for session (GameSession)
[2020.11.01-17.11.51:741][172]LogGameMode: Display: Match State Changed from WaitingToStart to InProgress
[2020.11.01-17.11.51:744][172]LogGameState: Match State Changed from WaitingToStart to InProgress
[2020.11.01-17.11.51:744][172]LogNet: Join succeeded: Razer-Blade-2017-D6E
[2020.11.01-17.11.51:744][172]LogNet: Client netspeed is 10000
[2020.11.01-17.11.51:744][172]LogNet: Join request: /Game/Levels/TestingMap?Name=Razer-Blade-2017-48E180224B50993166F9E2AFFFE2D4E9?SplitscreenCount=1
[2020.11.01-17.11.51:744][172]LogOnlineSession: Warning: OSS: No game present to join for session (GameSession)
[2020.11.01-17.11.51:746][172]LogNet: Join succeeded: Razer-Blade-2017-48E
[2020.11.01-17.11.51:769][173]LogRenderer: Reallocating scene render targets to support 1280x720 Format 10 NumSamples 1 (Frame:1).
[2020.11.01-17.11.52:139][190]LogOnlineSession: Warning: OSS: No game present to join for session (GameSession)
[2020.11.01-17.11.52:208][194]LogOnlineSession: Warning: OSS: No game present to join for session (GameSession)
[2020.11.01-17.11.52:261][197]LogOnlineSession: Warning: OSS: No game present to join for session (GameSession)
[2020.11.01-17.11.52:292][199]LogTemp: Warning: X=1000.000 Y=-250.000 Z=50.000
[2020.11.01-17.11.52:296][199]LogTemp: Warning: HealthBar set to: 1.000000
[2020.11.01-17.11.52:324][201]LogTemp: Warning: X=1000.000 Y=-250.000 Z=50.000
[2020.11.01-17.11.52:327][201]LogTemp: Warning: HealthBar set to: 1.000000
[2020.11.01-17.11.52:453][208]LogOnlineSession: Warning: OSS: No game present to join for session (GameSession)
[2020.11.01-17.11.56:017][218]LogWindows: Error: === Critical error: ===
[2020.11.01-17.11.56:017][218]LogWindows: Error: 
[2020.11.01-17.11.56:017][218]LogWindows: Error: Fatal error!
[2020.11.01-17.11.56:018][218]LogWindows: Error: 
[2020.11.01-17.11.56:018][218]LogWindows: Error: Unhandled Exception: EXCEPTION_ACCESS_VIOLATION reading address 0x00000097
[2020.11.01-17.11.56:018][218]LogWindows: Error: 
[2020.11.01-17.11.56:018][218]LogWindows: Error: [Callstack] 0x00007ffb128c629a UE4Editor-AdvGamesProgramming-0001.dll!USpawnerComponent::StartSpawn() [C:\Users\Pog\Documents\School\Year 4\Sem 2\AdvancedGames\Assignment 2\Git\AdvGamesProgramming\GameFiles\Source\AdvGamesProgramming\SpawnerComponent.cpp:48]
[2020.11.01-17.11.56:018][218]LogWindows: Error: [Callstack] 0x00007ffb128c6dbe UE4Editor-AdvGamesProgramming-0001.dll!ASpawnerManager::TrySpawn() [C:\Users\Pog\Documents\School\Year 4\Sem 2\AdvancedGames\Assignment 2\Git\AdvGamesProgramming\GameFiles\Source\AdvGamesProgramming\SpawnerManager.cpp:53]
[2020.11.01-17.11.56:018][218]LogWindows: Error: [Callstack] 0x00007ffb2d361019 UE4Editor-Engine.dll!UnknownFunction []
[2020.11.01-17.11.56:018][218]LogWindows: Error: [Callstack] 0x00007ffb2d393bbd UE4Editor-Engine.dll!UnknownFunction []
[2020.11.01-17.11.56:018][218]LogWindows: Error: [Callstack] 0x00007ffb2cb16839 UE4Editor-Engine.dll!UnknownFunction []
[2020.11.01-17.11.56:018][218]LogWindows: Error: [Callstack] 0x00007ffb2acaad60 UE4Editor-UnrealEd.dll!UnknownFunction []
[2020.11.01-17.11.56:018][218]LogWindows: Error: [Callstack] 0x00007ffb2b50e476 UE4Editor-UnrealEd.dll!UnknownFunction []
[2020.11.01-17.11.56:018][218]LogWindows: Error: [Callstack] 0x00007ff7cf237f62 UE4Editor.exe!UnknownFunction []
[2020.11.01-17.11.56:018][218]LogWindows: Error: [Callstack] 0x00007ff7cf24c3ec UE4Editor.exe!UnknownFunction []
[2020.11.01-17.11.56:018][218]LogWindows: Error: [Callstack] 0x00007ff7cf24c4ca UE4Editor.exe!UnknownFunction []
[2020.11.01-17.11.56:018][218]LogWindows: Error: [Callstack] 0x00007ff7cf25ceae UE4Editor.exe!UnknownFunction []
[2020.11.01-17.11.56:018][218]LogWindows: Error: [Callstack] 0x00007ff7cf25fcbe UE4Editor.exe!UnknownFunction []
[2020.11.01-17.11.56:018][218]LogWindows: Error: [Callstack] 0x00007ffbcac77bd4 KERNEL32.DLL!UnknownFunction []
[2020.11.01-17.11.56:018][218]LogWindows: Error: [Callstack] 0x00007ffbcb54ce51 ntdll.dll!UnknownFunction []
[2020.11.01-17.11.56:018][218]LogWindows: Error: 
[2020.11.01-17.11.56:054][218]LogExit: Executing StaticShutdownAfterError
[2020.11.01-17.11.56:061][218]LogWindows: FPlatformMisc::RequestExit(1)
[2020.11.01-17.11.56:061][218]LogCore: Engine exit requested (reason: Win RequestExit)
[2020.11.01-17.11.56:065][218]Log file closed, 11/02/20 04:11:56
