Log file open, 10/28/20 06:37:07
LogWindows: Failed to load 'aqProf.dll' (GetLastError=126)
LogWindows: File 'aqProf.dll' does not exist
LogWindows: Failed to load 'VtuneApi.dll' (GetLastError=126)
LogWindows: File 'VtuneApi.dll' does not exist
LogWindows: Failed to load 'VtuneApi32e.dll' (GetLastError=126)
LogWindows: File 'VtuneApi32e.dll' does not exist
LogConsoleResponse: Display: Failed to find resolution value strings in scalability ini. Falling back to default.
LogInit: Display: Running engine for game: AdvGamesProgramming
LogPlatformFile: Not using cached read wrapper
LogTaskGraph: Started task graph with 5 named threads and 23 total threads with 3 sets of task threads.
LogStats: Stats thread started at 0.197481
LogD3D11RHI: Loaded GFSDK_Aftermath_Lib.x64.dll
LogICUInternationalization: ICU TimeZone Detection - Raw Offset: +10:00, Platform Override: ''
LogPluginManager: Mounting plugin Paper2D
LogPluginManager: Mounting plugin AISupport
LogPluginManager: Mounting plugin LightPropagationVolume
LogPluginManager: Mounting plugin ActorLayerUtilities
LogPluginManager: Mounting plugin AnimationSharing
LogPluginManager: Mounting plugin CLionSourceCodeAccess
LogPluginManager: Mounting plugin CodeLiteSourceCodeAccess
LogPluginManager: Mounting plugin GitSourceControl
LogPluginManager: Mounting plugin KDevelopSourceCodeAccess
LogPluginManager: Mounting plugin NullSourceCodeAccess
LogPluginManager: Mounting plugin PerforceSourceControl
LogPluginManager: Mounting plugin PlasticSourceControl
LogPluginManager: Mounting plugin SubversionSourceControl
LogPluginManager: Mounting plugin UObjectPlugin
LogPluginManager: Mounting plugin VisualStudioCodeSourceCodeAccess
LogPluginManager: Mounting plugin VisualStudioSourceCodeAccess
LogPluginManager: Mounting plugin XCodeSourceCodeAccess
LogPluginManager: Mounting plugin AssetManagerEditor
LogPluginManager: Mounting plugin CryptoKeys
LogPluginManager: Mounting plugin CurveEditorTools
LogPluginManager: Mounting plugin DataValidation
LogPluginManager: Mounting plugin FacialAnimation
LogPluginManager: Mounting plugin GameplayTagsEditor
LogPluginManager: Mounting plugin MacGraphicsSwitching
LogPluginManager: Mounting plugin MaterialAnalyzer
LogPluginManager: Mounting plugin MobileLauncherProfileWizard
LogPluginManager: Mounting plugin PluginBrowser
LogPluginManager: Mounting plugin SpeedTreeImporter
LogPluginManager: Mounting plugin DatasmithContent
LogPluginManager: Mounting plugin VariantManagerContent
LogPluginManager: Mounting plugin AlembicImporter
LogPluginManager: Mounting plugin AutomationUtils
LogPluginManager: Mounting plugin BackChannel
LogPluginManager: Mounting plugin CharacterAI
LogPluginManager: Mounting plugin GeometryCache
LogPluginManager: Mounting plugin PlatformCrypto
LogPluginManager: Mounting plugin ProxyLODPlugin
LogPluginManager: Mounting plugin SkeletalReduction
LogPluginManager: Mounting plugin MagicLeap
LogPluginManager: Mounting plugin MagicLeapMedia
LogPluginManager: Mounting plugin MLSDK
LogPluginManager: Mounting plugin AndroidMedia
LogPluginManager: Mounting plugin AvfMedia
LogPluginManager: Mounting plugin ImgMedia
LogPluginManager: Mounting plugin MediaCompositing
LogPluginManager: Mounting plugin MediaPlayerEditor
LogPluginManager: Mounting plugin WebMMedia
LogPluginManager: Mounting plugin WmfMedia
LogPluginManager: Mounting plugin TcpMessaging
LogPluginManager: Mounting plugin UdpMessaging
LogPluginManager: Mounting plugin ActorSequence
LogPluginManager: Mounting plugin LevelSequenceEditor
LogPluginManager: Mounting plugin MatineeToLevelSequence
LogPluginManager: Mounting plugin NetcodeUnitTest
LogPluginManager: Mounting plugin NUTUnrealEngine4
LogPluginManager: Mounting plugin OnlineSubsystemGooglePlay
LogPluginManager: Mounting plugin OnlineSubsystemIOS
LogPluginManager: Mounting plugin OnlineSubsystem
LogPluginManager: Mounting plugin OnlineSubsystemNull
LogPluginManager: Mounting plugin OnlineSubsystemUtils
LogPluginManager: Mounting plugin LauncherChunkInstaller
LogPluginManager: Mounting plugin AndroidDeviceProfileSelector
LogPluginManager: Mounting plugin AndroidMoviePlayer
LogPluginManager: Mounting plugin AndroidPermission
LogPluginManager: Mounting plugin AppleImageUtils
LogPluginManager: Mounting plugin AppleMoviePlayer
LogPluginManager: Mounting plugin ArchVisCharacter
LogPluginManager: Mounting plugin AssetTags
LogPluginManager: Mounting plugin AudioCapture
LogPluginManager: Mounting plugin CableComponent
LogPluginManager: Mounting plugin CustomMeshComponent
LogPluginManager: Mounting plugin EditableMesh
LogPluginManager: Mounting plugin ExampleDeviceProfileSelector
LogPluginManager: Mounting plugin GoogleCloudMessaging
LogPluginManager: Mounting plugin IOSDeviceProfileSelector
LogPluginManager: Mounting plugin LinuxDeviceProfileSelector
LogPluginManager: Mounting plugin LocationServicesBPLibrary
LogPluginManager: Mounting plugin MobilePatchingUtils
LogPluginManager: Mounting plugin PhysXVehicles
LogPluginManager: Mounting plugin PostSplashScreen
LogPluginManager: Mounting plugin ProceduralMeshComponent
LogPluginManager: Mounting plugin RuntimePhysXCooking
LogPluginManager: Mounting plugin SignificanceManager
LogPluginManager: Mounting plugin WebMMoviePlayer
LogPluginManager: Mounting plugin WindowsMoviePlayer
LogPluginManager: Mounting plugin ScreenshotTools
LogInit: Using libcurl 7.55.1-DEV
LogInit:  - built for x86_64-pc-win32
LogInit:  - supports SSL with OpenSSL/1.1.1
LogInit:  - supports HTTP deflate (compression) using libz 1.2.8
LogInit:  - other features:
LogInit:      CURL_VERSION_SSL
LogInit:      CURL_VERSION_LIBZ
LogInit:      CURL_VERSION_IPV6
LogInit:      CURL_VERSION_ASYNCHDNS
LogInit:      CURL_VERSION_LARGEFILE
LogInit:      CURL_VERSION_IDN
LogInit:  CurlRequestOptions (configurable via config and command line):
LogInit:  - bVerifyPeer = true  - Libcurl will verify peer certificate
LogInit:  - bUseHttpProxy = false  - Libcurl will NOT use HTTP proxy
LogInit:  - bDontReuseConnections = false  - Libcurl will reuse connections
LogInit:  - MaxHostConnections = 16  - Libcurl will limit the number of connections to a host
LogInit:  - LocalHostAddr = Default
LogInit:  - BufferSize = 65536
LogOnline: OSS: Creating online subsystem instance for: NULL
LogInit: WinSock: version 1.1 (2.2), MaxSocks=32767, MaxUdp=65467
LogOnline: OSS: TryLoadSubsystemAndSetDefault: Loaded subsystem for module [NULL]
LogInit: Build: ++UE4+Release-4.24-CL-11590370
LogInit: Engine Version: 4.24.3-11590370+++UE4+Release-4.24
LogInit: Compatible Engine Version: 4.24.0-10570792+++UE4+Release-4.24
LogInit: Net CL: 10570792
LogInit: OS: Windows 10 (Release 1903) (), CPU: Intel(R) Core(TM) i7-8565U CPU @ 1.80GHz, GPU: Intel(R) UHD Graphics 620
LogInit: Compiled (64-bit): Feb 24 2020 15:39:18
LogInit: Compiled with Visual C++: 19.16.27032.01
LogInit: Build Configuration: Development
LogInit: Branch Name: ++UE4+Release-4.24
LogInit: Command Line:  -skipcompile
LogInit: Base Directory: C:/Program Files/Epic Games/UE_4.24/Engine/Binaries/Win64/
LogInit: Installed Engine Build: 1
LogDevObjectVersion: Number of dev versions registered: 25
LogDevObjectVersion:   Dev-Blueprints (B0D832E4-1F89-4F0D-ACCF-7EB736FD4AA2): 10
LogDevObjectVersion:   Dev-Build (E1C64328-A22C-4D53-A36C-8E866417BD8C): 0
LogDevObjectVersion:   Dev-Core (375EC13C-06E4-48FB-B500-84F0262A717E): 3
LogDevObjectVersion:   Dev-Editor (E4B068ED-F494-42E9-A231-DA0B2E46BB41): 37
LogDevObjectVersion:   Dev-Framework (CFFC743F-43B0-4480-9391-14DF171D2073): 36
LogDevObjectVersion:   Dev-Mobile (B02B49B5-BB20-44E9-A304-32B752E40360): 2
LogDevObjectVersion:   Dev-Networking (A4E4105C-59A1-49B5-A7C5-40C4547EDFEE): 0
LogDevObjectVersion:   Dev-Online (39C831C9-5AE6-47DC-9A44-9C173E1C8E7C): 0
LogDevObjectVersion:   Dev-Physics (78F01B33-EBEA-4F98-B9B4-84EACCB95AA2): 2
LogDevObjectVersion:   Dev-Platform (6631380F-2D4D-43E0-8009-CF276956A95A): 0
LogDevObjectVersion:   Dev-Rendering (12F88B9F-8875-4AFC-A67C-D90C383ABD29): 36
LogDevObjectVersion:   Dev-Sequencer (7B5AE74C-D270-4C10-A958-57980B212A5A): 11
LogDevObjectVersion:   Dev-VR (D7296918-1DD6-4BDD-9DE2-64A83CC13884): 2
LogDevObjectVersion:   Dev-LoadTimes (C2A15278-BFE7-4AFE-6C17-90FF531DF755): 1
LogDevObjectVersion:   Private-Geometry (6EACA3D4-40EC-4CC1-B786-8BED09428FC5): 3
LogDevObjectVersion:   Dev-AnimPhys (29E575DD-E0A3-4627-9D10-D276232CDCEA): 17
LogDevObjectVersion:   Dev-Anim (AF43A65D-7FD3-4947-9873-3E8ED9C1BB05): 2
LogDevObjectVersion:   Dev-ReflectionCapture (6B266CEC-1EC7-4B8F-A30B-E4D90942FC07): 1
LogDevObjectVersion:   Dev-Automation (0DF73D61-A23F-47EA-B727-89E90C41499A): 1
LogDevObjectVersion:   FortniteMain (601D1886-AC64-4F84-AA16-D3DE0DEAC7D6): 31
LogDevObjectVersion:   Dev-Enterprise (9DFFBCD6-494F-0158-E221-12823C92A888): 8
LogDevObjectVersion:   Dev-Niagara (F2AED0AC-9AFE-416F-8664-AA7FFA26D6FC): 1
LogDevObjectVersion:   Dev-Destruction (174F1F0B-B4C6-45A5-B13F-2EE8D0FB917D): 9
LogDevObjectVersion:   Dev-Physics-Ext (35F94A83-E258-406C-A318-09F59610247C): 8
LogDevObjectVersion:   Dev-CineCamera (B2E18506-4273-CFC2-A54E-F4BB758BBA07): 1
LogInit: Presizing for max 25165824 objects, including 0 objects not considered by GC, pre-allocating 0 bytes for permanent pool.
LogInit: Object subsystem initialized
LogConfig: Setting CVar [[con.DebugEarlyDefault:1]]
LogConfig: Setting CVar [[r.setres:1280x720]]
[2020.10.27-19.37.08:741][  0]LogConfig: Setting CVar [[r.VSync:0]]
[2020.10.27-19.37.08:741][  0]LogConfig: Setting CVar [[r.RHICmdBypass:0]]
[2020.10.27-19.37.08:741][  0]LogConfig: Applying CVar settings from Section [/Script/Engine.RendererSettings] File [C:/Users/wlsgn/Documents/Unreal Projects/Proj/AdvGamesProgramming/GameFiles/Saved/Config/Windows/Engine.ini]
[2020.10.27-19.37.08:742][  0]LogConfig: Setting CVar [[r.GPUCrashDebugging:0]]
[2020.10.27-19.37.08:742][  0]LogConfig: Applying CVar settings from Section [/Script/Engine.RendererOverrideSettings] File [C:/Users/wlsgn/Documents/Unreal Projects/Proj/AdvGamesProgramming/GameFiles/Saved/Config/Windows/Engine.ini]
[2020.10.27-19.37.08:742][  0]LogConfig: Applying CVar settings from Section [/Script/Engine.StreamingSettings] File [C:/Users/wlsgn/Documents/Unreal Projects/Proj/AdvGamesProgramming/GameFiles/Saved/Config/Windows/Engine.ini]
[2020.10.27-19.37.08:742][  0]LogConfig: Setting CVar [[s.MinBulkDataSizeForAsyncLoading:131072]]
[2020.10.27-19.37.08:742][  0]LogConfig: Setting CVar [[s.AsyncLoadingThreadEnabled:0]]
[2020.10.27-19.37.08:742][  0]LogConfig: Setting CVar [[s.EventDrivenLoaderEnabled:1]]
[2020.10.27-19.37.08:742][  0]LogConfig: Setting CVar [[s.WarnIfTimeLimitExceeded:0]]
[2020.10.27-19.37.08:742][  0]LogConfig: Setting CVar [[s.TimeLimitExceededMultiplier:1.5]]
[2020.10.27-19.37.08:742][  0]LogConfig: Setting CVar [[s.TimeLimitExceededMinTime:0.005]]
[2020.10.27-19.37.08:742][  0]LogConfig: Setting CVar [[s.UseBackgroundLevelStreaming:1]]
[2020.10.27-19.37.08:742][  0]LogConfig: Setting CVar [[s.PriorityAsyncLoadingExtraTime:15.0]]
[2020.10.27-19.37.08:742][  0]LogConfig: Setting CVar [[s.LevelStreamingActorsUpdateTimeLimit:5.0]]
[2020.10.27-19.37.08:742][  0]LogConfig: Setting CVar [[s.PriorityLevelStreamingActorsUpdateExtraTime:5.0]]
[2020.10.27-19.37.08:742][  0]LogConfig: Setting CVar [[s.LevelStreamingComponentsRegistrationGranularity:10]]
[2020.10.27-19.37.08:743][  0]LogConfig: Setting CVar [[s.UnregisterComponentsTimeLimit:1.0]]
[2020.10.27-19.37.08:743][  0]LogConfig: Setting CVar [[s.LevelStreamingComponentsUnregistrationGranularity:5]]
[2020.10.27-19.37.08:743][  0]LogConfig: Setting CVar [[s.FlushStreamingOnExit:1]]
[2020.10.27-19.37.08:743][  0]LogConfig: Applying CVar settings from Section [/Script/Engine.GarbageCollectionSettings] File [C:/Users/wlsgn/Documents/Unreal Projects/Proj/AdvGamesProgramming/GameFiles/Saved/Config/Windows/Engine.ini]
[2020.10.27-19.37.08:743][  0]LogConfig: Setting CVar [[gc.MaxObjectsNotConsideredByGC:1]]
[2020.10.27-19.37.08:743][  0]LogConfig: Setting CVar [[gc.SizeOfPermanentObjectPool:0]]
[2020.10.27-19.37.08:743][  0]LogConfig: Setting CVar [[gc.FlushStreamingOnGC:0]]
[2020.10.27-19.37.08:743][  0]LogConfig: Setting CVar [[gc.NumRetriesBeforeForcingGC:10]]
[2020.10.27-19.37.08:743][  0]LogConfig: Setting CVar [[gc.AllowParallelGC:1]]
[2020.10.27-19.37.08:743][  0]LogConfig: Setting CVar [[gc.TimeBetweenPurgingPendingKillObjects:61.1]]
[2020.10.27-19.37.08:743][  0]LogConfig: Setting CVar [[gc.MaxObjectsInEditor:25165824]]
[2020.10.27-19.37.08:743][  0]LogConfig: Setting CVar [[gc.IncrementalBeginDestroyEnabled:1]]
[2020.10.27-19.37.08:743][  0]LogConfig: Setting CVar [[gc.CreateGCClusters:1]]
[2020.10.27-19.37.08:743][  0]LogConfig: Setting CVar [[gc.MinGCClusterSize:5]]
[2020.10.27-19.37.08:743][  0]LogConfig: Setting CVar [[gc.ActorClusteringEnabled:0]]
[2020.10.27-19.37.08:744][  0]LogConfig: Setting CVar [[gc.BlueprintClusteringEnabled:0]]
[2020.10.27-19.37.08:744][  0]LogConfig: Setting CVar [[gc.UseDisregardForGCOnDedicatedServers:0]]
[2020.10.27-19.37.08:744][  0]LogConfig: Applying CVar settings from Section [/Script/Engine.NetworkSettings] File [C:/Users/wlsgn/Documents/Unreal Projects/Proj/AdvGamesProgramming/GameFiles/Saved/Config/Windows/Engine.ini]
[2020.10.27-19.37.08:744][  0]LogConfig: Applying CVar settings from Section [/Script/UnrealEd.CookerSettings] File [C:/Users/wlsgn/Documents/Unreal Projects/Proj/AdvGamesProgramming/GameFiles/Saved/Config/Windows/Engine.ini]
[2020.10.27-19.37.08:765][  0]LogConfig: Applying CVar settings from Section [ViewDistanceQuality@3] File [C:/Users/wlsgn/Documents/Unreal Projects/Proj/AdvGamesProgramming/GameFiles/Saved/Config/Windows/Scalability.ini]
[2020.10.27-19.37.08:765][  0]LogConfig: Setting CVar [[r.SkeletalMeshLODBias:0]]
[2020.10.27-19.37.08:765][  0]LogConfig: Setting CVar [[r.ViewDistanceScale:1.0]]
[2020.10.27-19.37.08:765][  0]LogConfig: Applying CVar settings from Section [AntiAliasingQuality@3] File [C:/Users/wlsgn/Documents/Unreal Projects/Proj/AdvGamesProgramming/GameFiles/Saved/Config/Windows/Scalability.ini]
[2020.10.27-19.37.08:765][  0]LogConfig: Setting CVar [[r.PostProcessAAQuality:4]]
[2020.10.27-19.37.08:765][  0]LogConfig: Applying CVar settings from Section [ShadowQuality@3] File [C:/Users/wlsgn/Documents/Unreal Projects/Proj/AdvGamesProgramming/GameFiles/Saved/Config/Windows/Scalability.ini]
[2020.10.27-19.37.08:765][  0]LogConfig: Setting CVar [[r.LightFunctionQuality:1]]
[2020.10.27-19.37.08:765][  0]LogConfig: Setting CVar [[r.ShadowQuality:5]]
[2020.10.27-19.37.08:765][  0]LogConfig: Setting CVar [[r.Shadow.CSM.MaxCascades:10]]
[2020.10.27-19.37.08:765][  0]LogConfig: Setting CVar [[r.Shadow.MaxResolution:2048]]
[2020.10.27-19.37.08:765][  0]LogConfig: Setting CVar [[r.Shadow.MaxCSMResolution:2048]]
[2020.10.27-19.37.08:766][  0]LogConfig: Setting CVar [[r.Shadow.RadiusThreshold:0.01]]
[2020.10.27-19.37.08:766][  0]LogConfig: Setting CVar [[r.Shadow.DistanceScale:1.0]]
[2020.10.27-19.37.08:766][  0]LogConfig: Setting CVar [[r.Shadow.CSM.TransitionScale:1.0]]
[2020.10.27-19.37.08:766][  0]LogConfig: Setting CVar [[r.Shadow.PreShadowResolutionFactor:1.0]]
[2020.10.27-19.37.08:766][  0]LogConfig: Setting CVar [[r.DistanceFieldShadowing:1]]
[2020.10.27-19.37.08:766][  0]LogConfig: Setting CVar [[r.DistanceFieldAO:1]]
[2020.10.27-19.37.08:766][  0]LogConfig: Setting CVar [[r.AOQuality:2]]
[2020.10.27-19.37.08:766][  0]LogConfig: Setting CVar [[r.VolumetricFog:1]]
[2020.10.27-19.37.08:766][  0]LogConfig: Setting CVar [[r.VolumetricFog.GridPixelSize:8]]
[2020.10.27-19.37.08:766][  0]LogConfig: Setting CVar [[r.VolumetricFog.GridSizeZ:128]]
[2020.10.27-19.37.08:766][  0]LogConfig: Setting CVar [[r.VolumetricFog.HistoryMissSupersampleCount:4]]
[2020.10.27-19.37.08:766][  0]LogConfig: Setting CVar [[r.LightMaxDrawDistanceScale:1]]
[2020.10.27-19.37.08:767][  0]LogConfig: Setting CVar [[r.CapsuleShadows:1]]
[2020.10.27-19.37.08:767][  0]LogConfig: Applying CVar settings from Section [PostProcessQuality@3] File [C:/Users/wlsgn/Documents/Unreal Projects/Proj/AdvGamesProgramming/GameFiles/Saved/Config/Windows/Scalability.ini]
[2020.10.27-19.37.08:767][  0]LogConfig: Setting CVar [[r.MotionBlurQuality:4]]
[2020.10.27-19.37.08:767][  0]LogConfig: Setting CVar [[r.AmbientOcclusionMipLevelFactor:0.4]]
[2020.10.27-19.37.08:767][  0]LogConfig: Setting CVar [[r.AmbientOcclusionMaxQuality:100]]
[2020.10.27-19.37.08:767][  0]LogConfig: Setting CVar [[r.AmbientOcclusionLevels:-1]]
[2020.10.27-19.37.08:767][  0]LogConfig: Setting CVar [[r.AmbientOcclusionRadiusScale:1.0]]
[2020.10.27-19.37.08:767][  0]LogConfig: Setting CVar [[r.DepthOfFieldQuality:2]]
[2020.10.27-19.37.08:767][  0]LogConfig: Setting CVar [[r.RenderTargetPoolMin:400]]
[2020.10.27-19.37.08:767][  0]LogConfig: Setting CVar [[r.LensFlareQuality:2]]
[2020.10.27-19.37.08:767][  0]LogConfig: Setting CVar [[r.SceneColorFringeQuality:1]]
[2020.10.27-19.37.08:767][  0]LogConfig: Setting CVar [[r.EyeAdaptationQuality:2]]
[2020.10.27-19.37.08:767][  0]LogConfig: Setting CVar [[r.BloomQuality:5]]
[2020.10.27-19.37.08:767][  0]LogConfig: Setting CVar [[r.FastBlurThreshold:100]]
[2020.10.27-19.37.08:767][  0]LogConfig: Setting CVar [[r.Upscale.Quality:3]]
[2020.10.27-19.37.08:768][  0]LogConfig: Setting CVar [[r.Tonemapper.GrainQuantization:1]]
[2020.10.27-19.37.08:768][  0]LogConfig: Setting CVar [[r.LightShaftQuality:1]]
[2020.10.27-19.37.08:768][  0]LogConfig: Setting CVar [[r.Filter.SizeScale:1]]
[2020.10.27-19.37.08:768][  0]LogConfig: Setting CVar [[r.Tonemapper.Quality:5]]
[2020.10.27-19.37.08:768][  0]LogConfig: Setting CVar [[r.DOF.Gather.AccumulatorQuality:1        ; higher gathering accumulator quality]]
[2020.10.27-19.37.08:768][  0]LogConfig: Setting CVar [[r.DOF.Gather.PostfilterMethod:1          ; Median3x3 postfilering method]]
[2020.10.27-19.37.08:768][  0]LogConfig: Setting CVar [[r.DOF.Gather.EnableBokehSettings:0       ; no bokeh simulation when gathering]]
[2020.10.27-19.37.08:768][  0]LogConfig: Setting CVar [[r.DOF.Gather.RingCount:4                 ; medium number of samples when gathering]]
[2020.10.27-19.37.08:768][  0]LogConfig: Setting CVar [[r.DOF.Scatter.ForegroundCompositing:1    ; additive foreground scattering]]
[2020.10.27-19.37.08:768][  0]LogConfig: Setting CVar [[r.DOF.Scatter.BackgroundCompositing:2    ; additive background scattering]]
[2020.10.27-19.37.08:768][  0]LogConfig: Setting CVar [[r.DOF.Scatter.EnableBokehSettings:1      ; bokeh simulation when scattering]]
[2020.10.27-19.37.08:768][  0]LogConfig: Setting CVar [[r.DOF.Scatter.MaxSpriteRatio:0.1         ; only a maximum of 10% of scattered bokeh]]
[2020.10.27-19.37.08:768][  0]LogConfig: Setting CVar [[r.DOF.Recombine.Quality:1                ; cheap slight out of focus]]
[2020.10.27-19.37.08:768][  0]LogConfig: Setting CVar [[r.DOF.Recombine.EnableBokehSettings:0    ; no bokeh simulation on slight out of focus]]
[2020.10.27-19.37.08:768][  0]LogConfig: Setting CVar [[r.DOF.TemporalAAQuality:1                ; more stable temporal accumulation]]
[2020.10.27-19.37.08:769][  0]LogConfig: Setting CVar [[r.DOF.Kernel.MaxForegroundRadius:0.025]]
[2020.10.27-19.37.08:769][  0]LogConfig: Setting CVar [[r.DOF.Kernel.MaxBackgroundRadius:0.025]]
[2020.10.27-19.37.08:769][  0]LogConfig: Applying CVar settings from Section [TextureQuality@3] File [C:/Users/wlsgn/Documents/Unreal Projects/Proj/AdvGamesProgramming/GameFiles/Saved/Config/Windows/Scalability.ini]
[2020.10.27-19.37.08:769][  0]LogConfig: Setting CVar [[r.Streaming.MipBias:0]]
[2020.10.27-19.37.08:769][  0]LogConfig: Setting CVar [[r.Streaming.AmortizeCPUToGPUCopy:0]]
[2020.10.27-19.37.08:769][  0]LogConfig: Setting CVar [[r.Streaming.MaxNumTexturesToStreamPerFrame:0]]
[2020.10.27-19.37.08:769][  0]LogConfig: Setting CVar [[r.Streaming.Boost:1]]
[2020.10.27-19.37.08:769][  0]LogConfig: Setting CVar [[r.MaxAnisotropy:8]]
[2020.10.27-19.37.08:769][  0]LogConfig: Setting CVar [[r.VT.MaxAnisotropy:8]]
[2020.10.27-19.37.08:769][  0]LogConfig: Setting CVar [[r.Streaming.LimitPoolSizeToVRAM:0]]
[2020.10.27-19.37.08:769][  0]LogConfig: Setting CVar [[r.Streaming.PoolSize:1000]]
[2020.10.27-19.37.08:769][  0]LogConfig: Setting CVar [[r.Streaming.MaxEffectiveScreenSize:0]]
[2020.10.27-19.37.08:769][  0]LogConfig: Applying CVar settings from Section [EffectsQuality@3] File [C:/Users/wlsgn/Documents/Unreal Projects/Proj/AdvGamesProgramming/GameFiles/Saved/Config/Windows/Scalability.ini]
[2020.10.27-19.37.08:769][  0]LogConfig: Setting CVar [[r.TranslucencyLightingVolumeDim:64]]
[2020.10.27-19.37.08:769][  0]LogConfig: Setting CVar [[r.RefractionQuality:2]]
[2020.10.27-19.37.08:770][  0]LogConfig: Setting CVar [[r.SSR.Quality:3]]
[2020.10.27-19.37.08:770][  0]LogConfig: Setting CVar [[r.SSR.HalfResSceneColor:0]]
[2020.10.27-19.37.08:770][  0]LogConfig: Setting CVar [[r.SceneColorFormat:4]]
[2020.10.27-19.37.08:770][  0]LogConfig: Setting CVar [[r.DetailMode:2]]
[2020.10.27-19.37.08:770][  0]LogConfig: Setting CVar [[r.TranslucencyVolumeBlur:1]]
[2020.10.27-19.37.08:770][  0]LogConfig: Setting CVar [[r.MaterialQualityLevel:1 ; High quality]]
[2020.10.27-19.37.08:770][  0]LogConfig: Setting CVar [[r.SSS.Scale:1]]
[2020.10.27-19.37.08:770][  0]LogConfig: Setting CVar [[r.SSS.SampleSet:2]]
[2020.10.27-19.37.08:770][  0]LogConfig: Setting CVar [[r.SSS.Quality:1]]
[2020.10.27-19.37.08:770][  0]LogConfig: Setting CVar [[r.SSS.HalfRes:1]]
[2020.10.27-19.37.08:770][  0]LogConfig: Setting CVar [[r.SSGI.Quality:3]]
[2020.10.27-19.37.08:770][  0]LogConfig: Setting CVar [[r.EmitterSpawnRateScale:1.0]]
[2020.10.27-19.37.08:770][  0]LogConfig: Setting CVar [[r.ParticleLightQuality:2]]
[2020.10.27-19.37.08:770][  0]LogConfig: Setting CVar [[r.SkyAtmosphere.AerialPerspectiveLUT.FastApplyOnOpaque:1 ; Always have FastSkyLUT 1 in this case to avoid wrong sky]]
[2020.10.27-19.37.08:770][  0]LogConfig: Setting CVar [[r.SkyAtmosphere.AerialPerspectiveLUT.SampleCountPerSlice:1]]
[2020.10.27-19.37.08:771][  0]LogConfig: Setting CVar [[r.SkyAtmosphere.AerialPerspectiveLUT.DepthResolution:16.0]]
[2020.10.27-19.37.08:771][  0]LogConfig: Setting CVar [[r.SkyAtmosphere.FastSkyLUT:1]]
[2020.10.27-19.37.08:771][  0]LogConfig: Setting CVar [[r.SkyAtmosphere.FastSkyLUT.SampleCountMin:4.0]]
[2020.10.27-19.37.08:771][  0]LogConfig: Setting CVar [[r.SkyAtmosphere.FastSkyLUT.SampleCountMax:32.0]]
[2020.10.27-19.37.08:771][  0]LogConfig: Setting CVar [[r.SkyAtmosphere.SampleCountMin:4.0]]
[2020.10.27-19.37.08:771][  0]LogConfig: Setting CVar [[r.SkyAtmosphere.SampleCountMax:32.0]]
[2020.10.27-19.37.08:771][  0]LogConfig: Setting CVar [[r.SkyAtmosphere.TransmittanceLUT.UseSmallFormat:0]]
[2020.10.27-19.37.08:771][  0]LogConfig: Setting CVar [[r.SkyAtmosphere.TransmittanceLUT.SampleCount:10.0]]
[2020.10.27-19.37.08:771][  0]LogConfig: Setting CVar [[r.SkyAtmosphere.MultiScatteringLUT.SampleCount:15.0]]
[2020.10.27-19.37.08:771][  0]LogConfig: Applying CVar settings from Section [FoliageQuality@3] File [C:/Users/wlsgn/Documents/Unreal Projects/Proj/AdvGamesProgramming/GameFiles/Saved/Config/Windows/Scalability.ini]
[2020.10.27-19.37.08:771][  0]LogConfig: Setting CVar [[foliage.DensityScale:1.0]]
[2020.10.27-19.37.08:771][  0]LogConfig: Setting CVar [[grass.DensityScale:1.0]]
[2020.10.27-19.37.08:771][  0]LogConfig: Applying CVar settings from Section [ShadingQuality@3] File [C:/Users/wlsgn/Documents/Unreal Projects/Proj/AdvGamesProgramming/GameFiles/Saved/Config/Windows/Scalability.ini]
[2020.10.27-19.37.08:771][  0]LogConfig: Setting CVar [[r.HairStrands.SkyLighting.SampleCount:16]]
[2020.10.27-19.37.08:771][  0]LogConfig: Setting CVar [[r.HairStrands.SkyLighting.JitterIntegration:0]]
[2020.10.27-19.37.08:772][  0]LogConfig: Setting CVar [[r.HairStrands.SkyAO.SampleCount:16]]
[2020.10.27-19.37.08:772][  0]LogInit: Selected Device Profile: [Windows]
[2020.10.27-19.37.08:772][  0]LogInit: Applying CVar settings loaded from the selected device profile: [Windows]
[2020.10.27-19.37.08:778][  0]LogHAL: Display: Platform has ~ 32 GB [34225496064 / 34359738368 / 32], which maps to Largest [LargestMinGB=32, LargerMinGB=12, DefaultMinGB=8, SmallerMinGB=6, SmallestMinGB=0)
[2020.10.27-19.37.08:778][  0]LogInit: Going up to parent DeviceProfile []
[2020.10.27-19.37.08:778][  0]LogConfig: Applying CVar settings from Section [ViewDistanceQuality@3] File [C:/Users/wlsgn/Documents/Unreal Projects/Proj/AdvGamesProgramming/GameFiles/Saved/Config/Windows/Scalability.ini]
[2020.10.27-19.37.08:778][  0]LogConfig: Setting CVar [[r.SkeletalMeshLODBias:0]]
[2020.10.27-19.37.08:778][  0]LogConfig: Setting CVar [[r.ViewDistanceScale:1.0]]
[2020.10.27-19.37.08:779][  0]LogConfig: Applying CVar settings from Section [AntiAliasingQuality@3] File [C:/Users/wlsgn/Documents/Unreal Projects/Proj/AdvGamesProgramming/GameFiles/Saved/Config/Windows/Scalability.ini]
[2020.10.27-19.37.08:779][  0]LogConfig: Setting CVar [[r.PostProcessAAQuality:4]]
[2020.10.27-19.37.08:779][  0]LogConfig: Applying CVar settings from Section [ShadowQuality@3] File [C:/Users/wlsgn/Documents/Unreal Projects/Proj/AdvGamesProgramming/GameFiles/Saved/Config/Windows/Scalability.ini]
[2020.10.27-19.37.08:779][  0]LogConfig: Setting CVar [[r.LightFunctionQuality:1]]
[2020.10.27-19.37.08:779][  0]LogConfig: Setting CVar [[r.ShadowQuality:5]]
[2020.10.27-19.37.08:779][  0]LogConfig: Setting CVar [[r.Shadow.CSM.MaxCascades:10]]
[2020.10.27-19.37.08:779][  0]LogConfig: Setting CVar [[r.Shadow.MaxResolution:2048]]
[2020.10.27-19.37.08:779][  0]LogConfig: Setting CVar [[r.Shadow.MaxCSMResolution:2048]]
[2020.10.27-19.37.08:779][  0]LogConfig: Setting CVar [[r.Shadow.RadiusThreshold:0.01]]
[2020.10.27-19.37.08:779][  0]LogConfig: Setting CVar [[r.Shadow.DistanceScale:1.0]]
[2020.10.27-19.37.08:779][  0]LogConfig: Setting CVar [[r.Shadow.CSM.TransitionScale:1.0]]
[2020.10.27-19.37.08:779][  0]LogConfig: Setting CVar [[r.Shadow.PreShadowResolutionFactor:1.0]]
[2020.10.27-19.37.08:780][  0]LogConfig: Setting CVar [[r.DistanceFieldShadowing:1]]
[2020.10.27-19.37.08:780][  0]LogConfig: Setting CVar [[r.DistanceFieldAO:1]]
[2020.10.27-19.37.08:780][  0]LogConfig: Setting CVar [[r.AOQuality:2]]
[2020.10.27-19.37.08:780][  0]LogConfig: Setting CVar [[r.VolumetricFog:1]]
[2020.10.27-19.37.08:780][  0]LogConfig: Setting CVar [[r.VolumetricFog.GridPixelSize:8]]
[2020.10.27-19.37.08:780][  0]LogConfig: Setting CVar [[r.VolumetricFog.GridSizeZ:128]]
[2020.10.27-19.37.08:780][  0]LogConfig: Setting CVar [[r.VolumetricFog.HistoryMissSupersampleCount:4]]
[2020.10.27-19.37.08:780][  0]LogConfig: Setting CVar [[r.LightMaxDrawDistanceScale:1]]
[2020.10.27-19.37.08:780][  0]LogConfig: Setting CVar [[r.CapsuleShadows:1]]
[2020.10.27-19.37.08:780][  0]LogConfig: Applying CVar settings from Section [PostProcessQuality@3] File [C:/Users/wlsgn/Documents/Unreal Projects/Proj/AdvGamesProgramming/GameFiles/Saved/Config/Windows/Scalability.ini]
[2020.10.27-19.37.08:780][  0]LogConfig: Setting CVar [[r.MotionBlurQuality:4]]
[2020.10.27-19.37.08:780][  0]LogConfig: Setting CVar [[r.AmbientOcclusionMipLevelFactor:0.4]]
[2020.10.27-19.37.08:780][  0]LogConfig: Setting CVar [[r.AmbientOcclusionMaxQuality:100]]
[2020.10.27-19.37.08:780][  0]LogConfig: Setting CVar [[r.AmbientOcclusionLevels:-1]]
[2020.10.27-19.37.08:780][  0]LogConfig: Setting CVar [[r.AmbientOcclusionRadiusScale:1.0]]
[2020.10.27-19.37.08:781][  0]LogConfig: Setting CVar [[r.DepthOfFieldQuality:2]]
[2020.10.27-19.37.08:781][  0]LogConfig: Setting CVar [[r.RenderTargetPoolMin:400]]
[2020.10.27-19.37.08:781][  0]LogConfig: Setting CVar [[r.LensFlareQuality:2]]
[2020.10.27-19.37.08:781][  0]LogConfig: Setting CVar [[r.SceneColorFringeQuality:1]]
[2020.10.27-19.37.08:781][  0]LogConfig: Setting CVar [[r.EyeAdaptationQuality:2]]
[2020.10.27-19.37.08:781][  0]LogConfig: Setting CVar [[r.BloomQuality:5]]
[2020.10.27-19.37.08:781][  0]LogConfig: Setting CVar [[r.FastBlurThreshold:100]]
[2020.10.27-19.37.08:781][  0]LogConfig: Setting CVar [[r.Upscale.Quality:3]]
[2020.10.27-19.37.08:781][  0]LogConfig: Setting CVar [[r.Tonemapper.GrainQuantization:1]]
[2020.10.27-19.37.08:781][  0]LogConfig: Setting CVar [[r.LightShaftQuality:1]]
[2020.10.27-19.37.08:781][  0]LogConfig: Setting CVar [[r.Filter.SizeScale:1]]
[2020.10.27-19.37.08:781][  0]LogConfig: Setting CVar [[r.Tonemapper.Quality:5]]
[2020.10.27-19.37.08:781][  0]LogConfig: Setting CVar [[r.DOF.Gather.AccumulatorQuality:1        ; higher gathering accumulator quality]]
[2020.10.27-19.37.08:781][  0]LogConfig: Setting CVar [[r.DOF.Gather.PostfilterMethod:1          ; Median3x3 postfilering method]]
[2020.10.27-19.37.08:781][  0]LogConfig: Setting CVar [[r.DOF.Gather.EnableBokehSettings:0       ; no bokeh simulation when gathering]]
[2020.10.27-19.37.08:782][  0]LogConfig: Setting CVar [[r.DOF.Gather.RingCount:4                 ; medium number of samples when gathering]]
[2020.10.27-19.37.08:782][  0]LogConfig: Setting CVar [[r.DOF.Scatter.ForegroundCompositing:1    ; additive foreground scattering]]
[2020.10.27-19.37.08:782][  0]LogConfig: Setting CVar [[r.DOF.Scatter.BackgroundCompositing:2    ; additive background scattering]]
[2020.10.27-19.37.08:782][  0]LogConfig: Setting CVar [[r.DOF.Scatter.EnableBokehSettings:1      ; bokeh simulation when scattering]]
[2020.10.27-19.37.08:782][  0]LogConfig: Setting CVar [[r.DOF.Scatter.MaxSpriteRatio:0.1         ; only a maximum of 10% of scattered bokeh]]
[2020.10.27-19.37.08:782][  0]LogConfig: Setting CVar [[r.DOF.Recombine.Quality:1                ; cheap slight out of focus]]
[2020.10.27-19.37.08:782][  0]LogConfig: Setting CVar [[r.DOF.Recombine.EnableBokehSettings:0    ; no bokeh simulation on slight out of focus]]
[2020.10.27-19.37.08:782][  0]LogConfig: Setting CVar [[r.DOF.TemporalAAQuality:1                ; more stable temporal accumulation]]
[2020.10.27-19.37.08:782][  0]LogConfig: Setting CVar [[r.DOF.Kernel.MaxForegroundRadius:0.025]]
[2020.10.27-19.37.08:782][  0]LogConfig: Setting CVar [[r.DOF.Kernel.MaxBackgroundRadius:0.025]]
[2020.10.27-19.37.08:782][  0]LogConfig: Applying CVar settings from Section [TextureQuality@3] File [C:/Users/wlsgn/Documents/Unreal Projects/Proj/AdvGamesProgramming/GameFiles/Saved/Config/Windows/Scalability.ini]
[2020.10.27-19.37.08:782][  0]LogConfig: Setting CVar [[r.Streaming.MipBias:0]]
[2020.10.27-19.37.08:782][  0]LogConfig: Setting CVar [[r.Streaming.AmortizeCPUToGPUCopy:0]]
[2020.10.27-19.37.08:782][  0]LogConfig: Setting CVar [[r.Streaming.MaxNumTexturesToStreamPerFrame:0]]
[2020.10.27-19.37.08:782][  0]LogConfig: Setting CVar [[r.Streaming.Boost:1]]
[2020.10.27-19.37.08:783][  0]LogConfig: Setting CVar [[r.MaxAnisotropy:8]]
[2020.10.27-19.37.08:783][  0]LogConfig: Setting CVar [[r.VT.MaxAnisotropy:8]]
[2020.10.27-19.37.08:783][  0]LogConfig: Setting CVar [[r.Streaming.LimitPoolSizeToVRAM:0]]
[2020.10.27-19.37.08:783][  0]LogConfig: Setting CVar [[r.Streaming.PoolSize:1000]]
[2020.10.27-19.37.08:783][  0]LogConfig: Setting CVar [[r.Streaming.MaxEffectiveScreenSize:0]]
[2020.10.27-19.37.08:783][  0]LogConfig: Applying CVar settings from Section [EffectsQuality@3] File [C:/Users/wlsgn/Documents/Unreal Projects/Proj/AdvGamesProgramming/GameFiles/Saved/Config/Windows/Scalability.ini]
[2020.10.27-19.37.08:783][  0]LogConfig: Setting CVar [[r.TranslucencyLightingVolumeDim:64]]
[2020.10.27-19.37.08:783][  0]LogConfig: Setting CVar [[r.RefractionQuality:2]]
[2020.10.27-19.37.08:783][  0]LogConfig: Setting CVar [[r.SSR.Quality:3]]
[2020.10.27-19.37.08:783][  0]LogConfig: Setting CVar [[r.SSR.HalfResSceneColor:0]]
[2020.10.27-19.37.08:783][  0]LogConfig: Setting CVar [[r.SceneColorFormat:4]]
[2020.10.27-19.37.08:783][  0]LogConfig: Setting CVar [[r.DetailMode:2]]
[2020.10.27-19.37.08:783][  0]LogConfig: Setting CVar [[r.TranslucencyVolumeBlur:1]]
[2020.10.27-19.37.08:784][  0]LogConfig: Setting CVar [[r.MaterialQualityLevel:1 ; High quality]]
[2020.10.27-19.37.08:784][  0]LogConfig: Setting CVar [[r.SSS.Scale:1]]
[2020.10.27-19.37.08:784][  0]LogConfig: Setting CVar [[r.SSS.SampleSet:2]]
[2020.10.27-19.37.08:784][  0]LogConfig: Setting CVar [[r.SSS.Quality:1]]
[2020.10.27-19.37.08:784][  0]LogConfig: Setting CVar [[r.SSS.HalfRes:1]]
[2020.10.27-19.37.08:784][  0]LogConfig: Setting CVar [[r.SSGI.Quality:3]]
[2020.10.27-19.37.08:784][  0]LogConfig: Setting CVar [[r.EmitterSpawnRateScale:1.0]]
[2020.10.27-19.37.08:784][  0]LogConfig: Setting CVar [[r.ParticleLightQuality:2]]
[2020.10.27-19.37.08:784][  0]LogConfig: Setting CVar [[r.SkyAtmosphere.AerialPerspectiveLUT.FastApplyOnOpaque:1 ; Always have FastSkyLUT 1 in this case to avoid wrong sky]]
[2020.10.27-19.37.08:784][  0]LogConfig: Setting CVar [[r.SkyAtmosphere.AerialPerspectiveLUT.SampleCountPerSlice:1]]
[2020.10.27-19.37.08:784][  0]LogConfig: Setting CVar [[r.SkyAtmosphere.AerialPerspectiveLUT.DepthResolution:16.0]]
[2020.10.27-19.37.08:784][  0]LogConfig: Setting CVar [[r.SkyAtmosphere.FastSkyLUT:1]]
[2020.10.27-19.37.08:784][  0]LogConfig: Setting CVar [[r.SkyAtmosphere.FastSkyLUT.SampleCountMin:4.0]]
[2020.10.27-19.37.08:784][  0]LogConfig: Setting CVar [[r.SkyAtmosphere.FastSkyLUT.SampleCountMax:32.0]]
[2020.10.27-19.37.08:784][  0]LogConfig: Setting CVar [[r.SkyAtmosphere.SampleCountMin:4.0]]
[2020.10.27-19.37.08:784][  0]LogConfig: Setting CVar [[r.SkyAtmosphere.SampleCountMax:32.0]]
[2020.10.27-19.37.08:785][  0]LogConfig: Setting CVar [[r.SkyAtmosphere.TransmittanceLUT.UseSmallFormat:0]]
[2020.10.27-19.37.08:785][  0]LogConfig: Setting CVar [[r.SkyAtmosphere.TransmittanceLUT.SampleCount:10.0]]
[2020.10.27-19.37.08:785][  0]LogConfig: Setting CVar [[r.SkyAtmosphere.MultiScatteringLUT.SampleCount:15.0]]
[2020.10.27-19.37.08:785][  0]LogConfig: Applying CVar settings from Section [FoliageQuality@3] File [C:/Users/wlsgn/Documents/Unreal Projects/Proj/AdvGamesProgramming/GameFiles/Saved/Config/Windows/Scalability.ini]
[2020.10.27-19.37.08:785][  0]LogConfig: Setting CVar [[foliage.DensityScale:1.0]]
[2020.10.27-19.37.08:785][  0]LogConfig: Setting CVar [[grass.DensityScale:1.0]]
[2020.10.27-19.37.08:785][  0]LogConfig: Applying CVar settings from Section [ShadingQuality@3] File [C:/Users/wlsgn/Documents/Unreal Projects/Proj/AdvGamesProgramming/GameFiles/Saved/Config/Windows/Scalability.ini]
[2020.10.27-19.37.08:785][  0]LogConfig: Setting CVar [[r.HairStrands.SkyLighting.SampleCount:16]]
[2020.10.27-19.37.08:785][  0]LogConfig: Setting CVar [[r.HairStrands.SkyLighting.JitterIntegration:0]]
[2020.10.27-19.37.08:786][  0]LogConfig: Setting CVar [[r.HairStrands.SkyAO.SampleCount:16]]
[2020.10.27-19.37.08:786][  0]LogConfig: Applying CVar settings from Section [Startup] File [../../../Engine/Config/ConsoleVariables.ini]
[2020.10.27-19.37.08:786][  0]LogConfig: Setting CVar [[net.UseAdaptiveNetUpdateFrequency:0]]
[2020.10.27-19.37.08:786][  0]LogConfig: Setting CVar [[p.chaos.AllowCreatePhysxBodies:1]]
[2020.10.27-19.37.08:786][  0]LogConfig: Applying CVar settings from Section [ConsoleVariables] File [C:/Users/wlsgn/Documents/Unreal Projects/Proj/AdvGamesProgramming/GameFiles/Saved/Config/Windows/Engine.ini]
[2020.10.27-19.37.08:787][  0]LogInit: Computer: DESKTOP-DOLCJVN
[2020.10.27-19.37.08:787][  0]LogInit: User: wlsgn
[2020.10.27-19.37.08:787][  0]LogInit: CPU Page size=4096, Cores=4
[2020.10.27-19.37.08:787][  0]LogInit: High frequency timer resolution =10.000000 MHz
[2020.10.27-19.37.08:787][  0]LogMemory: Memory total: Physical=31.9GB (32GB approx)
[2020.10.27-19.37.08:787][  0]LogMemory: Platform Memory Stats for Windows
[2020.10.27-19.37.08:787][  0]LogMemory: Process Physical Memory: 105.23 MB used, 105.24 MB peak
[2020.10.27-19.37.08:787][  0]LogMemory: Process Virtual Memory: 101.06 MB used, 101.06 MB peak
[2020.10.27-19.37.08:787][  0]LogMemory: Physical Memory: 10496.36 MB used,  22143.62 MB free, 32639.98 MB total
[2020.10.27-19.37.08:787][  0]LogMemory: Virtual Memory: 5134.74 MB used,  134212592.00 MB free, 134217728.00 MB total
[2020.10.27-19.37.08:802][  0]LogWindows: WindowsPlatformFeatures enabled
[2020.10.27-19.37.09:017][  0]LogInit: Overriding language with editor language configuration option (en).
[2020.10.27-19.37.09:017][  0]LogInit: Overriding locale with editor locale configuration option (en).
[2020.10.27-19.37.09:209][  0]LogInit: Setting process to per monitor DPI aware
[2020.10.27-19.37.09:366][  0]LogSlate: New Slate User Created.  User Index 0, Is Virtual User: 0
[2020.10.27-19.37.09:366][  0]LogSlate: Slate User Registered.  User Index 0, Is Virtual User: 0
[2020.10.27-19.37.09:786][  0]LogD3D11RHI: D3D11 min allowed feature level: 11_0
[2020.10.27-19.37.09:786][  0]LogD3D11RHI: D3D11 max allowed feature level: 11_0
[2020.10.27-19.37.09:786][  0]LogD3D11RHI: D3D11 adapters:
[2020.10.27-19.37.09:935][  0]LogD3D11RHI:    0. 'NVIDIA GeForce MX130' (Feature Level 11_0)
[2020.10.27-19.37.09:935][  0]LogD3D11RHI:       2010/0/16319 MB DedicatedVideo/DedicatedSystem/SharedSystem, Outputs:2, VendorId:0x10de
[2020.10.27-19.37.10:015][  0]LogD3D11RHI:    1. 'Intel(R) UHD Graphics 620' (Feature Level 11_0)
[2020.10.27-19.37.10:015][  0]LogD3D11RHI:       128/0/16319 MB DedicatedVideo/DedicatedSystem/SharedSystem, Outputs:0, VendorId:0x8086
[2020.10.27-19.37.10:028][  0]LogD3D11RHI:    2. 'Microsoft Basic Render Driver' (Feature Level 11_0)
[2020.10.27-19.37.10:028][  0]LogD3D11RHI:       0/0/16319 MB DedicatedVideo/DedicatedSystem/SharedSystem, Outputs:0, VendorId:0x1414
[2020.10.27-19.37.10:038][  0]LogD3D11RHI:    3. 'Microsoft Basic Render Driver' (Feature Level 11_0)
[2020.10.27-19.37.10:038][  0]LogD3D11RHI:       0/0/16319 MB DedicatedVideo/DedicatedSystem/SharedSystem, Outputs:0, VendorId:0x1414
[2020.10.27-19.37.10:038][  0]LogD3D11RHI: Chosen D3D11 Adapter: 0
[2020.10.27-19.37.10:105][  0]LogD3D11RHI: Creating new Direct3DDevice
[2020.10.27-19.37.10:106][  0]LogD3D11RHI:     GPU DeviceId: 0x174d (for the marketing name, search the web for "GPU Device Id")
[2020.10.27-19.37.10:106][  0]LogWindows: EnumDisplayDevices:
[2020.10.27-19.37.10:107][  0]LogWindows:    0. 'Intel(R) UHD Graphics 620' (P:0 D:1)
[2020.10.27-19.37.10:109][  0]LogWindows:    1. 'Intel(R) UHD Graphics 620' (P:1 D:1)
[2020.10.27-19.37.10:111][  0]LogWindows:    2. 'Intel(R) UHD Graphics 620' (P:0 D:0)
[2020.10.27-19.37.10:113][  0]LogWindows:    3. 'LuminonCore IDDCX Adapter' (P:0 D:0)
[2020.10.27-19.37.10:115][  0]LogWindows:    4. 'LuminonCore IDDCX Adapter' (P:0 D:0)
[2020.10.27-19.37.10:117][  0]LogWindows:    5. 'LuminonCore IDDCX Adapter' (P:0 D:0)
[2020.10.27-19.37.10:119][  0]LogWindows:    6. 'LuminonCore IDDCX Adapter' (P:0 D:0)
[2020.10.27-19.37.10:121][  0]LogWindows:    7. 'LuminonCore IDDCX Adapter' (P:0 D:0)
[2020.10.27-19.37.10:122][  0]LogWindows:    8. 'LuminonCore IDDCX Adapter' (P:0 D:0)
[2020.10.27-19.37.10:124][  0]LogWindows:    9. 'LuminonCore IDDCX Adapter' (P:0 D:0)
[2020.10.27-19.37.10:126][  0]LogWindows:    10. 'LuminonCore IDDCX Adapter' (P:0 D:0)
[2020.10.27-19.37.10:128][  0]LogWindows:    11. 'LuminonCore IDDCX Adapter' (P:0 D:0)
[2020.10.27-19.37.10:131][  0]LogWindows:    12. 'LuminonCore IDDCX Adapter' (P:0 D:0)
[2020.10.27-19.37.10:133][  0]LogWindows:    13. 'LuminonCore IDDCX Adapter' (P:0 D:0)
[2020.10.27-19.37.10:135][  0]LogWindows:    14. 'LuminonCore IDDCX Adapter' (P:0 D:0)
[2020.10.27-19.37.10:137][  0]LogWindows:    15. 'LuminonCore IDDCX Adapter' (P:0 D:0)
[2020.10.27-19.37.10:139][  0]LogWindows:    16. 'LuminonCore IDDCX Adapter' (P:0 D:0)
[2020.10.27-19.37.10:140][  0]LogWindows:    17. 'LuminonCore IDDCX Adapter' (P:0 D:0)
[2020.10.27-19.37.10:142][  0]LogWindows:    18. 'LuminonCore IDDCX Adapter' (P:0 D:0)
[2020.10.27-19.37.10:144][  0]LogWindows: DebugString: PrimaryIsNotTheChoosenAdapter PrimaryIsNotTheChoosenAdapter PrimaryIsNotTheChoosenAdapter GetVideoDriverDetailsInvalid PrimaryIsNotTheChoosenAdapter GetVideoDriverDetailsInvalid PrimaryIsNotTheChoosenAdapter GetVideoDriverDetailsInvalid PrimaryIsNotTheChoosenAdapter GetVideoDriverDetailsInvalid PrimaryIsNotTheChoosenAdapter GetVideoDriverDetailsInvalid PrimaryIsNotTheChoosenAdapter GetVideoDriverDetailsInvalid PrimaryIsNotTheChoosenAdapter GetVideoDriverDetailsInvalid PrimaryIsNotTheChoosenAdapter GetVideoDriverDetailsInvalid PrimaryIsNotTheChoosenAdapter GetVideoDriverDetailsInvalid PrimaryIsNotTheChoosenAdapter GetVideoDriverDetailsInvalid PrimaryIsNotTheChoosenAdapter GetVideoDriverDetailsInvalid PrimaryIsNotTheChoosenAdapter GetVideoDriverDetailsInvalid PrimaryIsNotTheChoosenAdapter GetVideoDriverDetailsInvalid PrimaryIsNotTheChoosenAdapter GetVideoDriverDetailsInvalid PrimaryIsNotTheChoosenAdapter GetVideoDriverDetailsInvalid PrimaryIsNotTheChoosenAdapter GetVideoDriverDetailsInvalid PrimaryIsNotTheChoosenAdapter FoundDriverCount:0 
[2020.10.27-19.37.10:144][  0]LogD3D11RHI:     Adapter Name: NVIDIA GeForce MX130
[2020.10.27-19.37.10:144][  0]LogD3D11RHI:   Driver Version: Unknown (internal:Unknown, unified:Unknown)
[2020.10.27-19.37.10:144][  0]LogD3D11RHI:      Driver Date: Unknown
[2020.10.27-19.37.10:145][  0]LogRHI: Texture pool is 1407 MB (70% of 2010 MB)
[2020.10.27-19.37.10:241][  0]LogD3D11RHI: RHI has support for 64 bit atomics
[2020.10.27-19.37.10:242][  0]LogD3D11RHI: Async texture creation enabled
[2020.10.27-19.37.10:271][  0]LogD3D11RHI: GPU Timing Frequency: 1000.000000 (Debug: 2 1)
[2020.10.27-19.37.10:888][  0]LogTargetPlatformManager: Display: Loaded TargetPlatform 'AllDesktop'
[2020.10.27-19.37.10:934][  0]LogTargetPlatformManager: Display: Loaded TargetPlatform 'Android'
[2020.10.27-19.37.10:934][  0]LogTargetPlatformManager: Display: Loaded TargetPlatform 'Android_ASTC'
[2020.10.27-19.37.10:934][  0]LogTargetPlatformManager: Display: Loaded TargetPlatform 'Android_ATC'
[2020.10.27-19.37.10:935][  0]LogTargetPlatformManager: Display: Loaded TargetPlatform 'Android_DXT'
[2020.10.27-19.37.10:935][  0]LogTargetPlatformManager: Display: Loaded TargetPlatform 'Android_ETC1'
[2020.10.27-19.37.10:935][  0]LogTargetPlatformManager: Display: Loaded TargetPlatform 'Android_ETC1a'
[2020.10.27-19.37.10:935][  0]LogTargetPlatformManager: Display: Loaded TargetPlatform 'Android_ETC2'
[2020.10.27-19.37.10:935][  0]LogTargetPlatformManager: Display: Loaded TargetPlatform 'Android_PVRTC'
[2020.10.27-19.37.10:935][  0]LogTargetPlatformManager: Display: Loaded TargetPlatform 'AndroidClient'
[2020.10.27-19.37.10:935][  0]LogTargetPlatformManager: Display: Loaded TargetPlatform 'Android_ASTCClient'
[2020.10.27-19.37.10:935][  0]LogTargetPlatformManager: Display: Loaded TargetPlatform 'Android_ATCClient'
[2020.10.27-19.37.10:935][  0]LogTargetPlatformManager: Display: Loaded TargetPlatform 'Android_DXTClient'
[2020.10.27-19.37.10:935][  0]LogTargetPlatformManager: Display: Loaded TargetPlatform 'Android_ETC1Client'
[2020.10.27-19.37.10:935][  0]LogTargetPlatformManager: Display: Loaded TargetPlatform 'Android_ETC1aClient'
[2020.10.27-19.37.10:936][  0]LogTargetPlatformManager: Display: Loaded TargetPlatform 'Android_ETC2Client'
[2020.10.27-19.37.10:936][  0]LogTargetPlatformManager: Display: Loaded TargetPlatform 'Android_PVRTCClient'
[2020.10.27-19.37.10:936][  0]LogTargetPlatformManager: Display: Loaded TargetPlatform 'Android_Multi'
[2020.10.27-19.37.10:936][  0]LogTargetPlatformManager: Display: Loaded TargetPlatform 'Android_MultiClient'
[2020.10.27-19.37.10:981][  0]LogTargetPlatformManager: Display: Loaded TargetPlatform 'IOSClient'
[2020.10.27-19.37.10:981][  0]LogTargetPlatformManager: Display: Loaded TargetPlatform 'IOS'
[2020.10.27-19.37.10:996][  0]LogTargetPlatformManager: Display: Loaded TargetPlatform 'LinuxNoEditor'
[2020.10.27-19.37.11:012][  0]LogTargetPlatformManager: Display: Loaded TargetPlatform 'LinuxClient'
[2020.10.27-19.37.11:028][  0]LogTargetPlatformManager: Display: Loaded TargetPlatform 'LinuxServer'
[2020.10.27-19.37.11:044][  0]LogTargetPlatformManager: Display: Loaded TargetPlatform 'LinuxAArch64NoEditor'
[2020.10.27-19.37.11:060][  0]LogTargetPlatformManager: Display: Loaded TargetPlatform 'LinuxAArch64Client'
[2020.10.27-19.37.11:075][  0]LogTargetPlatformManager: Display: Loaded TargetPlatform 'LinuxAArch64Server'
[2020.10.27-19.37.11:117][  0]LogTargetPlatformManager: Display: Loaded TargetPlatform 'Lumin'
[2020.10.27-19.37.11:117][  0]LogTargetPlatformManager: Display: Loaded TargetPlatform 'LuminClient'
[2020.10.27-19.37.11:143][  0]LogTargetPlatformManager: Display: Loaded TargetPlatform 'TVOSClient'
[2020.10.27-19.37.11:144][  0]LogTargetPlatformManager: Display: Loaded TargetPlatform 'TVOS'
[2020.10.27-19.37.11:162][  0]LogTargetPlatformManager: Display: Loaded TargetPlatform 'WindowsNoEditor'
[2020.10.27-19.37.11:182][  0]LogTargetPlatformManager: Display: Loaded TargetPlatform 'Windows'
[2020.10.27-19.37.11:203][  0]LogTargetPlatformManager: Display: Loaded TargetPlatform 'WindowsClient'
[2020.10.27-19.37.11:223][  0]LogTargetPlatformManager: Display: Loaded TargetPlatform 'WindowsServer'
[2020.10.27-19.37.11:223][  0]LogTargetPlatformManager: Display: Building Assets For Windows
[2020.10.27-19.37.11:250][  0]LogAudioDebug: Display: Lib vorbis DLL was dynamically loaded.
[2020.10.27-19.37.11:445][  0]LogShaderCompilers: Guid format shader working directory is -45 characters bigger than the processId version (../../../../../../Users/wlsgn/Documents/Unreal Projects/Proj/AdvGamesProgramming/GameFiles/Intermediate/Shaders/WorkingDirectory/19004/).
[2020.10.27-19.37.11:445][  0]LogShaderCompilers: Cleaned the shader compiler working directory 'C:/Users/wlsgn/AppData/Local/Temp/UnrealShaderWorkingDir/F9D567F3483C0343607BE1AB6AE493B0/'.
[2020.10.27-19.37.11:446][  0]LogXGEController: Cleaning working directory: C:/Users/wlsgn/AppData/Local/Temp/UnrealXGEWorkingDir/
[2020.10.27-19.37.11:448][  0]LogXGEController: Cannot use XGE Controller as Incredibuild is not installed on this machine.
[2020.10.27-19.37.11:448][  0]LogShaderCompilers: Cannot use XGE Shader Compiler as Incredibuild is not installed on this machine.
[2020.10.27-19.37.11:449][  0]LogShaderCompilers: Display: Using Local Shader Compiler.
[2020.10.27-19.37.12:371][  0]LogDerivedDataCache: Display: Max Cache Size: 512 MB
[2020.10.27-19.37.12:436][  0]LogDerivedDataCache: Loaded boot cache 0.07s 95MB C:/Users/wlsgn/AppData/Local/UnrealEngine/4.24/DerivedDataCache/Boot.ddc.
[2020.10.27-19.37.12:437][  0]LogDerivedDataCache: Display: Loaded Boot cache: C:/Users/wlsgn/AppData/Local/UnrealEngine/4.24/DerivedDataCache/Boot.ddc
[2020.10.27-19.37.12:437][  0]LogDerivedDataCache: FDerivedDataBackendGraph:  Pak pak cache file ../../../../../../Users/wlsgn/Documents/Unreal Projects/Proj/AdvGamesProgramming/GameFiles/DerivedDataCache/DDC.ddp not found, will not use a pak cache.
[2020.10.27-19.37.12:437][  0]LogDerivedDataCache: Unable to find inner node Pak for hierarchical cache Hierarchy.
[2020.10.27-19.37.12:437][  0]LogDerivedDataCache: FDerivedDataBackendGraph:  CompressedPak pak cache file ../../../../../../Users/wlsgn/Documents/Unreal Projects/Proj/AdvGamesProgramming/GameFiles/DerivedDataCache/Compressed.ddp not found, will not use a pak cache.
[2020.10.27-19.37.12:437][  0]LogDerivedDataCache: Unable to find inner node CompressedPak for hierarchical cache Hierarchy.
[2020.10.27-19.37.12:448][  0]LogDerivedDataCache: Display: Pak cache opened for reading ../../../Engine/DerivedDataCache/Compressed.ddp.
[2020.10.27-19.37.12:448][  0]LogDerivedDataCache: FDerivedDataBackendGraph:  EnterprisePak pak cache file ../../../Enterprise/DerivedDataCache/Compressed.ddp not found, will not use a pak cache.
[2020.10.27-19.37.12:448][  0]LogDerivedDataCache: Unable to find inner node EnterprisePak for hierarchical cache Hierarchy.
[2020.10.27-19.37.12:451][  0]LogDerivedDataCache: Using Local data cache path C:/Users/wlsgn/AppData/Local/UnrealEngine/Common/DerivedDataCache: Writable
[2020.10.27-19.37.12:451][  0]LogDerivedDataCache: Shared data cache path not found in *engine.ini, will not use an Shared cache.
[2020.10.27-19.37.12:451][  0]LogDerivedDataCache: Unable to find inner node Shared for hierarchical cache Hierarchy.
[2020.10.27-19.37.12:477][  0]LogMaterial: Verifying Global Shaders for PCD3D_SM5
[2020.10.27-19.37.12:480][  0]LogSlate: Using FreeType 2.10.0
[2020.10.27-19.37.12:481][  0]LogSlate: SlateFontServices - WITH_FREETYPE: 1, WITH_HARFBUZZ: 1
[2020.10.27-19.37.12:558][  0]LogAssetRegistry: FAssetRegistry took 0.0043 seconds to start up
[2020.10.27-19.37.12:928][  0]LogInit: Selected Device Profile: [Windows]
[2020.10.27-19.37.13:254][  0]LogMeshReduction: Using QuadricMeshReduction for automatic static mesh reduction
[2020.10.27-19.37.13:254][  0]LogMeshReduction: Using SimplygonMeshReduction for automatic skeletal mesh reduction
[2020.10.27-19.37.13:254][  0]LogMeshReduction: Using ProxyLODMeshReduction for automatic mesh merging
[2020.10.27-19.37.13:254][  0]LogMeshReduction: No distributed automatic mesh merging module available
[2020.10.27-19.37.13:254][  0]LogMeshMerging: No distributed automatic mesh merging module available
[2020.10.27-19.37.13:308][  0]LogNetVersion: AdvGamesProgramming 1.0.0, NetCL: 10570792, EngineNetVer: 13, GameNetVer: 0 (Checksum: 489682494)
[2020.10.27-19.37.15:008][  0]LogPackageLocalizationCache: Processed 8 localized package path(s) for 1 prioritized culture(s) in 0.052958 seconds
[2020.10.27-19.37.15:022][  0]LogUObjectArray: 46098 objects as part of root set at end of initial load.
[2020.10.27-19.37.15:022][  0]LogUObjectAllocator: 8030680 out of 0 bytes used by permanent object pool.
[2020.10.27-19.37.15:022][  0]LogUObjectArray: CloseDisregardForGC: 0/0 objects in disregard for GC pool
[2020.10.27-19.37.16:191][  0]LogTcpMessaging: Initializing TcpMessaging bridge
[2020.10.27-19.37.16:204][  0]LogUdpMessaging: Initializing bridge on interface 0.0.0.0:0 to multicast group 230.0.0.1:6666.
[2020.10.27-19.37.16:413][  0]LogBlueprint: Warning: [Compiler Ue4ASP_Character] InputAction Event references unknown Action 'Crouch' for  InputAction Crouch
[2020.10.27-19.37.16:414][  0]LogBlueprint: Warning: [Compiler Ue4ASP_Character] Input Axis Event references unknown Axis 'MoveRight' for  InputAxis MoveRight
[2020.10.27-19.37.16:596][  0]LogClass: Warning: Failed to find enum 'None' when converting property 'WeaponFiringType' during property loading - setting to 0
[2020.10.27-19.37.17:305][  0]SourceControl: Source control is disabled
[2020.10.27-19.37.17:305][  0]SourceControl: Source control is disabled
[2020.10.27-19.37.17:328][  0]SourceControl: Source control is disabled
[2020.10.27-19.37.17:339][  0]SourceControl: Source control is disabled
[2020.10.27-19.37.17:348][  0]SourceControl: Source control is disabled
[2020.10.27-19.37.17:837][  0]LogAndroidPermission: UAndroidPermissionCallbackProxy::GetInstance
[2020.10.27-19.37.17:913][  0]LogAudioCaptureCore: Display: No Audio Capture implementations found. Audio input will be silent.
[2020.10.27-19.37.17:913][  0]LogAudioCaptureCore: Display: No Audio Capture implementations found. Audio input will be silent.
[2020.10.27-19.37.18:215][  0]LogEngine: Initializing Engine...
[2020.10.27-19.37.18:217][  0]LogStats: UGameplayTagsManager::InitializeManager -  0.000 s
[2020.10.27-19.37.18:846][  0]LogInit: Initializing FReadOnlyCVARCache
[2020.10.27-19.37.18:870][  0]LogAIModule: Creating AISystem for world Untitled
[2020.10.27-19.37.18:884][  0]LogAudioMixer: Display: Audio Mixer Platform Settings:
[2020.10.27-19.37.18:885][  0]LogAudioMixer: Display: 	Sample Rate:						  48000
[2020.10.27-19.37.18:885][  0]LogAudioMixer: Display: 	Callback Buffer Frame Size Requested: 1024
[2020.10.27-19.37.18:885][  0]LogAudioMixer: Display: 	Callback Buffer Frame Size To Use:	  1024
[2020.10.27-19.37.18:885][  0]LogAudioMixer: Display: 	Number of buffers to queue:			  2
[2020.10.27-19.37.18:885][  0]LogAudioMixer: Display: 	Max Channels (voices):				  32
[2020.10.27-19.37.18:885][  0]LogAudioMixer: Display: 	Number of Async Source Workers:		  0
[2020.10.27-19.37.18:885][  0]LogAudio: Display: AudioDevice MaxSources: 32
[2020.10.27-19.37.18:887][  0]LogAudio: Display: Using built-in audio occlusion.
[2020.10.27-19.37.18:887][  0]LogAudioMixer: Display: Initializing audio mixer.
[2020.10.27-19.37.19:320][  0]LogAudioMixer: Display: Audio Device Output Speaker Info:
[2020.10.27-19.37.19:321][  0]LogAudioMixer: Display: Name: 스피커(iFi (by AMR) HD USB Audio)
[2020.10.27-19.37.19:321][  0]LogAudioMixer: Display: Is Default: Yes
[2020.10.27-19.37.19:321][  0]LogAudioMixer: Display: Sample Rate: 48000
[2020.10.27-19.37.19:321][  0]LogAudioMixer: Display: Channel Count Used: 2
[2020.10.27-19.37.19:321][  0]LogAudioMixer: Display: Device Channel Count: 2
[2020.10.27-19.37.19:321][  0]LogAudioMixer: Display: Channel Order:
[2020.10.27-19.37.19:322][  0]LogAudioMixer: Display: 0: FrontLeft
[2020.10.27-19.37.19:322][  0]LogAudioMixer: Display: 1: FrontRight
[2020.10.27-19.37.19:731][  0]LogAudioMixer: Display: Using Audio Device 스피커(iFi (by AMR) HD USB Audio)
[2020.10.27-19.37.19:750][  0]LogInit: FAudioDevice initialized.
[2020.10.27-19.37.19:750][  0]LogNetVersion: Set ProjectVersion to 1.0.0.0. Version Checksum will be recalculated on next use.
[2020.10.27-19.37.19:858][  0]LogDerivedDataCache: Saved boot cache 0.11s 95MB C:/Users/wlsgn/AppData/Local/UnrealEngine/4.24/DerivedDataCache/Boot.ddc.
[2020.10.27-19.37.19:859][  0]LogInit: Texture streaming: Enabled
[2020.10.27-19.37.19:930][  0]LogEngineSessionManager: EngineSessionManager initialized
[2020.10.27-19.37.19:930][  0]LogEngineSessionManager: EngineSessionManager sent abnormal shutdown report. Type=Debugger, SessionId={32101F15-4450-189E-5FF5-F8A61DB8E20B}
[2020.10.27-19.37.19:930][  0]LogEditorSessionSummary: Verbose: Initializing EditorSessionSummaryWriter for editor session tracking
[2020.10.27-19.37.19:938][  0]LogEditorSessionSummary: EditorSessionSummaryWriter initialized
[2020.10.27-19.37.20:031][  0]LogInit: Transaction tracking system initialized
[2020.10.27-19.37.20:129][  0]BlueprintLog: New page: Editor Load
[2020.10.27-19.37.20:395][  0]LocalizationService: Localization service is disabled
[2020.10.27-19.37.21:214][  0]LogFileCache: Scanning file cache for directory 'C:/Users/wlsgn/Documents/Unreal Projects/Proj/AdvGamesProgramming/GameFiles/Content/' took 0.01s
[2020.10.27-19.37.21:215][  0]LogCook: Display: Max memory allowance for cook 16384mb min free memory 0mb
[2020.10.27-19.37.21:215][  0]LogCook: Display: Mobile HDR setting 1
[2020.10.27-19.37.22:330][  0]SourceControl: Source control is disabled
[2020.10.27-19.37.22:330][  0]Cmd: MAP LOAD FILE="../../../../../../Users/wlsgn/Documents/Unreal Projects/Proj/AdvGamesProgramming/GameFiles/Content/Levels/ProjectLevel.umap" TEMPLATE=0 SHOWPROGRESS=1 FEATURELEVEL=3
[2020.10.27-19.37.22:331][  0]LightingResults: New page: Lighting Build
[2020.10.27-19.37.22:333][  0]LogWorld: UWorld::CleanupWorld for Untitled, bSessionEnded=true, bCleanupResources=true
[2020.10.27-19.37.22:333][  0]LogSlate: InvalidateAllWidgets triggered.  All widgets were invalidated
[2020.10.27-19.37.22:333][  0]MapCheck: New page: Map Check
[2020.10.27-19.37.22:333][  0]LightingResults: New page: Lighting Build
[2020.10.27-19.37.22:382][  0]LogUObjectHash: Compacting FUObjectHashTables data took   4.36ms
[2020.10.27-19.37.22:635][  0]LogAIModule: Creating AISystem for world ProjectLevel
[2020.10.27-19.37.22:648][  0]LogEditorServer: Finished looking for orphan Actors (0.000 secs)
[2020.10.27-19.37.22:700][  0]LogUObjectHash: Compacting FUObjectHashTables data took   7.59ms
[2020.10.27-19.37.22:700][  0]Cmd: MAP CHECKDEP NOCLEARLOG
[2020.10.27-19.37.22:701][  0]MapCheck: Map check complete: 0 Error(s), 0 Warning(s), took 0.773ms to complete.
[2020.10.27-19.37.22:702][  0]LogFileHelpers: Loading map 'ProjectLevel' took 0.372
[2020.10.27-19.37.22:955][  0]LogSlate: Updating window title bar state: overlay mode, drag disabled, window buttons hidden, title bar hidden
[2020.10.27-19.37.22:969][  0]LogSlate: Updating window title bar state: overlay mode, drag disabled, window buttons hidden, title bar hidden
[2020.10.27-19.37.22:981][  0]LogSlate: Updating window title bar state: overlay mode, drag disabled, window buttons hidden, title bar hidden
[2020.10.27-19.37.22:993][  0]LogSlate: Updating window title bar state: overlay mode, drag disabled, window buttons hidden, title bar hidden
[2020.10.27-19.37.23:012][  0]LogCollectionManager: Loaded 0 collections in 0.001763 seconds
[2020.10.27-19.37.23:049][  0]LogFileCache: Scanning file cache for directory 'C:/Users/wlsgn/Documents/Unreal Projects/Proj/AdvGamesProgramming/GameFiles/Saved/Collections/' took 0.00s
[2020.10.27-19.37.23:049][  0]LogFileCache: Scanning file cache for directory 'C:/Users/wlsgn/Documents/Unreal Projects/Proj/AdvGamesProgramming/GameFiles/Content/Developers/wlsgn/Collections/' took 0.01s
[2020.10.27-19.37.23:049][  0]LogFileCache: Scanning file cache for directory 'C:/Users/wlsgn/Documents/Unreal Projects/Proj/AdvGamesProgramming/GameFiles/Content/Collections/' took 0.00s
[2020.10.27-19.37.23:050][  0]LogContentBrowser: Native class hierarchy populated in 0.0158 seconds. Added 3013 classes and 703 folders.
[2020.10.27-19.37.23:058][  0]LogContentBrowser: Native class hierarchy updated for 'WidgetCarousel' in 0.0008 seconds. Added 0 classes and 0 folders.
[2020.10.27-19.37.23:150][  0]LogContentBrowser: Native class hierarchy updated for 'AddContentDialog' in 0.0004 seconds. Added 0 classes and 0 folders.
[2020.10.27-19.37.23:171][  0]LogContentBrowser: Native class hierarchy updated for 'SceneOutliner' in 0.0005 seconds. Added 2 classes and 3 folders.
[2020.10.27-19.37.23:292][  0]LogSlate: Took 0.000406 seconds to synchronously load lazily loaded font '../../../Engine/Content/Slate/Fonts/Roboto-Regular.ttf' (155K)
[2020.10.27-19.37.23:295][  0]LogSlate: Took 0.000428 seconds to synchronously load lazily loaded font '../../../Engine/Content/Slate/Fonts/Roboto-Bold.ttf' (160K)
[2020.10.27-19.37.23:302][  0]LogSlate: Took 0.000312 seconds to synchronously load lazily loaded font '../../../Engine/Content/Editor/Slate/Fonts/FontAwesome.ttf' (139K)
[2020.10.27-19.37.23:463][  0]LogRenderer: Reallocating scene render targets to support 1608x996 Format 10 NumSamples 1 (Frame:1).
[2020.10.27-19.37.23:771][  0]LogContentBrowser: Native class hierarchy updated for 'HierarchicalLODOutliner' in 0.0006 seconds. Added 0 classes and 0 folders.
[2020.10.27-19.37.23:772][  0]LogLoad: (Engine Initialization) Total time: 17.42 seconds
[2020.10.27-19.37.23:772][  0]LogLoad: (Engine Initialization) Total Blueprint compile time: 0.00 seconds
[2020.10.27-19.37.23:845][  0]LogContentStreaming: Texture pool size now 1000 MB
[2020.10.27-19.37.23:919][  1]LogAssetRegistry: Asset discovery search completed in 11.3640 seconds
[2020.10.27-19.37.23:925][  1]LogCollectionManager: Fixed up redirectors for 0 collections in 0.000024 seconds (updated 0 objects)
[2020.10.27-19.38.10:899][510]LogSlate: Took 0.000220 seconds to synchronously load lazily loaded font '../../../Engine/Content/Slate/Fonts/Roboto-Light.ttf' (167K)
[2020.10.27-19.38.10:941][510]LogAssetEditorSubsystem: Opening Asset editor for Blueprint /Game/Blueprints/EnemyCharacterBlueprint.EnemyCharacterBlueprint
[2020.10.27-19.38.11:194][510]LogContentBrowser: Native class hierarchy updated for 'BlueprintGraph' in 0.0007 seconds. Added 121 classes and 0 folders.
[2020.10.27-19.38.12:227][510]LogSlate: Took 0.000284 seconds to synchronously load lazily loaded font '../../../Engine/Content/Slate/Fonts/Roboto-BoldCondensed.ttf' (158K)
[2020.10.27-19.38.12:284][511]LogSlate: Took 0.000364 seconds to synchronously load lazily loaded font '../../../Engine/Content/Slate/Fonts/Roboto-Italic.ttf' (157K)
[2020.10.27-19.38.41:010][803]LogSlate: Window 'EnemyCharacterBlueprint' being destroyed
[2020.10.27-19.39.47:717][360]Candidate modules for hot reload:
[2020.10.27-19.39.47:717][360]  AdvGamesProgramming
[2020.10.27-19.39.47:718][360]Launching UnrealBuildTool... [C:/Program Files/Epic Games/UE_4.24/Engine/Binaries/DotNET/UnrealBuildTool.exe  -ModuleWithSuffix=AdvGamesProgramming,6633 Win64 Development -TargetType=Editor -Project="C:/Users/wlsgn/Documents/Unreal Projects/Proj/AdvGamesProgramming/GameFiles/AdvGamesProgramming.uproject" "C:/Users/wlsgn/Documents/Unreal Projects/Proj/AdvGamesProgramming/GameFiles/AdvGamesProgramming.uproject"  -IgnoreJunk]
[2020.10.27-19.39.47:719][360]Warning: Starting HotReload took  0.0s.
[2020.10.27-19.40.09:571][ 31]CompilerResultsLog: New page: Compilation - Oct 28, 2020, 5:40:09 PM
[2020.10.27-19.40.09:571][ 31]CompilerResultsLog: Using 'git status' to determine working set for adaptive non-unity build (C:\Users\wlsgn\Documents\Unreal Projects\Proj\AdvGamesProgramming).
[2020.10.27-19.40.09:571][ 31]CompilerResultsLog: Parsing headers for AdvGamesProgrammingEditor
[2020.10.27-19.40.09:571][ 31]CompilerResultsLog:   Running UnrealHeaderTool "C:\Users\wlsgn\Documents\Unreal Projects\Proj\AdvGamesProgramming\GameFiles\AdvGamesProgramming.uproject" "C:\Users\wlsgn\Documents\Unreal Projects\Proj\AdvGamesProgramming\GameFiles\Intermediate\Build\Win64\AdvGamesProgrammingEditor\Development\AdvGamesProgrammingEditor.uhtmanifest" -LogCmds="loginit warning, logexit warning, logdatabase error" -Unattended -WarningsAsErrors -installed
[2020.10.27-19.40.09:571][ 31]CompilerResultsLog: Reflection code generated for AdvGamesProgrammingEditor in 8.4109524 seconds
[2020.10.27-19.40.09:571][ 31]CompilerResultsLog: Building AdvGamesProgrammingEditor...
[2020.10.27-19.40.09:572][ 31]CompilerResultsLog: Using Visual Studio 2017 14.16.27032 toolchain (C:\Program Files (x86)\Microsoft Visual Studio\2017\Community\VC\Tools\MSVC\14.16.27023) and Windows 10.0.16299.0 SDK (D:\Windows Kits\10).
[2020.10.27-19.40.09:572][ 31]CompilerResultsLog: Building 7 actions with 8 processes...
[2020.10.27-19.40.09:572][ 31]CompilerResultsLog:   [1/7] MyAIController.cpp
[2020.10.27-19.40.09:572][ 31]CompilerResultsLog:   [2/7] MyAIControllerNM.cpp
[2020.10.27-19.40.09:572][ 31]CompilerResultsLog:   [3/7] EnemyCharacterNavMesh.gen.cpp
[2020.10.27-19.40.09:572][ 31]CompilerResultsLog:   [4/7] EnemyCharacterNavMesh.cpp
[2020.10.27-19.40.09:572][ 31]CompilerResultsLog:   [5/7] UE4Editor-AdvGamesProgramming-6633.lib
[2020.10.27-19.40.09:572][ 31]CompilerResultsLog:      C:\Users\wlsgn\Documents\Unreal Projects\Proj\AdvGamesProgramming\GameFiles\Intermediate\Build\Win64\UE4Editor\Development\AdvGamesProgramming\UE4Editor-AdvGamesProgramming-6633.lib ???̺귯?? ?? C:\Users\wlsgn\Documents\Unreal Projects\Proj\AdvGamesProgramming\GameFiles\Intermediate\Build\Win64\UE4Editor\Development\AdvGamesProgramming\UE4Editor-AdvGamesProgramming-6633.exp ??ü?? ?????ϰ? ?ֽ??ϴ?.
[2020.10.27-19.40.09:573][ 31]CompilerResultsLog:   [6/7] UE4Editor-AdvGamesProgramming-6633.dll
[2020.10.27-19.40.09:573][ 31]CompilerResultsLog:      C:\Users\wlsgn\Documents\Unreal Projects\Proj\AdvGamesProgramming\GameFiles\Intermediate\Build\Win64\UE4Editor\Development\AdvGamesProgramming\UE4Editor-AdvGamesProgramming-6633.suppressed.lib ???̺귯?? ?? C:\Users\wlsgn\Documents\Unreal Projects\Proj\AdvGamesProgramming\GameFiles\Intermediate\Build\Win64\UE4Editor\Development\AdvGamesProgramming\UE4Editor-AdvGamesProgramming-6633.suppressed.exp ??ü?? ?????ϰ? ?ֽ??ϴ?.
[2020.10.27-19.40.09:573][ 31]CompilerResultsLog:   [7/7] AdvGamesProgrammingEditor.target
[2020.10.27-19.40.09:573][ 31]CompilerResultsLog: Total time in Parallel executor: 10.77 seconds
[2020.10.27-19.40.09:573][ 31]CompilerResultsLog: Total execution time: 21.41 seconds
[2020.10.27-19.40.09:573][ 31]LogMainFrame: MainFrame: Module compiling took 21.869 seconds
[2020.10.27-19.40.09:620][ 31]LogUObjectHash: Compacting FUObjectHashTables data took   4.38ms
[2020.10.27-19.40.09:727][ 31]LogClass: AgentState HotReload.
[2020.10.27-19.40.09:727][ 31]LogClass: WeaponPickupRarity HotReload.
[2020.10.27-19.40.09:737][ 31]LogHotReload: Re-instancing MyAIControllerNM after hot-reload.
[2020.10.27-19.40.10:031][ 31]LogContentBrowser: Native class hierarchy updated for 'AdvGamesProgramming' in 0.0005 seconds. Added 16 classes and 2 folders.
[2020.10.27-19.40.10:037][ 31]Display: HotReload successful (22 functions remapped  0 scriptstructs remapped)
[2020.10.27-19.40.10:200][ 31]LogUObjectHash: Compacting FUObjectHashTables data took   2.70ms
[2020.10.27-19.40.10:212][ 31]LogContentBrowser: Native class hierarchy populated in 0.0113 seconds. Added 3015 classes and 706 folders.
[2020.10.27-19.40.10:223][ 31]Display: HotReload took 22.5s.
[2020.10.27-19.40.31:963][142]Candidate modules for hot reload:
[2020.10.27-19.40.31:963][142]  AdvGamesProgramming
[2020.10.27-19.40.31:964][142]Launching UnrealBuildTool... [C:/Program Files/Epic Games/UE_4.24/Engine/Binaries/DotNET/UnrealBuildTool.exe  -ModuleWithSuffix=AdvGamesProgramming,5742 Win64 Development -TargetType=Editor -Project="C:/Users/wlsgn/Documents/Unreal Projects/Proj/AdvGamesProgramming/GameFiles/AdvGamesProgramming.uproject" "C:/Users/wlsgn/Documents/Unreal Projects/Proj/AdvGamesProgramming/GameFiles/AdvGamesProgramming.uproject"  -IgnoreJunk]
[2020.10.27-19.40.31:967][142]Warning: Starting HotReload took  0.0s.
[2020.10.27-19.40.36:264][297]LogAIModule: Creating AISystem for world TestingMap
[2020.10.27-19.40.36:304][297]LogAssetEditorSubsystem: Opening Asset editor for World /Game/Levels/TestingMap.TestingMap
[2020.10.27-19.40.36:412][297]LogUObjectHash: Compacting FUObjectHashTables data took   7.73ms
[2020.10.27-19.40.36:416][297]Cmd: MAP LOAD FILE="../../../../../../Users/wlsgn/Documents/Unreal Projects/Proj/AdvGamesProgramming/GameFiles/Content/Levels/TestingMap.umap" TEMPLATE=0 SHOWPROGRESS=1 FEATURELEVEL=3
[2020.10.27-19.40.36:416][297]LightingResults: New page: Lighting Build
[2020.10.27-19.40.36:418][297]LoadErrors: New page: Loading map: TestingMap.umap
[2020.10.27-19.40.36:420][297]LogWorld: UWorld::CleanupWorld for ProjectLevel, bSessionEnded=true, bCleanupResources=true
[2020.10.27-19.40.36:420][297]LogSlate: InvalidateAllWidgets triggered.  All widgets were invalidated
[2020.10.27-19.40.36:420][297]MapCheck: New page: Map Check
[2020.10.27-19.40.36:420][297]LightingResults: New page: Lighting Build
[2020.10.27-19.40.36:494][297]LogUObjectHash: Compacting FUObjectHashTables data took   6.62ms
[2020.10.27-19.40.36:519][297]LogEditorServer: Finished looking for orphan Actors (0.000 secs)
[2020.10.27-19.40.36:589][297]LogUObjectHash: Compacting FUObjectHashTables data took   6.10ms
[2020.10.27-19.40.36:618][297]Cmd: MAP CHECKDEP NOCLEARLOG
[2020.10.27-19.40.36:619][297]MapCheck: Map check complete: 0 Error(s), 0 Warning(s), took 0.468ms to complete.
[2020.10.27-19.40.36:619][297]LogFileHelpers: Loading map 'TestingMap' took 0.206
[2020.10.27-19.40.39:263][382]CompilerResultsLog: New page: Compilation - Oct 28, 2020, 5:40:39 PM
[2020.10.27-19.40.39:263][382]CompilerResultsLog: Using 'git status' to determine working set for adaptive non-unity build (C:\Users\wlsgn\Documents\Unreal Projects\Proj\AdvGamesProgramming).
[2020.10.27-19.40.39:263][382]CompilerResultsLog: Building AdvGamesProgrammingEditor...
[2020.10.27-19.40.39:264][382]CompilerResultsLog: Using Visual Studio 2017 14.16.27032 toolchain (C:\Program Files (x86)\Microsoft Visual Studio\2017\Community\VC\Tools\MSVC\14.16.27023) and Windows 10.0.16299.0 SDK (D:\Windows Kits\10).
[2020.10.27-19.40.39:264][382]CompilerResultsLog: Building 3 actions with 8 processes...
[2020.10.27-19.40.39:264][382]CompilerResultsLog:   [1/3] UE4Editor-AdvGamesProgramming-5742.lib
[2020.10.27-19.40.39:264][382]CompilerResultsLog:      C:\Users\wlsgn\Documents\Unreal Projects\Proj\AdvGamesProgramming\GameFiles\Intermediate\Build\Win64\UE4Editor\Development\AdvGamesProgramming\UE4Editor-AdvGamesProgramming-5742.lib ???̺귯?? ?? C:\Users\wlsgn\Documents\Unreal Projects\Proj\AdvGamesProgramming\GameFiles\Intermediate\Build\Win64\UE4Editor\Development\AdvGamesProgramming\UE4Editor-AdvGamesProgramming-5742.exp ??ü?? ?????ϰ? ?ֽ??ϴ?.
[2020.10.27-19.40.39:264][382]CompilerResultsLog:   [2/3] UE4Editor-AdvGamesProgramming-5742.dll
[2020.10.27-19.40.39:264][382]CompilerResultsLog:      C:\Users\wlsgn\Documents\Unreal Projects\Proj\AdvGamesProgramming\GameFiles\Intermediate\Build\Win64\UE4Editor\Development\AdvGamesProgramming\UE4Editor-AdvGamesProgramming-5742.suppressed.lib ???̺귯?? ?? C:\Users\wlsgn\Documents\Unreal Projects\Proj\AdvGamesProgramming\GameFiles\Intermediate\Build\Win64\UE4Editor\Development\AdvGamesProgramming\UE4Editor-AdvGamesProgramming-5742.suppressed.exp ??ü?? ?????ϰ? ?ֽ??ϴ?.
[2020.10.27-19.40.39:265][382]CompilerResultsLog:   [3/3] AdvGamesProgrammingEditor.target
[2020.10.27-19.40.39:265][382]CompilerResultsLog: Total time in Parallel executor: 3.74 seconds
[2020.10.27-19.40.39:265][382]CompilerResultsLog: Total execution time: 7.12 seconds
[2020.10.27-19.40.39:265][382]LogMainFrame: MainFrame: Module compiling took 7.321 seconds
[2020.10.27-19.40.39:328][382]LogUObjectHash: Compacting FUObjectHashTables data took   2.15ms
[2020.10.27-19.40.39:482][382]LogClass: AgentState HotReload.
[2020.10.27-19.40.39:483][382]LogClass: WeaponPickupRarity HotReload.
[2020.10.27-19.40.39:502][382]LogContentBrowser: Native class hierarchy updated for 'AdvGamesProgramming' in 0.0009 seconds. Added 16 classes and 2 folders.
[2020.10.27-19.40.39:510][382]Display: HotReload successful (22 functions remapped  0 scriptstructs remapped)
[2020.10.27-19.40.39:760][382]LogUObjectHash: Compacting FUObjectHashTables data took   3.55ms
[2020.10.27-19.40.39:777][382]LogContentBrowser: Native class hierarchy populated in 0.0168 seconds. Added 3015 classes and 706 folders.
[2020.10.27-19.40.39:795][382]Display: HotReload took  7.9s.
[2020.10.27-19.41.51:068][741]LogUObjectHash: Compacting FUObjectHashTables data took   6.05ms
[2020.10.27-19.41.51:229][741]LogSavePackage: Moving '../../../../../../Users/wlsgn/Documents/Unreal Projects/Proj/AdvGamesProgramming/GameFiles/Saved/TestingMap261083AE43686C82FAD737829E7EE87B.tmp' to '../../../../../../Users/wlsgn/Documents/Unreal Projects/Proj/AdvGamesProgramming/GameFiles/Content/Levels/TestingMap.umap'
[2020.10.27-19.41.53:809][741]LogSavePackage: Moving '../../../../../../Users/wlsgn/Documents/Unreal Projects/Proj/AdvGamesProgramming/GameFiles/Saved/TestingMap_BuiltData1A1CD95340F8A6052B5560888DD8C1E1.tmp' to '../../../../../../Users/wlsgn/Documents/Unreal Projects/Proj/AdvGamesProgramming/GameFiles/Content/Levels/TestingMap_BuiltData.uasset'
[2020.10.27-19.41.53:844][741]AssetCheck: New page: Asset Save: multiple assets
[2020.10.27-19.41.53:845][741]LogContentValidation: Display: Validating World /Game/Levels/TestingMap.TestingMap
[2020.10.27-19.41.53:845][741]LogContentValidation: Display: Validating MapBuildDataRegistry /Game/Levels/TestingMap_BuiltData.TestingMap_BuiltData
[2020.10.27-19.41.54:895][774]LogUObjectHash: Compacting FUObjectHashTables data took   3.72ms
[2020.10.27-19.42.00:466][960]LogTemp: Repeating last play command: Selected Viewport
[2020.10.27-19.42.00:491][960]LogPlayLevel: PlayLevel: No blueprints needed recompiling
[2020.10.27-19.42.00:492][960]PIE: New page: PIE session: TestingMap (Oct 28, 2020, 5:42:00 PM)
[2020.10.27-19.42.00:494][960]LogOnline: OSS: Creating online subsystem instance for: NULL
[2020.10.27-19.42.00:497][960]LogOnline: OSS: TryLoadSubsystemAndSetDefault: Loaded subsystem for module [NULL]
[2020.10.27-19.42.00:499][960]LogPlayLevel: Creating play world package: /Game/Levels/UEDPIE_0_TestingMap
[2020.10.27-19.42.00:531][960]LogPlayLevel: PIE: StaticDuplicateObject took: (0.030990s)
[2020.10.27-19.42.00:532][960]LogAIModule: Creating AISystem for world TestingMap
[2020.10.27-19.42.00:533][960]LogPlayLevel: PIE: World Init took: (0.001371s)
[2020.10.27-19.42.00:533][960]LogPlayLevel: PIE: Created PIE world by copying editor world from /Game/Levels/TestingMap.TestingMap to /Game/Levels/UEDPIE_0_TestingMap.TestingMap (0.033432s)
[2020.10.27-19.42.00:580][960]LogUObjectHash: Compacting FUObjectHashTables data took   4.18ms
[2020.10.27-19.42.00:581][960]LogAudioMixer: Display: Audio Mixer Platform Settings:
[2020.10.27-19.42.00:582][960]LogAudioMixer: Display: 	Sample Rate:						  48000
[2020.10.27-19.42.00:582][960]LogAudioMixer: Display: 	Callback Buffer Frame Size Requested: 1024
[2020.10.27-19.42.00:582][960]LogAudioMixer: Display: 	Callback Buffer Frame Size To Use:	  1024
[2020.10.27-19.42.00:582][960]LogAudioMixer: Display: 	Number of buffers to queue:			  2
[2020.10.27-19.42.00:582][960]LogAudioMixer: Display: 	Max Channels (voices):				  32
[2020.10.27-19.42.00:582][960]LogAudioMixer: Display: 	Number of Async Source Workers:		  0
[2020.10.27-19.42.00:582][960]LogAudio: Display: AudioDevice MaxSources: 32
[2020.10.27-19.42.00:584][960]LogAudio: Display: Using built-in audio occlusion.
[2020.10.27-19.42.00:584][960]LogAudioMixer: Display: Initializing audio mixer.
[2020.10.27-19.42.00:936][960]LogAudioMixer: Display: Audio Device Output Speaker Info:
[2020.10.27-19.42.00:936][960]LogAudioMixer: Display: Name: 스피커(iFi (by AMR) HD USB Audio)
[2020.10.27-19.42.00:936][960]LogAudioMixer: Display: Is Default: Yes
[2020.10.27-19.42.00:936][960]LogAudioMixer: Display: Sample Rate: 48000
[2020.10.27-19.42.00:936][960]LogAudioMixer: Display: Channel Count Used: 2
[2020.10.27-19.42.00:937][960]LogAudioMixer: Display: Device Channel Count: 2
[2020.10.27-19.42.00:937][960]LogAudioMixer: Display: Channel Order:
[2020.10.27-19.42.00:937][960]LogAudioMixer: Display: 0: FrontLeft
[2020.10.27-19.42.00:937][960]LogAudioMixer: Display: 1: FrontRight
