Log file open, 11/02/20 11:15:38
LogWindows: Failed to load 'aqProf.dll' (GetLastError=126)
LogWindows: File 'aqProf.dll' does not exist
LogWindows: Failed to load 'VtuneApi.dll' (GetLastError=126)
LogWindows: File 'VtuneApi.dll' does not exist
LogWindows: Failed to load 'VtuneApi32e.dll' (GetLastError=126)
LogWindows: File 'VtuneApi32e.dll' does not exist
LogConsoleResponse: Display: Failed to find resolution value strings in scalability ini. Falling back to default.
LogInit: Display: Running engine for game: AdvGamesProgramming
LogPlatformFile: Not using cached read wrapper
LogTaskGraph: Started task graph with 5 named threads and 23 total threads with 3 sets of task threads.
LogStats: Stats thread started at 0.171470
LogD3D11RHI: Loaded GFSDK_Aftermath_Lib.x64.dll
LogICUInternationalization: ICU TimeZone Detection - Raw Offset: +10:00, Platform Override: ''
LogPluginManager: Mounting plugin Paper2D
LogPluginManager: Mounting plugin AISupport
LogPluginManager: Mounting plugin LightPropagationVolume
LogPluginManager: Mounting plugin ActorLayerUtilities
LogPluginManager: Mounting plugin AnimationSharing
LogPluginManager: Mounting plugin CLionSourceCodeAccess
LogPluginManager: Mounting plugin CodeLiteSourceCodeAccess
LogPluginManager: Mounting plugin GitSourceControl
LogPluginManager: Mounting plugin KDevelopSourceCodeAccess
LogPluginManager: Mounting plugin NullSourceCodeAccess
LogPluginManager: Mounting plugin PerforceSourceControl
LogPluginManager: Mounting plugin PlasticSourceControl
LogPluginManager: Mounting plugin SubversionSourceControl
LogPluginManager: Mounting plugin UObjectPlugin
LogPluginManager: Mounting plugin VisualStudioCodeSourceCodeAccess
LogPluginManager: Mounting plugin VisualStudioSourceCodeAccess
LogPluginManager: Mounting plugin XCodeSourceCodeAccess
LogPluginManager: Mounting plugin AssetManagerEditor
LogPluginManager: Mounting plugin CryptoKeys
LogPluginManager: Mounting plugin CurveEditorTools
LogPluginManager: Mounting plugin DataValidation
LogPluginManager: Mounting plugin FacialAnimation
LogPluginManager: Mounting plugin GameplayTagsEditor
LogPluginManager: Mounting plugin MacGraphicsSwitching
LogPluginManager: Mounting plugin MaterialAnalyzer
LogPluginManager: Mounting plugin MobileLauncherProfileWizard
LogPluginManager: Mounting plugin PluginBrowser
LogPluginManager: Mounting plugin SpeedTreeImporter
LogPluginManager: Mounting plugin DatasmithContent
LogPluginManager: Mounting plugin VariantManagerContent
LogPluginManager: Mounting plugin AlembicImporter
LogPluginManager: Mounting plugin AutomationUtils
LogPluginManager: Mounting plugin BackChannel
LogPluginManager: Mounting plugin CharacterAI
LogPluginManager: Mounting plugin GeometryCache
LogPluginManager: Mounting plugin PlatformCrypto
LogPluginManager: Mounting plugin ProxyLODPlugin
LogPluginManager: Mounting plugin SkeletalReduction
LogPluginManager: Mounting plugin MagicLeap
LogPluginManager: Mounting plugin MagicLeapMedia
LogPluginManager: Mounting plugin MLSDK
LogPluginManager: Mounting plugin AndroidMedia
LogPluginManager: Mounting plugin AvfMedia
LogPluginManager: Mounting plugin ImgMedia
LogPluginManager: Mounting plugin MediaCompositing
LogPluginManager: Mounting plugin MediaPlayerEditor
LogPluginManager: Mounting plugin WebMMedia
LogPluginManager: Mounting plugin WmfMedia
LogPluginManager: Mounting plugin TcpMessaging
LogPluginManager: Mounting plugin UdpMessaging
LogPluginManager: Mounting plugin ActorSequence
LogPluginManager: Mounting plugin LevelSequenceEditor
LogPluginManager: Mounting plugin MatineeToLevelSequence
LogPluginManager: Mounting plugin NetcodeUnitTest
LogPluginManager: Mounting plugin NUTUnrealEngine4
LogPluginManager: Mounting plugin OnlineSubsystemGooglePlay
LogPluginManager: Mounting plugin OnlineSubsystemIOS
LogPluginManager: Mounting plugin OnlineSubsystem
LogPluginManager: Mounting plugin OnlineSubsystemNull
LogPluginManager: Mounting plugin OnlineSubsystemUtils
LogPluginManager: Mounting plugin LauncherChunkInstaller
LogPluginManager: Mounting plugin AndroidDeviceProfileSelector
LogPluginManager: Mounting plugin AndroidMoviePlayer
LogPluginManager: Mounting plugin AndroidPermission
LogPluginManager: Mounting plugin AppleImageUtils
LogPluginManager: Mounting plugin AppleMoviePlayer
LogPluginManager: Mounting plugin ArchVisCharacter
LogPluginManager: Mounting plugin AssetTags
LogPluginManager: Mounting plugin AudioCapture
LogPluginManager: Mounting plugin CableComponent
LogPluginManager: Mounting plugin CustomMeshComponent
LogPluginManager: Mounting plugin EditableMesh
LogPluginManager: Mounting plugin ExampleDeviceProfileSelector
LogPluginManager: Mounting plugin GoogleCloudMessaging
LogPluginManager: Mounting plugin IOSDeviceProfileSelector
LogPluginManager: Mounting plugin LinuxDeviceProfileSelector
LogPluginManager: Mounting plugin LocationServicesBPLibrary
LogPluginManager: Mounting plugin MobilePatchingUtils
LogPluginManager: Mounting plugin PhysXVehicles
LogPluginManager: Mounting plugin PostSplashScreen
LogPluginManager: Mounting plugin ProceduralMeshComponent
LogPluginManager: Mounting plugin RuntimePhysXCooking
LogPluginManager: Mounting plugin SignificanceManager
LogPluginManager: Mounting plugin WebMMoviePlayer
LogPluginManager: Mounting plugin WindowsMoviePlayer
LogPluginManager: Mounting plugin ScreenshotTools
LogInit: Using libcurl 7.55.1-DEV
LogInit:  - built for x86_64-pc-win32
LogInit:  - supports SSL with OpenSSL/1.1.1
LogInit:  - supports HTTP deflate (compression) using libz 1.2.8
LogInit:  - other features:
LogInit:      CURL_VERSION_SSL
LogInit:      CURL_VERSION_LIBZ
LogInit:      CURL_VERSION_IPV6
LogInit:      CURL_VERSION_ASYNCHDNS
LogInit:      CURL_VERSION_LARGEFILE
LogInit:      CURL_VERSION_IDN
LogInit:  CurlRequestOptions (configurable via config and command line):
LogInit:  - bVerifyPeer = true  - Libcurl will verify peer certificate
LogInit:  - bUseHttpProxy = false  - Libcurl will NOT use HTTP proxy
LogInit:  - bDontReuseConnections = false  - Libcurl will reuse connections
LogInit:  - MaxHostConnections = 16  - Libcurl will limit the number of connections to a host
LogInit:  - LocalHostAddr = Default
LogInit:  - BufferSize = 65536
LogOnline: OSS: Creating online subsystem instance for: NULL
LogInit: WinSock: version 1.1 (2.2), MaxSocks=32767, MaxUdp=65467
LogOnline: OSS: TryLoadSubsystemAndSetDefault: Loaded subsystem for module [NULL]
LogInit: Build: ++UE4+Release-4.24-CL-11590370
LogInit: Engine Version: 4.24.3-11590370+++UE4+Release-4.24
LogInit: Compatible Engine Version: 4.24.0-10570792+++UE4+Release-4.24
LogInit: Net CL: 10570792
LogInit: OS: Windows 10 (Release 1903) (), CPU: Intel(R) Core(TM) i7-6700HQ CPU @ 2.60GHz, GPU: Intel(R) HD Graphics 530
LogInit: Compiled (64-bit): Feb 24 2020 15:39:18
LogInit: Compiled with Visual C++: 19.16.27032.01
LogInit: Build Configuration: Development
LogInit: Branch Name: ++UE4+Release-4.24
LogInit: Command Line: 
LogInit: Base Directory: C:/Program Files/Epic Games/UE_4.24/Engine/Binaries/Win64/
LogInit: Installed Engine Build: 1
LogDevObjectVersion: Number of dev versions registered: 25
LogDevObjectVersion:   Dev-Blueprints (B0D832E4-1F89-4F0D-ACCF-7EB736FD4AA2): 10
LogDevObjectVersion:   Dev-Build (E1C64328-A22C-4D53-A36C-8E866417BD8C): 0
LogDevObjectVersion:   Dev-Core (375EC13C-06E4-48FB-B500-84F0262A717E): 3
LogDevObjectVersion:   Dev-Editor (E4B068ED-F494-42E9-A231-DA0B2E46BB41): 37
LogDevObjectVersion:   Dev-Framework (CFFC743F-43B0-4480-9391-14DF171D2073): 36
LogDevObjectVersion:   Dev-Mobile (B02B49B5-BB20-44E9-A304-32B752E40360): 2
LogDevObjectVersion:   Dev-Networking (A4E4105C-59A1-49B5-A7C5-40C4547EDFEE): 0
LogDevObjectVersion:   Dev-Online (39C831C9-5AE6-47DC-9A44-9C173E1C8E7C): 0
LogDevObjectVersion:   Dev-Physics (78F01B33-EBEA-4F98-B9B4-84EACCB95AA2): 2
LogDevObjectVersion:   Dev-Platform (6631380F-2D4D-43E0-8009-CF276956A95A): 0
LogDevObjectVersion:   Dev-Rendering (12F88B9F-8875-4AFC-A67C-D90C383ABD29): 36
LogDevObjectVersion:   Dev-Sequencer (7B5AE74C-D270-4C10-A958-57980B212A5A): 11
LogDevObjectVersion:   Dev-VR (D7296918-1DD6-4BDD-9DE2-64A83CC13884): 2
LogDevObjectVersion:   Dev-LoadTimes (C2A15278-BFE7-4AFE-6C17-90FF531DF755): 1
LogDevObjectVersion:   Private-Geometry (6EACA3D4-40EC-4CC1-B786-8BED09428FC5): 3
LogDevObjectVersion:   Dev-AnimPhys (29E575DD-E0A3-4627-9D10-D276232CDCEA): 17
LogDevObjectVersion:   Dev-Anim (AF43A65D-7FD3-4947-9873-3E8ED9C1BB05): 2
LogDevObjectVersion:   Dev-ReflectionCapture (6B266CEC-1EC7-4B8F-A30B-E4D90942FC07): 1
LogDevObjectVersion:   Dev-Automation (0DF73D61-A23F-47EA-B727-89E90C41499A): 1
LogDevObjectVersion:   FortniteMain (601D1886-AC64-4F84-AA16-D3DE0DEAC7D6): 31
LogDevObjectVersion:   Dev-Enterprise (9DFFBCD6-494F-0158-E221-12823C92A888): 8
LogDevObjectVersion:   Dev-Niagara (F2AED0AC-9AFE-416F-8664-AA7FFA26D6FC): 1
LogDevObjectVersion:   Dev-Destruction (174F1F0B-B4C6-45A5-B13F-2EE8D0FB917D): 9
LogDevObjectVersion:   Dev-Physics-Ext (35F94A83-E258-406C-A318-09F59610247C): 8
LogDevObjectVersion:   Dev-CineCamera (B2E18506-4273-CFC2-A54E-F4BB758BBA07): 1
LogInit: Presizing for max 25165824 objects, including 0 objects not considered by GC, pre-allocating 0 bytes for permanent pool.
LogInit: Object subsystem initialized
LogConfig: Setting CVar [[con.DebugEarlyDefault:1]]
LogConfig: Setting CVar [[r.setres:1280x720]]
[2020.11.02-00.15.39:235][  0]LogConfig: Setting CVar [[r.VSync:0]]
[2020.11.02-00.15.39:235][  0]LogConfig: Setting CVar [[r.RHICmdBypass:0]]
[2020.11.02-00.15.39:235][  0]LogConfig: Applying CVar settings from Section [/Script/Engine.RendererSettings] File [C:/Users/Pog/Documents/School/Year 4/Sem 2/AdvancedGames/Assignment 2/Git/AdvGamesProgramming/GameFiles/Saved/Config/Windows/Engine.ini]
[2020.11.02-00.15.39:236][  0]LogConfig: Setting CVar [[r.GPUCrashDebugging:0]]
[2020.11.02-00.15.39:236][  0]LogConfig: Setting CVar [[r.DBuffer:1]]
[2020.11.02-00.15.39:236][  0]LogConfig: Setting CVar [[r.EarlyZPass:2]]
[2020.11.02-00.15.39:236][  0]LogConfig: Setting CVar [[r.EarlyZPassOnlyMaterialMasking:1]]
[2020.11.02-00.15.39:236][  0]LogConfig: Applying CVar settings from Section [/Script/Engine.RendererOverrideSettings] File [C:/Users/Pog/Documents/School/Year 4/Sem 2/AdvancedGames/Assignment 2/Git/AdvGamesProgramming/GameFiles/Saved/Config/Windows/Engine.ini]
[2020.11.02-00.15.39:236][  0]LogConfig: Applying CVar settings from Section [/Script/Engine.StreamingSettings] File [C:/Users/Pog/Documents/School/Year 4/Sem 2/AdvancedGames/Assignment 2/Git/AdvGamesProgramming/GameFiles/Saved/Config/Windows/Engine.ini]
[2020.11.02-00.15.39:236][  0]LogConfig: Setting CVar [[s.MinBulkDataSizeForAsyncLoading:131072]]
[2020.11.02-00.15.39:236][  0]LogConfig: Setting CVar [[s.AsyncLoadingThreadEnabled:0]]
[2020.11.02-00.15.39:236][  0]LogConfig: Setting CVar [[s.EventDrivenLoaderEnabled:1]]
[2020.11.02-00.15.39:236][  0]LogConfig: Setting CVar [[s.WarnIfTimeLimitExceeded:0]]
[2020.11.02-00.15.39:236][  0]LogConfig: Setting CVar [[s.TimeLimitExceededMultiplier:1.5]]
[2020.11.02-00.15.39:236][  0]LogConfig: Setting CVar [[s.TimeLimitExceededMinTime:0.005]]
[2020.11.02-00.15.39:236][  0]LogConfig: Setting CVar [[s.UseBackgroundLevelStreaming:1]]
[2020.11.02-00.15.39:236][  0]LogConfig: Setting CVar [[s.PriorityAsyncLoadingExtraTime:15.0]]
[2020.11.02-00.15.39:236][  0]LogConfig: Setting CVar [[s.LevelStreamingActorsUpdateTimeLimit:5.0]]
[2020.11.02-00.15.39:236][  0]LogConfig: Setting CVar [[s.PriorityLevelStreamingActorsUpdateExtraTime:5.0]]
[2020.11.02-00.15.39:236][  0]LogConfig: Setting CVar [[s.LevelStreamingComponentsRegistrationGranularity:10]]
[2020.11.02-00.15.39:236][  0]LogConfig: Setting CVar [[s.UnregisterComponentsTimeLimit:1.0]]
[2020.11.02-00.15.39:236][  0]LogConfig: Setting CVar [[s.LevelStreamingComponentsUnregistrationGranularity:5]]
[2020.11.02-00.15.39:236][  0]LogConfig: Setting CVar [[s.FlushStreamingOnExit:1]]
[2020.11.02-00.15.39:236][  0]LogConfig: Applying CVar settings from Section [/Script/Engine.GarbageCollectionSettings] File [C:/Users/Pog/Documents/School/Year 4/Sem 2/AdvancedGames/Assignment 2/Git/AdvGamesProgramming/GameFiles/Saved/Config/Windows/Engine.ini]
[2020.11.02-00.15.39:236][  0]LogConfig: Setting CVar [[gc.MaxObjectsNotConsideredByGC:1]]
[2020.11.02-00.15.39:236][  0]LogConfig: Setting CVar [[gc.SizeOfPermanentObjectPool:0]]
[2020.11.02-00.15.39:236][  0]LogConfig: Setting CVar [[gc.FlushStreamingOnGC:0]]
[2020.11.02-00.15.39:236][  0]LogConfig: Setting CVar [[gc.NumRetriesBeforeForcingGC:10]]
[2020.11.02-00.15.39:236][  0]LogConfig: Setting CVar [[gc.AllowParallelGC:1]]
[2020.11.02-00.15.39:236][  0]LogConfig: Setting CVar [[gc.TimeBetweenPurgingPendingKillObjects:61.1]]
[2020.11.02-00.15.39:236][  0]LogConfig: Setting CVar [[gc.MaxObjectsInEditor:25165824]]
[2020.11.02-00.15.39:236][  0]LogConfig: Setting CVar [[gc.IncrementalBeginDestroyEnabled:1]]
[2020.11.02-00.15.39:236][  0]LogConfig: Setting CVar [[gc.CreateGCClusters:1]]
[2020.11.02-00.15.39:236][  0]LogConfig: Setting CVar [[gc.MinGCClusterSize:5]]
[2020.11.02-00.15.39:236][  0]LogConfig: Setting CVar [[gc.ActorClusteringEnabled:0]]
[2020.11.02-00.15.39:236][  0]LogConfig: Setting CVar [[gc.BlueprintClusteringEnabled:0]]
[2020.11.02-00.15.39:236][  0]LogConfig: Setting CVar [[gc.UseDisregardForGCOnDedicatedServers:0]]
[2020.11.02-00.15.39:236][  0]LogConfig: Applying CVar settings from Section [/Script/Engine.NetworkSettings] File [C:/Users/Pog/Documents/School/Year 4/Sem 2/AdvancedGames/Assignment 2/Git/AdvGamesProgramming/GameFiles/Saved/Config/Windows/Engine.ini]
[2020.11.02-00.15.39:236][  0]LogConfig: Applying CVar settings from Section [/Script/UnrealEd.CookerSettings] File [C:/Users/Pog/Documents/School/Year 4/Sem 2/AdvancedGames/Assignment 2/Git/AdvGamesProgramming/GameFiles/Saved/Config/Windows/Engine.ini]
[2020.11.02-00.15.39:243][  0]LogConfig: Applying CVar settings from Section [ViewDistanceQuality@3] File [C:/Users/Pog/Documents/School/Year 4/Sem 2/AdvancedGames/Assignment 2/Git/AdvGamesProgramming/GameFiles/Saved/Config/Windows/Scalability.ini]
[2020.11.02-00.15.39:243][  0]LogConfig: Setting CVar [[r.SkeletalMeshLODBias:0]]
[2020.11.02-00.15.39:243][  0]LogConfig: Setting CVar [[r.ViewDistanceScale:1.0]]
[2020.11.02-00.15.39:243][  0]LogConfig: Applying CVar settings from Section [AntiAliasingQuality@3] File [C:/Users/Pog/Documents/School/Year 4/Sem 2/AdvancedGames/Assignment 2/Git/AdvGamesProgramming/GameFiles/Saved/Config/Windows/Scalability.ini]
[2020.11.02-00.15.39:243][  0]LogConfig: Setting CVar [[r.PostProcessAAQuality:4]]
[2020.11.02-00.15.39:243][  0]LogConfig: Applying CVar settings from Section [ShadowQuality@3] File [C:/Users/Pog/Documents/School/Year 4/Sem 2/AdvancedGames/Assignment 2/Git/AdvGamesProgramming/GameFiles/Saved/Config/Windows/Scalability.ini]
[2020.11.02-00.15.39:243][  0]LogConfig: Setting CVar [[r.LightFunctionQuality:1]]
[2020.11.02-00.15.39:243][  0]LogConfig: Setting CVar [[r.ShadowQuality:5]]
[2020.11.02-00.15.39:243][  0]LogConfig: Setting CVar [[r.Shadow.CSM.MaxCascades:10]]
[2020.11.02-00.15.39:243][  0]LogConfig: Setting CVar [[r.Shadow.MaxResolution:2048]]
[2020.11.02-00.15.39:243][  0]LogConfig: Setting CVar [[r.Shadow.MaxCSMResolution:2048]]
[2020.11.02-00.15.39:243][  0]LogConfig: Setting CVar [[r.Shadow.RadiusThreshold:0.01]]
[2020.11.02-00.15.39:243][  0]LogConfig: Setting CVar [[r.Shadow.DistanceScale:1.0]]
[2020.11.02-00.15.39:243][  0]LogConfig: Setting CVar [[r.Shadow.CSM.TransitionScale:1.0]]
[2020.11.02-00.15.39:244][  0]LogConfig: Setting CVar [[r.Shadow.PreShadowResolutionFactor:1.0]]
[2020.11.02-00.15.39:244][  0]LogConfig: Setting CVar [[r.DistanceFieldShadowing:1]]
[2020.11.02-00.15.39:244][  0]LogConfig: Setting CVar [[r.DistanceFieldAO:1]]
[2020.11.02-00.15.39:244][  0]LogConfig: Setting CVar [[r.AOQuality:2]]
[2020.11.02-00.15.39:244][  0]LogConfig: Setting CVar [[r.VolumetricFog:1]]
[2020.11.02-00.15.39:244][  0]LogConfig: Setting CVar [[r.VolumetricFog.GridPixelSize:8]]
[2020.11.02-00.15.39:244][  0]LogConfig: Setting CVar [[r.VolumetricFog.GridSizeZ:128]]
[2020.11.02-00.15.39:244][  0]LogConfig: Setting CVar [[r.VolumetricFog.HistoryMissSupersampleCount:4]]
[2020.11.02-00.15.39:244][  0]LogConfig: Setting CVar [[r.LightMaxDrawDistanceScale:1]]
[2020.11.02-00.15.39:244][  0]LogConfig: Setting CVar [[r.CapsuleShadows:1]]
[2020.11.02-00.15.39:244][  0]LogConfig: Applying CVar settings from Section [PostProcessQuality@3] File [C:/Users/Pog/Documents/School/Year 4/Sem 2/AdvancedGames/Assignment 2/Git/AdvGamesProgramming/GameFiles/Saved/Config/Windows/Scalability.ini]
[2020.11.02-00.15.39:244][  0]LogConfig: Setting CVar [[r.MotionBlurQuality:4]]
[2020.11.02-00.15.39:244][  0]LogConfig: Setting CVar [[r.AmbientOcclusionMipLevelFactor:0.4]]
[2020.11.02-00.15.39:244][  0]LogConfig: Setting CVar [[r.AmbientOcclusionMaxQuality:100]]
[2020.11.02-00.15.39:244][  0]LogConfig: Setting CVar [[r.AmbientOcclusionLevels:-1]]
[2020.11.02-00.15.39:244][  0]LogConfig: Setting CVar [[r.AmbientOcclusionRadiusScale:1.0]]
[2020.11.02-00.15.39:244][  0]LogConfig: Setting CVar [[r.DepthOfFieldQuality:2]]
[2020.11.02-00.15.39:244][  0]LogConfig: Setting CVar [[r.RenderTargetPoolMin:400]]
[2020.11.02-00.15.39:244][  0]LogConfig: Setting CVar [[r.LensFlareQuality:2]]
[2020.11.02-00.15.39:244][  0]LogConfig: Setting CVar [[r.SceneColorFringeQuality:1]]
[2020.11.02-00.15.39:244][  0]LogConfig: Setting CVar [[r.EyeAdaptationQuality:2]]
[2020.11.02-00.15.39:244][  0]LogConfig: Setting CVar [[r.BloomQuality:5]]
[2020.11.02-00.15.39:244][  0]LogConfig: Setting CVar [[r.FastBlurThreshold:100]]
[2020.11.02-00.15.39:244][  0]LogConfig: Setting CVar [[r.Upscale.Quality:3]]
[2020.11.02-00.15.39:244][  0]LogConfig: Setting CVar [[r.Tonemapper.GrainQuantization:1]]
[2020.11.02-00.15.39:244][  0]LogConfig: Setting CVar [[r.LightShaftQuality:1]]
[2020.11.02-00.15.39:244][  0]LogConfig: Setting CVar [[r.Filter.SizeScale:1]]
[2020.11.02-00.15.39:244][  0]LogConfig: Setting CVar [[r.Tonemapper.Quality:5]]
[2020.11.02-00.15.39:244][  0]LogConfig: Setting CVar [[r.DOF.Gather.AccumulatorQuality:1        ; higher gathering accumulator quality]]
[2020.11.02-00.15.39:245][  0]LogConfig: Setting CVar [[r.DOF.Gather.PostfilterMethod:1          ; Median3x3 postfilering method]]
[2020.11.02-00.15.39:245][  0]LogConfig: Setting CVar [[r.DOF.Gather.EnableBokehSettings:0       ; no bokeh simulation when gathering]]
[2020.11.02-00.15.39:245][  0]LogConfig: Setting CVar [[r.DOF.Gather.RingCount:4                 ; medium number of samples when gathering]]
[2020.11.02-00.15.39:245][  0]LogConfig: Setting CVar [[r.DOF.Scatter.ForegroundCompositing:1    ; additive foreground scattering]]
[2020.11.02-00.15.39:245][  0]LogConfig: Setting CVar [[r.DOF.Scatter.BackgroundCompositing:2    ; additive background scattering]]
[2020.11.02-00.15.39:245][  0]LogConfig: Setting CVar [[r.DOF.Scatter.EnableBokehSettings:1      ; bokeh simulation when scattering]]
[2020.11.02-00.15.39:245][  0]LogConfig: Setting CVar [[r.DOF.Scatter.MaxSpriteRatio:0.1         ; only a maximum of 10% of scattered bokeh]]
[2020.11.02-00.15.39:245][  0]LogConfig: Setting CVar [[r.DOF.Recombine.Quality:1                ; cheap slight out of focus]]
[2020.11.02-00.15.39:245][  0]LogConfig: Setting CVar [[r.DOF.Recombine.EnableBokehSettings:0    ; no bokeh simulation on slight out of focus]]
[2020.11.02-00.15.39:245][  0]LogConfig: Setting CVar [[r.DOF.TemporalAAQuality:1                ; more stable temporal accumulation]]
[2020.11.02-00.15.39:245][  0]LogConfig: Setting CVar [[r.DOF.Kernel.MaxForegroundRadius:0.025]]
[2020.11.02-00.15.39:245][  0]LogConfig: Setting CVar [[r.DOF.Kernel.MaxBackgroundRadius:0.025]]
[2020.11.02-00.15.39:245][  0]LogConfig: Applying CVar settings from Section [TextureQuality@3] File [C:/Users/Pog/Documents/School/Year 4/Sem 2/AdvancedGames/Assignment 2/Git/AdvGamesProgramming/GameFiles/Saved/Config/Windows/Scalability.ini]
[2020.11.02-00.15.39:245][  0]LogConfig: Setting CVar [[r.Streaming.MipBias:0]]
[2020.11.02-00.15.39:245][  0]LogConfig: Setting CVar [[r.Streaming.AmortizeCPUToGPUCopy:0]]
[2020.11.02-00.15.39:245][  0]LogConfig: Setting CVar [[r.Streaming.MaxNumTexturesToStreamPerFrame:0]]
[2020.11.02-00.15.39:245][  0]LogConfig: Setting CVar [[r.Streaming.Boost:1]]
[2020.11.02-00.15.39:245][  0]LogConfig: Setting CVar [[r.MaxAnisotropy:8]]
[2020.11.02-00.15.39:245][  0]LogConfig: Setting CVar [[r.VT.MaxAnisotropy:8]]
[2020.11.02-00.15.39:245][  0]LogConfig: Setting CVar [[r.Streaming.LimitPoolSizeToVRAM:0]]
[2020.11.02-00.15.39:245][  0]LogConfig: Setting CVar [[r.Streaming.PoolSize:1000]]
[2020.11.02-00.15.39:245][  0]LogConfig: Setting CVar [[r.Streaming.MaxEffectiveScreenSize:0]]
[2020.11.02-00.15.39:245][  0]LogConfig: Applying CVar settings from Section [EffectsQuality@3] File [C:/Users/Pog/Documents/School/Year 4/Sem 2/AdvancedGames/Assignment 2/Git/AdvGamesProgramming/GameFiles/Saved/Config/Windows/Scalability.ini]
[2020.11.02-00.15.39:245][  0]LogConfig: Setting CVar [[r.TranslucencyLightingVolumeDim:64]]
[2020.11.02-00.15.39:245][  0]LogConfig: Setting CVar [[r.RefractionQuality:2]]
[2020.11.02-00.15.39:245][  0]LogConfig: Setting CVar [[r.SSR.Quality:3]]
[2020.11.02-00.15.39:245][  0]LogConfig: Setting CVar [[r.SSR.HalfResSceneColor:0]]
[2020.11.02-00.15.39:245][  0]LogConfig: Setting CVar [[r.SceneColorFormat:4]]
[2020.11.02-00.15.39:245][  0]LogConfig: Setting CVar [[r.DetailMode:2]]
[2020.11.02-00.15.39:246][  0]LogConfig: Setting CVar [[r.TranslucencyVolumeBlur:1]]
[2020.11.02-00.15.39:246][  0]LogConfig: Setting CVar [[r.MaterialQualityLevel:1 ; High quality]]
[2020.11.02-00.15.39:246][  0]LogConfig: Setting CVar [[r.SSS.Scale:1]]
[2020.11.02-00.15.39:246][  0]LogConfig: Setting CVar [[r.SSS.SampleSet:2]]
[2020.11.02-00.15.39:246][  0]LogConfig: Setting CVar [[r.SSS.Quality:1]]
[2020.11.02-00.15.39:246][  0]LogConfig: Setting CVar [[r.SSS.HalfRes:1]]
[2020.11.02-00.15.39:246][  0]LogConfig: Setting CVar [[r.SSGI.Quality:3]]
[2020.11.02-00.15.39:246][  0]LogConfig: Setting CVar [[r.EmitterSpawnRateScale:1.0]]
[2020.11.02-00.15.39:246][  0]LogConfig: Setting CVar [[r.ParticleLightQuality:2]]
[2020.11.02-00.15.39:246][  0]LogConfig: Setting CVar [[r.SkyAtmosphere.AerialPerspectiveLUT.FastApplyOnOpaque:1 ; Always have FastSkyLUT 1 in this case to avoid wrong sky]]
[2020.11.02-00.15.39:246][  0]LogConfig: Setting CVar [[r.SkyAtmosphere.AerialPerspectiveLUT.SampleCountPerSlice:1]]
[2020.11.02-00.15.39:246][  0]LogConfig: Setting CVar [[r.SkyAtmosphere.AerialPerspectiveLUT.DepthResolution:16.0]]
[2020.11.02-00.15.39:246][  0]LogConfig: Setting CVar [[r.SkyAtmosphere.FastSkyLUT:1]]
[2020.11.02-00.15.39:246][  0]LogConfig: Setting CVar [[r.SkyAtmosphere.FastSkyLUT.SampleCountMin:4.0]]
[2020.11.02-00.15.39:246][  0]LogConfig: Setting CVar [[r.SkyAtmosphere.FastSkyLUT.SampleCountMax:32.0]]
[2020.11.02-00.15.39:246][  0]LogConfig: Setting CVar [[r.SkyAtmosphere.SampleCountMin:4.0]]
[2020.11.02-00.15.39:246][  0]LogConfig: Setting CVar [[r.SkyAtmosphere.SampleCountMax:32.0]]
[2020.11.02-00.15.39:246][  0]LogConfig: Setting CVar [[r.SkyAtmosphere.TransmittanceLUT.UseSmallFormat:0]]
[2020.11.02-00.15.39:246][  0]LogConfig: Setting CVar [[r.SkyAtmosphere.TransmittanceLUT.SampleCount:10.0]]
[2020.11.02-00.15.39:246][  0]LogConfig: Setting CVar [[r.SkyAtmosphere.MultiScatteringLUT.SampleCount:15.0]]
[2020.11.02-00.15.39:246][  0]LogConfig: Applying CVar settings from Section [FoliageQuality@3] File [C:/Users/Pog/Documents/School/Year 4/Sem 2/AdvancedGames/Assignment 2/Git/AdvGamesProgramming/GameFiles/Saved/Config/Windows/Scalability.ini]
[2020.11.02-00.15.39:246][  0]LogConfig: Setting CVar [[foliage.DensityScale:1.0]]
[2020.11.02-00.15.39:246][  0]LogConfig: Setting CVar [[grass.DensityScale:1.0]]
[2020.11.02-00.15.39:246][  0]LogConfig: Applying CVar settings from Section [ShadingQuality@3] File [C:/Users/Pog/Documents/School/Year 4/Sem 2/AdvancedGames/Assignment 2/Git/AdvGamesProgramming/GameFiles/Saved/Config/Windows/Scalability.ini]
[2020.11.02-00.15.39:246][  0]LogConfig: Setting CVar [[r.HairStrands.SkyLighting.SampleCount:16]]
[2020.11.02-00.15.39:246][  0]LogConfig: Setting CVar [[r.HairStrands.SkyLighting.JitterIntegration:0]]
[2020.11.02-00.15.39:246][  0]LogConfig: Setting CVar [[r.HairStrands.SkyAO.SampleCount:16]]
[2020.11.02-00.15.39:247][  0]LogInit: Selected Device Profile: [Windows]
[2020.11.02-00.15.39:247][  0]LogInit: Applying CVar settings loaded from the selected device profile: [Windows]
[2020.11.02-00.15.39:254][  0]LogHAL: Display: Platform has ~ 16 GB [17067356160 / 17179869184 / 16], which maps to Larger [LargestMinGB=32, LargerMinGB=12, DefaultMinGB=8, SmallerMinGB=6, SmallestMinGB=0)
[2020.11.02-00.15.39:254][  0]LogInit: Going up to parent DeviceProfile []
[2020.11.02-00.15.39:254][  0]LogConfig: Applying CVar settings from Section [ViewDistanceQuality@3] File [C:/Users/Pog/Documents/School/Year 4/Sem 2/AdvancedGames/Assignment 2/Git/AdvGamesProgramming/GameFiles/Saved/Config/Windows/Scalability.ini]
[2020.11.02-00.15.39:254][  0]LogConfig: Setting CVar [[r.SkeletalMeshLODBias:0]]
[2020.11.02-00.15.39:255][  0]LogConfig: Setting CVar [[r.ViewDistanceScale:1.0]]
[2020.11.02-00.15.39:255][  0]LogConfig: Applying CVar settings from Section [AntiAliasingQuality@3] File [C:/Users/Pog/Documents/School/Year 4/Sem 2/AdvancedGames/Assignment 2/Git/AdvGamesProgramming/GameFiles/Saved/Config/Windows/Scalability.ini]
[2020.11.02-00.15.39:255][  0]LogConfig: Setting CVar [[r.PostProcessAAQuality:4]]
[2020.11.02-00.15.39:255][  0]LogConfig: Applying CVar settings from Section [ShadowQuality@3] File [C:/Users/Pog/Documents/School/Year 4/Sem 2/AdvancedGames/Assignment 2/Git/AdvGamesProgramming/GameFiles/Saved/Config/Windows/Scalability.ini]
[2020.11.02-00.15.39:255][  0]LogConfig: Setting CVar [[r.LightFunctionQuality:1]]
[2020.11.02-00.15.39:255][  0]LogConfig: Setting CVar [[r.ShadowQuality:5]]
[2020.11.02-00.15.39:255][  0]LogConfig: Setting CVar [[r.Shadow.CSM.MaxCascades:10]]
[2020.11.02-00.15.39:255][  0]LogConfig: Setting CVar [[r.Shadow.MaxResolution:2048]]
[2020.11.02-00.15.39:255][  0]LogConfig: Setting CVar [[r.Shadow.MaxCSMResolution:2048]]
[2020.11.02-00.15.39:255][  0]LogConfig: Setting CVar [[r.Shadow.RadiusThreshold:0.01]]
[2020.11.02-00.15.39:255][  0]LogConfig: Setting CVar [[r.Shadow.DistanceScale:1.0]]
[2020.11.02-00.15.39:255][  0]LogConfig: Setting CVar [[r.Shadow.CSM.TransitionScale:1.0]]
[2020.11.02-00.15.39:255][  0]LogConfig: Setting CVar [[r.Shadow.PreShadowResolutionFactor:1.0]]
[2020.11.02-00.15.39:255][  0]LogConfig: Setting CVar [[r.DistanceFieldShadowing:1]]
[2020.11.02-00.15.39:255][  0]LogConfig: Setting CVar [[r.DistanceFieldAO:1]]
[2020.11.02-00.15.39:255][  0]LogConfig: Setting CVar [[r.AOQuality:2]]
[2020.11.02-00.15.39:255][  0]LogConfig: Setting CVar [[r.VolumetricFog:1]]
[2020.11.02-00.15.39:255][  0]LogConfig: Setting CVar [[r.VolumetricFog.GridPixelSize:8]]
[2020.11.02-00.15.39:255][  0]LogConfig: Setting CVar [[r.VolumetricFog.GridSizeZ:128]]
[2020.11.02-00.15.39:255][  0]LogConfig: Setting CVar [[r.VolumetricFog.HistoryMissSupersampleCount:4]]
[2020.11.02-00.15.39:255][  0]LogConfig: Setting CVar [[r.LightMaxDrawDistanceScale:1]]
[2020.11.02-00.15.39:255][  0]LogConfig: Setting CVar [[r.CapsuleShadows:1]]
[2020.11.02-00.15.39:255][  0]LogConfig: Applying CVar settings from Section [PostProcessQuality@3] File [C:/Users/Pog/Documents/School/Year 4/Sem 2/AdvancedGames/Assignment 2/Git/AdvGamesProgramming/GameFiles/Saved/Config/Windows/Scalability.ini]
[2020.11.02-00.15.39:255][  0]LogConfig: Setting CVar [[r.MotionBlurQuality:4]]
[2020.11.02-00.15.39:255][  0]LogConfig: Setting CVar [[r.AmbientOcclusionMipLevelFactor:0.4]]
[2020.11.02-00.15.39:255][  0]LogConfig: Setting CVar [[r.AmbientOcclusionMaxQuality:100]]
[2020.11.02-00.15.39:255][  0]LogConfig: Setting CVar [[r.AmbientOcclusionLevels:-1]]
[2020.11.02-00.15.39:256][  0]LogConfig: Setting CVar [[r.AmbientOcclusionRadiusScale:1.0]]
[2020.11.02-00.15.39:256][  0]LogConfig: Setting CVar [[r.DepthOfFieldQuality:2]]
[2020.11.02-00.15.39:256][  0]LogConfig: Setting CVar [[r.RenderTargetPoolMin:400]]
[2020.11.02-00.15.39:256][  0]LogConfig: Setting CVar [[r.LensFlareQuality:2]]
[2020.11.02-00.15.39:256][  0]LogConfig: Setting CVar [[r.SceneColorFringeQuality:1]]
[2020.11.02-00.15.39:256][  0]LogConfig: Setting CVar [[r.EyeAdaptationQuality:2]]
[2020.11.02-00.15.39:256][  0]LogConfig: Setting CVar [[r.BloomQuality:5]]
[2020.11.02-00.15.39:256][  0]LogConfig: Setting CVar [[r.FastBlurThreshold:100]]
[2020.11.02-00.15.39:256][  0]LogConfig: Setting CVar [[r.Upscale.Quality:3]]
[2020.11.02-00.15.39:256][  0]LogConfig: Setting CVar [[r.Tonemapper.GrainQuantization:1]]
[2020.11.02-00.15.39:256][  0]LogConfig: Setting CVar [[r.LightShaftQuality:1]]
[2020.11.02-00.15.39:256][  0]LogConfig: Setting CVar [[r.Filter.SizeScale:1]]
[2020.11.02-00.15.39:256][  0]LogConfig: Setting CVar [[r.Tonemapper.Quality:5]]
[2020.11.02-00.15.39:256][  0]LogConfig: Setting CVar [[r.DOF.Gather.AccumulatorQuality:1        ; higher gathering accumulator quality]]
[2020.11.02-00.15.39:256][  0]LogConfig: Setting CVar [[r.DOF.Gather.PostfilterMethod:1          ; Median3x3 postfilering method]]
[2020.11.02-00.15.39:256][  0]LogConfig: Setting CVar [[r.DOF.Gather.EnableBokehSettings:0       ; no bokeh simulation when gathering]]
[2020.11.02-00.15.39:256][  0]LogConfig: Setting CVar [[r.DOF.Gather.RingCount:4                 ; medium number of samples when gathering]]
[2020.11.02-00.15.39:256][  0]LogConfig: Setting CVar [[r.DOF.Scatter.ForegroundCompositing:1    ; additive foreground scattering]]
[2020.11.02-00.15.39:256][  0]LogConfig: Setting CVar [[r.DOF.Scatter.BackgroundCompositing:2    ; additive background scattering]]
[2020.11.02-00.15.39:256][  0]LogConfig: Setting CVar [[r.DOF.Scatter.EnableBokehSettings:1      ; bokeh simulation when scattering]]
[2020.11.02-00.15.39:256][  0]LogConfig: Setting CVar [[r.DOF.Scatter.MaxSpriteRatio:0.1         ; only a maximum of 10% of scattered bokeh]]
[2020.11.02-00.15.39:256][  0]LogConfig: Setting CVar [[r.DOF.Recombine.Quality:1                ; cheap slight out of focus]]
[2020.11.02-00.15.39:256][  0]LogConfig: Setting CVar [[r.DOF.Recombine.EnableBokehSettings:0    ; no bokeh simulation on slight out of focus]]
[2020.11.02-00.15.39:256][  0]LogConfig: Setting CVar [[r.DOF.TemporalAAQuality:1                ; more stable temporal accumulation]]
[2020.11.02-00.15.39:256][  0]LogConfig: Setting CVar [[r.DOF.Kernel.MaxForegroundRadius:0.025]]
[2020.11.02-00.15.39:256][  0]LogConfig: Setting CVar [[r.DOF.Kernel.MaxBackgroundRadius:0.025]]
[2020.11.02-00.15.39:257][  0]LogConfig: Applying CVar settings from Section [TextureQuality@3] File [C:/Users/Pog/Documents/School/Year 4/Sem 2/AdvancedGames/Assignment 2/Git/AdvGamesProgramming/GameFiles/Saved/Config/Windows/Scalability.ini]
[2020.11.02-00.15.39:257][  0]LogConfig: Setting CVar [[r.Streaming.MipBias:0]]
[2020.11.02-00.15.39:257][  0]LogConfig: Setting CVar [[r.Streaming.AmortizeCPUToGPUCopy:0]]
[2020.11.02-00.15.39:257][  0]LogConfig: Setting CVar [[r.Streaming.MaxNumTexturesToStreamPerFrame:0]]
[2020.11.02-00.15.39:257][  0]LogConfig: Setting CVar [[r.Streaming.Boost:1]]
[2020.11.02-00.15.39:257][  0]LogConfig: Setting CVar [[r.MaxAnisotropy:8]]
[2020.11.02-00.15.39:257][  0]LogConfig: Setting CVar [[r.VT.MaxAnisotropy:8]]
[2020.11.02-00.15.39:257][  0]LogConfig: Setting CVar [[r.Streaming.LimitPoolSizeToVRAM:0]]
[2020.11.02-00.15.39:257][  0]LogConfig: Setting CVar [[r.Streaming.PoolSize:1000]]
[2020.11.02-00.15.39:257][  0]LogConfig: Setting CVar [[r.Streaming.MaxEffectiveScreenSize:0]]
[2020.11.02-00.15.39:257][  0]LogConfig: Applying CVar settings from Section [EffectsQuality@3] File [C:/Users/Pog/Documents/School/Year 4/Sem 2/AdvancedGames/Assignment 2/Git/AdvGamesProgramming/GameFiles/Saved/Config/Windows/Scalability.ini]
[2020.11.02-00.15.39:257][  0]LogConfig: Setting CVar [[r.TranslucencyLightingVolumeDim:64]]
[2020.11.02-00.15.39:257][  0]LogConfig: Setting CVar [[r.RefractionQuality:2]]
[2020.11.02-00.15.39:257][  0]LogConfig: Setting CVar [[r.SSR.Quality:3]]
[2020.11.02-00.15.39:257][  0]LogConfig: Setting CVar [[r.SSR.HalfResSceneColor:0]]
[2020.11.02-00.15.39:257][  0]LogConfig: Setting CVar [[r.SceneColorFormat:4]]
[2020.11.02-00.15.39:257][  0]LogConfig: Setting CVar [[r.DetailMode:2]]
[2020.11.02-00.15.39:257][  0]LogConfig: Setting CVar [[r.TranslucencyVolumeBlur:1]]
[2020.11.02-00.15.39:257][  0]LogConfig: Setting CVar [[r.MaterialQualityLevel:1 ; High quality]]
[2020.11.02-00.15.39:257][  0]LogConfig: Setting CVar [[r.SSS.Scale:1]]
[2020.11.02-00.15.39:257][  0]LogConfig: Setting CVar [[r.SSS.SampleSet:2]]
[2020.11.02-00.15.39:257][  0]LogConfig: Setting CVar [[r.SSS.Quality:1]]
[2020.11.02-00.15.39:257][  0]LogConfig: Setting CVar [[r.SSS.HalfRes:1]]
[2020.11.02-00.15.39:257][  0]LogConfig: Setting CVar [[r.SSGI.Quality:3]]
[2020.11.02-00.15.39:257][  0]LogConfig: Setting CVar [[r.EmitterSpawnRateScale:1.0]]
[2020.11.02-00.15.39:257][  0]LogConfig: Setting CVar [[r.ParticleLightQuality:2]]
[2020.11.02-00.15.39:257][  0]LogConfig: Setting CVar [[r.SkyAtmosphere.AerialPerspectiveLUT.FastApplyOnOpaque:1 ; Always have FastSkyLUT 1 in this case to avoid wrong sky]]
[2020.11.02-00.15.39:257][  0]LogConfig: Setting CVar [[r.SkyAtmosphere.AerialPerspectiveLUT.SampleCountPerSlice:1]]
[2020.11.02-00.15.39:257][  0]LogConfig: Setting CVar [[r.SkyAtmosphere.AerialPerspectiveLUT.DepthResolution:16.0]]
[2020.11.02-00.15.39:257][  0]LogConfig: Setting CVar [[r.SkyAtmosphere.FastSkyLUT:1]]
[2020.11.02-00.15.39:257][  0]LogConfig: Setting CVar [[r.SkyAtmosphere.FastSkyLUT.SampleCountMin:4.0]]
[2020.11.02-00.15.39:257][  0]LogConfig: Setting CVar [[r.SkyAtmosphere.FastSkyLUT.SampleCountMax:32.0]]
[2020.11.02-00.15.39:257][  0]LogConfig: Setting CVar [[r.SkyAtmosphere.SampleCountMin:4.0]]
[2020.11.02-00.15.39:257][  0]LogConfig: Setting CVar [[r.SkyAtmosphere.SampleCountMax:32.0]]
[2020.11.02-00.15.39:257][  0]LogConfig: Setting CVar [[r.SkyAtmosphere.TransmittanceLUT.UseSmallFormat:0]]
[2020.11.02-00.15.39:257][  0]LogConfig: Setting CVar [[r.SkyAtmosphere.TransmittanceLUT.SampleCount:10.0]]
[2020.11.02-00.15.39:257][  0]LogConfig: Setting CVar [[r.SkyAtmosphere.MultiScatteringLUT.SampleCount:15.0]]
[2020.11.02-00.15.39:257][  0]LogConfig: Applying CVar settings from Section [FoliageQuality@3] File [C:/Users/Pog/Documents/School/Year 4/Sem 2/AdvancedGames/Assignment 2/Git/AdvGamesProgramming/GameFiles/Saved/Config/Windows/Scalability.ini]
[2020.11.02-00.15.39:257][  0]LogConfig: Setting CVar [[foliage.DensityScale:1.0]]
[2020.11.02-00.15.39:258][  0]LogConfig: Setting CVar [[grass.DensityScale:1.0]]
[2020.11.02-00.15.39:258][  0]LogConfig: Applying CVar settings from Section [ShadingQuality@3] File [C:/Users/Pog/Documents/School/Year 4/Sem 2/AdvancedGames/Assignment 2/Git/AdvGamesProgramming/GameFiles/Saved/Config/Windows/Scalability.ini]
[2020.11.02-00.15.39:258][  0]LogConfig: Setting CVar [[r.HairStrands.SkyLighting.SampleCount:16]]
[2020.11.02-00.15.39:258][  0]LogConfig: Setting CVar [[r.HairStrands.SkyLighting.JitterIntegration:0]]
[2020.11.02-00.15.39:258][  0]LogConfig: Setting CVar [[r.HairStrands.SkyAO.SampleCount:16]]
[2020.11.02-00.15.39:258][  0]LogConfig: Applying CVar settings from Section [Startup] File [../../../Engine/Config/ConsoleVariables.ini]
[2020.11.02-00.15.39:258][  0]LogConfig: Setting CVar [[net.UseAdaptiveNetUpdateFrequency:0]]
[2020.11.02-00.15.39:258][  0]LogConfig: Setting CVar [[p.chaos.AllowCreatePhysxBodies:1]]
[2020.11.02-00.15.39:258][  0]LogConfig: Applying CVar settings from Section [ConsoleVariables] File [C:/Users/Pog/Documents/School/Year 4/Sem 2/AdvancedGames/Assignment 2/Git/AdvGamesProgramming/GameFiles/Saved/Config/Windows/Engine.ini]
[2020.11.02-00.15.39:259][  0]LogInit: Computer: RAZER-BLADE-201
[2020.11.02-00.15.39:259][  0]LogInit: User: Jack
[2020.11.02-00.15.39:259][  0]LogInit: CPU Page size=4096, Cores=4
[2020.11.02-00.15.39:259][  0]LogInit: High frequency timer resolution =10.000000 MHz
[2020.11.02-00.15.39:259][  0]LogMemory: Memory total: Physical=15.9GB (16GB approx)
[2020.11.02-00.15.39:259][  0]LogMemory: Platform Memory Stats for Windows
[2020.11.02-00.15.39:259][  0]LogMemory: Process Physical Memory: 104.70 MB used, 104.70 MB peak
[2020.11.02-00.15.39:259][  0]LogMemory: Process Virtual Memory: 100.54 MB used, 100.54 MB peak
[2020.11.02-00.15.39:259][  0]LogMemory: Physical Memory: 14340.53 MB used,  1936.17 MB free, 16276.70 MB total
[2020.11.02-00.15.39:259][  0]LogMemory: Virtual Memory: 5134.61 MB used,  134212592.00 MB free, 134217728.00 MB total
[2020.11.02-00.15.39:270][  0]LogWindows: WindowsPlatformFeatures enabled
[2020.11.02-00.15.39:353][  0]LogInit: Using OS detected language (en-US).
[2020.11.02-00.15.39:353][  0]LogInit: Using OS detected locale (en-AU).
[2020.11.02-00.15.39:354][  0]LogTextLocalizationManager: No specific localization for 'en-US' exists, so the 'en' localization will be used.
[2020.11.02-00.15.39:846][  0]LogInit: Setting process to per monitor DPI aware
[2020.11.02-00.15.39:906][  0]LogSlate: New Slate User Created.  User Index 0, Is Virtual User: 0
[2020.11.02-00.15.39:906][  0]LogSlate: Slate User Registered.  User Index 0, Is Virtual User: 0
[2020.11.02-00.15.40:287][  0]LogD3D11RHI: D3D11 min allowed feature level: 11_0
[2020.11.02-00.15.40:287][  0]LogD3D11RHI: D3D11 max allowed feature level: 11_0
[2020.11.02-00.15.40:287][  0]LogD3D11RHI: D3D11 adapters:
[2020.11.02-00.15.40:436][  0]LogD3D11RHI:    0. 'NVIDIA GeForce GTX 1060' (Feature Level 11_0)
[2020.11.02-00.15.40:437][  0]LogD3D11RHI:       6052/0/8138 MB DedicatedVideo/DedicatedSystem/SharedSystem, Outputs:1, VendorId:0x10de
[2020.11.02-00.15.40:545][  0]LogD3D11RHI:    1. 'Intel(R) HD Graphics 530' (Feature Level 11_0)
[2020.11.02-00.15.40:545][  0]LogD3D11RHI:       128/0/8138 MB DedicatedVideo/DedicatedSystem/SharedSystem, Outputs:1, VendorId:0x8086
[2020.11.02-00.15.40:550][  0]LogD3D11RHI:    2. 'Microsoft Basic Render Driver' (Feature Level 11_0)
[2020.11.02-00.15.40:550][  0]LogD3D11RHI:       0/0/8138 MB DedicatedVideo/DedicatedSystem/SharedSystem, Outputs:0, VendorId:0x1414
[2020.11.02-00.15.40:550][  0]LogD3D11RHI: Chosen D3D11 Adapter: 0
[2020.11.02-00.15.40:570][  0]LogD3D11RHI: Creating new Direct3DDevice
[2020.11.02-00.15.40:570][  0]LogD3D11RHI:     GPU DeviceId: 0x1c20 (for the marketing name, search the web for "GPU Device Id")
[2020.11.02-00.15.40:570][  0]LogWindows: EnumDisplayDevices:
[2020.11.02-00.15.40:570][  0]LogWindows:    0. 'Intel(R) HD Graphics 530' (P:0 D:1)
[2020.11.02-00.15.40:571][  0]LogWindows:    1. 'Intel(R) HD Graphics 530' (P:0 D:0)
[2020.11.02-00.15.40:571][  0]LogWindows:    2. 'Intel(R) HD Graphics 530' (P:0 D:0)
[2020.11.02-00.15.40:572][  0]LogWindows:    3. 'NVIDIA GeForce GTX 1060' (P:1 D:1)
[2020.11.02-00.15.40:572][  0]LogWindows: DebugString: PrimaryIsNotTheChoosenAdapter PrimaryIsNotTheChoosenAdapter PrimaryIsNotTheChoosenAdapter 
[2020.11.02-00.15.40:572][  0]LogD3D11RHI:     Adapter Name: NVIDIA GeForce GTX 1060
[2020.11.02-00.15.40:572][  0]LogD3D11RHI:   Driver Version: 452.06 (internal:27.21.14.5206, unified:452.06)
[2020.11.02-00.15.40:572][  0]LogD3D11RHI:      Driver Date: 8-12-2020
[2020.11.02-00.15.40:572][  0]LogRHI: Texture pool is 4236 MB (70% of 6052 MB)
[2020.11.02-00.15.40:648][  0]LogD3D11RHI: RHI has support for 64 bit atomics
[2020.11.02-00.15.40:648][  0]LogD3D11RHI: Async texture creation enabled
[2020.11.02-00.15.40:711][  0]LogD3D11RHI: GPU Timing Frequency: 1000.000000 (Debug: 2 1)
[2020.11.02-00.15.41:290][  0]LogTargetPlatformManager: Display: Loaded TargetPlatform 'AllDesktop'
[2020.11.02-00.15.41:364][  0]LogTargetPlatformManager: Display: Loaded TargetPlatform 'Android'
[2020.11.02-00.15.41:364][  0]LogTargetPlatformManager: Display: Loaded TargetPlatform 'Android_ASTC'
[2020.11.02-00.15.41:364][  0]LogTargetPlatformManager: Display: Loaded TargetPlatform 'Android_ATC'
[2020.11.02-00.15.41:364][  0]LogTargetPlatformManager: Display: Loaded TargetPlatform 'Android_DXT'
[2020.11.02-00.15.41:364][  0]LogTargetPlatformManager: Display: Loaded TargetPlatform 'Android_ETC1'
[2020.11.02-00.15.41:364][  0]LogTargetPlatformManager: Display: Loaded TargetPlatform 'Android_ETC1a'
[2020.11.02-00.15.41:365][  0]LogTargetPlatformManager: Display: Loaded TargetPlatform 'Android_ETC2'
[2020.11.02-00.15.41:365][  0]LogTargetPlatformManager: Display: Loaded TargetPlatform 'Android_PVRTC'
[2020.11.02-00.15.41:365][  0]LogTargetPlatformManager: Display: Loaded TargetPlatform 'AndroidClient'
[2020.11.02-00.15.41:365][  0]LogTargetPlatformManager: Display: Loaded TargetPlatform 'Android_ASTCClient'
[2020.11.02-00.15.41:365][  0]LogTargetPlatformManager: Display: Loaded TargetPlatform 'Android_ATCClient'
[2020.11.02-00.15.41:365][  0]LogTargetPlatformManager: Display: Loaded TargetPlatform 'Android_DXTClient'
[2020.11.02-00.15.41:365][  0]LogTargetPlatformManager: Display: Loaded TargetPlatform 'Android_ETC1Client'
[2020.11.02-00.15.41:365][  0]LogTargetPlatformManager: Display: Loaded TargetPlatform 'Android_ETC1aClient'
[2020.11.02-00.15.41:365][  0]LogTargetPlatformManager: Display: Loaded TargetPlatform 'Android_ETC2Client'
[2020.11.02-00.15.41:365][  0]LogTargetPlatformManager: Display: Loaded TargetPlatform 'Android_PVRTCClient'
[2020.11.02-00.15.41:365][  0]LogTargetPlatformManager: Display: Loaded TargetPlatform 'Android_Multi'
[2020.11.02-00.15.41:365][  0]LogTargetPlatformManager: Display: Loaded TargetPlatform 'Android_MultiClient'
[2020.11.02-00.15.41:402][  0]LogTargetPlatformManager: Display: Loaded TargetPlatform 'IOSClient'
[2020.11.02-00.15.41:402][  0]LogTargetPlatformManager: Display: Loaded TargetPlatform 'IOS'
[2020.11.02-00.15.41:415][  0]LogTargetPlatformManager: Display: Loaded TargetPlatform 'LinuxNoEditor'
[2020.11.02-00.15.41:427][  0]LogTargetPlatformManager: Display: Loaded TargetPlatform 'LinuxClient'
[2020.11.02-00.15.41:443][  0]LogTargetPlatformManager: Display: Loaded TargetPlatform 'LinuxServer'
[2020.11.02-00.15.41:457][  0]LogTargetPlatformManager: Display: Loaded TargetPlatform 'LinuxAArch64NoEditor'
[2020.11.02-00.15.41:470][  0]LogTargetPlatformManager: Display: Loaded TargetPlatform 'LinuxAArch64Client'
[2020.11.02-00.15.41:485][  0]LogTargetPlatformManager: Display: Loaded TargetPlatform 'LinuxAArch64Server'
[2020.11.02-00.15.41:528][  0]LogTargetPlatformManager: Display: Loaded TargetPlatform 'Lumin'
[2020.11.02-00.15.41:528][  0]LogTargetPlatformManager: Display: Loaded TargetPlatform 'LuminClient'
[2020.11.02-00.15.41:553][  0]LogTargetPlatformManager: Display: Loaded TargetPlatform 'TVOSClient'
[2020.11.02-00.15.41:553][  0]LogTargetPlatformManager: Display: Loaded TargetPlatform 'TVOS'
[2020.11.02-00.15.41:565][  0]LogTargetPlatformManager: Display: Loaded TargetPlatform 'WindowsNoEditor'
[2020.11.02-00.15.41:577][  0]LogTargetPlatformManager: Display: Loaded TargetPlatform 'Windows'
[2020.11.02-00.15.41:588][  0]LogTargetPlatformManager: Display: Loaded TargetPlatform 'WindowsClient'
[2020.11.02-00.15.41:602][  0]LogTargetPlatformManager: Display: Loaded TargetPlatform 'WindowsServer'
[2020.11.02-00.15.41:602][  0]LogTargetPlatformManager: Display: Building Assets For Windows
[2020.11.02-00.15.41:613][  0]LogAudioDebug: Display: Lib vorbis DLL was dynamically loaded.
[2020.11.02-00.15.41:673][  0]LogShaderCompilers: Guid format shader working directory is -75 characters bigger than the processId version (../../../../../../Users/Pog/Documents/School/Year 4/Sem 2/AdvancedGames/Assignment 2/Git/AdvGamesProgramming/GameFiles/Intermediate/Shaders/WorkingDirectory/32236/).
[2020.11.02-00.15.41:673][  0]LogShaderCompilers: Cleaned the shader compiler working directory 'C:/Users/Pog/AppData/Local/Temp/UnrealShaderWorkingDir/C213E1CF46EC45BD391BFBBD34430942/'.
[2020.11.02-00.15.41:674][  0]LogXGEController: Cleaning working directory: C:/Users/Pog/AppData/Local/Temp/UnrealXGEWorkingDir/
[2020.11.02-00.15.41:674][  0]LogXGEController: Cannot use XGE Controller as Incredibuild is not installed on this machine.
[2020.11.02-00.15.41:675][  0]LogShaderCompilers: Cannot use XGE Shader Compiler as Incredibuild is not installed on this machine.
[2020.11.02-00.15.41:675][  0]LogShaderCompilers: Display: Using Local Shader Compiler.
[2020.11.02-00.15.42:844][  0]LogDerivedDataCache: Display: Max Cache Size: 512 MB
[2020.11.02-00.15.42:989][  0]LogDerivedDataCache: Loaded boot cache 0.14s 96MB C:/Users/Pog/AppData/Local/UnrealEngine/4.24/DerivedDataCache/Boot.ddc.
[2020.11.02-00.15.42:989][  0]LogDerivedDataCache: Display: Loaded Boot cache: C:/Users/Pog/AppData/Local/UnrealEngine/4.24/DerivedDataCache/Boot.ddc
[2020.11.02-00.15.42:989][  0]LogDerivedDataCache: FDerivedDataBackendGraph:  Pak pak cache file ../../../../../../Users/Pog/Documents/School/Year 4/Sem 2/AdvancedGames/Assignment 2/Git/AdvGamesProgramming/GameFiles/DerivedDataCache/DDC.ddp not found, will not use a pak cache.
[2020.11.02-00.15.42:989][  0]LogDerivedDataCache: Unable to find inner node Pak for hierarchical cache Hierarchy.
[2020.11.02-00.15.42:989][  0]LogDerivedDataCache: FDerivedDataBackendGraph:  CompressedPak pak cache file ../../../../../../Users/Pog/Documents/School/Year 4/Sem 2/AdvancedGames/Assignment 2/Git/AdvGamesProgramming/GameFiles/DerivedDataCache/Compressed.ddp not found, will not use a pak cache.
[2020.11.02-00.15.42:989][  0]LogDerivedDataCache: Unable to find inner node CompressedPak for hierarchical cache Hierarchy.
[2020.11.02-00.15.43:006][  0]LogDerivedDataCache: Display: Pak cache opened for reading ../../../Engine/DerivedDataCache/Compressed.ddp.
[2020.11.02-00.15.43:006][  0]LogDerivedDataCache: FDerivedDataBackendGraph:  EnterprisePak pak cache file ../../../Enterprise/DerivedDataCache/Compressed.ddp not found, will not use a pak cache.
[2020.11.02-00.15.43:006][  0]LogDerivedDataCache: Unable to find inner node EnterprisePak for hierarchical cache Hierarchy.
[2020.11.02-00.15.43:008][  0]LogDerivedDataCache: Using Local data cache path C:/Users/Pog/AppData/Local/UnrealEngine/Common/DerivedDataCache: Writable
[2020.11.02-00.15.43:008][  0]LogDerivedDataCache: Shared data cache path not found in *engine.ini, will not use an Shared cache.
[2020.11.02-00.15.43:008][  0]LogDerivedDataCache: Unable to find inner node Shared for hierarchical cache Hierarchy.
[2020.11.02-00.15.43:057][  0]LogMaterial: Verifying Global Shaders for PCD3D_SM5
[2020.11.02-00.15.43:061][  0]LogSlate: Using FreeType 2.10.0
[2020.11.02-00.15.43:062][  0]LogSlate: SlateFontServices - WITH_FREETYPE: 1, WITH_HARFBUZZ: 1
[2020.11.02-00.15.43:149][  0]LogAssetRegistry: FAssetRegistry took 0.0035 seconds to start up
[2020.11.02-00.15.43:801][  0]LogInit: Selected Device Profile: [Windows]
[2020.11.02-00.15.44:132][  0]LogMeshReduction: Using QuadricMeshReduction for automatic static mesh reduction
[2020.11.02-00.15.44:132][  0]LogMeshReduction: Using SimplygonMeshReduction for automatic skeletal mesh reduction
[2020.11.02-00.15.44:132][  0]LogMeshReduction: Using ProxyLODMeshReduction for automatic mesh merging
[2020.11.02-00.15.44:132][  0]LogMeshReduction: No distributed automatic mesh merging module available
[2020.11.02-00.15.44:132][  0]LogMeshMerging: No distributed automatic mesh merging module available
[2020.11.02-00.15.44:156][  0]LogNetVersion: AdvGamesProgramming 1.0.0, NetCL: 10570792, EngineNetVer: 13, GameNetVer: 0 (Checksum: 489682494)
[2020.11.02-00.15.46:612][  0]LogPackageLocalizationCache: Processed 8 localized package path(s) for 1 prioritized culture(s) in 0.068215 seconds
[2020.11.02-00.15.46:626][  0]LogUObjectArray: 46098 objects as part of root set at end of initial load.
[2020.11.02-00.15.46:626][  0]LogUObjectAllocator: 8030680 out of 0 bytes used by permanent object pool.
[2020.11.02-00.15.46:627][  0]LogUObjectArray: CloseDisregardForGC: 0/0 objects in disregard for GC pool
[2020.11.02-00.15.47:881][  0]LogTcpMessaging: Initializing TcpMessaging bridge
[2020.11.02-00.15.47:890][  0]LogUdpMessaging: Initializing bridge on interface 0.0.0.0:0 to multicast group 230.0.0.1:6666.
[2020.11.02-00.15.48:285][  0]LogBlueprint: Warning: [Compiler Ue4ASP_Character] InputAction Event references unknown Action 'Crouch' for  InputAction Crouch
[2020.11.02-00.15.48:286][  0]LogBlueprint: Warning: [Compiler Ue4ASP_Character] Input Axis Event references unknown Axis 'MoveRight' for  InputAxis MoveRight
[2020.11.02-00.15.49:727][  0]SourceControl: Source control is disabled
[2020.11.02-00.15.49:727][  0]SourceControl: Source control is disabled
[2020.11.02-00.15.49:737][  0]SourceControl: Source control is disabled
[2020.11.02-00.15.49:742][  0]SourceControl: Source control is disabled
[2020.11.02-00.15.49:746][  0]SourceControl: Source control is disabled
[2020.11.02-00.15.49:978][  0]LogAndroidPermission: UAndroidPermissionCallbackProxy::GetInstance
[2020.11.02-00.15.50:003][  0]LogAudioCaptureCore: Display: No Audio Capture implementations found. Audio input will be silent.
[2020.11.02-00.15.50:003][  0]LogAudioCaptureCore: Display: No Audio Capture implementations found. Audio input will be silent.
[2020.11.02-00.15.50:272][  0]LogEngine: Initializing Engine...
[2020.11.02-00.15.50:282][  0]LogStats: UGameplayTagsManager::InitializeManager -  0.002 s
[2020.11.02-00.15.51:005][  0]LogInit: Initializing FReadOnlyCVARCache
[2020.11.02-00.15.51:049][  0]LogAIModule: Creating AISystem for world Untitled
[2020.11.02-00.15.51:075][  0]LogAudioMixer: Display: Audio Mixer Platform Settings:
[2020.11.02-00.15.51:075][  0]LogAudioMixer: Display: 	Sample Rate:						  48000
[2020.11.02-00.15.51:075][  0]LogAudioMixer: Display: 	Callback Buffer Frame Size Requested: 1024
[2020.11.02-00.15.51:075][  0]LogAudioMixer: Display: 	Callback Buffer Frame Size To Use:	  1024
[2020.11.02-00.15.51:075][  0]LogAudioMixer: Display: 	Number of buffers to queue:			  2
[2020.11.02-00.15.51:075][  0]LogAudioMixer: Display: 	Max Channels (voices):				  32
[2020.11.02-00.15.51:076][  0]LogAudioMixer: Display: 	Number of Async Source Workers:		  0
[2020.11.02-00.15.51:076][  0]LogAudio: Display: AudioDevice MaxSources: 32
[2020.11.02-00.15.51:078][  0]LogAudio: Display: Using built-in audio occlusion.
[2020.11.02-00.15.51:078][  0]LogAudioMixer: Display: Initializing audio mixer.
[2020.11.02-00.15.51:315][  0]LogAudioMixer: Display: Audio Device Output Speaker Info:
[2020.11.02-00.15.51:315][  0]LogAudioMixer: Display: Name: Headphones (BLE_ATH-M50xBT Stereo)
[2020.11.02-00.15.51:315][  0]LogAudioMixer: Display: Is Default: Yes
[2020.11.02-00.15.51:315][  0]LogAudioMixer: Display: Sample Rate: 44100
[2020.11.02-00.15.51:315][  0]LogAudioMixer: Display: Channel Count Used: 2
[2020.11.02-00.15.51:315][  0]LogAudioMixer: Display: Device Channel Count: 2
[2020.11.02-00.15.51:315][  0]LogAudioMixer: Display: Channel Order:
[2020.11.02-00.15.51:315][  0]LogAudioMixer: Display: 0: FrontLeft
[2020.11.02-00.15.51:315][  0]LogAudioMixer: Display: 1: FrontRight
[2020.11.02-00.15.52:091][  0]LogAudioMixer: Display: Using Audio Device Headphones (BLE_ATH-M50xBT Stereo)
[2020.11.02-00.15.52:100][  0]LogInit: FAudioDevice initialized.
[2020.11.02-00.15.52:102][  0]LogNetVersion: Set ProjectVersion to 1.0.0.0. Version Checksum will be recalculated on next use.
[2020.11.02-00.15.52:185][  0]LogDerivedDataCache: Saved boot cache 0.08s 96MB C:/Users/Pog/AppData/Local/UnrealEngine/4.24/DerivedDataCache/Boot.ddc.
[2020.11.02-00.15.52:205][  0]LogInit: Texture streaming: Enabled
[2020.11.02-00.15.52:230][  0]LogEngineSessionManager: EngineSessionManager initialized
[2020.11.02-00.15.52:231][  0]LogEngineSessionManager: EngineSessionManager sent abnormal shutdown report. Type=Crashed, SessionId={108B46C1-4FC4-BC60-0870-23934342D7E8}
[2020.11.02-00.15.52:231][  0]LogEditorSessionSummary: Verbose: Initializing EditorSessionSummaryWriter for editor session tracking
[2020.11.02-00.15.52:235][  0]LogEditorSessionSummary: EditorSessionSummaryWriter initialized
[2020.11.02-00.15.52:357][  0]LogInit: Transaction tracking system initialized
[2020.11.02-00.15.52:413][  0]BlueprintLog: New page: Editor Load
[2020.11.02-00.15.52:568][  0]LocalizationService: Localization service is disabled
[2020.11.02-00.15.53:357][  0]LogFileCache: Scanning file cache for directory 'C:/Users/Pog/Documents/School/Year 4/Sem 2/AdvancedGames/Assignment 2/Git/AdvGamesProgramming/GameFiles/Content/' took 0.01s
[2020.11.02-00.15.53:357][  0]LogCook: Display: Max memory allowance for cook 16384mb min free memory 0mb
[2020.11.02-00.15.53:357][  0]LogCook: Display: Mobile HDR setting 1
[2020.11.02-00.15.53:725][  0]SourceControl: Source control is disabled
[2020.11.02-00.15.53:730][  0]LightingResults: New page: Lighting Build
[2020.11.02-00.15.53:743][  0]LogWorld: UWorld::CleanupWorld for Untitled, bSessionEnded=true, bCleanupResources=true
[2020.11.02-00.15.53:744][  0]LogSlate: InvalidateAllWidgets triggered.  All widgets were invalidated
[2020.11.02-00.15.53:746][  0]MapCheck: New page: Map Check
[2020.11.02-00.15.53:746][  0]LightingResults: New page: Lighting Build
[2020.11.02-00.15.53:812][  0]LogUObjectHash: Compacting FUObjectHashTables data took   3.42ms
[2020.11.02-00.15.55:029][  0]LogTexture: Display: Building textures: LQ_Lightmap_1_3 (DXT1, 64X64)
[2020.11.02-00.15.55:029][  0]LogTexture: Display: Building textures: HQ_Lightmap1_3 (AutoDXT, 64X64)
[2020.11.02-00.15.55:029][  0]LogTexture: Display: Building textures: LQ_Lightmap_1_2 (DXT1, 256X256)
[2020.11.02-00.15.55:029][  0]LogTexture: Display: Building textures: HQ_Lightmap1_2 (AutoDXT, 256X256)
[2020.11.02-00.15.55:029][  0]LogTexture: Display: Building textures: LQ_Lightmap_1_1 (DXT1, 1024X1024)
[2020.11.02-00.15.55:029][  0]LogTexture: Display: Building textures: HQ_Lightmap1_1 (AutoDXT, 1024X1024)
[2020.11.02-00.15.55:051][  0]LogAIModule: Creating AISystem for world TestingMap
[2020.11.02-00.15.55:108][  0]LogEditorServer: Finished looking for orphan Actors (0.000 secs)
[2020.11.02-00.15.55:163][  0]LogUObjectHash: Compacting FUObjectHashTables data took   3.25ms
[2020.11.02-00.15.55:168][  0]Cmd: MAP CHECKDEP NOCLEARLOG
[2020.11.02-00.15.55:169][  0]MapCheck: Map check complete: 0 Error(s), 0 Warning(s), took 0.717ms to complete.
[2020.11.02-00.15.55:169][  0]LogFileHelpers: Loading map 'TestingMap' took 1.442
[2020.11.02-00.15.55:511][  0]LogSlate: Updating window title bar state: overlay mode, drag disabled, window buttons hidden, title bar hidden
[2020.11.02-00.15.55:528][  0]LogSlate: Updating window title bar state: overlay mode, drag disabled, window buttons hidden, title bar hidden
[2020.11.02-00.15.55:540][  0]LogSlate: Updating window title bar state: overlay mode, drag disabled, window buttons hidden, title bar hidden
[2020.11.02-00.15.55:557][  0]LogSlate: Updating window title bar state: overlay mode, drag disabled, window buttons hidden, title bar hidden
[2020.11.02-00.15.55:602][  0]LogCollectionManager: Loaded 0 collections in 0.003317 seconds
[2020.11.02-00.15.55:649][  0]LogFileCache: Scanning file cache for directory 'C:/Users/Pog/Documents/School/Year 4/Sem 2/AdvancedGames/Assignment 2/Git/AdvGamesProgramming/GameFiles/Saved/Collections/' took 0.00s
[2020.11.02-00.15.55:649][  0]LogFileCache: Scanning file cache for directory 'C:/Users/Pog/Documents/School/Year 4/Sem 2/AdvancedGames/Assignment 2/Git/AdvGamesProgramming/GameFiles/Content/Developers/Jack/Collections/' took 0.00s
[2020.11.02-00.15.55:649][  0]LogFileCache: Scanning file cache for directory 'C:/Users/Pog/Documents/School/Year 4/Sem 2/AdvancedGames/Assignment 2/Git/AdvGamesProgramming/GameFiles/Content/Collections/' took 0.00s
[2020.11.02-00.15.55:649][  0]LogContentBrowser: Native class hierarchy populated in 0.0194 seconds. Added 3021 classes and 706 folders.
[2020.11.02-00.15.55:664][  0]LogContentBrowser: Native class hierarchy updated for 'WidgetCarousel' in 0.0007 seconds. Added 0 classes and 0 folders.
[2020.11.02-00.15.55:854][  0]LogContentBrowser: Native class hierarchy updated for 'AddContentDialog' in 0.0008 seconds. Added 0 classes and 0 folders.
[2020.11.02-00.15.55:964][  0]LogSlate: Took 0.000857 seconds to synchronously load lazily loaded font '../../../Engine/Content/Slate/Fonts/Roboto-Regular.ttf' (155K)
[2020.11.02-00.15.55:973][  0]LogSlate: Took 0.001037 seconds to synchronously load lazily loaded font '../../../Engine/Content/Slate/Fonts/Roboto-Bold.ttf' (160K)
[2020.11.02-00.15.55:977][  0]LogSlate: Took 0.000937 seconds to synchronously load lazily loaded font '../../../Engine/Content/Editor/Slate/Fonts/FontAwesome.ttf' (139K)
[2020.11.02-00.15.55:978][  0]LogSlate: Took 0.000550 seconds to synchronously load lazily loaded font '../../../Engine/Content/Slate/Fonts/DroidSansMono.ttf' (77K)
[2020.11.02-00.15.56:165][  0]LogRenderer: Reallocating scene render targets to support 1176x596 Format 10 NumSamples 1 (Frame:1).
[2020.11.02-00.15.56:430][  0]LogContentBrowser: Native class hierarchy updated for 'HierarchicalLODOutliner' in 0.0005 seconds. Added 0 classes and 0 folders.
[2020.11.02-00.15.56:430][  0]LogLoad: (Engine Initialization) Total time: 22.06 seconds
[2020.11.02-00.15.56:430][  0]LogLoad: (Engine Initialization) Total Blueprint compile time: 0.00 seconds
[2020.11.02-00.15.56:524][  0]LogContentStreaming: Texture pool size now 1000 MB
[2020.11.02-00.15.56:675][  2]LogAssetRegistry: Asset discovery search completed in 13.5272 seconds
[2020.11.02-00.15.56:684][  2]LogCollectionManager: Fixed up redirectors for 0 collections in 0.000016 seconds (updated 0 objects)
[2020.11.02-00.16.01:642][ 17]LogFileCache: Retrieving MD5 hashes for directory 'C:/Users/Pog/Documents/School/Year 4/Sem 2/AdvancedGames/Assignment 2/Git/AdvGamesProgramming/GameFiles/Content/' took 5.19s
[2020.11.02-00.16.08:452][266]LogSlate: Took 0.000724 seconds to synchronously load lazily loaded font '../../../Engine/Content/Slate/Fonts/Roboto-Light.ttf' (167K)
[2020.11.02-00.16.09:954][323]LogSlate: Took 0.000213 seconds to synchronously load lazily loaded font '../../../Engine/Content/Slate/Fonts/Roboto-Light.ttf' (167K)
[2020.11.02-00.16.09:980][323]LogAssetEditorSubsystem: Opening Asset editor for Blueprint /Game/Blueprints/EnemyCharacterNavMeshBT.EnemyCharacterNavMeshBT
[2020.11.02-00.16.10:406][323]LogContentBrowser: Native class hierarchy updated for 'BlueprintGraph' in 0.0010 seconds. Added 121 classes and 0 folders.
[2020.11.02-00.16.11:963][323]LogSlate: Took 0.000738 seconds to synchronously load lazily loaded font '../../../Engine/Content/Slate/Fonts/Roboto-BoldCondensed.ttf' (158K)
[2020.11.02-00.16.12:114][324]LogSlate: Took 0.000939 seconds to synchronously load lazily loaded font '../../../Engine/Content/Slate/Fonts/Roboto-Italic.ttf' (157K)
[2020.11.02-00.16.13:610][407]LogSlate: Window 'EnemyCharacterNavMeshBT' being destroyed
[2020.11.02-00.16.24:136][253]LogAssetEditorSubsystem: Opening Asset editor for Blueprint /Game/Blueprints/PlayerCharacterBlueprint.PlayerCharacterBlueprint
[2020.11.02-00.17.49:549][644]LogSlate: Window 'Editor Preferences' being destroyed
[2020.11.02-00.18.36:139][ 97]LogBlueprintUserMessages: Early PlayInEditor Detection: Level '/Game/Levels/TestingMap.TestingMap:PersistentLevel' has LevelScriptBlueprint '/Game/Levels/TestingMap.TestingMap:PersistentLevel.TestingMap' with GeneratedClass '/Game/Levels/TestingMap.TestingMap_C' with ClassGeneratedBy '/Game/Levels/TestingMap.TestingMap:PersistentLevel.TestingMap'
[2020.11.02-00.18.36:143][ 97]LogPlayLevel: PlayLevel: No blueprints needed recompiling
[2020.11.02-00.18.36:149][ 97]PIE: New page: PIE session: TestingMap (2 Nov 2020, 10:18:36 pm)
[2020.11.02-00.18.36:154][ 97]LogOnline: OSS: Creating online subsystem instance for: NULL
[2020.11.02-00.18.36:159][ 97]LogOnline: OSS: TryLoadSubsystemAndSetDefault: Loaded subsystem for module [NULL]
[2020.11.02-00.18.36:160][ 97]LogPlayLevel: Creating play world package: /Game/Levels/UEDPIE_1_TestingMap
[2020.11.02-00.18.36:218][ 97]LogPlayLevel: PIE: StaticDuplicateObject took: (0.058106s)
[2020.11.02-00.18.36:221][ 97]LogAIModule: Creating AISystem for world TestingMap
[2020.11.02-00.18.36:223][ 97]LogPlayLevel: PIE: World Init took: (0.004107s)
[2020.11.02-00.18.36:223][ 97]LogPlayLevel: PIE: Created PIE world by copying editor world from /Game/Levels/TestingMap.TestingMap to /Game/Levels/UEDPIE_1_TestingMap.TestingMap (0.063695s)
[2020.11.02-00.18.36:280][ 97]LogUObjectHash: Compacting FUObjectHashTables data took   4.78ms
[2020.11.02-00.18.36:310][ 97]LogLoad: Game class is 'MultiplayerGameModeBlueprint_C'
[2020.11.02-00.18.36:320][ 97]LogWorld: Bringing World /Game/Levels/UEDPIE_1_TestingMap.TestingMap up for play (max tick rate 0) at 2020.11.02-11.18.36
[2020.11.02-00.18.36:322][ 97]LogWorld: Bringing up level for play took: 0.004040
[2020.11.02-00.18.36:328][ 97]LogNet: ReplicationDriverClass is null! Not using ReplicationDriver.
[2020.11.02-00.18.36:328][ 97]LogNetCore: DDoS detection status: detection enabled: 0 analytics enabled: 0
[2020.11.02-00.18.36:330][ 97]LogInit: WinSock: I am Razer-Blade-2017 (10.0.0.41:0)
[2020.11.02-00.18.36:331][ 97]LogInit: WinSock: Socket queue. Rx: 131072 (config 131072) Tx: 131072 (config 131072)
[2020.11.02-00.18.36:332][ 97]PacketHandlerLog: Loaded PacketHandler component: Engine.EngineHandlerComponentFactory (StatelessConnectHandlerComponent)
[2020.11.02-00.18.36:333][ 97]LogNet: GameNetDriver IpNetDriver_0 IpNetDriver listening on port 17777
[2020.11.02-00.18.36:333][ 97]LogGameMode: Display: Match State Changed from EnteringMap to WaitingToStart
[2020.11.02-00.18.36:334][ 97]LogTemp: Warning: X=1000.000 Y=-250.000 Z=50.000
[2020.11.02-00.18.36:358][ 97]LogGameState: Match State Changed from EnteringMap to WaitingToStart
[2020.11.02-00.18.36:359][ 97]PIE: Play in editor start time for /Game/Levels/UEDPIE_1_TestingMap 0.764
[2020.11.02-00.18.36:363][ 97]LogAudioMixer: Display: Audio Mixer Platform Settings:
[2020.11.02-00.18.36:363][ 97]LogAudioMixer: Display: 	Sample Rate:						  48000
[2020.11.02-00.18.36:364][ 97]LogAudioMixer: Display: 	Callback Buffer Frame Size Requested: 1024
[2020.11.02-00.18.36:364][ 97]LogAudioMixer: Display: 	Callback Buffer Frame Size To Use:	  1024
[2020.11.02-00.18.36:364][ 97]LogAudioMixer: Display: 	Number of buffers to queue:			  2
[2020.11.02-00.18.36:364][ 97]LogAudioMixer: Display: 	Max Channels (voices):				  32
[2020.11.02-00.18.36:364][ 97]LogAudioMixer: Display: 	Number of Async Source Workers:		  0
[2020.11.02-00.18.36:364][ 97]LogAudio: Display: AudioDevice MaxSources: 32
[2020.11.02-00.18.36:365][ 97]LogAudio: Display: Using built-in audio occlusion.
[2020.11.02-00.18.36:365][ 97]LogAudioMixer: Display: Initializing audio mixer.
[2020.11.02-00.18.36:542][ 97]LogAudioMixer: Display: Audio Device Output Speaker Info:
[2020.11.02-00.18.36:543][ 97]LogAudioMixer: Display: Name: Headphones (BLE_ATH-M50xBT Stereo)
[2020.11.02-00.18.36:543][ 97]LogAudioMixer: Display: Is Default: Yes
[2020.11.02-00.18.36:543][ 97]LogAudioMixer: Display: Sample Rate: 44100
[2020.11.02-00.18.36:543][ 97]LogAudioMixer: Display: Channel Count Used: 2
[2020.11.02-00.18.36:543][ 97]LogAudioMixer: Display: Device Channel Count: 2
[2020.11.02-00.18.36:543][ 97]LogAudioMixer: Display: Channel Order:
[2020.11.02-00.18.36:543][ 97]LogAudioMixer: Display: 0: FrontLeft
[2020.11.02-00.18.36:543][ 97]LogAudioMixer: Display: 1: FrontRight
[2020.11.02-00.18.36:564][ 97]LogAudioMixer: Display: Using Audio Device Headphones (BLE_ATH-M50xBT Stereo)
[2020.11.02-00.18.36:569][ 97]LogInit: FAudioDevice initialized.
[2020.11.02-00.18.36:637][ 97]LogSlate: Updating window title bar state: overlay mode, drag disabled, window buttons hidden, title bar hidden
[2020.11.02-00.18.36:639][ 97]LogNet: Browse: 127.0.0.1:17777//Game/Levels/TestingMap
[2020.11.02-00.18.36:641][ 97]LogInit: WinSock: Socket queue. Rx: 32768 (config 32768) Tx: 32768 (config 32768)
[2020.11.02-00.18.36:642][ 97]PacketHandlerLog: Loaded PacketHandler component: Engine.EngineHandlerComponentFactory (StatelessConnectHandlerComponent)
[2020.11.02-00.18.36:644][ 97]LogNet: Game client on port 17777, rate 10000
[2020.11.02-00.18.36:651][ 97]PIE: Play in editor start time for /Game/Levels/TestingMap 1.055
[2020.11.02-00.18.36:719][ 97]LogSlate: Updating window title bar state: overlay mode, drag disabled, window buttons hidden, title bar hidden
[2020.11.02-00.18.36:719][ 97]LogNet: Browse: 127.0.0.1:17777//Game/Levels/TestingMap
[2020.11.02-00.18.36:721][ 97]LogInit: WinSock: Socket queue. Rx: 32768 (config 32768) Tx: 32768 (config 32768)
[2020.11.02-00.18.36:721][ 97]PacketHandlerLog: Loaded PacketHandler component: Engine.EngineHandlerComponentFactory (StatelessConnectHandlerComponent)
[2020.11.02-00.18.36:722][ 97]LogNet: Game client on port 17777, rate 10000
[2020.11.02-00.18.36:726][ 97]PIE: Play in editor start time for /Game/Levels/TestingMap 1.13
[2020.11.02-00.18.36:738][ 97]LogBlueprintUserMessages: Late PlayInEditor Detection: Level '/Game/Levels/TestingMap.TestingMap:PersistentLevel' has LevelScriptBlueprint '/Game/Levels/TestingMap.TestingMap:PersistentLevel.TestingMap' with GeneratedClass '/Game/Levels/TestingMap.TestingMap_C' with ClassGeneratedBy '/Game/Levels/TestingMap.TestingMap:PersistentLevel.TestingMap'
[2020.11.02-00.18.36:740][ 97]LogNet: NotifyAcceptingConnection accepted from: 127.0.0.1:50087
[2020.11.02-00.18.36:741][ 97]LogHandshake: SendConnectChallenge. Timestamp: 0.008334, Cookie: 236223226143140074140035046080103142206085084087187056043011
[2020.11.02-00.18.36:742][ 97]LogNet: NotifyAcceptingConnection accepted from: 127.0.0.1:50088
[2020.11.02-00.18.36:742][ 97]LogHandshake: SendConnectChallenge. Timestamp: 0.008334, Cookie: 241217018098006176038050100000230205197092177048080067174185
[2020.11.02-00.18.36:773][ 97]LogOnline: OSS: Creating online subsystem instance for: :Context_12
[2020.11.02-00.18.36:782][ 97]LogHandshake: SendChallengeResponse. Timestamp: 0.008334, Cookie: 236223226143140074140035046080103142206085084087187056043011
[2020.11.02-00.18.36:783][ 97]LogHandshake: SendChallengeResponse. Timestamp: 0.008334, Cookie: 241217018098006176038050100000230205197092177048080067174185
[2020.11.02-00.18.37:427][ 98]LogNet: NotifyAcceptingConnection accepted from: 127.0.0.1:50087
[2020.11.02-00.18.37:427][ 98]LogHandshake: SendChallengeAck. InCookie: 236223226143140074140035046080103142206085084087187056043011
[2020.11.02-00.18.37:428][ 98]LogNet: Server accepting post-challenge connection from: 127.0.0.1:50087
[2020.11.02-00.18.37:428][ 98]PacketHandlerLog: Loaded PacketHandler component: Engine.EngineHandlerComponentFactory (StatelessConnectHandlerComponent)
[2020.11.02-00.18.37:429][ 98]LogNet: NotifyAcceptedConnection: Name: TestingMap, TimeStamp: 11/02/20 11:18:37, [UNetConnection] RemoteAddr: 127.0.0.1:50087, Name: IpConnection_2, Driver: GameNetDriver IpNetDriver_0, IsServer: YES, PC: NULL, Owner: NULL, UniqueId: INVALID
[2020.11.02-00.18.37:429][ 98]LogNet: AddClientConnection: Added client connection: [UNetConnection] RemoteAddr: 127.0.0.1:50087, Name: IpConnection_2, Driver: GameNetDriver IpNetDriver_0, IsServer: YES, PC: NULL, Owner: NULL, UniqueId: INVALID
[2020.11.02-00.18.37:429][ 98]LogNet: NotifyAcceptingConnection accepted from: 127.0.0.1:50088
[2020.11.02-00.18.37:429][ 98]LogHandshake: SendChallengeAck. InCookie: 241217018098006176038050100000230205197092177048080067174185
[2020.11.02-00.18.37:429][ 98]LogNet: Server accepting post-challenge connection from: 127.0.0.1:50088
[2020.11.02-00.18.37:430][ 98]PacketHandlerLog: Loaded PacketHandler component: Engine.EngineHandlerComponentFactory (StatelessConnectHandlerComponent)
[2020.11.02-00.18.37:430][ 98]LogNet: NotifyAcceptedConnection: Name: TestingMap, TimeStamp: 11/02/20 11:18:37, [UNetConnection] RemoteAddr: 127.0.0.1:50088, Name: IpConnection_3, Driver: GameNetDriver IpNetDriver_0, IsServer: YES, PC: NULL, Owner: NULL, UniqueId: INVALID
[2020.11.02-00.18.37:430][ 98]LogNet: AddClientConnection: Added client connection: [UNetConnection] RemoteAddr: 127.0.0.1:50088, Name: IpConnection_3, Driver: GameNetDriver IpNetDriver_0, IsServer: YES, PC: NULL, Owner: NULL, UniqueId: INVALID
[2020.11.02-00.18.37:434][ 98]LogNetVersion: AdvGamesProgramming 1.0.0.0, NetCL: 10570792, EngineNetVer: 13, GameNetVer: 0 (Checksum: 1585971074)
[2020.11.02-00.18.37:434][ 98]LogNet: UPendingNetGame::SendInitialJoin: Sending hello. [UNetConnection] RemoteAddr: 127.0.0.1:17777, Name: IpConnection_0, Driver: PendingNetDriver IpNetDriver_1, IsServer: NO, PC: NULL, Owner: NULL, UniqueId: INVALID
[2020.11.02-00.18.37:436][ 98]LogNet: UPendingNetGame::SendInitialJoin: Sending hello. [UNetConnection] RemoteAddr: 127.0.0.1:17777, Name: IpConnection_1, Driver: PendingNetDriver IpNetDriver_2, IsServer: NO, PC: NULL, Owner: NULL, UniqueId: INVALID
[2020.11.02-00.18.37:447][ 99]LogNet: NotifyAcceptingChannel Control 0 server World /Game/Levels/UEDPIE_1_TestingMap.TestingMap: Accepted
[2020.11.02-00.18.37:448][ 99]LogNet: Remote platform little endian=1
[2020.11.02-00.18.37:448][ 99]LogNet: This platform little endian=1
[2020.11.02-00.18.37:448][ 99]LogNet: NotifyAcceptingChannel Control 0 server World /Game/Levels/UEDPIE_1_TestingMap.TestingMap: Accepted
[2020.11.02-00.18.37:448][ 99]LogNet: Remote platform little endian=1
[2020.11.02-00.18.37:449][ 99]LogNet: This platform little endian=1
[2020.11.02-00.18.37:451][ 99]LogOnline: OSS: Creating online subsystem instance for: :Context_13
[2020.11.02-00.18.37:455][ 99]LogOnline: OSS: Creating online subsystem instance for: :Context_14
[2020.11.02-00.18.37:487][100]LogNet: Login request: /Game/Levels/TestingMap?Name=Razer-Blade-2017-20A29D814DF8972E53B964864E8BC927 userId: NULL:Razer-Blade-2017-20A29D814DF8972E53B964864E8BC927 platform: NULL
[2020.11.02-00.18.37:488][100]LogNet: Login request: /Game/Levels/TestingMap?Name=Razer-Blade-2017-6AD8C690454782A56B4F7EAFFEEA8D93 userId: NULL:Razer-Blade-2017-6AD8C690454782A56B4F7EAFFEEA8D93 platform: NULL
[2020.11.02-00.18.37:490][100]LogNet: Welcomed by server (Level: /Game/Levels/UEDPIE_1_TestingMap, Game: /Game/Blueprints/MultiplayerGameModeBlueprint.MultiplayerGameModeBlueprint_C)
[2020.11.02-00.18.37:491][100]LogLoad: LoadMap: 127.0.0.1:17777//Game/Levels/UEDPIE_1_TestingMap?game=/Game/Blueprints/MultiplayerGameModeBlueprint.MultiplayerGameModeBlueprint_C
[2020.11.02-00.18.37:491][100]LogWorld: BeginTearingDown for /Temp/Untitled_1
[2020.11.02-00.18.37:492][100]LogWorld: UWorld::CleanupWorld for Untitled, bSessionEnded=true, bCleanupResources=true
[2020.11.02-00.18.37:492][100]LogSlate: InvalidateAllWidgets triggered.  All widgets were invalidated
[2020.11.02-00.18.37:492][100]LogAudioMixer: Display: No commands were queued while flushing the source manager.
[2020.11.02-00.18.37:574][100]LogUObjectHash: Compacting FUObjectHashTables data took   5.99ms
[2020.11.02-00.18.37:627][100]LogAIModule: Creating AISystem for world TestingMap
[2020.11.02-00.18.37:632][100]LogWorld: Bringing World /Game/Levels/UEDPIE_2_TestingMap.TestingMap up for play (max tick rate 0) at 2020.11.02-11.18.37
[2020.11.02-00.18.37:634][100]LogWorld: Bringing up level for play took: 0.004542
[2020.11.02-00.18.37:635][100]LogNavigation: Warning: Was not able to create navigation data for SupportedAgent[0]: Default
[2020.11.02-00.18.37:635][100]LogLoad: Took 0.144156 seconds to LoadMap(/Game/Levels/UEDPIE_1_TestingMap)
[2020.11.02-00.18.37:637][100]LogNet: Welcomed by server (Level: /Game/Levels/UEDPIE_1_TestingMap, Game: /Game/Blueprints/MultiplayerGameModeBlueprint.MultiplayerGameModeBlueprint_C)
[2020.11.02-00.18.37:637][100]LogLoad: LoadMap: 127.0.0.1:17777//Game/Levels/UEDPIE_1_TestingMap?game=/Game/Blueprints/MultiplayerGameModeBlueprint.MultiplayerGameModeBlueprint_C
[2020.11.02-00.18.37:638][100]LogWorld: BeginTearingDown for /Temp/Untitled_2
[2020.11.02-00.18.37:638][100]LogWorld: UWorld::CleanupWorld for Untitled, bSessionEnded=true, bCleanupResources=true
[2020.11.02-00.18.37:638][100]LogSlate: InvalidateAllWidgets triggered.  All widgets were invalidated
[2020.11.02-00.18.37:638][100]LogAudioMixer: Display: No commands were queued while flushing the source manager.
[2020.11.02-00.18.37:716][100]LogUObjectHash: Compacting FUObjectHashTables data took   5.34ms
[2020.11.02-00.18.37:749][100]LogAIModule: Creating AISystem for world TestingMap
[2020.11.02-00.18.37:751][100]LogWorld: Bringing World /Game/Levels/UEDPIE_3_TestingMap.TestingMap up for play (max tick rate 0) at 2020.11.02-11.18.37
[2020.11.02-00.18.37:752][100]LogWorld: Bringing up level for play took: 0.001578
[2020.11.02-00.18.37:753][100]LogNavigation: Warning: Was not able to create navigation data for SupportedAgent[0]: Default
[2020.11.02-00.18.37:754][100]LogLoad: Took 0.116375 seconds to LoadMap(/Game/Levels/UEDPIE_1_TestingMap)
[2020.11.02-00.18.37:784][101]LogNet: Client netspeed is 10000
[2020.11.02-00.18.37:784][101]LogNet: Join request: /Game/Levels/TestingMap?Name=Razer-Blade-2017-20A29D814DF8972E53B964864E8BC927?SplitscreenCount=1
[2020.11.02-00.18.37:785][101]LogOnlineSession: Warning: OSS: No game present to join for session (GameSession)
[2020.11.02-00.18.37:794][101]LogRenderer: Reallocating scene render targets to support 1280x720 Format 10 NumSamples 1 (Frame:1).
[2020.11.02-00.18.37:795][101]LogGameMode: Display: Match State Changed from WaitingToStart to InProgress
[2020.11.02-00.18.37:798][101]LogGameState: Match State Changed from WaitingToStart to InProgress
[2020.11.02-00.18.37:798][101]LogNet: Join succeeded: Razer-Blade-2017-20A
[2020.11.02-00.18.37:799][101]LogNet: Client netspeed is 10000
[2020.11.02-00.18.37:799][101]LogNet: Join request: /Game/Levels/TestingMap?Name=Razer-Blade-2017-6AD8C690454782A56B4F7EAFFEEA8D93?SplitscreenCount=1
[2020.11.02-00.18.37:799][101]LogOnlineSession: Warning: OSS: No game present to join for session (GameSession)
[2020.11.02-00.18.37:802][101]LogNet: Join succeeded: Razer-Blade-2017-6AD
[2020.11.02-00.18.38:177][118]LogOnlineSession: Warning: OSS: No game present to join for session (GameSession)
[2020.11.02-00.18.38:276][124]LogOnlineSession: Warning: OSS: No game present to join for session (GameSession)
[2020.11.02-00.18.38:311][126]LogTemp: Warning: X=1000.000 Y=-250.000 Z=50.000
[2020.11.02-00.18.38:316][126]LogTemp: Warning: HealthBar set to: 1.000000
[2020.11.02-00.18.38:337][127]LogOnlineSession: Warning: OSS: No game present to join for session (GameSession)
[2020.11.02-00.18.38:392][130]LogTemp: Warning: X=1000.000 Y=-250.000 Z=50.000
[2020.11.02-00.18.38:395][130]LogTemp: Warning: HealthBar set to: 1.000000
[2020.11.02-00.18.38:414][131]LogOnlineSession: Warning: OSS: No game present to join for session (GameSession)
[2020.11.02-00.21.01:323][136]LogNet: UNetDriver::TickDispatch: Very long time between ticks. DeltaTime: 0.02, Realtime: 142.84. IpNetDriver_2
[2020.11.02-00.21.01:465][137]LogNet: UNetDriver::TickDispatch: Very long time between ticks. DeltaTime: 142.87, Realtime: 142.97. IpNetDriver_0
[2020.11.02-00.21.01:468][137]LogNet: UNetDriver::TickDispatch: Very long time between ticks. DeltaTime: 142.87, Realtime: 142.97. IpNetDriver_1
[2020.11.02-00.21.01:471][137]LogNet: UNetDriver::TickDispatch: Very long time between ticks. DeltaTime: 142.87, Realtime: 0.15. IpNetDriver_2
[2020.11.02-00.21.06:702][139]LogWindows: Error: === Critical error: ===
[2020.11.02-00.21.06:702][139]LogWindows: Error: 
[2020.11.02-00.21.06:702][139]LogWindows: Error: Fatal error!
[2020.11.02-00.21.06:702][139]LogWindows: Error: 
[2020.11.02-00.21.06:703][139]LogWindows: Error: Unhandled Exception: EXCEPTION_ACCESS_VIOLATION reading address 0x00000097
[2020.11.02-00.21.06:710][139]LogWindows: Error: 
[2020.11.02-00.21.06:710][139]LogWindows: Error: [Callstack] 0x00007ffb1633627a UE4Editor-AdvGamesProgramming-0002.dll!USpawnerComponent::StartSpawn() [C:\Users\Pog\Documents\School\Year 4\Sem 2\AdvancedGames\Assignment 2\Git\AdvGamesProgramming\GameFiles\Source\AdvGamesProgramming\SpawnerComponent.cpp:48]
[2020.11.02-00.21.06:711][139]LogWindows: Error: [Callstack] 0x00007ffb16336d9e UE4Editor-AdvGamesProgramming-0002.dll!ASpawnerManager::TrySpawn() [C:\Users\Pog\Documents\School\Year 4\Sem 2\AdvancedGames\Assignment 2\Git\AdvGamesProgramming\GameFiles\Source\AdvGamesProgramming\SpawnerManager.cpp:53]
[2020.11.02-00.21.06:713][139]LogWindows: Error: [Callstack] 0x00007ffb295b1019 UE4Editor-Engine.dll!UnknownFunction []
[2020.11.02-00.21.06:714][139]LogWindows: Error: [Callstack] 0x00007ffb295e3bbd UE4Editor-Engine.dll!UnknownFunction []
[2020.11.02-00.21.06:719][139]LogWindows: Error: [Callstack] 0x00007ffb28d66839 UE4Editor-Engine.dll!UnknownFunction []
[2020.11.02-00.21.06:722][139]LogWindows: Error: [Callstack] 0x00007ffb25c7ad60 UE4Editor-UnrealEd.dll!UnknownFunction []
[2020.11.02-00.21.06:722][139]LogWindows: Error: [Callstack] 0x00007ffb264de476 UE4Editor-UnrealEd.dll!UnknownFunction []
[2020.11.02-00.21.06:726][139]LogWindows: Error: [Callstack] 0x00007ff7b2127f62 UE4Editor.exe!UnknownFunction []
[2020.11.02-00.21.06:726][139]LogWindows: Error: [Callstack] 0x00007ff7b213c3ec UE4Editor.exe!UnknownFunction []
[2020.11.02-00.21.06:726][139]LogWindows: Error: [Callstack] 0x00007ff7b213c4ca UE4Editor.exe!UnknownFunction []
[2020.11.02-00.21.06:726][139]LogWindows: Error: [Callstack] 0x00007ff7b214ceae UE4Editor.exe!UnknownFunction []
[2020.11.02-00.21.06:727][139]LogWindows: Error: [Callstack] 0x00007ff7b214fcbe UE4Editor.exe!UnknownFunction []
[2020.11.02-00.21.06:727][139]LogWindows: Error: [Callstack] 0x00007ffbcac77bd4 KERNEL32.DLL!UnknownFunction []
[2020.11.02-00.21.06:727][139]LogWindows: Error: [Callstack] 0x00007ffbcb54ce51 ntdll.dll!UnknownFunction []
[2020.11.02-00.21.06:728][139]LogWindows: Error: 
[2020.11.02-00.21.06:767][139]LogExit: Executing StaticShutdownAfterError
[2020.11.02-00.21.06:802][139]LogWindows: FPlatformMisc::RequestExit(1)
[2020.11.02-00.21.06:803][139]LogCore: Engine exit requested (reason: Win RequestExit)
[2020.11.02-00.21.06:810][139]Log file closed, 11/02/20 11:21:06
