Log file open, 11/01/20 12:41:49
LogWindows: Failed to load 'aqProf.dll' (GetLastError=126)
LogWindows: File 'aqProf.dll' does not exist
LogWindows: Failed to load 'VtuneApi.dll' (GetLastError=126)
LogWindows: File 'VtuneApi.dll' does not exist
LogWindows: Failed to load 'VtuneApi32e.dll' (GetLastError=126)
LogWindows: File 'VtuneApi32e.dll' does not exist
LogConsoleResponse: Display: Failed to find resolution value strings in scalability ini. Falling back to default.
LogInit: Display: Running engine for game: AdvGamesProgramming
LogPlatformFile: Not using cached read wrapper
LogTaskGraph: Started task graph with 5 named threads and 23 total threads with 3 sets of task threads.
LogStats: Stats thread started at 0.181349
LogD3D11RHI: Loaded GFSDK_Aftermath_Lib.x64.dll
LogICUInternationalization: ICU TimeZone Detection - Raw Offset: +10:00, Platform Override: ''
LogPluginManager: Mounting plugin Paper2D
LogPluginManager: Mounting plugin AISupport
LogPluginManager: Mounting plugin LightPropagationVolume
LogPluginManager: Mounting plugin ActorLayerUtilities
LogPluginManager: Mounting plugin AnimationSharing
LogPluginManager: Mounting plugin CLionSourceCodeAccess
LogPluginManager: Mounting plugin CodeLiteSourceCodeAccess
LogPluginManager: Mounting plugin GitSourceControl
LogPluginManager: Mounting plugin KDevelopSourceCodeAccess
LogPluginManager: Mounting plugin NullSourceCodeAccess
LogPluginManager: Mounting plugin PerforceSourceControl
LogPluginManager: Mounting plugin PlasticSourceControl
LogPluginManager: Mounting plugin SubversionSourceControl
LogPluginManager: Mounting plugin UObjectPlugin
LogPluginManager: Mounting plugin VisualStudioCodeSourceCodeAccess
LogPluginManager: Mounting plugin VisualStudioSourceCodeAccess
LogPluginManager: Mounting plugin XCodeSourceCodeAccess
LogPluginManager: Mounting plugin AssetManagerEditor
LogPluginManager: Mounting plugin CryptoKeys
LogPluginManager: Mounting plugin CurveEditorTools
LogPluginManager: Mounting plugin DataValidation
LogPluginManager: Mounting plugin FacialAnimation
LogPluginManager: Mounting plugin GameplayTagsEditor
LogPluginManager: Mounting plugin MacGraphicsSwitching
LogPluginManager: Mounting plugin MaterialAnalyzer
LogPluginManager: Mounting plugin MobileLauncherProfileWizard
LogPluginManager: Mounting plugin PluginBrowser
LogPluginManager: Mounting plugin SpeedTreeImporter
LogPluginManager: Mounting plugin DatasmithContent
LogPluginManager: Mounting plugin VariantManagerContent
LogPluginManager: Mounting plugin AlembicImporter
LogPluginManager: Mounting plugin AutomationUtils
LogPluginManager: Mounting plugin BackChannel
LogPluginManager: Mounting plugin CharacterAI
LogPluginManager: Mounting plugin GeometryCache
LogPluginManager: Mounting plugin PlatformCrypto
LogPluginManager: Mounting plugin ProxyLODPlugin
LogPluginManager: Mounting plugin SkeletalReduction
LogPluginManager: Mounting plugin MagicLeap
LogPluginManager: Mounting plugin MagicLeapMedia
LogPluginManager: Mounting plugin MLSDK
LogPluginManager: Mounting plugin AndroidMedia
LogPluginManager: Mounting plugin AvfMedia
LogPluginManager: Mounting plugin ImgMedia
LogPluginManager: Mounting plugin MediaCompositing
LogPluginManager: Mounting plugin MediaPlayerEditor
LogPluginManager: Mounting plugin WebMMedia
LogPluginManager: Mounting plugin WmfMedia
LogPluginManager: Mounting plugin TcpMessaging
LogPluginManager: Mounting plugin UdpMessaging
LogPluginManager: Mounting plugin ActorSequence
LogPluginManager: Mounting plugin LevelSequenceEditor
LogPluginManager: Mounting plugin MatineeToLevelSequence
LogPluginManager: Mounting plugin NetcodeUnitTest
LogPluginManager: Mounting plugin NUTUnrealEngine4
LogPluginManager: Mounting plugin OnlineSubsystemGooglePlay
LogPluginManager: Mounting plugin OnlineSubsystemIOS
LogPluginManager: Mounting plugin OnlineSubsystem
LogPluginManager: Mounting plugin OnlineSubsystemNull
LogPluginManager: Mounting plugin OnlineSubsystemUtils
LogPluginManager: Mounting plugin LauncherChunkInstaller
LogPluginManager: Mounting plugin AndroidDeviceProfileSelector
LogPluginManager: Mounting plugin AndroidMoviePlayer
LogPluginManager: Mounting plugin AndroidPermission
LogPluginManager: Mounting plugin AppleImageUtils
LogPluginManager: Mounting plugin AppleMoviePlayer
LogPluginManager: Mounting plugin ArchVisCharacter
LogPluginManager: Mounting plugin AssetTags
LogPluginManager: Mounting plugin AudioCapture
LogPluginManager: Mounting plugin CableComponent
LogPluginManager: Mounting plugin CustomMeshComponent
LogPluginManager: Mounting plugin EditableMesh
LogPluginManager: Mounting plugin ExampleDeviceProfileSelector
LogPluginManager: Mounting plugin GoogleCloudMessaging
LogPluginManager: Mounting plugin IOSDeviceProfileSelector
LogPluginManager: Mounting plugin LinuxDeviceProfileSelector
LogPluginManager: Mounting plugin LocationServicesBPLibrary
LogPluginManager: Mounting plugin MobilePatchingUtils
LogPluginManager: Mounting plugin PhysXVehicles
LogPluginManager: Mounting plugin PostSplashScreen
LogPluginManager: Mounting plugin ProceduralMeshComponent
LogPluginManager: Mounting plugin RuntimePhysXCooking
LogPluginManager: Mounting plugin SignificanceManager
LogPluginManager: Mounting plugin WebMMoviePlayer
LogPluginManager: Mounting plugin WindowsMoviePlayer
LogPluginManager: Mounting plugin ScreenshotTools
LogInit: Using libcurl 7.55.1-DEV
LogInit:  - built for x86_64-pc-win32
LogInit:  - supports SSL with OpenSSL/1.1.1
LogInit:  - supports HTTP deflate (compression) using libz 1.2.8
LogInit:  - other features:
LogInit:      CURL_VERSION_SSL
LogInit:      CURL_VERSION_LIBZ
LogInit:      CURL_VERSION_IPV6
LogInit:      CURL_VERSION_ASYNCHDNS
LogInit:      CURL_VERSION_LARGEFILE
LogInit:      CURL_VERSION_IDN
LogInit:  CurlRequestOptions (configurable via config and command line):
LogInit:  - bVerifyPeer = true  - Libcurl will verify peer certificate
LogInit:  - bUseHttpProxy = false  - Libcurl will NOT use HTTP proxy
LogInit:  - bDontReuseConnections = false  - Libcurl will reuse connections
LogInit:  - MaxHostConnections = 16  - Libcurl will limit the number of connections to a host
LogInit:  - LocalHostAddr = Default
LogInit:  - BufferSize = 65536
LogOnline: OSS: Creating online subsystem instance for: NULL
LogInit: WinSock: version 1.1 (2.2), MaxSocks=32767, MaxUdp=65467
LogOnline: OSS: TryLoadSubsystemAndSetDefault: Loaded subsystem for module [NULL]
LogInit: Build: ++UE4+Release-4.24-CL-11590370
LogInit: Engine Version: 4.24.3-11590370+++UE4+Release-4.24
LogInit: Compatible Engine Version: 4.24.0-10570792+++UE4+Release-4.24
LogInit: Net CL: 10570792
LogInit: OS: Windows 10 (Release 1903) (), CPU: Intel(R) Core(TM) i7-8565U CPU @ 1.80GHz, GPU: Intel(R) UHD Graphics 620
LogInit: Compiled (64-bit): Feb 24 2020 15:39:18
LogInit: Compiled with Visual C++: 19.16.27032.01
LogInit: Build Configuration: DebugGame
LogInit: Branch Name: ++UE4+Release-4.24
LogInit: Command Line:  -skipcompile
LogInit: Base Directory: C:/Program Files/Epic Games/UE_4.24/Engine/Binaries/Win64/
LogInit: Installed Engine Build: 1
LogDevObjectVersion: Number of dev versions registered: 25
LogDevObjectVersion:   Dev-Blueprints (B0D832E4-1F89-4F0D-ACCF-7EB736FD4AA2): 10
LogDevObjectVersion:   Dev-Build (E1C64328-A22C-4D53-A36C-8E866417BD8C): 0
LogDevObjectVersion:   Dev-Core (375EC13C-06E4-48FB-B500-84F0262A717E): 3
LogDevObjectVersion:   Dev-Editor (E4B068ED-F494-42E9-A231-DA0B2E46BB41): 37
LogDevObjectVersion:   Dev-Framework (CFFC743F-43B0-4480-9391-14DF171D2073): 36
LogDevObjectVersion:   Dev-Mobile (B02B49B5-BB20-44E9-A304-32B752E40360): 2
LogDevObjectVersion:   Dev-Networking (A4E4105C-59A1-49B5-A7C5-40C4547EDFEE): 0
LogDevObjectVersion:   Dev-Online (39C831C9-5AE6-47DC-9A44-9C173E1C8E7C): 0
LogDevObjectVersion:   Dev-Physics (78F01B33-EBEA-4F98-B9B4-84EACCB95AA2): 2
LogDevObjectVersion:   Dev-Platform (6631380F-2D4D-43E0-8009-CF276956A95A): 0
LogDevObjectVersion:   Dev-Rendering (12F88B9F-8875-4AFC-A67C-D90C383ABD29): 36
LogDevObjectVersion:   Dev-Sequencer (7B5AE74C-D270-4C10-A958-57980B212A5A): 11
LogDevObjectVersion:   Dev-VR (D7296918-1DD6-4BDD-9DE2-64A83CC13884): 2
LogDevObjectVersion:   Dev-LoadTimes (C2A15278-BFE7-4AFE-6C17-90FF531DF755): 1
LogDevObjectVersion:   Private-Geometry (6EACA3D4-40EC-4CC1-B786-8BED09428FC5): 3
LogDevObjectVersion:   Dev-AnimPhys (29E575DD-E0A3-4627-9D10-D276232CDCEA): 17
LogDevObjectVersion:   Dev-Anim (AF43A65D-7FD3-4947-9873-3E8ED9C1BB05): 2
LogDevObjectVersion:   Dev-ReflectionCapture (6B266CEC-1EC7-4B8F-A30B-E4D90942FC07): 1
LogDevObjectVersion:   Dev-Automation (0DF73D61-A23F-47EA-B727-89E90C41499A): 1
LogDevObjectVersion:   FortniteMain (601D1886-AC64-4F84-AA16-D3DE0DEAC7D6): 31
LogDevObjectVersion:   Dev-Enterprise (9DFFBCD6-494F-0158-E221-12823C92A888): 8
LogDevObjectVersion:   Dev-Niagara (F2AED0AC-9AFE-416F-8664-AA7FFA26D6FC): 1
LogDevObjectVersion:   Dev-Destruction (174F1F0B-B4C6-45A5-B13F-2EE8D0FB917D): 9
LogDevObjectVersion:   Dev-Physics-Ext (35F94A83-E258-406C-A318-09F59610247C): 8
LogDevObjectVersion:   Dev-CineCamera (B2E18506-4273-CFC2-A54E-F4BB758BBA07): 1
LogInit: Presizing for max 25165824 objects, including 0 objects not considered by GC, pre-allocating 0 bytes for permanent pool.
LogInit: Object subsystem initialized
LogConfig: Setting CVar [[con.DebugEarlyDefault:1]]
LogConfig: Setting CVar [[r.setres:1280x720]]
[2020.11.01-01.41.50:799][  0]LogConfig: Setting CVar [[r.VSync:0]]
[2020.11.01-01.41.50:799][  0]LogConfig: Setting CVar [[r.RHICmdBypass:0]]
[2020.11.01-01.41.50:799][  0]LogConfig: Applying CVar settings from Section [/Script/Engine.RendererSettings] File [C:/Users/wlsgn/Documents/Unreal Projects/Proj/AdvGamesProgramming/GameFiles/Saved/Config/Windows/Engine.ini]
[2020.11.01-01.41.50:799][  0]LogConfig: Setting CVar [[r.GPUCrashDebugging:0]]
[2020.11.01-01.41.50:799][  0]LogConfig: Setting CVar [[r.DBuffer:1]]
[2020.11.01-01.41.50:799][  0]LogConfig: Setting CVar [[r.EarlyZPass:2]]
[2020.11.01-01.41.50:799][  0]LogConfig: Setting CVar [[r.EarlyZPassOnlyMaterialMasking:1]]
[2020.11.01-01.41.50:799][  0]LogConfig: Applying CVar settings from Section [/Script/Engine.RendererOverrideSettings] File [C:/Users/wlsgn/Documents/Unreal Projects/Proj/AdvGamesProgramming/GameFiles/Saved/Config/Windows/Engine.ini]
[2020.11.01-01.41.50:799][  0]LogConfig: Applying CVar settings from Section [/Script/Engine.StreamingSettings] File [C:/Users/wlsgn/Documents/Unreal Projects/Proj/AdvGamesProgramming/GameFiles/Saved/Config/Windows/Engine.ini]
[2020.11.01-01.41.50:799][  0]LogConfig: Setting CVar [[s.MinBulkDataSizeForAsyncLoading:131072]]
[2020.11.01-01.41.50:800][  0]LogConfig: Setting CVar [[s.AsyncLoadingThreadEnabled:0]]
[2020.11.01-01.41.50:800][  0]LogConfig: Setting CVar [[s.EventDrivenLoaderEnabled:1]]
[2020.11.01-01.41.50:800][  0]LogConfig: Setting CVar [[s.WarnIfTimeLimitExceeded:0]]
[2020.11.01-01.41.50:800][  0]LogConfig: Setting CVar [[s.TimeLimitExceededMultiplier:1.5]]
[2020.11.01-01.41.50:800][  0]LogConfig: Setting CVar [[s.TimeLimitExceededMinTime:0.005]]
[2020.11.01-01.41.50:800][  0]LogConfig: Setting CVar [[s.UseBackgroundLevelStreaming:1]]
[2020.11.01-01.41.50:800][  0]LogConfig: Setting CVar [[s.PriorityAsyncLoadingExtraTime:15.0]]
[2020.11.01-01.41.50:800][  0]LogConfig: Setting CVar [[s.LevelStreamingActorsUpdateTimeLimit:5.0]]
[2020.11.01-01.41.50:800][  0]LogConfig: Setting CVar [[s.PriorityLevelStreamingActorsUpdateExtraTime:5.0]]
[2020.11.01-01.41.50:800][  0]LogConfig: Setting CVar [[s.LevelStreamingComponentsRegistrationGranularity:10]]
[2020.11.01-01.41.50:800][  0]LogConfig: Setting CVar [[s.UnregisterComponentsTimeLimit:1.0]]
[2020.11.01-01.41.50:800][  0]LogConfig: Setting CVar [[s.LevelStreamingComponentsUnregistrationGranularity:5]]
[2020.11.01-01.41.50:800][  0]LogConfig: Setting CVar [[s.FlushStreamingOnExit:1]]
[2020.11.01-01.41.50:800][  0]LogConfig: Applying CVar settings from Section [/Script/Engine.GarbageCollectionSettings] File [C:/Users/wlsgn/Documents/Unreal Projects/Proj/AdvGamesProgramming/GameFiles/Saved/Config/Windows/Engine.ini]
[2020.11.01-01.41.50:801][  0]LogConfig: Setting CVar [[gc.MaxObjectsNotConsideredByGC:1]]
[2020.11.01-01.41.50:801][  0]LogConfig: Setting CVar [[gc.SizeOfPermanentObjectPool:0]]
[2020.11.01-01.41.50:801][  0]LogConfig: Setting CVar [[gc.FlushStreamingOnGC:0]]
[2020.11.01-01.41.50:801][  0]LogConfig: Setting CVar [[gc.NumRetriesBeforeForcingGC:10]]
[2020.11.01-01.41.50:801][  0]LogConfig: Setting CVar [[gc.AllowParallelGC:1]]
[2020.11.01-01.41.50:801][  0]LogConfig: Setting CVar [[gc.TimeBetweenPurgingPendingKillObjects:61.1]]
[2020.11.01-01.41.50:801][  0]LogConfig: Setting CVar [[gc.MaxObjectsInEditor:25165824]]
[2020.11.01-01.41.50:801][  0]LogConfig: Setting CVar [[gc.IncrementalBeginDestroyEnabled:1]]
[2020.11.01-01.41.50:801][  0]LogConfig: Setting CVar [[gc.CreateGCClusters:1]]
[2020.11.01-01.41.50:801][  0]LogConfig: Setting CVar [[gc.MinGCClusterSize:5]]
[2020.11.01-01.41.50:801][  0]LogConfig: Setting CVar [[gc.ActorClusteringEnabled:0]]
[2020.11.01-01.41.50:801][  0]LogConfig: Setting CVar [[gc.BlueprintClusteringEnabled:0]]
[2020.11.01-01.41.50:801][  0]LogConfig: Setting CVar [[gc.UseDisregardForGCOnDedicatedServers:0]]
[2020.11.01-01.41.50:801][  0]LogConfig: Applying CVar settings from Section [/Script/Engine.NetworkSettings] File [C:/Users/wlsgn/Documents/Unreal Projects/Proj/AdvGamesProgramming/GameFiles/Saved/Config/Windows/Engine.ini]
[2020.11.01-01.41.50:802][  0]LogConfig: Applying CVar settings from Section [/Script/UnrealEd.CookerSettings] File [C:/Users/wlsgn/Documents/Unreal Projects/Proj/AdvGamesProgramming/GameFiles/Saved/Config/Windows/Engine.ini]
[2020.11.01-01.41.50:823][  0]LogConfig: Applying CVar settings from Section [ViewDistanceQuality@3] File [C:/Users/wlsgn/Documents/Unreal Projects/Proj/AdvGamesProgramming/GameFiles/Saved/Config/Windows/Scalability.ini]
[2020.11.01-01.41.50:823][  0]LogConfig: Setting CVar [[r.SkeletalMeshLODBias:0]]
[2020.11.01-01.41.50:823][  0]LogConfig: Setting CVar [[r.ViewDistanceScale:1.0]]
[2020.11.01-01.41.50:824][  0]LogConfig: Applying CVar settings from Section [AntiAliasingQuality@3] File [C:/Users/wlsgn/Documents/Unreal Projects/Proj/AdvGamesProgramming/GameFiles/Saved/Config/Windows/Scalability.ini]
[2020.11.01-01.41.50:824][  0]LogConfig: Setting CVar [[r.PostProcessAAQuality:4]]
[2020.11.01-01.41.50:824][  0]LogConfig: Applying CVar settings from Section [ShadowQuality@3] File [C:/Users/wlsgn/Documents/Unreal Projects/Proj/AdvGamesProgramming/GameFiles/Saved/Config/Windows/Scalability.ini]
[2020.11.01-01.41.50:824][  0]LogConfig: Setting CVar [[r.LightFunctionQuality:1]]
[2020.11.01-01.41.50:824][  0]LogConfig: Setting CVar [[r.ShadowQuality:5]]
[2020.11.01-01.41.50:824][  0]LogConfig: Setting CVar [[r.Shadow.CSM.MaxCascades:10]]
[2020.11.01-01.41.50:824][  0]LogConfig: Setting CVar [[r.Shadow.MaxResolution:2048]]
[2020.11.01-01.41.50:824][  0]LogConfig: Setting CVar [[r.Shadow.MaxCSMResolution:2048]]
[2020.11.01-01.41.50:824][  0]LogConfig: Setting CVar [[r.Shadow.RadiusThreshold:0.01]]
[2020.11.01-01.41.50:824][  0]LogConfig: Setting CVar [[r.Shadow.DistanceScale:1.0]]
[2020.11.01-01.41.50:825][  0]LogConfig: Setting CVar [[r.Shadow.CSM.TransitionScale:1.0]]
[2020.11.01-01.41.50:825][  0]LogConfig: Setting CVar [[r.Shadow.PreShadowResolutionFactor:1.0]]
[2020.11.01-01.41.50:825][  0]LogConfig: Setting CVar [[r.DistanceFieldShadowing:1]]
[2020.11.01-01.41.50:825][  0]LogConfig: Setting CVar [[r.DistanceFieldAO:1]]
[2020.11.01-01.41.50:825][  0]LogConfig: Setting CVar [[r.AOQuality:2]]
[2020.11.01-01.41.50:825][  0]LogConfig: Setting CVar [[r.VolumetricFog:1]]
[2020.11.01-01.41.50:825][  0]LogConfig: Setting CVar [[r.VolumetricFog.GridPixelSize:8]]
[2020.11.01-01.41.50:825][  0]LogConfig: Setting CVar [[r.VolumetricFog.GridSizeZ:128]]
[2020.11.01-01.41.50:825][  0]LogConfig: Setting CVar [[r.VolumetricFog.HistoryMissSupersampleCount:4]]
[2020.11.01-01.41.50:825][  0]LogConfig: Setting CVar [[r.LightMaxDrawDistanceScale:1]]
[2020.11.01-01.41.50:825][  0]LogConfig: Setting CVar [[r.CapsuleShadows:1]]
[2020.11.01-01.41.50:825][  0]LogConfig: Applying CVar settings from Section [PostProcessQuality@3] File [C:/Users/wlsgn/Documents/Unreal Projects/Proj/AdvGamesProgramming/GameFiles/Saved/Config/Windows/Scalability.ini]
[2020.11.01-01.41.50:826][  0]LogConfig: Setting CVar [[r.MotionBlurQuality:4]]
[2020.11.01-01.41.50:826][  0]LogConfig: Setting CVar [[r.AmbientOcclusionMipLevelFactor:0.4]]
[2020.11.01-01.41.50:826][  0]LogConfig: Setting CVar [[r.AmbientOcclusionMaxQuality:100]]
[2020.11.01-01.41.50:826][  0]LogConfig: Setting CVar [[r.AmbientOcclusionLevels:-1]]
[2020.11.01-01.41.50:826][  0]LogConfig: Setting CVar [[r.AmbientOcclusionRadiusScale:1.0]]
[2020.11.01-01.41.50:826][  0]LogConfig: Setting CVar [[r.DepthOfFieldQuality:2]]
[2020.11.01-01.41.50:826][  0]LogConfig: Setting CVar [[r.RenderTargetPoolMin:400]]
[2020.11.01-01.41.50:826][  0]LogConfig: Setting CVar [[r.LensFlareQuality:2]]
[2020.11.01-01.41.50:826][  0]LogConfig: Setting CVar [[r.SceneColorFringeQuality:1]]
[2020.11.01-01.41.50:826][  0]LogConfig: Setting CVar [[r.EyeAdaptationQuality:2]]
[2020.11.01-01.41.50:826][  0]LogConfig: Setting CVar [[r.BloomQuality:5]]
[2020.11.01-01.41.50:826][  0]LogConfig: Setting CVar [[r.FastBlurThreshold:100]]
[2020.11.01-01.41.50:827][  0]LogConfig: Setting CVar [[r.Upscale.Quality:3]]
[2020.11.01-01.41.50:827][  0]LogConfig: Setting CVar [[r.Tonemapper.GrainQuantization:1]]
[2020.11.01-01.41.50:827][  0]LogConfig: Setting CVar [[r.LightShaftQuality:1]]
[2020.11.01-01.41.50:827][  0]LogConfig: Setting CVar [[r.Filter.SizeScale:1]]
[2020.11.01-01.41.50:827][  0]LogConfig: Setting CVar [[r.Tonemapper.Quality:5]]
[2020.11.01-01.41.50:827][  0]LogConfig: Setting CVar [[r.DOF.Gather.AccumulatorQuality:1        ; higher gathering accumulator quality]]
[2020.11.01-01.41.50:827][  0]LogConfig: Setting CVar [[r.DOF.Gather.PostfilterMethod:1          ; Median3x3 postfilering method]]
[2020.11.01-01.41.50:827][  0]LogConfig: Setting CVar [[r.DOF.Gather.EnableBokehSettings:0       ; no bokeh simulation when gathering]]
[2020.11.01-01.41.50:827][  0]LogConfig: Setting CVar [[r.DOF.Gather.RingCount:4                 ; medium number of samples when gathering]]
[2020.11.01-01.41.50:827][  0]LogConfig: Setting CVar [[r.DOF.Scatter.ForegroundCompositing:1    ; additive foreground scattering]]
[2020.11.01-01.41.50:827][  0]LogConfig: Setting CVar [[r.DOF.Scatter.BackgroundCompositing:2    ; additive background scattering]]
[2020.11.01-01.41.50:827][  0]LogConfig: Setting CVar [[r.DOF.Scatter.EnableBokehSettings:1      ; bokeh simulation when scattering]]
[2020.11.01-01.41.50:827][  0]LogConfig: Setting CVar [[r.DOF.Scatter.MaxSpriteRatio:0.1         ; only a maximum of 10% of scattered bokeh]]
[2020.11.01-01.41.50:828][  0]LogConfig: Setting CVar [[r.DOF.Recombine.Quality:1                ; cheap slight out of focus]]
[2020.11.01-01.41.50:828][  0]LogConfig: Setting CVar [[r.DOF.Recombine.EnableBokehSettings:0    ; no bokeh simulation on slight out of focus]]
[2020.11.01-01.41.50:828][  0]LogConfig: Setting CVar [[r.DOF.TemporalAAQuality:1                ; more stable temporal accumulation]]
[2020.11.01-01.41.50:828][  0]LogConfig: Setting CVar [[r.DOF.Kernel.MaxForegroundRadius:0.025]]
[2020.11.01-01.41.50:828][  0]LogConfig: Setting CVar [[r.DOF.Kernel.MaxBackgroundRadius:0.025]]
[2020.11.01-01.41.50:828][  0]LogConfig: Applying CVar settings from Section [TextureQuality@3] File [C:/Users/wlsgn/Documents/Unreal Projects/Proj/AdvGamesProgramming/GameFiles/Saved/Config/Windows/Scalability.ini]
[2020.11.01-01.41.50:828][  0]LogConfig: Setting CVar [[r.Streaming.MipBias:0]]
[2020.11.01-01.41.50:828][  0]LogConfig: Setting CVar [[r.Streaming.AmortizeCPUToGPUCopy:0]]
[2020.11.01-01.41.50:828][  0]LogConfig: Setting CVar [[r.Streaming.MaxNumTexturesToStreamPerFrame:0]]
[2020.11.01-01.41.50:828][  0]LogConfig: Setting CVar [[r.Streaming.Boost:1]]
[2020.11.01-01.41.50:828][  0]LogConfig: Setting CVar [[r.MaxAnisotropy:8]]
[2020.11.01-01.41.50:828][  0]LogConfig: Setting CVar [[r.VT.MaxAnisotropy:8]]
[2020.11.01-01.41.50:828][  0]LogConfig: Setting CVar [[r.Streaming.LimitPoolSizeToVRAM:0]]
[2020.11.01-01.41.50:828][  0]LogConfig: Setting CVar [[r.Streaming.PoolSize:1000]]
[2020.11.01-01.41.50:829][  0]LogConfig: Setting CVar [[r.Streaming.MaxEffectiveScreenSize:0]]
[2020.11.01-01.41.50:829][  0]LogConfig: Applying CVar settings from Section [EffectsQuality@3] File [C:/Users/wlsgn/Documents/Unreal Projects/Proj/AdvGamesProgramming/GameFiles/Saved/Config/Windows/Scalability.ini]
[2020.11.01-01.41.50:829][  0]LogConfig: Setting CVar [[r.TranslucencyLightingVolumeDim:64]]
[2020.11.01-01.41.50:829][  0]LogConfig: Setting CVar [[r.RefractionQuality:2]]
[2020.11.01-01.41.50:829][  0]LogConfig: Setting CVar [[r.SSR.Quality:3]]
[2020.11.01-01.41.50:829][  0]LogConfig: Setting CVar [[r.SSR.HalfResSceneColor:0]]
[2020.11.01-01.41.50:829][  0]LogConfig: Setting CVar [[r.SceneColorFormat:4]]
[2020.11.01-01.41.50:829][  0]LogConfig: Setting CVar [[r.DetailMode:2]]
[2020.11.01-01.41.50:829][  0]LogConfig: Setting CVar [[r.TranslucencyVolumeBlur:1]]
[2020.11.01-01.41.50:829][  0]LogConfig: Setting CVar [[r.MaterialQualityLevel:1 ; High quality]]
[2020.11.01-01.41.50:829][  0]LogConfig: Setting CVar [[r.SSS.Scale:1]]
[2020.11.01-01.41.50:829][  0]LogConfig: Setting CVar [[r.SSS.SampleSet:2]]
[2020.11.01-01.41.50:829][  0]LogConfig: Setting CVar [[r.SSS.Quality:1]]
[2020.11.01-01.41.50:829][  0]LogConfig: Setting CVar [[r.SSS.HalfRes:1]]
[2020.11.01-01.41.50:830][  0]LogConfig: Setting CVar [[r.SSGI.Quality:3]]
[2020.11.01-01.41.50:830][  0]LogConfig: Setting CVar [[r.EmitterSpawnRateScale:1.0]]
[2020.11.01-01.41.50:830][  0]LogConfig: Setting CVar [[r.ParticleLightQuality:2]]
[2020.11.01-01.41.50:830][  0]LogConfig: Setting CVar [[r.SkyAtmosphere.AerialPerspectiveLUT.FastApplyOnOpaque:1 ; Always have FastSkyLUT 1 in this case to avoid wrong sky]]
[2020.11.01-01.41.50:830][  0]LogConfig: Setting CVar [[r.SkyAtmosphere.AerialPerspectiveLUT.SampleCountPerSlice:1]]
[2020.11.01-01.41.50:830][  0]LogConfig: Setting CVar [[r.SkyAtmosphere.AerialPerspectiveLUT.DepthResolution:16.0]]
[2020.11.01-01.41.50:830][  0]LogConfig: Setting CVar [[r.SkyAtmosphere.FastSkyLUT:1]]
[2020.11.01-01.41.50:830][  0]LogConfig: Setting CVar [[r.SkyAtmosphere.FastSkyLUT.SampleCountMin:4.0]]
[2020.11.01-01.41.50:830][  0]LogConfig: Setting CVar [[r.SkyAtmosphere.FastSkyLUT.SampleCountMax:32.0]]
[2020.11.01-01.41.50:830][  0]LogConfig: Setting CVar [[r.SkyAtmosphere.SampleCountMin:4.0]]
[2020.11.01-01.41.50:830][  0]LogConfig: Setting CVar [[r.SkyAtmosphere.SampleCountMax:32.0]]
[2020.11.01-01.41.50:830][  0]LogConfig: Setting CVar [[r.SkyAtmosphere.TransmittanceLUT.UseSmallFormat:0]]
[2020.11.01-01.41.50:830][  0]LogConfig: Setting CVar [[r.SkyAtmosphere.TransmittanceLUT.SampleCount:10.0]]
[2020.11.01-01.41.50:830][  0]LogConfig: Setting CVar [[r.SkyAtmosphere.MultiScatteringLUT.SampleCount:15.0]]
[2020.11.01-01.41.50:831][  0]LogConfig: Applying CVar settings from Section [FoliageQuality@3] File [C:/Users/wlsgn/Documents/Unreal Projects/Proj/AdvGamesProgramming/GameFiles/Saved/Config/Windows/Scalability.ini]
[2020.11.01-01.41.50:831][  0]LogConfig: Setting CVar [[foliage.DensityScale:1.0]]
[2020.11.01-01.41.50:831][  0]LogConfig: Setting CVar [[grass.DensityScale:1.0]]
[2020.11.01-01.41.50:831][  0]LogConfig: Applying CVar settings from Section [ShadingQuality@3] File [C:/Users/wlsgn/Documents/Unreal Projects/Proj/AdvGamesProgramming/GameFiles/Saved/Config/Windows/Scalability.ini]
[2020.11.01-01.41.50:831][  0]LogConfig: Setting CVar [[r.HairStrands.SkyLighting.SampleCount:16]]
[2020.11.01-01.41.50:831][  0]LogConfig: Setting CVar [[r.HairStrands.SkyLighting.JitterIntegration:0]]
[2020.11.01-01.41.50:831][  0]LogConfig: Setting CVar [[r.HairStrands.SkyAO.SampleCount:16]]
[2020.11.01-01.41.50:831][  0]LogInit: Selected Device Profile: [Windows]
[2020.11.01-01.41.50:831][  0]LogInit: Applying CVar settings loaded from the selected device profile: [Windows]
[2020.11.01-01.41.50:837][  0]LogHAL: Display: Platform has ~ 32 GB [34225496064 / 34359738368 / 32], which maps to Largest [LargestMinGB=32, LargerMinGB=12, DefaultMinGB=8, SmallerMinGB=6, SmallestMinGB=0)
[2020.11.01-01.41.50:837][  0]LogInit: Going up to parent DeviceProfile []
[2020.11.01-01.41.50:838][  0]LogConfig: Applying CVar settings from Section [ViewDistanceQuality@3] File [C:/Users/wlsgn/Documents/Unreal Projects/Proj/AdvGamesProgramming/GameFiles/Saved/Config/Windows/Scalability.ini]
[2020.11.01-01.41.50:838][  0]LogConfig: Setting CVar [[r.SkeletalMeshLODBias:0]]
[2020.11.01-01.41.50:838][  0]LogConfig: Setting CVar [[r.ViewDistanceScale:1.0]]
[2020.11.01-01.41.50:838][  0]LogConfig: Applying CVar settings from Section [AntiAliasingQuality@3] File [C:/Users/wlsgn/Documents/Unreal Projects/Proj/AdvGamesProgramming/GameFiles/Saved/Config/Windows/Scalability.ini]
[2020.11.01-01.41.50:838][  0]LogConfig: Setting CVar [[r.PostProcessAAQuality:4]]
[2020.11.01-01.41.50:838][  0]LogConfig: Applying CVar settings from Section [ShadowQuality@3] File [C:/Users/wlsgn/Documents/Unreal Projects/Proj/AdvGamesProgramming/GameFiles/Saved/Config/Windows/Scalability.ini]
[2020.11.01-01.41.50:838][  0]LogConfig: Setting CVar [[r.LightFunctionQuality:1]]
[2020.11.01-01.41.50:838][  0]LogConfig: Setting CVar [[r.ShadowQuality:5]]
[2020.11.01-01.41.50:838][  0]LogConfig: Setting CVar [[r.Shadow.CSM.MaxCascades:10]]
[2020.11.01-01.41.50:838][  0]LogConfig: Setting CVar [[r.Shadow.MaxResolution:2048]]
[2020.11.01-01.41.50:838][  0]LogConfig: Setting CVar [[r.Shadow.MaxCSMResolution:2048]]
[2020.11.01-01.41.50:838][  0]LogConfig: Setting CVar [[r.Shadow.RadiusThreshold:0.01]]
[2020.11.01-01.41.50:839][  0]LogConfig: Setting CVar [[r.Shadow.DistanceScale:1.0]]
[2020.11.01-01.41.50:839][  0]LogConfig: Setting CVar [[r.Shadow.CSM.TransitionScale:1.0]]
[2020.11.01-01.41.50:839][  0]LogConfig: Setting CVar [[r.Shadow.PreShadowResolutionFactor:1.0]]
[2020.11.01-01.41.50:839][  0]LogConfig: Setting CVar [[r.DistanceFieldShadowing:1]]
[2020.11.01-01.41.50:839][  0]LogConfig: Setting CVar [[r.DistanceFieldAO:1]]
[2020.11.01-01.41.50:839][  0]LogConfig: Setting CVar [[r.AOQuality:2]]
[2020.11.01-01.41.50:839][  0]LogConfig: Setting CVar [[r.VolumetricFog:1]]
[2020.11.01-01.41.50:839][  0]LogConfig: Setting CVar [[r.VolumetricFog.GridPixelSize:8]]
[2020.11.01-01.41.50:839][  0]LogConfig: Setting CVar [[r.VolumetricFog.GridSizeZ:128]]
[2020.11.01-01.41.50:839][  0]LogConfig: Setting CVar [[r.VolumetricFog.HistoryMissSupersampleCount:4]]
[2020.11.01-01.41.50:839][  0]LogConfig: Setting CVar [[r.LightMaxDrawDistanceScale:1]]
[2020.11.01-01.41.50:839][  0]LogConfig: Setting CVar [[r.CapsuleShadows:1]]
[2020.11.01-01.41.50:839][  0]LogConfig: Applying CVar settings from Section [PostProcessQuality@3] File [C:/Users/wlsgn/Documents/Unreal Projects/Proj/AdvGamesProgramming/GameFiles/Saved/Config/Windows/Scalability.ini]
[2020.11.01-01.41.50:839][  0]LogConfig: Setting CVar [[r.MotionBlurQuality:4]]
[2020.11.01-01.41.50:839][  0]LogConfig: Setting CVar [[r.AmbientOcclusionMipLevelFactor:0.4]]
[2020.11.01-01.41.50:840][  0]LogConfig: Setting CVar [[r.AmbientOcclusionMaxQuality:100]]
[2020.11.01-01.41.50:840][  0]LogConfig: Setting CVar [[r.AmbientOcclusionLevels:-1]]
[2020.11.01-01.41.50:840][  0]LogConfig: Setting CVar [[r.AmbientOcclusionRadiusScale:1.0]]
[2020.11.01-01.41.50:840][  0]LogConfig: Setting CVar [[r.DepthOfFieldQuality:2]]
[2020.11.01-01.41.50:840][  0]LogConfig: Setting CVar [[r.RenderTargetPoolMin:400]]
[2020.11.01-01.41.50:840][  0]LogConfig: Setting CVar [[r.LensFlareQuality:2]]
[2020.11.01-01.41.50:840][  0]LogConfig: Setting CVar [[r.SceneColorFringeQuality:1]]
[2020.11.01-01.41.50:840][  0]LogConfig: Setting CVar [[r.EyeAdaptationQuality:2]]
[2020.11.01-01.41.50:840][  0]LogConfig: Setting CVar [[r.BloomQuality:5]]
[2020.11.01-01.41.50:840][  0]LogConfig: Setting CVar [[r.FastBlurThreshold:100]]
[2020.11.01-01.41.50:840][  0]LogConfig: Setting CVar [[r.Upscale.Quality:3]]
[2020.11.01-01.41.50:840][  0]LogConfig: Setting CVar [[r.Tonemapper.GrainQuantization:1]]
[2020.11.01-01.41.50:840][  0]LogConfig: Setting CVar [[r.LightShaftQuality:1]]
[2020.11.01-01.41.50:840][  0]LogConfig: Setting CVar [[r.Filter.SizeScale:1]]
[2020.11.01-01.41.50:841][  0]LogConfig: Setting CVar [[r.Tonemapper.Quality:5]]
[2020.11.01-01.41.50:841][  0]LogConfig: Setting CVar [[r.DOF.Gather.AccumulatorQuality:1        ; higher gathering accumulator quality]]
[2020.11.01-01.41.50:841][  0]LogConfig: Setting CVar [[r.DOF.Gather.PostfilterMethod:1          ; Median3x3 postfilering method]]
[2020.11.01-01.41.50:841][  0]LogConfig: Setting CVar [[r.DOF.Gather.EnableBokehSettings:0       ; no bokeh simulation when gathering]]
[2020.11.01-01.41.50:841][  0]LogConfig: Setting CVar [[r.DOF.Gather.RingCount:4                 ; medium number of samples when gathering]]
[2020.11.01-01.41.50:841][  0]LogConfig: Setting CVar [[r.DOF.Scatter.ForegroundCompositing:1    ; additive foreground scattering]]
[2020.11.01-01.41.50:841][  0]LogConfig: Setting CVar [[r.DOF.Scatter.BackgroundCompositing:2    ; additive background scattering]]
[2020.11.01-01.41.50:841][  0]LogConfig: Setting CVar [[r.DOF.Scatter.EnableBokehSettings:1      ; bokeh simulation when scattering]]
[2020.11.01-01.41.50:841][  0]LogConfig: Setting CVar [[r.DOF.Scatter.MaxSpriteRatio:0.1         ; only a maximum of 10% of scattered bokeh]]
[2020.11.01-01.41.50:841][  0]LogConfig: Setting CVar [[r.DOF.Recombine.Quality:1                ; cheap slight out of focus]]
[2020.11.01-01.41.50:841][  0]LogConfig: Setting CVar [[r.DOF.Recombine.EnableBokehSettings:0    ; no bokeh simulation on slight out of focus]]
[2020.11.01-01.41.50:841][  0]LogConfig: Setting CVar [[r.DOF.TemporalAAQuality:1                ; more stable temporal accumulation]]
[2020.11.01-01.41.50:842][  0]LogConfig: Setting CVar [[r.DOF.Kernel.MaxForegroundRadius:0.025]]
[2020.11.01-01.41.50:842][  0]LogConfig: Setting CVar [[r.DOF.Kernel.MaxBackgroundRadius:0.025]]
[2020.11.01-01.41.50:842][  0]LogConfig: Applying CVar settings from Section [TextureQuality@3] File [C:/Users/wlsgn/Documents/Unreal Projects/Proj/AdvGamesProgramming/GameFiles/Saved/Config/Windows/Scalability.ini]
[2020.11.01-01.41.50:842][  0]LogConfig: Setting CVar [[r.Streaming.MipBias:0]]
[2020.11.01-01.41.50:842][  0]LogConfig: Setting CVar [[r.Streaming.AmortizeCPUToGPUCopy:0]]
[2020.11.01-01.41.50:842][  0]LogConfig: Setting CVar [[r.Streaming.MaxNumTexturesToStreamPerFrame:0]]
[2020.11.01-01.41.50:842][  0]LogConfig: Setting CVar [[r.Streaming.Boost:1]]
[2020.11.01-01.41.50:842][  0]LogConfig: Setting CVar [[r.MaxAnisotropy:8]]
[2020.11.01-01.41.50:842][  0]LogConfig: Setting CVar [[r.VT.MaxAnisotropy:8]]
[2020.11.01-01.41.50:842][  0]LogConfig: Setting CVar [[r.Streaming.LimitPoolSizeToVRAM:0]]
[2020.11.01-01.41.50:842][  0]LogConfig: Setting CVar [[r.Streaming.PoolSize:1000]]
[2020.11.01-01.41.50:842][  0]LogConfig: Setting CVar [[r.Streaming.MaxEffectiveScreenSize:0]]
[2020.11.01-01.41.50:842][  0]LogConfig: Applying CVar settings from Section [EffectsQuality@3] File [C:/Users/wlsgn/Documents/Unreal Projects/Proj/AdvGamesProgramming/GameFiles/Saved/Config/Windows/Scalability.ini]
[2020.11.01-01.41.50:842][  0]LogConfig: Setting CVar [[r.TranslucencyLightingVolumeDim:64]]
[2020.11.01-01.41.50:843][  0]LogConfig: Setting CVar [[r.RefractionQuality:2]]
[2020.11.01-01.41.50:843][  0]LogConfig: Setting CVar [[r.SSR.Quality:3]]
[2020.11.01-01.41.50:843][  0]LogConfig: Setting CVar [[r.SSR.HalfResSceneColor:0]]
[2020.11.01-01.41.50:843][  0]LogConfig: Setting CVar [[r.SceneColorFormat:4]]
[2020.11.01-01.41.50:843][  0]LogConfig: Setting CVar [[r.DetailMode:2]]
[2020.11.01-01.41.50:843][  0]LogConfig: Setting CVar [[r.TranslucencyVolumeBlur:1]]
[2020.11.01-01.41.50:843][  0]LogConfig: Setting CVar [[r.MaterialQualityLevel:1 ; High quality]]
[2020.11.01-01.41.50:843][  0]LogConfig: Setting CVar [[r.SSS.Scale:1]]
[2020.11.01-01.41.50:843][  0]LogConfig: Setting CVar [[r.SSS.SampleSet:2]]
[2020.11.01-01.41.50:843][  0]LogConfig: Setting CVar [[r.SSS.Quality:1]]
[2020.11.01-01.41.50:843][  0]LogConfig: Setting CVar [[r.SSS.HalfRes:1]]
[2020.11.01-01.41.50:843][  0]LogConfig: Setting CVar [[r.SSGI.Quality:3]]
[2020.11.01-01.41.50:843][  0]LogConfig: Setting CVar [[r.EmitterSpawnRateScale:1.0]]
[2020.11.01-01.41.50:843][  0]LogConfig: Setting CVar [[r.ParticleLightQuality:2]]
[2020.11.01-01.41.50:844][  0]LogConfig: Setting CVar [[r.SkyAtmosphere.AerialPerspectiveLUT.FastApplyOnOpaque:1 ; Always have FastSkyLUT 1 in this case to avoid wrong sky]]
[2020.11.01-01.41.50:844][  0]LogConfig: Setting CVar [[r.SkyAtmosphere.AerialPerspectiveLUT.SampleCountPerSlice:1]]
[2020.11.01-01.41.50:844][  0]LogConfig: Setting CVar [[r.SkyAtmosphere.AerialPerspectiveLUT.DepthResolution:16.0]]
[2020.11.01-01.41.50:844][  0]LogConfig: Setting CVar [[r.SkyAtmosphere.FastSkyLUT:1]]
[2020.11.01-01.41.50:844][  0]LogConfig: Setting CVar [[r.SkyAtmosphere.FastSkyLUT.SampleCountMin:4.0]]
[2020.11.01-01.41.50:844][  0]LogConfig: Setting CVar [[r.SkyAtmosphere.FastSkyLUT.SampleCountMax:32.0]]
[2020.11.01-01.41.50:844][  0]LogConfig: Setting CVar [[r.SkyAtmosphere.SampleCountMin:4.0]]
[2020.11.01-01.41.50:844][  0]LogConfig: Setting CVar [[r.SkyAtmosphere.SampleCountMax:32.0]]
[2020.11.01-01.41.50:844][  0]LogConfig: Setting CVar [[r.SkyAtmosphere.TransmittanceLUT.UseSmallFormat:0]]
[2020.11.01-01.41.50:844][  0]LogConfig: Setting CVar [[r.SkyAtmosphere.TransmittanceLUT.SampleCount:10.0]]
[2020.11.01-01.41.50:844][  0]LogConfig: Setting CVar [[r.SkyAtmosphere.MultiScatteringLUT.SampleCount:15.0]]
[2020.11.01-01.41.50:844][  0]LogConfig: Applying CVar settings from Section [FoliageQuality@3] File [C:/Users/wlsgn/Documents/Unreal Projects/Proj/AdvGamesProgramming/GameFiles/Saved/Config/Windows/Scalability.ini]
[2020.11.01-01.41.50:844][  0]LogConfig: Setting CVar [[foliage.DensityScale:1.0]]
[2020.11.01-01.41.50:844][  0]LogConfig: Setting CVar [[grass.DensityScale:1.0]]
[2020.11.01-01.41.50:845][  0]LogConfig: Applying CVar settings from Section [ShadingQuality@3] File [C:/Users/wlsgn/Documents/Unreal Projects/Proj/AdvGamesProgramming/GameFiles/Saved/Config/Windows/Scalability.ini]
[2020.11.01-01.41.50:845][  0]LogConfig: Setting CVar [[r.HairStrands.SkyLighting.SampleCount:16]]
[2020.11.01-01.41.50:845][  0]LogConfig: Setting CVar [[r.HairStrands.SkyLighting.JitterIntegration:0]]
[2020.11.01-01.41.50:845][  0]LogConfig: Setting CVar [[r.HairStrands.SkyAO.SampleCount:16]]
[2020.11.01-01.41.50:845][  0]LogConfig: Applying CVar settings from Section [Startup] File [../../../Engine/Config/ConsoleVariables.ini]
[2020.11.01-01.41.50:845][  0]LogConfig: Setting CVar [[net.UseAdaptiveNetUpdateFrequency:0]]
[2020.11.01-01.41.50:845][  0]LogConfig: Setting CVar [[p.chaos.AllowCreatePhysxBodies:1]]
[2020.11.01-01.41.50:846][  0]LogConfig: Applying CVar settings from Section [ConsoleVariables] File [C:/Users/wlsgn/Documents/Unreal Projects/Proj/AdvGamesProgramming/GameFiles/Saved/Config/Windows/Engine.ini]
[2020.11.01-01.41.50:846][  0]LogInit: Computer: DESKTOP-DOLCJVN
[2020.11.01-01.41.50:846][  0]LogInit: User: wlsgn
[2020.11.01-01.41.50:846][  0]LogInit: CPU Page size=4096, Cores=4
[2020.11.01-01.41.50:846][  0]LogInit: High frequency timer resolution =10.000000 MHz
[2020.11.01-01.41.50:846][  0]LogMemory: Memory total: Physical=31.9GB (32GB approx)
[2020.11.01-01.41.50:846][  0]LogMemory: Platform Memory Stats for Windows
[2020.11.01-01.41.50:846][  0]LogMemory: Process Physical Memory: 105.25 MB used, 105.25 MB peak
[2020.11.01-01.41.50:846][  0]LogMemory: Process Virtual Memory: 101.21 MB used, 101.21 MB peak
[2020.11.01-01.41.50:847][  0]LogMemory: Physical Memory: 9105.25 MB used,  23534.72 MB free, 32639.98 MB total
[2020.11.01-01.41.50:847][  0]LogMemory: Virtual Memory: 5134.74 MB used,  134212592.00 MB free, 134217728.00 MB total
[2020.11.01-01.41.50:859][  0]LogWindows: WindowsPlatformFeatures enabled
[2020.11.01-01.41.51:082][  0]LogInit: Overriding language with editor language configuration option (en).
[2020.11.01-01.41.51:082][  0]LogInit: Overriding locale with editor locale configuration option (en).
[2020.11.01-01.41.51:283][  0]LogInit: Setting process to per monitor DPI aware
[2020.11.01-01.41.51:447][  0]LogSlate: New Slate User Created.  User Index 0, Is Virtual User: 0
[2020.11.01-01.41.51:447][  0]LogSlate: Slate User Registered.  User Index 0, Is Virtual User: 0
[2020.11.01-01.41.51:913][  0]LogD3D11RHI: D3D11 min allowed feature level: 11_0
[2020.11.01-01.41.51:913][  0]LogD3D11RHI: D3D11 max allowed feature level: 11_0
[2020.11.01-01.41.51:913][  0]LogD3D11RHI: D3D11 adapters:
[2020.11.01-01.41.52:058][  0]LogD3D11RHI:    0. 'NVIDIA GeForce MX130' (Feature Level 11_0)
[2020.11.01-01.41.52:059][  0]LogD3D11RHI:       2010/0/16319 MB DedicatedVideo/DedicatedSystem/SharedSystem, Outputs:1, VendorId:0x10de
[2020.11.01-01.41.52:151][  0]LogD3D11RHI:    1. 'Intel(R) UHD Graphics 620' (Feature Level 11_0)
[2020.11.01-01.41.52:151][  0]LogD3D11RHI:       128/0/16319 MB DedicatedVideo/DedicatedSystem/SharedSystem, Outputs:0, VendorId:0x8086
[2020.11.01-01.41.52:160][  0]LogD3D11RHI:    2. 'Microsoft Basic Render Driver' (Feature Level 11_0)
[2020.11.01-01.41.52:160][  0]LogD3D11RHI:       0/0/16319 MB DedicatedVideo/DedicatedSystem/SharedSystem, Outputs:0, VendorId:0x1414
[2020.11.01-01.41.52:169][  0]LogD3D11RHI:    3. 'Microsoft Basic Render Driver' (Feature Level 11_0)
[2020.11.01-01.41.52:169][  0]LogD3D11RHI:       0/0/16319 MB DedicatedVideo/DedicatedSystem/SharedSystem, Outputs:0, VendorId:0x1414
[2020.11.01-01.41.52:169][  0]LogD3D11RHI: Chosen D3D11 Adapter: 0
[2020.11.01-01.41.52:243][  0]LogD3D11RHI: Creating new Direct3DDevice
[2020.11.01-01.41.52:243][  0]LogD3D11RHI:     GPU DeviceId: 0x174d (for the marketing name, search the web for "GPU Device Id")
[2020.11.01-01.41.52:243][  0]LogWindows: EnumDisplayDevices:
[2020.11.01-01.41.52:244][  0]LogWindows:    0. 'Intel(R) UHD Graphics 620' (P:1 D:1)
[2020.11.01-01.41.52:246][  0]LogWindows:    1. 'Intel(R) UHD Graphics 620' (P:0 D:0)
[2020.11.01-01.41.52:248][  0]LogWindows:    2. 'Intel(R) UHD Graphics 620' (P:0 D:0)
[2020.11.01-01.41.52:250][  0]LogWindows:    3. 'LuminonCore IDDCX Adapter' (P:0 D:0)
[2020.11.01-01.41.52:252][  0]LogWindows:    4. 'LuminonCore IDDCX Adapter' (P:0 D:0)
[2020.11.01-01.41.52:254][  0]LogWindows:    5. 'LuminonCore IDDCX Adapter' (P:0 D:0)
[2020.11.01-01.41.52:256][  0]LogWindows:    6. 'LuminonCore IDDCX Adapter' (P:0 D:0)
[2020.11.01-01.41.52:258][  0]LogWindows:    7. 'LuminonCore IDDCX Adapter' (P:0 D:0)
[2020.11.01-01.41.52:260][  0]LogWindows:    8. 'LuminonCore IDDCX Adapter' (P:0 D:0)
[2020.11.01-01.41.52:262][  0]LogWindows:    9. 'LuminonCore IDDCX Adapter' (P:0 D:0)
[2020.11.01-01.41.52:264][  0]LogWindows:    10. 'LuminonCore IDDCX Adapter' (P:0 D:0)
[2020.11.01-01.41.52:266][  0]LogWindows:    11. 'LuminonCore IDDCX Adapter' (P:0 D:0)
[2020.11.01-01.41.52:268][  0]LogWindows:    12. 'LuminonCore IDDCX Adapter' (P:0 D:0)
[2020.11.01-01.41.52:270][  0]LogWindows:    13. 'LuminonCore IDDCX Adapter' (P:0 D:0)
[2020.11.01-01.41.52:271][  0]LogWindows:    14. 'LuminonCore IDDCX Adapter' (P:0 D:0)
[2020.11.01-01.41.52:273][  0]LogWindows:    15. 'LuminonCore IDDCX Adapter' (P:0 D:0)
[2020.11.01-01.41.52:275][  0]LogWindows:    16. 'LuminonCore IDDCX Adapter' (P:0 D:0)
[2020.11.01-01.41.52:277][  0]LogWindows:    17. 'LuminonCore IDDCX Adapter' (P:0 D:0)
[2020.11.01-01.41.52:279][  0]LogWindows:    18. 'LuminonCore IDDCX Adapter' (P:0 D:0)
[2020.11.01-01.41.52:280][  0]LogWindows: DebugString: PrimaryIsNotTheChoosenAdapter PrimaryIsNotTheChoosenAdapter PrimaryIsNotTheChoosenAdapter GetVideoDriverDetailsInvalid PrimaryIsNotTheChoosenAdapter GetVideoDriverDetailsInvalid PrimaryIsNotTheChoosenAdapter GetVideoDriverDetailsInvalid PrimaryIsNotTheChoosenAdapter GetVideoDriverDetailsInvalid PrimaryIsNotTheChoosenAdapter GetVideoDriverDetailsInvalid PrimaryIsNotTheChoosenAdapter GetVideoDriverDetailsInvalid PrimaryIsNotTheChoosenAdapter GetVideoDriverDetailsInvalid PrimaryIsNotTheChoosenAdapter GetVideoDriverDetailsInvalid PrimaryIsNotTheChoosenAdapter GetVideoDriverDetailsInvalid PrimaryIsNotTheChoosenAdapter GetVideoDriverDetailsInvalid PrimaryIsNotTheChoosenAdapter GetVideoDriverDetailsInvalid PrimaryIsNotTheChoosenAdapter GetVideoDriverDetailsInvalid PrimaryIsNotTheChoosenAdapter GetVideoDriverDetailsInvalid PrimaryIsNotTheChoosenAdapter GetVideoDriverDetailsInvalid PrimaryIsNotTheChoosenAdapter GetVideoDriverDetailsInvalid PrimaryIsNotTheChoosenAdapter GetVideoDriverDetailsInvalid PrimaryIsNotTheChoosenAdapter FoundDriverCount:0 
[2020.11.01-01.41.52:281][  0]LogD3D11RHI:     Adapter Name: NVIDIA GeForce MX130
[2020.11.01-01.41.52:281][  0]LogD3D11RHI:   Driver Version: Unknown (internal:Unknown, unified:Unknown)
[2020.11.01-01.41.52:281][  0]LogD3D11RHI:      Driver Date: Unknown
[2020.11.01-01.41.52:281][  0]LogRHI: Texture pool is 1407 MB (70% of 2010 MB)
[2020.11.01-01.41.52:379][  0]LogD3D11RHI: RHI has support for 64 bit atomics
[2020.11.01-01.41.52:379][  0]LogD3D11RHI: Async texture creation enabled
[2020.11.01-01.41.52:407][  0]LogD3D11RHI: GPU Timing Frequency: 1000.000000 (Debug: 2 1)
[2020.11.01-01.41.53:066][  0]LogTargetPlatformManager: Display: Loaded TargetPlatform 'AllDesktop'
[2020.11.01-01.41.53:114][  0]LogTargetPlatformManager: Display: Loaded TargetPlatform 'Android'
[2020.11.01-01.41.53:114][  0]LogTargetPlatformManager: Display: Loaded TargetPlatform 'Android_ASTC'
[2020.11.01-01.41.53:114][  0]LogTargetPlatformManager: Display: Loaded TargetPlatform 'Android_ATC'
[2020.11.01-01.41.53:115][  0]LogTargetPlatformManager: Display: Loaded TargetPlatform 'Android_DXT'
[2020.11.01-01.41.53:115][  0]LogTargetPlatformManager: Display: Loaded TargetPlatform 'Android_ETC1'
[2020.11.01-01.41.53:115][  0]LogTargetPlatformManager: Display: Loaded TargetPlatform 'Android_ETC1a'
[2020.11.01-01.41.53:115][  0]LogTargetPlatformManager: Display: Loaded TargetPlatform 'Android_ETC2'
[2020.11.01-01.41.53:115][  0]LogTargetPlatformManager: Display: Loaded TargetPlatform 'Android_PVRTC'
[2020.11.01-01.41.53:115][  0]LogTargetPlatformManager: Display: Loaded TargetPlatform 'AndroidClient'
[2020.11.01-01.41.53:115][  0]LogTargetPlatformManager: Display: Loaded TargetPlatform 'Android_ASTCClient'
[2020.11.01-01.41.53:115][  0]LogTargetPlatformManager: Display: Loaded TargetPlatform 'Android_ATCClient'
[2020.11.01-01.41.53:115][  0]LogTargetPlatformManager: Display: Loaded TargetPlatform 'Android_DXTClient'
[2020.11.01-01.41.53:115][  0]LogTargetPlatformManager: Display: Loaded TargetPlatform 'Android_ETC1Client'
[2020.11.01-01.41.53:115][  0]LogTargetPlatformManager: Display: Loaded TargetPlatform 'Android_ETC1aClient'
[2020.11.01-01.41.53:115][  0]LogTargetPlatformManager: Display: Loaded TargetPlatform 'Android_ETC2Client'
[2020.11.01-01.41.53:115][  0]LogTargetPlatformManager: Display: Loaded TargetPlatform 'Android_PVRTCClient'
[2020.11.01-01.41.53:116][  0]LogTargetPlatformManager: Display: Loaded TargetPlatform 'Android_Multi'
[2020.11.01-01.41.53:116][  0]LogTargetPlatformManager: Display: Loaded TargetPlatform 'Android_MultiClient'
[2020.11.01-01.41.53:167][  0]LogTargetPlatformManager: Display: Loaded TargetPlatform 'IOSClient'
[2020.11.01-01.41.53:167][  0]LogTargetPlatformManager: Display: Loaded TargetPlatform 'IOS'
[2020.11.01-01.41.53:185][  0]LogTargetPlatformManager: Display: Loaded TargetPlatform 'LinuxNoEditor'
[2020.11.01-01.41.53:203][  0]LogTargetPlatformManager: Display: Loaded TargetPlatform 'LinuxClient'
[2020.11.01-01.41.53:221][  0]LogTargetPlatformManager: Display: Loaded TargetPlatform 'LinuxServer'
[2020.11.01-01.41.53:238][  0]LogTargetPlatformManager: Display: Loaded TargetPlatform 'LinuxAArch64NoEditor'
[2020.11.01-01.41.53:262][  0]LogTargetPlatformManager: Display: Loaded TargetPlatform 'LinuxAArch64Client'
[2020.11.01-01.41.53:286][  0]LogTargetPlatformManager: Display: Loaded TargetPlatform 'LinuxAArch64Server'
[2020.11.01-01.41.53:338][  0]LogTargetPlatformManager: Display: Loaded TargetPlatform 'Lumin'
[2020.11.01-01.41.53:338][  0]LogTargetPlatformManager: Display: Loaded TargetPlatform 'LuminClient'
[2020.11.01-01.41.53:368][  0]LogTargetPlatformManager: Display: Loaded TargetPlatform 'TVOSClient'
[2020.11.01-01.41.53:368][  0]LogTargetPlatformManager: Display: Loaded TargetPlatform 'TVOS'
[2020.11.01-01.41.53:389][  0]LogTargetPlatformManager: Display: Loaded TargetPlatform 'WindowsNoEditor'
[2020.11.01-01.41.53:409][  0]LogTargetPlatformManager: Display: Loaded TargetPlatform 'Windows'
[2020.11.01-01.41.53:429][  0]LogTargetPlatformManager: Display: Loaded TargetPlatform 'WindowsClient'
[2020.11.01-01.41.53:448][  0]LogTargetPlatformManager: Display: Loaded TargetPlatform 'WindowsServer'
[2020.11.01-01.41.53:448][  0]LogTargetPlatformManager: Display: Building Assets For Windows
[2020.11.01-01.41.53:481][  0]LogAudioDebug: Display: Lib vorbis DLL was dynamically loaded.
[2020.11.01-01.41.53:685][  0]LogShaderCompilers: Guid format shader working directory is -44 characters bigger than the processId version (../../../../../../Users/wlsgn/Documents/Unreal Projects/Proj/AdvGamesProgramming/GameFiles/Intermediate/Shaders/WorkingDirectory/4264/).
[2020.11.01-01.41.53:686][  0]LogShaderCompilers: Cleaned the shader compiler working directory 'C:/Users/wlsgn/AppData/Local/Temp/UnrealShaderWorkingDir/2C2DAC5E42290B71FBE65596059BC3FC/'.
[2020.11.01-01.41.53:687][  0]LogXGEController: Cleaning working directory: C:/Users/wlsgn/AppData/Local/Temp/UnrealXGEWorkingDir/
[2020.11.01-01.41.53:688][  0]LogXGEController: Cannot use XGE Controller as Incredibuild is not installed on this machine.
[2020.11.01-01.41.53:688][  0]LogShaderCompilers: Cannot use XGE Shader Compiler as Incredibuild is not installed on this machine.
[2020.11.01-01.41.53:688][  0]LogShaderCompilers: Display: Using Local Shader Compiler.
[2020.11.01-01.41.54:514][  0]LogDerivedDataCache: Display: Max Cache Size: 512 MB
[2020.11.01-01.41.54:577][  0]LogDerivedDataCache: Loaded boot cache 0.06s 96MB C:/Users/wlsgn/AppData/Local/UnrealEngine/4.24/DerivedDataCache/Boot.ddc.
[2020.11.01-01.41.54:578][  0]LogDerivedDataCache: Display: Loaded Boot cache: C:/Users/wlsgn/AppData/Local/UnrealEngine/4.24/DerivedDataCache/Boot.ddc
[2020.11.01-01.41.54:578][  0]LogDerivedDataCache: FDerivedDataBackendGraph:  Pak pak cache file ../../../../../../Users/wlsgn/Documents/Unreal Projects/Proj/AdvGamesProgramming/GameFiles/DerivedDataCache/DDC.ddp not found, will not use a pak cache.
[2020.11.01-01.41.54:578][  0]LogDerivedDataCache: Unable to find inner node Pak for hierarchical cache Hierarchy.
[2020.11.01-01.41.54:578][  0]LogDerivedDataCache: FDerivedDataBackendGraph:  CompressedPak pak cache file ../../../../../../Users/wlsgn/Documents/Unreal Projects/Proj/AdvGamesProgramming/GameFiles/DerivedDataCache/Compressed.ddp not found, will not use a pak cache.
[2020.11.01-01.41.54:578][  0]LogDerivedDataCache: Unable to find inner node CompressedPak for hierarchical cache Hierarchy.
[2020.11.01-01.41.54:589][  0]LogDerivedDataCache: Display: Pak cache opened for reading ../../../Engine/DerivedDataCache/Compressed.ddp.
[2020.11.01-01.41.54:589][  0]LogDerivedDataCache: FDerivedDataBackendGraph:  EnterprisePak pak cache file ../../../Enterprise/DerivedDataCache/Compressed.ddp not found, will not use a pak cache.
[2020.11.01-01.41.54:589][  0]LogDerivedDataCache: Unable to find inner node EnterprisePak for hierarchical cache Hierarchy.
[2020.11.01-01.41.54:593][  0]LogDerivedDataCache: Using Local data cache path C:/Users/wlsgn/AppData/Local/UnrealEngine/Common/DerivedDataCache: Writable
[2020.11.01-01.41.54:594][  0]LogDerivedDataCache: Shared data cache path not found in *engine.ini, will not use an Shared cache.
[2020.11.01-01.41.54:594][  0]LogDerivedDataCache: Unable to find inner node Shared for hierarchical cache Hierarchy.
[2020.11.01-01.41.54:625][  0]LogMaterial: Verifying Global Shaders for PCD3D_SM5
[2020.11.01-01.41.54:627][  0]LogSlate: Using FreeType 2.10.0
[2020.11.01-01.41.54:628][  0]LogSlate: SlateFontServices - WITH_FREETYPE: 1, WITH_HARFBUZZ: 1
[2020.11.01-01.41.54:708][  0]LogAssetRegistry: FAssetRegistry took 0.0065 seconds to start up
[2020.11.01-01.41.55:027][  0]LogInit: Selected Device Profile: [Windows]
[2020.11.01-01.41.55:257][  0]LogMeshReduction: Using QuadricMeshReduction for automatic static mesh reduction
[2020.11.01-01.41.55:257][  0]LogMeshReduction: Using SimplygonMeshReduction for automatic skeletal mesh reduction
[2020.11.01-01.41.55:257][  0]LogMeshReduction: Using ProxyLODMeshReduction for automatic mesh merging
[2020.11.01-01.41.55:257][  0]LogMeshReduction: No distributed automatic mesh merging module available
[2020.11.01-01.41.55:257][  0]LogMeshMerging: No distributed automatic mesh merging module available
[2020.11.01-01.41.55:282][  0]LogNetVersion: AdvGamesProgramming 1.0.0, NetCL: 10570792, EngineNetVer: 13, GameNetVer: 0 (Checksum: 489682494)
[2020.11.01-01.41.56:516][  0]LogPackageLocalizationCache: Processed 8 localized package path(s) for 1 prioritized culture(s) in 0.035230 seconds
[2020.11.01-01.41.56:524][  0]LogUObjectArray: 46098 objects as part of root set at end of initial load.
[2020.11.01-01.41.56:524][  0]LogUObjectAllocator: 8030680 out of 0 bytes used by permanent object pool.
[2020.11.01-01.41.56:524][  0]LogUObjectArray: CloseDisregardForGC: 0/0 objects in disregard for GC pool
[2020.11.01-01.41.57:577][  0]LogTcpMessaging: Initializing TcpMessaging bridge
[2020.11.01-01.41.57:589][  0]LogUdpMessaging: Initializing bridge on interface 0.0.0.0:0 to multicast group 230.0.0.1:6666.
[2020.11.01-01.41.57:832][  0]LogBlueprint: Warning: [Compiler Ue4ASP_Character] InputAction Event references unknown Action 'Crouch' for  InputAction Crouch
[2020.11.01-01.41.57:833][  0]LogBlueprint: Warning: [Compiler Ue4ASP_Character] Input Axis Event references unknown Axis 'MoveRight' for  InputAxis MoveRight
[2020.11.01-01.41.57:919][  0]LogLinker: Warning: While loading '../../../../../../Users/wlsgn/Documents/Unreal Projects/Proj/AdvGamesProgramming/GameFiles/Content/Assets/Ammo/magazine_asval.uasset' failed to load '/Game/Assets/Ammo/magazine_asval_PhysicsAsset': Can't find file.
[2020.11.01-01.41.57:919][  0]LogLinker: Warning: While loading '../../../../../../Users/wlsgn/Documents/Unreal Projects/Proj/AdvGamesProgramming/GameFiles/Content/Assets/Ammo/magazine_asval.uasset' failed to load '/Game/Assets/Ammo/magazine_asval_PhysicsAsset': Can't find file.
[2020.11.01-01.41.57:920][  0]LogLinker: Warning: While loading '../../../../../../Users/wlsgn/Documents/Unreal Projects/Proj/AdvGamesProgramming/GameFiles/Content/Assets/Ammo/magazine_asval.uasset' failed to load '/Game/Assets/Ammo/magazine_asval_Skeleton': Can't find file.
[2020.11.01-01.41.57:921][  0]LogLinker: Warning: While loading '../../../../../../Users/wlsgn/Documents/Unreal Projects/Proj/AdvGamesProgramming/GameFiles/Content/Assets/Ammo/magazine_asval.uasset' failed to load '/Game/Assets/Ammo/magazine_asval_Skeleton': Can't find file.
[2020.11.01-01.41.57:921][  0]LogLinker: Warning: While loading '../../../../../../Users/wlsgn/Documents/Unreal Projects/Proj/AdvGamesProgramming/GameFiles/Content/Assets/Ammo/magazine_asval.uasset' failed to load '/Game/Assets/Ammo/magazine_asval_PhysicsAsset': Can't find file.
[2020.11.01-01.41.57:922][  0]LogLinker: Warning: While loading '../../../../../../Users/wlsgn/Documents/Unreal Projects/Proj/AdvGamesProgramming/GameFiles/Content/Assets/Ammo/magazine_asval.uasset' failed to load '/Game/Assets/Ammo/magazine_asval_PhysicsAsset': Can't find file.
[2020.11.01-01.41.57:922][  0]LogLinker: Warning: While loading '../../../../../../Users/wlsgn/Documents/Unreal Projects/Proj/AdvGamesProgramming/GameFiles/Content/Assets/Ammo/magazine_asval.uasset' failed to load '/Game/Assets/Ammo/magazine_asval_Skeleton': Can't find file.
[2020.11.01-01.41.57:923][  0]LogLinker: Warning: While loading '../../../../../../Users/wlsgn/Documents/Unreal Projects/Proj/AdvGamesProgramming/GameFiles/Content/Assets/Ammo/magazine_asval.uasset' failed to load '/Game/Assets/Ammo/magazine_asval_Skeleton': Can't find file.
[2020.11.01-01.41.57:976][  0]LogLinker: Warning: While loading '../../../../../../Users/wlsgn/Documents/Unreal Projects/Proj/AdvGamesProgramming/GameFiles/Content/Assets/Ammo/magazine_asval.uasset' failed to load '/Game/Assets/Ammo/magazine_asval_Skeleton': Can't find file.
[2020.11.01-01.41.57:977][  0]LoadErrors: Failed to load /Game/Assets/Ammo/magazine_asval_Skeleton.magazine_asval_Skeleton Referenced by magazine_asval
[2020.11.01-01.41.57:977][  0]LogLinker: Warning: While loading '../../../../../../Users/wlsgn/Documents/Unreal Projects/Proj/AdvGamesProgramming/GameFiles/Content/Assets/Ammo/magazine_asval.uasset' failed to load '/Game/Assets/Ammo/magazine_asval_Skeleton': Can't find file.
[2020.11.01-01.41.57:977][  0]LoadErrors: Failed to load /Game/Assets/Ammo/magazine_asval_Skeleton.magazine_asval_Skeleton Referenced by magazine_asval
[2020.11.01-01.41.57:978][  0]LogLinker: Warning: While loading '../../../../../../Users/wlsgn/Documents/Unreal Projects/Proj/AdvGamesProgramming/GameFiles/Content/Assets/Ammo/magazine_asval.uasset' failed to load '/Game/Assets/Ammo/magazine_asval_PhysicsAsset': Can't find file.
[2020.11.01-01.41.57:978][  0]LoadErrors: Failed to load /Game/Assets/Ammo/magazine_asval_PhysicsAsset.magazine_asval_PhysicsAsset Referenced by magazine_asval
[2020.11.01-01.41.57:979][  0]LogLinker: Warning: While loading '../../../../../../Users/wlsgn/Documents/Unreal Projects/Proj/AdvGamesProgramming/GameFiles/Content/Assets/Ammo/magazine_asval.uasset' failed to load '/Game/Assets/Ammo/magazine_asval_PhysicsAsset': Can't find file.
[2020.11.01-01.41.57:979][  0]LoadErrors: Failed to load /Game/Assets/Ammo/magazine_asval_PhysicsAsset.magazine_asval_PhysicsAsset Referenced by magazine_asval
[2020.11.01-01.41.58:647][  0]SourceControl: Source control is disabled
[2020.11.01-01.41.58:647][  0]SourceControl: Source control is disabled
[2020.11.01-01.41.58:664][  0]SourceControl: Source control is disabled
[2020.11.01-01.41.58:672][  0]SourceControl: Source control is disabled
[2020.11.01-01.41.58:682][  0]SourceControl: Source control is disabled
[2020.11.01-01.41.59:092][  0]LogAndroidPermission: UAndroidPermissionCallbackProxy::GetInstance
[2020.11.01-01.41.59:158][  0]LogAudioCaptureCore: Display: No Audio Capture implementations found. Audio input will be silent.
[2020.11.01-01.41.59:158][  0]LogAudioCaptureCore: Display: No Audio Capture implementations found. Audio input will be silent.
[2020.11.01-01.41.59:387][  0]LogEngine: Initializing Engine...
[2020.11.01-01.41.59:391][  0]LogStats: UGameplayTagsManager::InitializeManager -  0.000 s
[2020.11.01-01.41.59:776][  0]LogInit: Initializing FReadOnlyCVARCache
[2020.11.01-01.41.59:792][  0]LogAIModule: Creating AISystem for world Untitled
[2020.11.01-01.41.59:818][  0]LogAudioMixer: Display: Audio Mixer Platform Settings:
[2020.11.01-01.41.59:818][  0]LogAudioMixer: Display: 	Sample Rate:						  48000
[2020.11.01-01.41.59:818][  0]LogAudioMixer: Display: 	Callback Buffer Frame Size Requested: 1024
[2020.11.01-01.41.59:818][  0]LogAudioMixer: Display: 	Callback Buffer Frame Size To Use:	  1024
[2020.11.01-01.41.59:818][  0]LogAudioMixer: Display: 	Number of buffers to queue:			  2
[2020.11.01-01.41.59:819][  0]LogAudioMixer: Display: 	Max Channels (voices):				  32
[2020.11.01-01.41.59:819][  0]LogAudioMixer: Display: 	Number of Async Source Workers:		  0
[2020.11.01-01.41.59:819][  0]LogAudio: Display: AudioDevice MaxSources: 32
[2020.11.01-01.41.59:819][  0]LogAudio: Display: Using built-in audio occlusion.
[2020.11.01-01.41.59:819][  0]LogAudioMixer: Display: Initializing audio mixer.
[2020.11.01-01.42.00:010][  0]LogAudioMixer: Display: Audio Device Output Speaker Info:
[2020.11.01-01.42.00:010][  0]LogAudioMixer: Display: Name: Speakers/Headphones(Realtek(R) Audio)
[2020.11.01-01.42.00:010][  0]LogAudioMixer: Display: Is Default: Yes
[2020.11.01-01.42.00:010][  0]LogAudioMixer: Display: Sample Rate: 48000
[2020.11.01-01.42.00:010][  0]LogAudioMixer: Display: Channel Count Used: 2
[2020.11.01-01.42.00:010][  0]LogAudioMixer: Display: Device Channel Count: 2
[2020.11.01-01.42.00:010][  0]LogAudioMixer: Display: Channel Order:
[2020.11.01-01.42.00:010][  0]LogAudioMixer: Display: 0: FrontLeft
[2020.11.01-01.42.00:010][  0]LogAudioMixer: Display: 1: FrontRight
[2020.11.01-01.42.00:662][  0]LogAudioMixer: Display: Using Audio Device Speakers/Headphones(Realtek(R) Audio)
[2020.11.01-01.42.00:666][  0]LogInit: FAudioDevice initialized.
[2020.11.01-01.42.00:666][  0]LogNetVersion: Set ProjectVersion to 1.0.0.0. Version Checksum will be recalculated on next use.
[2020.11.01-01.42.00:735][  0]LogDerivedDataCache: Saved boot cache 0.07s 96MB C:/Users/wlsgn/AppData/Local/UnrealEngine/4.24/DerivedDataCache/Boot.ddc.
[2020.11.01-01.42.00:739][  0]LogInit: Texture streaming: Enabled
[2020.11.01-01.42.00:782][  0]LogEngineSessionManager: EngineSessionManager initialized
[2020.11.01-01.42.00:782][  0]LogEditorSessionSummary: Verbose: Initializing EditorSessionSummaryWriter for editor session tracking
[2020.11.01-01.42.00:786][  0]LogEditorSessionSummary: EditorSessionSummaryWriter initialized
[2020.11.01-01.42.00:848][  0]LogInit: Transaction tracking system initialized
[2020.11.01-01.42.00:921][  0]BlueprintLog: New page: Editor Load
[2020.11.01-01.42.01:128][  0]LocalizationService: Localization service is disabled
[2020.11.01-01.42.01:758][  0]LogFileCache: Scanning file cache for directory 'C:/Users/wlsgn/Documents/Unreal Projects/Proj/AdvGamesProgramming/GameFiles/Content/' took 0.01s
[2020.11.01-01.42.01:758][  0]LogCook: Display: Max memory allowance for cook 16384mb min free memory 0mb
[2020.11.01-01.42.01:758][  0]LogCook: Display: Mobile HDR setting 1
[2020.11.01-01.42.02:204][  0]SourceControl: Source control is disabled
[2020.11.01-01.42.02:205][  0]Cmd: MAP LOAD FILE="../../../../../../Users/wlsgn/Documents/Unreal Projects/Proj/AdvGamesProgramming/GameFiles/Content/Levels/TestingMap.umap" TEMPLATE=0 SHOWPROGRESS=1 FEATURELEVEL=3
[2020.11.01-01.42.02:206][  0]LightingResults: New page: Lighting Build
[2020.11.01-01.42.02:208][  0]LogWorld: UWorld::CleanupWorld for Untitled, bSessionEnded=true, bCleanupResources=true
[2020.11.01-01.42.02:208][  0]LogSlate: InvalidateAllWidgets triggered.  All widgets were invalidated
[2020.11.01-01.42.02:208][  0]MapCheck: New page: Map Check
[2020.11.01-01.42.02:208][  0]LightingResults: New page: Lighting Build
[2020.11.01-01.42.02:249][  0]LogUObjectHash: Compacting FUObjectHashTables data took   3.05ms
[2020.11.01-01.42.02:897][  0]LogAIModule: Creating AISystem for world TestingMap
[2020.11.01-01.42.02:905][  0]LogEditorServer: Finished looking for orphan Actors (0.000 secs)
[2020.11.01-01.42.02:942][  0]LogUObjectHash: Compacting FUObjectHashTables data took   2.48ms
[2020.11.01-01.42.02:942][  0]Cmd: MAP CHECKDEP NOCLEARLOG
[2020.11.01-01.42.02:943][  0]MapCheck: Map check complete: 0 Error(s), 0 Warning(s), took 0.424ms to complete.
[2020.11.01-01.42.02:943][  0]LogFileHelpers: Loading map 'TestingMap' took 0.738
[2020.11.01-01.42.03:125][  0]LogSlate: Updating window title bar state: overlay mode, drag disabled, window buttons hidden, title bar hidden
[2020.11.01-01.42.03:132][  0]LogSlate: Updating window title bar state: overlay mode, drag disabled, window buttons hidden, title bar hidden
[2020.11.01-01.42.03:140][  0]LogSlate: Updating window title bar state: overlay mode, drag disabled, window buttons hidden, title bar hidden
[2020.11.01-01.42.03:147][  0]LogSlate: Updating window title bar state: overlay mode, drag disabled, window buttons hidden, title bar hidden
[2020.11.01-01.42.03:158][  0]LogCollectionManager: Loaded 0 collections in 0.001442 seconds
[2020.11.01-01.42.03:181][  0]LogFileCache: Scanning file cache for directory 'C:/Users/wlsgn/Documents/Unreal Projects/Proj/AdvGamesProgramming/GameFiles/Saved/Collections/' took 0.00s
[2020.11.01-01.42.03:182][  0]LogFileCache: Scanning file cache for directory 'C:/Users/wlsgn/Documents/Unreal Projects/Proj/AdvGamesProgramming/GameFiles/Content/Developers/wlsgn/Collections/' took 0.00s
[2020.11.01-01.42.03:182][  0]LogFileCache: Scanning file cache for directory 'C:/Users/wlsgn/Documents/Unreal Projects/Proj/AdvGamesProgramming/GameFiles/Content/Collections/' took 0.00s
[2020.11.01-01.42.03:182][  0]LogContentBrowser: Native class hierarchy populated in 0.0085 seconds. Added 3019 classes and 703 folders.
[2020.11.01-01.42.03:187][  0]LogContentBrowser: Native class hierarchy updated for 'WidgetCarousel' in 0.0004 seconds. Added 0 classes and 0 folders.
[2020.11.01-01.42.03:248][  0]LogContentBrowser: Native class hierarchy updated for 'AddContentDialog' in 0.0004 seconds. Added 0 classes and 0 folders.
[2020.11.01-01.42.03:263][  0]LogContentBrowser: Native class hierarchy updated for 'SceneOutliner' in 0.0004 seconds. Added 2 classes and 3 folders.
[2020.11.01-01.42.03:364][  0]LogSlate: Took 0.000330 seconds to synchronously load lazily loaded font '../../../Engine/Content/Slate/Fonts/Roboto-Regular.ttf' (155K)
[2020.11.01-01.42.03:366][  0]LogSlate: Took 0.000294 seconds to synchronously load lazily loaded font '../../../Engine/Content/Slate/Fonts/Roboto-Bold.ttf' (160K)
[2020.11.01-01.42.03:370][  0]LogSlate: Took 0.000278 seconds to synchronously load lazily loaded font '../../../Engine/Content/Editor/Slate/Fonts/FontAwesome.ttf' (139K)
[2020.11.01-01.42.03:465][  0]LogRenderer: Reallocating scene render targets to support 1192x720 Format 10 NumSamples 1 (Frame:1).
[2020.11.01-01.42.03:525][  0]LogSlate: Took 0.000241 seconds to synchronously load lazily loaded font '../../../Engine/Content/Slate/Fonts/Roboto-Light.ttf' (167K)
[2020.11.01-01.42.03:617][  0]LogContentBrowser: Native class hierarchy updated for 'HierarchicalLODOutliner' in 0.0004 seconds. Added 0 classes and 0 folders.
[2020.11.01-01.42.03:617][  0]LogLoad: (Engine Initialization) Total time: 14.89 seconds
[2020.11.01-01.42.03:617][  0]LogLoad: (Engine Initialization) Total Blueprint compile time: 0.00 seconds
[2020.11.01-01.42.03:913][  0]LogContentStreaming: Texture pool size now 1000 MB
[2020.11.01-01.42.03:949][  1]LogAssetRegistry: Asset discovery search completed in 9.2458 seconds
[2020.11.01-01.42.03:953][  1]LogCollectionManager: Fixed up redirectors for 0 collections in 0.000009 seconds (updated 0 objects)
[2020.11.01-01.42.49:078][746]LogSlate: Took 0.000212 seconds to synchronously load lazily loaded font '../../../Engine/Content/Slate/Fonts/Roboto-Light.ttf' (167K)
[2020.11.01-01.42.49:102][746]LogAssetEditorSubsystem: Opening Asset editor for World /Game/Levels/TestingMap.TestingMap
[2020.11.01-01.42.49:123][746]LogUObjectHash: Compacting FUObjectHashTables data took   0.74ms
[2020.11.01-01.42.49:124][746]Cmd: MAP LOAD FILE="../../../../../../Users/wlsgn/Documents/Unreal Projects/Proj/AdvGamesProgramming/GameFiles/Content/Levels/TestingMap.umap" TEMPLATE=0 SHOWPROGRESS=1 FEATURELEVEL=3
[2020.11.01-01.42.49:125][746]LightingResults: New page: Lighting Build
[2020.11.01-01.42.49:125][746]LoadErrors: New page: Loading map: TestingMap.umap
[2020.11.01-01.42.49:126][746]LogWorld: UWorld::CleanupWorld for TestingMap, bSessionEnded=true, bCleanupResources=true
[2020.11.01-01.42.49:126][746]LogSlate: InvalidateAllWidgets triggered.  All widgets were invalidated
[2020.11.01-01.42.49:126][746]MapCheck: New page: Map Check
[2020.11.01-01.42.49:127][746]LightingResults: New page: Lighting Build
[2020.11.01-01.42.49:152][746]LogUObjectHash: Compacting FUObjectHashTables data took   2.15ms
[2020.11.01-01.42.49:193][746]LogAIModule: Creating AISystem for world TestingMap
[2020.11.01-01.42.49:199][746]LogEditorServer: Finished looking for orphan Actors (0.000 secs)
[2020.11.01-01.42.49:233][746]LogUObjectHash: Compacting FUObjectHashTables data took   2.21ms
[2020.11.01-01.42.49:249][746]Cmd: MAP CHECKDEP NOCLEARLOG
[2020.11.01-01.42.49:250][746]MapCheck: Map check complete: 0 Error(s), 0 Warning(s), took 0.304ms to complete.
[2020.11.01-01.42.49:250][746]LogFileHelpers: Loading map 'TestingMap' took 0.127
[2020.11.01-01.43.00:547][179]LogAIModule: Creating AISystem for world ProjectLevel
[2020.11.01-01.43.00:550][179]LogAssetEditorSubsystem: Opening Asset editor for World /Game/Levels/ProjectLevel.ProjectLevel
[2020.11.01-01.43.00:576][179]LogUObjectHash: Compacting FUObjectHashTables data took   2.70ms
[2020.11.01-01.43.00:578][179]Cmd: MAP LOAD FILE="../../../../../../Users/wlsgn/Documents/Unreal Projects/Proj/AdvGamesProgramming/GameFiles/Content/Levels/ProjectLevel.umap" TEMPLATE=0 SHOWPROGRESS=1 FEATURELEVEL=3
[2020.11.01-01.43.00:578][179]LightingResults: New page: Lighting Build
[2020.11.01-01.43.00:579][179]LoadErrors: New page: Loading map: ProjectLevel.umap
[2020.11.01-01.43.00:580][179]LogWorld: UWorld::CleanupWorld for TestingMap, bSessionEnded=true, bCleanupResources=true
[2020.11.01-01.43.00:580][179]LogSlate: InvalidateAllWidgets triggered.  All widgets were invalidated
[2020.11.01-01.43.00:580][179]MapCheck: New page: Map Check
[2020.11.01-01.43.00:580][179]LightingResults: New page: Lighting Build
[2020.11.01-01.43.00:612][179]LogUObjectHash: Compacting FUObjectHashTables data took   3.07ms
[2020.11.01-01.43.00:616][179]LogEditorServer: Finished looking for orphan Actors (0.000 secs)
[2020.11.01-01.43.00:647][179]LogUObjectHash: Compacting FUObjectHashTables data took   1.89ms
[2020.11.01-01.43.00:664][179]Cmd: MAP CHECKDEP NOCLEARLOG
[2020.11.01-01.43.00:664][179]MapCheck: Map check complete: 0 Error(s), 0 Warning(s), took 0.402ms to complete.
[2020.11.01-01.43.00:664][179]LogFileHelpers: Loading map 'ProjectLevel' took 0.087
[2020.11.01-01.43.01:489][217]LogUObjectHash: Compacting FUObjectHashTables data took   0.86ms
[2020.11.01-01.43.01:716][217]LogSavePackage: Moving '../../../../../../Users/wlsgn/Documents/Unreal Projects/Proj/AdvGamesProgramming/GameFiles/Saved/ProjectLevel29B7C4D944DF3AD61694FBB39C51E007.tmp' to '../../../../../../Users/wlsgn/Documents/Unreal Projects/Proj/AdvGamesProgramming/GameFiles/Content/Levels/ProjectLevel.umap'
[2020.11.01-01.43.01:736][217]LogFileHelpers: Saving map 'ProjectLevel' took 0.278
[2020.11.01-01.43.01:752][217]AssetCheck: New page: Asset Save: ProjectLevel
[2020.11.01-01.43.01:752][217]LogContentValidation: Display: Validating World /Game/Levels/ProjectLevel.ProjectLevel
[2020.11.01-01.43.07:287][371]LogAssetEditorSubsystem: Opening Asset editor for BehaviorTree /Game/BTforNM/EnemyNMBT.EnemyNMBT
[2020.11.01-01.43.07:398][371]LogBehaviorTree: Warning: BTT_EmptyPathNM[11]> Failed to find key 'bDoneMovement' in BB asset BlackboardData /Game/BTforNM/EnemyNMBB.EnemyNMBB. BB Key Selector will be set to 'Invalid'
[2020.11.01-01.43.07:436][371]LogSlate: Took 0.000370 seconds to synchronously load lazily loaded font '../../../Engine/Content/Slate/Fonts/Roboto-BoldCondensed.ttf' (158K)
[2020.11.01-01.43.09:881][503]LogAssetEditorSubsystem: Opening Asset editor for Blueprint /Game/BTforNM/BTT_CanSensePlayerNM.BTT_CanSensePlayerNM
[2020.11.01-01.43.10:082][503]LogContentBrowser: Native class hierarchy updated for 'BlueprintGraph' in 0.0007 seconds. Added 121 classes and 0 folders.
[2020.11.01-01.43.11:180][504]LogSlate: Took 0.000333 seconds to synchronously load lazily loaded font '../../../Engine/Content/Slate/Fonts/Roboto-Italic.ttf' (157K)
[2020.11.01-01.43.31:411][580]LogAssetEditorSubsystem: Opening Asset editor for Blueprint /Game/BTforNM/BTT_GeneratePatrolPathNM.BTT_GeneratePatrolPathNM
[2020.11.01-01.43.38:673][946]LogAssetEditorSubsystem: Opening Asset editor for Blueprint /Game/BTforNM/BTT_MoveAlongPathNM.BTT_MoveAlongPathNM
[2020.11.01-01.43.50:397][537]LogAssetEditorSubsystem: Opening Asset editor for Blueprint /Game/BTforNM/BTS_GetCharacterNM.BTS_GetCharacterNM
[2020.11.01-01.50.06:900][874]LogSavePackage: Moving '../../../../../../Users/wlsgn/Documents/Unreal Projects/Proj/AdvGamesProgramming/GameFiles/Saved/BTS_GetCharacterNMC32372AF4082BE9FD6E746872D3FD162.tmp' to '../../../../../../Users/wlsgn/Documents/Unreal Projects/Proj/AdvGamesProgramming/GameFiles/Content/BTforNM/BTS_GetCharacterNM.uasset'
[2020.11.01-01.50.06:930][874]AssetCheck: New page: Asset Save: BTS_GetCharacterNM
[2020.11.01-01.50.06:930][874]LogContentValidation: Display: Validating Blueprint /Game/BTforNM/BTS_GetCharacterNM.BTS_GetCharacterNM
[2020.11.01-01.50.49:537][248]LogSavePackage: Moving '../../../../../../Users/wlsgn/Documents/Unreal Projects/Proj/AdvGamesProgramming/GameFiles/Saved/BTS_GetCharacterNMA284FC6C4ED0E6D61ECE39A476FEE8FA.tmp' to '../../../../../../Users/wlsgn/Documents/Unreal Projects/Proj/AdvGamesProgramming/GameFiles/Content/BTforNM/BTS_GetCharacterNM.uasset'
[2020.11.01-01.50.49:561][248]AssetCheck: New page: Asset Save: BTS_GetCharacterNM
[2020.11.01-01.50.49:561][248]LogContentValidation: Display: Validating Blueprint /Game/BTforNM/BTS_GetCharacterNM.BTS_GetCharacterNM
[2020.11.01-01.50.56:942][635]LogSlate: Window 'BTS_GetCharacterNM' being destroyed
[2020.11.01-01.50.58:916][752]LogTemp: Repeating last play command: New Editor Window (PIE)
[2020.11.01-01.50.58:938][752]LogBlueprintUserMessages: Early PlayInEditor Detection: Level '/Game/Levels/ProjectLevel.ProjectLevel:PersistentLevel' has LevelScriptBlueprint '/Game/Levels/ProjectLevel.ProjectLevel:PersistentLevel.ProjectLevel' with GeneratedClass '/Game/Levels/ProjectLevel.ProjectLevel_C' with ClassGeneratedBy '/Game/Levels/ProjectLevel.ProjectLevel:PersistentLevel.ProjectLevel'
[2020.11.01-01.50.58:941][752]LogPlayLevel: PlayLevel: No blueprints needed recompiling
[2020.11.01-01.50.58:941][752]PIE: New page: PIE session: ProjectLevel (Nov 1, 2020, 11:50:58 PM)
[2020.11.01-01.50.58:943][752]LogOnline: OSS: Creating online subsystem instance for: NULL
[2020.11.01-01.50.58:946][752]LogOnline: OSS: TryLoadSubsystemAndSetDefault: Loaded subsystem for module [NULL]
[2020.11.01-01.50.58:946][752]LogPlayLevel: Creating play world package: /Game/Levels/UEDPIE_1_ProjectLevel
[2020.11.01-01.50.58:951][752]LogPlayLevel: PIE: StaticDuplicateObject took: (0.004556s)
[2020.11.01-01.50.58:953][752]LogAIModule: Creating AISystem for world ProjectLevel
[2020.11.01-01.50.58:953][752]LogPlayLevel: PIE: World Init took: (0.001808s)
[2020.11.01-01.50.58:953][752]LogPlayLevel: PIE: Created PIE world by copying editor world from /Game/Levels/ProjectLevel.ProjectLevel to /Game/Levels/UEDPIE_1_ProjectLevel.ProjectLevel (0.007247s)
[2020.11.01-01.50.59:003][752]LogUObjectHash: Compacting FUObjectHashTables data took   4.14ms
[2020.11.01-01.50.59:019][752]LogLoad: Game class is 'MultiplayerGameModeBlueprint_C'
[2020.11.01-01.50.59:022][752]LogWorld: Bringing World /Game/Levels/UEDPIE_1_ProjectLevel.ProjectLevel up for play (max tick rate 60) at 2020.11.01-12.50.59
[2020.11.01-01.50.59:022][752]LogWorld: Bringing up level for play took: 0.000909
[2020.11.01-01.50.59:023][752]LogNet: ReplicationDriverClass is null! Not using ReplicationDriver.
[2020.11.01-01.50.59:023][752]LogNetCore: DDoS detection status: detection enabled: 0 analytics enabled: 0
[2020.11.01-01.50.59:024][752]LogInit: WinSock: I am DESKTOP-DOLCJVN (192.168.146.1:0)
[2020.11.01-01.50.59:024][752]LogInit: WinSock: Socket queue. Rx: 131072 (config 131072) Tx: 131072 (config 131072)
[2020.11.01-01.50.59:024][752]PacketHandlerLog: Loaded PacketHandler component: Engine.EngineHandlerComponentFactory (StatelessConnectHandlerComponent)
[2020.11.01-01.50.59:024][752]LogNet: GameNetDriver IpNetDriver_0 IpNetDriver listening on port 17777
[2020.11.01-01.50.59:025][752]LogGameMode: Display: Match State Changed from EnteringMap to WaitingToStart
[2020.11.01-01.50.59:025][752]LogGameState: Match State Changed from EnteringMap to WaitingToStart
[2020.11.01-01.50.59:025][752]PIE: Play in editor start time for /Game/Levels/UEDPIE_1_ProjectLevel -0.374
[2020.11.01-01.50.59:027][752]LogAudioMixer: Display: Audio Mixer Platform Settings:
[2020.11.01-01.50.59:028][752]LogAudioMixer: Display: 	Sample Rate:						  48000
[2020.11.01-01.50.59:028][752]LogAudioMixer: Display: 	Callback Buffer Frame Size Requested: 1024
[2020.11.01-01.50.59:028][752]LogAudioMixer: Display: 	Callback Buffer Frame Size To Use:	  1024
[2020.11.01-01.50.59:028][752]LogAudioMixer: Display: 	Number of buffers to queue:			  2
[2020.11.01-01.50.59:028][752]LogAudioMixer: Display: 	Max Channels (voices):				  32
[2020.11.01-01.50.59:028][752]LogAudioMixer: Display: 	Number of Async Source Workers:		  0
[2020.11.01-01.50.59:028][752]LogAudio: Display: AudioDevice MaxSources: 32
[2020.11.01-01.50.59:029][752]LogAudio: Display: Using built-in audio occlusion.
[2020.11.01-01.50.59:029][752]LogAudioMixer: Display: Initializing audio mixer.
[2020.11.01-01.50.59:241][752]LogAudioMixer: Display: Audio Device Output Speaker Info:
[2020.11.01-01.50.59:241][752]LogAudioMixer: Display: Name: Speakers/Headphones(Realtek(R) Audio)
[2020.11.01-01.50.59:241][752]LogAudioMixer: Display: Is Default: Yes
[2020.11.01-01.50.59:241][752]LogAudioMixer: Display: Sample Rate: 48000
[2020.11.01-01.50.59:241][752]LogAudioMixer: Display: Channel Count Used: 2
[2020.11.01-01.50.59:242][752]LogAudioMixer: Display: Device Channel Count: 2
[2020.11.01-01.50.59:242][752]LogAudioMixer: Display: Channel Order:
[2020.11.01-01.50.59:242][752]LogAudioMixer: Display: 0: FrontLeft
[2020.11.01-01.50.59:242][752]LogAudioMixer: Display: 1: FrontRight
[2020.11.01-01.50.59:405][752]LogAudioMixer: Display: Using Audio Device Speakers/Headphones(Realtek(R) Audio)
[2020.11.01-01.50.59:409][752]LogInit: FAudioDevice initialized.
[2020.11.01-01.50.59:467][752]LogSlate: Updating window title bar state: overlay mode, drag disabled, window buttons hidden, title bar hidden
[2020.11.01-01.50.59:468][752]LogNet: Browse: 127.0.0.1:17777//Game/Levels/TestingMap
[2020.11.01-01.50.59:469][752]LogInit: WinSock: Socket queue. Rx: 32768 (config 32768) Tx: 32768 (config 32768)
[2020.11.01-01.50.59:470][752]PacketHandlerLog: Loaded PacketHandler component: Engine.EngineHandlerComponentFactory (StatelessConnectHandlerComponent)
[2020.11.01-01.50.59:470][752]LogNet: Game client on port 17777, rate 10000
[2020.11.01-01.50.59:473][752]PIE: Play in editor start time for /Game/Levels/TestingMap 0.074
[2020.11.01-01.50.59:532][752]LogSlate: Updating window title bar state: overlay mode, drag disabled, window buttons hidden, title bar hidden
[2020.11.01-01.50.59:532][752]LogNet: Browse: 127.0.0.1:17777//Game/Levels/TestingMap
[2020.11.01-01.50.59:534][752]LogInit: WinSock: Socket queue. Rx: 32768 (config 32768) Tx: 32768 (config 32768)
[2020.11.01-01.50.59:535][752]PacketHandlerLog: Loaded PacketHandler component: Engine.EngineHandlerComponentFactory (StatelessConnectHandlerComponent)
[2020.11.01-01.50.59:535][752]LogNet: Game client on port 17777, rate 10000
[2020.11.01-01.50.59:537][752]PIE: Play in editor start time for /Game/Levels/TestingMap 0.138
[2020.11.01-01.50.59:543][752]LogBlueprintUserMessages: Late PlayInEditor Detection: Level '/Game/Levels/ProjectLevel.ProjectLevel:PersistentLevel' has LevelScriptBlueprint '/Game/Levels/ProjectLevel.ProjectLevel:PersistentLevel.ProjectLevel' with GeneratedClass '/Game/Levels/ProjectLevel.ProjectLevel_C' with ClassGeneratedBy '/Game/Levels/ProjectLevel.ProjectLevel:PersistentLevel.ProjectLevel'
[2020.11.01-01.50.59:543][752]LogNet: NotifyAcceptingConnection accepted from: 127.0.0.1:62728
[2020.11.01-01.50.59:544][752]LogHandshake: SendConnectChallenge. Timestamp: 0.016667, Cookie: 159041223071105238070238227185188133097147043010020000069175
[2020.11.01-01.50.59:544][752]LogNet: NotifyAcceptingConnection accepted from: 127.0.0.1:62729
[2020.11.01-01.50.59:544][752]LogHandshake: SendConnectChallenge. Timestamp: 0.016667, Cookie: 245125209145037033074039001236231158070076019099088070008190
[2020.11.01-01.50.59:548][752]LogTemp: Warning: PickupSpawnPontBlueprint_C_0 - Roll: 2.000000 | Chance: 100.000000 -- Success
[2020.11.01-01.50.59:549][752]LogTemp: Warning: Overlap Event
[2020.11.01-01.50.59:549][752]LogTemp: Warning: Overlap Event
[2020.11.01-01.50.59:550][752]LogTemp: Warning: PickupSpawnPontBlueprint_C_1 - Roll: 81.000000 | Chance: 100.000000 -- Success
[2020.11.01-01.50.59:551][752]LogTemp: Warning: Overlap Event
[2020.11.01-01.50.59:551][752]LogTemp: Warning: Overlap Event
[2020.11.01-01.50.59:552][752]LogTemp: Warning: PickupSpawnPontBlueprint_C_2 - Roll: 84.000000 | Chance: 100.000000 -- Success
[2020.11.01-01.50.59:552][752]LogTemp: Warning: Overlap Event
[2020.11.01-01.50.59:552][752]LogTemp: Warning: Overlap Event
[2020.11.01-01.50.59:553][752]LogTemp: Warning: PickupSpawnPontBlueprint_C_3 - Roll: 85.000000 | Chance: 100.000000 -- Success
[2020.11.01-01.50.59:554][752]LogTemp: Warning: Overlap Event
[2020.11.01-01.50.59:554][752]LogTemp: Warning: Overlap Event
[2020.11.01-01.50.59:555][752]LogTemp: Warning: PickupSpawnPontBlueprint_C_4 - Roll: 32.000000 | Chance: 100.000000 -- Success
[2020.11.01-01.50.59:556][752]LogTemp: Warning: Overlap Event
[2020.11.01-01.50.59:556][752]LogTemp: Warning: Overlap Event
[2020.11.01-01.50.59:559][752]LogBehaviorTree: Warning: > Failed to find key 'bDoneMovement' in BB asset BlackboardData /Game/BTforNM/EnemyNMBB.EnemyNMBB. BB Key Selector will be set to 'Invalid'
[2020.11.01-01.50.59:560][752]LogBehaviorTree: Warning: > Failed to find key 'bDoneMovement' in BB asset BlackboardData /Game/BTforNM/EnemyNMBB.EnemyNMBB. BB Key Selector will be set to 'Invalid'
[2020.11.01-01.50.59:561][752]LogBehaviorTree: Warning: > Failed to find key 'bDoneMovement' in BB asset BlackboardData /Game/BTforNM/EnemyNMBB.EnemyNMBB. BB Key Selector will be set to 'Invalid'
[2020.11.01-01.50.59:562][752]LogTemp: Warning: Overlap Event
[2020.11.01-01.50.59:565][752]LogOnline: OSS: Creating online subsystem instance for: :Context_5
[2020.11.01-01.50.59:570][752]LogHandshake: SendChallengeResponse. Timestamp: 0.016667, Cookie: 159041223071105238070238227185188133097147043010020000069175
[2020.11.01-01.50.59:571][752]LogHandshake: SendChallengeResponse. Timestamp: 0.016667, Cookie: 245125209145037033074039001236231158070076019099088070008190
[2020.11.01-01.51.00:245][753]LogNet: NotifyAcceptingConnection accepted from: 127.0.0.1:62728
[2020.11.01-01.51.00:246][753]LogHandshake: SendChallengeAck. InCookie: 159041223071105238070238227185188133097147043010020000069175
[2020.11.01-01.51.00:246][753]LogNet: Server accepting post-challenge connection from: 127.0.0.1:62728
[2020.11.01-01.51.00:247][753]PacketHandlerLog: Loaded PacketHandler component: Engine.EngineHandlerComponentFactory (StatelessConnectHandlerComponent)
[2020.11.01-01.51.00:247][753]LogNet: NotifyAcceptedConnection: Name: ProjectLevel, TimeStamp: 11/01/20 12:51:00, [UNetConnection] RemoteAddr: 127.0.0.1:62728, Name: IpConnection_2, Driver: GameNetDriver IpNetDriver_0, IsServer: YES, PC: NULL, Owner: NULL, UniqueId: INVALID
[2020.11.01-01.51.00:248][753]LogNet: AddClientConnection: Added client connection: [UNetConnection] RemoteAddr: 127.0.0.1:62728, Name: IpConnection_2, Driver: GameNetDriver IpNetDriver_0, IsServer: YES, PC: NULL, Owner: NULL, UniqueId: INVALID
[2020.11.01-01.51.00:248][753]LogNet: NotifyAcceptingConnection accepted from: 127.0.0.1:62729
[2020.11.01-01.51.00:248][753]LogHandshake: SendChallengeAck. InCookie: 245125209145037033074039001236231158070076019099088070008190
[2020.11.01-01.51.00:248][753]LogNet: Server accepting post-challenge connection from: 127.0.0.1:62729
[2020.11.01-01.51.00:249][753]PacketHandlerLog: Loaded PacketHandler component: Engine.EngineHandlerComponentFactory (StatelessConnectHandlerComponent)
[2020.11.01-01.51.00:249][753]LogNet: NotifyAcceptedConnection: Name: ProjectLevel, TimeStamp: 11/01/20 12:51:00, [UNetConnection] RemoteAddr: 127.0.0.1:62729, Name: IpConnection_3, Driver: GameNetDriver IpNetDriver_0, IsServer: YES, PC: NULL, Owner: NULL, UniqueId: INVALID
[2020.11.01-01.51.00:249][753]LogNet: AddClientConnection: Added client connection: [UNetConnection] RemoteAddr: 127.0.0.1:62729, Name: IpConnection_3, Driver: GameNetDriver IpNetDriver_0, IsServer: YES, PC: NULL, Owner: NULL, UniqueId: INVALID
[2020.11.01-01.51.00:252][753]LogNetVersion: AdvGamesProgramming 1.0.0.0, NetCL: 10570792, EngineNetVer: 13, GameNetVer: 0 (Checksum: 1585971074)
[2020.11.01-01.51.00:252][753]LogNet: UPendingNetGame::SendInitialJoin: Sending hello. [UNetConnection] RemoteAddr: 127.0.0.1:17777, Name: IpConnection_0, Driver: PendingNetDriver IpNetDriver_1, IsServer: NO, PC: NULL, Owner: NULL, UniqueId: INVALID
[2020.11.01-01.51.00:253][753]LogNet: UPendingNetGame::SendInitialJoin: Sending hello. [UNetConnection] RemoteAddr: 127.0.0.1:17777, Name: IpConnection_1, Driver: PendingNetDriver IpNetDriver_2, IsServer: NO, PC: NULL, Owner: NULL, UniqueId: INVALID
[2020.11.01-01.51.00:269][754]LogNet: NotifyAcceptingChannel Control 0 server World /Game/Levels/UEDPIE_1_ProjectLevel.ProjectLevel: Accepted
[2020.11.01-01.51.00:269][754]LogNet: Remote platform little endian=1
[2020.11.01-01.51.00:269][754]LogNet: This platform little endian=1
[2020.11.01-01.51.00:269][754]LogNet: NotifyAcceptingChannel Control 0 server World /Game/Levels/UEDPIE_1_ProjectLevel.ProjectLevel: Accepted
[2020.11.01-01.51.00:270][754]LogNet: Remote platform little endian=1
[2020.11.01-01.51.00:270][754]LogNet: This platform little endian=1
[2020.11.01-01.51.00:271][754]LogOnline: OSS: Creating online subsystem instance for: :Context_6
[2020.11.01-01.51.00:275][754]LogOnline: OSS: Creating online subsystem instance for: :Context_7
[2020.11.01-01.51.00:289][755]LogNet: Login request: /Game/Levels/TestingMap?Name=DESKTOP-DOLCJVN-193F5DAA4BC9CA1DFAF88A9C0B59CB8C userId: NULL:DESKTOP-DOLCJVN-193F5DAA4BC9CA1DFAF88A9C0B59CB8C platform: NULL
[2020.11.01-01.51.00:289][755]LogNet: Login request: /Game/Levels/TestingMap?Name=DESKTOP-DOLCJVN-BF53154F4B07993319E7DBAD9B8B397A userId: NULL:DESKTOP-DOLCJVN-BF53154F4B07993319E7DBAD9B8B397A platform: NULL
[2020.11.01-01.51.00:291][755]LogNet: Welcomed by server (Level: /Game/Levels/UEDPIE_1_ProjectLevel, Game: /Game/Blueprints/MultiplayerGameModeBlueprint.MultiplayerGameModeBlueprint_C)
[2020.11.01-01.51.00:292][755]LogLoad: LoadMap: 127.0.0.1:17777//Game/Levels/UEDPIE_1_ProjectLevel?game=/Game/Blueprints/MultiplayerGameModeBlueprint.MultiplayerGameModeBlueprint_C
[2020.11.01-01.51.00:292][755]LogWorld: BeginTearingDown for /Temp/Untitled_1
[2020.11.01-01.51.00:292][755]LogWorld: UWorld::CleanupWorld for Untitled, bSessionEnded=true, bCleanupResources=true
[2020.11.01-01.51.00:292][755]LogSlate: InvalidateAllWidgets triggered.  All widgets were invalidated
[2020.11.01-01.51.00:293][755]LogAudioMixer: Display: No commands were queued while flushing the source manager.
[2020.11.01-01.51.00:376][755]LogUObjectHash: Compacting FUObjectHashTables data took   7.16ms
[2020.11.01-01.51.00:431][755]LogAIModule: Creating AISystem for world ProjectLevel
[2020.11.01-01.51.00:433][755]LogWorld: Bringing World /Game/Levels/UEDPIE_2_ProjectLevel.ProjectLevel up for play (max tick rate 60) at 2020.11.01-12.51.00
[2020.11.01-01.51.00:434][755]LogWorld: Bringing up level for play took: 0.001185
[2020.11.01-01.51.00:435][755]LogLoad: Took 0.142352 seconds to LoadMap(/Game/Levels/UEDPIE_1_ProjectLevel)
[2020.11.01-01.51.00:435][755]LogNet: Welcomed by server (Level: /Game/Levels/UEDPIE_1_ProjectLevel, Game: /Game/Blueprints/MultiplayerGameModeBlueprint.MultiplayerGameModeBlueprint_C)
[2020.11.01-01.51.00:436][755]LogLoad: LoadMap: 127.0.0.1:17777//Game/Levels/UEDPIE_1_ProjectLevel?game=/Game/Blueprints/MultiplayerGameModeBlueprint.MultiplayerGameModeBlueprint_C
[2020.11.01-01.51.00:436][755]LogWorld: BeginTearingDown for /Temp/Untitled_2
[2020.11.01-01.51.00:436][755]LogWorld: UWorld::CleanupWorld for Untitled, bSessionEnded=true, bCleanupResources=true
[2020.11.01-01.51.00:436][755]LogSlate: InvalidateAllWidgets triggered.  All widgets were invalidated
[2020.11.01-01.51.00:436][755]LogAudioMixer: Display: No commands were queued while flushing the source manager.
[2020.11.01-01.51.00:521][755]LogUObjectHash: Compacting FUObjectHashTables data took   5.33ms
[2020.11.01-01.51.00:532][755]LogAIModule: Creating AISystem for world ProjectLevel
[2020.11.01-01.51.00:534][755]LogWorld: Bringing World /Game/Levels/UEDPIE_3_ProjectLevel.ProjectLevel up for play (max tick rate 60) at 2020.11.01-12.51.00
[2020.11.01-01.51.00:535][755]LogWorld: Bringing up level for play took: 0.000825
[2020.11.01-01.51.00:535][755]LogLoad: Took 0.100342 seconds to LoadMap(/Game/Levels/UEDPIE_1_ProjectLevel)
[2020.11.01-01.51.00:561][756]LogNet: Client netspeed is 10000
[2020.11.01-01.51.00:561][756]LogNet: Join request: /Game/Levels/TestingMap?Name=DESKTOP-DOLCJVN-193F5DAA4BC9CA1DFAF88A9C0B59CB8C?SplitscreenCount=1
[2020.11.01-01.51.00:562][756]LogOnlineSession: Warning: OSS: No game present to join for session (GameSession)
[2020.11.01-01.51.00:563][756]LogGameMode: Display: Match State Changed from WaitingToStart to InProgress
[2020.11.01-01.51.00:566][756]LogGameState: Match State Changed from WaitingToStart to InProgress
[2020.11.01-01.51.00:566][756]LogNet: Join succeeded: DESKTOP-DOLCJVN-193F
[2020.11.01-01.51.00:567][756]LogNet: Client netspeed is 10000
[2020.11.01-01.51.00:567][756]LogNet: Join request: /Game/Levels/TestingMap?Name=DESKTOP-DOLCJVN-BF53154F4B07993319E7DBAD9B8B397A?SplitscreenCount=1
[2020.11.01-01.51.00:567][756]LogOnlineSession: Warning: OSS: No game present to join for session (GameSession)
[2020.11.01-01.51.00:570][756]LogNet: Join succeeded: DESKTOP-DOLCJVN-BF53
[2020.11.01-01.51.00:587][757]LogRenderer: Reallocating scene render targets to support 1280x720 Format 10 NumSamples 1 (Frame:1).
[2020.11.01-01.51.00:766][761]LogOnlineSession: Warning: OSS: No game present to join for session (GameSession)
[2020.11.01-01.51.00:886][765]LogOnlineSession: Warning: OSS: No game present to join for session (GameSession)
[2020.11.01-01.51.00:889][765]LogOnlineSession: Warning: OSS: No game present to join for session (GameSession)
[2020.11.01-01.51.00:938][767]LogOnlineSession: Warning: OSS: No game present to join for session (GameSession)
[2020.11.01-01.51.01:008][769]LogTemp: Warning: PickupSpawnPontBlueprint_C_0 - Roll: 93.000000 | Chance: 100.000000 -- Success
[2020.11.01-01.51.01:009][769]LogTemp: Warning: Overlap Event
[2020.11.01-01.51.01:010][769]LogTemp: Warning: Overlap Event
[2020.11.01-01.51.01:011][769]LogTemp: Warning: PickupSpawnPontBlueprint_C_1 - Roll: 98.000000 | Chance: 100.000000 -- Success
[2020.11.01-01.51.01:012][769]LogTemp: Warning: Overlap Event
[2020.11.01-01.51.01:013][769]LogTemp: Warning: Overlap Event
[2020.11.01-01.51.01:014][769]LogTemp: Warning: PickupSpawnPontBlueprint_C_2 - Roll: 41.000000 | Chance: 100.000000 -- Success
[2020.11.01-01.51.01:016][769]LogTemp: Warning: Overlap Event
[2020.11.01-01.51.01:016][769]LogTemp: Warning: Overlap Event
[2020.11.01-01.51.01:016][769]LogTemp: Warning: Overlap Event
[2020.11.01-01.51.01:018][769]LogTemp: Warning: PickupSpawnPontBlueprint_C_3 - Roll: 80.000000 | Chance: 100.000000 -- Success
[2020.11.01-01.51.01:019][769]LogTemp: Warning: Overlap Event
[2020.11.01-01.51.01:019][769]LogTemp: Warning: Overlap Event
[2020.11.01-01.51.01:021][769]LogTemp: Warning: PickupSpawnPontBlueprint_C_4 - Roll: 79.000000 | Chance: 100.000000 -- Success
[2020.11.01-01.51.01:021][769]LogTemp: Warning: Overlap Event
[2020.11.01-01.51.01:022][769]LogTemp: Warning: Overlap Event
[2020.11.01-01.51.01:024][769]LogTemp: Warning: Overlap Event
[2020.11.01-01.51.01:030][769]LogTemp: Warning: PickupSpawnPontBlueprint_C_0 - Roll: 2.000000 | Chance: 100.000000 -- Success
[2020.11.01-01.51.01:031][769]LogTemp: Warning: Overlap Event
[2020.11.01-01.51.01:031][769]LogTemp: Warning: Overlap Event
[2020.11.01-01.51.01:033][769]LogTemp: Warning: PickupSpawnPontBlueprint_C_1 - Roll: 81.000000 | Chance: 100.000000 -- Success
[2020.11.01-01.51.01:035][769]LogTemp: Warning: Overlap Event
[2020.11.01-01.51.01:035][769]LogTemp: Warning: Overlap Event
[2020.11.01-01.51.01:036][769]LogTemp: Warning: PickupSpawnPontBlueprint_C_2 - Roll: 73.000000 | Chance: 100.000000 -- Success
[2020.11.01-01.51.01:037][769]LogTemp: Warning: Overlap Event
[2020.11.01-01.51.01:037][769]LogTemp: Warning: Overlap Event
[2020.11.01-01.51.01:037][769]LogTemp: Warning: Overlap Event
[2020.11.01-01.51.01:039][769]LogTemp: Warning: PickupSpawnPontBlueprint_C_3 - Roll: 34.000000 | Chance: 100.000000 -- Success
[2020.11.01-01.51.01:040][769]LogTemp: Warning: Overlap Event
[2020.11.01-01.51.01:040][769]LogTemp: Warning: Overlap Event
[2020.11.01-01.51.01:044][769]LogTemp: Warning: PickupSpawnPontBlueprint_C_4 - Roll: 52.000000 | Chance: 100.000000 -- Success
[2020.11.01-01.51.01:045][769]LogTemp: Warning: Overlap Event
[2020.11.01-01.51.01:046][769]LogTemp: Warning: Overlap Event
[2020.11.01-01.51.01:050][769]LogTemp: Warning: Overlap Event
