Log file open, 09/11/20 14:34:48
LogWindows: Failed to load 'aqProf.dll' (GetLastError=126)
LogWindows: File 'aqProf.dll' does not exist
LogWindows: Failed to load 'VtuneApi.dll' (GetLastError=126)
LogWindows: File 'VtuneApi.dll' does not exist
LogWindows: Failed to load 'VtuneApi32e.dll' (GetLastError=126)
LogWindows: File 'VtuneApi32e.dll' does not exist
LogConsoleResponse: Display: Failed to find resolution value strings in scalability ini. Falling back to default.
LogInit: Display: Running engine for game: AdvGamesProgramming
LogPlatformFile: Not using cached read wrapper
LogTaskGraph: Started task graph with 5 named threads and 23 total threads with 3 sets of task threads.
LogStats: Stats thread started at 0.645172
LogD3D11RHI: Loaded GFSDK_Aftermath_Lib.x64.dll
LogICUInternationalization: ICU TimeZone Detection - Raw Offset: +10:00, Platform Override: ''
LogPluginManager: Mounting plugin Paper2D
LogPluginManager: Mounting plugin AISupport
LogPluginManager: Mounting plugin LightPropagationVolume
LogPluginManager: Mounting plugin ActorLayerUtilities
LogPluginManager: Mounting plugin AnimationSharing
LogPluginManager: Mounting plugin CLionSourceCodeAccess
LogPluginManager: Mounting plugin CodeLiteSourceCodeAccess
LogPluginManager: Mounting plugin GitSourceControl
LogPluginManager: Mounting plugin KDevelopSourceCodeAccess
LogPluginManager: Mounting plugin NullSourceCodeAccess
LogPluginManager: Mounting plugin PerforceSourceControl
LogPluginManager: Mounting plugin PlasticSourceControl
LogPluginManager: Mounting plugin SubversionSourceControl
LogPluginManager: Mounting plugin UObjectPlugin
LogPluginManager: Mounting plugin VisualStudioCodeSourceCodeAccess
LogPluginManager: Mounting plugin VisualStudioSourceCodeAccess
LogPluginManager: Mounting plugin XCodeSourceCodeAccess
LogPluginManager: Mounting plugin AssetManagerEditor
LogPluginManager: Mounting plugin CryptoKeys
LogPluginManager: Mounting plugin CurveEditorTools
LogPluginManager: Mounting plugin DataValidation
LogPluginManager: Mounting plugin FacialAnimation
LogPluginManager: Mounting plugin GameplayTagsEditor
LogPluginManager: Mounting plugin MacGraphicsSwitching
LogPluginManager: Mounting plugin MaterialAnalyzer
LogPluginManager: Mounting plugin MobileLauncherProfileWizard
LogPluginManager: Mounting plugin PluginBrowser
LogPluginManager: Mounting plugin SpeedTreeImporter
LogPluginManager: Mounting plugin DatasmithContent
LogPluginManager: Mounting plugin VariantManagerContent
LogPluginManager: Mounting plugin AlembicImporter
LogPluginManager: Mounting plugin AutomationUtils
LogPluginManager: Mounting plugin BackChannel
LogPluginManager: Mounting plugin CharacterAI
LogPluginManager: Mounting plugin GeometryCache
LogPluginManager: Mounting plugin PlatformCrypto
LogPluginManager: Mounting plugin ProxyLODPlugin
LogPluginManager: Mounting plugin SkeletalReduction
LogPluginManager: Mounting plugin MagicLeap
LogPluginManager: Mounting plugin MagicLeapMedia
LogPluginManager: Mounting plugin MLSDK
LogPluginManager: Mounting plugin AndroidMedia
LogPluginManager: Mounting plugin AvfMedia
LogPluginManager: Mounting plugin ImgMedia
LogPluginManager: Mounting plugin MediaCompositing
LogPluginManager: Mounting plugin MediaPlayerEditor
LogPluginManager: Mounting plugin WebMMedia
LogPluginManager: Mounting plugin WmfMedia
LogPluginManager: Mounting plugin TcpMessaging
LogPluginManager: Mounting plugin UdpMessaging
LogPluginManager: Mounting plugin ActorSequence
LogPluginManager: Mounting plugin LevelSequenceEditor
LogPluginManager: Mounting plugin MatineeToLevelSequence
LogPluginManager: Mounting plugin NetcodeUnitTest
LogPluginManager: Mounting plugin NUTUnrealEngine4
LogPluginManager: Mounting plugin OnlineSubsystemGooglePlay
LogPluginManager: Mounting plugin OnlineSubsystemIOS
LogPluginManager: Mounting plugin OnlineSubsystem
LogPluginManager: Mounting plugin OnlineSubsystemNull
LogPluginManager: Mounting plugin OnlineSubsystemUtils
LogPluginManager: Mounting plugin LauncherChunkInstaller
LogPluginManager: Mounting plugin AndroidDeviceProfileSelector
LogPluginManager: Mounting plugin AndroidMoviePlayer
LogPluginManager: Mounting plugin AndroidPermission
LogPluginManager: Mounting plugin AppleImageUtils
LogPluginManager: Mounting plugin AppleMoviePlayer
LogPluginManager: Mounting plugin ArchVisCharacter
LogPluginManager: Mounting plugin AssetTags
LogPluginManager: Mounting plugin AudioCapture
LogPluginManager: Mounting plugin CableComponent
LogPluginManager: Mounting plugin CustomMeshComponent
LogPluginManager: Mounting plugin EditableMesh
LogPluginManager: Mounting plugin ExampleDeviceProfileSelector
LogPluginManager: Mounting plugin GoogleCloudMessaging
LogPluginManager: Mounting plugin IOSDeviceProfileSelector
LogPluginManager: Mounting plugin LinuxDeviceProfileSelector
LogPluginManager: Mounting plugin LocationServicesBPLibrary
LogPluginManager: Mounting plugin MobilePatchingUtils
LogPluginManager: Mounting plugin OculusVR
LogPluginManager: Mounting plugin PhysXVehicles
LogPluginManager: Mounting plugin PostSplashScreen
LogPluginManager: Mounting plugin ProceduralMeshComponent
LogPluginManager: Mounting plugin RuntimePhysXCooking
LogPluginManager: Mounting plugin SignificanceManager
LogPluginManager: Mounting plugin SteamVR
LogPluginManager: Mounting plugin WebMMoviePlayer
LogPluginManager: Mounting plugin WindowsMoviePlayer
LogPluginManager: Mounting plugin ScreenshotTools
LogInit: Using libcurl 7.55.1-DEV
LogInit:  - built for x86_64-pc-win32
LogInit:  - supports SSL with OpenSSL/1.1.1
LogInit:  - supports HTTP deflate (compression) using libz 1.2.8
LogInit:  - other features:
LogInit:      CURL_VERSION_SSL
LogInit:      CURL_VERSION_LIBZ
LogInit:      CURL_VERSION_IPV6
LogInit:      CURL_VERSION_ASYNCHDNS
LogInit:      CURL_VERSION_LARGEFILE
LogInit:      CURL_VERSION_IDN
LogInit:  CurlRequestOptions (configurable via config and command line):
LogInit:  - bVerifyPeer = true  - Libcurl will verify peer certificate
LogInit:  - bUseHttpProxy = false  - Libcurl will NOT use HTTP proxy
LogInit:  - bDontReuseConnections = false  - Libcurl will reuse connections
LogInit:  - MaxHostConnections = 16  - Libcurl will limit the number of connections to a host
LogInit:  - LocalHostAddr = Default
LogInit:  - BufferSize = 65536
LogOnline: OSS: Creating online subsystem instance for: NULL
LogInit: WinSock: version 1.1 (2.2), MaxSocks=32767, MaxUdp=65467
LogOnline: OSS: TryLoadSubsystemAndSetDefault: Loaded subsystem for module [NULL]
LogInit: Build: ++UE4+Release-4.24-CL-11590370
LogInit: Engine Version: 4.24.3-11590370+++UE4+Release-4.24
LogInit: Compatible Engine Version: 4.24.0-10570792+++UE4+Release-4.24
LogInit: Net CL: 10570792
LogInit: OS: Windows 10 (Release 1903) (), CPU: Intel(R) Core(TM) i7-6700HQ CPU @ 2.60GHz, GPU: Intel(R) HD Graphics 530
LogInit: Compiled (64-bit): Feb 24 2020 15:39:18
LogInit: Compiled with Visual C++: 19.16.27032.01
LogInit: Build Configuration: Development
LogInit: Branch Name: ++UE4+Release-4.24
LogInit: Command Line: 
LogInit: Base Directory: C:/Program Files/Epic Games/UE_4.24/Engine/Binaries/Win64/
LogInit: Installed Engine Build: 1
LogDevObjectVersion: Number of dev versions registered: 25
LogDevObjectVersion:   Dev-Blueprints (B0D832E4-1F89-4F0D-ACCF-7EB736FD4AA2): 10
LogDevObjectVersion:   Dev-Build (E1C64328-A22C-4D53-A36C-8E866417BD8C): 0
LogDevObjectVersion:   Dev-Core (375EC13C-06E4-48FB-B500-84F0262A717E): 3
LogDevObjectVersion:   Dev-Editor (E4B068ED-F494-42E9-A231-DA0B2E46BB41): 37
LogDevObjectVersion:   Dev-Framework (CFFC743F-43B0-4480-9391-14DF171D2073): 36
LogDevObjectVersion:   Dev-Mobile (B02B49B5-BB20-44E9-A304-32B752E40360): 2
LogDevObjectVersion:   Dev-Networking (A4E4105C-59A1-49B5-A7C5-40C4547EDFEE): 0
LogDevObjectVersion:   Dev-Online (39C831C9-5AE6-47DC-9A44-9C173E1C8E7C): 0
LogDevObjectVersion:   Dev-Physics (78F01B33-EBEA-4F98-B9B4-84EACCB95AA2): 2
LogDevObjectVersion:   Dev-Platform (6631380F-2D4D-43E0-8009-CF276956A95A): 0
LogDevObjectVersion:   Dev-Rendering (12F88B9F-8875-4AFC-A67C-D90C383ABD29): 36
LogDevObjectVersion:   Dev-Sequencer (7B5AE74C-D270-4C10-A958-57980B212A5A): 11
LogDevObjectVersion:   Dev-VR (D7296918-1DD6-4BDD-9DE2-64A83CC13884): 2
LogDevObjectVersion:   Dev-LoadTimes (C2A15278-BFE7-4AFE-6C17-90FF531DF755): 1
LogDevObjectVersion:   Private-Geometry (6EACA3D4-40EC-4CC1-B786-8BED09428FC5): 3
LogDevObjectVersion:   Dev-AnimPhys (29E575DD-E0A3-4627-9D10-D276232CDCEA): 17
LogDevObjectVersion:   Dev-Anim (AF43A65D-7FD3-4947-9873-3E8ED9C1BB05): 2
LogDevObjectVersion:   Dev-ReflectionCapture (6B266CEC-1EC7-4B8F-A30B-E4D90942FC07): 1
LogDevObjectVersion:   Dev-Automation (0DF73D61-A23F-47EA-B727-89E90C41499A): 1
LogDevObjectVersion:   FortniteMain (601D1886-AC64-4F84-AA16-D3DE0DEAC7D6): 31
LogDevObjectVersion:   Dev-Enterprise (9DFFBCD6-494F-0158-E221-12823C92A888): 8
LogDevObjectVersion:   Dev-Niagara (F2AED0AC-9AFE-416F-8664-AA7FFA26D6FC): 1
LogDevObjectVersion:   Dev-Destruction (174F1F0B-B4C6-45A5-B13F-2EE8D0FB917D): 9
LogDevObjectVersion:   Dev-Physics-Ext (35F94A83-E258-406C-A318-09F59610247C): 8
LogDevObjectVersion:   Dev-CineCamera (B2E18506-4273-CFC2-A54E-F4BB758BBA07): 1
LogInit: Presizing for max 25165824 objects, including 0 objects not considered by GC, pre-allocating 0 bytes for permanent pool.
LogInit: Object subsystem initialized
LogConfig: Setting CVar [[con.DebugEarlyDefault:1]]
LogConfig: Setting CVar [[r.setres:1280x720]]
[2020.09.11-04.34.48:838][  0]LogConfig: Setting CVar [[r.VSync:0]]
[2020.09.11-04.34.48:838][  0]LogConfig: Setting CVar [[r.RHICmdBypass:0]]
[2020.09.11-04.34.48:838][  0]LogConfig: Applying CVar settings from Section [/Script/Engine.RendererSettings] File [C:/Users/Pog/Documents/School/Year 4/Sem 2/AdvancedGames/Assignment 2/Git/AdvGamesProgramming/GameFiles/Saved/Config/Windows/Engine.ini]
[2020.09.11-04.34.48:838][  0]LogConfig: Setting CVar [[r.GPUCrashDebugging:0]]
[2020.09.11-04.34.48:838][  0]LogConfig: Applying CVar settings from Section [/Script/Engine.RendererOverrideSettings] File [C:/Users/Pog/Documents/School/Year 4/Sem 2/AdvancedGames/Assignment 2/Git/AdvGamesProgramming/GameFiles/Saved/Config/Windows/Engine.ini]
[2020.09.11-04.34.48:838][  0]LogConfig: Applying CVar settings from Section [/Script/Engine.StreamingSettings] File [C:/Users/Pog/Documents/School/Year 4/Sem 2/AdvancedGames/Assignment 2/Git/AdvGamesProgramming/GameFiles/Saved/Config/Windows/Engine.ini]
[2020.09.11-04.34.48:838][  0]LogConfig: Setting CVar [[s.MinBulkDataSizeForAsyncLoading:131072]]
[2020.09.11-04.34.48:838][  0]LogConfig: Setting CVar [[s.AsyncLoadingThreadEnabled:0]]
[2020.09.11-04.34.48:838][  0]LogConfig: Setting CVar [[s.EventDrivenLoaderEnabled:1]]
[2020.09.11-04.34.48:838][  0]LogConfig: Setting CVar [[s.WarnIfTimeLimitExceeded:0]]
[2020.09.11-04.34.48:838][  0]LogConfig: Setting CVar [[s.TimeLimitExceededMultiplier:1.5]]
[2020.09.11-04.34.48:839][  0]LogConfig: Setting CVar [[s.TimeLimitExceededMinTime:0.005]]
[2020.09.11-04.34.48:839][  0]LogConfig: Setting CVar [[s.UseBackgroundLevelStreaming:1]]
[2020.09.11-04.34.48:839][  0]LogConfig: Setting CVar [[s.PriorityAsyncLoadingExtraTime:15.0]]
[2020.09.11-04.34.48:839][  0]LogConfig: Setting CVar [[s.LevelStreamingActorsUpdateTimeLimit:5.0]]
[2020.09.11-04.34.48:839][  0]LogConfig: Setting CVar [[s.PriorityLevelStreamingActorsUpdateExtraTime:5.0]]
[2020.09.11-04.34.48:839][  0]LogConfig: Setting CVar [[s.LevelStreamingComponentsRegistrationGranularity:10]]
[2020.09.11-04.34.48:839][  0]LogConfig: Setting CVar [[s.UnregisterComponentsTimeLimit:1.0]]
[2020.09.11-04.34.48:839][  0]LogConfig: Setting CVar [[s.LevelStreamingComponentsUnregistrationGranularity:5]]
[2020.09.11-04.34.48:839][  0]LogConfig: Setting CVar [[s.FlushStreamingOnExit:1]]
[2020.09.11-04.34.48:839][  0]LogConfig: Applying CVar settings from Section [/Script/Engine.GarbageCollectionSettings] File [C:/Users/Pog/Documents/School/Year 4/Sem 2/AdvancedGames/Assignment 2/Git/AdvGamesProgramming/GameFiles/Saved/Config/Windows/Engine.ini]
[2020.09.11-04.34.48:839][  0]LogConfig: Setting CVar [[gc.MaxObjectsNotConsideredByGC:1]]
[2020.09.11-04.34.48:839][  0]LogConfig: Setting CVar [[gc.SizeOfPermanentObjectPool:0]]
[2020.09.11-04.34.48:839][  0]LogConfig: Setting CVar [[gc.FlushStreamingOnGC:0]]
[2020.09.11-04.34.48:839][  0]LogConfig: Setting CVar [[gc.NumRetriesBeforeForcingGC:10]]
[2020.09.11-04.34.48:839][  0]LogConfig: Setting CVar [[gc.AllowParallelGC:1]]
[2020.09.11-04.34.48:839][  0]LogConfig: Setting CVar [[gc.TimeBetweenPurgingPendingKillObjects:61.1]]
[2020.09.11-04.34.48:839][  0]LogConfig: Setting CVar [[gc.MaxObjectsInEditor:25165824]]
[2020.09.11-04.34.48:839][  0]LogConfig: Setting CVar [[gc.IncrementalBeginDestroyEnabled:1]]
[2020.09.11-04.34.48:839][  0]LogConfig: Setting CVar [[gc.CreateGCClusters:1]]
[2020.09.11-04.34.48:839][  0]LogConfig: Setting CVar [[gc.MinGCClusterSize:5]]
[2020.09.11-04.34.48:839][  0]LogConfig: Setting CVar [[gc.ActorClusteringEnabled:0]]
[2020.09.11-04.34.48:839][  0]LogConfig: Setting CVar [[gc.BlueprintClusteringEnabled:0]]
[2020.09.11-04.34.48:839][  0]LogConfig: Setting CVar [[gc.UseDisregardForGCOnDedicatedServers:0]]
[2020.09.11-04.34.48:839][  0]LogConfig: Applying CVar settings from Section [/Script/Engine.NetworkSettings] File [C:/Users/Pog/Documents/School/Year 4/Sem 2/AdvancedGames/Assignment 2/Git/AdvGamesProgramming/GameFiles/Saved/Config/Windows/Engine.ini]
[2020.09.11-04.34.48:840][  0]LogConfig: Applying CVar settings from Section [/Script/UnrealEd.CookerSettings] File [C:/Users/Pog/Documents/School/Year 4/Sem 2/AdvancedGames/Assignment 2/Git/AdvGamesProgramming/GameFiles/Saved/Config/Windows/Engine.ini]
[2020.09.11-04.34.48:845][  0]LogConfig: Applying CVar settings from Section [ViewDistanceQuality@3] File [C:/Users/Pog/Documents/School/Year 4/Sem 2/AdvancedGames/Assignment 2/Git/AdvGamesProgramming/GameFiles/Saved/Config/Windows/Scalability.ini]
[2020.09.11-04.34.48:845][  0]LogConfig: Setting CVar [[r.SkeletalMeshLODBias:0]]
[2020.09.11-04.34.48:846][  0]LogConfig: Setting CVar [[r.ViewDistanceScale:1.0]]
[2020.09.11-04.34.48:846][  0]LogConfig: Applying CVar settings from Section [AntiAliasingQuality@3] File [C:/Users/Pog/Documents/School/Year 4/Sem 2/AdvancedGames/Assignment 2/Git/AdvGamesProgramming/GameFiles/Saved/Config/Windows/Scalability.ini]
[2020.09.11-04.34.48:846][  0]LogConfig: Setting CVar [[r.PostProcessAAQuality:4]]
[2020.09.11-04.34.48:846][  0]LogConfig: Applying CVar settings from Section [ShadowQuality@3] File [C:/Users/Pog/Documents/School/Year 4/Sem 2/AdvancedGames/Assignment 2/Git/AdvGamesProgramming/GameFiles/Saved/Config/Windows/Scalability.ini]
[2020.09.11-04.34.48:846][  0]LogConfig: Setting CVar [[r.LightFunctionQuality:1]]
[2020.09.11-04.34.48:846][  0]LogConfig: Setting CVar [[r.ShadowQuality:5]]
[2020.09.11-04.34.48:846][  0]LogConfig: Setting CVar [[r.Shadow.CSM.MaxCascades:10]]
[2020.09.11-04.34.48:846][  0]LogConfig: Setting CVar [[r.Shadow.MaxResolution:2048]]
[2020.09.11-04.34.48:846][  0]LogConfig: Setting CVar [[r.Shadow.MaxCSMResolution:2048]]
[2020.09.11-04.34.48:846][  0]LogConfig: Setting CVar [[r.Shadow.RadiusThreshold:0.01]]
[2020.09.11-04.34.48:846][  0]LogConfig: Setting CVar [[r.Shadow.DistanceScale:1.0]]
[2020.09.11-04.34.48:846][  0]LogConfig: Setting CVar [[r.Shadow.CSM.TransitionScale:1.0]]
[2020.09.11-04.34.48:846][  0]LogConfig: Setting CVar [[r.Shadow.PreShadowResolutionFactor:1.0]]
[2020.09.11-04.34.48:846][  0]LogConfig: Setting CVar [[r.DistanceFieldShadowing:1]]
[2020.09.11-04.34.48:846][  0]LogConfig: Setting CVar [[r.DistanceFieldAO:1]]
[2020.09.11-04.34.48:846][  0]LogConfig: Setting CVar [[r.AOQuality:2]]
[2020.09.11-04.34.48:846][  0]LogConfig: Setting CVar [[r.VolumetricFog:1]]
[2020.09.11-04.34.48:846][  0]LogConfig: Setting CVar [[r.VolumetricFog.GridPixelSize:8]]
[2020.09.11-04.34.48:847][  0]LogConfig: Setting CVar [[r.VolumetricFog.GridSizeZ:128]]
[2020.09.11-04.34.48:847][  0]LogConfig: Setting CVar [[r.VolumetricFog.HistoryMissSupersampleCount:4]]
[2020.09.11-04.34.48:847][  0]LogConfig: Setting CVar [[r.LightMaxDrawDistanceScale:1]]
[2020.09.11-04.34.48:847][  0]LogConfig: Setting CVar [[r.CapsuleShadows:1]]
[2020.09.11-04.34.48:847][  0]LogConfig: Applying CVar settings from Section [PostProcessQuality@3] File [C:/Users/Pog/Documents/School/Year 4/Sem 2/AdvancedGames/Assignment 2/Git/AdvGamesProgramming/GameFiles/Saved/Config/Windows/Scalability.ini]
[2020.09.11-04.34.48:847][  0]LogConfig: Setting CVar [[r.MotionBlurQuality:4]]
[2020.09.11-04.34.48:847][  0]LogConfig: Setting CVar [[r.AmbientOcclusionMipLevelFactor:0.4]]
[2020.09.11-04.34.48:847][  0]LogConfig: Setting CVar [[r.AmbientOcclusionMaxQuality:100]]
[2020.09.11-04.34.48:847][  0]LogConfig: Setting CVar [[r.AmbientOcclusionLevels:-1]]
[2020.09.11-04.34.48:847][  0]LogConfig: Setting CVar [[r.AmbientOcclusionRadiusScale:1.0]]
[2020.09.11-04.34.48:847][  0]LogConfig: Setting CVar [[r.DepthOfFieldQuality:2]]
[2020.09.11-04.34.48:847][  0]LogConfig: Setting CVar [[r.RenderTargetPoolMin:400]]
[2020.09.11-04.34.48:847][  0]LogConfig: Setting CVar [[r.LensFlareQuality:2]]
[2020.09.11-04.34.48:847][  0]LogConfig: Setting CVar [[r.SceneColorFringeQuality:1]]
[2020.09.11-04.34.48:847][  0]LogConfig: Setting CVar [[r.EyeAdaptationQuality:2]]
[2020.09.11-04.34.48:847][  0]LogConfig: Setting CVar [[r.BloomQuality:5]]
[2020.09.11-04.34.48:847][  0]LogConfig: Setting CVar [[r.FastBlurThreshold:100]]
[2020.09.11-04.34.48:848][  0]LogConfig: Setting CVar [[r.Upscale.Quality:3]]
[2020.09.11-04.34.48:848][  0]LogConfig: Setting CVar [[r.Tonemapper.GrainQuantization:1]]
[2020.09.11-04.34.48:848][  0]LogConfig: Setting CVar [[r.LightShaftQuality:1]]
[2020.09.11-04.34.48:848][  0]LogConfig: Setting CVar [[r.Filter.SizeScale:1]]
[2020.09.11-04.34.48:848][  0]LogConfig: Setting CVar [[r.Tonemapper.Quality:5]]
[2020.09.11-04.34.48:848][  0]LogConfig: Setting CVar [[r.DOF.Gather.AccumulatorQuality:1        ; higher gathering accumulator quality]]
[2020.09.11-04.34.48:848][  0]LogConfig: Setting CVar [[r.DOF.Gather.PostfilterMethod:1          ; Median3x3 postfilering method]]
[2020.09.11-04.34.48:848][  0]LogConfig: Setting CVar [[r.DOF.Gather.EnableBokehSettings:0       ; no bokeh simulation when gathering]]
[2020.09.11-04.34.48:848][  0]LogConfig: Setting CVar [[r.DOF.Gather.RingCount:4                 ; medium number of samples when gathering]]
[2020.09.11-04.34.48:848][  0]LogConfig: Setting CVar [[r.DOF.Scatter.ForegroundCompositing:1    ; additive foreground scattering]]
[2020.09.11-04.34.48:848][  0]LogConfig: Setting CVar [[r.DOF.Scatter.BackgroundCompositing:2    ; additive background scattering]]
[2020.09.11-04.34.48:848][  0]LogConfig: Setting CVar [[r.DOF.Scatter.EnableBokehSettings:1      ; bokeh simulation when scattering]]
[2020.09.11-04.34.48:848][  0]LogConfig: Setting CVar [[r.DOF.Scatter.MaxSpriteRatio:0.1         ; only a maximum of 10% of scattered bokeh]]
[2020.09.11-04.34.48:848][  0]LogConfig: Setting CVar [[r.DOF.Recombine.Quality:1                ; cheap slight out of focus]]
[2020.09.11-04.34.48:848][  0]LogConfig: Setting CVar [[r.DOF.Recombine.EnableBokehSettings:0    ; no bokeh simulation on slight out of focus]]
[2020.09.11-04.34.48:848][  0]LogConfig: Setting CVar [[r.DOF.TemporalAAQuality:1                ; more stable temporal accumulation]]
[2020.09.11-04.34.48:849][  0]LogConfig: Setting CVar [[r.DOF.Kernel.MaxForegroundRadius:0.025]]
[2020.09.11-04.34.48:849][  0]LogConfig: Setting CVar [[r.DOF.Kernel.MaxBackgroundRadius:0.025]]
[2020.09.11-04.34.48:849][  0]LogConfig: Applying CVar settings from Section [TextureQuality@3] File [C:/Users/Pog/Documents/School/Year 4/Sem 2/AdvancedGames/Assignment 2/Git/AdvGamesProgramming/GameFiles/Saved/Config/Windows/Scalability.ini]
[2020.09.11-04.34.48:849][  0]LogConfig: Setting CVar [[r.Streaming.MipBias:0]]
[2020.09.11-04.34.48:849][  0]LogConfig: Setting CVar [[r.Streaming.AmortizeCPUToGPUCopy:0]]
[2020.09.11-04.34.48:849][  0]LogConfig: Setting CVar [[r.Streaming.MaxNumTexturesToStreamPerFrame:0]]
[2020.09.11-04.34.48:849][  0]LogConfig: Setting CVar [[r.Streaming.Boost:1]]
[2020.09.11-04.34.48:849][  0]LogConfig: Setting CVar [[r.MaxAnisotropy:8]]
[2020.09.11-04.34.48:849][  0]LogConfig: Setting CVar [[r.VT.MaxAnisotropy:8]]
[2020.09.11-04.34.48:849][  0]LogConfig: Setting CVar [[r.Streaming.LimitPoolSizeToVRAM:0]]
[2020.09.11-04.34.48:849][  0]LogConfig: Setting CVar [[r.Streaming.PoolSize:1000]]
[2020.09.11-04.34.48:849][  0]LogConfig: Setting CVar [[r.Streaming.MaxEffectiveScreenSize:0]]
[2020.09.11-04.34.48:849][  0]LogConfig: Applying CVar settings from Section [EffectsQuality@3] File [C:/Users/Pog/Documents/School/Year 4/Sem 2/AdvancedGames/Assignment 2/Git/AdvGamesProgramming/GameFiles/Saved/Config/Windows/Scalability.ini]
[2020.09.11-04.34.48:849][  0]LogConfig: Setting CVar [[r.TranslucencyLightingVolumeDim:64]]
[2020.09.11-04.34.48:849][  0]LogConfig: Setting CVar [[r.RefractionQuality:2]]
[2020.09.11-04.34.48:849][  0]LogConfig: Setting CVar [[r.SSR.Quality:3]]
[2020.09.11-04.34.48:849][  0]LogConfig: Setting CVar [[r.SSR.HalfResSceneColor:0]]
[2020.09.11-04.34.48:849][  0]LogConfig: Setting CVar [[r.SceneColorFormat:4]]
[2020.09.11-04.34.48:849][  0]LogConfig: Setting CVar [[r.DetailMode:2]]
[2020.09.11-04.34.48:849][  0]LogConfig: Setting CVar [[r.TranslucencyVolumeBlur:1]]
[2020.09.11-04.34.48:850][  0]LogConfig: Setting CVar [[r.MaterialQualityLevel:1 ; High quality]]
[2020.09.11-04.34.48:850][  0]LogConfig: Setting CVar [[r.SSS.Scale:1]]
[2020.09.11-04.34.48:850][  0]LogConfig: Setting CVar [[r.SSS.SampleSet:2]]
[2020.09.11-04.34.48:850][  0]LogConfig: Setting CVar [[r.SSS.Quality:1]]
[2020.09.11-04.34.48:850][  0]LogConfig: Setting CVar [[r.SSS.HalfRes:1]]
[2020.09.11-04.34.48:850][  0]LogConfig: Setting CVar [[r.SSGI.Quality:3]]
[2020.09.11-04.34.48:850][  0]LogConfig: Setting CVar [[r.EmitterSpawnRateScale:1.0]]
[2020.09.11-04.34.48:850][  0]LogConfig: Setting CVar [[r.ParticleLightQuality:2]]
[2020.09.11-04.34.48:850][  0]LogConfig: Setting CVar [[r.SkyAtmosphere.AerialPerspectiveLUT.FastApplyOnOpaque:1 ; Always have FastSkyLUT 1 in this case to avoid wrong sky]]
[2020.09.11-04.34.48:850][  0]LogConfig: Setting CVar [[r.SkyAtmosphere.AerialPerspectiveLUT.SampleCountPerSlice:1]]
[2020.09.11-04.34.48:850][  0]LogConfig: Setting CVar [[r.SkyAtmosphere.AerialPerspectiveLUT.DepthResolution:16.0]]
[2020.09.11-04.34.48:850][  0]LogConfig: Setting CVar [[r.SkyAtmosphere.FastSkyLUT:1]]
[2020.09.11-04.34.48:850][  0]LogConfig: Setting CVar [[r.SkyAtmosphere.FastSkyLUT.SampleCountMin:4.0]]
[2020.09.11-04.34.48:851][  0]LogConfig: Setting CVar [[r.SkyAtmosphere.FastSkyLUT.SampleCountMax:32.0]]
[2020.09.11-04.34.48:851][  0]LogConfig: Setting CVar [[r.SkyAtmosphere.SampleCountMin:4.0]]
[2020.09.11-04.34.48:851][  0]LogConfig: Setting CVar [[r.SkyAtmosphere.SampleCountMax:32.0]]
[2020.09.11-04.34.48:851][  0]LogConfig: Setting CVar [[r.SkyAtmosphere.TransmittanceLUT.UseSmallFormat:0]]
[2020.09.11-04.34.48:851][  0]LogConfig: Setting CVar [[r.SkyAtmosphere.TransmittanceLUT.SampleCount:10.0]]
[2020.09.11-04.34.48:851][  0]LogConfig: Setting CVar [[r.SkyAtmosphere.MultiScatteringLUT.SampleCount:15.0]]
[2020.09.11-04.34.48:851][  0]LogConfig: Applying CVar settings from Section [FoliageQuality@3] File [C:/Users/Pog/Documents/School/Year 4/Sem 2/AdvancedGames/Assignment 2/Git/AdvGamesProgramming/GameFiles/Saved/Config/Windows/Scalability.ini]
[2020.09.11-04.34.48:851][  0]LogConfig: Setting CVar [[foliage.DensityScale:1.0]]
[2020.09.11-04.34.48:851][  0]LogConfig: Setting CVar [[grass.DensityScale:1.0]]
[2020.09.11-04.34.48:851][  0]LogConfig: Applying CVar settings from Section [ShadingQuality@3] File [C:/Users/Pog/Documents/School/Year 4/Sem 2/AdvancedGames/Assignment 2/Git/AdvGamesProgramming/GameFiles/Saved/Config/Windows/Scalability.ini]
[2020.09.11-04.34.48:851][  0]LogConfig: Setting CVar [[r.HairStrands.SkyLighting.SampleCount:16]]
[2020.09.11-04.34.48:851][  0]LogConfig: Setting CVar [[r.HairStrands.SkyLighting.JitterIntegration:0]]
[2020.09.11-04.34.48:851][  0]LogConfig: Setting CVar [[r.HairStrands.SkyAO.SampleCount:16]]
[2020.09.11-04.34.48:851][  0]LogInit: Selected Device Profile: [Windows]
[2020.09.11-04.34.48:851][  0]LogInit: Applying CVar settings loaded from the selected device profile: [Windows]
[2020.09.11-04.34.48:858][  0]LogHAL: Display: Platform has ~ 16 GB [17067356160 / 17179869184 / 16], which maps to Larger [LargestMinGB=32, LargerMinGB=12, DefaultMinGB=8, SmallerMinGB=6, SmallestMinGB=0)
[2020.09.11-04.34.48:859][  0]LogInit: Going up to parent DeviceProfile []
[2020.09.11-04.34.48:859][  0]LogConfig: Applying CVar settings from Section [ViewDistanceQuality@3] File [C:/Users/Pog/Documents/School/Year 4/Sem 2/AdvancedGames/Assignment 2/Git/AdvGamesProgramming/GameFiles/Saved/Config/Windows/Scalability.ini]
[2020.09.11-04.34.48:859][  0]LogConfig: Setting CVar [[r.SkeletalMeshLODBias:0]]
[2020.09.11-04.34.48:859][  0]LogConfig: Setting CVar [[r.ViewDistanceScale:1.0]]
[2020.09.11-04.34.48:859][  0]LogConfig: Applying CVar settings from Section [AntiAliasingQuality@3] File [C:/Users/Pog/Documents/School/Year 4/Sem 2/AdvancedGames/Assignment 2/Git/AdvGamesProgramming/GameFiles/Saved/Config/Windows/Scalability.ini]
[2020.09.11-04.34.48:859][  0]LogConfig: Setting CVar [[r.PostProcessAAQuality:4]]
[2020.09.11-04.34.48:859][  0]LogConfig: Applying CVar settings from Section [ShadowQuality@3] File [C:/Users/Pog/Documents/School/Year 4/Sem 2/AdvancedGames/Assignment 2/Git/AdvGamesProgramming/GameFiles/Saved/Config/Windows/Scalability.ini]
[2020.09.11-04.34.48:859][  0]LogConfig: Setting CVar [[r.LightFunctionQuality:1]]
[2020.09.11-04.34.48:859][  0]LogConfig: Setting CVar [[r.ShadowQuality:5]]
[2020.09.11-04.34.48:859][  0]LogConfig: Setting CVar [[r.Shadow.CSM.MaxCascades:10]]
[2020.09.11-04.34.48:859][  0]LogConfig: Setting CVar [[r.Shadow.MaxResolution:2048]]
[2020.09.11-04.34.48:859][  0]LogConfig: Setting CVar [[r.Shadow.MaxCSMResolution:2048]]
[2020.09.11-04.34.48:859][  0]LogConfig: Setting CVar [[r.Shadow.RadiusThreshold:0.01]]
[2020.09.11-04.34.48:859][  0]LogConfig: Setting CVar [[r.Shadow.DistanceScale:1.0]]
[2020.09.11-04.34.48:859][  0]LogConfig: Setting CVar [[r.Shadow.CSM.TransitionScale:1.0]]
[2020.09.11-04.34.48:859][  0]LogConfig: Setting CVar [[r.Shadow.PreShadowResolutionFactor:1.0]]
[2020.09.11-04.34.48:859][  0]LogConfig: Setting CVar [[r.DistanceFieldShadowing:1]]
[2020.09.11-04.34.48:859][  0]LogConfig: Setting CVar [[r.DistanceFieldAO:1]]
[2020.09.11-04.34.48:859][  0]LogConfig: Setting CVar [[r.AOQuality:2]]
[2020.09.11-04.34.48:859][  0]LogConfig: Setting CVar [[r.VolumetricFog:1]]
[2020.09.11-04.34.48:859][  0]LogConfig: Setting CVar [[r.VolumetricFog.GridPixelSize:8]]
[2020.09.11-04.34.48:859][  0]LogConfig: Setting CVar [[r.VolumetricFog.GridSizeZ:128]]
[2020.09.11-04.34.48:860][  0]LogConfig: Setting CVar [[r.VolumetricFog.HistoryMissSupersampleCount:4]]
[2020.09.11-04.34.48:860][  0]LogConfig: Setting CVar [[r.LightMaxDrawDistanceScale:1]]
[2020.09.11-04.34.48:860][  0]LogConfig: Setting CVar [[r.CapsuleShadows:1]]
[2020.09.11-04.34.48:860][  0]LogConfig: Applying CVar settings from Section [PostProcessQuality@3] File [C:/Users/Pog/Documents/School/Year 4/Sem 2/AdvancedGames/Assignment 2/Git/AdvGamesProgramming/GameFiles/Saved/Config/Windows/Scalability.ini]
[2020.09.11-04.34.48:860][  0]LogConfig: Setting CVar [[r.MotionBlurQuality:4]]
[2020.09.11-04.34.48:860][  0]LogConfig: Setting CVar [[r.AmbientOcclusionMipLevelFactor:0.4]]
[2020.09.11-04.34.48:860][  0]LogConfig: Setting CVar [[r.AmbientOcclusionMaxQuality:100]]
[2020.09.11-04.34.48:860][  0]LogConfig: Setting CVar [[r.AmbientOcclusionLevels:-1]]
[2020.09.11-04.34.48:860][  0]LogConfig: Setting CVar [[r.AmbientOcclusionRadiusScale:1.0]]
[2020.09.11-04.34.48:860][  0]LogConfig: Setting CVar [[r.DepthOfFieldQuality:2]]
[2020.09.11-04.34.48:860][  0]LogConfig: Setting CVar [[r.RenderTargetPoolMin:400]]
[2020.09.11-04.34.48:860][  0]LogConfig: Setting CVar [[r.LensFlareQuality:2]]
[2020.09.11-04.34.48:860][  0]LogConfig: Setting CVar [[r.SceneColorFringeQuality:1]]
[2020.09.11-04.34.48:860][  0]LogConfig: Setting CVar [[r.EyeAdaptationQuality:2]]
[2020.09.11-04.34.48:860][  0]LogConfig: Setting CVar [[r.BloomQuality:5]]
[2020.09.11-04.34.48:860][  0]LogConfig: Setting CVar [[r.FastBlurThreshold:100]]
[2020.09.11-04.34.48:860][  0]LogConfig: Setting CVar [[r.Upscale.Quality:3]]
[2020.09.11-04.34.48:860][  0]LogConfig: Setting CVar [[r.Tonemapper.GrainQuantization:1]]
[2020.09.11-04.34.48:860][  0]LogConfig: Setting CVar [[r.LightShaftQuality:1]]
[2020.09.11-04.34.48:860][  0]LogConfig: Setting CVar [[r.Filter.SizeScale:1]]
[2020.09.11-04.34.48:860][  0]LogConfig: Setting CVar [[r.Tonemapper.Quality:5]]
[2020.09.11-04.34.48:860][  0]LogConfig: Setting CVar [[r.DOF.Gather.AccumulatorQuality:1        ; higher gathering accumulator quality]]
[2020.09.11-04.34.48:860][  0]LogConfig: Setting CVar [[r.DOF.Gather.PostfilterMethod:1          ; Median3x3 postfilering method]]
[2020.09.11-04.34.48:861][  0]LogConfig: Setting CVar [[r.DOF.Gather.EnableBokehSettings:0       ; no bokeh simulation when gathering]]
[2020.09.11-04.34.48:861][  0]LogConfig: Setting CVar [[r.DOF.Gather.RingCount:4                 ; medium number of samples when gathering]]
[2020.09.11-04.34.48:861][  0]LogConfig: Setting CVar [[r.DOF.Scatter.ForegroundCompositing:1    ; additive foreground scattering]]
[2020.09.11-04.34.48:861][  0]LogConfig: Setting CVar [[r.DOF.Scatter.BackgroundCompositing:2    ; additive background scattering]]
[2020.09.11-04.34.48:861][  0]LogConfig: Setting CVar [[r.DOF.Scatter.EnableBokehSettings:1      ; bokeh simulation when scattering]]
[2020.09.11-04.34.48:861][  0]LogConfig: Setting CVar [[r.DOF.Scatter.MaxSpriteRatio:0.1         ; only a maximum of 10% of scattered bokeh]]
[2020.09.11-04.34.48:861][  0]LogConfig: Setting CVar [[r.DOF.Recombine.Quality:1                ; cheap slight out of focus]]
[2020.09.11-04.34.48:861][  0]LogConfig: Setting CVar [[r.DOF.Recombine.EnableBokehSettings:0    ; no bokeh simulation on slight out of focus]]
[2020.09.11-04.34.48:861][  0]LogConfig: Setting CVar [[r.DOF.TemporalAAQuality:1                ; more stable temporal accumulation]]
[2020.09.11-04.34.48:861][  0]LogConfig: Setting CVar [[r.DOF.Kernel.MaxForegroundRadius:0.025]]
[2020.09.11-04.34.48:861][  0]LogConfig: Setting CVar [[r.DOF.Kernel.MaxBackgroundRadius:0.025]]
[2020.09.11-04.34.48:861][  0]LogConfig: Applying CVar settings from Section [TextureQuality@3] File [C:/Users/Pog/Documents/School/Year 4/Sem 2/AdvancedGames/Assignment 2/Git/AdvGamesProgramming/GameFiles/Saved/Config/Windows/Scalability.ini]
[2020.09.11-04.34.48:861][  0]LogConfig: Setting CVar [[r.Streaming.MipBias:0]]
[2020.09.11-04.34.48:861][  0]LogConfig: Setting CVar [[r.Streaming.AmortizeCPUToGPUCopy:0]]
[2020.09.11-04.34.48:861][  0]LogConfig: Setting CVar [[r.Streaming.MaxNumTexturesToStreamPerFrame:0]]
[2020.09.11-04.34.48:861][  0]LogConfig: Setting CVar [[r.Streaming.Boost:1]]
[2020.09.11-04.34.48:861][  0]LogConfig: Setting CVar [[r.MaxAnisotropy:8]]
[2020.09.11-04.34.48:861][  0]LogConfig: Setting CVar [[r.VT.MaxAnisotropy:8]]
[2020.09.11-04.34.48:861][  0]LogConfig: Setting CVar [[r.Streaming.LimitPoolSizeToVRAM:0]]
[2020.09.11-04.34.48:861][  0]LogConfig: Setting CVar [[r.Streaming.PoolSize:1000]]
[2020.09.11-04.34.48:861][  0]LogConfig: Setting CVar [[r.Streaming.MaxEffectiveScreenSize:0]]
[2020.09.11-04.34.48:861][  0]LogConfig: Applying CVar settings from Section [EffectsQuality@3] File [C:/Users/Pog/Documents/School/Year 4/Sem 2/AdvancedGames/Assignment 2/Git/AdvGamesProgramming/GameFiles/Saved/Config/Windows/Scalability.ini]
[2020.09.11-04.34.48:862][  0]LogConfig: Setting CVar [[r.TranslucencyLightingVolumeDim:64]]
[2020.09.11-04.34.48:862][  0]LogConfig: Setting CVar [[r.RefractionQuality:2]]
[2020.09.11-04.34.48:862][  0]LogConfig: Setting CVar [[r.SSR.Quality:3]]
[2020.09.11-04.34.48:862][  0]LogConfig: Setting CVar [[r.SSR.HalfResSceneColor:0]]
[2020.09.11-04.34.48:862][  0]LogConfig: Setting CVar [[r.SceneColorFormat:4]]
[2020.09.11-04.34.48:862][  0]LogConfig: Setting CVar [[r.DetailMode:2]]
[2020.09.11-04.34.48:862][  0]LogConfig: Setting CVar [[r.TranslucencyVolumeBlur:1]]
[2020.09.11-04.34.48:862][  0]LogConfig: Setting CVar [[r.MaterialQualityLevel:1 ; High quality]]
[2020.09.11-04.34.48:862][  0]LogConfig: Setting CVar [[r.SSS.Scale:1]]
[2020.09.11-04.34.48:862][  0]LogConfig: Setting CVar [[r.SSS.SampleSet:2]]
[2020.09.11-04.34.48:862][  0]LogConfig: Setting CVar [[r.SSS.Quality:1]]
[2020.09.11-04.34.48:862][  0]LogConfig: Setting CVar [[r.SSS.HalfRes:1]]
[2020.09.11-04.34.48:862][  0]LogConfig: Setting CVar [[r.SSGI.Quality:3]]
[2020.09.11-04.34.48:862][  0]LogConfig: Setting CVar [[r.EmitterSpawnRateScale:1.0]]
[2020.09.11-04.34.48:862][  0]LogConfig: Setting CVar [[r.ParticleLightQuality:2]]
[2020.09.11-04.34.48:863][  0]LogConfig: Setting CVar [[r.SkyAtmosphere.AerialPerspectiveLUT.FastApplyOnOpaque:1 ; Always have FastSkyLUT 1 in this case to avoid wrong sky]]
[2020.09.11-04.34.48:863][  0]LogConfig: Setting CVar [[r.SkyAtmosphere.AerialPerspectiveLUT.SampleCountPerSlice:1]]
[2020.09.11-04.34.48:863][  0]LogConfig: Setting CVar [[r.SkyAtmosphere.AerialPerspectiveLUT.DepthResolution:16.0]]
[2020.09.11-04.34.48:863][  0]LogConfig: Setting CVar [[r.SkyAtmosphere.FastSkyLUT:1]]
[2020.09.11-04.34.48:863][  0]LogConfig: Setting CVar [[r.SkyAtmosphere.FastSkyLUT.SampleCountMin:4.0]]
[2020.09.11-04.34.48:863][  0]LogConfig: Setting CVar [[r.SkyAtmosphere.FastSkyLUT.SampleCountMax:32.0]]
[2020.09.11-04.34.48:863][  0]LogConfig: Setting CVar [[r.SkyAtmosphere.SampleCountMin:4.0]]
[2020.09.11-04.34.48:863][  0]LogConfig: Setting CVar [[r.SkyAtmosphere.SampleCountMax:32.0]]
[2020.09.11-04.34.48:863][  0]LogConfig: Setting CVar [[r.SkyAtmosphere.TransmittanceLUT.UseSmallFormat:0]]
[2020.09.11-04.34.48:863][  0]LogConfig: Setting CVar [[r.SkyAtmosphere.TransmittanceLUT.SampleCount:10.0]]
[2020.09.11-04.34.48:863][  0]LogConfig: Setting CVar [[r.SkyAtmosphere.MultiScatteringLUT.SampleCount:15.0]]
[2020.09.11-04.34.48:863][  0]LogConfig: Applying CVar settings from Section [FoliageQuality@3] File [C:/Users/Pog/Documents/School/Year 4/Sem 2/AdvancedGames/Assignment 2/Git/AdvGamesProgramming/GameFiles/Saved/Config/Windows/Scalability.ini]
[2020.09.11-04.34.48:863][  0]LogConfig: Setting CVar [[foliage.DensityScale:1.0]]
[2020.09.11-04.34.48:863][  0]LogConfig: Setting CVar [[grass.DensityScale:1.0]]
[2020.09.11-04.34.48:863][  0]LogConfig: Applying CVar settings from Section [ShadingQuality@3] File [C:/Users/Pog/Documents/School/Year 4/Sem 2/AdvancedGames/Assignment 2/Git/AdvGamesProgramming/GameFiles/Saved/Config/Windows/Scalability.ini]
[2020.09.11-04.34.48:863][  0]LogConfig: Setting CVar [[r.HairStrands.SkyLighting.SampleCount:16]]
[2020.09.11-04.34.48:863][  0]LogConfig: Setting CVar [[r.HairStrands.SkyLighting.JitterIntegration:0]]
[2020.09.11-04.34.48:863][  0]LogConfig: Setting CVar [[r.HairStrands.SkyAO.SampleCount:16]]
[2020.09.11-04.34.48:863][  0]LogConfig: Applying CVar settings from Section [Startup] File [../../../Engine/Config/ConsoleVariables.ini]
[2020.09.11-04.34.48:865][  0]LogConfig: Setting CVar [[net.UseAdaptiveNetUpdateFrequency:0]]
[2020.09.11-04.34.48:866][  0]LogConfig: Setting CVar [[p.chaos.AllowCreatePhysxBodies:1]]
[2020.09.11-04.34.48:866][  0]LogConfig: Applying CVar settings from Section [ConsoleVariables] File [C:/Users/Pog/Documents/School/Year 4/Sem 2/AdvancedGames/Assignment 2/Git/AdvGamesProgramming/GameFiles/Saved/Config/Windows/Engine.ini]
[2020.09.11-04.34.48:866][  0]LogInit: Computer: RAZER-BLADE-201
[2020.09.11-04.34.48:866][  0]LogInit: User: Jack
[2020.09.11-04.34.48:866][  0]LogInit: CPU Page size=4096, Cores=4
[2020.09.11-04.34.48:866][  0]LogInit: High frequency timer resolution =10.000000 MHz
[2020.09.11-04.34.48:866][  0]LogMemory: Memory total: Physical=15.9GB (16GB approx)
[2020.09.11-04.34.48:866][  0]LogMemory: Platform Memory Stats for Windows
[2020.09.11-04.34.48:866][  0]LogMemory: Process Physical Memory: 105.36 MB used, 105.36 MB peak
[2020.09.11-04.34.48:866][  0]LogMemory: Process Virtual Memory: 100.85 MB used, 100.85 MB peak
[2020.09.11-04.34.48:866][  0]LogMemory: Physical Memory: 13061.32 MB used,  3215.38 MB free, 16276.70 MB total
[2020.09.11-04.34.48:866][  0]LogMemory: Virtual Memory: 5137.60 MB used,  134212592.00 MB free, 134217728.00 MB total
[2020.09.11-04.34.48:877][  0]LogWindows: WindowsPlatformFeatures enabled
[2020.09.11-04.34.48:928][  0]LogInit: Using OS detected language (en-US).
[2020.09.11-04.34.48:929][  0]LogInit: Using OS detected locale (en-AU).
[2020.09.11-04.34.48:931][  0]LogTextLocalizationManager: No specific localization for 'en-US' exists, so the 'en' localization will be used.
[2020.09.11-04.34.49:390][  0]LogInit: Setting process to per monitor DPI aware
[2020.09.11-04.34.49:470][  0]LogSlate: New Slate User Created.  User Index 0, Is Virtual User: 0
[2020.09.11-04.34.49:470][  0]LogSlate: Slate User Registered.  User Index 0, Is Virtual User: 0
[2020.09.11-04.34.55:355][  0]LogHMD: Failed to initialize OpenVR with code 108
[2020.09.11-04.34.55:355][  0]LogD3D11RHI: D3D11 min allowed feature level: 11_0
[2020.09.11-04.34.55:355][  0]LogD3D11RHI: D3D11 max allowed feature level: 11_0
[2020.09.11-04.34.55:355][  0]LogD3D11RHI: D3D11 adapters:
[2020.09.11-04.34.55:536][  0]LogD3D11RHI:    0. 'NVIDIA GeForce GTX 1060' (Feature Level 11_0)
[2020.09.11-04.34.55:536][  0]LogD3D11RHI:       6052/0/8138 MB DedicatedVideo/DedicatedSystem/SharedSystem, Outputs:1, VendorId:0x10de
[2020.09.11-04.34.55:606][  0]LogD3D11RHI:    1. 'Intel(R) HD Graphics 530' (Feature Level 11_0)
[2020.09.11-04.34.55:606][  0]LogD3D11RHI:       128/0/8138 MB DedicatedVideo/DedicatedSystem/SharedSystem, Outputs:1, VendorId:0x8086
[2020.09.11-04.34.55:613][  0]LogD3D11RHI:    2. 'Microsoft Basic Render Driver' (Feature Level 11_0)
[2020.09.11-04.34.55:613][  0]LogD3D11RHI:       0/0/8138 MB DedicatedVideo/DedicatedSystem/SharedSystem, Outputs:0, VendorId:0x1414
[2020.09.11-04.34.55:613][  0]LogD3D11RHI: Chosen D3D11 Adapter: 0
[2020.09.11-04.34.55:646][  0]LogD3D11RHI: Creating new Direct3DDevice
[2020.09.11-04.34.55:646][  0]LogD3D11RHI:     GPU DeviceId: 0x1c20 (for the marketing name, search the web for "GPU Device Id")
[2020.09.11-04.34.55:646][  0]LogWindows: EnumDisplayDevices:
[2020.09.11-04.34.55:649][  0]LogWindows:    0. 'Intel(R) HD Graphics 530' (P:0 D:1)
[2020.09.11-04.34.55:650][  0]LogWindows:    1. 'Intel(R) HD Graphics 530' (P:0 D:0)
[2020.09.11-04.34.55:655][  0]LogWindows:    2. 'Intel(R) HD Graphics 530' (P:0 D:0)
[2020.09.11-04.34.55:656][  0]LogWindows:    3. 'NVIDIA GeForce GTX 1060' (P:1 D:1)
[2020.09.11-04.34.55:656][  0]LogWindows: DebugString: PrimaryIsNotTheChoosenAdapter PrimaryIsNotTheChoosenAdapter PrimaryIsNotTheChoosenAdapter 
[2020.09.11-04.34.55:657][  0]LogD3D11RHI:     Adapter Name: NVIDIA GeForce GTX 1060
[2020.09.11-04.34.55:657][  0]LogD3D11RHI:   Driver Version: 452.06 (internal:27.21.14.5206, unified:452.06)
[2020.09.11-04.34.55:657][  0]LogD3D11RHI:      Driver Date: 8-12-2020
[2020.09.11-04.34.55:657][  0]LogRHI: Texture pool is 4236 MB (70% of 6052 MB)
[2020.09.11-04.34.55:774][  0]LogD3D11RHI: RHI has support for 64 bit atomics
[2020.09.11-04.34.55:774][  0]LogD3D11RHI: Async texture creation enabled
[2020.09.11-04.34.55:841][  0]LogD3D11RHI: GPU Timing Frequency: 1000.000000 (Debug: 2 1)
[2020.09.11-04.34.56:649][  0]LogTargetPlatformManager: Display: Loaded TargetPlatform 'AllDesktop'
[2020.09.11-04.34.56:719][  0]LogTargetPlatformManager: Display: Loaded TargetPlatform 'Android'
[2020.09.11-04.34.56:719][  0]LogTargetPlatformManager: Display: Loaded TargetPlatform 'Android_ASTC'
[2020.09.11-04.34.56:719][  0]LogTargetPlatformManager: Display: Loaded TargetPlatform 'Android_ATC'
[2020.09.11-04.34.56:719][  0]LogTargetPlatformManager: Display: Loaded TargetPlatform 'Android_DXT'
[2020.09.11-04.34.56:719][  0]LogTargetPlatformManager: Display: Loaded TargetPlatform 'Android_ETC1'
[2020.09.11-04.34.56:719][  0]LogTargetPlatformManager: Display: Loaded TargetPlatform 'Android_ETC1a'
[2020.09.11-04.34.56:719][  0]LogTargetPlatformManager: Display: Loaded TargetPlatform 'Android_ETC2'
[2020.09.11-04.34.56:719][  0]LogTargetPlatformManager: Display: Loaded TargetPlatform 'Android_PVRTC'
[2020.09.11-04.34.56:719][  0]LogTargetPlatformManager: Display: Loaded TargetPlatform 'AndroidClient'
[2020.09.11-04.34.56:719][  0]LogTargetPlatformManager: Display: Loaded TargetPlatform 'Android_ASTCClient'
[2020.09.11-04.34.56:719][  0]LogTargetPlatformManager: Display: Loaded TargetPlatform 'Android_ATCClient'
[2020.09.11-04.34.56:719][  0]LogTargetPlatformManager: Display: Loaded TargetPlatform 'Android_DXTClient'
[2020.09.11-04.34.56:719][  0]LogTargetPlatformManager: Display: Loaded TargetPlatform 'Android_ETC1Client'
[2020.09.11-04.34.56:719][  0]LogTargetPlatformManager: Display: Loaded TargetPlatform 'Android_ETC1aClient'
[2020.09.11-04.34.56:719][  0]LogTargetPlatformManager: Display: Loaded TargetPlatform 'Android_ETC2Client'
[2020.09.11-04.34.56:719][  0]LogTargetPlatformManager: Display: Loaded TargetPlatform 'Android_PVRTCClient'
[2020.09.11-04.34.56:719][  0]LogTargetPlatformManager: Display: Loaded TargetPlatform 'Android_Multi'
[2020.09.11-04.34.56:719][  0]LogTargetPlatformManager: Display: Loaded TargetPlatform 'Android_MultiClient'
[2020.09.11-04.34.56:751][  0]LogTargetPlatformManager: Display: Loaded TargetPlatform 'IOSClient'
[2020.09.11-04.34.56:751][  0]LogTargetPlatformManager: Display: Loaded TargetPlatform 'IOS'
[2020.09.11-04.34.56:764][  0]LogTargetPlatformManager: Display: Loaded TargetPlatform 'LinuxNoEditor'
[2020.09.11-04.34.56:777][  0]LogTargetPlatformManager: Display: Loaded TargetPlatform 'LinuxClient'
[2020.09.11-04.34.56:788][  0]LogTargetPlatformManager: Display: Loaded TargetPlatform 'LinuxServer'
[2020.09.11-04.34.56:800][  0]LogTargetPlatformManager: Display: Loaded TargetPlatform 'LinuxAArch64NoEditor'
[2020.09.11-04.34.56:811][  0]LogTargetPlatformManager: Display: Loaded TargetPlatform 'LinuxAArch64Client'
[2020.09.11-04.34.56:827][  0]LogTargetPlatformManager: Display: Loaded TargetPlatform 'LinuxAArch64Server'
[2020.09.11-04.34.56:873][  0]LogTargetPlatformManager: Display: Loaded TargetPlatform 'Lumin'
[2020.09.11-04.34.56:873][  0]LogTargetPlatformManager: Display: Loaded TargetPlatform 'LuminClient'
[2020.09.11-04.34.56:903][  0]LogTargetPlatformManager: Display: Loaded TargetPlatform 'TVOSClient'
[2020.09.11-04.34.56:903][  0]LogTargetPlatformManager: Display: Loaded TargetPlatform 'TVOS'
[2020.09.11-04.34.56:919][  0]LogTargetPlatformManager: Display: Loaded TargetPlatform 'WindowsNoEditor'
[2020.09.11-04.34.56:936][  0]LogTargetPlatformManager: Display: Loaded TargetPlatform 'Windows'
[2020.09.11-04.34.56:950][  0]LogTargetPlatformManager: Display: Loaded TargetPlatform 'WindowsClient'
[2020.09.11-04.34.56:967][  0]LogTargetPlatformManager: Display: Loaded TargetPlatform 'WindowsServer'
[2020.09.11-04.34.56:967][  0]LogTargetPlatformManager: Display: Building Assets For Windows
[2020.09.11-04.34.56:973][  0]LogAudioDebug: Display: Lib vorbis DLL was dynamically loaded.
[2020.09.11-04.34.57:020][  0]LogShaderCompilers: Guid format shader working directory is -75 characters bigger than the processId version (../../../../../../Users/Pog/Documents/School/Year 4/Sem 2/AdvancedGames/Assignment 2/Git/AdvGamesProgramming/GameFiles/Intermediate/Shaders/WorkingDirectory/35844/).
[2020.09.11-04.34.57:020][  0]LogShaderCompilers: Cleaned the shader compiler working directory 'C:/Users/Pog/AppData/Local/Temp/UnrealShaderWorkingDir/EB6514B14D003D7F82A548B4D75D0602/'.
[2020.09.11-04.34.57:021][  0]LogXGEController: Cleaning working directory: C:/Users/Pog/AppData/Local/Temp/UnrealXGEWorkingDir/
[2020.09.11-04.34.57:022][  0]LogXGEController: Cannot use XGE Controller as Incredibuild is not installed on this machine.
[2020.09.11-04.34.57:022][  0]LogShaderCompilers: Cannot use XGE Shader Compiler as Incredibuild is not installed on this machine.
[2020.09.11-04.34.57:022][  0]LogShaderCompilers: Display: Using Local Shader Compiler.
[2020.09.11-04.34.58:740][  0]LogDerivedDataCache: Display: Max Cache Size: 512 MB
[2020.09.11-04.34.58:859][  0]LogDerivedDataCache: Loaded boot cache 0.12s 89MB C:/Users/Pog/AppData/Local/UnrealEngine/4.24/DerivedDataCache/Boot.ddc.
[2020.09.11-04.34.58:859][  0]LogDerivedDataCache: Display: Loaded Boot cache: C:/Users/Pog/AppData/Local/UnrealEngine/4.24/DerivedDataCache/Boot.ddc
[2020.09.11-04.34.58:860][  0]LogDerivedDataCache: FDerivedDataBackendGraph:  Pak pak cache file ../../../../../../Users/Pog/Documents/School/Year 4/Sem 2/AdvancedGames/Assignment 2/Git/AdvGamesProgramming/GameFiles/DerivedDataCache/DDC.ddp not found, will not use a pak cache.
[2020.09.11-04.34.58:860][  0]LogDerivedDataCache: Unable to find inner node Pak for hierarchical cache Hierarchy.
[2020.09.11-04.34.58:860][  0]LogDerivedDataCache: FDerivedDataBackendGraph:  CompressedPak pak cache file ../../../../../../Users/Pog/Documents/School/Year 4/Sem 2/AdvancedGames/Assignment 2/Git/AdvGamesProgramming/GameFiles/DerivedDataCache/Compressed.ddp not found, will not use a pak cache.
[2020.09.11-04.34.58:860][  0]LogDerivedDataCache: Unable to find inner node CompressedPak for hierarchical cache Hierarchy.
[2020.09.11-04.34.58:881][  0]LogDerivedDataCache: Display: Pak cache opened for reading ../../../Engine/DerivedDataCache/Compressed.ddp.
[2020.09.11-04.34.58:882][  0]LogDerivedDataCache: FDerivedDataBackendGraph:  EnterprisePak pak cache file ../../../Enterprise/DerivedDataCache/Compressed.ddp not found, will not use a pak cache.
[2020.09.11-04.34.58:882][  0]LogDerivedDataCache: Unable to find inner node EnterprisePak for hierarchical cache Hierarchy.
[2020.09.11-04.34.58:888][  0]LogDerivedDataCache: Using Local data cache path C:/Users/Pog/AppData/Local/UnrealEngine/Common/DerivedDataCache: Writable
[2020.09.11-04.34.58:889][  0]LogDerivedDataCache: Shared data cache path not found in *engine.ini, will not use an Shared cache.
[2020.09.11-04.34.58:889][  0]LogDerivedDataCache: Unable to find inner node Shared for hierarchical cache Hierarchy.
[2020.09.11-04.34.58:960][  0]LogMaterial: Verifying Global Shaders for PCD3D_SM5
[2020.09.11-04.34.58:966][  0]LogSlate: Using FreeType 2.10.0
[2020.09.11-04.34.58:967][  0]LogSlate: SlateFontServices - WITH_FREETYPE: 1, WITH_HARFBUZZ: 1
[2020.09.11-04.34.59:093][  0]LogAssetRegistry: FAssetRegistry took 0.0067 seconds to start up
[2020.09.11-04.34.59:671][  0]LogInit: Selected Device Profile: [Windows]
[2020.09.11-04.34.59:936][  0]LogMeshReduction: Using QuadricMeshReduction for automatic static mesh reduction
[2020.09.11-04.34.59:936][  0]LogMeshReduction: Using SimplygonMeshReduction for automatic skeletal mesh reduction
[2020.09.11-04.34.59:936][  0]LogMeshReduction: Using ProxyLODMeshReduction for automatic mesh merging
[2020.09.11-04.34.59:936][  0]LogMeshReduction: No distributed automatic mesh merging module available
[2020.09.11-04.34.59:936][  0]LogMeshMerging: No distributed automatic mesh merging module available
[2020.09.11-04.34.59:954][  0]LogNetVersion: AdvGamesProgramming 1.0.0, NetCL: 10570792, EngineNetVer: 13, GameNetVer: 0 (Checksum: 489682494)
[2020.09.11-04.35.02:075][  0]LogPackageLocalizationCache: Processed 10 localized package path(s) for 1 prioritized culture(s) in 0.100438 seconds
[2020.09.11-04.35.02:088][  0]LogUObjectArray: 46750 objects as part of root set at end of initial load.
[2020.09.11-04.35.02:088][  0]LogUObjectAllocator: 8137160 out of 0 bytes used by permanent object pool.
[2020.09.11-04.35.02:088][  0]LogUObjectArray: CloseDisregardForGC: 0/0 objects in disregard for GC pool
[2020.09.11-04.35.02:820][  0]LogTcpMessaging: Initializing TcpMessaging bridge
[2020.09.11-04.35.03:043][  0]LogBlueprint: Warning: [Compiler Ue4ASP_Character] InputAction Event references unknown Action 'Crouch' for  InputAction Crouch
[2020.09.11-04.35.03:044][  0]LogBlueprint: Warning: [Compiler Ue4ASP_Character] Input Axis Event references unknown Axis 'MoveRight' for  InputAxis MoveRight
[2020.09.11-04.35.03:882][  0]SourceControl: Source control is disabled
[2020.09.11-04.35.03:882][  0]SourceControl: Source control is disabled
[2020.09.11-04.35.03:884][  0]SourceControl: Source control is disabled
[2020.09.11-04.35.03:885][  0]SourceControl: Source control is disabled
[2020.09.11-04.35.03:886][  0]SourceControl: Source control is disabled
[2020.09.11-04.35.04:022][  0]LogAndroidPermission: UAndroidPermissionCallbackProxy::GetInstance
[2020.09.11-04.35.04:040][  0]LogAudioCaptureCore: Display: No Audio Capture implementations found. Audio input will be silent.
[2020.09.11-04.35.04:040][  0]LogAudioCaptureCore: Display: No Audio Capture implementations found. Audio input will be silent.
[2020.09.11-04.35.04:201][  0]LogOcInput: OculusInput pre-init called
[2020.09.11-04.35.04:223][  0]LogWindows: Failed to load 'OVRPlugin.dll' (GetLastError=126)
[2020.09.11-04.35.04:223][  0]LogWindows: File 'OVRPlugin.dll' does not exist
[2020.09.11-04.35.04:346][  0]LogEngine: Initializing Engine...
[2020.09.11-04.35.04:427][  0]LogHMD: Failed to initialize OpenVR with code 119
[2020.09.11-04.35.04:429][  0]LogStats: UGameplayTagsManager::InitializeManager -  0.000 s
[2020.09.11-04.35.05:031][  0]LogInit: Initializing FReadOnlyCVARCache
[2020.09.11-04.35.05:046][  0]LogAIModule: Creating AISystem for world Untitled
[2020.09.11-04.35.05:072][  0]LogAudioMixer: Display: Audio Mixer Platform Settings:
[2020.09.11-04.35.05:072][  0]LogAudioMixer: Display: 	Sample Rate:						  48000
[2020.09.11-04.35.05:072][  0]LogAudioMixer: Display: 	Callback Buffer Frame Size Requested: 1024
[2020.09.11-04.35.05:072][  0]LogAudioMixer: Display: 	Callback Buffer Frame Size To Use:	  1024
[2020.09.11-04.35.05:072][  0]LogAudioMixer: Display: 	Number of buffers to queue:			  2
[2020.09.11-04.35.05:072][  0]LogAudioMixer: Display: 	Max Channels (voices):				  32
[2020.09.11-04.35.05:072][  0]LogAudioMixer: Display: 	Number of Async Source Workers:		  0
[2020.09.11-04.35.05:072][  0]LogAudio: Display: AudioDevice MaxSources: 32
[2020.09.11-04.35.05:073][  0]LogAudio: Display: Using built-in audio occlusion.
[2020.09.11-04.35.05:073][  0]LogAudioMixer: Display: Initializing audio mixer.
[2020.09.11-04.35.05:456][  0]LogAudioMixer: Display: Audio Device Output Speaker Info:
[2020.09.11-04.35.05:456][  0]LogAudioMixer: Display: Name: Headphones (ATH-M50xBT     Stereo)
[2020.09.11-04.35.05:456][  0]LogAudioMixer: Display: Is Default: Yes
[2020.09.11-04.35.05:456][  0]LogAudioMixer: Display: Sample Rate: 44100
[2020.09.11-04.35.05:456][  0]LogAudioMixer: Display: Channel Count Used: 2
[2020.09.11-04.35.05:456][  0]LogAudioMixer: Display: Device Channel Count: 2
[2020.09.11-04.35.05:456][  0]LogAudioMixer: Display: Channel Order:
[2020.09.11-04.35.05:456][  0]LogAudioMixer: Display: 0: FrontLeft
[2020.09.11-04.35.05:456][  0]LogAudioMixer: Display: 1: FrontRight
[2020.09.11-04.35.05:516][  0]LogAudioMixer: Display: Using Audio Device Headphones (ATH-M50xBT     Stereo)
[2020.09.11-04.35.05:518][  0]LogInit: FAudioDevice initialized.
[2020.09.11-04.35.05:519][  0]LogNetVersion: Set ProjectVersion to 1.0.0.0. Version Checksum will be recalculated on next use.
[2020.09.11-04.35.05:616][  0]LogDerivedDataCache: Saved boot cache 0.10s 89MB C:/Users/Pog/AppData/Local/UnrealEngine/4.24/DerivedDataCache/Boot.ddc.
[2020.09.11-04.35.05:624][  0]LogInit: Texture streaming: Enabled
[2020.09.11-04.35.05:648][  0]LogEngineSessionManager: EngineSessionManager initialized
[2020.09.11-04.35.05:648][  0]LogEngineSessionManager: EngineSessionManager sent abnormal shutdown report. Type=Crashed, SessionId={2A23D81A-447E-1FF0-02A1-829E202F7BD2}
[2020.09.11-04.35.05:648][  0]LogEditorSessionSummary: Verbose: Initializing EditorSessionSummaryWriter for editor session tracking
[2020.09.11-04.35.05:651][  0]LogEditorSessionSummary: EditorSessionSummaryWriter initialized
[2020.09.11-04.35.05:760][  0]LogInit: Transaction tracking system initialized
[2020.09.11-04.35.05:779][  0]BlueprintLog: New page: Editor Load
[2020.09.11-04.35.05:841][  0]LocalizationService: Localization service is disabled
[2020.09.11-04.35.06:455][  0]LogFileCache: Scanning file cache for directory 'C:/Users/Pog/Documents/School/Year 4/Sem 2/AdvancedGames/Assignment 2/Git/AdvGamesProgramming/GameFiles/Content/' took 0.01s
[2020.09.11-04.35.06:455][  0]LogCook: Display: Max memory allowance for cook 16384mb min free memory 0mb
[2020.09.11-04.35.06:455][  0]LogCook: Display: Mobile HDR setting 1
[2020.09.11-04.35.07:631][  0]SourceControl: Source control is disabled
[2020.09.11-04.35.07:632][  0]LightingResults: New page: Lighting Build
[2020.09.11-04.35.07:634][  0]LogWorld: UWorld::CleanupWorld for Untitled, bSessionEnded=true, bCleanupResources=true
[2020.09.11-04.35.07:634][  0]LogSlate: InvalidateAllWidgets triggered.  All widgets were invalidated
[2020.09.11-04.35.07:634][  0]MapCheck: New page: Map Check
[2020.09.11-04.35.07:634][  0]LightingResults: New page: Lighting Build
[2020.09.11-04.35.07:694][  0]LogUObjectHash: Compacting FUObjectHashTables data took   4.61ms
[2020.09.11-04.35.07:972][  0]LogAIModule: Creating AISystem for world TestingMap
[2020.09.11-04.35.08:005][  0]LogEditorServer: Finished looking for orphan Actors (0.000 secs)
[2020.09.11-04.35.08:092][  0]LogUObjectHash: Compacting FUObjectHashTables data took   3.11ms
[2020.09.11-04.35.08:092][  0]Cmd: MAP CHECKDEP NOCLEARLOG
[2020.09.11-04.35.08:092][  0]MapCheck: Map check complete: 0 Error(s), 0 Warning(s), took 0.218ms to complete.
[2020.09.11-04.35.08:092][  0]LogFileHelpers: Loading map 'TestingMap' took 0.461
[2020.09.11-04.35.08:317][  0]LogSlate: Updating window title bar state: overlay mode, drag disabled, window buttons hidden, title bar hidden
[2020.09.11-04.35.08:334][  0]LogSlate: Updating window title bar state: overlay mode, drag disabled, window buttons hidden, title bar hidden
[2020.09.11-04.35.08:354][  0]LogSlate: Updating window title bar state: overlay mode, drag disabled, window buttons hidden, title bar hidden
[2020.09.11-04.35.08:373][  0]LogSlate: Updating window title bar state: overlay mode, drag disabled, window buttons hidden, title bar hidden
[2020.09.11-04.35.08:397][  0]LogCollectionManager: Loaded 0 collections in 0.004692 seconds
[2020.09.11-04.35.08:429][  0]LogFileCache: Scanning file cache for directory 'C:/Users/Pog/Documents/School/Year 4/Sem 2/AdvancedGames/Assignment 2/Git/AdvGamesProgramming/GameFiles/Saved/Collections/' took 0.01s
[2020.09.11-04.35.08:430][  0]LogFileCache: Scanning file cache for directory 'C:/Users/Pog/Documents/School/Year 4/Sem 2/AdvancedGames/Assignment 2/Git/AdvGamesProgramming/GameFiles/Content/Developers/Jack/Collections/' took 0.00s
[2020.09.11-04.35.08:430][  0]LogFileCache: Scanning file cache for directory 'C:/Users/Pog/Documents/School/Year 4/Sem 2/AdvancedGames/Assignment 2/Git/AdvGamesProgramming/GameFiles/Content/Collections/' took 0.00s
[2020.09.11-04.35.08:430][  0]LogContentBrowser: Native class hierarchy populated in 0.0162 seconds. Added 3026 classes and 722 folders.
[2020.09.11-04.35.08:437][  0]LogContentBrowser: Native class hierarchy updated for 'WidgetCarousel' in 0.0007 seconds. Added 0 classes and 0 folders.
[2020.09.11-04.35.08:550][  0]LogContentBrowser: Native class hierarchy updated for 'AddContentDialog' in 0.0007 seconds. Added 0 classes and 0 folders.
[2020.09.11-04.35.08:614][  0]LogSlate: Took 0.000380 seconds to synchronously load lazily loaded font '../../../Engine/Content/Slate/Fonts/Roboto-Regular.ttf' (155K)
[2020.09.11-04.35.08:622][  0]LogSlate: Took 0.000256 seconds to synchronously load lazily loaded font '../../../Engine/Content/Slate/Fonts/Roboto-Bold.ttf' (160K)
[2020.09.11-04.35.08:626][  0]LogSlate: Took 0.000249 seconds to synchronously load lazily loaded font '../../../Engine/Content/Editor/Slate/Fonts/FontAwesome.ttf' (139K)
[2020.09.11-04.35.08:749][  0]LogRenderer: Reallocating scene render targets to support 1176x504 Format 10 NumSamples 1 (Frame:1).
[2020.09.11-04.35.08:968][  0]LogContentBrowser: Native class hierarchy updated for 'HierarchicalLODOutliner' in 0.0009 seconds. Added 0 classes and 0 folders.
[2020.09.11-04.35.08:968][  0]LogLoad: (Engine Initialization) Total time: 23.87 seconds
[2020.09.11-04.35.08:968][  0]LogLoad: (Engine Initialization) Total Blueprint compile time: 0.00 seconds
[2020.09.11-04.35.09:039][  0]LogContentStreaming: Texture pool size now 1000 MB
[2020.09.11-04.35.09:079][  0]LogSlate: Took 0.000308 seconds to synchronously load lazily loaded font '../../../Engine/Content/Slate/Fonts/Roboto-Light.ttf' (167K)
[2020.09.11-04.35.09:154][  1]LogAssetRegistry: Asset discovery search completed in 10.0632 seconds
[2020.09.11-04.35.09:164][  1]LogCollectionManager: Fixed up redirectors for 0 collections in 0.000029 seconds (updated 0 objects)
[2020.09.11-04.35.25:876][644]LogSlate: Took 0.000199 seconds to synchronously load lazily loaded font '../../../Engine/Content/Slate/Fonts/Roboto-Light.ttf' (167K)
[2020.09.11-04.35.25:969][644]LogUObjectHash: Compacting FUObjectHashTables data took   1.17ms
[2020.09.11-04.35.26:143][644]LogSavePackage: Moving '../../../../../../Users/Pog/Documents/School/Year 4/Sem 2/AdvancedGames/Assignment 2/Git/AdvGamesProgramming/GameFiles/Saved/TestingMap863DC9E742DD2AFB8D1CD9B62BE3005E.tmp' to '../../../../../../Users/Pog/Documents/School/Year 4/Sem 2/AdvancedGames/Assignment 2/Git/AdvGamesProgramming/GameFiles/Content/Levels/TestingMap.umap'
[2020.09.11-04.35.26:406][644]LogSavePackage: Moving '../../../../../../Users/Pog/Documents/School/Year 4/Sem 2/AdvancedGames/Assignment 2/Git/AdvGamesProgramming/GameFiles/Saved/TestingMap_BuiltDataD0B2A7B24E713BECC232E7947DDEB315.tmp' to '../../../../../../Users/Pog/Documents/School/Year 4/Sem 2/AdvancedGames/Assignment 2/Git/AdvGamesProgramming/GameFiles/Content/Levels/TestingMap_BuiltData.uasset'
[2020.09.11-04.35.26:441][644]AssetCheck: New page: Asset Save: multiple assets
[2020.09.11-04.35.26:441][644]LogContentValidation: Display: Validating World /Game/Levels/TestingMap.TestingMap
[2020.09.11-04.35.26:441][644]LogContentValidation: Display: Validating MapBuildDataRegistry /Game/Levels/TestingMap_BuiltData.TestingMap_BuiltData
[2020.09.11-04.35.26:892][667]Candidate modules for hot reload:
[2020.09.11-04.35.26:892][667]  AdvGamesProgramming
[2020.09.11-04.35.26:893][667]Launching UnrealBuildTool... [C:/Program Files/Epic Games/UE_4.24/Engine/Binaries/DotNET/UnrealBuildTool.exe  -ModuleWithSuffix=AdvGamesProgramming,7192 Win64 Development -TargetType=Editor -Project="C:/Users/Pog/Documents/School/Year 4/Sem 2/AdvancedGames/Assignment 2/Git/AdvGamesProgramming/GameFiles/AdvGamesProgramming.uproject" "C:/Users/Pog/Documents/School/Year 4/Sem 2/AdvancedGames/Assignment 2/Git/AdvGamesProgramming/GameFiles/AdvGamesProgramming.uproject"  -IgnoreJunk]
[2020.09.11-04.35.26:897][667]Warning: Starting HotReload took  0.0s.
[2020.09.11-04.35.48:374][828]CompilerResultsLog: New page: Compilation - 12 Sep 2020, 12:35:48 am
[2020.09.11-04.35.48:374][828]CompilerResultsLog: Using 'git status' to determine working set for adaptive non-unity build (C:\Users\Pog\Documents\School\Year 4\Sem 2\AdvancedGames\Assignment 2\Git\AdvGamesProgramming).
[2020.09.11-04.35.48:374][828]CompilerResultsLog: Building AdvGamesProgrammingEditor...
[2020.09.11-04.35.48:374][828]CompilerResultsLog: Using Visual Studio 2019 14.26.28806 toolchain (C:\Program Files (x86)\Microsoft Visual Studio\2019\Community\VC\Tools\MSVC\14.26.28801) and Windows 10.0.18362.0 SDK (C:\Program Files (x86)\Windows Kits\10).
[2020.09.11-04.35.48:374][828]CompilerResultsLog: Building 4 actions with 8 processes...
[2020.09.11-04.35.48:375][828]CompilerResultsLog:   [1/4] EnemyCharacter.cpp
[2020.09.11-04.35.48:375][828]CompilerResultsLog:   [2/4] UE4Editor-AdvGamesProgramming-7192.lib
[2020.09.11-04.35.48:375][828]CompilerResultsLog:      Creating library C:\Users\Pog\Documents\School\Year 4\Sem 2\AdvancedGames\Assignment 2\Git\AdvGamesProgramming\GameFiles\Intermediate\Build\Win64\UE4Editor\Development\AdvGamesProgramming\UE4Editor-AdvGamesProgramming-7192.lib and object C:\Users\Pog\Documents\School\Year 4\Sem 2\AdvancedGames\Assignment 2\Git\AdvGamesProgramming\GameFiles\Intermediate\Build\Win64\UE4Editor\Development\AdvGamesProgramming\UE4Editor-AdvGamesProgramming-7192.exp
[2020.09.11-04.35.48:375][828]CompilerResultsLog:   [3/4] UE4Editor-AdvGamesProgramming-7192.dll
[2020.09.11-04.35.48:375][828]CompilerResultsLog:      Creating library C:\Users\Pog\Documents\School\Year 4\Sem 2\AdvancedGames\Assignment 2\Git\AdvGamesProgramming\GameFiles\Intermediate\Build\Win64\UE4Editor\Development\AdvGamesProgramming\UE4Editor-AdvGamesProgramming-7192.suppressed.lib and object C:\Users\Pog\Documents\School\Year 4\Sem 2\AdvancedGames\Assignment 2\Git\AdvGamesProgramming\GameFiles\Intermediate\Build\Win64\UE4Editor\Development\AdvGamesProgramming\UE4Editor-AdvGamesProgramming-7192.suppressed.exp
[2020.09.11-04.35.48:375][828]CompilerResultsLog:   [4/4] AdvGamesProgrammingEditor.target
[2020.09.11-04.35.48:375][828]CompilerResultsLog: Total time in Parallel executor: 18.46 seconds
[2020.09.11-04.35.48:375][828]CompilerResultsLog: Total execution time: 21.20 seconds
[2020.09.11-04.35.48:376][828]LogMainFrame: MainFrame: Module compiling took 21.500 seconds
[2020.09.11-04.35.48:419][828]LogUObjectHash: Compacting FUObjectHashTables data took   1.29ms
[2020.09.11-04.35.48:509][828]LogClass: AgentState HotReload.
[2020.09.11-04.35.48:525][828]LogContentBrowser: Native class hierarchy updated for 'AdvGamesProgramming' in 0.0007 seconds. Added 9 classes and 2 folders.
[2020.09.11-04.35.48:531][828]Display: HotReload successful (8 functions remapped  0 scriptstructs remapped)
[2020.09.11-04.35.48:677][828]LogUObjectHash: Compacting FUObjectHashTables data took   5.65ms
[2020.09.11-04.35.48:695][828]LogContentBrowser: Native class hierarchy populated in 0.0169 seconds. Added 3026 classes and 722 folders.
[2020.09.11-04.35.48:706][828]Display: HotReload took 21.9s.
[2020.09.11-04.35.49:560][877]LogTemp: Repeating last play command: Selected Viewport
[2020.09.11-04.35.49:607][877]LogPlayLevel: PlayLevel: No blueprints needed recompiling
[2020.09.11-04.35.49:607][877]PIE: New page: PIE session: TestingMap (12 Sep 2020, 12:35:49 am)
[2020.09.11-04.35.49:608][877]LogOnline: OSS: Creating online subsystem instance for: NULL
[2020.09.11-04.35.49:611][877]LogOnline: OSS: TryLoadSubsystemAndSetDefault: Loaded subsystem for module [NULL]
[2020.09.11-04.35.49:611][877]LogPlayLevel: Creating play world package: /Game/Levels/UEDPIE_0_TestingMap
[2020.09.11-04.35.49:662][877]LogPlayLevel: PIE: StaticDuplicateObject took: (0.050459s)
[2020.09.11-04.35.49:664][877]LogAIModule: Creating AISystem for world TestingMap
[2020.09.11-04.35.49:665][877]LogPlayLevel: PIE: World Init took: (0.002453s)
[2020.09.11-04.35.49:665][877]LogPlayLevel: PIE: Created PIE world by copying editor world from /Game/Levels/TestingMap.TestingMap to /Game/Levels/UEDPIE_0_TestingMap.TestingMap (0.053749s)
[2020.09.11-04.35.49:702][877]LogUObjectHash: Compacting FUObjectHashTables data took   2.46ms
[2020.09.11-04.35.49:702][877]LogAudioMixer: Display: Audio Mixer Platform Settings:
[2020.09.11-04.35.49:702][877]LogAudioMixer: Display: 	Sample Rate:						  48000
[2020.09.11-04.35.49:702][877]LogAudioMixer: Display: 	Callback Buffer Frame Size Requested: 1024
[2020.09.11-04.35.49:702][877]LogAudioMixer: Display: 	Callback Buffer Frame Size To Use:	  1024
[2020.09.11-04.35.49:702][877]LogAudioMixer: Display: 	Number of buffers to queue:			  2
[2020.09.11-04.35.49:703][877]LogAudioMixer: Display: 	Max Channels (voices):				  32
[2020.09.11-04.35.49:703][877]LogAudioMixer: Display: 	Number of Async Source Workers:		  0
[2020.09.11-04.35.49:703][877]LogAudio: Display: AudioDevice MaxSources: 32
[2020.09.11-04.35.49:703][877]LogAudio: Display: Using built-in audio occlusion.
[2020.09.11-04.35.49:703][877]LogAudioMixer: Display: Initializing audio mixer.
[2020.09.11-04.35.49:986][877]LogAudioMixer: Display: Audio Device Output Speaker Info:
[2020.09.11-04.35.49:986][877]LogAudioMixer: Display: Name: Headphones (ATH-M50xBT     Stereo)
[2020.09.11-04.35.49:986][877]LogAudioMixer: Display: Is Default: Yes
[2020.09.11-04.35.49:986][877]LogAudioMixer: Display: Sample Rate: 44100
[2020.09.11-04.35.49:987][877]LogAudioMixer: Display: Channel Count Used: 2
[2020.09.11-04.35.49:987][877]LogAudioMixer: Display: Device Channel Count: 2
[2020.09.11-04.35.49:987][877]LogAudioMixer: Display: Channel Order:
[2020.09.11-04.35.49:987][877]LogAudioMixer: Display: 0: FrontLeft
[2020.09.11-04.35.49:987][877]LogAudioMixer: Display: 1: FrontRight
[2020.09.11-04.35.50:014][877]LogAudioMixer: Display: Using Audio Device Headphones (ATH-M50xBT     Stereo)
[2020.09.11-04.35.50:016][877]LogInit: FAudioDevice initialized.
[2020.09.11-04.35.50:026][877]LogLoad: Game class is 'AdvGamesProgrammingGameModeBase'
[2020.09.11-04.35.50:033][877]LogWorld: Bringing World /Game/Levels/UEDPIE_0_TestingMap.TestingMap up for play (max tick rate 0) at 2020.09.11-14.35.50
[2020.09.11-04.35.50:035][877]LogWorld: Bringing up level for play took: 0.007109
[2020.09.11-04.35.50:035][877]LogOnline: OSS: Creating online subsystem instance for: :Context_1
[2020.09.11-04.35.50:091][877]LogContentBrowser: Native class hierarchy updated for 'MovieSceneCapture' in 0.0007 seconds. Added 20 classes and 0 folders.
[2020.09.11-04.35.50:092][877]LogTemp: Warning: X=1000.000 Y=-250.000 Z=50.000
[2020.09.11-04.35.53:998][877]LogWindows: Error: === Critical error: ===
[2020.09.11-04.35.53:998][877]LogWindows: Error: 
[2020.09.11-04.35.53:998][877]LogWindows: Error: Fatal error!
[2020.09.11-04.35.53:998][877]LogWindows: Error: 
[2020.09.11-04.35.53:998][877]LogWindows: Error: Unhandled Exception: EXCEPTION_ACCESS_VIOLATION reading address 0x000003c0
[2020.09.11-04.35.53:998][877]LogWindows: Error: 
[2020.09.11-04.35.53:998][877]LogWindows: Error: [Callstack] 0x00007fff8b476c2e UE4Editor-AdvGamesProgramming-7192.dll!AEnemyCharacter::BeginPlay() [C:\Users\Pog\Documents\School\Year 4\Sem 2\AdvancedGames\Assignment 2\Git\AdvGamesProgramming\GameFiles\Source\AdvGamesProgramming\EnemyCharacter.cpp:42]
[2020.09.11-04.35.53:998][877]LogWindows: Error: [Callstack] 0x00007fff9c85c7dd UE4Editor-Engine.dll!UnknownFunction []
[2020.09.11-04.35.53:998][877]LogWindows: Error: [Callstack] 0x00007fff9db5e2e2 UE4Editor-Engine.dll!UnknownFunction []
[2020.09.11-04.35.53:998][877]LogWindows: Error: [Callstack] 0x00007fff9cf6e3b1 UE4Editor-Engine.dll!UnknownFunction []
[2020.09.11-04.35.53:998][877]LogWindows: Error: [Callstack] 0x00007fff9db0942e UE4Editor-Engine.dll!UnknownFunction []
[2020.09.11-04.35.53:999][877]LogWindows: Error: [Callstack] 0x00007fff9cf8f1d5 UE4Editor-Engine.dll!UnknownFunction []
[2020.09.11-04.35.53:999][877]LogWindows: Error: [Callstack] 0x00007fff9b7f245c UE4Editor-UnrealEd.dll!UnknownFunction []
[2020.09.11-04.35.53:999][877]LogWindows: Error: [Callstack] 0x00007fff9b812806 UE4Editor-UnrealEd.dll!UnknownFunction []
[2020.09.11-04.35.53:999][877]LogWindows: Error: [Callstack] 0x00007fff9b82d285 UE4Editor-UnrealEd.dll!UnknownFunction []
[2020.09.11-04.35.53:999][877]LogWindows: Error: [Callstack] 0x00007fff9b2fa5f5 UE4Editor-UnrealEd.dll!UnknownFunction []
[2020.09.11-04.35.53:999][877]LogWindows: Error: [Callstack] 0x00007fff9bb5e476 UE4Editor-UnrealEd.dll!UnknownFunction []
[2020.09.11-04.35.53:999][877]LogWindows: Error: [Callstack] 0x00007ff6b6377f62 UE4Editor.exe!UnknownFunction []
[2020.09.11-04.35.53:999][877]LogWindows: Error: [Callstack] 0x00007ff6b638c3ec UE4Editor.exe!UnknownFunction []
[2020.09.11-04.35.53:999][877]LogWindows: Error: [Callstack] 0x00007ff6b638c4ca UE4Editor.exe!UnknownFunction []
[2020.09.11-04.35.53:999][877]LogWindows: Error: [Callstack] 0x00007ff6b639ceae UE4Editor.exe!UnknownFunction []
[2020.09.11-04.35.53:999][877]LogWindows: Error: [Callstack] 0x00007ff6b639fcbe UE4Editor.exe!UnknownFunction []
[2020.09.11-04.35.53:999][877]LogWindows: Error: [Callstack] 0x00007ff852a77bd4 KERNEL32.DLL!UnknownFunction []
[2020.09.11-04.35.53:999][877]LogWindows: Error: [Callstack] 0x00007ff8543ece51 ntdll.dll!UnknownFunction []
[2020.09.11-04.35.53:999][877]LogWindows: Error: 
[2020.09.11-04.35.54:025][877]LogExit: Executing StaticShutdownAfterError
[2020.09.11-04.35.54:030][877]LogWindows: FPlatformMisc::RequestExit(1)
[2020.09.11-04.35.54:030][877]LogCore: Engine exit requested (reason: Win RequestExit)
[2020.09.11-04.35.54:042][877]Log file closed, 09/11/20 14:35:54
