Log file open, 11/03/20 01:44:30
LogWindows: Failed to load 'aqProf.dll' (GetLastError=126)
LogWindows: File 'aqProf.dll' does not exist
LogWindows: Failed to load 'VtuneApi.dll' (GetLastError=126)
LogWindows: File 'VtuneApi.dll' does not exist
LogWindows: Failed to load 'VtuneApi32e.dll' (GetLastError=126)
LogWindows: File 'VtuneApi32e.dll' does not exist
LogConsoleResponse: Display: Failed to find resolution value strings in scalability ini. Falling back to default.
LogInit: Display: Running engine for game: AdvGamesProgramming
LogPlatformFile: Not using cached read wrapper
LogTaskGraph: Started task graph with 5 named threads and 23 total threads with 3 sets of task threads.
LogStats: Stats thread started at 0.118726
LogD3D11RHI: Loaded GFSDK_Aftermath_Lib.x64.dll
LogICUInternationalization: ICU TimeZone Detection - Raw Offset: +10:00, Platform Override: ''
LogPluginManager: Mounting plugin Paper2D
LogPluginManager: Mounting plugin AISupport
LogPluginManager: Mounting plugin LightPropagationVolume
LogPluginManager: Mounting plugin ActorLayerUtilities
LogPluginManager: Mounting plugin AnimationSharing
LogPluginManager: Mounting plugin CLionSourceCodeAccess
LogPluginManager: Mounting plugin CodeLiteSourceCodeAccess
LogPluginManager: Mounting plugin GitSourceControl
LogPluginManager: Mounting plugin KDevelopSourceCodeAccess
LogPluginManager: Mounting plugin NullSourceCodeAccess
LogPluginManager: Mounting plugin PerforceSourceControl
LogPluginManager: Mounting plugin PlasticSourceControl
LogPluginManager: Mounting plugin SubversionSourceControl
LogPluginManager: Mounting plugin UObjectPlugin
LogPluginManager: Mounting plugin VisualStudioCodeSourceCodeAccess
LogPluginManager: Mounting plugin VisualStudioSourceCodeAccess
LogPluginManager: Mounting plugin XCodeSourceCodeAccess
LogPluginManager: Mounting plugin AssetManagerEditor
LogPluginManager: Mounting plugin CryptoKeys
LogPluginManager: Mounting plugin CurveEditorTools
LogPluginManager: Mounting plugin DataValidation
LogPluginManager: Mounting plugin FacialAnimation
LogPluginManager: Mounting plugin GameplayTagsEditor
LogPluginManager: Mounting plugin MacGraphicsSwitching
LogPluginManager: Mounting plugin MaterialAnalyzer
LogPluginManager: Mounting plugin MobileLauncherProfileWizard
LogPluginManager: Mounting plugin PluginBrowser
LogPluginManager: Mounting plugin SpeedTreeImporter
LogPluginManager: Mounting plugin DatasmithContent
LogPluginManager: Mounting plugin VariantManagerContent
LogPluginManager: Mounting plugin AlembicImporter
LogPluginManager: Mounting plugin AutomationUtils
LogPluginManager: Mounting plugin BackChannel
LogPluginManager: Mounting plugin CharacterAI
LogPluginManager: Mounting plugin GeometryCache
LogPluginManager: Mounting plugin PlatformCrypto
LogPluginManager: Mounting plugin ProxyLODPlugin
LogPluginManager: Mounting plugin SkeletalReduction
LogPluginManager: Mounting plugin MagicLeap
LogPluginManager: Mounting plugin MagicLeapMedia
LogPluginManager: Mounting plugin MLSDK
LogPluginManager: Mounting plugin AndroidMedia
LogPluginManager: Mounting plugin AvfMedia
LogPluginManager: Mounting plugin ImgMedia
LogPluginManager: Mounting plugin MediaCompositing
LogPluginManager: Mounting plugin MediaPlayerEditor
LogPluginManager: Mounting plugin WebMMedia
LogPluginManager: Mounting plugin WmfMedia
LogPluginManager: Mounting plugin TcpMessaging
LogPluginManager: Mounting plugin UdpMessaging
LogPluginManager: Mounting plugin ActorSequence
LogPluginManager: Mounting plugin LevelSequenceEditor
LogPluginManager: Mounting plugin MatineeToLevelSequence
LogPluginManager: Mounting plugin NetcodeUnitTest
LogPluginManager: Mounting plugin NUTUnrealEngine4
LogPluginManager: Mounting plugin OnlineSubsystemGooglePlay
LogPluginManager: Mounting plugin OnlineSubsystemIOS
LogPluginManager: Mounting plugin OnlineSubsystem
LogPluginManager: Mounting plugin OnlineSubsystemNull
LogPluginManager: Mounting plugin OnlineSubsystemUtils
LogPluginManager: Mounting plugin LauncherChunkInstaller
LogPluginManager: Mounting plugin AndroidDeviceProfileSelector
LogPluginManager: Mounting plugin AndroidMoviePlayer
LogPluginManager: Mounting plugin AndroidPermission
LogPluginManager: Mounting plugin AppleImageUtils
LogPluginManager: Mounting plugin AppleMoviePlayer
LogPluginManager: Mounting plugin ArchVisCharacter
LogPluginManager: Mounting plugin AssetTags
LogPluginManager: Mounting plugin AudioCapture
LogPluginManager: Mounting plugin CableComponent
LogPluginManager: Mounting plugin CustomMeshComponent
LogPluginManager: Mounting plugin EditableMesh
LogPluginManager: Mounting plugin ExampleDeviceProfileSelector
LogPluginManager: Mounting plugin GoogleCloudMessaging
LogPluginManager: Mounting plugin IOSDeviceProfileSelector
LogPluginManager: Mounting plugin LinuxDeviceProfileSelector
LogPluginManager: Mounting plugin LocationServicesBPLibrary
LogPluginManager: Mounting plugin MobilePatchingUtils
LogPluginManager: Mounting plugin PhysXVehicles
LogPluginManager: Mounting plugin PostSplashScreen
LogPluginManager: Mounting plugin ProceduralMeshComponent
LogPluginManager: Mounting plugin RuntimePhysXCooking
LogPluginManager: Mounting plugin SignificanceManager
LogPluginManager: Mounting plugin WebMMoviePlayer
LogPluginManager: Mounting plugin WindowsMoviePlayer
LogPluginManager: Mounting plugin ScreenshotTools
Launching UnrealBuildTool... [C:/Program Files/Epic Games/UE_4.24/Engine/Binaries/DotNET/UnrealBuildTool.exe -Mode=QueryTargets -Project="C:/Users/Pog/Documents/School/Year 4/Sem 2/AdvancedGames/Assignment 2/Git/AdvGamesProgramming/GameFiles/AdvGamesProgramming.uproject" -Output="C:/Users/Pog/Documents/School/Year 4/Sem 2/AdvancedGames/Assignment 2/Git/AdvGamesProgramming/GameFiles/Intermediate/TargetInfo.json"]
LogInit: Warning: Incompatible or missing module: AdvGamesProgramming
Running C:/Program Files/Epic Games/UE_4.24/Engine/Binaries/DotNET/UnrealBuildTool.exe Development Win64 -Project="C:/Users/Pog/Documents/School/Year 4/Sem 2/AdvancedGames/Assignment 2/Git/AdvGamesProgramming/GameFiles/AdvGamesProgramming.uproject" -TargetType=Editor -Progress -NoHotReloadFromIDE
Using 'git status' to determine working set for adaptive non-unity build (C:\Users\Pog\Documents\School\Year 4\Sem 2\AdvancedGames\Assignment 2\Git\AdvGamesProgramming).
Creating makefile for AdvGamesProgrammingEditor (no existing makefile)
@progress push 5%
Parsing headers for AdvGamesProgrammingEditor
  Running UnrealHeaderTool "C:\Users\Pog\Documents\School\Year 4\Sem 2\AdvancedGames\Assignment 2\Git\AdvGamesProgramming\GameFiles\AdvGamesProgramming.uproject" "C:\Users\Pog\Documents\School\Year 4\Sem 2\AdvancedGames\Assignment 2\Git\AdvGamesProgramming\GameFiles\Intermediate\Build\Win64\AdvGamesProgrammingEditor\Development\AdvGamesProgrammingEditor.uhtmanifest" -LogCmds="loginit warning, logexit warning, logdatabase error" -Unattended -WarningsAsErrors -installed
Reflection code generated for AdvGamesProgrammingEditor in 8.6883754 seconds
@progress pop
Building AdvGamesProgrammingEditor...
Using Visual Studio 2019 14.26.28806 toolchain (C:\Program Files (x86)\Microsoft Visual Studio\2019\Community\VC\Tools\MSVC\14.26.28801) and Windows 10.0.18362.0 SDK (C:\Program Files (x86)\Windows Kits\10).
Building 58 actions with 8 processes...
  @progress 'Compiling C++ source code...' 0%
  @progress 'Compiling C++ source code...' 2%
  [1/58] Default.rc2
  @progress 'Compiling C++ source code...' 3%
  [2/58] SharedPCH.Engine.ShadowErrors.cpp
  @progress 'Compiling C++ source code...' 5%
  [3/58] AmmoPickup.cpp
  @progress 'Compiling C++ source code...' 7%
  [4/58] MultiplayerGameMode.cpp
  @progress 'Compiling C++ source code...' 9%
  [5/58] AdvGamesProgramming.cpp
  @progress 'Compiling C++ source code...' 10%
  [6/58] WeaponPickup.cpp
  @progress 'Compiling C++ source code...' 12%
  [7/58] AdvGamesProgrammingGameModeBase.cpp
  @progress 'Compiling C++ source code...' 14%
  [8/58] NavigationNode.cpp
  @progress 'Compiling C++ source code...' 16%
  [9/58] MyAIController.cpp
  @progress 'Compiling C++ source code...' 17%
  [10/58] PickupRotator.cpp
  @progress 'Compiling C++ source code...' 19%
  [11/58] EnemyCharacter.cpp
  @progress 'Compiling C++ source code...' 21%
  [12/58] AIManagerNM.cpp
  @progress 'Compiling C++ source code...' 22%
  [13/58] ProcedurallyGeneratedBuilding2.cpp
  @progress 'Compiling C++ source code...' 24%
  [14/58] ProcedurallyGeneratedBuilding.cpp
  @progress 'Compiling C++ source code...' 26%
  [15/58] PlayerCharacter.cpp
  C:\Users\Pog\Documents\School\Year 4\Sem 2\AdvancedGames\Assignment 2\Git\AdvGamesProgramming\GameFiles\Source\AdvGamesProgramming\PlayerCharacter.cpp(71): warning C4996: 'USceneComponent::RelativeRotation': This member will be made private. Please use GetRelativeRotation or SetRelativeRotation. Please update your code to the new API before upgrading to the next release, otherwise your project will no longer compile.
  C:\Users\Pog\Documents\School\Year 4\Sem 2\AdvancedGames\Assignment 2\Git\AdvGamesProgramming\GameFiles\Source\AdvGamesProgramming\PlayerCharacter.cpp(78): warning C4996: 'USceneComponent::RelativeRotation': This member will be made private. Please use GetRelativeRotation or SetRelativeRotation. Please update your code to the new API before upgrading to the next release, otherwise your project will no longer compile.
  C:\Users\Pog\Documents\School\Year 4\Sem 2\AdvancedGames\Assignment 2\Git\AdvGamesProgramming\GameFiles\Source\AdvGamesProgramming\PlayerCharacter.cpp(79): warning C4996: 'USceneComponent::RelativeRotation': This member will be made private. Please use GetRelativeRotation or SetRelativeRotation. Please update your code to the new API before upgrading to the next release, otherwise your project will no longer compile.
  @progress 'Compiling C++ source code...' 28%
  [16/58] Spawner.cpp
  @progress 'Compiling C++ source code...' 29%
  [17/58] SpawnerComponent.cpp
  C:\Users\Pog\Documents\School\Year 4\Sem 2\AdvancedGames\Assignment 2\Git\AdvGamesProgramming\GameFiles\Source\AdvGamesProgramming\SpawnerComponent.cpp(6): error C2059: syntax error: '<'
  C:\Users\Pog\Documents\School\Year 4\Sem 2\AdvancedGames\Assignment 2\Git\AdvGamesProgramming\GameFiles\Source\AdvGamesProgramming\SpawnerComponent.cpp(82): error C2332: 'class': missing tag name
  C:\Users\Pog\Documents\School\Year 4\Sem 2\AdvancedGames\Assignment 2\Git\AdvGamesProgramming\GameFiles\Source\AdvGamesProgramming\SpawnerComponent.cpp(94): error C2332: 'class': missing tag name
  C:\Users\Pog\Documents\School\Year 4\Sem 2\AdvancedGames\Assignment 2\Git\AdvGamesProgramming\GameFiles\Source\AdvGamesProgramming\SpawnerComponent.cpp(96): error C2332: 'class': missing tag name
  C:\Users\Pog\Documents\School\Year 4\Sem 2\AdvancedGames\Assignment 2\Git\AdvGamesProgramming\GameFiles\Source\AdvGamesProgramming\SpawnerComponent.cpp(98): error C2332: 'class': missing tag name
  C:\Users\Pog\Documents\School\Year 4\Sem 2\AdvancedGames\Assignment 2\Git\AdvGamesProgramming\GameFiles\Source\AdvGamesProgramming\SpawnerComponent.cpp(134): error C2332: 'class': missing tag name
  C:\Users\Pog\Documents\School\Year 4\Sem 2\AdvancedGames\Assignment 2\Git\AdvGamesProgramming\GameFiles\Source\AdvGamesProgramming\SpawnerComponent.cpp(135): error C2332: 'class': missing tag name
  C:\Users\Pog\Documents\School\Year 4\Sem 2\AdvancedGames\Assignment 2\Git\AdvGamesProgramming\GameFiles\Source\AdvGamesProgramming\SpawnerComponent.cpp(144): error C2332: 'class': missing tag name
  C:\Users\Pog\Documents\School\Year 4\Sem 2\AdvancedGames\Assignment 2\Git\AdvGamesProgramming\GameFiles\Source\AdvGamesProgramming\SpawnerComponent.cpp(147): error C2332: 'class': missing tag name
  C:\Users\Pog\Documents\School\Year 4\Sem 2\AdvancedGames\Assignment 2\Git\AdvGamesProgramming\GameFiles\Source\AdvGamesProgramming\SpawnerComponent.cpp(148): error C2332: 'class': missing tag name
  C:\Users\Pog\Documents\School\Year 4\Sem 2\AdvancedGames\Assignment 2\Git\AdvGamesProgramming\GameFiles\Source\AdvGamesProgramming\SpawnerComponent.cpp(149): error C2332: 'class': missing tag name
  C:\Users\Pog\Documents\School\Year 4\Sem 2\AdvancedGames\Assignment 2\Git\AdvGamesProgramming\GameFiles\Source\AdvGamesProgramming\SpawnerComponent.cpp(150): error C2332: 'class': missing tag name
  C:\Users\Pog\Documents\School\Year 4\Sem 2\AdvancedGames\Assignment 2\Git\AdvGamesProgramming\GameFiles\Source\AdvGamesProgramming\SpawnerComponent.cpp(155): error C2332: 'class': missing tag name
  C:\Users\Pog\Documents\School\Year 4\Sem 2\AdvancedGames\Assignment 2\Git\AdvGamesProgramming\GameFiles\Source\AdvGamesProgramming\SpawnerComponent.cpp(156): error C2332: 'class': missing tag name
  C:\Users\Pog\Documents\School\Year 4\Sem 2\AdvancedGames\Assignment 2\Git\AdvGamesProgramming\GameFiles\Source\AdvGamesProgramming\SpawnerComponent.cpp(157): error C2332: 'class': missing tag name
  C:\Users\Pog\Documents\School\Year 4\Sem 2\AdvancedGames\Assignment 2\Git\AdvGamesProgramming\GameFiles\Source\AdvGamesProgramming\SpawnerComponent.cpp(159): error C2332: 'class': missing tag name
  C:\Users\Pog\Documents\School\Year 4\Sem 2\AdvancedGames\Assignment 2\Git\AdvGamesProgramming\GameFiles\Source\AdvGamesProgramming\SpawnerComponent.cpp(164): error C2332: 'class': missing tag name
  C:\Users\Pog\Documents\School\Year 4\Sem 2\AdvancedGames\Assignment 2\Git\AdvGamesProgramming\GameFiles\Source\AdvGamesProgramming\SpawnerComponent.cpp(165): error C2332: 'class': missing tag name
  C:\Users\Pog\Documents\School\Year 4\Sem 2\AdvancedGames\Assignment 2\Git\AdvGamesProgramming\GameFiles\Source\AdvGamesProgramming\SpawnerComponent.cpp(166): error C2332: 'class': missing tag name
  C:\Users\Pog\Documents\School\Year 4\Sem 2\AdvancedGames\Assignment 2\Git\AdvGamesProgramming\GameFiles\Source\AdvGamesProgramming\SpawnerComponent.cpp(170): error C2332: 'class': missing tag name
  C:\Users\Pog\Documents\School\Year 4\Sem 2\AdvancedGames\Assignment 2\Git\AdvGamesProgramming\GameFiles\Source\AdvGamesProgramming\SpawnerComponent.cpp(171): error C2332: 'class': missing tag name
  C:\Users\Pog\Documents\School\Year 4\Sem 2\AdvancedGames\Assignment 2\Git\AdvGamesProgramming\GameFiles\Source\AdvGamesProgramming\SpawnerComponent.cpp(178): error C2332: 'class': missing tag name
  C:\Users\Pog\Documents\School\Year 4\Sem 2\AdvancedGames\Assignment 2\Git\AdvGamesProgramming\GameFiles\Source\AdvGamesProgramming\SpawnerComponent.cpp(179): error C2001: newline in constant
  C:\Users\Pog\Documents\School\Year 4\Sem 2\AdvancedGames\Assignment 2\Git\AdvGamesProgramming\GameFiles\Source\AdvGamesProgramming\SpawnerComponent.cpp(179): error C2015: too many characters in constant
  C:\Users\Pog\Documents\School\Year 4\Sem 2\AdvancedGames\Assignment 2\Git\AdvGamesProgramming\GameFiles\Source\AdvGamesProgramming\SpawnerComponent.cpp(180): error C2332: 'class': missing tag name
  C:\Users\Pog\Documents\School\Year 4\Sem 2\AdvancedGames\Assignment 2\Git\AdvGamesProgramming\GameFiles\Source\AdvGamesProgramming\SpawnerComponent.cpp(182): error C2332: 'class': missing tag name
  C:\Users\Pog\Documents\School\Year 4\Sem 2\AdvancedGames\Assignment 2\Git\AdvGamesProgramming\GameFiles\Source\AdvGamesProgramming\SpawnerComponent.cpp(197): error C2332: 'class': missing tag name
  C:\Users\Pog\Documents\School\Year 4\Sem 2\AdvancedGames\Assignment 2\Git\AdvGamesProgramming\GameFiles\Source\AdvGamesProgramming\SpawnerComponent.cpp(198): error C2332: 'class': missing tag name
  C:\Users\Pog\Documents\School\Year 4\Sem 2\AdvancedGames\Assignment 2\Git\AdvGamesProgramming\GameFiles\Source\AdvGamesProgramming\SpawnerComponent.cpp(199): error C2332: 'class': missing tag name
  C:\Users\Pog\Documents\School\Year 4\Sem 2\AdvancedGames\Assignment 2\Git\AdvGamesProgramming\GameFiles\Source\AdvGamesProgramming\SpawnerComponent.cpp(201): error C2332: 'class': missing tag name
  C:\Users\Pog\Documents\School\Year 4\Sem 2\AdvancedGames\Assignment 2\Git\AdvGamesProgramming\GameFiles\Source\AdvGamesProgramming\SpawnerComponent.cpp(203): error C2332: 'class': missing tag name
  C:\Users\Pog\Documents\School\Year 4\Sem 2\AdvancedGames\Assignment 2\Git\AdvGamesProgramming\GameFiles\Source\AdvGamesProgramming\SpawnerComponent.cpp(206): error C2332: 'class': missing tag name
  C:\Users\Pog\Documents\School\Year 4\Sem 2\AdvancedGames\Assignment 2\Git\AdvGamesProgramming\GameFiles\Source\AdvGamesProgramming\SpawnerComponent.cpp(207): error C2332: 'class': missing tag name
  C:\Users\Pog\Documents\School\Year 4\Sem 2\AdvancedGames\Assignment 2\Git\AdvGamesProgramming\GameFiles\Source\AdvGamesProgramming\SpawnerComponent.cpp(208): error C2332: 'class': missing tag name
  C:\Users\Pog\Documents\School\Year 4\Sem 2\AdvancedGames\Assignment 2\Git\AdvGamesProgramming\GameFiles\Source\AdvGamesProgramming\SpawnerComponent.cpp(209): error C2332: 'class': missing tag name
  C:\Users\Pog\Documents\School\Year 4\Sem 2\AdvancedGames\Assignment 2\Git\AdvGamesProgramming\GameFiles\Source\AdvGamesProgramming\SpawnerComponent.cpp(210): error C2332: 'class': missing tag name
  C:\Users\Pog\Documents\School\Year 4\Sem 2\AdvancedGames\Assignment 2\Git\AdvGamesProgramming\GameFiles\Source\AdvGamesProgramming\SpawnerComponent.cpp(211): error C2332: 'class': missing tag name
  C:\Users\Pog\Documents\School\Year 4\Sem 2\AdvancedGames\Assignment 2\Git\AdvGamesProgramming\GameFiles\Source\AdvGamesProgramming\SpawnerComponent.cpp(214): error C2332: 'class': missing tag name
  C:\Users\Pog\Documents\School\Year 4\Sem 2\AdvancedGames\Assignment 2\Git\AdvGamesProgramming\GameFiles\Source\AdvGamesProgramming\SpawnerComponent.cpp(216): error C2332: 'class': missing tag name
  C:\Users\Pog\Documents\School\Year 4\Sem 2\AdvancedGames\Assignment 2\Git\AdvGamesProgramming\GameFiles\Source\AdvGamesProgramming\SpawnerComponent.cpp(219): error C2332: 'class': missing tag name
  C:\Users\Pog\Documents\School\Year 4\Sem 2\AdvancedGames\Assignment 2\Git\AdvGamesProgramming\GameFiles\Source\AdvGamesProgramming\SpawnerComponent.cpp(220): error C2332: 'class': missing tag name
  C:\Users\Pog\Documents\School\Year 4\Sem 2\AdvancedGames\Assignment 2\Git\AdvGamesProgramming\GameFiles\Source\AdvGamesProgramming\SpawnerComponent.cpp(223): error C2332: 'class': missing tag name
  C:\Users\Pog\Documents\School\Year 4\Sem 2\AdvancedGames\Assignment 2\Git\AdvGamesProgramming\GameFiles\Source\AdvGamesProgramming\SpawnerComponent.cpp(226): error C2332: 'class': missing tag name
  C:\Users\Pog\Documents\School\Year 4\Sem 2\AdvancedGames\Assignment 2\Git\AdvGamesProgramming\GameFiles\Source\AdvGamesProgramming\SpawnerComponent.cpp(226): error C3873: '0x21b5': this character is not allowed as a first character of an identifier
  C:\Users\Pog\Documents\School\Year 4\Sem 2\AdvancedGames\Assignment 2\Git\AdvGamesProgramming\GameFiles\Source\AdvGamesProgramming\SpawnerComponent.cpp(229): error C2332: 'class': missing tag name
  C:\Users\Pog\Documents\School\Year 4\Sem 2\AdvancedGames\Assignment 2\Git\AdvGamesProgramming\GameFiles\Source\AdvGamesProgramming\SpawnerComponent.cpp(231): error C2332: 'class': missing tag name
  C:\Users\Pog\Documents\School\Year 4\Sem 2\AdvancedGames\Assignment 2\Git\AdvGamesProgramming\GameFiles\Source\AdvGamesProgramming\SpawnerComponent.cpp(231): error C3873: '0x21b5': this character is not allowed as a first character of an identifier
  C:\Users\Pog\Documents\School\Year 4\Sem 2\AdvancedGames\Assignment 2\Git\AdvGamesProgramming\GameFiles\Source\AdvGamesProgramming\SpawnerComponent.cpp(238): error C2332: 'class': missing tag name
  C:\Users\Pog\Documents\School\Year 4\Sem 2\AdvancedGames\Assignment 2\Git\AdvGamesProgramming\GameFiles\Source\AdvGamesProgramming\SpawnerComponent.cpp(239): error C2332: 'class': missing tag name
  C:\Users\Pog\Documents\School\Year 4\Sem 2\AdvancedGames\Assignment 2\Git\AdvGamesProgramming\GameFiles\Source\AdvGamesProgramming\SpawnerComponent.cpp(240): error C2332: 'class': missing tag name
  C:\Users\Pog\Documents\School\Year 4\Sem 2\AdvancedGames\Assignment 2\Git\AdvGamesProgramming\GameFiles\Source\AdvGamesProgramming\SpawnerComponent.cpp(244): error C2332: 'class': missing tag name
  C:\Users\Pog\Documents\School\Year 4\Sem 2\AdvancedGames\Assignment 2\Git\AdvGamesProgramming\GameFiles\Source\AdvGamesProgramming\SpawnerComponent.cpp(247): error C2332: 'class': missing tag name
  C:\Users\Pog\Documents\School\Year 4\Sem 2\AdvancedGames\Assignment 2\Git\AdvGamesProgramming\GameFiles\Source\AdvGamesProgramming\SpawnerComponent.cpp(248): error C2332: 'class': missing tag name
  C:\Users\Pog\Documents\School\Year 4\Sem 2\AdvancedGames\Assignment 2\Git\AdvGamesProgramming\GameFiles\Source\AdvGamesProgramming\SpawnerComponent.cpp(249): error C2332: 'class': missing tag name
  C:\Users\Pog\Documents\School\Year 4\Sem 2\AdvancedGames\Assignment 2\Git\AdvGamesProgramming\GameFiles\Source\AdvGamesProgramming\SpawnerComponent.cpp(250): error C2332: 'class': missing tag name
  C:\Users\Pog\Documents\School\Year 4\Sem 2\AdvancedGames\Assignment 2\Git\AdvGamesProgramming\GameFiles\Source\AdvGamesProgramming\SpawnerComponent.cpp(251): error C2332: 'class': missing tag name
  C:\Users\Pog\Documents\School\Year 4\Sem 2\AdvancedGames\Assignment 2\Git\AdvGamesProgramming\GameFiles\Source\AdvGamesProgramming\SpawnerComponent.cpp(252): error C2332: 'class': missing tag name
  C:\Users\Pog\Documents\School\Year 4\Sem 2\AdvancedGames\Assignment 2\Git\AdvGamesProgramming\GameFiles\Source\AdvGamesProgramming\SpawnerComponent.cpp(255): error C2332: 'class': missing tag name
  C:\Users\Pog\Documents\School\Year 4\Sem 2\AdvancedGames\Assignment 2\Git\AdvGamesProgramming\GameFiles\Source\AdvGamesProgramming\SpawnerComponent.cpp(257): error C2332: 'class': missing tag name
  C:\Users\Pog\Documents\School\Year 4\Sem 2\AdvancedGames\Assignment 2\Git\AdvGamesProgramming\GameFiles\Source\AdvGamesProgramming\SpawnerComponent.cpp(260): error C2332: 'class': missing tag name
  C:\Users\Pog\Documents\School\Year 4\Sem 2\AdvancedGames\Assignment 2\Git\AdvGamesProgramming\GameFiles\Source\AdvGamesProgramming\SpawnerComponent.cpp(261): error C2332: 'class': missing tag name
  C:\Users\Pog\Documents\School\Year 4\Sem 2\AdvancedGames\Assignment 2\Git\AdvGamesProgramming\GameFiles\Source\AdvGamesProgramming\SpawnerComponent.cpp(264): error C2332: 'class': missing tag name
  C:\Users\Pog\Documents\School\Year 4\Sem 2\AdvancedGames\Assignment 2\Git\AdvGamesProgramming\GameFiles\Source\AdvGamesProgramming\SpawnerComponent.cpp(267): error C2332: 'class': missing tag name
  C:\Users\Pog\Documents\School\Year 4\Sem 2\AdvancedGames\Assignment 2\Git\AdvGamesProgramming\GameFiles\Source\AdvGamesProgramming\SpawnerComponent.cpp(267): error C3873: '0x21b5': this character is not allowed as a first character of an identifier
  C:\Users\Pog\Documents\School\Year 4\Sem 2\AdvancedGames\Assignment 2\Git\AdvGamesProgramming\GameFiles\Source\AdvGamesProgramming\SpawnerComponent.cpp(270): error C2332: 'class': missing tag name
  C:\Users\Pog\Documents\School\Year 4\Sem 2\AdvancedGames\Assignment 2\Git\AdvGamesProgramming\GameFiles\Source\AdvGamesProgramming\SpawnerComponent.cpp(272): error C2332: 'class': missing tag name
  C:\Users\Pog\Documents\School\Year 4\Sem 2\AdvancedGames\Assignment 2\Git\AdvGamesProgramming\GameFiles\Source\AdvGamesProgramming\SpawnerComponent.cpp(272): error C3873: '0x21b5': this character is not allowed as a first character of an identifier
  C:\Users\Pog\Documents\School\Year 4\Sem 2\AdvancedGames\Assignment 2\Git\AdvGamesProgramming\GameFiles\Source\AdvGamesProgramming\SpawnerComponent.cpp(279): error C2332: 'class': missing tag name
  C:\Users\Pog\Documents\School\Year 4\Sem 2\AdvancedGames\Assignment 2\Git\AdvGamesProgramming\GameFiles\Source\AdvGamesProgramming\SpawnerComponent.cpp(280): error C2332: 'class': missing tag name
  C:\Users\Pog\Documents\School\Year 4\Sem 2\AdvancedGames\Assignment 2\Git\AdvGamesProgramming\GameFiles\Source\AdvGamesProgramming\SpawnerComponent.cpp(281): error C2332: 'class': missing tag name
  C:\Users\Pog\Documents\School\Year 4\Sem 2\AdvancedGames\Assignment 2\Git\AdvGamesProgramming\GameFiles\Source\AdvGamesProgramming\SpawnerComponent.cpp(282): error C2332: 'class': missing tag name
  C:\Users\Pog\Documents\School\Year 4\Sem 2\AdvancedGames\Assignment 2\Git\AdvGamesProgramming\GameFiles\Source\AdvGamesProgramming\SpawnerComponent.cpp(283): error C2332: 'class': missing tag name
  C:\Users\Pog\Documents\School\Year 4\Sem 2\AdvancedGames\Assignment 2\Git\AdvGamesProgramming\GameFiles\Source\AdvGamesProgramming\SpawnerComponent.cpp(284): error C2332: 'class': missing tag name
  C:\Users\Pog\Documents\School\Year 4\Sem 2\AdvancedGames\Assignment 2\Git\AdvGamesProgramming\GameFiles\Source\AdvGamesProgramming\SpawnerComponent.cpp(287): error C2332: 'class': missing tag name
  C:\Users\Pog\Documents\School\Year 4\Sem 2\AdvancedGames\Assignment 2\Git\AdvGamesProgramming\GameFiles\Source\AdvGamesProgramming\SpawnerComponent.cpp(289): error C2332: 'class': missing tag name
  C:\Users\Pog\Documents\School\Year 4\Sem 2\AdvancedGames\Assignment 2\Git\AdvGamesProgramming\GameFiles\Source\AdvGamesProgramming\SpawnerComponent.cpp(292): error C2332: 'class': missing tag name
  C:\Users\Pog\Documents\School\Year 4\Sem 2\AdvancedGames\Assignment 2\Git\AdvGamesProgramming\GameFiles\Source\AdvGamesProgramming\SpawnerComponent.cpp(293): error C2332: 'class': missing tag name
  C:\Users\Pog\Documents\School\Year 4\Sem 2\AdvancedGames\Assignment 2\Git\AdvGamesProgramming\GameFiles\Source\AdvGamesProgramming\SpawnerComponent.cpp(296): error C2332: 'class': missing tag name
  C:\Users\Pog\Documents\School\Year 4\Sem 2\AdvancedGames\Assignment 2\Git\AdvGamesProgramming\GameFiles\Source\AdvGamesProgramming\SpawnerComponent.cpp(299): error C2332: 'class': missing tag name
  C:\Users\Pog\Documents\School\Year 4\Sem 2\AdvancedGames\Assignment 2\Git\AdvGamesProgramming\GameFiles\Source\AdvGamesProgramming\SpawnerComponent.cpp(299): error C3873: '0x21b5': this character is not allowed as a first character of an identifier
  C:\Users\Pog\Documents\School\Year 4\Sem 2\AdvancedGames\Assignment 2\Git\AdvGamesProgramming\GameFiles\Source\AdvGamesProgramming\SpawnerComponent.cpp(302): error C2332: 'class': missing tag name
  C:\Users\Pog\Documents\School\Year 4\Sem 2\AdvancedGames\Assignment 2\Git\AdvGamesProgramming\GameFiles\Source\AdvGamesProgramming\SpawnerComponent.cpp(304): error C2332: 'class': missing tag name
  C:\Users\Pog\Documents\School\Year 4\Sem 2\AdvancedGames\Assignment 2\Git\AdvGamesProgramming\GameFiles\Source\AdvGamesProgramming\SpawnerComponent.cpp(304): error C3873: '0x21b5': this character is not allowed as a first character of an identifier
  C:\Users\Pog\Documents\School\Year 4\Sem 2\AdvancedGames\Assignment 2\Git\AdvGamesProgramming\GameFiles\Source\AdvGamesProgramming\SpawnerComponent.cpp(310): error C2332: 'class': missing tag name
  C:\Users\Pog\Documents\School\Year 4\Sem 2\AdvancedGames\Assignment 2\Git\AdvGamesProgramming\GameFiles\Source\AdvGamesProgramming\SpawnerComponent.cpp(311): error C2332: 'class': missing tag name
  C:\Users\Pog\Documents\School\Year 4\Sem 2\AdvancedGames\Assignment 2\Git\AdvGamesProgramming\GameFiles\Source\AdvGamesProgramming\SpawnerComponent.cpp(321): error C2332: 'class': missing tag name
  C:\Users\Pog\Documents\School\Year 4\Sem 2\AdvancedGames\Assignment 2\Git\AdvGamesProgramming\GameFiles\Source\AdvGamesProgramming\SpawnerComponent.cpp(322): error C2332: 'class': missing tag name
  C:\Users\Pog\Documents\School\Year 4\Sem 2\AdvancedGames\Assignment 2\Git\AdvGamesProgramming\GameFiles\Source\AdvGamesProgramming\SpawnerComponent.cpp(325): error C2332: 'class': missing tag name
  C:\Users\Pog\Documents\School\Year 4\Sem 2\AdvancedGames\Assignment 2\Git\AdvGamesProgramming\GameFiles\Source\AdvGamesProgramming\SpawnerComponent.cpp(326): error C2332: 'class': missing tag name
  C:\Users\Pog\Documents\School\Year 4\Sem 2\AdvancedGames\Assignment 2\Git\AdvGamesProgramming\GameFiles\Source\AdvGamesProgramming\SpawnerComponent.cpp(328): error C2332: 'class': missing tag name
  C:\Users\Pog\Documents\School\Year 4\Sem 2\AdvancedGames\Assignment 2\Git\AdvGamesProgramming\GameFiles\Source\AdvGamesProgramming\SpawnerComponent.cpp(332): error C2332: 'class': missing tag name
  C:\Users\Pog\Documents\School\Year 4\Sem 2\AdvancedGames\Assignment 2\Git\AdvGamesProgramming\GameFiles\Source\AdvGamesProgramming\SpawnerComponent.cpp(333): error C2332: 'class': missing tag name
  C:\Users\Pog\Documents\School\Year 4\Sem 2\AdvancedGames\Assignment 2\Git\AdvGamesProgramming\GameFiles\Source\AdvGamesProgramming\SpawnerComponent.cpp(339): error C2332: 'class': missing tag name
  C:\Users\Pog\Documents\School\Year 4\Sem 2\AdvancedGames\Assignment 2\Git\AdvGamesProgramming\GameFiles\Source\AdvGamesProgramming\SpawnerComponent.cpp(344): error C2332: 'class': missing tag name
  C:\Users\Pog\Documents\School\Year 4\Sem 2\AdvancedGames\Assignment 2\Git\AdvGamesProgramming\GameFiles\Source\AdvGamesProgramming\SpawnerComponent.cpp(345): error C2332: 'class': missing tag name
  C:\Users\Pog\Documents\School\Year 4\Sem 2\AdvancedGames\Assignment 2\Git\AdvGamesProgramming\GameFiles\Source\AdvGamesProgramming\SpawnerComponent.cpp(348): error C2001: newline in constant
  C:\Users\Pog\Documents\School\Year 4\Sem 2\AdvancedGames\Assignment 2\Git\AdvGamesProgramming\GameFiles\Source\AdvGamesProgramming\SpawnerComponent.cpp(348): error C2015: too many characters in constant
  C:\Users\Pog\Documents\School\Year 4\Sem 2\AdvancedGames\Assignment 2\Git\AdvGamesProgramming\GameFiles\Source\AdvGamesProgramming\SpawnerComponent.cpp(349): error C2332: 'class': missing tag name
  C:\Users\Pog\Documents\School\Year 4\Sem 2\AdvancedGames\Assignment 2\Git\AdvGamesProgramming\GameFiles\Source\AdvGamesProgramming\SpawnerComponent.cpp(350): error C2332: 'class': missing tag name
  C:\Users\Pog\Documents\School\Year 4\Sem 2\AdvancedGames\Assignment 2\Git\AdvGamesProgramming\GameFiles\Source\AdvGamesProgramming\SpawnerComponent.cpp(357): error C2332: 'class': missing tag name
  C:\Users\Pog\Documents\School\Year 4\Sem 2\AdvancedGames\Assignment 2\Git\AdvGamesProgramming\GameFiles\Source\AdvGamesProgramming\SpawnerComponent.cpp(358): error C2332: 'class': missing tag name
  C:\Users\Pog\Documents\School\Year 4\Sem 2\AdvancedGames\Assignment 2\Git\AdvGamesProgramming\GameFiles\Source\AdvGamesProgramming\SpawnerComponent.cpp(358): fatal error C1003: error count exceeds 100; stopping compilation
  @progress 'Compiling C++ source code...' 31%
  [18/58] SpawnerManager.cpp
  C:\Users\Pog\Documents\School\Year 4\Sem 2\AdvancedGames\Assignment 2\Git\AdvGamesProgramming\GameFiles\Source\AdvGamesProgramming\SpawnerComponent.h(6): error C2059: syntax error: '<'
  C:\Users\Pog\Documents\School\Year 4\Sem 2\AdvancedGames\Assignment 2\Git\AdvGamesProgramming\GameFiles\Source\AdvGamesProgramming\SpawnerComponent.h(82): error C2332: 'class': missing tag name
  C:\Users\Pog\Documents\School\Year 4\Sem 2\AdvancedGames\Assignment 2\Git\AdvGamesProgramming\GameFiles\Source\AdvGamesProgramming\SpawnerComponent.h(94): error C2332: 'class': missing tag name
  C:\Users\Pog\Documents\School\Year 4\Sem 2\AdvancedGames\Assignment 2\Git\AdvGamesProgramming\GameFiles\Source\AdvGamesProgramming\SpawnerComponent.h(96): error C2332: 'class': missing tag name
  C:\Users\Pog\Documents\School\Year 4\Sem 2\AdvancedGames\Assignment 2\Git\AdvGamesProgramming\GameFiles\Source\AdvGamesProgramming\SpawnerComponent.h(98): error C2332: 'class': missing tag name
  C:\Users\Pog\Documents\School\Year 4\Sem 2\AdvancedGames\Assignment 2\Git\AdvGamesProgramming\GameFiles\Source\AdvGamesProgramming\SpawnerComponent.h(134): error C2332: 'class': missing tag name
  C:\Users\Pog\Documents\School\Year 4\Sem 2\AdvancedGames\Assignment 2\Git\AdvGamesProgramming\GameFiles\Source\AdvGamesProgramming\SpawnerComponent.h(135): error C2332: 'class': missing tag name
  C:\Users\Pog\Documents\School\Year 4\Sem 2\AdvancedGames\Assignment 2\Git\AdvGamesProgramming\GameFiles\Source\AdvGamesProgramming\SpawnerComponent.h(144): error C2332: 'class': missing tag name
  C:\Users\Pog\Documents\School\Year 4\Sem 2\AdvancedGames\Assignment 2\Git\AdvGamesProgramming\GameFiles\Source\AdvGamesProgramming\SpawnerComponent.h(147): error C2332: 'class': missing tag name
  C:\Users\Pog\Documents\School\Year 4\Sem 2\AdvancedGames\Assignment 2\Git\AdvGamesProgramming\GameFiles\Source\AdvGamesProgramming\SpawnerComponent.h(148): error C2332: 'class': missing tag name
  C:\Users\Pog\Documents\School\Year 4\Sem 2\AdvancedGames\Assignment 2\Git\AdvGamesProgramming\GameFiles\Source\AdvGamesProgramming\SpawnerComponent.h(149): error C2332: 'class': missing tag name
  C:\Users\Pog\Documents\School\Year 4\Sem 2\AdvancedGames\Assignment 2\Git\AdvGamesProgramming\GameFiles\Source\AdvGamesProgramming\SpawnerComponent.h(150): error C2332: 'class': missing tag name
  C:\Users\Pog\Documents\School\Year 4\Sem 2\AdvancedGames\Assignment 2\Git\AdvGamesProgramming\GameFiles\Source\AdvGamesProgramming\SpawnerComponent.h(155): error C2332: 'class': missing tag name
  C:\Users\Pog\Documents\School\Year 4\Sem 2\AdvancedGames\Assignment 2\Git\AdvGamesProgramming\GameFiles\Source\AdvGamesProgramming\SpawnerComponent.h(156): error C2332: 'class': missing tag name
  C:\Users\Pog\Documents\School\Year 4\Sem 2\AdvancedGames\Assignment 2\Git\AdvGamesProgramming\GameFiles\Source\AdvGamesProgramming\SpawnerComponent.h(157): error C2332: 'class': missing tag name
  C:\Users\Pog\Documents\School\Year 4\Sem 2\AdvancedGames\Assignment 2\Git\AdvGamesProgramming\GameFiles\Source\AdvGamesProgramming\SpawnerComponent.h(159): error C2332: 'class': missing tag name
  C:\Users\Pog\Documents\School\Year 4\Sem 2\AdvancedGames\Assignment 2\Git\AdvGamesProgramming\GameFiles\Source\AdvGamesProgramming\SpawnerComponent.h(164): error C2332: 'class': missing tag name
  C:\Users\Pog\Documents\School\Year 4\Sem 2\AdvancedGames\Assignment 2\Git\AdvGamesProgramming\GameFiles\Source\AdvGamesProgramming\SpawnerComponent.h(165): error C2332: 'class': missing tag name
  C:\Users\Pog\Documents\School\Year 4\Sem 2\AdvancedGames\Assignment 2\Git\AdvGamesProgramming\GameFiles\Source\AdvGamesProgramming\SpawnerComponent.h(166): error C2332: 'class': missing tag name
  C:\Users\Pog\Documents\School\Year 4\Sem 2\AdvancedGames\Assignment 2\Git\AdvGamesProgramming\GameFiles\Source\AdvGamesProgramming\SpawnerComponent.h(170): error C2332: 'class': missing tag name
  C:\Users\Pog\Documents\School\Year 4\Sem 2\AdvancedGames\Assignment 2\Git\AdvGamesProgramming\GameFiles\Source\AdvGamesProgramming\SpawnerComponent.h(171): error C2332: 'class': missing tag name
  C:\Users\Pog\Documents\School\Year 4\Sem 2\AdvancedGames\Assignment 2\Git\AdvGamesProgramming\GameFiles\Source\AdvGamesProgramming\SpawnerComponent.h(178): error C2332: 'class': missing tag name
  C:\Users\Pog\Documents\School\Year 4\Sem 2\AdvancedGames\Assignment 2\Git\AdvGamesProgramming\GameFiles\Source\AdvGamesProgramming\SpawnerComponent.h(179): error C2001: newline in constant
  C:\Users\Pog\Documents\School\Year 4\Sem 2\AdvancedGames\Assignment 2\Git\AdvGamesProgramming\GameFiles\Source\AdvGamesProgramming\SpawnerComponent.h(179): error C2015: too many characters in constant
  C:\Users\Pog\Documents\School\Year 4\Sem 2\AdvancedGames\Assignment 2\Git\AdvGamesProgramming\GameFiles\Source\AdvGamesProgramming\SpawnerComponent.h(180): error C2332: 'class': missing tag name
  C:\Users\Pog\Documents\School\Year 4\Sem 2\AdvancedGames\Assignment 2\Git\AdvGamesProgramming\GameFiles\Source\AdvGamesProgramming\SpawnerComponent.h(182): error C2332: 'class': missing tag name
  C:\Users\Pog\Documents\School\Year 4\Sem 2\AdvancedGames\Assignment 2\Git\AdvGamesProgramming\GameFiles\Source\AdvGamesProgramming\SpawnerComponent.h(197): error C2332: 'class': missing tag name
  C:\Users\Pog\Documents\School\Year 4\Sem 2\AdvancedGames\Assignment 2\Git\AdvGamesProgramming\GameFiles\Source\AdvGamesProgramming\SpawnerComponent.h(198): error C2332: 'class': missing tag name
  C:\Users\Pog\Documents\School\Year 4\Sem 2\AdvancedGames\Assignment 2\Git\AdvGamesProgramming\GameFiles\Source\AdvGamesProgramming\SpawnerComponent.h(199): error C2332: 'class': missing tag name
  C:\Users\Pog\Documents\School\Year 4\Sem 2\AdvancedGames\Assignment 2\Git\AdvGamesProgramming\GameFiles\Source\AdvGamesProgramming\SpawnerComponent.h(201): error C2332: 'class': missing tag name
  C:\Users\Pog\Documents\School\Year 4\Sem 2\AdvancedGames\Assignment 2\Git\AdvGamesProgramming\GameFiles\Source\AdvGamesProgramming\SpawnerComponent.h(203): error C2332: 'class': missing tag name
  C:\Users\Pog\Documents\School\Year 4\Sem 2\AdvancedGames\Assignment 2\Git\AdvGamesProgramming\GameFiles\Source\AdvGamesProgramming\SpawnerComponent.h(206): error C2332: 'class': missing tag name
  C:\Users\Pog\Documents\School\Year 4\Sem 2\AdvancedGames\Assignment 2\Git\AdvGamesProgramming\GameFiles\Source\AdvGamesProgramming\SpawnerComponent.h(207): error C2332: 'class': missing tag name
  C:\Users\Pog\Documents\School\Year 4\Sem 2\AdvancedGames\Assignment 2\Git\AdvGamesProgramming\GameFiles\Source\AdvGamesProgramming\SpawnerComponent.h(208): error C2332: 'class': missing tag name
  C:\Users\Pog\Documents\School\Year 4\Sem 2\AdvancedGames\Assignment 2\Git\AdvGamesProgramming\GameFiles\Source\AdvGamesProgramming\SpawnerComponent.h(209): error C2332: 'class': missing tag name
  C:\Users\Pog\Documents\School\Year 4\Sem 2\AdvancedGames\Assignment 2\Git\AdvGamesProgramming\GameFiles\Source\AdvGamesProgramming\SpawnerComponent.h(210): error C2332: 'class': missing tag name
  C:\Users\Pog\Documents\School\Year 4\Sem 2\AdvancedGames\Assignment 2\Git\AdvGamesProgramming\GameFiles\Source\AdvGamesProgramming\SpawnerComponent.h(211): error C2332: 'class': missing tag name
  C:\Users\Pog\Documents\School\Year 4\Sem 2\AdvancedGames\Assignment 2\Git\AdvGamesProgramming\GameFiles\Source\AdvGamesProgramming\SpawnerComponent.h(214): error C2332: 'class': missing tag name
  C:\Users\Pog\Documents\School\Year 4\Sem 2\AdvancedGames\Assignment 2\Git\AdvGamesProgramming\GameFiles\Source\AdvGamesProgramming\SpawnerComponent.h(216): error C2332: 'class': missing tag name
  C:\Users\Pog\Documents\School\Year 4\Sem 2\AdvancedGames\Assignment 2\Git\AdvGamesProgramming\GameFiles\Source\AdvGamesProgramming\SpawnerComponent.h(219): error C2332: 'class': missing tag name
  C:\Users\Pog\Documents\School\Year 4\Sem 2\AdvancedGames\Assignment 2\Git\AdvGamesProgramming\GameFiles\Source\AdvGamesProgramming\SpawnerComponent.h(220): error C2332: 'class': missing tag name
  C:\Users\Pog\Documents\School\Year 4\Sem 2\AdvancedGames\Assignment 2\Git\AdvGamesProgramming\GameFiles\Source\AdvGamesProgramming\SpawnerComponent.h(223): error C2332: 'class': missing tag name
  C:\Users\Pog\Documents\School\Year 4\Sem 2\AdvancedGames\Assignment 2\Git\AdvGamesProgramming\GameFiles\Source\AdvGamesProgramming\SpawnerComponent.h(226): error C2332: 'class': missing tag name
  C:\Users\Pog\Documents\School\Year 4\Sem 2\AdvancedGames\Assignment 2\Git\AdvGamesProgramming\GameFiles\Source\AdvGamesProgramming\SpawnerComponent.h(226): error C3873: '0x21b5': this character is not allowed as a first character of an identifier
  C:\Users\Pog\Documents\School\Year 4\Sem 2\AdvancedGames\Assignment 2\Git\AdvGamesProgramming\GameFiles\Source\AdvGamesProgramming\SpawnerComponent.h(229): error C2332: 'class': missing tag name
  C:\Users\Pog\Documents\School\Year 4\Sem 2\AdvancedGames\Assignment 2\Git\AdvGamesProgramming\GameFiles\Source\AdvGamesProgramming\SpawnerComponent.h(231): error C2332: 'class': missing tag name
  C:\Users\Pog\Documents\School\Year 4\Sem 2\AdvancedGames\Assignment 2\Git\AdvGamesProgramming\GameFiles\Source\AdvGamesProgramming\SpawnerComponent.h(231): error C3873: '0x21b5': this character is not allowed as a first character of an identifier
  C:\Users\Pog\Documents\School\Year 4\Sem 2\AdvancedGames\Assignment 2\Git\AdvGamesProgramming\GameFiles\Source\AdvGamesProgramming\SpawnerComponent.h(238): error C2332: 'class': missing tag name
  C:\Users\Pog\Documents\School\Year 4\Sem 2\AdvancedGames\Assignment 2\Git\AdvGamesProgramming\GameFiles\Source\AdvGamesProgramming\SpawnerComponent.h(239): error C2332: 'class': missing tag name
  C:\Users\Pog\Documents\School\Year 4\Sem 2\AdvancedGames\Assignment 2\Git\AdvGamesProgramming\GameFiles\Source\AdvGamesProgramming\SpawnerComponent.h(240): error C2332: 'class': missing tag name
  C:\Users\Pog\Documents\School\Year 4\Sem 2\AdvancedGames\Assignment 2\Git\AdvGamesProgramming\GameFiles\Source\AdvGamesProgramming\SpawnerComponent.h(244): error C2332: 'class': missing tag name
  C:\Users\Pog\Documents\School\Year 4\Sem 2\AdvancedGames\Assignment 2\Git\AdvGamesProgramming\GameFiles\Source\AdvGamesProgramming\SpawnerComponent.h(247): error C2332: 'class': missing tag name
  C:\Users\Pog\Documents\School\Year 4\Sem 2\AdvancedGames\Assignment 2\Git\AdvGamesProgramming\GameFiles\Source\AdvGamesProgramming\SpawnerComponent.h(248): error C2332: 'class': missing tag name
  C:\Users\Pog\Documents\School\Year 4\Sem 2\AdvancedGames\Assignment 2\Git\AdvGamesProgramming\GameFiles\Source\AdvGamesProgramming\SpawnerComponent.h(249): error C2332: 'class': missing tag name
  C:\Users\Pog\Documents\School\Year 4\Sem 2\AdvancedGames\Assignment 2\Git\AdvGamesProgramming\GameFiles\Source\AdvGamesProgramming\SpawnerComponent.h(250): error C2332: 'class': missing tag name
  C:\Users\Pog\Documents\School\Year 4\Sem 2\AdvancedGames\Assignment 2\Git\AdvGamesProgramming\GameFiles\Source\AdvGamesProgramming\SpawnerComponent.h(251): error C2332: 'class': missing tag name
  C:\Users\Pog\Documents\School\Year 4\Sem 2\AdvancedGames\Assignment 2\Git\AdvGamesProgramming\GameFiles\Source\AdvGamesProgramming\SpawnerComponent.h(252): error C2332: 'class': missing tag name
  C:\Users\Pog\Documents\School\Year 4\Sem 2\AdvancedGames\Assignment 2\Git\AdvGamesProgramming\GameFiles\Source\AdvGamesProgramming\SpawnerComponent.h(255): error C2332: 'class': missing tag name
  C:\Users\Pog\Documents\School\Year 4\Sem 2\AdvancedGames\Assignment 2\Git\AdvGamesProgramming\GameFiles\Source\AdvGamesProgramming\SpawnerComponent.h(257): error C2332: 'class': missing tag name
  C:\Users\Pog\Documents\School\Year 4\Sem 2\AdvancedGames\Assignment 2\Git\AdvGamesProgramming\GameFiles\Source\AdvGamesProgramming\SpawnerComponent.h(260): error C2332: 'class': missing tag name
  C:\Users\Pog\Documents\School\Year 4\Sem 2\AdvancedGames\Assignment 2\Git\AdvGamesProgramming\GameFiles\Source\AdvGamesProgramming\SpawnerComponent.h(261): error C2332: 'class': missing tag name
  C:\Users\Pog\Documents\School\Year 4\Sem 2\AdvancedGames\Assignment 2\Git\AdvGamesProgramming\GameFiles\Source\AdvGamesProgramming\SpawnerComponent.h(264): error C2332: 'class': missing tag name
  C:\Users\Pog\Documents\School\Year 4\Sem 2\AdvancedGames\Assignment 2\Git\AdvGamesProgramming\GameFiles\Source\AdvGamesProgramming\SpawnerComponent.h(267): error C2332: 'class': missing tag name
  C:\Users\Pog\Documents\School\Year 4\Sem 2\AdvancedGames\Assignment 2\Git\AdvGamesProgramming\GameFiles\Source\AdvGamesProgramming\SpawnerComponent.h(267): error C3873: '0x21b5': this character is not allowed as a first character of an identifier
  C:\Users\Pog\Documents\School\Year 4\Sem 2\AdvancedGames\Assignment 2\Git\AdvGamesProgramming\GameFiles\Source\AdvGamesProgramming\SpawnerComponent.h(270): error C2332: 'class': missing tag name
  C:\Users\Pog\Documents\School\Year 4\Sem 2\AdvancedGames\Assignment 2\Git\AdvGamesProgramming\GameFiles\Source\AdvGamesProgramming\SpawnerComponent.h(272): error C2332: 'class': missing tag name
  C:\Users\Pog\Documents\School\Year 4\Sem 2\AdvancedGames\Assignment 2\Git\AdvGamesProgramming\GameFiles\Source\AdvGamesProgramming\SpawnerComponent.h(272): error C3873: '0x21b5': this character is not allowed as a first character of an identifier
  C:\Users\Pog\Documents\School\Year 4\Sem 2\AdvancedGames\Assignment 2\Git\AdvGamesProgramming\GameFiles\Source\AdvGamesProgramming\SpawnerComponent.h(279): error C2332: 'class': missing tag name
  C:\Users\Pog\Documents\School\Year 4\Sem 2\AdvancedGames\Assignment 2\Git\AdvGamesProgramming\GameFiles\Source\AdvGamesProgramming\SpawnerComponent.h(280): error C2332: 'class': missing tag name
  C:\Users\Pog\Documents\School\Year 4\Sem 2\AdvancedGames\Assignment 2\Git\AdvGamesProgramming\GameFiles\Source\AdvGamesProgramming\SpawnerComponent.h(281): error C2332: 'class': missing tag name
  C:\Users\Pog\Documents\School\Year 4\Sem 2\AdvancedGames\Assignment 2\Git\AdvGamesProgramming\GameFiles\Source\AdvGamesProgramming\SpawnerComponent.h(282): error C2332: 'class': missing tag name
  C:\Users\Pog\Documents\School\Year 4\Sem 2\AdvancedGames\Assignment 2\Git\AdvGamesProgramming\GameFiles\Source\AdvGamesProgramming\SpawnerComponent.h(283): error C2332: 'class': missing tag name
  C:\Users\Pog\Documents\School\Year 4\Sem 2\AdvancedGames\Assignment 2\Git\AdvGamesProgramming\GameFiles\Source\AdvGamesProgramming\SpawnerComponent.h(284): error C2332: 'class': missing tag name
  C:\Users\Pog\Documents\School\Year 4\Sem 2\AdvancedGames\Assignment 2\Git\AdvGamesProgramming\GameFiles\Source\AdvGamesProgramming\SpawnerComponent.h(287): error C2332: 'class': missing tag name
  C:\Users\Pog\Documents\School\Year 4\Sem 2\AdvancedGames\Assignment 2\Git\AdvGamesProgramming\GameFiles\Source\AdvGamesProgramming\SpawnerComponent.h(289): error C2332: 'class': missing tag name
  C:\Users\Pog\Documents\School\Year 4\Sem 2\AdvancedGames\Assignment 2\Git\AdvGamesProgramming\GameFiles\Source\AdvGamesProgramming\SpawnerComponent.h(292): error C2332: 'class': missing tag name
  C:\Users\Pog\Documents\School\Year 4\Sem 2\AdvancedGames\Assignment 2\Git\AdvGamesProgramming\GameFiles\Source\AdvGamesProgramming\SpawnerComponent.h(293): error C2332: 'class': missing tag name
  C:\Users\Pog\Documents\School\Year 4\Sem 2\AdvancedGames\Assignment 2\Git\AdvGamesProgramming\GameFiles\Source\AdvGamesProgramming\SpawnerComponent.h(296): error C2332: 'class': missing tag name
  C:\Users\Pog\Documents\School\Year 4\Sem 2\AdvancedGames\Assignment 2\Git\AdvGamesProgramming\GameFiles\Source\AdvGamesProgramming\SpawnerComponent.h(299): error C2332: 'class': missing tag name
  C:\Users\Pog\Documents\School\Year 4\Sem 2\AdvancedGames\Assignment 2\Git\AdvGamesProgramming\GameFiles\Source\AdvGamesProgramming\SpawnerComponent.h(299): error C3873: '0x21b5': this character is not allowed as a first character of an identifier
  C:\Users\Pog\Documents\School\Year 4\Sem 2\AdvancedGames\Assignment 2\Git\AdvGamesProgramming\GameFiles\Source\AdvGamesProgramming\SpawnerComponent.h(302): error C2332: 'class': missing tag name
  C:\Users\Pog\Documents\School\Year 4\Sem 2\AdvancedGames\Assignment 2\Git\AdvGamesProgramming\GameFiles\Source\AdvGamesProgramming\SpawnerComponent.h(304): error C2332: 'class': missing tag name
  C:\Users\Pog\Documents\School\Year 4\Sem 2\AdvancedGames\Assignment 2\Git\AdvGamesProgramming\GameFiles\Source\AdvGamesProgramming\SpawnerComponent.h(304): error C3873: '0x21b5': this character is not allowed as a first character of an identifier
  C:\Users\Pog\Documents\School\Year 4\Sem 2\AdvancedGames\Assignment 2\Git\AdvGamesProgramming\GameFiles\Source\AdvGamesProgramming\SpawnerComponent.h(310): error C2332: 'class': missing tag name
  C:\Users\Pog\Documents\School\Year 4\Sem 2\AdvancedGames\Assignment 2\Git\AdvGamesProgramming\GameFiles\Source\AdvGamesProgramming\SpawnerComponent.h(311): error C2332: 'class': missing tag name
  C:\Users\Pog\Documents\School\Year 4\Sem 2\AdvancedGames\Assignment 2\Git\AdvGamesProgramming\GameFiles\Source\AdvGamesProgramming\SpawnerComponent.h(321): error C2332: 'class': missing tag name
  C:\Users\Pog\Documents\School\Year 4\Sem 2\AdvancedGames\Assignment 2\Git\AdvGamesProgramming\GameFiles\Source\AdvGamesProgramming\SpawnerComponent.h(322): error C2332: 'class': missing tag name
  C:\Users\Pog\Documents\School\Year 4\Sem 2\AdvancedGames\Assignment 2\Git\AdvGamesProgramming\GameFiles\Source\AdvGamesProgramming\SpawnerComponent.h(325): error C2332: 'class': missing tag name
  C:\Users\Pog\Documents\School\Year 4\Sem 2\AdvancedGames\Assignment 2\Git\AdvGamesProgramming\GameFiles\Source\AdvGamesProgramming\SpawnerComponent.h(326): error C2332: 'class': missing tag name
  C:\Users\Pog\Documents\School\Year 4\Sem 2\AdvancedGames\Assignment 2\Git\AdvGamesProgramming\GameFiles\Source\AdvGamesProgramming\SpawnerComponent.h(328): error C2332: 'class': missing tag name
  C:\Users\Pog\Documents\School\Year 4\Sem 2\AdvancedGames\Assignment 2\Git\AdvGamesProgramming\GameFiles\Source\AdvGamesProgramming\SpawnerComponent.h(332): error C2332: 'class': missing tag name
  C:\Users\Pog\Documents\School\Year 4\Sem 2\AdvancedGames\Assignment 2\Git\AdvGamesProgramming\GameFiles\Source\AdvGamesProgramming\SpawnerComponent.h(333): error C2332: 'class': missing tag name
  C:\Users\Pog\Documents\School\Year 4\Sem 2\AdvancedGames\Assignment 2\Git\AdvGamesProgramming\GameFiles\Source\AdvGamesProgramming\SpawnerComponent.h(339): error C2332: 'class': missing tag name
  C:\Users\Pog\Documents\School\Year 4\Sem 2\AdvancedGames\Assignment 2\Git\AdvGamesProgramming\GameFiles\Source\AdvGamesProgramming\SpawnerComponent.h(344): error C2332: 'class': missing tag name
  C:\Users\Pog\Documents\School\Year 4\Sem 2\AdvancedGames\Assignment 2\Git\AdvGamesProgramming\GameFiles\Source\AdvGamesProgramming\SpawnerComponent.h(345): error C2332: 'class': missing tag name
  C:\Users\Pog\Documents\School\Year 4\Sem 2\AdvancedGames\Assignment 2\Git\AdvGamesProgramming\GameFiles\Source\AdvGamesProgramming\SpawnerComponent.h(348): error C2001: newline in constant
  C:\Users\Pog\Documents\School\Year 4\Sem 2\AdvancedGames\Assignment 2\Git\AdvGamesProgramming\GameFiles\Source\AdvGamesProgramming\SpawnerComponent.h(348): error C2015: too many characters in constant
  C:\Users\Pog\Documents\School\Year 4\Sem 2\AdvancedGames\Assignment 2\Git\AdvGamesProgramming\GameFiles\Source\AdvGamesProgramming\SpawnerComponent.h(349): error C2332: 'class': missing tag name
  C:\Users\Pog\Documents\School\Year 4\Sem 2\AdvancedGames\Assignment 2\Git\AdvGamesProgramming\GameFiles\Source\AdvGamesProgramming\SpawnerComponent.h(350): error C2332: 'class': missing tag name
  C:\Users\Pog\Documents\School\Year 4\Sem 2\AdvancedGames\Assignment 2\Git\AdvGamesProgramming\GameFiles\Source\AdvGamesProgramming\SpawnerComponent.h(357): error C2332: 'class': missing tag name
  C:\Users\Pog\Documents\School\Year 4\Sem 2\AdvancedGames\Assignment 2\Git\AdvGamesProgramming\GameFiles\Source\AdvGamesProgramming\SpawnerComponent.h(358): error C2332: 'class': missing tag name
  C:\Users\Pog\Documents\School\Year 4\Sem 2\AdvancedGames\Assignment 2\Git\AdvGamesProgramming\GameFiles\Source\AdvGamesProgramming\SpawnerComponent.h(358): fatal error C1003: error count exceeds 100; stopping compilation
  @progress 'Compiling C++ source code...' 33%
  [19/58] TeamComponent.cpp
  @progress 'Compiling C++ source code...' 34%
  [20/58] GameTimer.cpp
  @progress 'Compiling C++ source code...' 36%
  [21/58] EnemyCharacterNavMesh.cpp
  @progress 'Compiling C++ source code...' 38%
  [22/58] Pickup.cpp
  C:\Users\Pog\Documents\School\Year 4\Sem 2\AdvancedGames\Assignment 2\Git\AdvGamesProgramming\GameFiles\Source\AdvGamesProgramming\Pickup.cpp(15): warning C4996: 'USceneComponent::AttachTo': This function is deprecated, please use AttachToComponent instead. Please update your code to the new API before upgrading to the next release, otherwise your project will no longer compile.
  @progress 'Compiling C++ source code...' 40%
  [23/58] AdvGamesProgramming.init.gen.cpp
  @progress 'Compiling C++ source code...' 41%
  [24/58] PickupManager.cpp
  @progress 'Compiling C++ source code...' 43%
  [25/58] AdvGamesProgrammingGameModeBase.gen.cpp
  @progress 'Compiling C++ source code...' 45%
  [26/58] AIManager.gen.cpp
  @progress 'Compiling C++ source code...' 47%
  [27/58] AIManagerNM.gen.cpp
  @progress 'Compiling C++ source code...' 48%
  [28/58] AmmoPickup.gen.cpp
  @progress 'Compiling C++ source code...' 50%
  [29/58] GameTimer.gen.cpp
  @progress 'Compiling C++ source code...' 52%
  [30/58] HealthComponent.gen.cpp
  @progress 'Compiling C++ source code...' 53%
  [31/58] HealthComponent.cpp
  @progress 'Compiling C++ source code...' 55%
  [32/58] MyAIControllerNM.cpp
  @progress 'Compiling C++ source code...' 57%
  [33/58] MultiplayerGameMode.gen.cpp
  @progress 'Compiling C++ source code...' 59%
  [34/58] PlayerHud.cpp
  @progress 'Compiling C++ source code...' 60%
  [35/58] ScoreComponent.cpp
  @progress 'Compiling C++ source code...' 62%
  [36/58] NavigationNode.gen.cpp
  @progress 'Compiling C++ source code...' 64%
  [37/58] PickupRotator.gen.cpp
  @progress 'Compiling C++ source code...' 66%
  [38/58] Pickup.gen.cpp
  @progress 'Compiling C++ source code...' 67%
  [39/58] EnemyCharacterNavMesh.gen.cpp
  @progress 'Compiling C++ source code...' 69%
  [40/58] EnemyCharacter.gen.cpp
  @progress 'Compiling C++ source code...' 71%
  [41/58] MyAIControllerNM.gen.cpp
  @progress 'Compiling C++ source code...' 72%
  [42/58] MyAIController.gen.cpp
  @progress 'Compiling C++ source code...' 74%
  [43/58] PlayerCharacter.gen.cpp
  @progress 'Compiling C++ source code...' 76%
  [44/58] Spawner.gen.cpp
  @progress 'Compiling C++ source code...' 78%
  [45/58] ProcedurallyGeneratedBuilding2.gen.cpp
  @progress 'Compiling C++ source code...' 79%
  [46/58] ProcedurallyGeneratedBuilding.gen.cpp
  @progress 'Compiling C++ source code...' 81%
  [47/58] TeamComponent.gen.cpp
  @progress 'Compiling C++ source code...' 83%
  [48/58] SpawnerManager.gen.cpp
  C:\Users\Pog\Documents\School\Year 4\Sem 2\AdvancedGames\Assignment 2\Git\AdvGamesProgramming\GameFiles\Source\AdvGamesProgramming\SpawnerComponent.h(6): error C2059: syntax error: '<'
  C:\Users\Pog\Documents\School\Year 4\Sem 2\AdvancedGames\Assignment 2\Git\AdvGamesProgramming\GameFiles\Source\AdvGamesProgramming\SpawnerComponent.h(82): error C2332: 'class': missing tag name
  C:\Users\Pog\Documents\School\Year 4\Sem 2\AdvancedGames\Assignment 2\Git\AdvGamesProgramming\GameFiles\Source\AdvGamesProgramming\SpawnerComponent.h(94): error C2332: 'class': missing tag name
  C:\Users\Pog\Documents\School\Year 4\Sem 2\AdvancedGames\Assignment 2\Git\AdvGamesProgramming\GameFiles\Source\AdvGamesProgramming\SpawnerComponent.h(96): error C2332: 'class': missing tag name
  C:\Users\Pog\Documents\School\Year 4\Sem 2\AdvancedGames\Assignment 2\Git\AdvGamesProgramming\GameFiles\Source\AdvGamesProgramming\SpawnerComponent.h(98): error C2332: 'class': missing tag name
  C:\Users\Pog\Documents\School\Year 4\Sem 2\AdvancedGames\Assignment 2\Git\AdvGamesProgramming\GameFiles\Source\AdvGamesProgramming\SpawnerComponent.h(134): error C2332: 'class': missing tag name
  C:\Users\Pog\Documents\School\Year 4\Sem 2\AdvancedGames\Assignment 2\Git\AdvGamesProgramming\GameFiles\Source\AdvGamesProgramming\SpawnerComponent.h(135): error C2332: 'class': missing tag name
  C:\Users\Pog\Documents\School\Year 4\Sem 2\AdvancedGames\Assignment 2\Git\AdvGamesProgramming\GameFiles\Source\AdvGamesProgramming\SpawnerComponent.h(144): error C2332: 'class': missing tag name
  C:\Users\Pog\Documents\School\Year 4\Sem 2\AdvancedGames\Assignment 2\Git\AdvGamesProgramming\GameFiles\Source\AdvGamesProgramming\SpawnerComponent.h(147): error C2332: 'class': missing tag name
  C:\Users\Pog\Documents\School\Year 4\Sem 2\AdvancedGames\Assignment 2\Git\AdvGamesProgramming\GameFiles\Source\AdvGamesProgramming\SpawnerComponent.h(148): error C2332: 'class': missing tag name
  C:\Users\Pog\Documents\School\Year 4\Sem 2\AdvancedGames\Assignment 2\Git\AdvGamesProgramming\GameFiles\Source\AdvGamesProgramming\SpawnerComponent.h(149): error C2332: 'class': missing tag name
  C:\Users\Pog\Documents\School\Year 4\Sem 2\AdvancedGames\Assignment 2\Git\AdvGamesProgramming\GameFiles\Source\AdvGamesProgramming\SpawnerComponent.h(150): error C2332: 'class': missing tag name
  C:\Users\Pog\Documents\School\Year 4\Sem 2\AdvancedGames\Assignment 2\Git\AdvGamesProgramming\GameFiles\Source\AdvGamesProgramming\SpawnerComponent.h(155): error C2332: 'class': missing tag name
  C:\Users\Pog\Documents\School\Year 4\Sem 2\AdvancedGames\Assignment 2\Git\AdvGamesProgramming\GameFiles\Source\AdvGamesProgramming\SpawnerComponent.h(156): error C2332: 'class': missing tag name
  C:\Users\Pog\Documents\School\Year 4\Sem 2\AdvancedGames\Assignment 2\Git\AdvGamesProgramming\GameFiles\Source\AdvGamesProgramming\SpawnerComponent.h(157): error C2332: 'class': missing tag name
  C:\Users\Pog\Documents\School\Year 4\Sem 2\AdvancedGames\Assignment 2\Git\AdvGamesProgramming\GameFiles\Source\AdvGamesProgramming\SpawnerComponent.h(159): error C2332: 'class': missing tag name
  C:\Users\Pog\Documents\School\Year 4\Sem 2\AdvancedGames\Assignment 2\Git\AdvGamesProgramming\GameFiles\Source\AdvGamesProgramming\SpawnerComponent.h(164): error C2332: 'class': missing tag name
  C:\Users\Pog\Documents\School\Year 4\Sem 2\AdvancedGames\Assignment 2\Git\AdvGamesProgramming\GameFiles\Source\AdvGamesProgramming\SpawnerComponent.h(165): error C2332: 'class': missing tag name
  C:\Users\Pog\Documents\School\Year 4\Sem 2\AdvancedGames\Assignment 2\Git\AdvGamesProgramming\GameFiles\Source\AdvGamesProgramming\SpawnerComponent.h(166): error C2332: 'class': missing tag name
  C:\Users\Pog\Documents\School\Year 4\Sem 2\AdvancedGames\Assignment 2\Git\AdvGamesProgramming\GameFiles\Source\AdvGamesProgramming\SpawnerComponent.h(170): error C2332: 'class': missing tag name
  C:\Users\Pog\Documents\School\Year 4\Sem 2\AdvancedGames\Assignment 2\Git\AdvGamesProgramming\GameFiles\Source\AdvGamesProgramming\SpawnerComponent.h(171): error C2332: 'class': missing tag name
  C:\Users\Pog\Documents\School\Year 4\Sem 2\AdvancedGames\Assignment 2\Git\AdvGamesProgramming\GameFiles\Source\AdvGamesProgramming\SpawnerComponent.h(178): error C2332: 'class': missing tag name
  C:\Users\Pog\Documents\School\Year 4\Sem 2\AdvancedGames\Assignment 2\Git\AdvGamesProgramming\GameFiles\Source\AdvGamesProgramming\SpawnerComponent.h(179): error C2001: newline in constant
  C:\Users\Pog\Documents\School\Year 4\Sem 2\AdvancedGames\Assignment 2\Git\AdvGamesProgramming\GameFiles\Source\AdvGamesProgramming\SpawnerComponent.h(179): error C2015: too many characters in constant
  C:\Users\Pog\Documents\School\Year 4\Sem 2\AdvancedGames\Assignment 2\Git\AdvGamesProgramming\GameFiles\Source\AdvGamesProgramming\SpawnerComponent.h(180): error C2332: 'class': missing tag name
  C:\Users\Pog\Documents\School\Year 4\Sem 2\AdvancedGames\Assignment 2\Git\AdvGamesProgramming\GameFiles\Source\AdvGamesProgramming\SpawnerComponent.h(182): error C2332: 'class': missing tag name
  C:\Users\Pog\Documents\School\Year 4\Sem 2\AdvancedGames\Assignment 2\Git\AdvGamesProgramming\GameFiles\Source\AdvGamesProgramming\SpawnerComponent.h(197): error C2332: 'class': missing tag name
  C:\Users\Pog\Documents\School\Year 4\Sem 2\AdvancedGames\Assignment 2\Git\AdvGamesProgramming\GameFiles\Source\AdvGamesProgramming\SpawnerComponent.h(198): error C2332: 'class': missing tag name
  C:\Users\Pog\Documents\School\Year 4\Sem 2\AdvancedGames\Assignment 2\Git\AdvGamesProgramming\GameFiles\Source\AdvGamesProgramming\SpawnerComponent.h(199): error C2332: 'class': missing tag name
  C:\Users\Pog\Documents\School\Year 4\Sem 2\AdvancedGames\Assignment 2\Git\AdvGamesProgramming\GameFiles\Source\AdvGamesProgramming\SpawnerComponent.h(201): error C2332: 'class': missing tag name
  C:\Users\Pog\Documents\School\Year 4\Sem 2\AdvancedGames\Assignment 2\Git\AdvGamesProgramming\GameFiles\Source\AdvGamesProgramming\SpawnerComponent.h(203): error C2332: 'class': missing tag name
  C:\Users\Pog\Documents\School\Year 4\Sem 2\AdvancedGames\Assignment 2\Git\AdvGamesProgramming\GameFiles\Source\AdvGamesProgramming\SpawnerComponent.h(206): error C2332: 'class': missing tag name
  C:\Users\Pog\Documents\School\Year 4\Sem 2\AdvancedGames\Assignment 2\Git\AdvGamesProgramming\GameFiles\Source\AdvGamesProgramming\SpawnerComponent.h(207): error C2332: 'class': missing tag name
  C:\Users\Pog\Documents\School\Year 4\Sem 2\AdvancedGames\Assignment 2\Git\AdvGamesProgramming\GameFiles\Source\AdvGamesProgramming\SpawnerComponent.h(208): error C2332: 'class': missing tag name
  C:\Users\Pog\Documents\School\Year 4\Sem 2\AdvancedGames\Assignment 2\Git\AdvGamesProgramming\GameFiles\Source\AdvGamesProgramming\SpawnerComponent.h(209): error C2332: 'class': missing tag name
  C:\Users\Pog\Documents\School\Year 4\Sem 2\AdvancedGames\Assignment 2\Git\AdvGamesProgramming\GameFiles\Source\AdvGamesProgramming\SpawnerComponent.h(210): error C2332: 'class': missing tag name
  C:\Users\Pog\Documents\School\Year 4\Sem 2\AdvancedGames\Assignment 2\Git\AdvGamesProgramming\GameFiles\Source\AdvGamesProgramming\SpawnerComponent.h(211): error C2332: 'class': missing tag name
  C:\Users\Pog\Documents\School\Year 4\Sem 2\AdvancedGames\Assignment 2\Git\AdvGamesProgramming\GameFiles\Source\AdvGamesProgramming\SpawnerComponent.h(214): error C2332: 'class': missing tag name
  C:\Users\Pog\Documents\School\Year 4\Sem 2\AdvancedGames\Assignment 2\Git\AdvGamesProgramming\GameFiles\Source\AdvGamesProgramming\SpawnerComponent.h(216): error C2332: 'class': missing tag name
  C:\Users\Pog\Documents\School\Year 4\Sem 2\AdvancedGames\Assignment 2\Git\AdvGamesProgramming\GameFiles\Source\AdvGamesProgramming\SpawnerComponent.h(219): error C2332: 'class': missing tag name
  C:\Users\Pog\Documents\School\Year 4\Sem 2\AdvancedGames\Assignment 2\Git\AdvGamesProgramming\GameFiles\Source\AdvGamesProgramming\SpawnerComponent.h(220): error C2332: 'class': missing tag name
  C:\Users\Pog\Documents\School\Year 4\Sem 2\AdvancedGames\Assignment 2\Git\AdvGamesProgramming\GameFiles\Source\AdvGamesProgramming\SpawnerComponent.h(223): error C2332: 'class': missing tag name
  C:\Users\Pog\Documents\School\Year 4\Sem 2\AdvancedGames\Assignment 2\Git\AdvGamesProgramming\GameFiles\Source\AdvGamesProgramming\SpawnerComponent.h(226): error C2332: 'class': missing tag name
  C:\Users\Pog\Documents\School\Year 4\Sem 2\AdvancedGames\Assignment 2\Git\AdvGamesProgramming\GameFiles\Source\AdvGamesProgramming\SpawnerComponent.h(226): error C3873: '0x21b5': this character is not allowed as a first character of an identifier
  C:\Users\Pog\Documents\School\Year 4\Sem 2\AdvancedGames\Assignment 2\Git\AdvGamesProgramming\GameFiles\Source\AdvGamesProgramming\SpawnerComponent.h(229): error C2332: 'class': missing tag name
  C:\Users\Pog\Documents\School\Year 4\Sem 2\AdvancedGames\Assignment 2\Git\AdvGamesProgramming\GameFiles\Source\AdvGamesProgramming\SpawnerComponent.h(231): error C2332: 'class': missing tag name
  C:\Users\Pog\Documents\School\Year 4\Sem 2\AdvancedGames\Assignment 2\Git\AdvGamesProgramming\GameFiles\Source\AdvGamesProgramming\SpawnerComponent.h(231): error C3873: '0x21b5': this character is not allowed as a first character of an identifier
  C:\Users\Pog\Documents\School\Year 4\Sem 2\AdvancedGames\Assignment 2\Git\AdvGamesProgramming\GameFiles\Source\AdvGamesProgramming\SpawnerComponent.h(238): error C2332: 'class': missing tag name
  C:\Users\Pog\Documents\School\Year 4\Sem 2\AdvancedGames\Assignment 2\Git\AdvGamesProgramming\GameFiles\Source\AdvGamesProgramming\SpawnerComponent.h(239): error C2332: 'class': missing tag name
  C:\Users\Pog\Documents\School\Year 4\Sem 2\AdvancedGames\Assignment 2\Git\AdvGamesProgramming\GameFiles\Source\AdvGamesProgramming\SpawnerComponent.h(240): error C2332: 'class': missing tag name
  C:\Users\Pog\Documents\School\Year 4\Sem 2\AdvancedGames\Assignment 2\Git\AdvGamesProgramming\GameFiles\Source\AdvGamesProgramming\SpawnerComponent.h(244): error C2332: 'class': missing tag name
  C:\Users\Pog\Documents\School\Year 4\Sem 2\AdvancedGames\Assignment 2\Git\AdvGamesProgramming\GameFiles\Source\AdvGamesProgramming\SpawnerComponent.h(247): error C2332: 'class': missing tag name
  C:\Users\Pog\Documents\School\Year 4\Sem 2\AdvancedGames\Assignment 2\Git\AdvGamesProgramming\GameFiles\Source\AdvGamesProgramming\SpawnerComponent.h(248): error C2332: 'class': missing tag name
  C:\Users\Pog\Documents\School\Year 4\Sem 2\AdvancedGames\Assignment 2\Git\AdvGamesProgramming\GameFiles\Source\AdvGamesProgramming\SpawnerComponent.h(249): error C2332: 'class': missing tag name
  C:\Users\Pog\Documents\School\Year 4\Sem 2\AdvancedGames\Assignment 2\Git\AdvGamesProgramming\GameFiles\Source\AdvGamesProgramming\SpawnerComponent.h(250): error C2332: 'class': missing tag name
  C:\Users\Pog\Documents\School\Year 4\Sem 2\AdvancedGames\Assignment 2\Git\AdvGamesProgramming\GameFiles\Source\AdvGamesProgramming\SpawnerComponent.h(251): error C2332: 'class': missing tag name
  C:\Users\Pog\Documents\School\Year 4\Sem 2\AdvancedGames\Assignment 2\Git\AdvGamesProgramming\GameFiles\Source\AdvGamesProgramming\SpawnerComponent.h(252): error C2332: 'class': missing tag name
  C:\Users\Pog\Documents\School\Year 4\Sem 2\AdvancedGames\Assignment 2\Git\AdvGamesProgramming\GameFiles\Source\AdvGamesProgramming\SpawnerComponent.h(255): error C2332: 'class': missing tag name
  C:\Users\Pog\Documents\School\Year 4\Sem 2\AdvancedGames\Assignment 2\Git\AdvGamesProgramming\GameFiles\Source\AdvGamesProgramming\SpawnerComponent.h(257): error C2332: 'class': missing tag name
  C:\Users\Pog\Documents\School\Year 4\Sem 2\AdvancedGames\Assignment 2\Git\AdvGamesProgramming\GameFiles\Source\AdvGamesProgramming\SpawnerComponent.h(260): error C2332: 'class': missing tag name
  C:\Users\Pog\Documents\School\Year 4\Sem 2\AdvancedGames\Assignment 2\Git\AdvGamesProgramming\GameFiles\Source\AdvGamesProgramming\SpawnerComponent.h(261): error C2332: 'class': missing tag name
  C:\Users\Pog\Documents\School\Year 4\Sem 2\AdvancedGames\Assignment 2\Git\AdvGamesProgramming\GameFiles\Source\AdvGamesProgramming\SpawnerComponent.h(264): error C2332: 'class': missing tag name
  C:\Users\Pog\Documents\School\Year 4\Sem 2\AdvancedGames\Assignment 2\Git\AdvGamesProgramming\GameFiles\Source\AdvGamesProgramming\SpawnerComponent.h(267): error C2332: 'class': missing tag name
  C:\Users\Pog\Documents\School\Year 4\Sem 2\AdvancedGames\Assignment 2\Git\AdvGamesProgramming\GameFiles\Source\AdvGamesProgramming\SpawnerComponent.h(267): error C3873: '0x21b5': this character is not allowed as a first character of an identifier
  C:\Users\Pog\Documents\School\Year 4\Sem 2\AdvancedGames\Assignment 2\Git\AdvGamesProgramming\GameFiles\Source\AdvGamesProgramming\SpawnerComponent.h(270): error C2332: 'class': missing tag name
  C:\Users\Pog\Documents\School\Year 4\Sem 2\AdvancedGames\Assignment 2\Git\AdvGamesProgramming\GameFiles\Source\AdvGamesProgramming\SpawnerComponent.h(272): error C2332: 'class': missing tag name
  C:\Users\Pog\Documents\School\Year 4\Sem 2\AdvancedGames\Assignment 2\Git\AdvGamesProgramming\GameFiles\Source\AdvGamesProgramming\SpawnerComponent.h(272): error C3873: '0x21b5': this character is not allowed as a first character of an identifier
  C:\Users\Pog\Documents\School\Year 4\Sem 2\AdvancedGames\Assignment 2\Git\AdvGamesProgramming\GameFiles\Source\AdvGamesProgramming\SpawnerComponent.h(279): error C2332: 'class': missing tag name
  C:\Users\Pog\Documents\School\Year 4\Sem 2\AdvancedGames\Assignment 2\Git\AdvGamesProgramming\GameFiles\Source\AdvGamesProgramming\SpawnerComponent.h(280): error C2332: 'class': missing tag name
  C:\Users\Pog\Documents\School\Year 4\Sem 2\AdvancedGames\Assignment 2\Git\AdvGamesProgramming\GameFiles\Source\AdvGamesProgramming\SpawnerComponent.h(281): error C2332: 'class': missing tag name
  C:\Users\Pog\Documents\School\Year 4\Sem 2\AdvancedGames\Assignment 2\Git\AdvGamesProgramming\GameFiles\Source\AdvGamesProgramming\SpawnerComponent.h(282): error C2332: 'class': missing tag name
  C:\Users\Pog\Documents\School\Year 4\Sem 2\AdvancedGames\Assignment 2\Git\AdvGamesProgramming\GameFiles\Source\AdvGamesProgramming\SpawnerComponent.h(283): error C2332: 'class': missing tag name
  C:\Users\Pog\Documents\School\Year 4\Sem 2\AdvancedGames\Assignment 2\Git\AdvGamesProgramming\GameFiles\Source\AdvGamesProgramming\SpawnerComponent.h(284): error C2332: 'class': missing tag name
  C:\Users\Pog\Documents\School\Year 4\Sem 2\AdvancedGames\Assignment 2\Git\AdvGamesProgramming\GameFiles\Source\AdvGamesProgramming\SpawnerComponent.h(287): error C2332: 'class': missing tag name
  C:\Users\Pog\Documents\School\Year 4\Sem 2\AdvancedGames\Assignment 2\Git\AdvGamesProgramming\GameFiles\Source\AdvGamesProgramming\SpawnerComponent.h(289): error C2332: 'class': missing tag name
  C:\Users\Pog\Documents\School\Year 4\Sem 2\AdvancedGames\Assignment 2\Git\AdvGamesProgramming\GameFiles\Source\AdvGamesProgramming\SpawnerComponent.h(292): error C2332: 'class': missing tag name
  C:\Users\Pog\Documents\School\Year 4\Sem 2\AdvancedGames\Assignment 2\Git\AdvGamesProgramming\GameFiles\Source\AdvGamesProgramming\SpawnerComponent.h(293): error C2332: 'class': missing tag name
  C:\Users\Pog\Documents\School\Year 4\Sem 2\AdvancedGames\Assignment 2\Git\AdvGamesProgramming\GameFiles\Source\AdvGamesProgramming\SpawnerComponent.h(296): error C2332: 'class': missing tag name
  C:\Users\Pog\Documents\School\Year 4\Sem 2\AdvancedGames\Assignment 2\Git\AdvGamesProgramming\GameFiles\Source\AdvGamesProgramming\SpawnerComponent.h(299): error C2332: 'class': missing tag name
  C:\Users\Pog\Documents\School\Year 4\Sem 2\AdvancedGames\Assignment 2\Git\AdvGamesProgramming\GameFiles\Source\AdvGamesProgramming\SpawnerComponent.h(299): error C3873: '0x21b5': this character is not allowed as a first character of an identifier
  C:\Users\Pog\Documents\School\Year 4\Sem 2\AdvancedGames\Assignment 2\Git\AdvGamesProgramming\GameFiles\Source\AdvGamesProgramming\SpawnerComponent.h(302): error C2332: 'class': missing tag name
  C:\Users\Pog\Documents\School\Year 4\Sem 2\AdvancedGames\Assignment 2\Git\AdvGamesProgramming\GameFiles\Source\AdvGamesProgramming\SpawnerComponent.h(304): error C2332: 'class': missing tag name
  C:\Users\Pog\Documents\School\Year 4\Sem 2\AdvancedGames\Assignment 2\Git\AdvGamesProgramming\GameFiles\Source\AdvGamesProgramming\SpawnerComponent.h(304): error C3873: '0x21b5': this character is not allowed as a first character of an identifier
  C:\Users\Pog\Documents\School\Year 4\Sem 2\AdvancedGames\Assignment 2\Git\AdvGamesProgramming\GameFiles\Source\AdvGamesProgramming\SpawnerComponent.h(310): error C2332: 'class': missing tag name
  C:\Users\Pog\Documents\School\Year 4\Sem 2\AdvancedGames\Assignment 2\Git\AdvGamesProgramming\GameFiles\Source\AdvGamesProgramming\SpawnerComponent.h(311): error C2332: 'class': missing tag name
  C:\Users\Pog\Documents\School\Year 4\Sem 2\AdvancedGames\Assignment 2\Git\AdvGamesProgramming\GameFiles\Source\AdvGamesProgramming\SpawnerComponent.h(321): error C2332: 'class': missing tag name
  C:\Users\Pog\Documents\School\Year 4\Sem 2\AdvancedGames\Assignment 2\Git\AdvGamesProgramming\GameFiles\Source\AdvGamesProgramming\SpawnerComponent.h(322): error C2332: 'class': missing tag name
  C:\Users\Pog\Documents\School\Year 4\Sem 2\AdvancedGames\Assignment 2\Git\AdvGamesProgramming\GameFiles\Source\AdvGamesProgramming\SpawnerComponent.h(325): error C2332: 'class': missing tag name
  C:\Users\Pog\Documents\School\Year 4\Sem 2\AdvancedGames\Assignment 2\Git\AdvGamesProgramming\GameFiles\Source\AdvGamesProgramming\SpawnerComponent.h(326): error C2332: 'class': missing tag name
  C:\Users\Pog\Documents\School\Year 4\Sem 2\AdvancedGames\Assignment 2\Git\AdvGamesProgramming\GameFiles\Source\AdvGamesProgramming\SpawnerComponent.h(328): error C2332: 'class': missing tag name
  C:\Users\Pog\Documents\School\Year 4\Sem 2\AdvancedGames\Assignment 2\Git\AdvGamesProgramming\GameFiles\Source\AdvGamesProgramming\SpawnerComponent.h(332): error C2332: 'class': missing tag name
  C:\Users\Pog\Documents\School\Year 4\Sem 2\AdvancedGames\Assignment 2\Git\AdvGamesProgramming\GameFiles\Source\AdvGamesProgramming\SpawnerComponent.h(333): error C2332: 'class': missing tag name
  C:\Users\Pog\Documents\School\Year 4\Sem 2\AdvancedGames\Assignment 2\Git\AdvGamesProgramming\GameFiles\Source\AdvGamesProgramming\SpawnerComponent.h(339): error C2332: 'class': missing tag name
  C:\Users\Pog\Documents\School\Year 4\Sem 2\AdvancedGames\Assignment 2\Git\AdvGamesProgramming\GameFiles\Source\AdvGamesProgramming\SpawnerComponent.h(344): error C2332: 'class': missing tag name
  C:\Users\Pog\Documents\School\Year 4\Sem 2\AdvancedGames\Assignment 2\Git\AdvGamesProgramming\GameFiles\Source\AdvGamesProgramming\SpawnerComponent.h(345): error C2332: 'class': missing tag name
  C:\Users\Pog\Documents\School\Year 4\Sem 2\AdvancedGames\Assignment 2\Git\AdvGamesProgramming\GameFiles\Source\AdvGamesProgramming\SpawnerComponent.h(348): error C2001: newline in constant
  C:\Users\Pog\Documents\School\Year 4\Sem 2\AdvancedGames\Assignment 2\Git\AdvGamesProgramming\GameFiles\Source\AdvGamesProgramming\SpawnerComponent.h(348): error C2015: too many characters in constant
  C:\Users\Pog\Documents\School\Year 4\Sem 2\AdvancedGames\Assignment 2\Git\AdvGamesProgramming\GameFiles\Source\AdvGamesProgramming\SpawnerComponent.h(349): error C2332: 'class': missing tag name
  C:\Users\Pog\Documents\School\Year 4\Sem 2\AdvancedGames\Assignment 2\Git\AdvGamesProgramming\GameFiles\Source\AdvGamesProgramming\SpawnerComponent.h(350): error C2332: 'class': missing tag name
  C:\Users\Pog\Documents\School\Year 4\Sem 2\AdvancedGames\Assignment 2\Git\AdvGamesProgramming\GameFiles\Source\AdvGamesProgramming\SpawnerComponent.h(357): error C2332: 'class': missing tag name
  C:\Users\Pog\Documents\School\Year 4\Sem 2\AdvancedGames\Assignment 2\Git\AdvGamesProgramming\GameFiles\Source\AdvGamesProgramming\SpawnerComponent.h(358): error C2332: 'class': missing tag name
  C:\Users\Pog\Documents\School\Year 4\Sem 2\AdvancedGames\Assignment 2\Git\AdvGamesProgramming\GameFiles\Source\AdvGamesProgramming\SpawnerComponent.h(358): fatal error C1003: error count exceeds 100; stopping compilation
  @progress 'Compiling C++ source code...' 84%
  [49/58] WeaponPickup.gen.cpp
  @progress 'Compiling C++ source code...' 86%
  [50/58] WeaponPickupSpawnerComponent.gen.cpp
  @progress 'Compiling C++ source code...' 88%
  [51/58] PickupManager.gen.cpp
  @progress 'Compiling C++ source code...' 90%
  [52/58] WeaponPickupSpawnerComponent.cpp
  @progress 'Compiling C++ source code...' 91%
  [53/58] AIManager.cpp
  @progress 'Compiling C++ source code...' 93%
  [54/58] PlayerHud.gen.cpp
  @progress 'Compiling C++ source code...' 95%
  [55/58] ScoreComponent.gen.cpp
LogInit: Warning: Still incompatible or missing module: AdvGamesProgramming
LogCore: Engine exit requested (reason: EngineExit() was called)
LogExit: Preparing to exit.
LogModuleManager: Shutting down and abandoning module DesktopPlatform (46)
LogModuleManager: Shutting down and abandoning module PlatformCryptoOpenSSL (44)
LogModuleManager: Shutting down and abandoning module PlatformCryptoTypes (42)
LogModuleManager: Shutting down and abandoning module PlatformCrypto (40)
LogModuleManager: Shutting down and abandoning module AnimationModifiers (38)
LogModuleManager: Shutting down and abandoning module PropertyEditor (37)
LogModuleManager: Shutting down and abandoning module AudioEditor (34)
LogModuleManager: Shutting down and abandoning module TextureCompressor (32)
LogModuleManager: Shutting down and abandoning module RenderCore (30)
LogModuleManager: Shutting down and abandoning module Landscape (28)
LogModuleManager: Shutting down and abandoning module SlateRHIRenderer (26)
LogModuleManager: Shutting down and abandoning module OpenGLDrv (24)
LogModuleManager: Shutting down and abandoning module D3D11RHI (22)
LogModuleManager: Shutting down and abandoning module AnimGraphRuntime (20)
LogModuleManager: Shutting down and abandoning module Renderer (18)
LogModuleManager: Shutting down and abandoning module Engine (16)
LogModuleManager: Shutting down and abandoning module CoreUObject (14)
LogModuleManager: Shutting down and abandoning module NetworkFile (12)
LogModuleManager: Shutting down and abandoning module CookedIterativeFile (10)
LogModuleManager: Shutting down and abandoning module StreamingFile (8)
LogModuleManager: Shutting down and abandoning module SandboxFile (6)
LogModuleManager: Shutting down and abandoning module PakFile (4)
LogModuleManager: Shutting down and abandoning module RSA (3)
LogExit: Exiting.
Log file closed, 11/03/20 01:45:50
