Log file open, 11/02/20 11:25:02
LogWindows: Failed to load 'aqProf.dll' (GetLastError=126)
LogWindows: File 'aqProf.dll' does not exist
LogWindows: Failed to load 'VtuneApi.dll' (GetLastError=126)
LogWindows: File 'VtuneApi.dll' does not exist
LogWindows: Failed to load 'VtuneApi32e.dll' (GetLastError=126)
LogWindows: File 'VtuneApi32e.dll' does not exist
LogConsoleResponse: Display: Failed to find resolution value strings in scalability ini. Falling back to default.
LogInit: Display: Running engine for game: AdvGamesProgramming
LogPlatformFile: Not using cached read wrapper
LogTaskGraph: Started task graph with 5 named threads and 23 total threads with 3 sets of task threads.
LogStats: Stats thread started at 0.143897
LogD3D11RHI: Loaded GFSDK_Aftermath_Lib.x64.dll
LogICUInternationalization: ICU TimeZone Detection - Raw Offset: +10:00, Platform Override: ''
LogPluginManager: Mounting plugin Paper2D
LogPluginManager: Mounting plugin AISupport
LogPluginManager: Mounting plugin LightPropagationVolume
LogPluginManager: Mounting plugin ActorLayerUtilities
LogPluginManager: Mounting plugin AnimationSharing
LogPluginManager: Mounting plugin CLionSourceCodeAccess
LogPluginManager: Mounting plugin CodeLiteSourceCodeAccess
LogPluginManager: Mounting plugin GitSourceControl
LogPluginManager: Mounting plugin KDevelopSourceCodeAccess
LogPluginManager: Mounting plugin NullSourceCodeAccess
LogPluginManager: Mounting plugin PerforceSourceControl
LogPluginManager: Mounting plugin PlasticSourceControl
LogPluginManager: Mounting plugin SubversionSourceControl
LogPluginManager: Mounting plugin UObjectPlugin
LogPluginManager: Mounting plugin VisualStudioCodeSourceCodeAccess
LogPluginManager: Mounting plugin VisualStudioSourceCodeAccess
LogPluginManager: Mounting plugin XCodeSourceCodeAccess
LogPluginManager: Mounting plugin AssetManagerEditor
LogPluginManager: Mounting plugin CryptoKeys
LogPluginManager: Mounting plugin CurveEditorTools
LogPluginManager: Mounting plugin DataValidation
LogPluginManager: Mounting plugin FacialAnimation
LogPluginManager: Mounting plugin GameplayTagsEditor
LogPluginManager: Mounting plugin MacGraphicsSwitching
LogPluginManager: Mounting plugin MaterialAnalyzer
LogPluginManager: Mounting plugin MobileLauncherProfileWizard
LogPluginManager: Mounting plugin PluginBrowser
LogPluginManager: Mounting plugin SpeedTreeImporter
LogPluginManager: Mounting plugin DatasmithContent
LogPluginManager: Mounting plugin VariantManagerContent
LogPluginManager: Mounting plugin AlembicImporter
LogPluginManager: Mounting plugin AutomationUtils
LogPluginManager: Mounting plugin BackChannel
LogPluginManager: Mounting plugin CharacterAI
LogPluginManager: Mounting plugin GeometryCache
LogPluginManager: Mounting plugin PlatformCrypto
LogPluginManager: Mounting plugin ProxyLODPlugin
LogPluginManager: Mounting plugin SkeletalReduction
LogPluginManager: Mounting plugin MagicLeap
LogPluginManager: Mounting plugin MagicLeapMedia
LogPluginManager: Mounting plugin MLSDK
LogPluginManager: Mounting plugin AndroidMedia
LogPluginManager: Mounting plugin AvfMedia
LogPluginManager: Mounting plugin ImgMedia
LogPluginManager: Mounting plugin MediaCompositing
LogPluginManager: Mounting plugin MediaPlayerEditor
LogPluginManager: Mounting plugin WebMMedia
LogPluginManager: Mounting plugin WmfMedia
LogPluginManager: Mounting plugin TcpMessaging
LogPluginManager: Mounting plugin UdpMessaging
LogPluginManager: Mounting plugin ActorSequence
LogPluginManager: Mounting plugin LevelSequenceEditor
LogPluginManager: Mounting plugin MatineeToLevelSequence
LogPluginManager: Mounting plugin NetcodeUnitTest
LogPluginManager: Mounting plugin NUTUnrealEngine4
LogPluginManager: Mounting plugin OnlineSubsystemGooglePlay
LogPluginManager: Mounting plugin OnlineSubsystemIOS
LogPluginManager: Mounting plugin OnlineSubsystem
LogPluginManager: Mounting plugin OnlineSubsystemNull
LogPluginManager: Mounting plugin OnlineSubsystemUtils
LogPluginManager: Mounting plugin LauncherChunkInstaller
LogPluginManager: Mounting plugin AndroidDeviceProfileSelector
LogPluginManager: Mounting plugin AndroidMoviePlayer
LogPluginManager: Mounting plugin AndroidPermission
LogPluginManager: Mounting plugin AppleImageUtils
LogPluginManager: Mounting plugin AppleMoviePlayer
LogPluginManager: Mounting plugin ArchVisCharacter
LogPluginManager: Mounting plugin AssetTags
LogPluginManager: Mounting plugin AudioCapture
LogPluginManager: Mounting plugin CableComponent
LogPluginManager: Mounting plugin CustomMeshComponent
LogPluginManager: Mounting plugin EditableMesh
LogPluginManager: Mounting plugin ExampleDeviceProfileSelector
LogPluginManager: Mounting plugin GoogleCloudMessaging
LogPluginManager: Mounting plugin IOSDeviceProfileSelector
LogPluginManager: Mounting plugin LinuxDeviceProfileSelector
LogPluginManager: Mounting plugin LocationServicesBPLibrary
LogPluginManager: Mounting plugin MobilePatchingUtils
LogPluginManager: Mounting plugin PhysXVehicles
LogPluginManager: Mounting plugin PostSplashScreen
LogPluginManager: Mounting plugin ProceduralMeshComponent
LogPluginManager: Mounting plugin RuntimePhysXCooking
LogPluginManager: Mounting plugin SignificanceManager
LogPluginManager: Mounting plugin WebMMoviePlayer
LogPluginManager: Mounting plugin WindowsMoviePlayer
LogPluginManager: Mounting plugin ScreenshotTools
LogInit: Using libcurl 7.55.1-DEV
LogInit:  - built for x86_64-pc-win32
LogInit:  - supports SSL with OpenSSL/1.1.1
LogInit:  - supports HTTP deflate (compression) using libz 1.2.8
LogInit:  - other features:
LogInit:      CURL_VERSION_SSL
LogInit:      CURL_VERSION_LIBZ
LogInit:      CURL_VERSION_IPV6
LogInit:      CURL_VERSION_ASYNCHDNS
LogInit:      CURL_VERSION_LARGEFILE
LogInit:      CURL_VERSION_IDN
LogInit:  CurlRequestOptions (configurable via config and command line):
LogInit:  - bVerifyPeer = true  - Libcurl will verify peer certificate
LogInit:  - bUseHttpProxy = false  - Libcurl will NOT use HTTP proxy
LogInit:  - bDontReuseConnections = false  - Libcurl will reuse connections
LogInit:  - MaxHostConnections = 16  - Libcurl will limit the number of connections to a host
LogInit:  - LocalHostAddr = Default
LogInit:  - BufferSize = 65536
LogOnline: OSS: Creating online subsystem instance for: NULL
LogInit: WinSock: version 1.1 (2.2), MaxSocks=32767, MaxUdp=65467
LogOnline: OSS: TryLoadSubsystemAndSetDefault: Loaded subsystem for module [NULL]
LogInit: Build: ++UE4+Release-4.24-CL-11590370
LogInit: Engine Version: 4.24.3-11590370+++UE4+Release-4.24
LogInit: Compatible Engine Version: 4.24.0-10570792+++UE4+Release-4.24
LogInit: Net CL: 10570792
LogInit: OS: Windows 10 (Release 1903) (), CPU: Intel(R) Core(TM) i7-6700HQ CPU @ 2.60GHz, GPU: Intel(R) HD Graphics 530
LogInit: Compiled (64-bit): Feb 24 2020 15:39:18
LogInit: Compiled with Visual C++: 19.16.27032.01
LogInit: Build Configuration: Development
LogInit: Branch Name: ++UE4+Release-4.24
LogInit: Command Line: 
LogInit: Base Directory: C:/Program Files/Epic Games/UE_4.24/Engine/Binaries/Win64/
LogInit: Installed Engine Build: 1
LogDevObjectVersion: Number of dev versions registered: 25
LogDevObjectVersion:   Dev-Blueprints (B0D832E4-1F89-4F0D-ACCF-7EB736FD4AA2): 10
LogDevObjectVersion:   Dev-Build (E1C64328-A22C-4D53-A36C-8E866417BD8C): 0
LogDevObjectVersion:   Dev-Core (375EC13C-06E4-48FB-B500-84F0262A717E): 3
LogDevObjectVersion:   Dev-Editor (E4B068ED-F494-42E9-A231-DA0B2E46BB41): 37
LogDevObjectVersion:   Dev-Framework (CFFC743F-43B0-4480-9391-14DF171D2073): 36
LogDevObjectVersion:   Dev-Mobile (B02B49B5-BB20-44E9-A304-32B752E40360): 2
LogDevObjectVersion:   Dev-Networking (A4E4105C-59A1-49B5-A7C5-40C4547EDFEE): 0
LogDevObjectVersion:   Dev-Online (39C831C9-5AE6-47DC-9A44-9C173E1C8E7C): 0
LogDevObjectVersion:   Dev-Physics (78F01B33-EBEA-4F98-B9B4-84EACCB95AA2): 2
LogDevObjectVersion:   Dev-Platform (6631380F-2D4D-43E0-8009-CF276956A95A): 0
LogDevObjectVersion:   Dev-Rendering (12F88B9F-8875-4AFC-A67C-D90C383ABD29): 36
LogDevObjectVersion:   Dev-Sequencer (7B5AE74C-D270-4C10-A958-57980B212A5A): 11
LogDevObjectVersion:   Dev-VR (D7296918-1DD6-4BDD-9DE2-64A83CC13884): 2
LogDevObjectVersion:   Dev-LoadTimes (C2A15278-BFE7-4AFE-6C17-90FF531DF755): 1
LogDevObjectVersion:   Private-Geometry (6EACA3D4-40EC-4CC1-B786-8BED09428FC5): 3
LogDevObjectVersion:   Dev-AnimPhys (29E575DD-E0A3-4627-9D10-D276232CDCEA): 17
LogDevObjectVersion:   Dev-Anim (AF43A65D-7FD3-4947-9873-3E8ED9C1BB05): 2
LogDevObjectVersion:   Dev-ReflectionCapture (6B266CEC-1EC7-4B8F-A30B-E4D90942FC07): 1
LogDevObjectVersion:   Dev-Automation (0DF73D61-A23F-47EA-B727-89E90C41499A): 1
LogDevObjectVersion:   FortniteMain (601D1886-AC64-4F84-AA16-D3DE0DEAC7D6): 31
LogDevObjectVersion:   Dev-Enterprise (9DFFBCD6-494F-0158-E221-12823C92A888): 8
LogDevObjectVersion:   Dev-Niagara (F2AED0AC-9AFE-416F-8664-AA7FFA26D6FC): 1
LogDevObjectVersion:   Dev-Destruction (174F1F0B-B4C6-45A5-B13F-2EE8D0FB917D): 9
LogDevObjectVersion:   Dev-Physics-Ext (35F94A83-E258-406C-A318-09F59610247C): 8
LogDevObjectVersion:   Dev-CineCamera (B2E18506-4273-CFC2-A54E-F4BB758BBA07): 1
LogInit: Presizing for max 25165824 objects, including 0 objects not considered by GC, pre-allocating 0 bytes for permanent pool.
LogInit: Object subsystem initialized
LogConfig: Setting CVar [[con.DebugEarlyDefault:1]]
LogConfig: Setting CVar [[r.setres:1280x720]]
[2020.11.02-00.25.03:510][  0]LogConfig: Setting CVar [[r.VSync:0]]
[2020.11.02-00.25.03:510][  0]LogConfig: Setting CVar [[r.RHICmdBypass:0]]
[2020.11.02-00.25.03:511][  0]LogConfig: Applying CVar settings from Section [/Script/Engine.RendererSettings] File [C:/Users/Pog/Documents/School/Year 4/Sem 2/AdvancedGames/Assignment 2/Git/AdvGamesProgramming/GameFiles/Saved/Config/Windows/Engine.ini]
[2020.11.02-00.25.03:511][  0]LogConfig: Setting CVar [[r.GPUCrashDebugging:0]]
[2020.11.02-00.25.03:511][  0]LogConfig: Setting CVar [[r.DBuffer:1]]
[2020.11.02-00.25.03:511][  0]LogConfig: Setting CVar [[r.EarlyZPass:2]]
[2020.11.02-00.25.03:512][  0]LogConfig: Setting CVar [[r.EarlyZPassOnlyMaterialMasking:1]]
[2020.11.02-00.25.03:512][  0]LogConfig: Applying CVar settings from Section [/Script/Engine.RendererOverrideSettings] File [C:/Users/Pog/Documents/School/Year 4/Sem 2/AdvancedGames/Assignment 2/Git/AdvGamesProgramming/GameFiles/Saved/Config/Windows/Engine.ini]
[2020.11.02-00.25.03:512][  0]LogConfig: Applying CVar settings from Section [/Script/Engine.StreamingSettings] File [C:/Users/Pog/Documents/School/Year 4/Sem 2/AdvancedGames/Assignment 2/Git/AdvGamesProgramming/GameFiles/Saved/Config/Windows/Engine.ini]
[2020.11.02-00.25.03:512][  0]LogConfig: Setting CVar [[s.MinBulkDataSizeForAsyncLoading:131072]]
[2020.11.02-00.25.03:512][  0]LogConfig: Setting CVar [[s.AsyncLoadingThreadEnabled:0]]
[2020.11.02-00.25.03:512][  0]LogConfig: Setting CVar [[s.EventDrivenLoaderEnabled:1]]
[2020.11.02-00.25.03:512][  0]LogConfig: Setting CVar [[s.WarnIfTimeLimitExceeded:0]]
[2020.11.02-00.25.03:512][  0]LogConfig: Setting CVar [[s.TimeLimitExceededMultiplier:1.5]]
[2020.11.02-00.25.03:512][  0]LogConfig: Setting CVar [[s.TimeLimitExceededMinTime:0.005]]
[2020.11.02-00.25.03:512][  0]LogConfig: Setting CVar [[s.UseBackgroundLevelStreaming:1]]
[2020.11.02-00.25.03:512][  0]LogConfig: Setting CVar [[s.PriorityAsyncLoadingExtraTime:15.0]]
[2020.11.02-00.25.03:512][  0]LogConfig: Setting CVar [[s.LevelStreamingActorsUpdateTimeLimit:5.0]]
[2020.11.02-00.25.03:512][  0]LogConfig: Setting CVar [[s.PriorityLevelStreamingActorsUpdateExtraTime:5.0]]
[2020.11.02-00.25.03:512][  0]LogConfig: Setting CVar [[s.LevelStreamingComponentsRegistrationGranularity:10]]
[2020.11.02-00.25.03:512][  0]LogConfig: Setting CVar [[s.UnregisterComponentsTimeLimit:1.0]]
[2020.11.02-00.25.03:512][  0]LogConfig: Setting CVar [[s.LevelStreamingComponentsUnregistrationGranularity:5]]
[2020.11.02-00.25.03:512][  0]LogConfig: Setting CVar [[s.FlushStreamingOnExit:1]]
[2020.11.02-00.25.03:512][  0]LogConfig: Applying CVar settings from Section [/Script/Engine.GarbageCollectionSettings] File [C:/Users/Pog/Documents/School/Year 4/Sem 2/AdvancedGames/Assignment 2/Git/AdvGamesProgramming/GameFiles/Saved/Config/Windows/Engine.ini]
[2020.11.02-00.25.03:513][  0]LogConfig: Setting CVar [[gc.MaxObjectsNotConsideredByGC:1]]
[2020.11.02-00.25.03:513][  0]LogConfig: Setting CVar [[gc.SizeOfPermanentObjectPool:0]]
[2020.11.02-00.25.03:513][  0]LogConfig: Setting CVar [[gc.FlushStreamingOnGC:0]]
[2020.11.02-00.25.03:513][  0]LogConfig: Setting CVar [[gc.NumRetriesBeforeForcingGC:10]]
[2020.11.02-00.25.03:513][  0]LogConfig: Setting CVar [[gc.AllowParallelGC:1]]
[2020.11.02-00.25.03:513][  0]LogConfig: Setting CVar [[gc.TimeBetweenPurgingPendingKillObjects:61.1]]
[2020.11.02-00.25.03:513][  0]LogConfig: Setting CVar [[gc.MaxObjectsInEditor:25165824]]
[2020.11.02-00.25.03:513][  0]LogConfig: Setting CVar [[gc.IncrementalBeginDestroyEnabled:1]]
[2020.11.02-00.25.03:513][  0]LogConfig: Setting CVar [[gc.CreateGCClusters:1]]
[2020.11.02-00.25.03:513][  0]LogConfig: Setting CVar [[gc.MinGCClusterSize:5]]
[2020.11.02-00.25.03:513][  0]LogConfig: Setting CVar [[gc.ActorClusteringEnabled:0]]
[2020.11.02-00.25.03:513][  0]LogConfig: Setting CVar [[gc.BlueprintClusteringEnabled:0]]
[2020.11.02-00.25.03:513][  0]LogConfig: Setting CVar [[gc.UseDisregardForGCOnDedicatedServers:0]]
[2020.11.02-00.25.03:513][  0]LogConfig: Applying CVar settings from Section [/Script/Engine.NetworkSettings] File [C:/Users/Pog/Documents/School/Year 4/Sem 2/AdvancedGames/Assignment 2/Git/AdvGamesProgramming/GameFiles/Saved/Config/Windows/Engine.ini]
[2020.11.02-00.25.03:513][  0]LogConfig: Applying CVar settings from Section [/Script/UnrealEd.CookerSettings] File [C:/Users/Pog/Documents/School/Year 4/Sem 2/AdvancedGames/Assignment 2/Git/AdvGamesProgramming/GameFiles/Saved/Config/Windows/Engine.ini]
[2020.11.02-00.25.03:519][  0]LogConfig: Applying CVar settings from Section [ViewDistanceQuality@3] File [C:/Users/Pog/Documents/School/Year 4/Sem 2/AdvancedGames/Assignment 2/Git/AdvGamesProgramming/GameFiles/Saved/Config/Windows/Scalability.ini]
[2020.11.02-00.25.03:519][  0]LogConfig: Setting CVar [[r.SkeletalMeshLODBias:0]]
[2020.11.02-00.25.03:519][  0]LogConfig: Setting CVar [[r.ViewDistanceScale:1.0]]
[2020.11.02-00.25.03:519][  0]LogConfig: Applying CVar settings from Section [AntiAliasingQuality@3] File [C:/Users/Pog/Documents/School/Year 4/Sem 2/AdvancedGames/Assignment 2/Git/AdvGamesProgramming/GameFiles/Saved/Config/Windows/Scalability.ini]
[2020.11.02-00.25.03:519][  0]LogConfig: Setting CVar [[r.PostProcessAAQuality:4]]
[2020.11.02-00.25.03:519][  0]LogConfig: Applying CVar settings from Section [ShadowQuality@3] File [C:/Users/Pog/Documents/School/Year 4/Sem 2/AdvancedGames/Assignment 2/Git/AdvGamesProgramming/GameFiles/Saved/Config/Windows/Scalability.ini]
[2020.11.02-00.25.03:519][  0]LogConfig: Setting CVar [[r.LightFunctionQuality:1]]
[2020.11.02-00.25.03:519][  0]LogConfig: Setting CVar [[r.ShadowQuality:5]]
[2020.11.02-00.25.03:519][  0]LogConfig: Setting CVar [[r.Shadow.CSM.MaxCascades:10]]
[2020.11.02-00.25.03:519][  0]LogConfig: Setting CVar [[r.Shadow.MaxResolution:2048]]
[2020.11.02-00.25.03:519][  0]LogConfig: Setting CVar [[r.Shadow.MaxCSMResolution:2048]]
[2020.11.02-00.25.03:519][  0]LogConfig: Setting CVar [[r.Shadow.RadiusThreshold:0.01]]
[2020.11.02-00.25.03:519][  0]LogConfig: Setting CVar [[r.Shadow.DistanceScale:1.0]]
[2020.11.02-00.25.03:519][  0]LogConfig: Setting CVar [[r.Shadow.CSM.TransitionScale:1.0]]
[2020.11.02-00.25.03:519][  0]LogConfig: Setting CVar [[r.Shadow.PreShadowResolutionFactor:1.0]]
[2020.11.02-00.25.03:519][  0]LogConfig: Setting CVar [[r.DistanceFieldShadowing:1]]
[2020.11.02-00.25.03:519][  0]LogConfig: Setting CVar [[r.DistanceFieldAO:1]]
[2020.11.02-00.25.03:519][  0]LogConfig: Setting CVar [[r.AOQuality:2]]
[2020.11.02-00.25.03:519][  0]LogConfig: Setting CVar [[r.VolumetricFog:1]]
[2020.11.02-00.25.03:519][  0]LogConfig: Setting CVar [[r.VolumetricFog.GridPixelSize:8]]
[2020.11.02-00.25.03:519][  0]LogConfig: Setting CVar [[r.VolumetricFog.GridSizeZ:128]]
[2020.11.02-00.25.03:519][  0]LogConfig: Setting CVar [[r.VolumetricFog.HistoryMissSupersampleCount:4]]
[2020.11.02-00.25.03:519][  0]LogConfig: Setting CVar [[r.LightMaxDrawDistanceScale:1]]
[2020.11.02-00.25.03:519][  0]LogConfig: Setting CVar [[r.CapsuleShadows:1]]
[2020.11.02-00.25.03:519][  0]LogConfig: Applying CVar settings from Section [PostProcessQuality@3] File [C:/Users/Pog/Documents/School/Year 4/Sem 2/AdvancedGames/Assignment 2/Git/AdvGamesProgramming/GameFiles/Saved/Config/Windows/Scalability.ini]
[2020.11.02-00.25.03:520][  0]LogConfig: Setting CVar [[r.MotionBlurQuality:4]]
[2020.11.02-00.25.03:520][  0]LogConfig: Setting CVar [[r.AmbientOcclusionMipLevelFactor:0.4]]
[2020.11.02-00.25.03:520][  0]LogConfig: Setting CVar [[r.AmbientOcclusionMaxQuality:100]]
[2020.11.02-00.25.03:520][  0]LogConfig: Setting CVar [[r.AmbientOcclusionLevels:-1]]
[2020.11.02-00.25.03:520][  0]LogConfig: Setting CVar [[r.AmbientOcclusionRadiusScale:1.0]]
[2020.11.02-00.25.03:520][  0]LogConfig: Setting CVar [[r.DepthOfFieldQuality:2]]
[2020.11.02-00.25.03:520][  0]LogConfig: Setting CVar [[r.RenderTargetPoolMin:400]]
[2020.11.02-00.25.03:520][  0]LogConfig: Setting CVar [[r.LensFlareQuality:2]]
[2020.11.02-00.25.03:520][  0]LogConfig: Setting CVar [[r.SceneColorFringeQuality:1]]
[2020.11.02-00.25.03:520][  0]LogConfig: Setting CVar [[r.EyeAdaptationQuality:2]]
[2020.11.02-00.25.03:520][  0]LogConfig: Setting CVar [[r.BloomQuality:5]]
[2020.11.02-00.25.03:520][  0]LogConfig: Setting CVar [[r.FastBlurThreshold:100]]
[2020.11.02-00.25.03:520][  0]LogConfig: Setting CVar [[r.Upscale.Quality:3]]
[2020.11.02-00.25.03:520][  0]LogConfig: Setting CVar [[r.Tonemapper.GrainQuantization:1]]
[2020.11.02-00.25.03:520][  0]LogConfig: Setting CVar [[r.LightShaftQuality:1]]
[2020.11.02-00.25.03:520][  0]LogConfig: Setting CVar [[r.Filter.SizeScale:1]]
[2020.11.02-00.25.03:520][  0]LogConfig: Setting CVar [[r.Tonemapper.Quality:5]]
[2020.11.02-00.25.03:520][  0]LogConfig: Setting CVar [[r.DOF.Gather.AccumulatorQuality:1        ; higher gathering accumulator quality]]
[2020.11.02-00.25.03:520][  0]LogConfig: Setting CVar [[r.DOF.Gather.PostfilterMethod:1          ; Median3x3 postfilering method]]
[2020.11.02-00.25.03:520][  0]LogConfig: Setting CVar [[r.DOF.Gather.EnableBokehSettings:0       ; no bokeh simulation when gathering]]
[2020.11.02-00.25.03:520][  0]LogConfig: Setting CVar [[r.DOF.Gather.RingCount:4                 ; medium number of samples when gathering]]
[2020.11.02-00.25.03:520][  0]LogConfig: Setting CVar [[r.DOF.Scatter.ForegroundCompositing:1    ; additive foreground scattering]]
[2020.11.02-00.25.03:520][  0]LogConfig: Setting CVar [[r.DOF.Scatter.BackgroundCompositing:2    ; additive background scattering]]
[2020.11.02-00.25.03:520][  0]LogConfig: Setting CVar [[r.DOF.Scatter.EnableBokehSettings:1      ; bokeh simulation when scattering]]
[2020.11.02-00.25.03:520][  0]LogConfig: Setting CVar [[r.DOF.Scatter.MaxSpriteRatio:0.1         ; only a maximum of 10% of scattered bokeh]]
[2020.11.02-00.25.03:520][  0]LogConfig: Setting CVar [[r.DOF.Recombine.Quality:1                ; cheap slight out of focus]]
[2020.11.02-00.25.03:520][  0]LogConfig: Setting CVar [[r.DOF.Recombine.EnableBokehSettings:0    ; no bokeh simulation on slight out of focus]]
[2020.11.02-00.25.03:520][  0]LogConfig: Setting CVar [[r.DOF.TemporalAAQuality:1                ; more stable temporal accumulation]]
[2020.11.02-00.25.03:520][  0]LogConfig: Setting CVar [[r.DOF.Kernel.MaxForegroundRadius:0.025]]
[2020.11.02-00.25.03:520][  0]LogConfig: Setting CVar [[r.DOF.Kernel.MaxBackgroundRadius:0.025]]
[2020.11.02-00.25.03:520][  0]LogConfig: Applying CVar settings from Section [TextureQuality@3] File [C:/Users/Pog/Documents/School/Year 4/Sem 2/AdvancedGames/Assignment 2/Git/AdvGamesProgramming/GameFiles/Saved/Config/Windows/Scalability.ini]
[2020.11.02-00.25.03:520][  0]LogConfig: Setting CVar [[r.Streaming.MipBias:0]]
[2020.11.02-00.25.03:520][  0]LogConfig: Setting CVar [[r.Streaming.AmortizeCPUToGPUCopy:0]]
[2020.11.02-00.25.03:520][  0]LogConfig: Setting CVar [[r.Streaming.MaxNumTexturesToStreamPerFrame:0]]
[2020.11.02-00.25.03:520][  0]LogConfig: Setting CVar [[r.Streaming.Boost:1]]
[2020.11.02-00.25.03:520][  0]LogConfig: Setting CVar [[r.MaxAnisotropy:8]]
[2020.11.02-00.25.03:520][  0]LogConfig: Setting CVar [[r.VT.MaxAnisotropy:8]]
[2020.11.02-00.25.03:520][  0]LogConfig: Setting CVar [[r.Streaming.LimitPoolSizeToVRAM:0]]
[2020.11.02-00.25.03:520][  0]LogConfig: Setting CVar [[r.Streaming.PoolSize:1000]]
[2020.11.02-00.25.03:520][  0]LogConfig: Setting CVar [[r.Streaming.MaxEffectiveScreenSize:0]]
[2020.11.02-00.25.03:520][  0]LogConfig: Applying CVar settings from Section [EffectsQuality@3] File [C:/Users/Pog/Documents/School/Year 4/Sem 2/AdvancedGames/Assignment 2/Git/AdvGamesProgramming/GameFiles/Saved/Config/Windows/Scalability.ini]
[2020.11.02-00.25.03:520][  0]LogConfig: Setting CVar [[r.TranslucencyLightingVolumeDim:64]]
[2020.11.02-00.25.03:520][  0]LogConfig: Setting CVar [[r.RefractionQuality:2]]
[2020.11.02-00.25.03:521][  0]LogConfig: Setting CVar [[r.SSR.Quality:3]]
[2020.11.02-00.25.03:521][  0]LogConfig: Setting CVar [[r.SSR.HalfResSceneColor:0]]
[2020.11.02-00.25.03:521][  0]LogConfig: Setting CVar [[r.SceneColorFormat:4]]
[2020.11.02-00.25.03:521][  0]LogConfig: Setting CVar [[r.DetailMode:2]]
[2020.11.02-00.25.03:521][  0]LogConfig: Setting CVar [[r.TranslucencyVolumeBlur:1]]
[2020.11.02-00.25.03:521][  0]LogConfig: Setting CVar [[r.MaterialQualityLevel:1 ; High quality]]
[2020.11.02-00.25.03:521][  0]LogConfig: Setting CVar [[r.SSS.Scale:1]]
[2020.11.02-00.25.03:521][  0]LogConfig: Setting CVar [[r.SSS.SampleSet:2]]
[2020.11.02-00.25.03:521][  0]LogConfig: Setting CVar [[r.SSS.Quality:1]]
[2020.11.02-00.25.03:521][  0]LogConfig: Setting CVar [[r.SSS.HalfRes:1]]
[2020.11.02-00.25.03:521][  0]LogConfig: Setting CVar [[r.SSGI.Quality:3]]
[2020.11.02-00.25.03:521][  0]LogConfig: Setting CVar [[r.EmitterSpawnRateScale:1.0]]
[2020.11.02-00.25.03:521][  0]LogConfig: Setting CVar [[r.ParticleLightQuality:2]]
[2020.11.02-00.25.03:521][  0]LogConfig: Setting CVar [[r.SkyAtmosphere.AerialPerspectiveLUT.FastApplyOnOpaque:1 ; Always have FastSkyLUT 1 in this case to avoid wrong sky]]
[2020.11.02-00.25.03:521][  0]LogConfig: Setting CVar [[r.SkyAtmosphere.AerialPerspectiveLUT.SampleCountPerSlice:1]]
[2020.11.02-00.25.03:521][  0]LogConfig: Setting CVar [[r.SkyAtmosphere.AerialPerspectiveLUT.DepthResolution:16.0]]
[2020.11.02-00.25.03:521][  0]LogConfig: Setting CVar [[r.SkyAtmosphere.FastSkyLUT:1]]
[2020.11.02-00.25.03:521][  0]LogConfig: Setting CVar [[r.SkyAtmosphere.FastSkyLUT.SampleCountMin:4.0]]
[2020.11.02-00.25.03:521][  0]LogConfig: Setting CVar [[r.SkyAtmosphere.FastSkyLUT.SampleCountMax:32.0]]
[2020.11.02-00.25.03:521][  0]LogConfig: Setting CVar [[r.SkyAtmosphere.SampleCountMin:4.0]]
[2020.11.02-00.25.03:521][  0]LogConfig: Setting CVar [[r.SkyAtmosphere.SampleCountMax:32.0]]
[2020.11.02-00.25.03:521][  0]LogConfig: Setting CVar [[r.SkyAtmosphere.TransmittanceLUT.UseSmallFormat:0]]
[2020.11.02-00.25.03:521][  0]LogConfig: Setting CVar [[r.SkyAtmosphere.TransmittanceLUT.SampleCount:10.0]]
[2020.11.02-00.25.03:521][  0]LogConfig: Setting CVar [[r.SkyAtmosphere.MultiScatteringLUT.SampleCount:15.0]]
[2020.11.02-00.25.03:521][  0]LogConfig: Applying CVar settings from Section [FoliageQuality@3] File [C:/Users/Pog/Documents/School/Year 4/Sem 2/AdvancedGames/Assignment 2/Git/AdvGamesProgramming/GameFiles/Saved/Config/Windows/Scalability.ini]
[2020.11.02-00.25.03:521][  0]LogConfig: Setting CVar [[foliage.DensityScale:1.0]]
[2020.11.02-00.25.03:521][  0]LogConfig: Setting CVar [[grass.DensityScale:1.0]]
[2020.11.02-00.25.03:521][  0]LogConfig: Applying CVar settings from Section [ShadingQuality@3] File [C:/Users/Pog/Documents/School/Year 4/Sem 2/AdvancedGames/Assignment 2/Git/AdvGamesProgramming/GameFiles/Saved/Config/Windows/Scalability.ini]
[2020.11.02-00.25.03:521][  0]LogConfig: Setting CVar [[r.HairStrands.SkyLighting.SampleCount:16]]
[2020.11.02-00.25.03:521][  0]LogConfig: Setting CVar [[r.HairStrands.SkyLighting.JitterIntegration:0]]
[2020.11.02-00.25.03:521][  0]LogConfig: Setting CVar [[r.HairStrands.SkyAO.SampleCount:16]]
[2020.11.02-00.25.03:522][  0]LogInit: Selected Device Profile: [Windows]
[2020.11.02-00.25.03:522][  0]LogInit: Applying CVar settings loaded from the selected device profile: [Windows]
[2020.11.02-00.25.03:529][  0]LogHAL: Display: Platform has ~ 16 GB [17067356160 / 17179869184 / 16], which maps to Larger [LargestMinGB=32, LargerMinGB=12, DefaultMinGB=8, SmallerMinGB=6, SmallestMinGB=0)
[2020.11.02-00.25.03:529][  0]LogInit: Going up to parent DeviceProfile []
[2020.11.02-00.25.03:529][  0]LogConfig: Applying CVar settings from Section [ViewDistanceQuality@3] File [C:/Users/Pog/Documents/School/Year 4/Sem 2/AdvancedGames/Assignment 2/Git/AdvGamesProgramming/GameFiles/Saved/Config/Windows/Scalability.ini]
[2020.11.02-00.25.03:529][  0]LogConfig: Setting CVar [[r.SkeletalMeshLODBias:0]]
[2020.11.02-00.25.03:529][  0]LogConfig: Setting CVar [[r.ViewDistanceScale:1.0]]
[2020.11.02-00.25.03:529][  0]LogConfig: Applying CVar settings from Section [AntiAliasingQuality@3] File [C:/Users/Pog/Documents/School/Year 4/Sem 2/AdvancedGames/Assignment 2/Git/AdvGamesProgramming/GameFiles/Saved/Config/Windows/Scalability.ini]
[2020.11.02-00.25.03:529][  0]LogConfig: Setting CVar [[r.PostProcessAAQuality:4]]
[2020.11.02-00.25.03:529][  0]LogConfig: Applying CVar settings from Section [ShadowQuality@3] File [C:/Users/Pog/Documents/School/Year 4/Sem 2/AdvancedGames/Assignment 2/Git/AdvGamesProgramming/GameFiles/Saved/Config/Windows/Scalability.ini]
[2020.11.02-00.25.03:530][  0]LogConfig: Setting CVar [[r.LightFunctionQuality:1]]
[2020.11.02-00.25.03:530][  0]LogConfig: Setting CVar [[r.ShadowQuality:5]]
[2020.11.02-00.25.03:530][  0]LogConfig: Setting CVar [[r.Shadow.CSM.MaxCascades:10]]
[2020.11.02-00.25.03:530][  0]LogConfig: Setting CVar [[r.Shadow.MaxResolution:2048]]
[2020.11.02-00.25.03:530][  0]LogConfig: Setting CVar [[r.Shadow.MaxCSMResolution:2048]]
[2020.11.02-00.25.03:530][  0]LogConfig: Setting CVar [[r.Shadow.RadiusThreshold:0.01]]
[2020.11.02-00.25.03:530][  0]LogConfig: Setting CVar [[r.Shadow.DistanceScale:1.0]]
[2020.11.02-00.25.03:530][  0]LogConfig: Setting CVar [[r.Shadow.CSM.TransitionScale:1.0]]
[2020.11.02-00.25.03:530][  0]LogConfig: Setting CVar [[r.Shadow.PreShadowResolutionFactor:1.0]]
[2020.11.02-00.25.03:530][  0]LogConfig: Setting CVar [[r.DistanceFieldShadowing:1]]
[2020.11.02-00.25.03:530][  0]LogConfig: Setting CVar [[r.DistanceFieldAO:1]]
[2020.11.02-00.25.03:530][  0]LogConfig: Setting CVar [[r.AOQuality:2]]
[2020.11.02-00.25.03:530][  0]LogConfig: Setting CVar [[r.VolumetricFog:1]]
[2020.11.02-00.25.03:530][  0]LogConfig: Setting CVar [[r.VolumetricFog.GridPixelSize:8]]
[2020.11.02-00.25.03:530][  0]LogConfig: Setting CVar [[r.VolumetricFog.GridSizeZ:128]]
[2020.11.02-00.25.03:530][  0]LogConfig: Setting CVar [[r.VolumetricFog.HistoryMissSupersampleCount:4]]
[2020.11.02-00.25.03:530][  0]LogConfig: Setting CVar [[r.LightMaxDrawDistanceScale:1]]
[2020.11.02-00.25.03:530][  0]LogConfig: Setting CVar [[r.CapsuleShadows:1]]
[2020.11.02-00.25.03:530][  0]LogConfig: Applying CVar settings from Section [PostProcessQuality@3] File [C:/Users/Pog/Documents/School/Year 4/Sem 2/AdvancedGames/Assignment 2/Git/AdvGamesProgramming/GameFiles/Saved/Config/Windows/Scalability.ini]
[2020.11.02-00.25.03:530][  0]LogConfig: Setting CVar [[r.MotionBlurQuality:4]]
[2020.11.02-00.25.03:530][  0]LogConfig: Setting CVar [[r.AmbientOcclusionMipLevelFactor:0.4]]
[2020.11.02-00.25.03:530][  0]LogConfig: Setting CVar [[r.AmbientOcclusionMaxQuality:100]]
[2020.11.02-00.25.03:530][  0]LogConfig: Setting CVar [[r.AmbientOcclusionLevels:-1]]
[2020.11.02-00.25.03:530][  0]LogConfig: Setting CVar [[r.AmbientOcclusionRadiusScale:1.0]]
[2020.11.02-00.25.03:530][  0]LogConfig: Setting CVar [[r.DepthOfFieldQuality:2]]
[2020.11.02-00.25.03:530][  0]LogConfig: Setting CVar [[r.RenderTargetPoolMin:400]]
[2020.11.02-00.25.03:530][  0]LogConfig: Setting CVar [[r.LensFlareQuality:2]]
[2020.11.02-00.25.03:530][  0]LogConfig: Setting CVar [[r.SceneColorFringeQuality:1]]
[2020.11.02-00.25.03:530][  0]LogConfig: Setting CVar [[r.EyeAdaptationQuality:2]]
[2020.11.02-00.25.03:530][  0]LogConfig: Setting CVar [[r.BloomQuality:5]]
[2020.11.02-00.25.03:530][  0]LogConfig: Setting CVar [[r.FastBlurThreshold:100]]
[2020.11.02-00.25.03:530][  0]LogConfig: Setting CVar [[r.Upscale.Quality:3]]
[2020.11.02-00.25.03:530][  0]LogConfig: Setting CVar [[r.Tonemapper.GrainQuantization:1]]
[2020.11.02-00.25.03:530][  0]LogConfig: Setting CVar [[r.LightShaftQuality:1]]
[2020.11.02-00.25.03:530][  0]LogConfig: Setting CVar [[r.Filter.SizeScale:1]]
[2020.11.02-00.25.03:530][  0]LogConfig: Setting CVar [[r.Tonemapper.Quality:5]]
[2020.11.02-00.25.03:530][  0]LogConfig: Setting CVar [[r.DOF.Gather.AccumulatorQuality:1        ; higher gathering accumulator quality]]
[2020.11.02-00.25.03:530][  0]LogConfig: Setting CVar [[r.DOF.Gather.PostfilterMethod:1          ; Median3x3 postfilering method]]
[2020.11.02-00.25.03:530][  0]LogConfig: Setting CVar [[r.DOF.Gather.EnableBokehSettings:0       ; no bokeh simulation when gathering]]
[2020.11.02-00.25.03:530][  0]LogConfig: Setting CVar [[r.DOF.Gather.RingCount:4                 ; medium number of samples when gathering]]
[2020.11.02-00.25.03:530][  0]LogConfig: Setting CVar [[r.DOF.Scatter.ForegroundCompositing:1    ; additive foreground scattering]]
[2020.11.02-00.25.03:530][  0]LogConfig: Setting CVar [[r.DOF.Scatter.BackgroundCompositing:2    ; additive background scattering]]
[2020.11.02-00.25.03:530][  0]LogConfig: Setting CVar [[r.DOF.Scatter.EnableBokehSettings:1      ; bokeh simulation when scattering]]
[2020.11.02-00.25.03:530][  0]LogConfig: Setting CVar [[r.DOF.Scatter.MaxSpriteRatio:0.1         ; only a maximum of 10% of scattered bokeh]]
[2020.11.02-00.25.03:531][  0]LogConfig: Setting CVar [[r.DOF.Recombine.Quality:1                ; cheap slight out of focus]]
[2020.11.02-00.25.03:531][  0]LogConfig: Setting CVar [[r.DOF.Recombine.EnableBokehSettings:0    ; no bokeh simulation on slight out of focus]]
[2020.11.02-00.25.03:531][  0]LogConfig: Setting CVar [[r.DOF.TemporalAAQuality:1                ; more stable temporal accumulation]]
[2020.11.02-00.25.03:531][  0]LogConfig: Setting CVar [[r.DOF.Kernel.MaxForegroundRadius:0.025]]
[2020.11.02-00.25.03:531][  0]LogConfig: Setting CVar [[r.DOF.Kernel.MaxBackgroundRadius:0.025]]
[2020.11.02-00.25.03:531][  0]LogConfig: Applying CVar settings from Section [TextureQuality@3] File [C:/Users/Pog/Documents/School/Year 4/Sem 2/AdvancedGames/Assignment 2/Git/AdvGamesProgramming/GameFiles/Saved/Config/Windows/Scalability.ini]
[2020.11.02-00.25.03:531][  0]LogConfig: Setting CVar [[r.Streaming.MipBias:0]]
[2020.11.02-00.25.03:531][  0]LogConfig: Setting CVar [[r.Streaming.AmortizeCPUToGPUCopy:0]]
[2020.11.02-00.25.03:531][  0]LogConfig: Setting CVar [[r.Streaming.MaxNumTexturesToStreamPerFrame:0]]
[2020.11.02-00.25.03:531][  0]LogConfig: Setting CVar [[r.Streaming.Boost:1]]
[2020.11.02-00.25.03:531][  0]LogConfig: Setting CVar [[r.MaxAnisotropy:8]]
[2020.11.02-00.25.03:531][  0]LogConfig: Setting CVar [[r.VT.MaxAnisotropy:8]]
[2020.11.02-00.25.03:531][  0]LogConfig: Setting CVar [[r.Streaming.LimitPoolSizeToVRAM:0]]
[2020.11.02-00.25.03:531][  0]LogConfig: Setting CVar [[r.Streaming.PoolSize:1000]]
[2020.11.02-00.25.03:531][  0]LogConfig: Setting CVar [[r.Streaming.MaxEffectiveScreenSize:0]]
[2020.11.02-00.25.03:531][  0]LogConfig: Applying CVar settings from Section [EffectsQuality@3] File [C:/Users/Pog/Documents/School/Year 4/Sem 2/AdvancedGames/Assignment 2/Git/AdvGamesProgramming/GameFiles/Saved/Config/Windows/Scalability.ini]
[2020.11.02-00.25.03:531][  0]LogConfig: Setting CVar [[r.TranslucencyLightingVolumeDim:64]]
[2020.11.02-00.25.03:531][  0]LogConfig: Setting CVar [[r.RefractionQuality:2]]
[2020.11.02-00.25.03:531][  0]LogConfig: Setting CVar [[r.SSR.Quality:3]]
[2020.11.02-00.25.03:531][  0]LogConfig: Setting CVar [[r.SSR.HalfResSceneColor:0]]
[2020.11.02-00.25.03:531][  0]LogConfig: Setting CVar [[r.SceneColorFormat:4]]
[2020.11.02-00.25.03:531][  0]LogConfig: Setting CVar [[r.DetailMode:2]]
[2020.11.02-00.25.03:531][  0]LogConfig: Setting CVar [[r.TranslucencyVolumeBlur:1]]
[2020.11.02-00.25.03:531][  0]LogConfig: Setting CVar [[r.MaterialQualityLevel:1 ; High quality]]
[2020.11.02-00.25.03:531][  0]LogConfig: Setting CVar [[r.SSS.Scale:1]]
[2020.11.02-00.25.03:531][  0]LogConfig: Setting CVar [[r.SSS.SampleSet:2]]
[2020.11.02-00.25.03:531][  0]LogConfig: Setting CVar [[r.SSS.Quality:1]]
[2020.11.02-00.25.03:531][  0]LogConfig: Setting CVar [[r.SSS.HalfRes:1]]
[2020.11.02-00.25.03:531][  0]LogConfig: Setting CVar [[r.SSGI.Quality:3]]
[2020.11.02-00.25.03:531][  0]LogConfig: Setting CVar [[r.EmitterSpawnRateScale:1.0]]
[2020.11.02-00.25.03:531][  0]LogConfig: Setting CVar [[r.ParticleLightQuality:2]]
[2020.11.02-00.25.03:531][  0]LogConfig: Setting CVar [[r.SkyAtmosphere.AerialPerspectiveLUT.FastApplyOnOpaque:1 ; Always have FastSkyLUT 1 in this case to avoid wrong sky]]
[2020.11.02-00.25.03:531][  0]LogConfig: Setting CVar [[r.SkyAtmosphere.AerialPerspectiveLUT.SampleCountPerSlice:1]]
[2020.11.02-00.25.03:531][  0]LogConfig: Setting CVar [[r.SkyAtmosphere.AerialPerspectiveLUT.DepthResolution:16.0]]
[2020.11.02-00.25.03:531][  0]LogConfig: Setting CVar [[r.SkyAtmosphere.FastSkyLUT:1]]
[2020.11.02-00.25.03:531][  0]LogConfig: Setting CVar [[r.SkyAtmosphere.FastSkyLUT.SampleCountMin:4.0]]
[2020.11.02-00.25.03:531][  0]LogConfig: Setting CVar [[r.SkyAtmosphere.FastSkyLUT.SampleCountMax:32.0]]
[2020.11.02-00.25.03:531][  0]LogConfig: Setting CVar [[r.SkyAtmosphere.SampleCountMin:4.0]]
[2020.11.02-00.25.03:531][  0]LogConfig: Setting CVar [[r.SkyAtmosphere.SampleCountMax:32.0]]
[2020.11.02-00.25.03:531][  0]LogConfig: Setting CVar [[r.SkyAtmosphere.TransmittanceLUT.UseSmallFormat:0]]
[2020.11.02-00.25.03:531][  0]LogConfig: Setting CVar [[r.SkyAtmosphere.TransmittanceLUT.SampleCount:10.0]]
[2020.11.02-00.25.03:531][  0]LogConfig: Setting CVar [[r.SkyAtmosphere.MultiScatteringLUT.SampleCount:15.0]]
[2020.11.02-00.25.03:531][  0]LogConfig: Applying CVar settings from Section [FoliageQuality@3] File [C:/Users/Pog/Documents/School/Year 4/Sem 2/AdvancedGames/Assignment 2/Git/AdvGamesProgramming/GameFiles/Saved/Config/Windows/Scalability.ini]
[2020.11.02-00.25.03:531][  0]LogConfig: Setting CVar [[foliage.DensityScale:1.0]]
[2020.11.02-00.25.03:531][  0]LogConfig: Setting CVar [[grass.DensityScale:1.0]]
[2020.11.02-00.25.03:531][  0]LogConfig: Applying CVar settings from Section [ShadingQuality@3] File [C:/Users/Pog/Documents/School/Year 4/Sem 2/AdvancedGames/Assignment 2/Git/AdvGamesProgramming/GameFiles/Saved/Config/Windows/Scalability.ini]
[2020.11.02-00.25.03:531][  0]LogConfig: Setting CVar [[r.HairStrands.SkyLighting.SampleCount:16]]
[2020.11.02-00.25.03:531][  0]LogConfig: Setting CVar [[r.HairStrands.SkyLighting.JitterIntegration:0]]
[2020.11.02-00.25.03:532][  0]LogConfig: Setting CVar [[r.HairStrands.SkyAO.SampleCount:16]]
[2020.11.02-00.25.03:532][  0]LogConfig: Applying CVar settings from Section [Startup] File [../../../Engine/Config/ConsoleVariables.ini]
[2020.11.02-00.25.03:532][  0]LogConfig: Setting CVar [[net.UseAdaptiveNetUpdateFrequency:0]]
[2020.11.02-00.25.03:532][  0]LogConfig: Setting CVar [[p.chaos.AllowCreatePhysxBodies:1]]
[2020.11.02-00.25.03:532][  0]LogConfig: Applying CVar settings from Section [ConsoleVariables] File [C:/Users/Pog/Documents/School/Year 4/Sem 2/AdvancedGames/Assignment 2/Git/AdvGamesProgramming/GameFiles/Saved/Config/Windows/Engine.ini]
[2020.11.02-00.25.03:533][  0]LogInit: Computer: RAZER-BLADE-201
[2020.11.02-00.25.03:533][  0]LogInit: User: Jack
[2020.11.02-00.25.03:533][  0]LogInit: CPU Page size=4096, Cores=4
[2020.11.02-00.25.03:533][  0]LogInit: High frequency timer resolution =10.000000 MHz
[2020.11.02-00.25.03:534][  0]LogMemory: Memory total: Physical=15.9GB (16GB approx)
[2020.11.02-00.25.03:535][  0]LogMemory: Platform Memory Stats for Windows
[2020.11.02-00.25.03:535][  0]LogMemory: Process Physical Memory: 104.96 MB used, 104.97 MB peak
[2020.11.02-00.25.03:535][  0]LogMemory: Process Virtual Memory: 100.88 MB used, 100.88 MB peak
[2020.11.02-00.25.03:535][  0]LogMemory: Physical Memory: 14037.08 MB used,  2239.62 MB free, 16276.70 MB total
[2020.11.02-00.25.03:535][  0]LogMemory: Virtual Memory: 5134.61 MB used,  134212592.00 MB free, 134217728.00 MB total
[2020.11.02-00.25.03:540][  0]LogWindows: WindowsPlatformFeatures enabled
[2020.11.02-00.25.03:680][  0]LogInit: Using OS detected language (en-US).
[2020.11.02-00.25.03:680][  0]LogInit: Using OS detected locale (en-AU).
[2020.11.02-00.25.03:682][  0]LogTextLocalizationManager: No specific localization for 'en-US' exists, so the 'en' localization will be used.
[2020.11.02-00.25.04:047][  0]LogInit: Setting process to per monitor DPI aware
[2020.11.02-00.25.04:133][  0]LogSlate: New Slate User Created.  User Index 0, Is Virtual User: 0
[2020.11.02-00.25.04:133][  0]LogSlate: Slate User Registered.  User Index 0, Is Virtual User: 0
[2020.11.02-00.25.04:454][  0]LogD3D11RHI: D3D11 min allowed feature level: 11_0
[2020.11.02-00.25.04:454][  0]LogD3D11RHI: D3D11 max allowed feature level: 11_0
[2020.11.02-00.25.04:454][  0]LogD3D11RHI: D3D11 adapters:
[2020.11.02-00.25.04:599][  0]LogD3D11RHI:    0. 'NVIDIA GeForce GTX 1060' (Feature Level 11_0)
[2020.11.02-00.25.04:599][  0]LogD3D11RHI:       6052/0/8138 MB DedicatedVideo/DedicatedSystem/SharedSystem, Outputs:1, VendorId:0x10de
[2020.11.02-00.25.04:697][  0]LogD3D11RHI:    1. 'Intel(R) HD Graphics 530' (Feature Level 11_0)
[2020.11.02-00.25.04:697][  0]LogD3D11RHI:       128/0/8138 MB DedicatedVideo/DedicatedSystem/SharedSystem, Outputs:1, VendorId:0x8086
[2020.11.02-00.25.04:702][  0]LogD3D11RHI:    2. 'Microsoft Basic Render Driver' (Feature Level 11_0)
[2020.11.02-00.25.04:702][  0]LogD3D11RHI:       0/0/8138 MB DedicatedVideo/DedicatedSystem/SharedSystem, Outputs:0, VendorId:0x1414
[2020.11.02-00.25.04:702][  0]LogD3D11RHI: Chosen D3D11 Adapter: 0
[2020.11.02-00.25.04:729][  0]LogD3D11RHI: Creating new Direct3DDevice
[2020.11.02-00.25.04:729][  0]LogD3D11RHI:     GPU DeviceId: 0x1c20 (for the marketing name, search the web for "GPU Device Id")
[2020.11.02-00.25.04:729][  0]LogWindows: EnumDisplayDevices:
[2020.11.02-00.25.04:729][  0]LogWindows:    0. 'Intel(R) HD Graphics 530' (P:0 D:1)
[2020.11.02-00.25.04:730][  0]LogWindows:    1. 'Intel(R) HD Graphics 530' (P:0 D:0)
[2020.11.02-00.25.04:731][  0]LogWindows:    2. 'Intel(R) HD Graphics 530' (P:0 D:0)
[2020.11.02-00.25.04:731][  0]LogWindows:    3. 'NVIDIA GeForce GTX 1060' (P:1 D:1)
[2020.11.02-00.25.04:731][  0]LogWindows: DebugString: PrimaryIsNotTheChoosenAdapter PrimaryIsNotTheChoosenAdapter PrimaryIsNotTheChoosenAdapter 
[2020.11.02-00.25.04:732][  0]LogD3D11RHI:     Adapter Name: NVIDIA GeForce GTX 1060
[2020.11.02-00.25.04:732][  0]LogD3D11RHI:   Driver Version: 452.06 (internal:27.21.14.5206, unified:452.06)
[2020.11.02-00.25.04:732][  0]LogD3D11RHI:      Driver Date: 8-12-2020
[2020.11.02-00.25.04:732][  0]LogRHI: Texture pool is 4236 MB (70% of 6052 MB)
[2020.11.02-00.25.04:811][  0]LogD3D11RHI: RHI has support for 64 bit atomics
[2020.11.02-00.25.04:811][  0]LogD3D11RHI: Async texture creation enabled
[2020.11.02-00.25.04:872][  0]LogD3D11RHI: GPU Timing Frequency: 1000.000000 (Debug: 2 1)
[2020.11.02-00.25.05:405][  0]LogTargetPlatformManager: Display: Loaded TargetPlatform 'AllDesktop'
[2020.11.02-00.25.05:465][  0]LogTargetPlatformManager: Display: Loaded TargetPlatform 'Android'
[2020.11.02-00.25.05:465][  0]LogTargetPlatformManager: Display: Loaded TargetPlatform 'Android_ASTC'
[2020.11.02-00.25.05:465][  0]LogTargetPlatformManager: Display: Loaded TargetPlatform 'Android_ATC'
[2020.11.02-00.25.05:465][  0]LogTargetPlatformManager: Display: Loaded TargetPlatform 'Android_DXT'
[2020.11.02-00.25.05:465][  0]LogTargetPlatformManager: Display: Loaded TargetPlatform 'Android_ETC1'
[2020.11.02-00.25.05:465][  0]LogTargetPlatformManager: Display: Loaded TargetPlatform 'Android_ETC1a'
[2020.11.02-00.25.05:465][  0]LogTargetPlatformManager: Display: Loaded TargetPlatform 'Android_ETC2'
[2020.11.02-00.25.05:465][  0]LogTargetPlatformManager: Display: Loaded TargetPlatform 'Android_PVRTC'
[2020.11.02-00.25.05:465][  0]LogTargetPlatformManager: Display: Loaded TargetPlatform 'AndroidClient'
[2020.11.02-00.25.05:465][  0]LogTargetPlatformManager: Display: Loaded TargetPlatform 'Android_ASTCClient'
[2020.11.02-00.25.05:465][  0]LogTargetPlatformManager: Display: Loaded TargetPlatform 'Android_ATCClient'
[2020.11.02-00.25.05:465][  0]LogTargetPlatformManager: Display: Loaded TargetPlatform 'Android_DXTClient'
[2020.11.02-00.25.05:465][  0]LogTargetPlatformManager: Display: Loaded TargetPlatform 'Android_ETC1Client'
[2020.11.02-00.25.05:465][  0]LogTargetPlatformManager: Display: Loaded TargetPlatform 'Android_ETC1aClient'
[2020.11.02-00.25.05:465][  0]LogTargetPlatformManager: Display: Loaded TargetPlatform 'Android_ETC2Client'
[2020.11.02-00.25.05:465][  0]LogTargetPlatformManager: Display: Loaded TargetPlatform 'Android_PVRTCClient'
[2020.11.02-00.25.05:465][  0]LogTargetPlatformManager: Display: Loaded TargetPlatform 'Android_Multi'
[2020.11.02-00.25.05:465][  0]LogTargetPlatformManager: Display: Loaded TargetPlatform 'Android_MultiClient'
[2020.11.02-00.25.05:502][  0]LogTargetPlatformManager: Display: Loaded TargetPlatform 'IOSClient'
[2020.11.02-00.25.05:502][  0]LogTargetPlatformManager: Display: Loaded TargetPlatform 'IOS'
[2020.11.02-00.25.05:514][  0]LogTargetPlatformManager: Display: Loaded TargetPlatform 'LinuxNoEditor'
[2020.11.02-00.25.05:525][  0]LogTargetPlatformManager: Display: Loaded TargetPlatform 'LinuxClient'
[2020.11.02-00.25.05:537][  0]LogTargetPlatformManager: Display: Loaded TargetPlatform 'LinuxServer'
[2020.11.02-00.25.05:548][  0]LogTargetPlatformManager: Display: Loaded TargetPlatform 'LinuxAArch64NoEditor'
[2020.11.02-00.25.05:562][  0]LogTargetPlatformManager: Display: Loaded TargetPlatform 'LinuxAArch64Client'
[2020.11.02-00.25.05:574][  0]LogTargetPlatformManager: Display: Loaded TargetPlatform 'LinuxAArch64Server'
[2020.11.02-00.25.05:608][  0]LogTargetPlatformManager: Display: Loaded TargetPlatform 'Lumin'
[2020.11.02-00.25.05:608][  0]LogTargetPlatformManager: Display: Loaded TargetPlatform 'LuminClient'
[2020.11.02-00.25.05:630][  0]LogTargetPlatformManager: Display: Loaded TargetPlatform 'TVOSClient'
[2020.11.02-00.25.05:630][  0]LogTargetPlatformManager: Display: Loaded TargetPlatform 'TVOS'
[2020.11.02-00.25.05:646][  0]LogTargetPlatformManager: Display: Loaded TargetPlatform 'WindowsNoEditor'
[2020.11.02-00.25.05:661][  0]LogTargetPlatformManager: Display: Loaded TargetPlatform 'Windows'
[2020.11.02-00.25.05:675][  0]LogTargetPlatformManager: Display: Loaded TargetPlatform 'WindowsClient'
[2020.11.02-00.25.05:687][  0]LogTargetPlatformManager: Display: Loaded TargetPlatform 'WindowsServer'
[2020.11.02-00.25.05:687][  0]LogTargetPlatformManager: Display: Building Assets For Windows
[2020.11.02-00.25.05:699][  0]LogAudioDebug: Display: Lib vorbis DLL was dynamically loaded.
[2020.11.02-00.25.05:794][  0]LogShaderCompilers: Guid format shader working directory is -75 characters bigger than the processId version (../../../../../../Users/Pog/Documents/School/Year 4/Sem 2/AdvancedGames/Assignment 2/Git/AdvGamesProgramming/GameFiles/Intermediate/Shaders/WorkingDirectory/32672/).
[2020.11.02-00.25.05:795][  0]LogShaderCompilers: Cleaned the shader compiler working directory 'C:/Users/Pog/AppData/Local/Temp/UnrealShaderWorkingDir/C6CC84D5488E5457FCEDC3A7C20842ED/'.
[2020.11.02-00.25.05:798][  0]LogXGEController: Cleaning working directory: C:/Users/Pog/AppData/Local/Temp/UnrealXGEWorkingDir/
[2020.11.02-00.25.05:798][  0]LogXGEController: Cannot use XGE Controller as Incredibuild is not installed on this machine.
[2020.11.02-00.25.05:798][  0]LogShaderCompilers: Cannot use XGE Shader Compiler as Incredibuild is not installed on this machine.
[2020.11.02-00.25.05:798][  0]LogShaderCompilers: Display: Using Local Shader Compiler.
[2020.11.02-00.25.07:013][  0]LogDerivedDataCache: Display: Max Cache Size: 512 MB
[2020.11.02-00.25.07:167][  0]LogDerivedDataCache: Loaded boot cache 0.15s 96MB C:/Users/Pog/AppData/Local/UnrealEngine/4.24/DerivedDataCache/Boot.ddc.
[2020.11.02-00.25.07:167][  0]LogDerivedDataCache: Display: Loaded Boot cache: C:/Users/Pog/AppData/Local/UnrealEngine/4.24/DerivedDataCache/Boot.ddc
[2020.11.02-00.25.07:167][  0]LogDerivedDataCache: FDerivedDataBackendGraph:  Pak pak cache file ../../../../../../Users/Pog/Documents/School/Year 4/Sem 2/AdvancedGames/Assignment 2/Git/AdvGamesProgramming/GameFiles/DerivedDataCache/DDC.ddp not found, will not use a pak cache.
[2020.11.02-00.25.07:167][  0]LogDerivedDataCache: Unable to find inner node Pak for hierarchical cache Hierarchy.
[2020.11.02-00.25.07:167][  0]LogDerivedDataCache: FDerivedDataBackendGraph:  CompressedPak pak cache file ../../../../../../Users/Pog/Documents/School/Year 4/Sem 2/AdvancedGames/Assignment 2/Git/AdvGamesProgramming/GameFiles/DerivedDataCache/Compressed.ddp not found, will not use a pak cache.
[2020.11.02-00.25.07:167][  0]LogDerivedDataCache: Unable to find inner node CompressedPak for hierarchical cache Hierarchy.
[2020.11.02-00.25.07:184][  0]LogDerivedDataCache: Display: Pak cache opened for reading ../../../Engine/DerivedDataCache/Compressed.ddp.
[2020.11.02-00.25.07:184][  0]LogDerivedDataCache: FDerivedDataBackendGraph:  EnterprisePak pak cache file ../../../Enterprise/DerivedDataCache/Compressed.ddp not found, will not use a pak cache.
[2020.11.02-00.25.07:184][  0]LogDerivedDataCache: Unable to find inner node EnterprisePak for hierarchical cache Hierarchy.
[2020.11.02-00.25.07:187][  0]LogDerivedDataCache: Using Local data cache path C:/Users/Pog/AppData/Local/UnrealEngine/Common/DerivedDataCache: Writable
[2020.11.02-00.25.07:187][  0]LogDerivedDataCache: Shared data cache path not found in *engine.ini, will not use an Shared cache.
[2020.11.02-00.25.07:187][  0]LogDerivedDataCache: Unable to find inner node Shared for hierarchical cache Hierarchy.
[2020.11.02-00.25.07:233][  0]LogMaterial: Verifying Global Shaders for PCD3D_SM5
[2020.11.02-00.25.07:242][  0]LogSlate: Using FreeType 2.10.0
[2020.11.02-00.25.07:246][  0]LogSlate: SlateFontServices - WITH_FREETYPE: 1, WITH_HARFBUZZ: 1
[2020.11.02-00.25.07:400][  0]LogAssetRegistry: FAssetRegistry took 0.0057 seconds to start up
[2020.11.02-00.25.08:126][  0]LogInit: Selected Device Profile: [Windows]
[2020.11.02-00.25.08:431][  0]LogMeshReduction: Using QuadricMeshReduction for automatic static mesh reduction
[2020.11.02-00.25.08:431][  0]LogMeshReduction: Using SimplygonMeshReduction for automatic skeletal mesh reduction
[2020.11.02-00.25.08:431][  0]LogMeshReduction: Using ProxyLODMeshReduction for automatic mesh merging
[2020.11.02-00.25.08:431][  0]LogMeshReduction: No distributed automatic mesh merging module available
[2020.11.02-00.25.08:431][  0]LogMeshMerging: No distributed automatic mesh merging module available
[2020.11.02-00.25.08:478][  0]LogNetVersion: AdvGamesProgramming 1.0.0, NetCL: 10570792, EngineNetVer: 13, GameNetVer: 0 (Checksum: 489682494)
[2020.11.02-00.25.10:724][  0]LogPackageLocalizationCache: Processed 8 localized package path(s) for 1 prioritized culture(s) in 0.077146 seconds
[2020.11.02-00.25.10:736][  0]LogUObjectArray: 46098 objects as part of root set at end of initial load.
[2020.11.02-00.25.10:736][  0]LogUObjectAllocator: 8030680 out of 0 bytes used by permanent object pool.
[2020.11.02-00.25.10:736][  0]LogUObjectArray: CloseDisregardForGC: 0/0 objects in disregard for GC pool
[2020.11.02-00.25.11:726][  0]LogTcpMessaging: Initializing TcpMessaging bridge
[2020.11.02-00.25.11:735][  0]LogUdpMessaging: Initializing bridge on interface 0.0.0.0:0 to multicast group 230.0.0.1:6666.
[2020.11.02-00.25.12:052][  0]LogBlueprint: Warning: [Compiler Ue4ASP_Character] InputAction Event references unknown Action 'Crouch' for  InputAction Crouch
[2020.11.02-00.25.12:053][  0]LogBlueprint: Warning: [Compiler Ue4ASP_Character] Input Axis Event references unknown Axis 'MoveRight' for  InputAxis MoveRight
[2020.11.02-00.25.13:184][  0]SourceControl: Source control is disabled
[2020.11.02-00.25.13:185][  0]SourceControl: Source control is disabled
[2020.11.02-00.25.13:196][  0]SourceControl: Source control is disabled
[2020.11.02-00.25.13:202][  0]SourceControl: Source control is disabled
[2020.11.02-00.25.13:207][  0]SourceControl: Source control is disabled
[2020.11.02-00.25.13:453][  0]LogAndroidPermission: UAndroidPermissionCallbackProxy::GetInstance
[2020.11.02-00.25.13:481][  0]LogAudioCaptureCore: Display: No Audio Capture implementations found. Audio input will be silent.
[2020.11.02-00.25.13:481][  0]LogAudioCaptureCore: Display: No Audio Capture implementations found. Audio input will be silent.
[2020.11.02-00.25.13:742][  0]LogEngine: Initializing Engine...
[2020.11.02-00.25.13:752][  0]LogStats: UGameplayTagsManager::InitializeManager -  0.003 s
[2020.11.02-00.25.14:284][  0]LogInit: Initializing FReadOnlyCVARCache
[2020.11.02-00.25.14:333][  0]LogAIModule: Creating AISystem for world Untitled
[2020.11.02-00.25.14:350][  0]LogAudioMixer: Display: Audio Mixer Platform Settings:
[2020.11.02-00.25.14:350][  0]LogAudioMixer: Display: 	Sample Rate:						  48000
[2020.11.02-00.25.14:350][  0]LogAudioMixer: Display: 	Callback Buffer Frame Size Requested: 1024
[2020.11.02-00.25.14:350][  0]LogAudioMixer: Display: 	Callback Buffer Frame Size To Use:	  1024
[2020.11.02-00.25.14:350][  0]LogAudioMixer: Display: 	Number of buffers to queue:			  2
[2020.11.02-00.25.14:350][  0]LogAudioMixer: Display: 	Max Channels (voices):				  32
[2020.11.02-00.25.14:350][  0]LogAudioMixer: Display: 	Number of Async Source Workers:		  0
[2020.11.02-00.25.14:351][  0]LogAudio: Display: AudioDevice MaxSources: 32
[2020.11.02-00.25.14:353][  0]LogAudio: Display: Using built-in audio occlusion.
[2020.11.02-00.25.14:354][  0]LogAudioMixer: Display: Initializing audio mixer.
[2020.11.02-00.25.14:589][  0]LogAudioMixer: Display: Audio Device Output Speaker Info:
[2020.11.02-00.25.14:589][  0]LogAudioMixer: Display: Name: Headphones (BLE_ATH-M50xBT Stereo)
[2020.11.02-00.25.14:589][  0]LogAudioMixer: Display: Is Default: Yes
[2020.11.02-00.25.14:589][  0]LogAudioMixer: Display: Sample Rate: 44100
[2020.11.02-00.25.14:589][  0]LogAudioMixer: Display: Channel Count Used: 2
[2020.11.02-00.25.14:589][  0]LogAudioMixer: Display: Device Channel Count: 2
[2020.11.02-00.25.14:589][  0]LogAudioMixer: Display: Channel Order:
[2020.11.02-00.25.14:589][  0]LogAudioMixer: Display: 0: FrontLeft
[2020.11.02-00.25.14:589][  0]LogAudioMixer: Display: 1: FrontRight
[2020.11.02-00.25.14:625][  0]LogAudioMixer: Display: Using Audio Device Headphones (BLE_ATH-M50xBT Stereo)
[2020.11.02-00.25.14:630][  0]LogInit: FAudioDevice initialized.
[2020.11.02-00.25.14:631][  0]LogNetVersion: Set ProjectVersion to 1.0.0.0. Version Checksum will be recalculated on next use.
[2020.11.02-00.25.14:715][  0]LogDerivedDataCache: Saved boot cache 0.08s 96MB C:/Users/Pog/AppData/Local/UnrealEngine/4.24/DerivedDataCache/Boot.ddc.
[2020.11.02-00.25.14:730][  0]LogInit: Texture streaming: Enabled
[2020.11.02-00.25.14:761][  0]LogEngineSessionManager: EngineSessionManager initialized
[2020.11.02-00.25.14:761][  0]LogEngineSessionManager: EngineSessionManager sent abnormal shutdown report. Type=Crashed, SessionId={89B9C90B-405F-5E46-40EB-F68F94CE71C9}
[2020.11.02-00.25.14:761][  0]LogEditorSessionSummary: Verbose: Initializing EditorSessionSummaryWriter for editor session tracking
[2020.11.02-00.25.14:764][  0]LogEditorSessionSummary: EditorSessionSummaryWriter initialized
[2020.11.02-00.25.14:865][  0]LogInit: Transaction tracking system initialized
[2020.11.02-00.25.14:913][  0]BlueprintLog: New page: Editor Load
[2020.11.02-00.25.15:053][  0]LocalizationService: Localization service is disabled
[2020.11.02-00.25.15:646][  0]LogFileCache: Scanning file cache for directory 'C:/Users/Pog/Documents/School/Year 4/Sem 2/AdvancedGames/Assignment 2/Git/AdvGamesProgramming/GameFiles/Content/' took 0.01s
[2020.11.02-00.25.15:646][  0]LogCook: Display: Max memory allowance for cook 16384mb min free memory 0mb
[2020.11.02-00.25.15:646][  0]LogCook: Display: Mobile HDR setting 1
[2020.11.02-00.25.16:008][  0]SourceControl: Source control is disabled
[2020.11.02-00.25.16:013][  0]LightingResults: New page: Lighting Build
[2020.11.02-00.25.16:020][  0]LogWorld: UWorld::CleanupWorld for Untitled, bSessionEnded=true, bCleanupResources=true
[2020.11.02-00.25.16:022][  0]LogSlate: InvalidateAllWidgets triggered.  All widgets were invalidated
[2020.11.02-00.25.16:023][  0]MapCheck: New page: Map Check
[2020.11.02-00.25.16:023][  0]LightingResults: New page: Lighting Build
[2020.11.02-00.25.16:080][  0]LogUObjectHash: Compacting FUObjectHashTables data took   3.11ms
[2020.11.02-00.25.16:933][  0]LogAIModule: Creating AISystem for world TestingMap
[2020.11.02-00.25.16:975][  0]LogEditorServer: Finished looking for orphan Actors (0.000 secs)
[2020.11.02-00.25.17:035][  0]LogUObjectHash: Compacting FUObjectHashTables data took   2.68ms
[2020.11.02-00.25.17:038][  0]Cmd: MAP CHECKDEP NOCLEARLOG
[2020.11.02-00.25.17:040][  0]MapCheck: Map check complete: 0 Error(s), 0 Warning(s), took 0.539ms to complete.
[2020.11.02-00.25.17:043][  0]LogFileHelpers: Loading map 'TestingMap' took 1.034
[2020.11.02-00.25.17:309][  0]LogSlate: Updating window title bar state: overlay mode, drag disabled, window buttons hidden, title bar hidden
[2020.11.02-00.25.17:321][  0]LogSlate: Updating window title bar state: overlay mode, drag disabled, window buttons hidden, title bar hidden
[2020.11.02-00.25.17:332][  0]LogSlate: Updating window title bar state: overlay mode, drag disabled, window buttons hidden, title bar hidden
[2020.11.02-00.25.17:342][  0]LogSlate: Updating window title bar state: overlay mode, drag disabled, window buttons hidden, title bar hidden
[2020.11.02-00.25.17:375][  0]LogCollectionManager: Loaded 0 collections in 0.002490 seconds
[2020.11.02-00.25.17:396][  0]LogFileCache: Scanning file cache for directory 'C:/Users/Pog/Documents/School/Year 4/Sem 2/AdvancedGames/Assignment 2/Git/AdvGamesProgramming/GameFiles/Saved/Collections/' took 0.00s
[2020.11.02-00.25.17:397][  0]LogFileCache: Scanning file cache for directory 'C:/Users/Pog/Documents/School/Year 4/Sem 2/AdvancedGames/Assignment 2/Git/AdvGamesProgramming/GameFiles/Content/Developers/Jack/Collections/' took 0.00s
[2020.11.02-00.25.17:397][  0]LogFileCache: Scanning file cache for directory 'C:/Users/Pog/Documents/School/Year 4/Sem 2/AdvancedGames/Assignment 2/Git/AdvGamesProgramming/GameFiles/Content/Collections/' took 0.00s
[2020.11.02-00.25.17:397][  0]LogContentBrowser: Native class hierarchy populated in 0.0115 seconds. Added 3021 classes and 706 folders.
[2020.11.02-00.25.17:404][  0]LogContentBrowser: Native class hierarchy updated for 'WidgetCarousel' in 0.0005 seconds. Added 0 classes and 0 folders.
[2020.11.02-00.25.17:577][  0]LogContentBrowser: Native class hierarchy updated for 'AddContentDialog' in 0.0005 seconds. Added 0 classes and 0 folders.
[2020.11.02-00.25.17:638][  0]LogSlate: Took 0.000879 seconds to synchronously load lazily loaded font '../../../Engine/Content/Slate/Fonts/Roboto-Regular.ttf' (155K)
[2020.11.02-00.25.17:646][  0]LogSlate: Took 0.000831 seconds to synchronously load lazily loaded font '../../../Engine/Content/Slate/Fonts/Roboto-Bold.ttf' (160K)
[2020.11.02-00.25.17:650][  0]LogSlate: Took 0.000848 seconds to synchronously load lazily loaded font '../../../Engine/Content/Editor/Slate/Fonts/FontAwesome.ttf' (139K)
[2020.11.02-00.25.17:652][  0]LogSlate: Took 0.000475 seconds to synchronously load lazily loaded font '../../../Engine/Content/Slate/Fonts/DroidSansMono.ttf' (77K)
[2020.11.02-00.25.17:813][  0]LogRenderer: Reallocating scene render targets to support 1176x596 Format 10 NumSamples 1 (Frame:1).
[2020.11.02-00.25.18:009][  0]LogContentBrowser: Native class hierarchy updated for 'HierarchicalLODOutliner' in 0.0006 seconds. Added 0 classes and 0 folders.
[2020.11.02-00.25.18:009][  0]LogLoad: (Engine Initialization) Total time: 19.62 seconds
[2020.11.02-00.25.18:009][  0]LogLoad: (Engine Initialization) Total Blueprint compile time: 0.00 seconds
[2020.11.02-00.25.18:105][  0]LogContentStreaming: Texture pool size now 1000 MB
[2020.11.02-00.25.18:229][  2]LogAssetRegistry: Asset discovery search completed in 10.8299 seconds
[2020.11.02-00.25.18:235][  2]LogCollectionManager: Fixed up redirectors for 0 collections in 0.000015 seconds (updated 0 objects)
[2020.11.02-00.25.21:156][ 72]LogSlate: Took 0.000669 seconds to synchronously load lazily loaded font '../../../Engine/Content/Slate/Fonts/Roboto-Light.ttf' (167K)
[2020.11.02-00.25.21:233][ 72]LogUObjectHash: Compacting FUObjectHashTables data took   1.18ms
[2020.11.02-00.25.21:662][ 72]LogSavePackage: Moving '../../../../../../Users/Pog/Documents/School/Year 4/Sem 2/AdvancedGames/Assignment 2/Git/AdvGamesProgramming/GameFiles/Saved/TestingMap5EF69190441A2C9AC28E89948A08E0F9.tmp' to '../../../../../../Users/Pog/Documents/School/Year 4/Sem 2/AdvancedGames/Assignment 2/Git/AdvGamesProgramming/GameFiles/Content/Levels/TestingMap.umap'
[2020.11.02-00.25.21:840][ 72]LogSavePackage: Moving '../../../../../../Users/Pog/Documents/School/Year 4/Sem 2/AdvancedGames/Assignment 2/Git/AdvGamesProgramming/GameFiles/Saved/TestingMap_BuiltDataF7BB020941EAEDFEFCB9AC96FEAE60D2.tmp' to '../../../../../../Users/Pog/Documents/School/Year 4/Sem 2/AdvancedGames/Assignment 2/Git/AdvGamesProgramming/GameFiles/Content/Levels/TestingMap_BuiltData.uasset'
[2020.11.02-00.25.21:870][ 72]AssetCheck: New page: Asset Save: multiple assets
[2020.11.02-00.25.21:870][ 72]LogContentValidation: Display: Validating World /Game/Levels/TestingMap.TestingMap
[2020.11.02-00.25.21:870][ 72]LogContentValidation: Display: Validating MapBuildDataRegistry /Game/Levels/TestingMap_BuiltData.TestingMap_BuiltData
[2020.11.02-00.25.23:133][196]LogFileCache: Retrieving MD5 hashes for directory 'C:/Users/Pog/Documents/School/Year 4/Sem 2/AdvancedGames/Assignment 2/Git/AdvGamesProgramming/GameFiles/Content/' took 5.10s
[2020.11.02-00.25.37:481][883]LogBlueprintUserMessages: Early PlayInEditor Detection: Level '/Game/Levels/TestingMap.TestingMap:PersistentLevel' has LevelScriptBlueprint '/Game/Levels/TestingMap.TestingMap:PersistentLevel.TestingMap' with GeneratedClass '/Game/Levels/TestingMap.TestingMap_C' with ClassGeneratedBy '/Game/Levels/TestingMap.TestingMap:PersistentLevel.TestingMap'
[2020.11.02-00.25.37:485][883]LogPlayLevel: PlayLevel: No blueprints needed recompiling
[2020.11.02-00.25.37:491][883]PIE: New page: PIE session: TestingMap (2 Nov 2020, 10:25:37 pm)
[2020.11.02-00.25.37:497][883]LogOnline: OSS: Creating online subsystem instance for: NULL
[2020.11.02-00.25.37:501][883]LogOnline: OSS: TryLoadSubsystemAndSetDefault: Loaded subsystem for module [NULL]
[2020.11.02-00.25.37:503][883]LogPlayLevel: Creating play world package: /Game/Levels/UEDPIE_1_TestingMap
[2020.11.02-00.25.37:544][883]LogPlayLevel: PIE: StaticDuplicateObject took: (0.041205s)
[2020.11.02-00.25.37:546][883]LogAIModule: Creating AISystem for world TestingMap
[2020.11.02-00.25.37:547][883]LogPlayLevel: PIE: World Init took: (0.002948s)
[2020.11.02-00.25.37:547][883]LogPlayLevel: PIE: Created PIE world by copying editor world from /Game/Levels/TestingMap.TestingMap to /Game/Levels/UEDPIE_1_TestingMap.TestingMap (0.045378s)
[2020.11.02-00.25.37:582][883]LogUObjectHash: Compacting FUObjectHashTables data took   2.89ms
[2020.11.02-00.25.37:595][883]LogLoad: Game class is 'MultiplayerGameModeBlueprint_C'
[2020.11.02-00.25.37:606][883]LogWorld: Bringing World /Game/Levels/UEDPIE_1_TestingMap.TestingMap up for play (max tick rate 0) at 2020.11.02-11.25.37
[2020.11.02-00.25.37:608][883]LogWorld: Bringing up level for play took: 0.004562
[2020.11.02-00.25.37:615][883]LogNet: ReplicationDriverClass is null! Not using ReplicationDriver.
[2020.11.02-00.25.37:616][883]LogNetCore: DDoS detection status: detection enabled: 0 analytics enabled: 0
[2020.11.02-00.25.37:625][883]LogInit: WinSock: I am Razer-Blade-2017 (10.0.0.41:0)
[2020.11.02-00.25.37:626][883]LogInit: WinSock: Socket queue. Rx: 131072 (config 131072) Tx: 131072 (config 131072)
[2020.11.02-00.25.37:627][883]PacketHandlerLog: Loaded PacketHandler component: Engine.EngineHandlerComponentFactory (StatelessConnectHandlerComponent)
[2020.11.02-00.25.37:628][883]LogNet: GameNetDriver IpNetDriver_0 IpNetDriver listening on port 17777
[2020.11.02-00.25.37:628][883]LogGameMode: Display: Match State Changed from EnteringMap to WaitingToStart
[2020.11.02-00.25.37:629][883]LogTemp: Warning: X=1000.000 Y=-250.000 Z=50.000
[2020.11.02-00.25.37:670][883]LogGameState: Match State Changed from EnteringMap to WaitingToStart
[2020.11.02-00.25.37:671][883]PIE: Play in editor start time for /Game/Levels/UEDPIE_1_TestingMap 0.075
[2020.11.02-00.25.37:675][883]LogAudioMixer: Display: Audio Mixer Platform Settings:
[2020.11.02-00.25.37:675][883]LogAudioMixer: Display: 	Sample Rate:						  48000
[2020.11.02-00.25.37:675][883]LogAudioMixer: Display: 	Callback Buffer Frame Size Requested: 1024
[2020.11.02-00.25.37:675][883]LogAudioMixer: Display: 	Callback Buffer Frame Size To Use:	  1024
[2020.11.02-00.25.37:675][883]LogAudioMixer: Display: 	Number of buffers to queue:			  2
[2020.11.02-00.25.37:675][883]LogAudioMixer: Display: 	Max Channels (voices):				  32
[2020.11.02-00.25.37:676][883]LogAudioMixer: Display: 	Number of Async Source Workers:		  0
[2020.11.02-00.25.37:677][883]LogAudio: Display: AudioDevice MaxSources: 32
[2020.11.02-00.25.37:678][883]LogAudio: Display: Using built-in audio occlusion.
[2020.11.02-00.25.37:678][883]LogAudioMixer: Display: Initializing audio mixer.
[2020.11.02-00.25.37:810][883]LogAudioMixer: Display: Audio Device Output Speaker Info:
[2020.11.02-00.25.37:810][883]LogAudioMixer: Display: Name: Headphones (BLE_ATH-M50xBT Stereo)
[2020.11.02-00.25.37:810][883]LogAudioMixer: Display: Is Default: Yes
[2020.11.02-00.25.37:810][883]LogAudioMixer: Display: Sample Rate: 44100
[2020.11.02-00.25.37:810][883]LogAudioMixer: Display: Channel Count Used: 2
[2020.11.02-00.25.37:810][883]LogAudioMixer: Display: Device Channel Count: 2
[2020.11.02-00.25.37:810][883]LogAudioMixer: Display: Channel Order:
[2020.11.02-00.25.37:811][883]LogAudioMixer: Display: 0: FrontLeft
[2020.11.02-00.25.37:811][883]LogAudioMixer: Display: 1: FrontRight
[2020.11.02-00.25.37:824][883]LogAudioMixer: Display: Using Audio Device Headphones (BLE_ATH-M50xBT Stereo)
[2020.11.02-00.25.37:830][883]LogInit: FAudioDevice initialized.
[2020.11.02-00.25.37:846][883]LogNet: Browse: 127.0.0.1:17777//Game/Levels/TestingMap
[2020.11.02-00.25.37:847][883]LogInit: WinSock: Socket queue. Rx: 32768 (config 32768) Tx: 32768 (config 32768)
[2020.11.02-00.25.37:849][883]PacketHandlerLog: Loaded PacketHandler component: Engine.EngineHandlerComponentFactory (StatelessConnectHandlerComponent)
[2020.11.02-00.25.37:850][883]LogNet: Game client on port 17777, rate 10000
[2020.11.02-00.25.37:852][883]PIE: Play in editor start time for /Game/Levels/TestingMap 0.256
[2020.11.02-00.25.37:928][883]LogSlate: Updating window title bar state: overlay mode, drag disabled, window buttons hidden, title bar hidden
[2020.11.02-00.25.37:929][883]LogNet: Browse: 127.0.0.1:17777//Game/Levels/TestingMap
[2020.11.02-00.25.37:930][883]LogInit: WinSock: Socket queue. Rx: 32768 (config 32768) Tx: 32768 (config 32768)
[2020.11.02-00.25.37:931][883]PacketHandlerLog: Loaded PacketHandler component: Engine.EngineHandlerComponentFactory (StatelessConnectHandlerComponent)
[2020.11.02-00.25.37:932][883]LogNet: Game client on port 17777, rate 10000
[2020.11.02-00.25.37:935][883]PIE: Play in editor start time for /Game/Levels/TestingMap 0.339
[2020.11.02-00.25.37:957][883]LogBlueprintUserMessages: Late PlayInEditor Detection: Level '/Game/Levels/TestingMap.TestingMap:PersistentLevel' has LevelScriptBlueprint '/Game/Levels/TestingMap.TestingMap:PersistentLevel.TestingMap' with GeneratedClass '/Game/Levels/TestingMap.TestingMap_C' with ClassGeneratedBy '/Game/Levels/TestingMap.TestingMap:PersistentLevel.TestingMap'
[2020.11.02-00.25.37:959][883]LogNet: NotifyAcceptingConnection accepted from: 127.0.0.1:63606
[2020.11.02-00.25.37:960][883]LogHandshake: SendConnectChallenge. Timestamp: 0.008339, Cookie: 149028172199062130177254026199223173079105157146000191109156
[2020.11.02-00.25.37:960][883]LogNet: NotifyAcceptingConnection accepted from: 127.0.0.1:63607
[2020.11.02-00.25.37:961][883]LogHandshake: SendConnectChallenge. Timestamp: 0.008339, Cookie: 238019109049064098013179245234249016098159006254238101022230
[2020.11.02-00.25.38:048][883]LogOnline: OSS: Creating online subsystem instance for: :Context_1
[2020.11.02-00.25.38:055][883]LogHandshake: SendChallengeResponse. Timestamp: 0.008339, Cookie: 149028172199062130177254026199223173079105157146000191109156
[2020.11.02-00.25.38:057][883]LogHandshake: SendChallengeResponse. Timestamp: 0.008339, Cookie: 238019109049064098013179245234249016098159006254238101022230
[2020.11.02-00.25.38:136][884]LogNet: NotifyAcceptingConnection accepted from: 127.0.0.1:63606
[2020.11.02-00.25.38:136][884]LogHandshake: SendChallengeAck. InCookie: 149028172199062130177254026199223173079105157146000191109156
[2020.11.02-00.25.38:137][884]LogNet: Server accepting post-challenge connection from: 127.0.0.1:63606
[2020.11.02-00.25.38:138][884]PacketHandlerLog: Loaded PacketHandler component: Engine.EngineHandlerComponentFactory (StatelessConnectHandlerComponent)
[2020.11.02-00.25.38:138][884]LogNet: NotifyAcceptedConnection: Name: TestingMap, TimeStamp: 11/02/20 11:25:38, [UNetConnection] RemoteAddr: 127.0.0.1:63606, Name: IpConnection_2, Driver: GameNetDriver IpNetDriver_0, IsServer: YES, PC: NULL, Owner: NULL, UniqueId: INVALID
[2020.11.02-00.25.38:139][884]LogNet: AddClientConnection: Added client connection: [UNetConnection] RemoteAddr: 127.0.0.1:63606, Name: IpConnection_2, Driver: GameNetDriver IpNetDriver_0, IsServer: YES, PC: NULL, Owner: NULL, UniqueId: INVALID
[2020.11.02-00.25.38:139][884]LogNet: NotifyAcceptingConnection accepted from: 127.0.0.1:63607
[2020.11.02-00.25.38:139][884]LogHandshake: SendChallengeAck. InCookie: 238019109049064098013179245234249016098159006254238101022230
[2020.11.02-00.25.38:139][884]LogNet: Server accepting post-challenge connection from: 127.0.0.1:63607
[2020.11.02-00.25.38:141][884]PacketHandlerLog: Loaded PacketHandler component: Engine.EngineHandlerComponentFactory (StatelessConnectHandlerComponent)
[2020.11.02-00.25.38:141][884]LogNet: NotifyAcceptedConnection: Name: TestingMap, TimeStamp: 11/02/20 11:25:38, [UNetConnection] RemoteAddr: 127.0.0.1:63607, Name: IpConnection_3, Driver: GameNetDriver IpNetDriver_0, IsServer: YES, PC: NULL, Owner: NULL, UniqueId: INVALID
[2020.11.02-00.25.38:141][884]LogNet: AddClientConnection: Added client connection: [UNetConnection] RemoteAddr: 127.0.0.1:63607, Name: IpConnection_3, Driver: GameNetDriver IpNetDriver_0, IsServer: YES, PC: NULL, Owner: NULL, UniqueId: INVALID
[2020.11.02-00.25.38:148][884]LogNetVersion: AdvGamesProgramming 1.0.0.0, NetCL: 10570792, EngineNetVer: 13, GameNetVer: 0 (Checksum: 1585971074)
[2020.11.02-00.25.38:148][884]LogNet: UPendingNetGame::SendInitialJoin: Sending hello. [UNetConnection] RemoteAddr: 127.0.0.1:17777, Name: IpConnection_0, Driver: PendingNetDriver IpNetDriver_1, IsServer: NO, PC: NULL, Owner: NULL, UniqueId: INVALID
[2020.11.02-00.25.38:151][884]LogNet: UPendingNetGame::SendInitialJoin: Sending hello. [UNetConnection] RemoteAddr: 127.0.0.1:17777, Name: IpConnection_1, Driver: PendingNetDriver IpNetDriver_2, IsServer: NO, PC: NULL, Owner: NULL, UniqueId: INVALID
[2020.11.02-00.25.38:186][885]LogNet: NotifyAcceptingChannel Control 0 server World /Game/Levels/UEDPIE_1_TestingMap.TestingMap: Accepted
[2020.11.02-00.25.38:187][885]LogNet: Remote platform little endian=1
[2020.11.02-00.25.38:187][885]LogNet: This platform little endian=1
[2020.11.02-00.25.38:188][885]LogNet: NotifyAcceptingChannel Control 0 server World /Game/Levels/UEDPIE_1_TestingMap.TestingMap: Accepted
[2020.11.02-00.25.38:188][885]LogNet: Remote platform little endian=1
[2020.11.02-00.25.38:188][885]LogNet: This platform little endian=1
[2020.11.02-00.25.38:195][885]LogOnline: OSS: Creating online subsystem instance for: :Context_2
[2020.11.02-00.25.38:199][885]LogOnline: OSS: Creating online subsystem instance for: :Context_3
[2020.11.02-00.25.38:209][886]LogNet: Login request: /Game/Levels/TestingMap?Name=Razer-Blade-2017-4D25F04641E8E5045FFABA8905FB746B userId: NULL:Razer-Blade-2017-4D25F04641E8E5045FFABA8905FB746B platform: NULL
[2020.11.02-00.25.38:210][886]LogNet: Login request: /Game/Levels/TestingMap?Name=Razer-Blade-2017-21360D46456D5E685368FB8724C6BC97 userId: NULL:Razer-Blade-2017-21360D46456D5E685368FB8724C6BC97 platform: NULL
[2020.11.02-00.25.38:213][886]LogTemp: Warning: Player Lost
[2020.11.02-00.25.38:214][886]LogTemp: Warning: Player Lost
[2020.11.02-00.25.38:214][886]LogTemp: Warning: Player Lost
[2020.11.02-00.25.38:214][886]LogNet: Welcomed by server (Level: /Game/Levels/UEDPIE_1_TestingMap, Game: /Game/Blueprints/MultiplayerGameModeBlueprint.MultiplayerGameModeBlueprint_C)
[2020.11.02-00.25.38:215][886]LogLoad: LoadMap: 127.0.0.1:17777//Game/Levels/UEDPIE_1_TestingMap?game=/Game/Blueprints/MultiplayerGameModeBlueprint.MultiplayerGameModeBlueprint_C
[2020.11.02-00.25.38:215][886]LogWorld: BeginTearingDown for /Temp/Untitled_1
[2020.11.02-00.25.38:215][886]LogWorld: UWorld::CleanupWorld for Untitled, bSessionEnded=true, bCleanupResources=true
[2020.11.02-00.25.38:216][886]LogSlate: InvalidateAllWidgets triggered.  All widgets were invalidated
[2020.11.02-00.25.38:216][886]LogAudioMixer: Display: No commands were queued while flushing the source manager.
[2020.11.02-00.25.38:248][886]LogUObjectHash: Compacting FUObjectHashTables data took   2.26ms
[2020.11.02-00.25.38:280][886]LogAIModule: Creating AISystem for world TestingMap
[2020.11.02-00.25.38:284][886]LogWorld: Bringing World /Game/Levels/UEDPIE_2_TestingMap.TestingMap up for play (max tick rate 0) at 2020.11.02-11.25.38
[2020.11.02-00.25.38:284][886]LogWorld: Bringing up level for play took: 0.001638
[2020.11.02-00.25.38:285][886]LogNavigation: Warning: Was not able to create navigation data for SupportedAgent[0]: Default
[2020.11.02-00.25.38:286][886]LogLoad: Took 0.070943 seconds to LoadMap(/Game/Levels/UEDPIE_1_TestingMap)
[2020.11.02-00.25.38:287][886]LogNet: Welcomed by server (Level: /Game/Levels/UEDPIE_1_TestingMap, Game: /Game/Blueprints/MultiplayerGameModeBlueprint.MultiplayerGameModeBlueprint_C)
[2020.11.02-00.25.38:287][886]LogLoad: LoadMap: 127.0.0.1:17777//Game/Levels/UEDPIE_1_TestingMap?game=/Game/Blueprints/MultiplayerGameModeBlueprint.MultiplayerGameModeBlueprint_C
[2020.11.02-00.25.38:287][886]LogWorld: BeginTearingDown for /Temp/Untitled_2
[2020.11.02-00.25.38:287][886]LogWorld: UWorld::CleanupWorld for Untitled, bSessionEnded=true, bCleanupResources=true
[2020.11.02-00.25.38:288][886]LogSlate: InvalidateAllWidgets triggered.  All widgets were invalidated
[2020.11.02-00.25.38:288][886]LogAudioMixer: Display: No commands were queued while flushing the source manager.
[2020.11.02-00.25.38:328][886]LogUObjectHash: Compacting FUObjectHashTables data took   3.10ms
[2020.11.02-00.25.38:366][886]LogAIModule: Creating AISystem for world TestingMap
[2020.11.02-00.25.38:371][886]LogWorld: Bringing World /Game/Levels/UEDPIE_3_TestingMap.TestingMap up for play (max tick rate 0) at 2020.11.02-11.25.38
[2020.11.02-00.25.38:372][886]LogWorld: Bringing up level for play took: 0.003641
[2020.11.02-00.25.38:372][886]LogNavigation: Warning: Was not able to create navigation data for SupportedAgent[0]: Default
[2020.11.02-00.25.38:373][886]LogLoad: Took 0.085030 seconds to LoadMap(/Game/Levels/UEDPIE_1_TestingMap)
[2020.11.02-00.25.38:414][887]LogNet: Client netspeed is 10000
[2020.11.02-00.25.38:415][887]LogNet: Join request: /Game/Levels/TestingMap?Name=Razer-Blade-2017-4D25F04641E8E5045FFABA8905FB746B?SplitscreenCount=1
[2020.11.02-00.25.38:416][887]LogOnlineSession: Warning: OSS: No game present to join for session (GameSession)
[2020.11.02-00.25.38:424][887]LogGameMode: Display: Match State Changed from WaitingToStart to InProgress
[2020.11.02-00.25.38:429][887]LogGameState: Match State Changed from WaitingToStart to InProgress
[2020.11.02-00.25.38:429][887]LogNet: Join succeeded: Razer-Blade-2017-4D2
[2020.11.02-00.25.38:429][887]LogNet: Client netspeed is 10000
[2020.11.02-00.25.38:429][887]LogNet: Join request: /Game/Levels/TestingMap?Name=Razer-Blade-2017-21360D46456D5E685368FB8724C6BC97?SplitscreenCount=1
[2020.11.02-00.25.38:430][887]LogOnlineSession: Warning: OSS: No game present to join for session (GameSession)
[2020.11.02-00.25.38:434][887]LogNet: Join succeeded: Razer-Blade-2017-213
[2020.11.02-00.25.38:441][887]LogRenderer: Reallocating scene render targets to support 1280x720 Format 10 NumSamples 1 (Frame:1).
[2020.11.02-00.25.38:442][887]LogTemp: Warning: Player Lost
[2020.11.02-00.25.38:442][887]LogTemp: Warning: Player Lost
[2020.11.02-00.25.38:442][887]LogTemp: Warning: Player Lost
[2020.11.02-00.25.38:442][887]LogTemp: Warning: Player Lost
[2020.11.02-00.25.38:443][887]LogTemp: Warning: Player Lost
[2020.11.02-00.25.38:443][887]LogTemp: Warning: Player Lost
[2020.11.02-00.25.38:488][888]LogTemp: Warning: Player Lost
[2020.11.02-00.25.38:488][888]LogTemp: Warning: Player Lost
[2020.11.02-00.25.38:488][888]LogTemp: Warning: Player Lost
[2020.11.02-00.25.38:489][888]LogTemp: Warning: Player Lost
[2020.11.02-00.25.38:490][888]LogTemp: Warning: Player Lost
[2020.11.02-00.25.38:490][888]LogTemp: Warning: Player Lost
[2020.11.02-00.25.38:589][893]LogTemp: Warning: Player Lost
[2020.11.02-00.25.38:589][893]LogTemp: Warning: Player Lost
[2020.11.02-00.25.38:589][893]LogTemp: Warning: Player Lost
[2020.11.02-00.25.38:619][895]LogTemp: Warning: Player Lost
[2020.11.02-00.25.38:620][895]LogTemp: Warning: Player Lost
[2020.11.02-00.25.38:620][895]LogTemp: Warning: Player Lost
[2020.11.02-00.25.38:620][895]LogTemp: Warning: Player Lost
[2020.11.02-00.25.38:621][895]LogTemp: Warning: Player Lost
[2020.11.02-00.25.38:621][895]LogTemp: Warning: Player Lost
[2020.11.02-00.25.38:639][896]LogTemp: Warning: Player Lost
[2020.11.02-00.25.38:640][896]LogTemp: Warning: Player Lost
[2020.11.02-00.25.38:641][896]LogTemp: Warning: Player Lost
[2020.11.02-00.25.38:641][896]LogTemp: Warning: Player Lost
[2020.11.02-00.25.38:641][896]LogTemp: Warning: Player Lost
[2020.11.02-00.25.38:641][896]LogTemp: Warning: Player Lost
[2020.11.02-00.25.38:661][897]LogTemp: Warning: Player Lost
[2020.11.02-00.25.38:662][897]LogTemp: Warning: Player Lost
[2020.11.02-00.25.38:662][897]LogTemp: Warning: Player Lost
[2020.11.02-00.25.38:677][898]LogTemp: Warning: Player Lost
[2020.11.02-00.25.38:677][898]LogTemp: Warning: Player Lost
[2020.11.02-00.25.38:678][898]LogTemp: Warning: Player Lost
[2020.11.02-00.25.38:678][898]LogTemp: Warning: Player Lost
[2020.11.02-00.25.38:678][898]LogTemp: Warning: Player Lost
[2020.11.02-00.25.38:678][898]LogTemp: Warning: Player Lost
[2020.11.02-00.25.38:854][902]LogTemp: Warning: Player Lost
[2020.11.02-00.25.38:855][902]LogTemp: Warning: Player Lost
[2020.11.02-00.25.38:855][902]LogTemp: Warning: Player Lost
[2020.11.02-00.25.38:872][903]LogTemp: Warning: Player Lost
[2020.11.02-00.25.38:873][903]LogTemp: Warning: Player Lost
[2020.11.02-00.25.38:874][903]LogTemp: Warning: Player Lost
[2020.11.02-00.25.38:904][904]LogTemp: Warning: Player Lost
[2020.11.02-00.25.38:905][904]LogTemp: Warning: Player Lost
[2020.11.02-00.25.38:905][904]LogTemp: Warning: Player Lost
[2020.11.02-00.25.38:905][904]LogTemp: Warning: Player Lost
[2020.11.02-00.25.38:905][904]LogTemp: Warning: Player Lost
[2020.11.02-00.25.38:905][904]LogTemp: Warning: Player Lost
[2020.11.02-00.25.38:905][904]LogTemp: Warning: Player Lost
[2020.11.02-00.25.38:905][904]LogTemp: Warning: Player Lost
[2020.11.02-00.25.38:906][904]LogTemp: Warning: Player Lost
[2020.11.02-00.25.38:923][905]LogTemp: Warning: Player Lost
[2020.11.02-00.25.38:924][905]LogTemp: Warning: Player Lost
[2020.11.02-00.25.38:924][905]LogTemp: Warning: Player Lost
[2020.11.02-00.25.38:993][909]LogTemp: Warning: Player Lost
[2020.11.02-00.25.38:993][909]LogTemp: Warning: Player Lost
[2020.11.02-00.25.38:993][909]LogTemp: Warning: Player Lost
[2020.11.02-00.25.38:993][909]LogTemp: Warning: Player Lost
[2020.11.02-00.25.38:993][909]LogTemp: Warning: Player Lost
[2020.11.02-00.25.38:994][909]LogTemp: Warning: Player Lost
[2020.11.02-00.25.39:011][910]LogTemp: Warning: Player Lost
[2020.11.02-00.25.39:011][910]LogTemp: Warning: Player Lost
[2020.11.02-00.25.39:011][910]LogTemp: Warning: Player Lost
[2020.11.02-00.25.39:282][924]LogTemp: Warning: Player Lost
[2020.11.02-00.25.39:282][924]LogTemp: Warning: Player Lost
[2020.11.02-00.25.39:282][924]LogTemp: Warning: Player Lost
[2020.11.02-00.25.39:599][942]LogOnlineSession: Warning: OSS: No game present to join for session (GameSession)
[2020.11.02-00.25.39:683][946]LogTemp: Warning: X=1000.000 Y=-250.000 Z=50.000
[2020.11.02-00.25.39:686][946]LogTemp: Warning: HealthBar set to: 1.000000
[2020.11.02-00.25.39:799][952]LogOnlineSession: Warning: OSS: No game present to join for session (GameSession)
[2020.11.02-00.25.39:866][955]LogTemp: Warning: Player Lost
[2020.11.02-00.25.39:884][956]LogTemp: Warning: Player Lost
[2020.11.02-00.25.39:885][956]LogTemp: Warning: Player Lost
[2020.11.02-00.25.39:885][956]LogTemp: Warning: Player Lost
[2020.11.02-00.25.39:984][962]LogTemp: Warning: Player Lost
[2020.11.02-00.25.39:984][962]LogTemp: Warning: Player Lost
[2020.11.02-00.25.39:984][962]LogTemp: Warning: Player Lost
[2020.11.02-00.25.39:988][962]LogTemp: Warning: Player Lost
[2020.11.02-00.25.40:096][967]LogTemp: Warning: X=1000.000 Y=-250.000 Z=50.000
[2020.11.02-00.25.40:100][967]LogTemp: Warning: HealthBar set to: 1.000000
[2020.11.02-00.25.40:140][968]LogTemp: Warning: Player Seen
[2020.11.02-00.25.40:140][968]LogTemp: Warning: PlayerCharacterBlueprint_C owned Teams: 0, 2
[2020.11.02-00.25.40:192][970]LogTemp: Warning: Player Seen
[2020.11.02-00.25.40:192][970]LogTemp: Warning: PlayerCharacterBlueprint_C owned Teams: 0, 2
[2020.11.02-00.25.40:193][970]LogTemp: Warning: Player Seen
[2020.11.02-00.25.40:193][970]LogTemp: Warning: PlayerCharacterBlueprint_C owned Teams: 0, 2
[2020.11.02-00.25.40:194][970]LogTemp: Warning: Player Seen
[2020.11.02-00.25.40:195][970]LogTemp: Warning: PlayerCharacterBlueprint_C owned Teams: 0, 2
[2020.11.02-00.25.53:831][971]LogTemp: Resetting audio stream to device id 
[2020.11.02-00.25.53:965][971]LogAudioMixer: Display: Audio Device Output Speaker Info:
[2020.11.02-00.25.53:965][971]LogAudioMixer: Display: Name: Headphones (BLE_ATH-M50xBT Stereo)
[2020.11.02-00.25.53:965][971]LogAudioMixer: Display: Is Default: Yes
[2020.11.02-00.25.53:965][971]LogAudioMixer: Display: Sample Rate: 44100
[2020.11.02-00.25.53:965][971]LogAudioMixer: Display: Channel Count Used: 2
[2020.11.02-00.25.53:965][971]LogAudioMixer: Display: Device Channel Count: 2
[2020.11.02-00.25.53:966][971]LogAudioMixer: Display: Channel Order:
[2020.11.02-00.25.53:966][971]LogAudioMixer: Display: 0: FrontLeft
[2020.11.02-00.25.53:966][971]LogAudioMixer: Display: 1: FrontRight
[2020.11.02-00.25.53:985][971]LogTemp: Resetting audio stream to device id 
[2020.11.02-00.25.54:143][971]LogAudioMixer: Display: Audio Device Output Speaker Info:
[2020.11.02-00.25.54:143][971]LogAudioMixer: Display: Name: Headphones (BLE_ATH-M50xBT Stereo)
[2020.11.02-00.25.54:143][971]LogAudioMixer: Display: Is Default: Yes
[2020.11.02-00.25.54:143][971]LogAudioMixer: Display: Sample Rate: 44100
[2020.11.02-00.25.54:144][971]LogAudioMixer: Display: Channel Count Used: 2
[2020.11.02-00.25.54:144][971]LogAudioMixer: Display: Device Channel Count: 2
[2020.11.02-00.25.54:144][971]LogAudioMixer: Display: Channel Order:
[2020.11.02-00.25.54:145][971]LogAudioMixer: Display: 0: FrontLeft
[2020.11.02-00.25.54:145][971]LogAudioMixer: Display: 1: FrontRight
[2020.11.02-00.25.54:177][972]LogNet: UNetDriver::TickDispatch: Very long time between ticks. DeltaTime: 13.96, Realtime: 13.96. IpNetDriver_0
[2020.11.02-00.25.54:182][972]LogNet: UNetDriver::TickDispatch: Very long time between ticks. DeltaTime: 13.96, Realtime: 13.96. IpNetDriver_1
[2020.11.02-00.25.54:185][972]LogNet: UNetDriver::TickDispatch: Very long time between ticks. DeltaTime: 13.96, Realtime: 13.96. IpNetDriver_2
[2020.11.02-00.25.54:189][972]LogTemp: Warning: Player Lost
[2020.11.02-00.25.54:189][972]LogTemp: Warning: Player Lost
[2020.11.02-00.25.54:526][973]LogTemp: Warning: Player Lost
[2020.11.02-00.25.54:527][973]LogTemp: Warning: Player Lost
[2020.11.02-00.25.54:527][973]LogTemp: Warning: Player Lost
[2020.11.02-00.25.54:527][973]LogTemp: Warning: Player Lost
[2020.11.02-00.25.54:527][973]LogTemp: Warning: Player Lost
[2020.11.02-00.25.54:528][973]LogTemp: Warning: Player Lost
[2020.11.02-00.25.54:528][973]LogTemp: Warning: Player Lost
[2020.11.02-00.25.54:528][973]LogTemp: Warning: Player Lost
[2020.11.02-00.25.54:528][973]LogTemp: Warning: Player Lost
[2020.11.02-00.25.54:529][973]LogTemp: Warning: Player Lost
[2020.11.02-00.25.54:529][973]LogTemp: Warning: Player Lost
[2020.11.02-00.25.54:529][973]LogTemp: Warning: Player Lost
[2020.11.02-00.25.54:570][973]LogTemp: Warning: Player Lost
[2020.11.02-00.25.54:570][973]LogTemp: Warning: Player Lost
[2020.11.02-00.25.54:570][973]LogTemp: Warning: Player Lost
[2020.11.02-00.25.54:570][973]LogTemp: Warning: Player Lost
[2020.11.02-00.25.54:570][973]LogTemp: Warning: Player Lost
[2020.11.02-00.25.54:570][973]LogTemp: Warning: Player Lost
[2020.11.02-00.25.54:571][973]LogTemp: Warning: Player Lost
[2020.11.02-00.25.54:572][973]LogOnlineSession: Warning: OSS: No game present to join for session (GameSession)
[2020.11.02-00.25.54:573][973]LogOnlineSession: Warning: OSS: No game present to join for session (GameSession)
[2020.11.02-00.25.54:600][973]LogTemp: Warning: Player Lost
[2020.11.02-00.25.54:600][973]LogTemp: Warning: Player Lost
[2020.11.02-00.25.54:600][973]LogTemp: Warning: Player Lost
[2020.11.02-00.25.54:600][973]LogTemp: Warning: Player Lost
[2020.11.02-00.25.54:600][973]LogTemp: Warning: Player Lost
[2020.11.02-00.25.54:600][973]LogTemp: Warning: Player Lost
[2020.11.02-00.25.54:848][974]LogTemp: Warning: Player Lost
[2020.11.02-00.25.54:849][974]LogTemp: Warning: Player Lost
[2020.11.02-00.25.54:849][974]LogTemp: Warning: Player Lost
[2020.11.02-00.25.54:850][974]LogTemp: Warning: Player Lost
[2020.11.02-00.25.54:850][974]LogTemp: Warning: Player Lost
[2020.11.02-00.25.54:850][974]LogTemp: Warning: Player Lost
[2020.11.02-00.28.10:804][974]LogWindows: Error: === Critical error: ===
[2020.11.02-00.28.10:804][974]LogWindows: Error: 
[2020.11.02-00.28.10:804][974]LogWindows: Error: Fatal error!
[2020.11.02-00.28.10:804][974]LogWindows: Error: 
[2020.11.02-00.28.10:804][974]LogWindows: Error: Unhandled Exception: EXCEPTION_ACCESS_VIOLATION reading address 0x00000097
[2020.11.02-00.28.10:804][974]LogWindows: Error: 
[2020.11.02-00.28.10:804][974]LogWindows: Error: [Callstack] 0x00007ffb158f627a UE4Editor-AdvGamesProgramming-0003.dll!USpawnerComponent::StartSpawn() [C:\Users\Pog\Documents\School\Year 4\Sem 2\AdvancedGames\Assignment 2\Git\AdvGamesProgramming\GameFiles\Source\AdvGamesProgramming\SpawnerComponent.cpp:48]
[2020.11.02-00.28.10:804][974]LogWindows: Error: [Callstack] 0x00007ffb158f6d9e UE4Editor-AdvGamesProgramming-0003.dll!ASpawnerManager::TrySpawn() [C:\Users\Pog\Documents\School\Year 4\Sem 2\AdvancedGames\Assignment 2\Git\AdvGamesProgramming\GameFiles\Source\AdvGamesProgramming\SpawnerManager.cpp:53]
[2020.11.02-00.28.10:804][974]LogWindows: Error: [Callstack] 0x00007ffb295b1019 UE4Editor-Engine.dll!UnknownFunction []
[2020.11.02-00.28.10:804][974]LogWindows: Error: [Callstack] 0x00007ffb295e3bbd UE4Editor-Engine.dll!UnknownFunction []
[2020.11.02-00.28.10:804][974]LogWindows: Error: [Callstack] 0x00007ffb28d66839 UE4Editor-Engine.dll!UnknownFunction []
[2020.11.02-00.28.10:804][974]LogWindows: Error: [Callstack] 0x00007ffb25c7ad60 UE4Editor-UnrealEd.dll!UnknownFunction []
[2020.11.02-00.28.10:804][974]LogWindows: Error: [Callstack] 0x00007ffb264de476 UE4Editor-UnrealEd.dll!UnknownFunction []
[2020.11.02-00.28.10:804][974]LogWindows: Error: [Callstack] 0x00007ff7b2127f62 UE4Editor.exe!UnknownFunction []
[2020.11.02-00.28.10:804][974]LogWindows: Error: [Callstack] 0x00007ff7b213c3ec UE4Editor.exe!UnknownFunction []
[2020.11.02-00.28.10:804][974]LogWindows: Error: [Callstack] 0x00007ff7b213c4ca UE4Editor.exe!UnknownFunction []
[2020.11.02-00.28.10:804][974]LogWindows: Error: [Callstack] 0x00007ff7b214ceae UE4Editor.exe!UnknownFunction []
[2020.11.02-00.28.10:804][974]LogWindows: Error: [Callstack] 0x00007ff7b214fcbe UE4Editor.exe!UnknownFunction []
[2020.11.02-00.28.10:804][974]LogWindows: Error: [Callstack] 0x00007ffbcac77bd4 KERNEL32.DLL!UnknownFunction []
[2020.11.02-00.28.10:804][974]LogWindows: Error: [Callstack] 0x00007ffbcb54ce51 ntdll.dll!UnknownFunction []
[2020.11.02-00.28.10:804][974]LogWindows: Error: 
[2020.11.02-00.28.10:836][974]LogExit: Executing StaticShutdownAfterError
[2020.11.02-00.28.10:861][974]LogWindows: FPlatformMisc::RequestExit(1)
[2020.11.02-00.28.10:861][974]LogCore: Engine exit requested (reason: Win RequestExit)
[2020.11.02-00.28.10:871][974]Log file closed, 11/02/20 11:28:10
